<?xml version="1.0" encoding="UTF-8"?>
<testsuite xmlns:xsi="http://www.w3.org/2001/XMLSchema-instance" xsi:noNamespaceSchemaLocation="https://maven.apache.org/surefire/maven-surefire-plugin/xsd/surefire-test-report.xsd" name="com.api.automation.postrequest.datadriven.TestDataDrivenRunner" time="0.218" tests="6" errors="0" skipped="0" failures="3">
  <properties>
    <property name="sun.desktop" value="windows"/>
    <property name="awt.toolkit" value="sun.awt.windows.WToolkit"/>
    <property name="java.specification.version" value="11"/>
    <property name="sun.cpu.isalist" value="amd64"/>
    <property name="sun.jnu.encoding" value="Cp1252"/>
    <property name="java.class.path" value="C:\Users\002WFY744\eclipse-workspace\karateframework\target\test-classes;C:\Users\002WFY744\eclipse-workspace\karateframework\target\classes;C:\Users\002WFY744\.m2\repository\com\intuit\karate\karate-junit5\1.1.0\karate-junit5-1.1.0.jar;C:\Users\002WFY744\.m2\repository\com\intuit\karate\karate-core\1.1.0\karate-core-1.1.0.jar;C:\Users\002WFY744\.m2\repository\org\graalvm\js\js-scriptengine\21.2.0\js-scriptengine-21.2.0.jar;C:\Users\002WFY744\.m2\repository\org\graalvm\sdk\graal-sdk\21.2.0\graal-sdk-21.2.0.jar;C:\Users\002WFY744\.m2\repository\org\graalvm\js\js\21.2.0\js-21.2.0.jar;C:\Users\002WFY744\.m2\repository\org\graalvm\regex\regex\21.2.0\regex-21.2.0.jar;C:\Users\002WFY744\.m2\repository\org\graalvm\truffle\truffle-api\21.2.0\truffle-api-21.2.0.jar;C:\Users\002WFY744\.m2\repository\com\ibm\icu\icu4j\69.1\icu4j-69.1.jar;C:\Users\002WFY744\.m2\repository\ch\qos\logback\logback-classic\1.2.3\logback-classic-1.2.3.jar;C:\Users\002WFY744\.m2\repository\ch\qos\logback\logback-core\1.2.3\logback-core-1.2.3.jar;C:\Users\002WFY744\.m2\repository\org\slf4j\slf4j-api\1.7.25\slf4j-api-1.7.25.jar;C:\Users\002WFY744\.m2\repository\org\slf4j\jcl-over-slf4j\1.7.25\jcl-over-slf4j-1.7.25.jar;C:\Users\002WFY744\.m2\repository\com\jayway\jsonpath\json-path\2.6.0\json-path-2.6.0.jar;C:\Users\002WFY744\.m2\repository\net\minidev\json-smart\2.4.7\json-smart-2.4.7.jar;C:\Users\002WFY744\.m2\repository\net\minidev\accessors-smart\2.4.7\accessors-smart-2.4.7.jar;C:\Users\002WFY744\.m2\repository\org\ow2\asm\asm\9.1\asm-9.1.jar;C:\Users\002WFY744\.m2\repository\info\cukes\cucumber-java\1.2.5\cucumber-java-1.2.5.jar;C:\Users\002WFY744\.m2\repository\info\cukes\cucumber-core\1.2.5\cucumber-core-1.2.5.jar;C:\Users\002WFY744\.m2\repository\org\yaml\snakeyaml\1.29\snakeyaml-1.29.jar;C:\Users\002WFY744\.m2\repository\de\siegmar\fastcsv\2.0.0\fastcsv-2.0.0.jar;C:\Users\002WFY744\.m2\repository\info\picocli\picocli\4.6.1\picocli-4.6.1.jar;C:\Users\002WFY744\.m2\repository\org\junit\jupiter\junit-jupiter-api\5.7.2\junit-jupiter-api-5.7.2.jar;C:\Users\002WFY744\.m2\repository\org\apiguardian\apiguardian-api\1.1.0\apiguardian-api-1.1.0.jar;C:\Users\002WFY744\.m2\repository\org\opentest4j\opentest4j\1.2.0\opentest4j-1.2.0.jar;C:\Users\002WFY744\.m2\repository\org\junit\platform\junit-platform-commons\1.7.2\junit-platform-commons-1.7.2.jar;C:\Users\002WFY744\.m2\repository\org\junit\jupiter\junit-jupiter-engine\5.7.2\junit-jupiter-engine-5.7.2.jar;C:\Users\002WFY744\.m2\repository\org\junit\platform\junit-platform-engine\1.7.2\junit-platform-engine-1.7.2.jar;C:\Users\002WFY744\.m2\repository\com\fasterxml\jackson\core\jackson-databind\2.13.1\jackson-databind-2.13.1.jar;C:\Users\002WFY744\.m2\repository\com\fasterxml\jackson\core\jackson-annotations\2.13.1\jackson-annotations-2.13.1.jar;C:\Users\002WFY744\.m2\repository\com\fasterxml\jackson\core\jackson-core\2.13.1\jackson-core-2.13.1.jar;"/>
    <property name="java.vm.vendor" value="Oracle Corporation"/>
    <property name="sun.arch.data.model" value="64"/>
    <property name="user.variant" value=""/>
    <property name="java.vendor.url" value="https://openjdk.java.net/"/>
    <property name="user.timezone" value="Asia/Calcutta"/>
    <property name="java.vm.specification.version" value="11"/>
    <property name="os.name" value="Windows 10"/>
    <property name="sun.java.launcher" value="SUN_STANDARD"/>
    <property name="user.country" value="IN"/>
    <property name="sun.boot.library.path" value="C:\Program Files\Java\jdk-11.0.13\bin"/>
    <property name="sun.java.command" value="C:\Users\002WFY~1\AppData\Local\Temp\surefire17218187707942020955\surefirebooter3401268694955544332.jar C:\Users\002WFY744\AppData\Local\Temp\surefire17218187707942020955 2022-01-20T01-09-38_066-jvmRun1 surefire3047812918952242244tmp surefire_013357649919426266408tmp"/>
    <property name="jdk.debug" value="release"/>
    <property name="surefire.test.class.path" value="C:\Users\002WFY744\eclipse-workspace\karateframework\target\test-classes;C:\Users\002WFY744\eclipse-workspace\karateframework\target\classes;C:\Users\002WFY744\.m2\repository\com\intuit\karate\karate-junit5\1.1.0\karate-junit5-1.1.0.jar;C:\Users\002WFY744\.m2\repository\com\intuit\karate\karate-core\1.1.0\karate-core-1.1.0.jar;C:\Users\002WFY744\.m2\repository\org\graalvm\js\js-scriptengine\21.2.0\js-scriptengine-21.2.0.jar;C:\Users\002WFY744\.m2\repository\org\graalvm\sdk\graal-sdk\21.2.0\graal-sdk-21.2.0.jar;C:\Users\002WFY744\.m2\repository\org\graalvm\js\js\21.2.0\js-21.2.0.jar;C:\Users\002WFY744\.m2\repository\org\graalvm\regex\regex\21.2.0\regex-21.2.0.jar;C:\Users\002WFY744\.m2\repository\org\graalvm\truffle\truffle-api\21.2.0\truffle-api-21.2.0.jar;C:\Users\002WFY744\.m2\repository\com\ibm\icu\icu4j\69.1\icu4j-69.1.jar;C:\Users\002WFY744\.m2\repository\ch\qos\logback\logback-classic\1.2.3\logback-classic-1.2.3.jar;C:\Users\002WFY744\.m2\repository\ch\qos\logback\logback-core\1.2.3\logback-core-1.2.3.jar;C:\Users\002WFY744\.m2\repository\org\slf4j\slf4j-api\1.7.25\slf4j-api-1.7.25.jar;C:\Users\002WFY744\.m2\repository\org\slf4j\jcl-over-slf4j\1.7.25\jcl-over-slf4j-1.7.25.jar;C:\Users\002WFY744\.m2\repository\com\jayway\jsonpath\json-path\2.6.0\json-path-2.6.0.jar;C:\Users\002WFY744\.m2\repository\net\minidev\json-smart\2.4.7\json-smart-2.4.7.jar;C:\Users\002WFY744\.m2\repository\net\minidev\accessors-smart\2.4.7\accessors-smart-2.4.7.jar;C:\Users\002WFY744\.m2\repository\org\ow2\asm\asm\9.1\asm-9.1.jar;C:\Users\002WFY744\.m2\repository\info\cukes\cucumber-java\1.2.5\cucumber-java-1.2.5.jar;C:\Users\002WFY744\.m2\repository\info\cukes\cucumber-core\1.2.5\cucumber-core-1.2.5.jar;C:\Users\002WFY744\.m2\repository\org\yaml\snakeyaml\1.29\snakeyaml-1.29.jar;C:\Users\002WFY744\.m2\repository\de\siegmar\fastcsv\2.0.0\fastcsv-2.0.0.jar;C:\Users\002WFY744\.m2\repository\info\picocli\picocli\4.6.1\picocli-4.6.1.jar;C:\Users\002WFY744\.m2\repository\org\junit\jupiter\junit-jupiter-api\5.7.2\junit-jupiter-api-5.7.2.jar;C:\Users\002WFY744\.m2\repository\org\apiguardian\apiguardian-api\1.1.0\apiguardian-api-1.1.0.jar;C:\Users\002WFY744\.m2\repository\org\opentest4j\opentest4j\1.2.0\opentest4j-1.2.0.jar;C:\Users\002WFY744\.m2\repository\org\junit\platform\junit-platform-commons\1.7.2\junit-platform-commons-1.7.2.jar;C:\Users\002WFY744\.m2\repository\org\junit\jupiter\junit-jupiter-engine\5.7.2\junit-jupiter-engine-5.7.2.jar;C:\Users\002WFY744\.m2\repository\org\junit\platform\junit-platform-engine\1.7.2\junit-platform-engine-1.7.2.jar;C:\Users\002WFY744\.m2\repository\com\fasterxml\jackson\core\jackson-databind\2.13.1\jackson-databind-2.13.1.jar;C:\Users\002WFY744\.m2\repository\com\fasterxml\jackson\core\jackson-annotations\2.13.1\jackson-annotations-2.13.1.jar;C:\Users\002WFY744\.m2\repository\com\fasterxml\jackson\core\jackson-core\2.13.1\jackson-core-2.13.1.jar;"/>
    <property name="sun.cpu.endian" value="little"/>
    <property name="user.home" value="C:\Users\002WFY744"/>
    <property name="user.language" value="en"/>
    <property name="java.specification.vendor" value="Oracle Corporation"/>
    <property name="java.version.date" value="2021-10-19"/>
    <property name="java.home" value="C:\Program Files\Java\jdk-11.0.13"/>
    <property name="file.separator" value="\"/>
    <property name="basedir" value="C:\Users\002WFY744\eclipse-workspace\karateframework"/>
    <property name="java.vm.compressedOopsMode" value="Zero based"/>
    <property name="line.separator" value="&#10;"/>
    <property name="java.specification.name" value="Java Platform API Specification"/>
    <property name="java.vm.specification.vendor" value="Oracle Corporation"/>
    <property name="java.awt.graphicsenv" value="sun.awt.Win32GraphicsEnvironment"/>
    <property name="surefire.real.class.path" value="C:\Users\002WFY~1\AppData\Local\Temp\surefire17218187707942020955\surefirebooter3401268694955544332.jar"/>
    <property name="user.script" value=""/>
    <property name="sun.management.compiler" value="HotSpot 64-Bit Tiered Compilers"/>
    <property name="java.runtime.version" value="11.0.13+10-LTS-370"/>
    <property name="user.name" value="002WFY744"/>
    <property name="path.separator" value=";"/>
    <property name="os.version" value="10.0"/>
    <property name="java.runtime.name" value="Java(TM) SE Runtime Environment"/>
    <property name="file.encoding" value="UTF-8"/>
    <property name="java.vm.name" value="Java HotSpot(TM) 64-Bit Server VM"/>
    <property name="java.vendor.version" value="18.9"/>
    <property name="localRepository" value="C:\Users\002WFY744\.m2\repository"/>
    <property name="java.vendor.url.bug" value="https://bugreport.java.com/bugreport/"/>
    <property name="java.io.tmpdir" value="C:\Users\002WFY~1\AppData\Local\Temp\"/>
    <property name="java.version" value="11.0.13"/>
    <property name="user.dir" value="C:\Users\002WFY744\eclipse-workspace\karateframework"/>
    <property name="os.arch" value="amd64"/>
    <property name="java.vm.specification.name" value="Java Virtual Machine Specification"/>
    <property name="java.awt.printerjob" value="sun.awt.windows.WPrinterJob"/>
    <property name="sun.os.patch.level" value=""/>
    <property name="java.library.path" value="C:\Program Files\Java\jdk-11.0.13\bin;C:\WINDOWS\Sun\Java\bin;C:\WINDOWS\system32;C:\WINDOWS;C:\Program Files\Common Files\Oracle\Java\javapath;C:\WINDOWS\system32;C:\WINDOWS;C:\WINDOWS\System32\Wbem;C:\WINDOWS\System32\WindowsPowerShell\v1.0\;C:\WINDOWS\System32\OpenSSH\;C:\Program Files\Java\jdk-11.0.13\bin;C:\Program Files\apache-maven-3.8.4-bin\apache-maven-3.8.4\bin;C:\Users\002WFY744\AppData\Local\Microsoft\WindowsApps;;."/>
    <property name="java.vendor" value="Oracle Corporation"/>
    <property name="java.vm.info" value="mixed mode"/>
    <property name="java.vm.version" value="11.0.13+10-LTS-370"/>
    <property name="sun.io.unicode.encoding" value="UnicodeLittle"/>
    <property name="java.class.version" value="55.0"/>
  </properties>
  <testcase name="runTest[1][1]" classname="com.api.automation.postrequest.datadriven.TestDataDrivenRunner" time="0.017"/>
  <testcase name="runTest[1][2]" classname="com.api.automation.postrequest.datadriven.TestDataDrivenRunner" time="0.013"/>
  <testcase name="runTest[1][3]" classname="com.api.automation.postrequest.datadriven.TestDataDrivenRunner" time="0.017"/>
  <testcase name="runTest[1][4]" classname="com.api.automation.postrequest.datadriven.TestDataDrivenRunner" time="0.021">
    <failure message="no step-definition method match found for: status &lt;status&gt;&#10;classpath:com/api/automation/postrequest/datadriven/postDataDriven.feature:28" type="org.opentest4j.AssertionFailedError"><![CDATA[org.opentest4j.AssertionFailedError: 
no step-definition method match found for: status <status>
classpath:com/api/automation/postrequest/datadriven/postDataDriven.feature:28
]]></failure>
    <system-out><![CDATA[01:09:50.111 [main] INFO  com.intuit.karate - karate.env system property was: null 
01:09:50.112 [main] DEBUG c.intuit.karate.core.ScenarioEngine - over-writing existing variable 'testdata' with new value: read("testData.csv")
01:09:50.119 [main] DEBUG com.intuit.karate - request:
1 > POST http://localhost:9897/normal/webapi/add
1 > Accept: application/json
1 > Content-Type: application/json; charset=UTF-8
1 > Content-Length: 212
1 > Host: localhost:9897
1 > Connection: Keep-Alive
1 > User-Agent: Apache-HttpClient/4.5.13 (Java/11.0.13)
1 > Accept-Encoding: gzip,deflate
{"jobId":"#(jobId)","jobTitle":"#(jobTitle)","jobDescription":"#(jobDescription)","experience":["Google","Apple","Mobile Iron"],"project":[{"projectName":"Movie App","technology":["Kotlin","SQL Lite","Gradle"]}]}

01:09:50.125 [main] DEBUG com.intuit.karate - response time in milliseconds: 5
1 < 400
1 < X-Content-Type-Options: nosniff
1 < X-XSS-Protection: 1; mode=block
1 < Cache-Control: no-cache, no-store, max-age=0, must-revalidate
1 < Pragma: no-cache
1 < Expires: 0
1 < X-Frame-Options: DENY
1 < Content-Type: application/json
1 < Transfer-Encoding: chunked
1 < Date: Wed, 19 Jan 2022 19:39:50 GMT
1 < Connection: close
{"timestamp":"2022-01-19T19:39:50.123+0000","status":400,"error":"Bad Request","message":"JSON parse error: Cannot deserialize value of type `int` from String \"#(jobId)\": not a valid Integer value; nested exception is com.fasterxml.jackson.databind.exc.InvalidFormatException: Cannot deserialize value of type `int` from String \"#(jobId)\": not a valid Integer value\n at [Source: (PushbackInputStream); line: 1, column: 10] (through reference chain: com.lab.jobportal.model.Job[\"jobId\"])","path":"/normal/webapi/add"}
01:09:50.126 [main] ERROR com.intuit.karate - classpath:com/api/automation/postrequest/datadriven/postDataDriven.feature:28
And status <status>
no step-definition method match found for: status <status>
classpath:com/api/automation/postrequest/datadriven/postDataDriven.feature:28
]]></system-out>
  </testcase>
  <testcase name="runTest[1][5]" classname="com.api.automation.postrequest.datadriven.TestDataDrivenRunner" time="0.018">
    <failure message="no step-definition method match found for: status &lt;status&gt;&#10;classpath:com/api/automation/postrequest/datadriven/postDataDriven.feature:28" type="org.opentest4j.AssertionFailedError"><![CDATA[org.opentest4j.AssertionFailedError: 
no step-definition method match found for: status <status>
classpath:com/api/automation/postrequest/datadriven/postDataDriven.feature:28
]]></failure>
    <system-out><![CDATA[01:09:50.130 [main] INFO  com.intuit.karate - karate.env system property was: null 
01:09:50.131 [main] DEBUG c.intuit.karate.core.ScenarioEngine - over-writing existing variable 'testdata' with new value: read("testData.csv")
01:09:50.135 [main] DEBUG com.intuit.karate - request:
1 > POST http://localhost:9897/normal/webapi/add
1 > Accept: application/json
1 > Content-Type: application/json; charset=UTF-8
1 > Content-Length: 212
1 > Host: localhost:9897
1 > Connection: Keep-Alive
1 > User-Agent: Apache-HttpClient/4.5.13 (Java/11.0.13)
1 > Accept-Encoding: gzip,deflate
{"jobId":"#(jobId)","jobTitle":"#(jobTitle)","jobDescription":"#(jobDescription)","experience":["Google","Apple","Mobile Iron"],"project":[{"projectName":"Movie App","technology":["Kotlin","SQL Lite","Gradle"]}]}

01:09:50.141 [main] DEBUG com.intuit.karate - response time in milliseconds: 6
1 < 400
1 < X-Content-Type-Options: nosniff
1 < X-XSS-Protection: 1; mode=block
1 < Cache-Control: no-cache, no-store, max-age=0, must-revalidate
1 < Pragma: no-cache
1 < Expires: 0
1 < X-Frame-Options: DENY
1 < Content-Type: application/json
1 < Transfer-Encoding: chunked
1 < Date: Wed, 19 Jan 2022 19:39:50 GMT
1 < Connection: close
{"timestamp":"2022-01-19T19:39:50.140+0000","status":400,"error":"Bad Request","message":"JSON parse error: Cannot deserialize value of type `int` from String \"#(jobId)\": not a valid Integer value; nested exception is com.fasterxml.jackson.databind.exc.InvalidFormatException: Cannot deserialize value of type `int` from String \"#(jobId)\": not a valid Integer value\n at [Source: (PushbackInputStream); line: 1, column: 10] (through reference chain: com.lab.jobportal.model.Job[\"jobId\"])","path":"/normal/webapi/add"}
01:09:50.142 [main] ERROR com.intuit.karate - classpath:com/api/automation/postrequest/datadriven/postDataDriven.feature:28
And status <status>
no step-definition method match found for: status <status>
classpath:com/api/automation/postrequest/datadriven/postDataDriven.feature:28
]]></system-out>
  </testcase>
  <testcase name="runTest[1][6]" classname="com.api.automation.postrequest.datadriven.TestDataDrivenRunner" time="0.118">
    <failure message="no step-definition method match found for: status &lt;status&gt;&#10;classpath:com/api/automation/postrequest/datadriven/postDataDriven.feature:28" type="org.opentest4j.AssertionFailedError"><![CDATA[org.opentest4j.AssertionFailedError: 
no step-definition method match found for: status <status>
classpath:com/api/automation/postrequest/datadriven/postDataDriven.feature:28
]]></failure>
    <system-out><![CDATA[01:09:50.146 [main] INFO  com.intuit.karate - karate.env system property was: null 
01:09:50.146 [main] DEBUG c.intuit.karate.core.ScenarioEngine - over-writing existing variable 'testdata' with new value: read("testData.csv")
01:09:50.151 [main] DEBUG com.intuit.karate - request:
1 > POST http://localhost:9897/normal/webapi/add
1 > Accept: application/json
1 > Content-Type: application/json; charset=UTF-8
1 > Content-Length: 212
1 > Host: localhost:9897
1 > Connection: Keep-Alive
1 > User-Agent: Apache-HttpClient/4.5.13 (Java/11.0.13)
1 > Accept-Encoding: gzip,deflate
{"jobId":"#(jobId)","jobTitle":"#(jobTitle)","jobDescription":"#(jobDescription)","experience":["Google","Apple","Mobile Iron"],"project":[{"projectName":"Movie App","technology":["Kotlin","SQL Lite","Gradle"]}]}

01:09:50.156 [main] DEBUG com.intuit.karate - response time in milliseconds: 5
1 < 400
1 < X-Content-Type-Options: nosniff
1 < X-XSS-Protection: 1; mode=block
1 < Cache-Control: no-cache, no-store, max-age=0, must-revalidate
1 < Pragma: no-cache
1 < Expires: 0
1 < X-Frame-Options: DENY
1 < Content-Type: application/json
1 < Transfer-Encoding: chunked
1 < Date: Wed, 19 Jan 2022 19:39:50 GMT
1 < Connection: close
{"timestamp":"2022-01-19T19:39:50.154+0000","status":400,"error":"Bad Request","message":"JSON parse error: Cannot deserialize value of type `int` from String \"#(jobId)\": not a valid Integer value; nested exception is com.fasterxml.jackson.databind.exc.InvalidFormatException: Cannot deserialize value of type `int` from String \"#(jobId)\": not a valid Integer value\n at [Source: (PushbackInputStream); line: 1, column: 10] (through reference chain: com.lab.jobportal.model.Job[\"jobId\"])","path":"/normal/webapi/add"}
01:09:50.157 [main] ERROR com.intuit.karate - classpath:com/api/automation/postrequest/datadriven/postDataDriven.feature:28
And status <status>
no step-definition method match found for: status <status>
classpath:com/api/automation/postrequest/datadriven/postDataDriven.feature:28
---------------------------------------------------------
feature: classpath:com/api/automation/postrequest/datadriven/postDataDriven.feature
scenarios:  6 | passed:  3 | failed:  3 | time: 0.0654
---------------------------------------------------------

Karate version: 1.1.0
======================================================
elapsed:   0.17 | threads:    1 | thread time: 0.07 
features:     1 | skipped:    0 | efficiency: 0.37
scenarios:    6 | passed:     3 | failed: 3
======================================================
>>> failed features:
no step-definition method match found for: status <status>
classpath:com/api/automation/postrequest/datadriven/postDataDriven.feature:28
no step-definition method match found for: status <status>
classpath:com/api/automation/postrequest/datadriven/postDataDriven.feature:28
no step-definition method match found for: status <status>
classpath:com/api/automation/postrequest/datadriven/postDataDriven.feature:28
<<<

HTML report: (paste into browser to view) | Karate version: 1.1.0
file:///C:/Users/002WFY744/eclipse-workspace/karateframework/target/karate-reports/karate-summary.html
===================================================================

]]></system-out>
  </testcase>
</testsuite>