<?xml version="1.0" encoding="UTF-8"?>
<testsuite xmlns:xsi="http://www.w3.org/2001/XMLSchema-instance" xsi:noNamespaceSchemaLocation="https://maven.apache.org/surefire/maven-surefire-plugin/xsd/surefire-test-report.xsd" name="com.api.automation.ParallelBuilder" time="6.893" tests="1" errors="0" skipped="0" failures="1">
  <properties>
    <property name="sun.desktop" value="windows"/>
    <property name="awt.toolkit" value="sun.awt.windows.WToolkit"/>
    <property name="java.specification.version" value="11"/>
    <property name="sun.cpu.isalist" value="amd64"/>
    <property name="sun.jnu.encoding" value="Cp1252"/>
    <property name="java.class.path" value="C:\Users\002WFY744\eclipse-workspace\karateframework\target\test-classes;C:\Users\002WFY744\eclipse-workspace\karateframework\target\classes;C:\Users\002WFY744\.m2\repository\com\intuit\karate\karate-junit5\1.1.0\karate-junit5-1.1.0.jar;C:\Users\002WFY744\.m2\repository\com\intuit\karate\karate-core\1.1.0\karate-core-1.1.0.jar;C:\Users\002WFY744\.m2\repository\org\graalvm\js\js-scriptengine\21.2.0\js-scriptengine-21.2.0.jar;C:\Users\002WFY744\.m2\repository\org\graalvm\sdk\graal-sdk\21.2.0\graal-sdk-21.2.0.jar;C:\Users\002WFY744\.m2\repository\org\graalvm\js\js\21.2.0\js-21.2.0.jar;C:\Users\002WFY744\.m2\repository\org\graalvm\regex\regex\21.2.0\regex-21.2.0.jar;C:\Users\002WFY744\.m2\repository\org\graalvm\truffle\truffle-api\21.2.0\truffle-api-21.2.0.jar;C:\Users\002WFY744\.m2\repository\com\ibm\icu\icu4j\69.1\icu4j-69.1.jar;C:\Users\002WFY744\.m2\repository\ch\qos\logback\logback-classic\1.2.3\logback-classic-1.2.3.jar;C:\Users\002WFY744\.m2\repository\ch\qos\logback\logback-core\1.2.3\logback-core-1.2.3.jar;C:\Users\002WFY744\.m2\repository\org\slf4j\slf4j-api\1.7.25\slf4j-api-1.7.25.jar;C:\Users\002WFY744\.m2\repository\org\slf4j\jcl-over-slf4j\1.7.25\jcl-over-slf4j-1.7.25.jar;C:\Users\002WFY744\.m2\repository\com\jayway\jsonpath\json-path\2.6.0\json-path-2.6.0.jar;C:\Users\002WFY744\.m2\repository\net\minidev\json-smart\2.4.7\json-smart-2.4.7.jar;C:\Users\002WFY744\.m2\repository\net\minidev\accessors-smart\2.4.7\accessors-smart-2.4.7.jar;C:\Users\002WFY744\.m2\repository\org\ow2\asm\asm\9.1\asm-9.1.jar;C:\Users\002WFY744\.m2\repository\info\cukes\cucumber-java\1.2.5\cucumber-java-1.2.5.jar;C:\Users\002WFY744\.m2\repository\info\cukes\cucumber-core\1.2.5\cucumber-core-1.2.5.jar;C:\Users\002WFY744\.m2\repository\org\yaml\snakeyaml\1.29\snakeyaml-1.29.jar;C:\Users\002WFY744\.m2\repository\de\siegmar\fastcsv\2.0.0\fastcsv-2.0.0.jar;C:\Users\002WFY744\.m2\repository\info\picocli\picocli\4.6.1\picocli-4.6.1.jar;C:\Users\002WFY744\.m2\repository\org\junit\jupiter\junit-jupiter-api\5.7.2\junit-jupiter-api-5.7.2.jar;C:\Users\002WFY744\.m2\repository\org\apiguardian\apiguardian-api\1.1.0\apiguardian-api-1.1.0.jar;C:\Users\002WFY744\.m2\repository\org\opentest4j\opentest4j\1.2.0\opentest4j-1.2.0.jar;C:\Users\002WFY744\.m2\repository\org\junit\platform\junit-platform-commons\1.7.2\junit-platform-commons-1.7.2.jar;C:\Users\002WFY744\.m2\repository\org\junit\jupiter\junit-jupiter-engine\5.7.2\junit-jupiter-engine-5.7.2.jar;C:\Users\002WFY744\.m2\repository\org\junit\platform\junit-platform-engine\1.7.2\junit-platform-engine-1.7.2.jar;C:\Users\002WFY744\.m2\repository\com\fasterxml\jackson\core\jackson-databind\2.13.1\jackson-databind-2.13.1.jar;C:\Users\002WFY744\.m2\repository\com\fasterxml\jackson\core\jackson-annotations\2.13.1\jackson-annotations-2.13.1.jar;C:\Users\002WFY744\.m2\repository\com\fasterxml\jackson\core\jackson-core\2.13.1\jackson-core-2.13.1.jar;"/>
    <property name="java.vm.vendor" value="Oracle Corporation"/>
    <property name="sun.arch.data.model" value="64"/>
    <property name="user.variant" value=""/>
    <property name="java.vendor.url" value="https://openjdk.java.net/"/>
    <property name="user.timezone" value="Asia/Calcutta"/>
    <property name="java.vm.specification.version" value="11"/>
    <property name="os.name" value="Windows 10"/>
    <property name="sun.java.launcher" value="SUN_STANDARD"/>
    <property name="user.country" value="IN"/>
    <property name="sun.boot.library.path" value="C:\Program Files\Java\jdk-11.0.13\bin"/>
    <property name="sun.java.command" value="C:\Users\002WFY~1\AppData\Local\Temp\surefire14279582531916689365\surefirebooter10891090918462861107.jar C:\Users\002WFY744\AppData\Local\Temp\surefire14279582531916689365 2022-01-20T01-15-24_355-jvmRun1 surefire2817220331325320449tmp surefire_011007639280398443126tmp"/>
    <property name="jdk.debug" value="release"/>
    <property name="surefire.test.class.path" value="C:\Users\002WFY744\eclipse-workspace\karateframework\target\test-classes;C:\Users\002WFY744\eclipse-workspace\karateframework\target\classes;C:\Users\002WFY744\.m2\repository\com\intuit\karate\karate-junit5\1.1.0\karate-junit5-1.1.0.jar;C:\Users\002WFY744\.m2\repository\com\intuit\karate\karate-core\1.1.0\karate-core-1.1.0.jar;C:\Users\002WFY744\.m2\repository\org\graalvm\js\js-scriptengine\21.2.0\js-scriptengine-21.2.0.jar;C:\Users\002WFY744\.m2\repository\org\graalvm\sdk\graal-sdk\21.2.0\graal-sdk-21.2.0.jar;C:\Users\002WFY744\.m2\repository\org\graalvm\js\js\21.2.0\js-21.2.0.jar;C:\Users\002WFY744\.m2\repository\org\graalvm\regex\regex\21.2.0\regex-21.2.0.jar;C:\Users\002WFY744\.m2\repository\org\graalvm\truffle\truffle-api\21.2.0\truffle-api-21.2.0.jar;C:\Users\002WFY744\.m2\repository\com\ibm\icu\icu4j\69.1\icu4j-69.1.jar;C:\Users\002WFY744\.m2\repository\ch\qos\logback\logback-classic\1.2.3\logback-classic-1.2.3.jar;C:\Users\002WFY744\.m2\repository\ch\qos\logback\logback-core\1.2.3\logback-core-1.2.3.jar;C:\Users\002WFY744\.m2\repository\org\slf4j\slf4j-api\1.7.25\slf4j-api-1.7.25.jar;C:\Users\002WFY744\.m2\repository\org\slf4j\jcl-over-slf4j\1.7.25\jcl-over-slf4j-1.7.25.jar;C:\Users\002WFY744\.m2\repository\com\jayway\jsonpath\json-path\2.6.0\json-path-2.6.0.jar;C:\Users\002WFY744\.m2\repository\net\minidev\json-smart\2.4.7\json-smart-2.4.7.jar;C:\Users\002WFY744\.m2\repository\net\minidev\accessors-smart\2.4.7\accessors-smart-2.4.7.jar;C:\Users\002WFY744\.m2\repository\org\ow2\asm\asm\9.1\asm-9.1.jar;C:\Users\002WFY744\.m2\repository\info\cukes\cucumber-java\1.2.5\cucumber-java-1.2.5.jar;C:\Users\002WFY744\.m2\repository\info\cukes\cucumber-core\1.2.5\cucumber-core-1.2.5.jar;C:\Users\002WFY744\.m2\repository\org\yaml\snakeyaml\1.29\snakeyaml-1.29.jar;C:\Users\002WFY744\.m2\repository\de\siegmar\fastcsv\2.0.0\fastcsv-2.0.0.jar;C:\Users\002WFY744\.m2\repository\info\picocli\picocli\4.6.1\picocli-4.6.1.jar;C:\Users\002WFY744\.m2\repository\org\junit\jupiter\junit-jupiter-api\5.7.2\junit-jupiter-api-5.7.2.jar;C:\Users\002WFY744\.m2\repository\org\apiguardian\apiguardian-api\1.1.0\apiguardian-api-1.1.0.jar;C:\Users\002WFY744\.m2\repository\org\opentest4j\opentest4j\1.2.0\opentest4j-1.2.0.jar;C:\Users\002WFY744\.m2\repository\org\junit\platform\junit-platform-commons\1.7.2\junit-platform-commons-1.7.2.jar;C:\Users\002WFY744\.m2\repository\org\junit\jupiter\junit-jupiter-engine\5.7.2\junit-jupiter-engine-5.7.2.jar;C:\Users\002WFY744\.m2\repository\org\junit\platform\junit-platform-engine\1.7.2\junit-platform-engine-1.7.2.jar;C:\Users\002WFY744\.m2\repository\com\fasterxml\jackson\core\jackson-databind\2.13.1\jackson-databind-2.13.1.jar;C:\Users\002WFY744\.m2\repository\com\fasterxml\jackson\core\jackson-annotations\2.13.1\jackson-annotations-2.13.1.jar;C:\Users\002WFY744\.m2\repository\com\fasterxml\jackson\core\jackson-core\2.13.1\jackson-core-2.13.1.jar;"/>
    <property name="sun.cpu.endian" value="little"/>
    <property name="user.home" value="C:\Users\002WFY744"/>
    <property name="user.language" value="en"/>
    <property name="java.specification.vendor" value="Oracle Corporation"/>
    <property name="java.version.date" value="2021-10-19"/>
    <property name="java.home" value="C:\Program Files\Java\jdk-11.0.13"/>
    <property name="file.separator" value="\"/>
    <property name="basedir" value="C:\Users\002WFY744\eclipse-workspace\karateframework"/>
    <property name="java.vm.compressedOopsMode" value="Zero based"/>
    <property name="line.separator" value="&#10;"/>
    <property name="java.specification.name" value="Java Platform API Specification"/>
    <property name="java.vm.specification.vendor" value="Oracle Corporation"/>
    <property name="java.awt.graphicsenv" value="sun.awt.Win32GraphicsEnvironment"/>
    <property name="surefire.real.class.path" value="C:\Users\002WFY~1\AppData\Local\Temp\surefire14279582531916689365\surefirebooter10891090918462861107.jar"/>
    <property name="user.script" value=""/>
    <property name="sun.management.compiler" value="HotSpot 64-Bit Tiered Compilers"/>
    <property name="java.runtime.version" value="11.0.13+10-LTS-370"/>
    <property name="user.name" value="002WFY744"/>
    <property name="path.separator" value=";"/>
    <property name="os.version" value="10.0"/>
    <property name="java.runtime.name" value="Java(TM) SE Runtime Environment"/>
    <property name="file.encoding" value="UTF-8"/>
    <property name="java.vm.name" value="Java HotSpot(TM) 64-Bit Server VM"/>
    <property name="java.vendor.version" value="18.9"/>
    <property name="localRepository" value="C:\Users\002WFY744\.m2\repository"/>
    <property name="java.vendor.url.bug" value="https://bugreport.java.com/bugreport/"/>
    <property name="java.io.tmpdir" value="C:\Users\002WFY~1\AppData\Local\Temp\"/>
    <property name="java.version" value="11.0.13"/>
    <property name="user.dir" value="C:\Users\002WFY744\eclipse-workspace\karateframework"/>
    <property name="os.arch" value="amd64"/>
    <property name="java.vm.specification.name" value="Java Virtual Machine Specification"/>
    <property name="java.awt.printerjob" value="sun.awt.windows.WPrinterJob"/>
    <property name="sun.os.patch.level" value=""/>
    <property name="java.library.path" value="C:\Program Files\Java\jdk-11.0.13\bin;C:\WINDOWS\Sun\Java\bin;C:\WINDOWS\system32;C:\WINDOWS;C:\Program Files\Common Files\Oracle\Java\javapath;C:\WINDOWS\system32;C:\WINDOWS;C:\WINDOWS\System32\Wbem;C:\WINDOWS\System32\WindowsPowerShell\v1.0\;C:\WINDOWS\System32\OpenSSH\;C:\Program Files\Java\jdk-11.0.13\bin;C:\Program Files\apache-maven-3.8.4-bin\apache-maven-3.8.4\bin;C:\Users\002WFY744\AppData\Local\Microsoft\WindowsApps;;."/>
    <property name="java.vendor" value="Oracle Corporation"/>
    <property name="java.vm.info" value="mixed mode"/>
    <property name="java.vm.version" value="11.0.13+10-LTS-370"/>
    <property name="sun.io.unicode.encoding" value="UnicodeLittle"/>
    <property name="java.class.version" value="55.0"/>
  </properties>
  <testcase name="executeKarateTest" classname="com.api.automation.ParallelBuilder" time="6.883">
    <failure message="expected: &lt;0&gt; but was: &lt;12&gt;" type="org.opentest4j.AssertionFailedError"><![CDATA[org.opentest4j.AssertionFailedError: expected: <0> but was: <12>
	at com.api.automation.ParallelBuilder.executeKarateTest(ParallelBuilder.java:21)
]]></failure>
    <system-out><![CDATA[01:15:26.248 [main] DEBUG com.intuit.karate.Suite - [config] classpath:karate-config.js
01:15:26.257 [main] INFO  com.intuit.karate.Suite - backed up existing 'target\karate-reports' dir to: target\karate-reports_1642621526256
01:15:26.270 [main] DEBUG com.intuit.karate.Suite - waiting for 25 features to complete
01:15:27.461 [pool-1-thread-1] INFO  com.intuit.karate - karate.env system property was: null 
01:15:27.461 [pool-1-thread-2] INFO  com.intuit.karate - karate.env system property was: null 
01:15:27.461 [pool-1-thread-4] INFO  com.intuit.karate - karate.env system property was: null 
01:15:27.461 [pool-2-thread-1] INFO  com.intuit.karate - karate.env system property was: null 
01:15:27.461 [pool-1-thread-5] INFO  com.intuit.karate - karate.env system property was: null 
01:15:27.461 [pool-1-thread-3] INFO  com.intuit.karate - karate.env system property was: null 
01:15:27.511 [pool-1-thread-5] INFO  com.intuit.karate - [print] this is background keyword 
01:15:27.538 [pool-1-thread-2] ERROR com.intuit.karate - classpath:com/api/automation/createJobEntryWithVariables.feature:5
Given url _url
js failed:
>>>>
01: _url
<<<<
org.graalvm.polyglot.PolyglotException: ReferenceError: "_url" is not defined
- <js>.:program(Unnamed:1)

classpath:com/api/automation/createJobEntryWithVariables.feature:5
01:15:27.552 [pool-1-thread-2] INFO  com.intuit.karate - karate.env system property was: null 
01:15:27.556 [pool-1-thread-2] INFO  com.intuit.karate - [print] this is background keyword 
01:15:27.622 [pool-1-thread-3] INFO  com.intuit.karate - [print] Helper ==> http://localhost:9897 
01:15:27.623 [pool-1-thread-4] INFO  com.intuit.karate - [print] Helper ==> http://localhost:9897 
01:15:27.623 [pool-1-thread-3] INFO  com.intuit.karate - [print] Helper ==> /normal/webapi/add 
01:15:27.624 [pool-1-thread-4] INFO  com.intuit.karate - [print] Helper ==> /normal/webapi/add 
01:15:27.624 [pool-1-thread-3] INFO  com.intuit.karate - [print] Helper ==> 54 
01:15:27.626 [pool-1-thread-4] INFO  com.intuit.karate - [print] Helper ==> 77 
01:15:28.033 [pool-1-thread-2] DEBUG com.intuit.karate - request:
1 > GET http://localhost:9897/normal/webapi/all
1 > Accept: application/xml
1 > Host: localhost:9897
1 > Connection: Keep-Alive
1 > User-Agent: Apache-HttpClient/4.5.13 (Java/11.0.13)
1 > Accept-Encoding: gzip,deflate


01:15:28.033 [pool-1-thread-5] DEBUG com.intuit.karate - request:
1 > GET http://localhost:9897/normal/webapi/all
1 > Accept: application/json
1 > Host: localhost:9897
1 > Connection: Keep-Alive
1 > User-Agent: Apache-HttpClient/4.5.13 (Java/11.0.13)
1 > Accept-Encoding: gzip,deflate


01:15:28.033 [pool-1-thread-1] DEBUG com.intuit.karate - request:
1 > POST http://localhost:9897/normal/webapi/add
1 > Accept: application/json
1 > Content-Type: application/json; charset=UTF-8
1 > Content-Length: 221
1 > Host: localhost:9897
1 > Connection: Keep-Alive
1 > User-Agent: Apache-HttpClient/4.5.13 (Java/11.0.13)
1 > Accept-Encoding: gzip,deflate
{"jobId":26,"jobTitle":"Software Engg-2","jobDescription":"To develop andriod application","experience":["Google","Apple","Mobile Iron"],"project":[{"projectName":"Movie App","technology":["Kotlin","SQL Lite","Gradle"]}]}

01:15:28.033 [pool-1-thread-4] DEBUG com.intuit.karate - request:
1 > POST http://localhost:9897/normal/webapi/add
1 > Accept: application/json
1 > Content-Type: application/json; charset=UTF-8
1 > Content-Length: 221
1 > Host: localhost:9897
1 > Connection: Keep-Alive
1 > User-Agent: Apache-HttpClient/4.5.13 (Java/11.0.13)
1 > Accept-Encoding: gzip,deflate
{"jobId":77,"jobTitle":"Software Engg-2","jobDescription":"To develop andriod application","experience":["Google","Apple","Mobile Iron"],"project":[{"projectName":"Movie App","technology":["Kotlin","SQL Lite","Gradle"]}]}

01:15:28.033 [pool-1-thread-3] DEBUG com.intuit.karate - request:
1 > POST http://localhost:9897/normal/webapi/add
1 > Accept: application/json
1 > Content-Type: application/json; charset=UTF-8
1 > Content-Length: 221
1 > Host: localhost:9897
1 > Connection: Keep-Alive
1 > User-Agent: Apache-HttpClient/4.5.13 (Java/11.0.13)
1 > Accept-Encoding: gzip,deflate
{"jobId":54,"jobTitle":"Software Engg-2","jobDescription":"To develop andriod application","experience":["Google","Apple","Mobile Iron"],"project":[{"projectName":"Movie App","technology":["Kotlin","SQL Lite","Gradle"]}]}

01:15:28.081 [pool-1-thread-3] DEBUG com.intuit.karate - response time in milliseconds: 42
1 < 201
1 < X-Content-Type-Options: nosniff
1 < X-XSS-Protection: 1; mode=block
1 < Cache-Control: no-cache, no-store, max-age=0, must-revalidate
1 < Pragma: no-cache
1 < Expires: 0
1 < X-Frame-Options: DENY
1 < Content-Type: application/json
1 < Transfer-Encoding: chunked
1 < Date: Wed, 19 Jan 2022 19:45:28 GMT
1 < Keep-Alive: timeout=60
1 < Connection: keep-alive
{"jobId":54,"jobTitle":"Software Engg-2","jobDescription":"To develop andriod application","experience":["Google","Apple","Mobile Iron"],"project":[{"projectName":"Movie App","technology":["Kotlin","SQL Lite","Gradle"]}]}
01:15:28.081 [pool-1-thread-2] DEBUG com.intuit.karate - response time in milliseconds: 44
1 < 200
1 < X-Content-Type-Options: nosniff
1 < X-XSS-Protection: 1; mode=block
1 < Cache-Control: no-cache, no-store, max-age=0, must-revalidate
1 < Pragma: no-cache
1 < Expires: 0
1 < X-Frame-Options: DENY
1 < Content-Type: application/xml
1 < Transfer-Encoding: chunked
1 < Date: Wed, 19 Jan 2022 19:45:28 GMT
1 < Keep-Alive: timeout=60
1 < Connection: keep-alive
<List><item><jobId>1</jobId><jobTitle>Software Engg</jobTitle><jobDescription>To develop andriod application</jobDescription><experience><experience>Google</experience><experience>Apple</experience><experience>Mobile Iron</experience></experience><project><project><projectName>Movie App</projectName><technology><technology>Kotlin</technology><technology>SQL Lite</technology><technology>Gradle</technology></technology></project></project></item><item><jobId>68</jobId><jobTitle>Software Engg-2</jobTitle><jobDescription>To develop android application and web application</jobDescription><experience><experience>Google</experience><experience>Apple</experience><experience>Mobile Iron</experience></experience><project><project><projectName>Movie App</projectName><technology><technology>Kotlin</technology><technology>SQL Lite</technology><technology>Gradle</technology><technology>Jenkins</technology></technology></project><project><projectName>Movie App</projectName><technology><technology>Kotlin</technology><technology>SQL Lite</technology><technology>Gradle</technology><technology>Jenkins</technology></technology></project></project></item><item><jobId>34</jobId><jobTitle>Software Engg-3</jobTitle><jobDescription>To develop andriod application and web application</jobDescription><experience><experience>Google</experience><experience>Apple</experience><experience>Mobile Iron</experience></experience><project><project><projectName>Movie App</projectName><technology><technology>Kotlin</technology><technology>SQL Lite</technology><technology>Gradle</technology><technology>Jenkins</technology></technology></project><project><projectName>Movie App</projectName><technology><technology>Kotlin</technology><technology>SQL Lite</technology><technology>Gradle</technology><technology>Jenkins</technology></technology></project></project></item><item><jobId>41</jobId><jobTitle>Software Engg-2</jobTitle><jobDescription>To develop android application and web application</jobDescription><experience><experience>Google</experience><experience>Apple</experience><experience>Mobile Iron</experience></experience><project><project><projectName>Movie App</projectName><technology><technology>Kotlin</technology><technology>SQL Lite</technology><technology>Gradle</technology><technology>Jenkins</technology></technology></project><project><projectName>Movie App</projectName><technology><technology>Kotlin</technology><technology>SQL Lite</technology><technology>Gradle</technology><technology>Jenkins</technology></technology></project></project></item><item><jobId>12</jobId><jobTitle>Software Engg-2</jobTitle><jobDescription>To develop andriod application</jobDescription><experience><experience>Google</experience><experience>Apple</experience><experience>Mobile Iron</experience></experience><project><project><projectName>Movie App</projectName><technology><technology>Kotlin</technology><technology>SQL Lite</technology><technology>Gradle</technology></technology></project></project></item><item><jobId>73</jobId><jobTitle>Software Engg-3</jobTitle><jobDescription>To develop andriod application and web application</jobDescription><experience><experience>Google</experience><experience>Apple</experience><experience>Mobile Iron</experience></experience><project><project><projectName>Movie App</projectName><technology><technology>Kotlin</technology><technology>SQL Lite</technology><technology>Gradle</technology><technology>Jenkins</technology></technology></project><project><projectName>Movie App</projectName><technology><technology>Kotlin</technology><technology>SQL Lite</technology><technology>Gradle</technology><technology>Jenkins</technology></technology></project></project></item><item><jobId>99999</jobId><jobTitle>Software Engg-2</jobTitle><jobDescription>To develop andriod application</jobDescription><experience><experience>Google</experience><experience>Apple</experience><experience>Mobile Iron</experience></experience><project><project><projectName>Movie App</projectName><technology><technology>Kotlin</technology><technology>SQL Lite</technology><technology>Gradle</technology></technology></project></project></item><item><jobId>38</jobId><jobTitle>Software Engg-3</jobTitle><jobDescription>To develop andriod application and web application</jobDescription><experience><experience>Google</experience><experience>Apple</experience><experience>Mobile Iron</experience></experience><project><project><projectName>Movie App</projectName><technology><technology>Kotlin</technology><technology>SQL Lite</technology><technology>Gradle</technology><technology>Jenkins</technology></technology></project><project><projectName>Movie App</projectName><technology><technology>Kotlin</technology><technology>SQL Lite</technology><technology>Gradle</technology><technology>Jenkins</technology></technology></project></project></item><item><jobId>96</jobId><jobTitle>Software Engg-3</jobTitle><jobDescription>To develop andriod application and web application</jobDescription><experience><experience>Google</experience><experience>Apple</experience><experience>Mobile Iron</experience></experience><project><project><projectName>Movie App</projectName><technology><technology>Kotlin</technology><technology>SQL Lite</technology><technology>Gradle</technology><technology>Jenkins</technology></technology></project><project><projectName>Movie App</projectName><technology><technology>Kotlin</technology><technology>SQL Lite</technology><technology>Gradle</technology><technology>Jenkins</technology></technology></project></project></item><item><jobId>48</jobId><jobTitle>Software Engg-2</jobTitle><jobDescription>To develop andriod application</jobDescription><experience><experience>Google</experience><experience>Apple</experience><experience>Mobile Iron</experience></experience><project><project><projectName>Movie App</projectName><technology><technology>Kotlin</technology><technology>SQL Lite</technology><technology>Gradle</technology></technology></project></project></item><item><jobId>6</jobId><jobTitle>Software Engg-3</jobTitle><jobDescription>To develop andriod application and web application</jobDescription><experience><experience>Google</experience><experience>Apple</experience><experience>Mobile Iron</experience></experience><project><project><projectName>Movie App</projectName><technology><technology>Kotlin</technology><technology>SQL Lite</technology><technology>Gradle</technology><technology>Jenkins</technology></technology></project><project><projectName>Movie App</projectName><technology><technology>Kotlin</technology><technology>SQL Lite</technology><technology>Gradle</technology><technology>Jenkins</technology></technology></project></project></item><item><jobId>88</jobId><jobTitle>Software Engg-2</jobTitle><jobDescription>To develop android application and web application</jobDescription><experience><experience>Google</experience><experience>Apple</experience><experience>Mobile Iron</experience></experience><project><project><projectName>Movie App</projectName><technology><technology>Kotlin</technology><technology>SQL Lite</technology><technology>Gradle</technology></technology></project></project></item><item><jobId>9</jobId><jobTitle>Software Engg-3</jobTitle><jobDescription>To develop andriod application and web application</jobDescription><experience><experience>Google</experience><experience>Apple</experience><experience>Mobile Iron</experience></experience><project><project><projectName>Movie App</projectName><technology><technology>Kotlin</technology><technology>SQL Lite</technology><technology>Gradle</technology><technology>Jenkins</technology></technology></project><project><projectName>Movie App</projectName><technology><technology>Kotlin</technology><technology>SQL Lite</technology><technology>Gradle</technology><technology>Jenkins</technology></technology></project></project></item><item><jobId>8</jobId><jobTitle>Software Engg-2</jobTitle><jobDescription>To develop andriod application</jobDescription><experience><experience>Google</experience><experience>Apple</experience><experience>Mobile Iron</experience></experience><project><project><projectName>Movie App</projectName><technology><technology>Kotlin</technology><technology>SQL Lite</technology><technology>Gradle</technology></technology></project></project></item><item><jobId>7</jobId><jobTitle>Software Engg-3</jobTitle><jobDescription>To develop andriod application and web application</jobDescription><experience><experience>Google</experience><experience>Apple</experience><experience>Mobile Iron</experience></experience><project><project><projectName>Movie App</projectName><technology><technology>Kotlin</technology><technology>SQL Lite</technology><technology>Gradle</technology><technology>Jenkins</technology></technology></project><project><projectName>Movie App</projectName><technology><technology>Kotlin</technology><technology>SQL Lite</technology><technology>Gradle</technology><technology>Jenkins</technology></technology></project></project></item><item><jobId>13</jobId><jobTitle>Software Engg-2</jobTitle><jobDescription>To develop andriod application</jobDescription><experience><experience>Google</experience><experience>Apple</experience><experience>Mobile Iron</experience></experience><project><project><projectName>Movie App</projectName><technology><technology>Kotlin</technology><technology>SQL Lite</technology><technology>Gradle</technology></technology></project></project></item><item><jobId>53</jobId><jobTitle>Software Engg-2</jobTitle><jobDescription>To develop android application and web application</jobDescription><experience><experience>Google</experience><experience>Apple</experience><experience>Mobile Iron</experience></experience><project><project><projectName>Movie App</projectName><technology><technology>Kotlin</technology><technology>SQL Lite</technology><technology>Gradle</technology></technology></project></project></item><item><jobId>8</jobId><jobTitle>Software Engg-2</jobTitle><jobDescription>To develop andriod application</jobDescription><experience><experience>Google</experience><experience>Apple</experience><experience>Mobile Iron</experience></experience><project><project><projectName>Movie App</projectName><technology><technology>Kotlin</technology><technology>SQL Lite</technology><technology>Gradle</technology></technology></project></project></item><item><jobId>8</jobId><jobTitle>Software Engg-2</jobTitle><jobDescription>To develop andriod application</jobDescription><experience><experience>Google</experience><experience>Apple</experience><experience>Mobile Iron</experience></experience><project><project><projectName>Movie App</projectName><technology><technology>Kotlin</technology><technology>SQL Lite</technology><technology>Gradle</technology></technology></project></project></item><item><jobId>9980</jobId><jobTitle>Software Engg-2</jobTitle><jobDescription>To develop android application</jobDescription><experience><experience>Google</experience><experience>Apple</experience><experience>Mobile Iron</experience></experience><project><project><projectName>Movie App</projectName><technology><technology>Kotlin</technology><technology>SQL Lite</technology><technology>Gradle</technology></technology></project></project></item><item><jobId>80</jobId><jobTitle>Software Engg-2</jobTitle><jobDescription>To develop andriod application</jobDescription><experience><experience>Google</experience><experience>Apple</experience><experience>Mobile Iron</experience></experience><project><project><projectName>Movie App</projectName><technology><technology>Kotlin</technology><technology>SQL Lite</technology><technology>Gradle</technology></technology></project></project></item><item><jobId>49</jobId><jobTitle>Software Engg-2</jobTitle><jobDescription>To develop android application and web application</jobDescription><experience><experience>Google</experience><experience>Apple</experience><experience>Mobile Iron</experience></experience><project><project><projectName>Movie App</projectName><technology><technology>Kotlin</technology><technology>SQL Lite</technology><technology>Gradle</technology><technology>Jenkins</technology></technology></project><project><projectName>Movie App</projectName><technology><technology>Kotlin</technology><technology>SQL Lite</technology><technology>Gradle</technology><technology>Jenkins</technology></technology></project></project></item><item><jobId>82</jobId><jobTitle>Software Engg-3</jobTitle><jobDescription>To develop andriod application and web application</jobDescription><experience><experience>Google</experience><experience>Apple</experience><experience>Mobile Iron</experience></experience><project><project><projectName>Movie App</projectName><technology><technology>Kotlin</technology><technology>SQL Lite</technology><technology>Gradle</technology><technology>Jenkins</technology></technology></project><project><projectName>Movie App</projectName><technology><technology>Kotlin</technology><technology>SQL Lite</technology><technology>Gradle</technology><technology>Jenkins</technology></technology></project></project></item><item><jobId>45</jobId><jobTitle>Software Engg-3</jobTitle><jobDescription>To develop andriod application and web application</jobDescription><experience><experience>Google</experience><experience>Apple</experience><experience>Mobile Iron</experience></experience><project><project><projectName>Movie App</projectName><technology><technology>Kotlin</technology><technology>SQL Lite</technology><technology>Gradle</technology><technology>Jenkins</technology></technology></project><project><projectName>Movie App</projectName><technology><technology>Kotlin</technology><technology>SQL Lite</technology><technology>Gradle</technology><technology>Jenkins</technology></technology></project></project></item><item><jobId>26</jobId><jobTitle>Software Engg-2</jobTitle><jobDescription>To develop andriod application</jobDescription><experience><experience>Google</experience><experience>Apple</experience><experience>Mobile Iron</experience></experience><project><project><projectName>Movie App</projectName><technology><technology>Kotlin</technology><technology>SQL Lite</technology><technology>Gradle</technology></technology></project></project></item><item><jobId>8</jobId><jobTitle>Software Engg-2</jobTitle><jobDescription>To develop andriod application</jobDescription><experience><experience>Google</experience><experience>Apple</experience><experience>Mobile Iron</experience></experience><project><project><projectName>Movie App</projectName><technology><technology>Kotlin</technology><technology>SQL Lite</technology><technology>Gradle</technology></technology></project></project></item><item><jobId>75</jobId><jobTitle>Software Engg-2</jobTitle><jobDescription>To develop andriod application</jobDescription><experience><experience>Google</experience><experience>Apple</experience><experience>Mobile Iron</experience></experience><project><project><projectName>Movie App</projectName><technology><technology>Kotlin</technology><technology>SQL Lite</technology><technology>Gradle</technology></technology></project></project></item><item><jobId>8</jobId><jobTitle>Software Engg-2</jobTitle><jobDescription>To develop andriod application</jobDescription><experience><experience>Google</experience><experience>Apple</experience><experience>Mobile Iron</experience></experience><project><project><projectName>Movie App</projectName><technology><technology>Kotlin</technology><technology>SQL Lite</technology><technology>Gradle</technology></technology></project></project></item><item><jobId>9980</jobId><jobTitle>Software Engg-2</jobTitle><jobDescription>To develop android application</jobDescription><experience><experience>Google</experience><experience>Apple</experience><experience>Mobile Iron</experience></experience><project><project><projectName>Movie App</projectName><technology><technology>Kotlin</technology><technology>SQL Lite</technology><technology>Gradle</technology></technology></project></project></item><item><jobId>84</jobId><jobTitle>Software Engg-2</jobTitle><jobDescription>To develop andriod application</jobDescription><experience><experience>Google</experience><experience>Apple</experience><experience>Mobile Iron</experience></experience><project><project><projectName>Movie App</projectName><technology><technology>Kotlin</technology><technology>SQL Lite</technology><technology>Gradle</technology></technology></project></project></item><item><jobId>31</jobId><jobTitle>Software Engg-3</jobTitle><jobDescription>To develop andriod application and web application</jobDescription><experience><experience>Google</experience><experience>Apple</experience><experience>Mobile Iron</experience></experience><project><project><projectName>Movie App</projectName><technology><technology>Kotlin</technology><technology>SQL Lite</technology><technology>Gradle</technology><technology>Jenkins</technology></technology></project><project><projectName>Movie App</projectName><technology><technology>Kotlin</technology><technology>SQL Lite</technology><technology>Gradle</technology><technology>Jenkins</technology></technology></project></project></item><item><jobId>87</jobId><jobTitle>Software Engg-2</jobTitle><jobDescription>To develop andriod application</jobDescription><experience><experience>Google</experience><experience>Apple</experience><experience>Mobile Iron</experience></experience><project><project><projectName>Movie App</projectName><technology><technology>Kotlin</technology><technology>SQL Lite</technology><technology>Gradle</technology></technology></project></project></item><item><jobId>93</jobId><jobTitle>Software Engg-3</jobTitle><jobDescription>To develop andriod application and web application</jobDescription><experience><experience>Google</experience><experience>Apple</experience><experience>Mobile Iron</experience></experience><project><project><projectName>Movie App</projectName><technology><technology>Kotlin</technology><technology>SQL Lite</technology><technology>Gradle</technology><technology>Jenkins</technology></technology></project><project><projectName>Movie App</projectName><technology><technology>Kotlin</technology><technology>SQL Lite</technology><technology>Gradle</technology><technology>Jenkins</technology></technology></project></project></item><item><jobId>53</jobId><jobTitle>Software Engg-2</jobTitle><jobDescription>To develop andriod application</jobDescription><experience><experience>Google</experience><experience>Apple</experience><experience>Mobile Iron</experience></experience><project><project><projectName>Movie App</projectName><technology><technology>Kotlin</technology><technology>SQL Lite</technology><technology>Gradle</technology></technology></project></project></item><item><jobId>51</jobId><jobTitle>Software Engg-2</jobTitle><jobDescription>To develop andriod application</jobDescription><experience><experience>Google</experience><experience>Apple</experience><experience>Mobile Iron</experience></experience><project><project><projectName>Movie App</projectName><technology><technology>Kotlin</technology><technology>SQL Lite</technology><technology>Gradle</technology></technology></project></project></item><item><jobId>19</jobId><jobTitle>Software Engg-2</jobTitle><jobDescription>To develop andriod application</jobDescription><experience><experience>Google</experience><experience>Apple</experience><experience>Mobile Iron</experience></experience><project><project><projectName>Movie App</projectName><technology><technology>Kotlin</technology><technology>SQL Lite</technology><technology>Gradle</technology></technology></project></project></item><item><jobId>93</jobId><jobTitle>Software Engg-2</jobTitle><jobDescription>To develop andriod application</jobDescription><experience><experience>Google</experience><experience>Apple</experience><experience>Mobile Iron</experience></experience><project><project><projectName>Movie App</projectName><technology><technology>Kotlin</technology><technology>SQL Lite</technology><technology>Gradle</technology></technology></project></project></item><item><jobId>32</jobId><jobTitle>Software Engg-2</jobTitle><jobDescription>To develop android application and web application</jobDescription><experience><experience>Google</experience><experience>Apple</experience><experience>Mobile Iron</experience></experience><project><project><projectName>Movie App</projectName><technology><technology>Kotlin</technology><technology>SQL Lite</technology><technology>Gradle</technology></technology></project></project></item><item><jobId>71</jobId><jobTitle>Software Engg-2</jobTitle><jobDescription>To develop android application and web application</jobDescription><experience><experience>Google</experience><experience>Apple</experience><experience>Mobile Iron</experience></experience><project><project><projectName>Movie App</projectName><technology><technology>Kotlin</technology><technology>SQL Lite</technology><technology>Gradle</technology></technology></project></project></item><item><jobId>23</jobId><jobTitle>Software Engg-2</jobTitle><jobDescription>To develop android application and web application</jobDescription><experience><experience>Google</experience><experience>Apple</experience><experience>Mobile Iron</experience></experience><project><project><projectName>Movie App</projectName><technology><technology>Kotlin</technology><technology>SQL Lite</technology><technology>Gradle</technology></technology></project></project></item><item><jobId>31</jobId><jobTitle>Software Engg-2</jobTitle><jobDescription>To develop andriod application</jobDescription><experience><experience>Google</experience><experience>Apple</experience><experience>Mobile Iron</experience></experience><project><project><projectName>Movie App</projectName><technology><technology>Kotlin</technology><technology>SQL Lite</technology><technology>Gradle</technology></technology></project></project></item><item><jobId>10</jobId><jobTitle>Software Engg-2</jobTitle><jobDescription>To develop andriod application</jobDescription><experience><experience>Google</experience><experience>Apple</experience><experience>Mobile Iron</experience></experience><project><project><projectName>Movie App</projectName><technology><technology>Kotlin</technology><technology>SQL Lite</technology><technology>Gradle</technology></technology></project></project></item><item><jobId>8</jobId><jobTitle>Software Engg-2</jobTitle><jobDescription>To develop andriod application</jobDescription><experience><experience>Google</experience><experience>Apple</experience><experience>Mobile Iron</experience></experience><project><project><projectName>Movie App</projectName><technology><technology>Kotlin</technology><technology>SQL Lite</technology><technology>Gradle</technology></technology></project></project></item><item><jobId>38</jobId><jobTitle>Software Engg-2</jobTitle><jobDescription>To develop andriod application</jobDescription><experience><experience>Google</experience><experience>Apple</experience><experience>Mobile Iron</experience></experience><project><project><projectName>Movie App</projectName><technology><technology>Kotlin</technology><technology>SQL Lite</technology><technology>Gradle</technology></technology></project></project></item><item><jobId>8</jobId><jobTitle>Software Engg-2</jobTitle><jobDescription>To develop andriod application</jobDescription><experience><experience>Google</experience><experience>Apple</experience><experience>Mobile Iron</experience></experience><project><project><projectName>Movie App</projectName><technology><technology>Kotlin</technology><technology>SQL Lite</technology><technology>Gradle</technology></technology></project></project></item><item><jobId>9980</jobId><jobTitle>Software Engg-2</jobTitle><jobDescription>To develop android application</jobDescription><experience><experience>Google</experience><experience>Apple</experience><experience>Mobile Iron</experience></experience><project><project><projectName>Movie App</projectName><technology><technology>Kotlin</technology><technology>SQL Lite</technology><technology>Gradle</technology></technology></project></project></item><item><jobId>5</jobId><jobTitle>Software Engg-3</jobTitle><jobDescription>To develop andriod application and web application</jobDescription><experience><experience>Google</experience><experience>Apple</experience><experience>Mobile Iron</experience></experience><project><project><projectName>Movie App</projectName><technology><technology>Kotlin</technology><technology>SQL Lite</technology><technology>Gradle</technology><technology>Jenkins</technology></technology></project><project><projectName>Movie App</projectName><technology><technology>Kotlin</technology><technology>SQL Lite</technology><technology>Gradle</technology><technology>Jenkins</technology></technology></project></project></item><item><jobId>16</jobId><jobTitle>Software Engg-3</jobTitle><jobDescription>To develop andriod application and web application</jobDescription><experience><experience>Google</experience><experience>Apple</experience><experience>Mobile Iron</experience></experience><project><project><projectName>Movie App</projectName><technology><technology>Kotlin</technology><technology>SQL Lite</technology><technology>Gradle</technology><technology>Jenkins</technology></technology></project><project><projectName>Movie App</projectName><technology><technology>Kotlin</technology><technology>SQL Lite</technology><technology>Gradle</technology><technology>Jenkins</technology></technology></project></project></item><item><jobId>1</jobId><jobTitle>Software Engg-2</jobTitle><jobDescription>To develop andriod application</jobDescription><experience><experience>Google</experience><experience>Apple</experience><experience>Mobile Iron</experience></experience><project><project><projectName>Movie App</projectName><technology><technology>Kotlin</technology><technology>SQL Lite</technology><technology>Gradle</technology></technology></project></project></item><item><jobId>7</jobId><jobTitle>Software Engg-2</jobTitle><jobDescription>To develop andriod application</jobDescription><experience><experience>Google</experience><experience>Apple</experience><experience>Mobile Iron</experience></experience><project><project><projectName>Movie App</projectName><technology><technology>Kotlin</technology><technology>SQL Lite</technology><technology>Gradle</technology></technology></project></project></item><item><jobId>35</jobId><jobTitle>Software Engg-2</jobTitle><jobDescription>To develop android application and web application</jobDescription><experience><experience>Google</experience><experience>Apple</experience><experience>Mobile Iron</experience></experience><project><project><projectName>Movie App</projectName><technology><technology>Kotlin</technology><technology>SQL Lite</technology><technology>Gradle</technology></technology></project></project></item><item><jobId>48</jobId><jobTitle>Software Engg-2</jobTitle><jobDescription>To develop andriod application</jobDescription><experience><experience>Google</experience><experience>Apple</experience><experience>Mobile Iron</experience></experience><project><project><projectName>Movie App</projectName><technology><technology>Kotlin</technology><technology>SQL Lite</technology><technology>Gradle</technology></technology></project></project></item><item><jobId>2</jobId><jobTitle>Software Engg-2</jobTitle><jobDescription>To develop andriod application</jobDescription><experience><experience>Google</experience><experience>Apple</experience><experience>Mobile Iron</experience></experience><project><project><projectName>Movie App</projectName><technology><technology>Kotlin</technology><technology>SQL Lite</technology><technology>Gradle</technology></technology></project></project></item><item><jobId>88</jobId><jobTitle>Software Engg-2</jobTitle><jobDescription>To develop andriod application</jobDescription><experience><experience>Google</experience><experience>Apple</experience><experience>Mobile Iron</experience></experience><project><project><projectName>Movie App</projectName><technology><technology>Kotlin</technology><technology>SQL Lite</technology><technology>Gradle</technology></technology></project></project></item><item><jobId>21</jobId><jobTitle>Software Engg-2</jobTitle><jobDescription>To develop andriod application</jobDescription><experience><experience>Google</experience><experience>Apple</experience><experience>Mobile Iron</experience></experience><project><project><projectName>Movie App</projectName><technology><technology>Kotlin</technology><technology>SQL Lite</technology><technology>Gradle</technology></technology></project></project></item><item><jobId>71</jobId><jobTitle>Software Engg-2</jobTitle><jobDescription>To develop andriod application</jobDescription><experience><experience>Google</experience><experience>Apple</experience><experience>Mobile Iron</experience></experience><project><project><projectName>Movie App</projectName><technology><technology>Kotlin</technology><technology>SQL Lite</technology><technology>Gradle</technology></technology></project></project></item><item><jobId>8</jobId><jobTitle>Software Engg-2</jobTitle><jobDescription>To develop andriod application</jobDescription><experience><experience>Google</experience><experience>Apple</experience><experience>Mobile Iron</experience></experience><project><project><projectName>Movie App</projectName><technology><technology>Kotlin</technology><technology>SQL Lite</technology><technology>Gradle</technology></technology></project></project></item><item><jobId>94</jobId><jobTitle>Software Engg-2</jobTitle><jobDescription>To develop andriod application</jobDescription><experience><experience>Google</experience><experience>Apple</experience><experience>Mobile Iron</experience></experience><project><project><projectName>Movie App</projectName><technology><technology>Kotlin</technology><technology>SQL Lite</technology><technology>Gradle</technology></technology></project></project></item><item><jobId>8</jobId><jobTitle>Software Engg-2</jobTitle><jobDescription>To develop andriod application</jobDescription><experience><experience>Google</experience><experience>Apple</experience><experience>Mobile Iron</experience></experience><project><project><projectName>Movie App</projectName><technology><technology>Kotlin</technology><technology>SQL Lite</technology><technology>Gradle</technology></technology></project></project></item><item><jobId>9980</jobId><jobTitle>Software Engg-2</jobTitle><jobDescription>To develop android application</jobDescription><experience><experience>Google</experience><experience>Apple</experience><experience>Mobile Iron</experience></experience><project><project><projectName>Movie App</projectName><technology><technology>Kotlin</technology><technology>SQL Lite</technology><technology>Gradle</technology></technology></project></project></item><item><jobId>89</jobId><jobTitle>Software Engg-3</jobTitle><jobDescription>To develop andriod application and web application</jobDescription><experience><experience>Google</experience><experience>Apple</experience><experience>Mobile Iron</experience></experience><project><project><projectName>Movie App</projectName><technology><technology>Kotlin</technology><technology>SQL Lite</technology><technology>Gradle</technology><technology>Jenkins</technology></technology></project><project><projectName>Movie App</projectName><technology><technology>Kotlin</technology><technology>SQL Lite</technology><technology>Gradle</technology><technology>Jenkins</technology></technology></project></project></item><item><jobId>35</jobId><jobTitle>Software Engg-2</jobTitle><jobDescription>To develop andriod application</jobDescription><experience><experience>Google</experience><experience>Apple</experience><experience>Mobile Iron</experience></experience><project><project><projectName>Movie App</projectName><technology><technology>Kotlin</technology><technology>SQL Lite</technology><technology>Gradle</technology></technology></project></project></item><item><jobId>77</jobId><jobTitle>Software Engg-2</jobTitle><jobDescription>To develop andriod application</jobDescription><experience><experience>Google</experience><experience>Apple</experience><experience>Mobile Iron</experience></experience><project><project><projectName>Movie App</projectName><technology><technology>Kotlin</technology><technology>SQL Lite</technology><technology>Gradle</technology></technology></project></project></item><item><jobId>50</jobId><jobTitle>Software Engg-3</jobTitle><jobDescription>To develop andriod application and web application</jobDescription><experience><experience>Google</experience><experience>Apple</experience><experience>Mobile Iron</experience></experience><project><project><projectName>Movie App</projectName><technology><technology>Kotlin</technology><technology>SQL Lite</technology><technology>Gradle</technology><technology>Jenkins</technology></technology></project><project><projectName>Movie App</projectName><technology><technology>Kotlin</technology><technology>SQL Lite</technology><technology>Gradle</technology><technology>Jenkins</technology></technology></project></project></item><item><jobId>33</jobId><jobTitle>Software Engg-2</jobTitle><jobDescription>To develop andriod application</jobDescription><experience><experience>Google</experience><experience>Apple</experience><experience>Mobile Iron</experience></experience><project><project><projectName>Movie App</projectName><technology><technology>Kotlin</technology><technology>SQL Lite</technology><technology>Gradle</technology></technology></project></project></item><item><jobId>78</jobId><jobTitle>Software Engg-2</jobTitle><jobDescription>To develop android application and web application</jobDescription><experience><experience>Google</experience><experience>Apple</experience><experience>Mobile Iron</experience></experience><project><project><projectName>Movie App</projectName><technology><technology>Kotlin</technology><technology>SQL Lite</technology><technology>Gradle</technology></technology></project></project></item><item><jobId>3</jobId><jobTitle>Software Engg-2</jobTitle><jobDescription>To develop android application and web application</jobDescription><experience><experience>Google</experience><experience>Apple</experience><experience>Mobile Iron</experience></experience><project><project><projectName>Movie App</projectName><technology><technology>Kotlin</technology><technology>SQL Lite</technology><technology>Gradle</technology></technology></project></project></item><item><jobId>18</jobId><jobTitle>Software Engg-2</jobTitle><jobDescription>To develop android application and web application</jobDescription><experience><experience>Google</experience><experience>Apple</experience><experience>Mobile Iron</experience></experience><project><project><projectName>Movie App</projectName><technology><technology>Kotlin</technology><technology>SQL Lite</technology><technology>Gradle</technology></technology></project></project></item><item><jobId>4</jobId><jobTitle>Software Engg-2</jobTitle><jobDescription>To develop android application and web application</jobDescription><experience><experience>Google</experience><experience>Apple</experience><experience>Mobile Iron</experience></experience><project><project><projectName>Movie App</projectName><technology><technology>Kotlin</technology><technology>SQL Lite</technology><technology>Gradle</technology></technology></project></project></item><item><jobId>8</jobId><jobTitle>Software Engg-2</jobTitle><jobDescription>To develop andriod application</jobDescription><experience><experience>Google</experience><experience>Apple</experience><experience>Mobile Iron</experience></experience><project><project><projectName>Movie App</projectName><technology><technology>Kotlin</technology><technology>SQL Lite</technology><technology>Gradle</technology></technology></project></project></item><item><jobId>9980</jobId><jobTitle>Software Engg-2</jobTitle><jobDescription>To develop android application</jobDescription><experience><experience>Google</experience><experience>Apple</experience><experience>Mobile Iron</experience></experience><project><project><projectName>Movie App</projectName><technology><technology>Kotlin</technology><technology>SQL Lite</technology><technology>Gradle</technology></technology></project></project></item><item><jobId>8</jobId><jobTitle>Software Engg-2</jobTitle><jobDescription>To develop andriod application</jobDescription><experience><experience>Google</experience><experience>Apple</experience><experience>Mobile Iron</experience></experience><project><project><projectName>Movie App</projectName><technology><technology>Kotlin</technology><technology>SQL Lite</technology><technology>Gradle</technology></technology></project></project></item><item><jobId>17</jobId><jobTitle>Software Engg-3</jobTitle><jobDescription>To develop andriod application and web application</jobDescription><experience><experience>Google</experience><experience>Apple</experience><experience>Mobile Iron</experience></experience><project><project><projectName>Movie App</projectName><technology><technology>Kotlin</technology><technology>SQL Lite</technology><technology>Gradle</technology><technology>Jenkins</technology></technology></project><project><projectName>Movie App</projectName><technology><technology>Kotlin</technology><technology>SQL Lite</technology><technology>Gradle</technology><technology>Jenkins</technology></technology></project></project></item><item><jobId>94</jobId><jobTitle>Software Engg-2</jobTitle><jobDescription>To develop andriod application</jobDescription><experience><experience>Google</experience><experience>Apple</experience><experience>Mobile Iron</experience></experience><project><project><projectName>Movie App</projectName><technology><technology>Kotlin</technology><technology>SQL Lite</technology><technology>Gradle</technology></technology></project></project></item><item><jobId>83</jobId><jobTitle>Software Engg-3</jobTitle><jobDescription>To develop andriod application and web application</jobDescription><experience><experience>Google</experience><experience>Apple</experience><experience>Mobile Iron</experience></experience><project><project><projectName>Movie App</projectName><technology><technology>Kotlin</technology><technology>SQL Lite</technology><technology>Gradle</technology><technology>Jenkins</technology></technology></project><project><projectName>Movie App</projectName><technology><technology>Kotlin</technology><technology>SQL Lite</technology><technology>Gradle</technology><technology>Jenkins</technology></technology></project></project></item><item><jobId>75</jobId><jobTitle>Software Engg-2</jobTitle><jobDescription>To develop andriod application</jobDescription><experience><experience>Google</experience><experience>Apple</experience><experience>Mobile Iron</experience></experience><project><project><projectName>Movie App</projectName><technology><technology>Kotlin</technology><technology>SQL Lite</technology><technology>Gradle</technology></technology></project></project></item><item><jobId>86</jobId><jobTitle>Software Engg-3</jobTitle><jobDescription>To develop andriod application and web application</jobDescription><experience><experience>Google</experience><experience>Apple</experience><experience>Mobile Iron</experience></experience><project><project><projectName>Movie App</projectName><technology><technology>Kotlin</technology><technology>SQL Lite</technology><technology>Gradle</technology><technology>Jenkins</technology></technology></project><project><projectName>Movie App</projectName><technology><technology>Kotlin</technology><technology>SQL Lite</technology><technology>Gradle</technology><technology>Jenkins</technology></technology></project></project></item><item><jobId>40</jobId><jobTitle>Software Engg-2</jobTitle><jobDescription>To develop android application and web application</jobDescription><experience><experience>Google</experience><experience>Apple</experience><experience>Mobile Iron</experience></experience><project><project><projectName>Movie App</projectName><technology><technology>Kotlin</technology><technology>SQL Lite</technology><technology>Gradle</technology></technology></project></project></item><item><jobId>66</jobId><jobTitle>Software Engg-2</jobTitle><jobDescription>To develop android application and web application</jobDescription><experience><experience>Google</experience><experience>Apple</experience><experience>Mobile Iron</experience></experience><project><project><projectName>Movie App</projectName><technology><technology>Kotlin</technology><technology>SQL Lite</technology><technology>Gradle</technology></technology></project></project></item><item><jobId>18</jobId><jobTitle>Software Engg-2</jobTitle><jobDescription>To develop andriod application</jobDescription><experience><experience>Google</experience><experience>Apple</experience><experience>Mobile Iron</experience></experience><project><project><projectName>Movie App</projectName><technology><technology>Kotlin</technology><technology>SQL Lite</technology><technology>Gradle</technology></technology></project></project></item><item><jobId>42</jobId><jobTitle>Software Engg-2</jobTitle><jobDescription>To develop andriod application</jobDescription><experience><experience>Google</experience><experience>Apple</experience><experience>Mobile Iron</experience></experience><project><project><projectName>Movie App</projectName><technology><technology>Kotlin</technology><technology>SQL Lite</technology><technology>Gradle</technology></technology></project></project></item><item><jobId>68</jobId><jobTitle>Software Engg-2</jobTitle><jobDescription>To develop andriod application</jobDescription><experience><experience>Google</experience><experience>Apple</experience><experience>Mobile Iron</experience></experience><project><project><projectName>Movie App</projectName><technology><technology>Kotlin</technology><technology>SQL Lite</technology><technology>Gradle</technology></technology></project></project></item><item><jobId>96</jobId><jobTitle>Software Engg-2</jobTitle><jobDescription>To develop andriod application</jobDescription><experience><experience>Google</experience><experience>Apple</experience><experience>Mobile Iron</experience></experience><project><project><projectName>Movie App</projectName><technology><technology>Kotlin</technology><technology>SQL Lite</technology><technology>Gradle</technology></technology></project></project></item><item><jobId>59</jobId><jobTitle>Software Engg-2</jobTitle><jobDescription>To develop android application and web application</jobDescription><experience><experience>Google</experience><experience>Apple</experience><experience>Mobile Iron</experience></experience><project><project><projectName>Movie App</projectName><technology><technology>Kotlin</technology><technology>SQL Lite</technology><technology>Gradle</technology></technology></project></project></item><item><jobId>8</jobId><jobTitle>Software Engg-2</jobTitle><jobDescription>To develop andriod application</jobDescription><experience><experience>Google</experience><experience>Apple</experience><experience>Mobile Iron</experience></experience><project><project><projectName>Movie App</projectName><technology><technology>Kotlin</technology><technology>SQL Lite</technology><technology>Gradle</technology></technology></project></project></item><item><jobId>32</jobId><jobTitle>Software Engg-2</jobTitle><jobDescription>To develop andriod application</jobDescription><experience><experience>Google</experience><experience>Apple</experience><experience>Mobile Iron</experience></experience><project><project><projectName>Movie App</projectName><technology><technology>Kotlin</technology><technology>SQL Lite</technology><technology>Gradle</technology></technology></project></project></item><item><jobId>8</jobId><jobTitle>Software Engg-2</jobTitle><jobDescription>To develop andriod application</jobDescription><experience><experience>Google</experience><experience>Apple</experience><experience>Mobile Iron</experience></experience><project><project><projectName>Movie App</projectName><technology><technology>Kotlin</technology><technology>SQL Lite</technology><technology>Gradle</technology></technology></project></project></item><item><jobId>9980</jobId><jobTitle>Software Engg-2</jobTitle><jobDescription>To develop android application</jobDescription><experience><experience>Google</experience><experience>Apple</experience><experience>Mobile Iron</experience></experience><project><project><projectName>Movie App</projectName><technology><technology>Kotlin</technology><technology>SQL Lite</technology><technology>Gradle</technology></technology></project></project></item><item><jobId>6</jobId><jobTitle>Software Engg-2</jobTitle><jobDescription>To develop andriod application</jobDescription><experience><experience>Google</experience><experience>Apple</experience><experience>Mobile Iron</experience></experience><project><project><projectName>Movie App</projectName><technology><technology>Kotlin</technology><technology>SQL Lite</technology><technology>Gradle</technology></technology></project></project></item><item><jobId>57</jobId><jobTitle>Software Engg-3</jobTitle><jobDescription>To develop andriod application and web application</jobDescription><experience><experience>Google</experience><experience>Apple</experience><experience>Mobile Iron</experience></experience><project><project><projectName>Movie App</projectName><technology><technology>Kotlin</technology><technology>SQL Lite</technology><technology>Gradle</technology><technology>Jenkins</technology></technology></project><project><projectName>Movie App</projectName><technology><technology>Kotlin</technology><technology>SQL Lite</technology><technology>Gradle</technology><technology>Jenkins</technology></technology></project></project></item><item><jobId>19</jobId><jobTitle>Software Engg-2</jobTitle><jobDescription>To develop andriod application</jobDescription><experience><experience>Google</experience><experience>Apple</experience><experience>Mobile Iron</experience></experience><project><project><projectName>Movie App</projectName><technology><technology>Kotlin</technology><technology>SQL Lite</technology><technology>Gradle</technology></technology></project></project></item><item><jobId>29</jobId><jobTitle>Software Engg-3</jobTitle><jobDescription>To develop andriod application and web application</jobDescription><experience><experience>Google</experience><experience>Apple</experience><experience>Mobile Iron</experience></experience><project><project><projectName>Movie App</projectName><technology><technology>Kotlin</technology><technology>SQL Lite</technology><technology>Gradle</technology><technology>Jenkins</technology></technology></project><project><projectName>Movie App</projectName><technology><technology>Kotlin</technology><technology>SQL Lite</technology><technology>Gradle</technology><technology>Jenkins</technology></technology></project></project></item><item><jobId>90</jobId><jobTitle>Software Engg-2</jobTitle><jobDescription>To develop android application and web application</jobDescription><experience><experience>Google</experience><experience>Apple</experience><experience>Mobile Iron</experience></experience><project><project><projectName>Movie App</projectName><technology><technology>Kotlin</technology><technology>SQL Lite</technology><technology>Gradle</technology></technology></project></project></item><item><jobId>60</jobId><jobTitle>Software Engg-3</jobTitle><jobDescription>To develop andriod application and web application</jobDescription><experience><experience>Google</experience><experience>Apple</experience><experience>Mobile Iron</experience></experience><project><project><projectName>Movie App</projectName><technology><technology>Kotlin</technology><technology>SQL Lite</technology><technology>Gradle</technology><technology>Jenkins</technology></technology></project><project><projectName>Movie App</projectName><technology><technology>Kotlin</technology><technology>SQL Lite</technology><technology>Gradle</technology><technology>Jenkins</technology></technology></project></project></item><item><jobId>92</jobId><jobTitle>Software Engg-2</jobTitle><jobDescription>To develop android application and web application</jobDescription><experience><experience>Google</experience><experience>Apple</experience><experience>Mobile Iron</experience></experience><project><project><projectName>Movie App</projectName><technology><technology>Kotlin</technology><technology>SQL Lite</technology><technology>Gradle</technology></technology></project></project></item><item><jobId>90</jobId><jobTitle>Software Engg-2</jobTitle><jobDescription>To develop andriod application</jobDescription><experience><experience>Google</experience><experience>Apple</experience><experience>Mobile Iron</experience></experience><project><project><projectName>Movie App</projectName><technology><technology>Kotlin</technology><technology>SQL Lite</technology><technology>Gradle</technology></technology></project></project></item><item><jobId>25</jobId><jobTitle>Software Engg-2</jobTitle><jobDescription>To develop andriod application</jobDescription><experience><experience>Google</experience><experience>Apple</experience><experience>Mobile Iron</experience></experience><project><project><projectName>Movie App</projectName><technology><technology>Kotlin</technology><technology>SQL Lite</technology><technology>Gradle</technology></technology></project></project></item><item><jobId>0</jobId><jobTitle>Software Engg-2</jobTitle><jobDescription>To develop android application and web application</jobDescription><experience><experience>Google</experience><experience>Apple</experience><experience>Mobile Iron</experience></experience><project><project><projectName>Movie App</projectName><technology><technology>Kotlin</technology><technology>SQL Lite</technology><technology>Gradle</technology></technology></project></project></item><item><jobId>53</jobId><jobTitle>Software Engg-2</jobTitle><jobDescription>To develop andriod application</jobDescription><experience><experience>Google</experience><experience>Apple</experience><experience>Mobile Iron</experience></experience><project><project><projectName>Movie App</projectName><technology><technology>Kotlin</technology><technology>SQL Lite</technology><technology>Gradle</technology></technology></project></project></item><item><jobId>37</jobId><jobTitle>Software Engg-2</jobTitle><jobDescription>To develop android application and web application</jobDescription><experience><experience>Google</experience><experience>Apple</experience><experience>Mobile Iron</experience></experience><project><project><projectName>Movie App</projectName><technology><technology>Kotlin</technology><technology>SQL Lite</technology><technology>Gradle</technology></technology></project></project></item><item><jobId>41</jobId><jobTitle>Software Engg-2</jobTitle><jobDescription>To develop andriod application</jobDescription><experience><experience>Google</experience><experience>Apple</experience><experience>Mobile Iron</experience></experience><project><project><projectName>Movie App</projectName><technology><technology>Kotlin</technology><technology>SQL Lite</technology><technology>Gradle</technology></technology></project></project></item><item><jobId>40</jobId><jobTitle>Software Engg-2</jobTitle><jobDescription>To develop andriod application</jobDescription><experience><experience>Google</experience><experience>Apple</experience><experience>Mobile Iron</experience></experience><project><project><projectName>Movie App</projectName><technology><technology>Kotlin</technology><technology>SQL Lite</technology><technology>Gradle</technology></technology></project></project></item><item><jobId>0</jobId><jobTitle>Software Engg-2</jobTitle><jobDescription>To develop andriod application</jobDescription><experience><experience>Google</experience><experience>Apple</experience><experience>Mobile Iron</experience></experience><project><project><projectName>Movie App</projectName><technology><technology>Kotlin</technology><technology>SQL Lite</technology><technology>Gradle</technology></technology></project></project></item><item><jobId>76</jobId><jobTitle>Software Engg-2</jobTitle><jobDescription>To develop andriod application</jobDescription><experience><experience>Google</experience><experience>Apple</experience><experience>Mobile Iron</experience></experience><project><project><projectName>Movie App</projectName><technology><technology>Kotlin</technology><technology>SQL Lite</technology><technology>Gradle</technology></technology></project></project></item><item><jobId>49</jobId><jobTitle>Software Engg-2</jobTitle><jobDescription>To develop andriod application</jobDescription><experience><experience>Google</experience><experience>Apple</experience><experience>Mobile Iron</experience></experience><project><project><projectName>Movie App</projectName><technology><technology>Kotlin</technology><technology>SQL Lite</technology><technology>Gradle</technology></technology></project></project></item><item><jobId>9980</jobId><jobTitle>Software Engg-2</jobTitle><jobDescription>To develop android application</jobDescription><experience><experience>Google</experience><experience>Apple</experience><experience>Mobile Iron</experience></experience><project><project><projectName>Movie App</projectName><technology><technology>Kotlin</technology><technology>SQL Lite</technology><technology>Gradle</technology></technology></project></project></item><item><jobId>8</jobId><jobTitle>Software Engg-2</jobTitle><jobDescription>To develop andriod application</jobDescription><experience><experience>Google</experience><experience>Apple</experience><experience>Mobile Iron</experience></experience><project><project><projectName>Movie App</projectName><technology><technology>Kotlin</technology><technology>SQL Lite</technology><technology>Gradle</technology></technology></project></project></item><item><jobId>79</jobId><jobTitle>Software Engg-2</jobTitle><jobDescription>To develop andriod application</jobDescription><experience><experience>Google</experience><experience>Apple</experience><experience>Mobile Iron</experience></experience><project><project><projectName>Movie App</projectName><technology><technology>Kotlin</technology><technology>SQL Lite</technology><technology>Gradle</technology></technology></project></project></item><item><jobId>8</jobId><jobTitle>Software Engg-2</jobTitle><jobDescription>To develop andriod application</jobDescription><experience><experience>Google</experience><experience>Apple</experience><experience>Mobile Iron</experience></experience><project><project><projectName>Movie App</projectName><technology><technology>Kotlin</technology><technology>SQL Lite</technology><technology>Gradle</technology></technology></project></project></item><item><jobId>39</jobId><jobTitle>Software Engg-3</jobTitle><jobDescription>To develop andriod application and web application</jobDescription><experience><experience>Google</experience><experience>Apple</experience><experience>Mobile Iron</experience></experience><project><project><projectName>Movie App</projectName><technology><technology>Kotlin</technology><technology>SQL Lite</technology><technology>Gradle</technology><technology>Jenkins</technology></technology></project><project><projectName>Movie App</projectName><technology><technology>Kotlin</technology><technology>SQL Lite</technology><technology>Gradle</technology><technology>Jenkins</technology></technology></project></project></item><item><jobId>96</jobId><jobTitle>Software Engg-2</jobTitle><jobDescription>To develop andriod application</jobDescription><experience><experience>Google</experience><experience>Apple</experience><experience>Mobile Iron</experience></experience><project><project><projectName>Movie App</projectName><technology><technology>Kotlin</technology><technology>SQL Lite</technology><technology>Gradle</technology></technology></project></project></item><item><jobId>28</jobId><jobTitle>Software Engg-3</jobTitle><jobDescription>To develop andriod application and web application</jobDescription><experience><experience>Google</experience><experience>Apple</experience><experience>Mobile Iron</experience></experience><project><project><projectName>Movie App</projectName><technology><technology>Kotlin</technology><technology>SQL Lite</technology><technology>Gradle</technology><technology>Jenkins</technology></technology></project><project><projectName>Movie App</projectName><technology><technology>Kotlin</technology><technology>SQL Lite</technology><technology>Gradle</technology><technology>Jenkins</technology></technology></project></project></item><item><jobId>80</jobId><jobTitle>Software Engg-2</jobTitle><jobDescription>To develop andriod application</jobDescription><experience><experience>Google</experience><experience>Apple</experience><experience>Mobile Iron</experience></experience><project><project><projectName>Movie App</projectName><technology><technology>Kotlin</technology><technology>SQL Lite</technology><technology>Gradle</technology></technology></project></project></item><item><jobId>130</jobId><jobTitle>Software Engg-3</jobTitle><jobDescription>To develop andriod application and web application</jobDescription><experience><experience>Google</experience><experience>Apple</experience><experience>Mobile Iron</experience></experience><project><project><projectName>Movie App</projectName><technology><technology>Kotlin</technology><technology>SQL Lite</technology><technology>Gradle</technology><technology>Jenkins</technology></technology></project><project><projectName>Movie App</projectName><technology><technology>Kotlin</technology><technology>SQL Lite</technology><technology>Gradle</technology><technology>Jenkins</technology></technology></project></project></item><item><jobId>74</jobId><jobTitle>Software Engg-3</jobTitle><jobDescription>To develop andriod application and web application</jobDescription><experience><experience>Google</experience><experience>Apple</experience><experience>Mobile Iron</experience></experience><project><project><projectName>Movie App</projectName><technology><technology>Kotlin</technology><technology>SQL Lite</technology><technology>Gradle</technology><technology>Jenkins</technology></technology></project><project><projectName>Movie App</projectName><technology><technology>Kotlin</technology><technology>SQL Lite</technology><technology>Gradle</technology><technology>Jenkins</technology></technology></project></project></item><item><jobId>10</jobId><jobTitle>Software Engg-2</jobTitle><jobDescription>To develop andriod application</jobDescription><experience><experience>Google</experience><experience>Apple</experience><experience>Mobile Iron</experience></experience><project><project><projectName>Movie App</projectName><technology><technology>Kotlin</technology><technology>SQL Lite</technology><technology>Gradle</technology></technology></project></project></item></List>
01:15:28.082 [pool-1-thread-1] DEBUG com.intuit.karate - response time in milliseconds: 44
1 < 201
1 < X-Content-Type-Options: nosniff
1 < X-XSS-Protection: 1; mode=block
1 < Cache-Control: no-cache, no-store, max-age=0, must-revalidate
1 < Pragma: no-cache
1 < Expires: 0
1 < X-Frame-Options: DENY
1 < Content-Type: application/json
1 < Transfer-Encoding: chunked
1 < Date: Wed, 19 Jan 2022 19:45:28 GMT
1 < Keep-Alive: timeout=60
1 < Connection: keep-alive
{"jobId":26,"jobTitle":"Software Engg-2","jobDescription":"To develop andriod application","experience":["Google","Apple","Mobile Iron"],"project":[{"projectName":"Movie App","technology":["Kotlin","SQL Lite","Gradle"]}]}
01:15:28.082 [pool-1-thread-5] DEBUG com.intuit.karate - response time in milliseconds: 44
1 < 200
1 < X-Content-Type-Options: nosniff
1 < X-XSS-Protection: 1; mode=block
1 < Cache-Control: no-cache, no-store, max-age=0, must-revalidate
1 < Pragma: no-cache
1 < Expires: 0
1 < X-Frame-Options: DENY
1 < Content-Type: application/json
1 < Transfer-Encoding: chunked
1 < Date: Wed, 19 Jan 2022 19:45:28 GMT
1 < Keep-Alive: timeout=60
1 < Connection: keep-alive
[{"jobId":1,"jobTitle":"Software Engg","jobDescription":"To develop andriod application","experience":["Google","Apple","Mobile Iron"],"project":[{"projectName":"Movie App","technology":["Kotlin","SQL Lite","Gradle"]}]},{"jobId":68,"jobTitle":"Software Engg-2","jobDescription":"To develop android application and web application","experience":["Google","Apple","Mobile Iron"],"project":[{"projectName":"Movie App","technology":["Kotlin","SQL Lite","Gradle","Jenkins"]},{"projectName":"Movie App","technology":["Kotlin","SQL Lite","Gradle","Jenkins"]}]},{"jobId":34,"jobTitle":"Software Engg-3","jobDescription":"To develop andriod application and web application","experience":["Google","Apple","Mobile Iron"],"project":[{"projectName":"Movie App","technology":["Kotlin","SQL Lite","Gradle","Jenkins"]},{"projectName":"Movie App","technology":["Kotlin","SQL Lite","Gradle","Jenkins"]}]},{"jobId":41,"jobTitle":"Software Engg-2","jobDescription":"To develop android application and web application","experience":["Google","Apple","Mobile Iron"],"project":[{"projectName":"Movie App","technology":["Kotlin","SQL Lite","Gradle","Jenkins"]},{"projectName":"Movie App","technology":["Kotlin","SQL Lite","Gradle","Jenkins"]}]},{"jobId":12,"jobTitle":"Software Engg-2","jobDescription":"To develop andriod application","experience":["Google","Apple","Mobile Iron"],"project":[{"projectName":"Movie App","technology":["Kotlin","SQL Lite","Gradle"]}]},{"jobId":73,"jobTitle":"Software Engg-3","jobDescription":"To develop andriod application and web application","experience":["Google","Apple","Mobile Iron"],"project":[{"projectName":"Movie App","technology":["Kotlin","SQL Lite","Gradle","Jenkins"]},{"projectName":"Movie App","technology":["Kotlin","SQL Lite","Gradle","Jenkins"]}]},{"jobId":99999,"jobTitle":"Software Engg-2","jobDescription":"To develop andriod application","experience":["Google","Apple","Mobile Iron"],"project":[{"projectName":"Movie App","technology":["Kotlin","SQL Lite","Gradle"]}]},{"jobId":38,"jobTitle":"Software Engg-3","jobDescription":"To develop andriod application and web application","experience":["Google","Apple","Mobile Iron"],"project":[{"projectName":"Movie App","technology":["Kotlin","SQL Lite","Gradle","Jenkins"]},{"projectName":"Movie App","technology":["Kotlin","SQL Lite","Gradle","Jenkins"]}]},{"jobId":96,"jobTitle":"Software Engg-3","jobDescription":"To develop andriod application and web application","experience":["Google","Apple","Mobile Iron"],"project":[{"projectName":"Movie App","technology":["Kotlin","SQL Lite","Gradle","Jenkins"]},{"projectName":"Movie App","technology":["Kotlin","SQL Lite","Gradle","Jenkins"]}]},{"jobId":48,"jobTitle":"Software Engg-2","jobDescription":"To develop andriod application","experience":["Google","Apple","Mobile Iron"],"project":[{"projectName":"Movie App","technology":["Kotlin","SQL Lite","Gradle"]}]},{"jobId":6,"jobTitle":"Software Engg-3","jobDescription":"To develop andriod application and web application","experience":["Google","Apple","Mobile Iron"],"project":[{"projectName":"Movie App","technology":["Kotlin","SQL Lite","Gradle","Jenkins"]},{"projectName":"Movie App","technology":["Kotlin","SQL Lite","Gradle","Jenkins"]}]},{"jobId":88,"jobTitle":"Software Engg-2","jobDescription":"To develop android application and web application","experience":["Google","Apple","Mobile Iron"],"project":[{"projectName":"Movie App","technology":["Kotlin","SQL Lite","Gradle"]}]},{"jobId":9,"jobTitle":"Software Engg-3","jobDescription":"To develop andriod application and web application","experience":["Google","Apple","Mobile Iron"],"project":[{"projectName":"Movie App","technology":["Kotlin","SQL Lite","Gradle","Jenkins"]},{"projectName":"Movie App","technology":["Kotlin","SQL Lite","Gradle","Jenkins"]}]},{"jobId":8,"jobTitle":"Software Engg-2","jobDescription":"To develop andriod application","experience":["Google","Apple","Mobile Iron"],"project":[{"projectName":"Movie App","technology":["Kotlin","SQL Lite","Gradle"]}]},{"jobId":7,"jobTitle":"Software Engg-3","jobDescription":"To develop andriod application and web application","experience":["Google","Apple","Mobile Iron"],"project":[{"projectName":"Movie App","technology":["Kotlin","SQL Lite","Gradle","Jenkins"]},{"projectName":"Movie App","technology":["Kotlin","SQL Lite","Gradle","Jenkins"]}]},{"jobId":13,"jobTitle":"Software Engg-2","jobDescription":"To develop andriod application","experience":["Google","Apple","Mobile Iron"],"project":[{"projectName":"Movie App","technology":["Kotlin","SQL Lite","Gradle"]}]},{"jobId":53,"jobTitle":"Software Engg-2","jobDescription":"To develop android application and web application","experience":["Google","Apple","Mobile Iron"],"project":[{"projectName":"Movie App","technology":["Kotlin","SQL Lite","Gradle"]}]},{"jobId":8,"jobTitle":"Software Engg-2","jobDescription":"To develop andriod application","experience":["Google","Apple","Mobile Iron"],"project":[{"projectName":"Movie App","technology":["Kotlin","SQL Lite","Gradle"]}]},{"jobId":8,"jobTitle":"Software Engg-2","jobDescription":"To develop andriod application","experience":["Google","Apple","Mobile Iron"],"project":[{"projectName":"Movie App","technology":["Kotlin","SQL Lite","Gradle"]}]},{"jobId":9980,"jobTitle":"Software Engg-2","jobDescription":"To develop android application","experience":["Google","Apple","Mobile Iron"],"project":[{"projectName":"Movie App","technology":["Kotlin","SQL Lite","Gradle"]}]},{"jobId":80,"jobTitle":"Software Engg-2","jobDescription":"To develop andriod application","experience":["Google","Apple","Mobile Iron"],"project":[{"projectName":"Movie App","technology":["Kotlin","SQL Lite","Gradle"]}]},{"jobId":49,"jobTitle":"Software Engg-2","jobDescription":"To develop android application and web application","experience":["Google","Apple","Mobile Iron"],"project":[{"projectName":"Movie App","technology":["Kotlin","SQL Lite","Gradle","Jenkins"]},{"projectName":"Movie App","technology":["Kotlin","SQL Lite","Gradle","Jenkins"]}]},{"jobId":82,"jobTitle":"Software Engg-3","jobDescription":"To develop andriod application and web application","experience":["Google","Apple","Mobile Iron"],"project":[{"projectName":"Movie App","technology":["Kotlin","SQL Lite","Gradle","Jenkins"]},{"projectName":"Movie App","technology":["Kotlin","SQL Lite","Gradle","Jenkins"]}]},{"jobId":45,"jobTitle":"Software Engg-3","jobDescription":"To develop andriod application and web application","experience":["Google","Apple","Mobile Iron"],"project":[{"projectName":"Movie App","technology":["Kotlin","SQL Lite","Gradle","Jenkins"]},{"projectName":"Movie App","technology":["Kotlin","SQL Lite","Gradle","Jenkins"]}]},{"jobId":26,"jobTitle":"Software Engg-2","jobDescription":"To develop andriod application","experience":["Google","Apple","Mobile Iron"],"project":[{"projectName":"Movie App","technology":["Kotlin","SQL Lite","Gradle"]}]},{"jobId":8,"jobTitle":"Software Engg-2","jobDescription":"To develop andriod application","experience":["Google","Apple","Mobile Iron"],"project":[{"projectName":"Movie App","technology":["Kotlin","SQL Lite","Gradle"]}]},{"jobId":75,"jobTitle":"Software Engg-2","jobDescription":"To develop andriod application","experience":["Google","Apple","Mobile Iron"],"project":[{"projectName":"Movie App","technology":["Kotlin","SQL Lite","Gradle"]}]},{"jobId":8,"jobTitle":"Software Engg-2","jobDescription":"To develop andriod application","experience":["Google","Apple","Mobile Iron"],"project":[{"projectName":"Movie App","technology":["Kotlin","SQL Lite","Gradle"]}]},{"jobId":9980,"jobTitle":"Software Engg-2","jobDescription":"To develop android application","experience":["Google","Apple","Mobile Iron"],"project":[{"projectName":"Movie App","technology":["Kotlin","SQL Lite","Gradle"]}]},{"jobId":84,"jobTitle":"Software Engg-2","jobDescription":"To develop andriod application","experience":["Google","Apple","Mobile Iron"],"project":[{"projectName":"Movie App","technology":["Kotlin","SQL Lite","Gradle"]}]},{"jobId":31,"jobTitle":"Software Engg-3","jobDescription":"To develop andriod application and web application","experience":["Google","Apple","Mobile Iron"],"project":[{"projectName":"Movie App","technology":["Kotlin","SQL Lite","Gradle","Jenkins"]},{"projectName":"Movie App","technology":["Kotlin","SQL Lite","Gradle","Jenkins"]}]},{"jobId":87,"jobTitle":"Software Engg-2","jobDescription":"To develop andriod application","experience":["Google","Apple","Mobile Iron"],"project":[{"projectName":"Movie App","technology":["Kotlin","SQL Lite","Gradle"]}]},{"jobId":93,"jobTitle":"Software Engg-3","jobDescription":"To develop andriod application and web application","experience":["Google","Apple","Mobile Iron"],"project":[{"projectName":"Movie App","technology":["Kotlin","SQL Lite","Gradle","Jenkins"]},{"projectName":"Movie App","technology":["Kotlin","SQL Lite","Gradle","Jenkins"]}]},{"jobId":53,"jobTitle":"Software Engg-2","jobDescription":"To develop andriod application","experience":["Google","Apple","Mobile Iron"],"project":[{"projectName":"Movie App","technology":["Kotlin","SQL Lite","Gradle"]}]},{"jobId":51,"jobTitle":"Software Engg-2","jobDescription":"To develop andriod application","experience":["Google","Apple","Mobile Iron"],"project":[{"projectName":"Movie App","technology":["Kotlin","SQL Lite","Gradle"]}]},{"jobId":19,"jobTitle":"Software Engg-2","jobDescription":"To develop andriod application","experience":["Google","Apple","Mobile Iron"],"project":[{"projectName":"Movie App","technology":["Kotlin","SQL Lite","Gradle"]}]},{"jobId":93,"jobTitle":"Software Engg-2","jobDescription":"To develop andriod application","experience":["Google","Apple","Mobile Iron"],"project":[{"projectName":"Movie App","technology":["Kotlin","SQL Lite","Gradle"]}]},{"jobId":32,"jobTitle":"Software Engg-2","jobDescription":"To develop android application and web application","experience":["Google","Apple","Mobile Iron"],"project":[{"projectName":"Movie App","technology":["Kotlin","SQL Lite","Gradle"]}]},{"jobId":71,"jobTitle":"Software Engg-2","jobDescription":"To develop android application and web application","experience":["Google","Apple","Mobile Iron"],"project":[{"projectName":"Movie App","technology":["Kotlin","SQL Lite","Gradle"]}]},{"jobId":23,"jobTitle":"Software Engg-2","jobDescription":"To develop android application and web application","experience":["Google","Apple","Mobile Iron"],"project":[{"projectName":"Movie App","technology":["Kotlin","SQL Lite","Gradle"]}]},{"jobId":31,"jobTitle":"Software Engg-2","jobDescription":"To develop andriod application","experience":["Google","Apple","Mobile Iron"],"project":[{"projectName":"Movie App","technology":["Kotlin","SQL Lite","Gradle"]}]},{"jobId":10,"jobTitle":"Software Engg-2","jobDescription":"To develop andriod application","experience":["Google","Apple","Mobile Iron"],"project":[{"projectName":"Movie App","technology":["Kotlin","SQL Lite","Gradle"]}]},{"jobId":8,"jobTitle":"Software Engg-2","jobDescription":"To develop andriod application","experience":["Google","Apple","Mobile Iron"],"project":[{"projectName":"Movie App","technology":["Kotlin","SQL Lite","Gradle"]}]},{"jobId":38,"jobTitle":"Software Engg-2","jobDescription":"To develop andriod application","experience":["Google","Apple","Mobile Iron"],"project":[{"projectName":"Movie App","technology":["Kotlin","SQL Lite","Gradle"]}]},{"jobId":8,"jobTitle":"Software Engg-2","jobDescription":"To develop andriod application","experience":["Google","Apple","Mobile Iron"],"project":[{"projectName":"Movie App","technology":["Kotlin","SQL Lite","Gradle"]}]},{"jobId":9980,"jobTitle":"Software Engg-2","jobDescription":"To develop android application","experience":["Google","Apple","Mobile Iron"],"project":[{"projectName":"Movie App","technology":["Kotlin","SQL Lite","Gradle"]}]},{"jobId":5,"jobTitle":"Software Engg-3","jobDescription":"To develop andriod application and web application","experience":["Google","Apple","Mobile Iron"],"project":[{"projectName":"Movie App","technology":["Kotlin","SQL Lite","Gradle","Jenkins"]},{"projectName":"Movie App","technology":["Kotlin","SQL Lite","Gradle","Jenkins"]}]},{"jobId":16,"jobTitle":"Software Engg-3","jobDescription":"To develop andriod application and web application","experience":["Google","Apple","Mobile Iron"],"project":[{"projectName":"Movie App","technology":["Kotlin","SQL Lite","Gradle","Jenkins"]},{"projectName":"Movie App","technology":["Kotlin","SQL Lite","Gradle","Jenkins"]}]},{"jobId":1,"jobTitle":"Software Engg-2","jobDescription":"To develop andriod application","experience":["Google","Apple","Mobile Iron"],"project":[{"projectName":"Movie App","technology":["Kotlin","SQL Lite","Gradle"]}]},{"jobId":7,"jobTitle":"Software Engg-2","jobDescription":"To develop andriod application","experience":["Google","Apple","Mobile Iron"],"project":[{"projectName":"Movie App","technology":["Kotlin","SQL Lite","Gradle"]}]},{"jobId":35,"jobTitle":"Software Engg-2","jobDescription":"To develop android application and web application","experience":["Google","Apple","Mobile Iron"],"project":[{"projectName":"Movie App","technology":["Kotlin","SQL Lite","Gradle"]}]},{"jobId":48,"jobTitle":"Software Engg-2","jobDescription":"To develop andriod application","experience":["Google","Apple","Mobile Iron"],"project":[{"projectName":"Movie App","technology":["Kotlin","SQL Lite","Gradle"]}]},{"jobId":2,"jobTitle":"Software Engg-2","jobDescription":"To develop andriod application","experience":["Google","Apple","Mobile Iron"],"project":[{"projectName":"Movie App","technology":["Kotlin","SQL Lite","Gradle"]}]},{"jobId":88,"jobTitle":"Software Engg-2","jobDescription":"To develop andriod application","experience":["Google","Apple","Mobile Iron"],"project":[{"projectName":"Movie App","technology":["Kotlin","SQL Lite","Gradle"]}]},{"jobId":21,"jobTitle":"Software Engg-2","jobDescription":"To develop andriod application","experience":["Google","Apple","Mobile Iron"],"project":[{"projectName":"Movie App","technology":["Kotlin","SQL Lite","Gradle"]}]},{"jobId":71,"jobTitle":"Software Engg-2","jobDescription":"To develop andriod application","experience":["Google","Apple","Mobile Iron"],"project":[{"projectName":"Movie App","technology":["Kotlin","SQL Lite","Gradle"]}]},{"jobId":8,"jobTitle":"Software Engg-2","jobDescription":"To develop andriod application","experience":["Google","Apple","Mobile Iron"],"project":[{"projectName":"Movie App","technology":["Kotlin","SQL Lite","Gradle"]}]},{"jobId":94,"jobTitle":"Software Engg-2","jobDescription":"To develop andriod application","experience":["Google","Apple","Mobile Iron"],"project":[{"projectName":"Movie App","technology":["Kotlin","SQL Lite","Gradle"]}]},{"jobId":8,"jobTitle":"Software Engg-2","jobDescription":"To develop andriod application","experience":["Google","Apple","Mobile Iron"],"project":[{"projectName":"Movie App","technology":["Kotlin","SQL Lite","Gradle"]}]},{"jobId":9980,"jobTitle":"Software Engg-2","jobDescription":"To develop android application","experience":["Google","Apple","Mobile Iron"],"project":[{"projectName":"Movie App","technology":["Kotlin","SQL Lite","Gradle"]}]},{"jobId":89,"jobTitle":"Software Engg-3","jobDescription":"To develop andriod application and web application","experience":["Google","Apple","Mobile Iron"],"project":[{"projectName":"Movie App","technology":["Kotlin","SQL Lite","Gradle","Jenkins"]},{"projectName":"Movie App","technology":["Kotlin","SQL Lite","Gradle","Jenkins"]}]},{"jobId":35,"jobTitle":"Software Engg-2","jobDescription":"To develop andriod application","experience":["Google","Apple","Mobile Iron"],"project":[{"projectName":"Movie App","technology":["Kotlin","SQL Lite","Gradle"]}]},{"jobId":77,"jobTitle":"Software Engg-2","jobDescription":"To develop andriod application","experience":["Google","Apple","Mobile Iron"],"project":[{"projectName":"Movie App","technology":["Kotlin","SQL Lite","Gradle"]}]},{"jobId":50,"jobTitle":"Software Engg-3","jobDescription":"To develop andriod application and web application","experience":["Google","Apple","Mobile Iron"],"project":[{"projectName":"Movie App","technology":["Kotlin","SQL Lite","Gradle","Jenkins"]},{"projectName":"Movie App","technology":["Kotlin","SQL Lite","Gradle","Jenkins"]}]},{"jobId":33,"jobTitle":"Software Engg-2","jobDescription":"To develop andriod application","experience":["Google","Apple","Mobile Iron"],"project":[{"projectName":"Movie App","technology":["Kotlin","SQL Lite","Gradle"]}]},{"jobId":78,"jobTitle":"Software Engg-2","jobDescription":"To develop android application and web application","experience":["Google","Apple","Mobile Iron"],"project":[{"projectName":"Movie App","technology":["Kotlin","SQL Lite","Gradle"]}]},{"jobId":3,"jobTitle":"Software Engg-2","jobDescription":"To develop android application and web application","experience":["Google","Apple","Mobile Iron"],"project":[{"projectName":"Movie App","technology":["Kotlin","SQL Lite","Gradle"]}]},{"jobId":18,"jobTitle":"Software Engg-2","jobDescription":"To develop android application and web application","experience":["Google","Apple","Mobile Iron"],"project":[{"projectName":"Movie App","technology":["Kotlin","SQL Lite","Gradle"]}]},{"jobId":4,"jobTitle":"Software Engg-2","jobDescription":"To develop android application and web application","experience":["Google","Apple","Mobile Iron"],"project":[{"projectName":"Movie App","technology":["Kotlin","SQL Lite","Gradle"]}]},{"jobId":8,"jobTitle":"Software Engg-2","jobDescription":"To develop andriod application","experience":["Google","Apple","Mobile Iron"],"project":[{"projectName":"Movie App","technology":["Kotlin","SQL Lite","Gradle"]}]},{"jobId":9980,"jobTitle":"Software Engg-2","jobDescription":"To develop android application","experience":["Google","Apple","Mobile Iron"],"project":[{"projectName":"Movie App","technology":["Kotlin","SQL Lite","Gradle"]}]},{"jobId":8,"jobTitle":"Software Engg-2","jobDescription":"To develop andriod application","experience":["Google","Apple","Mobile Iron"],"project":[{"projectName":"Movie App","technology":["Kotlin","SQL Lite","Gradle"]}]},{"jobId":17,"jobTitle":"Software Engg-3","jobDescription":"To develop andriod application and web application","experience":["Google","Apple","Mobile Iron"],"project":[{"projectName":"Movie App","technology":["Kotlin","SQL Lite","Gradle","Jenkins"]},{"projectName":"Movie App","technology":["Kotlin","SQL Lite","Gradle","Jenkins"]}]},{"jobId":94,"jobTitle":"Software Engg-2","jobDescription":"To develop andriod application","experience":["Google","Apple","Mobile Iron"],"project":[{"projectName":"Movie App","technology":["Kotlin","SQL Lite","Gradle"]}]},{"jobId":83,"jobTitle":"Software Engg-3","jobDescription":"To develop andriod application and web application","experience":["Google","Apple","Mobile Iron"],"project":[{"projectName":"Movie App","technology":["Kotlin","SQL Lite","Gradle","Jenkins"]},{"projectName":"Movie App","technology":["Kotlin","SQL Lite","Gradle","Jenkins"]}]},{"jobId":75,"jobTitle":"Software Engg-2","jobDescription":"To develop andriod application","experience":["Google","Apple","Mobile Iron"],"project":[{"projectName":"Movie App","technology":["Kotlin","SQL Lite","Gradle"]}]},{"jobId":86,"jobTitle":"Software Engg-3","jobDescription":"To develop andriod application and web application","experience":["Google","Apple","Mobile Iron"],"project":[{"projectName":"Movie App","technology":["Kotlin","SQL Lite","Gradle","Jenkins"]},{"projectName":"Movie App","technology":["Kotlin","SQL Lite","Gradle","Jenkins"]}]},{"jobId":40,"jobTitle":"Software Engg-2","jobDescription":"To develop android application and web application","experience":["Google","Apple","Mobile Iron"],"project":[{"projectName":"Movie App","technology":["Kotlin","SQL Lite","Gradle"]}]},{"jobId":66,"jobTitle":"Software Engg-2","jobDescription":"To develop android application and web application","experience":["Google","Apple","Mobile Iron"],"project":[{"projectName":"Movie App","technology":["Kotlin","SQL Lite","Gradle"]}]},{"jobId":18,"jobTitle":"Software Engg-2","jobDescription":"To develop andriod application","experience":["Google","Apple","Mobile Iron"],"project":[{"projectName":"Movie App","technology":["Kotlin","SQL Lite","Gradle"]}]},{"jobId":42,"jobTitle":"Software Engg-2","jobDescription":"To develop andriod application","experience":["Google","Apple","Mobile Iron"],"project":[{"projectName":"Movie App","technology":["Kotlin","SQL Lite","Gradle"]}]},{"jobId":68,"jobTitle":"Software Engg-2","jobDescription":"To develop andriod application","experience":["Google","Apple","Mobile Iron"],"project":[{"projectName":"Movie App","technology":["Kotlin","SQL Lite","Gradle"]}]},{"jobId":96,"jobTitle":"Software Engg-2","jobDescription":"To develop andriod application","experience":["Google","Apple","Mobile Iron"],"project":[{"projectName":"Movie App","technology":["Kotlin","SQL Lite","Gradle"]}]},{"jobId":59,"jobTitle":"Software Engg-2","jobDescription":"To develop android application and web application","experience":["Google","Apple","Mobile Iron"],"project":[{"projectName":"Movie App","technology":["Kotlin","SQL Lite","Gradle"]}]},{"jobId":8,"jobTitle":"Software Engg-2","jobDescription":"To develop andriod application","experience":["Google","Apple","Mobile Iron"],"project":[{"projectName":"Movie App","technology":["Kotlin","SQL Lite","Gradle"]}]},{"jobId":32,"jobTitle":"Software Engg-2","jobDescription":"To develop andriod application","experience":["Google","Apple","Mobile Iron"],"project":[{"projectName":"Movie App","technology":["Kotlin","SQL Lite","Gradle"]}]},{"jobId":8,"jobTitle":"Software Engg-2","jobDescription":"To develop andriod application","experience":["Google","Apple","Mobile Iron"],"project":[{"projectName":"Movie App","technology":["Kotlin","SQL Lite","Gradle"]}]},{"jobId":9980,"jobTitle":"Software Engg-2","jobDescription":"To develop android application","experience":["Google","Apple","Mobile Iron"],"project":[{"projectName":"Movie App","technology":["Kotlin","SQL Lite","Gradle"]}]},{"jobId":6,"jobTitle":"Software Engg-2","jobDescription":"To develop andriod application","experience":["Google","Apple","Mobile Iron"],"project":[{"projectName":"Movie App","technology":["Kotlin","SQL Lite","Gradle"]}]},{"jobId":57,"jobTitle":"Software Engg-3","jobDescription":"To develop andriod application and web application","experience":["Google","Apple","Mobile Iron"],"project":[{"projectName":"Movie App","technology":["Kotlin","SQL Lite","Gradle","Jenkins"]},{"projectName":"Movie App","technology":["Kotlin","SQL Lite","Gradle","Jenkins"]}]},{"jobId":19,"jobTitle":"Software Engg-2","jobDescription":"To develop andriod application","experience":["Google","Apple","Mobile Iron"],"project":[{"projectName":"Movie App","technology":["Kotlin","SQL Lite","Gradle"]}]},{"jobId":29,"jobTitle":"Software Engg-3","jobDescription":"To develop andriod application and web application","experience":["Google","Apple","Mobile Iron"],"project":[{"projectName":"Movie App","technology":["Kotlin","SQL Lite","Gradle","Jenkins"]},{"projectName":"Movie App","technology":["Kotlin","SQL Lite","Gradle","Jenkins"]}]},{"jobId":90,"jobTitle":"Software Engg-2","jobDescription":"To develop android application and web application","experience":["Google","Apple","Mobile Iron"],"project":[{"projectName":"Movie App","technology":["Kotlin","SQL Lite","Gradle"]}]},{"jobId":60,"jobTitle":"Software Engg-3","jobDescription":"To develop andriod application and web application","experience":["Google","Apple","Mobile Iron"],"project":[{"projectName":"Movie App","technology":["Kotlin","SQL Lite","Gradle","Jenkins"]},{"projectName":"Movie App","technology":["Kotlin","SQL Lite","Gradle","Jenkins"]}]},{"jobId":92,"jobTitle":"Software Engg-2","jobDescription":"To develop android application and web application","experience":["Google","Apple","Mobile Iron"],"project":[{"projectName":"Movie App","technology":["Kotlin","SQL Lite","Gradle"]}]},{"jobId":90,"jobTitle":"Software Engg-2","jobDescription":"To develop andriod application","experience":["Google","Apple","Mobile Iron"],"project":[{"projectName":"Movie App","technology":["Kotlin","SQL Lite","Gradle"]}]},{"jobId":25,"jobTitle":"Software Engg-2","jobDescription":"To develop andriod application","experience":["Google","Apple","Mobile Iron"],"project":[{"projectName":"Movie App","technology":["Kotlin","SQL Lite","Gradle"]}]},{"jobId":0,"jobTitle":"Software Engg-2","jobDescription":"To develop android application and web application","experience":["Google","Apple","Mobile Iron"],"project":[{"projectName":"Movie App","technology":["Kotlin","SQL Lite","Gradle"]}]},{"jobId":53,"jobTitle":"Software Engg-2","jobDescription":"To develop andriod application","experience":["Google","Apple","Mobile Iron"],"project":[{"projectName":"Movie App","technology":["Kotlin","SQL Lite","Gradle"]}]},{"jobId":37,"jobTitle":"Software Engg-2","jobDescription":"To develop android application and web application","experience":["Google","Apple","Mobile Iron"],"project":[{"projectName":"Movie App","technology":["Kotlin","SQL Lite","Gradle"]}]},{"jobId":41,"jobTitle":"Software Engg-2","jobDescription":"To develop andriod application","experience":["Google","Apple","Mobile Iron"],"project":[{"projectName":"Movie App","technology":["Kotlin","SQL Lite","Gradle"]}]},{"jobId":40,"jobTitle":"Software Engg-2","jobDescription":"To develop andriod application","experience":["Google","Apple","Mobile Iron"],"project":[{"projectName":"Movie App","technology":["Kotlin","SQL Lite","Gradle"]}]},{"jobId":0,"jobTitle":"Software Engg-2","jobDescription":"To develop andriod application","experience":["Google","Apple","Mobile Iron"],"project":[{"projectName":"Movie App","technology":["Kotlin","SQL Lite","Gradle"]}]},{"jobId":76,"jobTitle":"Software Engg-2","jobDescription":"To develop andriod application","experience":["Google","Apple","Mobile Iron"],"project":[{"projectName":"Movie App","technology":["Kotlin","SQL Lite","Gradle"]}]},{"jobId":49,"jobTitle":"Software Engg-2","jobDescription":"To develop andriod application","experience":["Google","Apple","Mobile Iron"],"project":[{"projectName":"Movie App","technology":["Kotlin","SQL Lite","Gradle"]}]},{"jobId":9980,"jobTitle":"Software Engg-2","jobDescription":"To develop android application","experience":["Google","Apple","Mobile Iron"],"project":[{"projectName":"Movie App","technology":["Kotlin","SQL Lite","Gradle"]}]},{"jobId":8,"jobTitle":"Software Engg-2","jobDescription":"To develop andriod application","experience":["Google","Apple","Mobile Iron"],"project":[{"projectName":"Movie App","technology":["Kotlin","SQL Lite","Gradle"]}]},{"jobId":79,"jobTitle":"Software Engg-2","jobDescription":"To develop andriod application","experience":["Google","Apple","Mobile Iron"],"project":[{"projectName":"Movie App","technology":["Kotlin","SQL Lite","Gradle"]}]},{"jobId":8,"jobTitle":"Software Engg-2","jobDescription":"To develop andriod application","experience":["Google","Apple","Mobile Iron"],"project":[{"projectName":"Movie App","technology":["Kotlin","SQL Lite","Gradle"]}]},{"jobId":39,"jobTitle":"Software Engg-3","jobDescription":"To develop andriod application and web application","experience":["Google","Apple","Mobile Iron"],"project":[{"projectName":"Movie App","technology":["Kotlin","SQL Lite","Gradle","Jenkins"]},{"projectName":"Movie App","technology":["Kotlin","SQL Lite","Gradle","Jenkins"]}]},{"jobId":96,"jobTitle":"Software Engg-2","jobDescription":"To develop andriod application","experience":["Google","Apple","Mobile Iron"],"project":[{"projectName":"Movie App","technology":["Kotlin","SQL Lite","Gradle"]}]},{"jobId":28,"jobTitle":"Software Engg-3","jobDescription":"To develop andriod application and web application","experience":["Google","Apple","Mobile Iron"],"project":[{"projectName":"Movie App","technology":["Kotlin","SQL Lite","Gradle","Jenkins"]},{"projectName":"Movie App","technology":["Kotlin","SQL Lite","Gradle","Jenkins"]}]},{"jobId":80,"jobTitle":"Software Engg-2","jobDescription":"To develop andriod application","experience":["Google","Apple","Mobile Iron"],"project":[{"projectName":"Movie App","technology":["Kotlin","SQL Lite","Gradle"]}]},{"jobId":130,"jobTitle":"Software Engg-3","jobDescription":"To develop andriod application and web application","experience":["Google","Apple","Mobile Iron"],"project":[{"projectName":"Movie App","technology":["Kotlin","SQL Lite","Gradle","Jenkins"]},{"projectName":"Movie App","technology":["Kotlin","SQL Lite","Gradle","Jenkins"]}]},{"jobId":74,"jobTitle":"Software Engg-3","jobDescription":"To develop andriod application and web application","experience":["Google","Apple","Mobile Iron"],"project":[{"projectName":"Movie App","technology":["Kotlin","SQL Lite","Gradle","Jenkins"]},{"projectName":"Movie App","technology":["Kotlin","SQL Lite","Gradle","Jenkins"]}]},{"jobId":10,"jobTitle":"Software Engg-2","jobDescription":"To develop andriod application","experience":["Google","Apple","Mobile Iron"],"project":[{"projectName":"Movie App","technology":["Kotlin","SQL Lite","Gradle"]}]}]
01:15:28.099 [pool-1-thread-1] INFO  com.intuit.karate - karate.env system property was: null 
01:15:28.088 [pool-1-thread-4] DEBUG com.intuit.karate - response time in milliseconds: 43
1 < 201
1 < X-Content-Type-Options: nosniff
1 < X-XSS-Protection: 1; mode=block
1 < Cache-Control: no-cache, no-store, max-age=0, must-revalidate
1 < Pragma: no-cache
1 < Expires: 0
1 < X-Frame-Options: DENY
1 < Content-Type: application/json
1 < Transfer-Encoding: chunked
1 < Date: Wed, 19 Jan 2022 19:45:28 GMT
1 < Keep-Alive: timeout=60
1 < Connection: keep-alive
{"jobId":77,"jobTitle":"Software Engg-2","jobDescription":"To develop andriod application","experience":["Google","Apple","Mobile Iron"],"project":[{"projectName":"Movie App","technology":["Kotlin","SQL Lite","Gradle"]}]}
01:15:28.100 [pool-1-thread-1] ERROR com.intuit.karate - classpath:com/api/automation/getrequest/getRequest2.feature:5
Given the application url 'www.google.com'
no step-definition method match found for: the application url 'www.google.com'
classpath:com/api/automation/getrequest/getRequest2.feature:5
01:15:28.102 [pool-1-thread-3] DEBUG com.intuit.karate - request:
1 > DELETE http://localhost:9897/normal/webapi/remove/54
1 > Accept: application/json
1 > Host: localhost:9897
1 > Connection: Keep-Alive
1 > User-Agent: Apache-HttpClient/4.5.13 (Java/11.0.13)
1 > Accept-Encoding: gzip,deflate


01:15:28.105 [pool-1-thread-1] INFO  com.intuit.karate - karate.env system property was: null 
01:15:28.106 [pool-1-thread-1] ERROR com.intuit.karate - classpath:com/api/automation/getrequest/getRequest2.feature:12
Given the application url 'www.google.com'
no step-definition method match found for: the application url 'www.google.com'
classpath:com/api/automation/getrequest/getRequest2.feature:12
01:15:28.111 [pool-1-thread-4] DEBUG com.intuit.karate - request:
1 > PATCH http://localhost:9897/normal/webapi/update/details?jobTitle=Software+Engg-2&jobDescription=To+develop+android+application+and+web+application&id=77
1 > Accept: application/json
1 > Content-Type: application/json; charset=UTF-8
1 > Content-Length: 2
1 > Host: localhost:9897
1 > Connection: Keep-Alive
1 > User-Agent: Apache-HttpClient/4.5.13 (Java/11.0.13)
1 > Accept-Encoding: gzip,deflate
{}

01:15:28.111 [pool-1-thread-1] INFO  com.intuit.karate - karate.env system property was: null 
01:15:28.114 [pool-1-thread-1] DEBUG com.intuit.karate - request:
1 > GET http://localhost:9897/normal/webapi/all
1 > Host: localhost:9897
1 > Connection: Keep-Alive
1 > User-Agent: Apache-HttpClient/4.5.13 (Java/11.0.13)
1 > Accept-Encoding: gzip,deflate


01:15:28.121 [pool-1-thread-5] INFO  com.intuit.karate - karate.env system property was: null 
01:15:28.124 [pool-1-thread-5] INFO  com.intuit.karate - [print] this is background keyword 
01:15:28.128 [pool-1-thread-5] DEBUG com.intuit.karate - request:
1 > GET http://localhost:9897/normal/webapi/all
1 > Accept: application/json
1 > Host: localhost:9897
1 > Connection: Keep-Alive
1 > User-Agent: Apache-HttpClient/4.5.13 (Java/11.0.13)
1 > Accept-Encoding: gzip,deflate


01:15:28.186 [pool-1-thread-3] DEBUG com.intuit.karate - response time in milliseconds: 83
1 < 200
1 < X-Content-Type-Options: nosniff
1 < X-XSS-Protection: 1; mode=block
1 < Cache-Control: no-cache, no-store, max-age=0, must-revalidate
1 < Pragma: no-cache
1 < Expires: 0
1 < X-Frame-Options: DENY
1 < Content-Type: application/json
1 < Transfer-Encoding: chunked
1 < Date: Wed, 19 Jan 2022 19:45:28 GMT
1 < Keep-Alive: timeout=60
1 < Connection: keep-alive
{"jobId":54,"jobTitle":"Software Engg-2","jobDescription":"To develop andriod application","experience":["Google","Apple","Mobile Iron"],"project":[{"projectName":"Movie App","technology":["Kotlin","SQL Lite","Gradle"]}]}
01:15:28.187 [pool-1-thread-4] DEBUG com.intuit.karate - response time in milliseconds: 76
1 < 200
1 < X-Content-Type-Options: nosniff
1 < X-XSS-Protection: 1; mode=block
1 < Cache-Control: no-cache, no-store, max-age=0, must-revalidate
1 < Pragma: no-cache
1 < Expires: 0
1 < X-Frame-Options: DENY
1 < Content-Type: application/json
1 < Transfer-Encoding: chunked
1 < Date: Wed, 19 Jan 2022 19:45:28 GMT
1 < Keep-Alive: timeout=60
1 < Connection: keep-alive
{"jobId":77,"jobTitle":"Software Engg-2","jobDescription":"To develop android application and web application","experience":["Google","Apple","Mobile Iron"],"project":[{"projectName":"Movie App","technology":["Kotlin","SQL Lite","Gradle"]}]}
01:15:28.189 [pool-1-thread-4] DEBUG c.intuit.karate.core.ScenarioEngine - over-writing existing variable 'jobId' with new value: response.jobId
01:15:28.190 [pool-1-thread-4] DEBUG c.intuit.karate.core.ScenarioEngine - over-writing existing variable 'jobTitle' with new value: response.jobTitle
01:15:28.191 [pool-1-thread-3] DEBUG com.intuit.karate - request:
2 > GET http://localhost:9897/normal/webapi/find?jobTitle=Software+Engg-2&id=54
2 > Accept: application/json
2 > Host: localhost:9897
2 > Connection: Keep-Alive
2 > User-Agent: Apache-HttpClient/4.5.13 (Java/11.0.13)
2 > Accept-Encoding: gzip,deflate


01:15:28.192 [pool-1-thread-1] DEBUG com.intuit.karate - response time in milliseconds: 78
1 < 200
1 < X-Content-Type-Options: nosniff
1 < X-XSS-Protection: 1; mode=block
1 < Cache-Control: no-cache, no-store, max-age=0, must-revalidate
1 < Pragma: no-cache
1 < Expires: 0
1 < X-Frame-Options: DENY
1 < Content-Type: application/json
1 < Transfer-Encoding: chunked
1 < Date: Wed, 19 Jan 2022 19:45:28 GMT
1 < Keep-Alive: timeout=60
1 < Connection: keep-alive
[{"jobId":1,"jobTitle":"Software Engg","jobDescription":"To develop andriod application","experience":["Google","Apple","Mobile Iron"],"project":[{"projectName":"Movie App","technology":["Kotlin","SQL Lite","Gradle"]}]},{"jobId":68,"jobTitle":"Software Engg-2","jobDescription":"To develop android application and web application","experience":["Google","Apple","Mobile Iron"],"project":[{"projectName":"Movie App","technology":["Kotlin","SQL Lite","Gradle","Jenkins"]},{"projectName":"Movie App","technology":["Kotlin","SQL Lite","Gradle","Jenkins"]}]},{"jobId":34,"jobTitle":"Software Engg-3","jobDescription":"To develop andriod application and web application","experience":["Google","Apple","Mobile Iron"],"project":[{"projectName":"Movie App","technology":["Kotlin","SQL Lite","Gradle","Jenkins"]},{"projectName":"Movie App","technology":["Kotlin","SQL Lite","Gradle","Jenkins"]}]},{"jobId":41,"jobTitle":"Software Engg-2","jobDescription":"To develop android application and web application","experience":["Google","Apple","Mobile Iron"],"project":[{"projectName":"Movie App","technology":["Kotlin","SQL Lite","Gradle","Jenkins"]},{"projectName":"Movie App","technology":["Kotlin","SQL Lite","Gradle","Jenkins"]}]},{"jobId":12,"jobTitle":"Software Engg-2","jobDescription":"To develop andriod application","experience":["Google","Apple","Mobile Iron"],"project":[{"projectName":"Movie App","technology":["Kotlin","SQL Lite","Gradle"]}]},{"jobId":73,"jobTitle":"Software Engg-3","jobDescription":"To develop andriod application and web application","experience":["Google","Apple","Mobile Iron"],"project":[{"projectName":"Movie App","technology":["Kotlin","SQL Lite","Gradle","Jenkins"]},{"projectName":"Movie App","technology":["Kotlin","SQL Lite","Gradle","Jenkins"]}]},{"jobId":99999,"jobTitle":"Software Engg-2","jobDescription":"To develop andriod application","experience":["Google","Apple","Mobile Iron"],"project":[{"projectName":"Movie App","technology":["Kotlin","SQL Lite","Gradle"]}]},{"jobId":38,"jobTitle":"Software Engg-3","jobDescription":"To develop andriod application and web application","experience":["Google","Apple","Mobile Iron"],"project":[{"projectName":"Movie App","technology":["Kotlin","SQL Lite","Gradle","Jenkins"]},{"projectName":"Movie App","technology":["Kotlin","SQL Lite","Gradle","Jenkins"]}]},{"jobId":96,"jobTitle":"Software Engg-3","jobDescription":"To develop andriod application and web application","experience":["Google","Apple","Mobile Iron"],"project":[{"projectName":"Movie App","technology":["Kotlin","SQL Lite","Gradle","Jenkins"]},{"projectName":"Movie App","technology":["Kotlin","SQL Lite","Gradle","Jenkins"]}]},{"jobId":48,"jobTitle":"Software Engg-2","jobDescription":"To develop andriod application","experience":["Google","Apple","Mobile Iron"],"project":[{"projectName":"Movie App","technology":["Kotlin","SQL Lite","Gradle"]}]},{"jobId":6,"jobTitle":"Software Engg-3","jobDescription":"To develop andriod application and web application","experience":["Google","Apple","Mobile Iron"],"project":[{"projectName":"Movie App","technology":["Kotlin","SQL Lite","Gradle","Jenkins"]},{"projectName":"Movie App","technology":["Kotlin","SQL Lite","Gradle","Jenkins"]}]},{"jobId":88,"jobTitle":"Software Engg-2","jobDescription":"To develop android application and web application","experience":["Google","Apple","Mobile Iron"],"project":[{"projectName":"Movie App","technology":["Kotlin","SQL Lite","Gradle"]}]},{"jobId":9,"jobTitle":"Software Engg-3","jobDescription":"To develop andriod application and web application","experience":["Google","Apple","Mobile Iron"],"project":[{"projectName":"Movie App","technology":["Kotlin","SQL Lite","Gradle","Jenkins"]},{"projectName":"Movie App","technology":["Kotlin","SQL Lite","Gradle","Jenkins"]}]},{"jobId":8,"jobTitle":"Software Engg-2","jobDescription":"To develop andriod application","experience":["Google","Apple","Mobile Iron"],"project":[{"projectName":"Movie App","technology":["Kotlin","SQL Lite","Gradle"]}]},{"jobId":7,"jobTitle":"Software Engg-3","jobDescription":"To develop andriod application and web application","experience":["Google","Apple","Mobile Iron"],"project":[{"projectName":"Movie App","technology":["Kotlin","SQL Lite","Gradle","Jenkins"]},{"projectName":"Movie App","technology":["Kotlin","SQL Lite","Gradle","Jenkins"]}]},{"jobId":13,"jobTitle":"Software Engg-2","jobDescription":"To develop andriod application","experience":["Google","Apple","Mobile Iron"],"project":[{"projectName":"Movie App","technology":["Kotlin","SQL Lite","Gradle"]}]},{"jobId":53,"jobTitle":"Software Engg-2","jobDescription":"To develop android application and web application","experience":["Google","Apple","Mobile Iron"],"project":[{"projectName":"Movie App","technology":["Kotlin","SQL Lite","Gradle"]}]},{"jobId":8,"jobTitle":"Software Engg-2","jobDescription":"To develop andriod application","experience":["Google","Apple","Mobile Iron"],"project":[{"projectName":"Movie App","technology":["Kotlin","SQL Lite","Gradle"]}]},{"jobId":8,"jobTitle":"Software Engg-2","jobDescription":"To develop andriod application","experience":["Google","Apple","Mobile Iron"],"project":[{"projectName":"Movie App","technology":["Kotlin","SQL Lite","Gradle"]}]},{"jobId":9980,"jobTitle":"Software Engg-2","jobDescription":"To develop android application","experience":["Google","Apple","Mobile Iron"],"project":[{"projectName":"Movie App","technology":["Kotlin","SQL Lite","Gradle"]}]},{"jobId":80,"jobTitle":"Software Engg-2","jobDescription":"To develop andriod application","experience":["Google","Apple","Mobile Iron"],"project":[{"projectName":"Movie App","technology":["Kotlin","SQL Lite","Gradle"]}]},{"jobId":49,"jobTitle":"Software Engg-2","jobDescription":"To develop android application and web application","experience":["Google","Apple","Mobile Iron"],"project":[{"projectName":"Movie App","technology":["Kotlin","SQL Lite","Gradle","Jenkins"]},{"projectName":"Movie App","technology":["Kotlin","SQL Lite","Gradle","Jenkins"]}]},{"jobId":82,"jobTitle":"Software Engg-3","jobDescription":"To develop andriod application and web application","experience":["Google","Apple","Mobile Iron"],"project":[{"projectName":"Movie App","technology":["Kotlin","SQL Lite","Gradle","Jenkins"]},{"projectName":"Movie App","technology":["Kotlin","SQL Lite","Gradle","Jenkins"]}]},{"jobId":45,"jobTitle":"Software Engg-3","jobDescription":"To develop andriod application and web application","experience":["Google","Apple","Mobile Iron"],"project":[{"projectName":"Movie App","technology":["Kotlin","SQL Lite","Gradle","Jenkins"]},{"projectName":"Movie App","technology":["Kotlin","SQL Lite","Gradle","Jenkins"]}]},{"jobId":26,"jobTitle":"Software Engg-2","jobDescription":"To develop andriod application","experience":["Google","Apple","Mobile Iron"],"project":[{"projectName":"Movie App","technology":["Kotlin","SQL Lite","Gradle"]}]},{"jobId":8,"jobTitle":"Software Engg-2","jobDescription":"To develop andriod application","experience":["Google","Apple","Mobile Iron"],"project":[{"projectName":"Movie App","technology":["Kotlin","SQL Lite","Gradle"]}]},{"jobId":75,"jobTitle":"Software Engg-2","jobDescription":"To develop andriod application","experience":["Google","Apple","Mobile Iron"],"project":[{"projectName":"Movie App","technology":["Kotlin","SQL Lite","Gradle"]}]},{"jobId":8,"jobTitle":"Software Engg-2","jobDescription":"To develop andriod application","experience":["Google","Apple","Mobile Iron"],"project":[{"projectName":"Movie App","technology":["Kotlin","SQL Lite","Gradle"]}]},{"jobId":9980,"jobTitle":"Software Engg-2","jobDescription":"To develop android application","experience":["Google","Apple","Mobile Iron"],"project":[{"projectName":"Movie App","technology":["Kotlin","SQL Lite","Gradle"]}]},{"jobId":84,"jobTitle":"Software Engg-2","jobDescription":"To develop andriod application","experience":["Google","Apple","Mobile Iron"],"project":[{"projectName":"Movie App","technology":["Kotlin","SQL Lite","Gradle"]}]},{"jobId":31,"jobTitle":"Software Engg-3","jobDescription":"To develop andriod application and web application","experience":["Google","Apple","Mobile Iron"],"project":[{"projectName":"Movie App","technology":["Kotlin","SQL Lite","Gradle","Jenkins"]},{"projectName":"Movie App","technology":["Kotlin","SQL Lite","Gradle","Jenkins"]}]},{"jobId":87,"jobTitle":"Software Engg-2","jobDescription":"To develop andriod application","experience":["Google","Apple","Mobile Iron"],"project":[{"projectName":"Movie App","technology":["Kotlin","SQL Lite","Gradle"]}]},{"jobId":93,"jobTitle":"Software Engg-3","jobDescription":"To develop andriod application and web application","experience":["Google","Apple","Mobile Iron"],"project":[{"projectName":"Movie App","technology":["Kotlin","SQL Lite","Gradle","Jenkins"]},{"projectName":"Movie App","technology":["Kotlin","SQL Lite","Gradle","Jenkins"]}]},{"jobId":53,"jobTitle":"Software Engg-2","jobDescription":"To develop andriod application","experience":["Google","Apple","Mobile Iron"],"project":[{"projectName":"Movie App","technology":["Kotlin","SQL Lite","Gradle"]}]},{"jobId":51,"jobTitle":"Software Engg-2","jobDescription":"To develop andriod application","experience":["Google","Apple","Mobile Iron"],"project":[{"projectName":"Movie App","technology":["Kotlin","SQL Lite","Gradle"]}]},{"jobId":19,"jobTitle":"Software Engg-2","jobDescription":"To develop andriod application","experience":["Google","Apple","Mobile Iron"],"project":[{"projectName":"Movie App","technology":["Kotlin","SQL Lite","Gradle"]}]},{"jobId":93,"jobTitle":"Software Engg-2","jobDescription":"To develop andriod application","experience":["Google","Apple","Mobile Iron"],"project":[{"projectName":"Movie App","technology":["Kotlin","SQL Lite","Gradle"]}]},{"jobId":32,"jobTitle":"Software Engg-2","jobDescription":"To develop android application and web application","experience":["Google","Apple","Mobile Iron"],"project":[{"projectName":"Movie App","technology":["Kotlin","SQL Lite","Gradle"]}]},{"jobId":71,"jobTitle":"Software Engg-2","jobDescription":"To develop android application and web application","experience":["Google","Apple","Mobile Iron"],"project":[{"projectName":"Movie App","technology":["Kotlin","SQL Lite","Gradle"]}]},{"jobId":23,"jobTitle":"Software Engg-2","jobDescription":"To develop android application and web application","experience":["Google","Apple","Mobile Iron"],"project":[{"projectName":"Movie App","technology":["Kotlin","SQL Lite","Gradle"]}]},{"jobId":31,"jobTitle":"Software Engg-2","jobDescription":"To develop andriod application","experience":["Google","Apple","Mobile Iron"],"project":[{"projectName":"Movie App","technology":["Kotlin","SQL Lite","Gradle"]}]},{"jobId":10,"jobTitle":"Software Engg-2","jobDescription":"To develop andriod application","experience":["Google","Apple","Mobile Iron"],"project":[{"projectName":"Movie App","technology":["Kotlin","SQL Lite","Gradle"]}]},{"jobId":8,"jobTitle":"Software Engg-2","jobDescription":"To develop andriod application","experience":["Google","Apple","Mobile Iron"],"project":[{"projectName":"Movie App","technology":["Kotlin","SQL Lite","Gradle"]}]},{"jobId":38,"jobTitle":"Software Engg-2","jobDescription":"To develop andriod application","experience":["Google","Apple","Mobile Iron"],"project":[{"projectName":"Movie App","technology":["Kotlin","SQL Lite","Gradle"]}]},{"jobId":8,"jobTitle":"Software Engg-2","jobDescription":"To develop andriod application","experience":["Google","Apple","Mobile Iron"],"project":[{"projectName":"Movie App","technology":["Kotlin","SQL Lite","Gradle"]}]},{"jobId":9980,"jobTitle":"Software Engg-2","jobDescription":"To develop android application","experience":["Google","Apple","Mobile Iron"],"project":[{"projectName":"Movie App","technology":["Kotlin","SQL Lite","Gradle"]}]},{"jobId":5,"jobTitle":"Software Engg-3","jobDescription":"To develop andriod application and web application","experience":["Google","Apple","Mobile Iron"],"project":[{"projectName":"Movie App","technology":["Kotlin","SQL Lite","Gradle","Jenkins"]},{"projectName":"Movie App","technology":["Kotlin","SQL Lite","Gradle","Jenkins"]}]},{"jobId":16,"jobTitle":"Software Engg-3","jobDescription":"To develop andriod application and web application","experience":["Google","Apple","Mobile Iron"],"project":[{"projectName":"Movie App","technology":["Kotlin","SQL Lite","Gradle","Jenkins"]},{"projectName":"Movie App","technology":["Kotlin","SQL Lite","Gradle","Jenkins"]}]},{"jobId":1,"jobTitle":"Software Engg-2","jobDescription":"To develop andriod application","experience":["Google","Apple","Mobile Iron"],"project":[{"projectName":"Movie App","technology":["Kotlin","SQL Lite","Gradle"]}]},{"jobId":7,"jobTitle":"Software Engg-2","jobDescription":"To develop andriod application","experience":["Google","Apple","Mobile Iron"],"project":[{"projectName":"Movie App","technology":["Kotlin","SQL Lite","Gradle"]}]},{"jobId":35,"jobTitle":"Software Engg-2","jobDescription":"To develop android application and web application","experience":["Google","Apple","Mobile Iron"],"project":[{"projectName":"Movie App","technology":["Kotlin","SQL Lite","Gradle"]}]},{"jobId":48,"jobTitle":"Software Engg-2","jobDescription":"To develop andriod application","experience":["Google","Apple","Mobile Iron"],"project":[{"projectName":"Movie App","technology":["Kotlin","SQL Lite","Gradle"]}]},{"jobId":2,"jobTitle":"Software Engg-2","jobDescription":"To develop andriod application","experience":["Google","Apple","Mobile Iron"],"project":[{"projectName":"Movie App","technology":["Kotlin","SQL Lite","Gradle"]}]},{"jobId":88,"jobTitle":"Software Engg-2","jobDescription":"To develop andriod application","experience":["Google","Apple","Mobile Iron"],"project":[{"projectName":"Movie App","technology":["Kotlin","SQL Lite","Gradle"]}]},{"jobId":21,"jobTitle":"Software Engg-2","jobDescription":"To develop andriod application","experience":["Google","Apple","Mobile Iron"],"project":[{"projectName":"Movie App","technology":["Kotlin","SQL Lite","Gradle"]}]},{"jobId":71,"jobTitle":"Software Engg-2","jobDescription":"To develop andriod application","experience":["Google","Apple","Mobile Iron"],"project":[{"projectName":"Movie App","technology":["Kotlin","SQL Lite","Gradle"]}]},{"jobId":8,"jobTitle":"Software Engg-2","jobDescription":"To develop andriod application","experience":["Google","Apple","Mobile Iron"],"project":[{"projectName":"Movie App","technology":["Kotlin","SQL Lite","Gradle"]}]},{"jobId":94,"jobTitle":"Software Engg-2","jobDescription":"To develop andriod application","experience":["Google","Apple","Mobile Iron"],"project":[{"projectName":"Movie App","technology":["Kotlin","SQL Lite","Gradle"]}]},{"jobId":8,"jobTitle":"Software Engg-2","jobDescription":"To develop andriod application","experience":["Google","Apple","Mobile Iron"],"project":[{"projectName":"Movie App","technology":["Kotlin","SQL Lite","Gradle"]}]},{"jobId":9980,"jobTitle":"Software Engg-2","jobDescription":"To develop android application","experience":["Google","Apple","Mobile Iron"],"project":[{"projectName":"Movie App","technology":["Kotlin","SQL Lite","Gradle"]}]},{"jobId":89,"jobTitle":"Software Engg-3","jobDescription":"To develop andriod application and web application","experience":["Google","Apple","Mobile Iron"],"project":[{"projectName":"Movie App","technology":["Kotlin","SQL Lite","Gradle","Jenkins"]},{"projectName":"Movie App","technology":["Kotlin","SQL Lite","Gradle","Jenkins"]}]},{"jobId":35,"jobTitle":"Software Engg-2","jobDescription":"To develop andriod application","experience":["Google","Apple","Mobile Iron"],"project":[{"projectName":"Movie App","technology":["Kotlin","SQL Lite","Gradle"]}]},{"jobId":77,"jobTitle":"Software Engg-2","jobDescription":"To develop android application and web application","experience":["Google","Apple","Mobile Iron"],"project":[{"projectName":"Movie App","technology":["Kotlin","SQL Lite","Gradle"]}]},{"jobId":50,"jobTitle":"Software Engg-3","jobDescription":"To develop andriod application and web application","experience":["Google","Apple","Mobile Iron"],"project":[{"projectName":"Movie App","technology":["Kotlin","SQL Lite","Gradle","Jenkins"]},{"projectName":"Movie App","technology":["Kotlin","SQL Lite","Gradle","Jenkins"]}]},{"jobId":33,"jobTitle":"Software Engg-2","jobDescription":"To develop andriod application","experience":["Google","Apple","Mobile Iron"],"project":[{"projectName":"Movie App","technology":["Kotlin","SQL Lite","Gradle"]}]},{"jobId":78,"jobTitle":"Software Engg-2","jobDescription":"To develop android application and web application","experience":["Google","Apple","Mobile Iron"],"project":[{"projectName":"Movie App","technology":["Kotlin","SQL Lite","Gradle"]}]},{"jobId":3,"jobTitle":"Software Engg-2","jobDescription":"To develop android application and web application","experience":["Google","Apple","Mobile Iron"],"project":[{"projectName":"Movie App","technology":["Kotlin","SQL Lite","Gradle"]}]},{"jobId":18,"jobTitle":"Software Engg-2","jobDescription":"To develop android application and web application","experience":["Google","Apple","Mobile Iron"],"project":[{"projectName":"Movie App","technology":["Kotlin","SQL Lite","Gradle"]}]},{"jobId":4,"jobTitle":"Software Engg-2","jobDescription":"To develop android application and web application","experience":["Google","Apple","Mobile Iron"],"project":[{"projectName":"Movie App","technology":["Kotlin","SQL Lite","Gradle"]}]},{"jobId":8,"jobTitle":"Software Engg-2","jobDescription":"To develop andriod application","experience":["Google","Apple","Mobile Iron"],"project":[{"projectName":"Movie App","technology":["Kotlin","SQL Lite","Gradle"]}]},{"jobId":9980,"jobTitle":"Software Engg-2","jobDescription":"To develop android application","experience":["Google","Apple","Mobile Iron"],"project":[{"projectName":"Movie App","technology":["Kotlin","SQL Lite","Gradle"]}]},{"jobId":8,"jobTitle":"Software Engg-2","jobDescription":"To develop andriod application","experience":["Google","Apple","Mobile Iron"],"project":[{"projectName":"Movie App","technology":["Kotlin","SQL Lite","Gradle"]}]},{"jobId":17,"jobTitle":"Software Engg-3","jobDescription":"To develop andriod application and web application","experience":["Google","Apple","Mobile Iron"],"project":[{"projectName":"Movie App","technology":["Kotlin","SQL Lite","Gradle","Jenkins"]},{"projectName":"Movie App","technology":["Kotlin","SQL Lite","Gradle","Jenkins"]}]},{"jobId":94,"jobTitle":"Software Engg-2","jobDescription":"To develop andriod application","experience":["Google","Apple","Mobile Iron"],"project":[{"projectName":"Movie App","technology":["Kotlin","SQL Lite","Gradle"]}]},{"jobId":83,"jobTitle":"Software Engg-3","jobDescription":"To develop andriod application and web application","experience":["Google","Apple","Mobile Iron"],"project":[{"projectName":"Movie App","technology":["Kotlin","SQL Lite","Gradle","Jenkins"]},{"projectName":"Movie App","technology":["Kotlin","SQL Lite","Gradle","Jenkins"]}]},{"jobId":75,"jobTitle":"Software Engg-2","jobDescription":"To develop andriod application","experience":["Google","Apple","Mobile Iron"],"project":[{"projectName":"Movie App","technology":["Kotlin","SQL Lite","Gradle"]}]},{"jobId":86,"jobTitle":"Software Engg-3","jobDescription":"To develop andriod application and web application","experience":["Google","Apple","Mobile Iron"],"project":[{"projectName":"Movie App","technology":["Kotlin","SQL Lite","Gradle","Jenkins"]},{"projectName":"Movie App","technology":["Kotlin","SQL Lite","Gradle","Jenkins"]}]},{"jobId":40,"jobTitle":"Software Engg-2","jobDescription":"To develop android application and web application","experience":["Google","Apple","Mobile Iron"],"project":[{"projectName":"Movie App","technology":["Kotlin","SQL Lite","Gradle"]}]},{"jobId":66,"jobTitle":"Software Engg-2","jobDescription":"To develop android application and web application","experience":["Google","Apple","Mobile Iron"],"project":[{"projectName":"Movie App","technology":["Kotlin","SQL Lite","Gradle"]}]},{"jobId":18,"jobTitle":"Software Engg-2","jobDescription":"To develop andriod application","experience":["Google","Apple","Mobile Iron"],"project":[{"projectName":"Movie App","technology":["Kotlin","SQL Lite","Gradle"]}]},{"jobId":42,"jobTitle":"Software Engg-2","jobDescription":"To develop andriod application","experience":["Google","Apple","Mobile Iron"],"project":[{"projectName":"Movie App","technology":["Kotlin","SQL Lite","Gradle"]}]},{"jobId":68,"jobTitle":"Software Engg-2","jobDescription":"To develop andriod application","experience":["Google","Apple","Mobile Iron"],"project":[{"projectName":"Movie App","technology":["Kotlin","SQL Lite","Gradle"]}]},{"jobId":96,"jobTitle":"Software Engg-2","jobDescription":"To develop andriod application","experience":["Google","Apple","Mobile Iron"],"project":[{"projectName":"Movie App","technology":["Kotlin","SQL Lite","Gradle"]}]},{"jobId":59,"jobTitle":"Software Engg-2","jobDescription":"To develop android application and web application","experience":["Google","Apple","Mobile Iron"],"project":[{"projectName":"Movie App","technology":["Kotlin","SQL Lite","Gradle"]}]},{"jobId":8,"jobTitle":"Software Engg-2","jobDescription":"To develop andriod application","experience":["Google","Apple","Mobile Iron"],"project":[{"projectName":"Movie App","technology":["Kotlin","SQL Lite","Gradle"]}]},{"jobId":32,"jobTitle":"Software Engg-2","jobDescription":"To develop andriod application","experience":["Google","Apple","Mobile Iron"],"project":[{"projectName":"Movie App","technology":["Kotlin","SQL Lite","Gradle"]}]},{"jobId":8,"jobTitle":"Software Engg-2","jobDescription":"To develop andriod application","experience":["Google","Apple","Mobile Iron"],"project":[{"projectName":"Movie App","technology":["Kotlin","SQL Lite","Gradle"]}]},{"jobId":9980,"jobTitle":"Software Engg-2","jobDescription":"To develop android application","experience":["Google","Apple","Mobile Iron"],"project":[{"projectName":"Movie App","technology":["Kotlin","SQL Lite","Gradle"]}]},{"jobId":6,"jobTitle":"Software Engg-2","jobDescription":"To develop andriod application","experience":["Google","Apple","Mobile Iron"],"project":[{"projectName":"Movie App","technology":["Kotlin","SQL Lite","Gradle"]}]},{"jobId":57,"jobTitle":"Software Engg-3","jobDescription":"To develop andriod application and web application","experience":["Google","Apple","Mobile Iron"],"project":[{"projectName":"Movie App","technology":["Kotlin","SQL Lite","Gradle","Jenkins"]},{"projectName":"Movie App","technology":["Kotlin","SQL Lite","Gradle","Jenkins"]}]},{"jobId":19,"jobTitle":"Software Engg-2","jobDescription":"To develop andriod application","experience":["Google","Apple","Mobile Iron"],"project":[{"projectName":"Movie App","technology":["Kotlin","SQL Lite","Gradle"]}]},{"jobId":29,"jobTitle":"Software Engg-3","jobDescription":"To develop andriod application and web application","experience":["Google","Apple","Mobile Iron"],"project":[{"projectName":"Movie App","technology":["Kotlin","SQL Lite","Gradle","Jenkins"]},{"projectName":"Movie App","technology":["Kotlin","SQL Lite","Gradle","Jenkins"]}]},{"jobId":90,"jobTitle":"Software Engg-2","jobDescription":"To develop android application and web application","experience":["Google","Apple","Mobile Iron"],"project":[{"projectName":"Movie App","technology":["Kotlin","SQL Lite","Gradle"]}]},{"jobId":60,"jobTitle":"Software Engg-3","jobDescription":"To develop andriod application and web application","experience":["Google","Apple","Mobile Iron"],"project":[{"projectName":"Movie App","technology":["Kotlin","SQL Lite","Gradle","Jenkins"]},{"projectName":"Movie App","technology":["Kotlin","SQL Lite","Gradle","Jenkins"]}]},{"jobId":92,"jobTitle":"Software Engg-2","jobDescription":"To develop android application and web application","experience":["Google","Apple","Mobile Iron"],"project":[{"projectName":"Movie App","technology":["Kotlin","SQL Lite","Gradle"]}]},{"jobId":90,"jobTitle":"Software Engg-2","jobDescription":"To develop andriod application","experience":["Google","Apple","Mobile Iron"],"project":[{"projectName":"Movie App","technology":["Kotlin","SQL Lite","Gradle"]}]},{"jobId":25,"jobTitle":"Software Engg-2","jobDescription":"To develop andriod application","experience":["Google","Apple","Mobile Iron"],"project":[{"projectName":"Movie App","technology":["Kotlin","SQL Lite","Gradle"]}]},{"jobId":0,"jobTitle":"Software Engg-2","jobDescription":"To develop android application and web application","experience":["Google","Apple","Mobile Iron"],"project":[{"projectName":"Movie App","technology":["Kotlin","SQL Lite","Gradle"]}]},{"jobId":53,"jobTitle":"Software Engg-2","jobDescription":"To develop andriod application","experience":["Google","Apple","Mobile Iron"],"project":[{"projectName":"Movie App","technology":["Kotlin","SQL Lite","Gradle"]}]},{"jobId":37,"jobTitle":"Software Engg-2","jobDescription":"To develop android application and web application","experience":["Google","Apple","Mobile Iron"],"project":[{"projectName":"Movie App","technology":["Kotlin","SQL Lite","Gradle"]}]},{"jobId":41,"jobTitle":"Software Engg-2","jobDescription":"To develop andriod application","experience":["Google","Apple","Mobile Iron"],"project":[{"projectName":"Movie App","technology":["Kotlin","SQL Lite","Gradle"]}]},{"jobId":40,"jobTitle":"Software Engg-2","jobDescription":"To develop andriod application","experience":["Google","Apple","Mobile Iron"],"project":[{"projectName":"Movie App","technology":["Kotlin","SQL Lite","Gradle"]}]},{"jobId":0,"jobTitle":"Software Engg-2","jobDescription":"To develop andriod application","experience":["Google","Apple","Mobile Iron"],"project":[{"projectName":"Movie App","technology":["Kotlin","SQL Lite","Gradle"]}]},{"jobId":76,"jobTitle":"Software Engg-2","jobDescription":"To develop andriod application","experience":["Google","Apple","Mobile Iron"],"project":[{"projectName":"Movie App","technology":["Kotlin","SQL Lite","Gradle"]}]},{"jobId":49,"jobTitle":"Software Engg-2","jobDescription":"To develop andriod application","experience":["Google","Apple","Mobile Iron"],"project":[{"projectName":"Movie App","technology":["Kotlin","SQL Lite","Gradle"]}]},{"jobId":9980,"jobTitle":"Software Engg-2","jobDescription":"To develop android application","experience":["Google","Apple","Mobile Iron"],"project":[{"projectName":"Movie App","technology":["Kotlin","SQL Lite","Gradle"]}]},{"jobId":8,"jobTitle":"Software Engg-2","jobDescription":"To develop andriod application","experience":["Google","Apple","Mobile Iron"],"project":[{"projectName":"Movie App","technology":["Kotlin","SQL Lite","Gradle"]}]},{"jobId":79,"jobTitle":"Software Engg-2","jobDescription":"To develop andriod application","experience":["Google","Apple","Mobile Iron"],"project":[{"projectName":"Movie App","technology":["Kotlin","SQL Lite","Gradle"]}]},{"jobId":8,"jobTitle":"Software Engg-2","jobDescription":"To develop andriod application","experience":["Google","Apple","Mobile Iron"],"project":[{"projectName":"Movie App","technology":["Kotlin","SQL Lite","Gradle"]}]},{"jobId":39,"jobTitle":"Software Engg-3","jobDescription":"To develop andriod application and web application","experience":["Google","Apple","Mobile Iron"],"project":[{"projectName":"Movie App","technology":["Kotlin","SQL Lite","Gradle","Jenkins"]},{"projectName":"Movie App","technology":["Kotlin","SQL Lite","Gradle","Jenkins"]}]},{"jobId":96,"jobTitle":"Software Engg-2","jobDescription":"To develop andriod application","experience":["Google","Apple","Mobile Iron"],"project":[{"projectName":"Movie App","technology":["Kotlin","SQL Lite","Gradle"]}]},{"jobId":28,"jobTitle":"Software Engg-3","jobDescription":"To develop andriod application and web application","experience":["Google","Apple","Mobile Iron"],"project":[{"projectName":"Movie App","technology":["Kotlin","SQL Lite","Gradle","Jenkins"]},{"projectName":"Movie App","technology":["Kotlin","SQL Lite","Gradle","Jenkins"]}]},{"jobId":80,"jobTitle":"Software Engg-2","jobDescription":"To develop andriod application","experience":["Google","Apple","Mobile Iron"],"project":[{"projectName":"Movie App","technology":["Kotlin","SQL Lite","Gradle"]}]},{"jobId":130,"jobTitle":"Software Engg-3","jobDescription":"To develop andriod application and web application","experience":["Google","Apple","Mobile Iron"],"project":[{"projectName":"Movie App","technology":["Kotlin","SQL Lite","Gradle","Jenkins"]},{"projectName":"Movie App","technology":["Kotlin","SQL Lite","Gradle","Jenkins"]}]},{"jobId":74,"jobTitle":"Software Engg-3","jobDescription":"To develop andriod application and web application","experience":["Google","Apple","Mobile Iron"],"project":[{"projectName":"Movie App","technology":["Kotlin","SQL Lite","Gradle","Jenkins"]},{"projectName":"Movie App","technology":["Kotlin","SQL Lite","Gradle","Jenkins"]}]},{"jobId":10,"jobTitle":"Software Engg-2","jobDescription":"To develop andriod application","experience":["Google","Apple","Mobile Iron"],"project":[{"projectName":"Movie App","technology":["Kotlin","SQL Lite","Gradle"]}]},{"jobId":77,"jobTitle":"Software Engg-2","jobDescription":"To develop andriod application","experience":["Google","Apple","Mobile Iron"],"project":[{"projectName":"Movie App","technology":["Kotlin","SQL Lite","Gradle"]}]},{"jobId":26,"jobTitle":"Software Engg-2","jobDescription":"To develop andriod application","experience":["Google","Apple","Mobile Iron"],"project":[{"projectName":"Movie App","technology":["Kotlin","SQL Lite","Gradle"]}]}]
01:15:28.193 [pool-1-thread-4] DEBUG com.intuit.karate - request:
2 > GET http://localhost:9897/normal/webapi/find?jobTitle=Software+Engg-2&id=77
2 > Accept: application/json
2 > Host: localhost:9897
2 > Connection: Keep-Alive
2 > User-Agent: Apache-HttpClient/4.5.13 (Java/11.0.13)
2 > Accept-Encoding: gzip,deflate


01:15:28.201 [pool-1-thread-2] INFO  com.intuit.karate - karate.env system property was: null 
01:15:28.202 [pool-1-thread-2] INFO  com.intuit.karate - [print] this is background keyword 
01:15:28.206 [pool-1-thread-2] DEBUG com.intuit.karate - request:
1 > GET http://localhost:9897/normal/webapi/all
1 > Accept: application/xml
1 > Host: localhost:9897
1 > Connection: Keep-Alive
1 > User-Agent: Apache-HttpClient/4.5.13 (Java/11.0.13)
1 > Accept-Encoding: gzip,deflate


01:15:28.207 [pool-1-thread-5] DEBUG com.intuit.karate - response time in milliseconds: 79
1 < 200
1 < X-Content-Type-Options: nosniff
1 < X-XSS-Protection: 1; mode=block
1 < Cache-Control: no-cache, no-store, max-age=0, must-revalidate
1 < Pragma: no-cache
1 < Expires: 0
1 < X-Frame-Options: DENY
1 < Content-Type: application/json
1 < Transfer-Encoding: chunked
1 < Date: Wed, 19 Jan 2022 19:45:28 GMT
1 < Keep-Alive: timeout=60
1 < Connection: keep-alive
[{"jobId":1,"jobTitle":"Software Engg","jobDescription":"To develop andriod application","experience":["Google","Apple","Mobile Iron"],"project":[{"projectName":"Movie App","technology":["Kotlin","SQL Lite","Gradle"]}]},{"jobId":68,"jobTitle":"Software Engg-2","jobDescription":"To develop android application and web application","experience":["Google","Apple","Mobile Iron"],"project":[{"projectName":"Movie App","technology":["Kotlin","SQL Lite","Gradle","Jenkins"]},{"projectName":"Movie App","technology":["Kotlin","SQL Lite","Gradle","Jenkins"]}]},{"jobId":34,"jobTitle":"Software Engg-3","jobDescription":"To develop andriod application and web application","experience":["Google","Apple","Mobile Iron"],"project":[{"projectName":"Movie App","technology":["Kotlin","SQL Lite","Gradle","Jenkins"]},{"projectName":"Movie App","technology":["Kotlin","SQL Lite","Gradle","Jenkins"]}]},{"jobId":41,"jobTitle":"Software Engg-2","jobDescription":"To develop android application and web application","experience":["Google","Apple","Mobile Iron"],"project":[{"projectName":"Movie App","technology":["Kotlin","SQL Lite","Gradle","Jenkins"]},{"projectName":"Movie App","technology":["Kotlin","SQL Lite","Gradle","Jenkins"]}]},{"jobId":12,"jobTitle":"Software Engg-2","jobDescription":"To develop andriod application","experience":["Google","Apple","Mobile Iron"],"project":[{"projectName":"Movie App","technology":["Kotlin","SQL Lite","Gradle"]}]},{"jobId":73,"jobTitle":"Software Engg-3","jobDescription":"To develop andriod application and web application","experience":["Google","Apple","Mobile Iron"],"project":[{"projectName":"Movie App","technology":["Kotlin","SQL Lite","Gradle","Jenkins"]},{"projectName":"Movie App","technology":["Kotlin","SQL Lite","Gradle","Jenkins"]}]},{"jobId":99999,"jobTitle":"Software Engg-2","jobDescription":"To develop andriod application","experience":["Google","Apple","Mobile Iron"],"project":[{"projectName":"Movie App","technology":["Kotlin","SQL Lite","Gradle"]}]},{"jobId":38,"jobTitle":"Software Engg-3","jobDescription":"To develop andriod application and web application","experience":["Google","Apple","Mobile Iron"],"project":[{"projectName":"Movie App","technology":["Kotlin","SQL Lite","Gradle","Jenkins"]},{"projectName":"Movie App","technology":["Kotlin","SQL Lite","Gradle","Jenkins"]}]},{"jobId":96,"jobTitle":"Software Engg-3","jobDescription":"To develop andriod application and web application","experience":["Google","Apple","Mobile Iron"],"project":[{"projectName":"Movie App","technology":["Kotlin","SQL Lite","Gradle","Jenkins"]},{"projectName":"Movie App","technology":["Kotlin","SQL Lite","Gradle","Jenkins"]}]},{"jobId":48,"jobTitle":"Software Engg-2","jobDescription":"To develop andriod application","experience":["Google","Apple","Mobile Iron"],"project":[{"projectName":"Movie App","technology":["Kotlin","SQL Lite","Gradle"]}]},{"jobId":6,"jobTitle":"Software Engg-3","jobDescription":"To develop andriod application and web application","experience":["Google","Apple","Mobile Iron"],"project":[{"projectName":"Movie App","technology":["Kotlin","SQL Lite","Gradle","Jenkins"]},{"projectName":"Movie App","technology":["Kotlin","SQL Lite","Gradle","Jenkins"]}]},{"jobId":88,"jobTitle":"Software Engg-2","jobDescription":"To develop android application and web application","experience":["Google","Apple","Mobile Iron"],"project":[{"projectName":"Movie App","technology":["Kotlin","SQL Lite","Gradle"]}]},{"jobId":9,"jobTitle":"Software Engg-3","jobDescription":"To develop andriod application and web application","experience":["Google","Apple","Mobile Iron"],"project":[{"projectName":"Movie App","technology":["Kotlin","SQL Lite","Gradle","Jenkins"]},{"projectName":"Movie App","technology":["Kotlin","SQL Lite","Gradle","Jenkins"]}]},{"jobId":8,"jobTitle":"Software Engg-2","jobDescription":"To develop andriod application","experience":["Google","Apple","Mobile Iron"],"project":[{"projectName":"Movie App","technology":["Kotlin","SQL Lite","Gradle"]}]},{"jobId":7,"jobTitle":"Software Engg-3","jobDescription":"To develop andriod application and web application","experience":["Google","Apple","Mobile Iron"],"project":[{"projectName":"Movie App","technology":["Kotlin","SQL Lite","Gradle","Jenkins"]},{"projectName":"Movie App","technology":["Kotlin","SQL Lite","Gradle","Jenkins"]}]},{"jobId":13,"jobTitle":"Software Engg-2","jobDescription":"To develop andriod application","experience":["Google","Apple","Mobile Iron"],"project":[{"projectName":"Movie App","technology":["Kotlin","SQL Lite","Gradle"]}]},{"jobId":53,"jobTitle":"Software Engg-2","jobDescription":"To develop android application and web application","experience":["Google","Apple","Mobile Iron"],"project":[{"projectName":"Movie App","technology":["Kotlin","SQL Lite","Gradle"]}]},{"jobId":8,"jobTitle":"Software Engg-2","jobDescription":"To develop andriod application","experience":["Google","Apple","Mobile Iron"],"project":[{"projectName":"Movie App","technology":["Kotlin","SQL Lite","Gradle"]}]},{"jobId":8,"jobTitle":"Software Engg-2","jobDescription":"To develop andriod application","experience":["Google","Apple","Mobile Iron"],"project":[{"projectName":"Movie App","technology":["Kotlin","SQL Lite","Gradle"]}]},{"jobId":9980,"jobTitle":"Software Engg-2","jobDescription":"To develop android application","experience":["Google","Apple","Mobile Iron"],"project":[{"projectName":"Movie App","technology":["Kotlin","SQL Lite","Gradle"]}]},{"jobId":80,"jobTitle":"Software Engg-2","jobDescription":"To develop andriod application","experience":["Google","Apple","Mobile Iron"],"project":[{"projectName":"Movie App","technology":["Kotlin","SQL Lite","Gradle"]}]},{"jobId":49,"jobTitle":"Software Engg-2","jobDescription":"To develop android application and web application","experience":["Google","Apple","Mobile Iron"],"project":[{"projectName":"Movie App","technology":["Kotlin","SQL Lite","Gradle","Jenkins"]},{"projectName":"Movie App","technology":["Kotlin","SQL Lite","Gradle","Jenkins"]}]},{"jobId":82,"jobTitle":"Software Engg-3","jobDescription":"To develop andriod application and web application","experience":["Google","Apple","Mobile Iron"],"project":[{"projectName":"Movie App","technology":["Kotlin","SQL Lite","Gradle","Jenkins"]},{"projectName":"Movie App","technology":["Kotlin","SQL Lite","Gradle","Jenkins"]}]},{"jobId":45,"jobTitle":"Software Engg-3","jobDescription":"To develop andriod application and web application","experience":["Google","Apple","Mobile Iron"],"project":[{"projectName":"Movie App","technology":["Kotlin","SQL Lite","Gradle","Jenkins"]},{"projectName":"Movie App","technology":["Kotlin","SQL Lite","Gradle","Jenkins"]}]},{"jobId":26,"jobTitle":"Software Engg-2","jobDescription":"To develop andriod application","experience":["Google","Apple","Mobile Iron"],"project":[{"projectName":"Movie App","technology":["Kotlin","SQL Lite","Gradle"]}]},{"jobId":8,"jobTitle":"Software Engg-2","jobDescription":"To develop andriod application","experience":["Google","Apple","Mobile Iron"],"project":[{"projectName":"Movie App","technology":["Kotlin","SQL Lite","Gradle"]}]},{"jobId":75,"jobTitle":"Software Engg-2","jobDescription":"To develop andriod application","experience":["Google","Apple","Mobile Iron"],"project":[{"projectName":"Movie App","technology":["Kotlin","SQL Lite","Gradle"]}]},{"jobId":8,"jobTitle":"Software Engg-2","jobDescription":"To develop andriod application","experience":["Google","Apple","Mobile Iron"],"project":[{"projectName":"Movie App","technology":["Kotlin","SQL Lite","Gradle"]}]},{"jobId":9980,"jobTitle":"Software Engg-2","jobDescription":"To develop android application","experience":["Google","Apple","Mobile Iron"],"project":[{"projectName":"Movie App","technology":["Kotlin","SQL Lite","Gradle"]}]},{"jobId":84,"jobTitle":"Software Engg-2","jobDescription":"To develop andriod application","experience":["Google","Apple","Mobile Iron"],"project":[{"projectName":"Movie App","technology":["Kotlin","SQL Lite","Gradle"]}]},{"jobId":31,"jobTitle":"Software Engg-3","jobDescription":"To develop andriod application and web application","experience":["Google","Apple","Mobile Iron"],"project":[{"projectName":"Movie App","technology":["Kotlin","SQL Lite","Gradle","Jenkins"]},{"projectName":"Movie App","technology":["Kotlin","SQL Lite","Gradle","Jenkins"]}]},{"jobId":87,"jobTitle":"Software Engg-2","jobDescription":"To develop andriod application","experience":["Google","Apple","Mobile Iron"],"project":[{"projectName":"Movie App","technology":["Kotlin","SQL Lite","Gradle"]}]},{"jobId":93,"jobTitle":"Software Engg-3","jobDescription":"To develop andriod application and web application","experience":["Google","Apple","Mobile Iron"],"project":[{"projectName":"Movie App","technology":["Kotlin","SQL Lite","Gradle","Jenkins"]},{"projectName":"Movie App","technology":["Kotlin","SQL Lite","Gradle","Jenkins"]}]},{"jobId":53,"jobTitle":"Software Engg-2","jobDescription":"To develop andriod application","experience":["Google","Apple","Mobile Iron"],"project":[{"projectName":"Movie App","technology":["Kotlin","SQL Lite","Gradle"]}]},{"jobId":51,"jobTitle":"Software Engg-2","jobDescription":"To develop andriod application","experience":["Google","Apple","Mobile Iron"],"project":[{"projectName":"Movie App","technology":["Kotlin","SQL Lite","Gradle"]}]},{"jobId":19,"jobTitle":"Software Engg-2","jobDescription":"To develop andriod application","experience":["Google","Apple","Mobile Iron"],"project":[{"projectName":"Movie App","technology":["Kotlin","SQL Lite","Gradle"]}]},{"jobId":93,"jobTitle":"Software Engg-2","jobDescription":"To develop andriod application","experience":["Google","Apple","Mobile Iron"],"project":[{"projectName":"Movie App","technology":["Kotlin","SQL Lite","Gradle"]}]},{"jobId":32,"jobTitle":"Software Engg-2","jobDescription":"To develop android application and web application","experience":["Google","Apple","Mobile Iron"],"project":[{"projectName":"Movie App","technology":["Kotlin","SQL Lite","Gradle"]}]},{"jobId":71,"jobTitle":"Software Engg-2","jobDescription":"To develop android application and web application","experience":["Google","Apple","Mobile Iron"],"project":[{"projectName":"Movie App","technology":["Kotlin","SQL Lite","Gradle"]}]},{"jobId":23,"jobTitle":"Software Engg-2","jobDescription":"To develop android application and web application","experience":["Google","Apple","Mobile Iron"],"project":[{"projectName":"Movie App","technology":["Kotlin","SQL Lite","Gradle"]}]},{"jobId":31,"jobTitle":"Software Engg-2","jobDescription":"To develop andriod application","experience":["Google","Apple","Mobile Iron"],"project":[{"projectName":"Movie App","technology":["Kotlin","SQL Lite","Gradle"]}]},{"jobId":10,"jobTitle":"Software Engg-2","jobDescription":"To develop andriod application","experience":["Google","Apple","Mobile Iron"],"project":[{"projectName":"Movie App","technology":["Kotlin","SQL Lite","Gradle"]}]},{"jobId":8,"jobTitle":"Software Engg-2","jobDescription":"To develop andriod application","experience":["Google","Apple","Mobile Iron"],"project":[{"projectName":"Movie App","technology":["Kotlin","SQL Lite","Gradle"]}]},{"jobId":38,"jobTitle":"Software Engg-2","jobDescription":"To develop andriod application","experience":["Google","Apple","Mobile Iron"],"project":[{"projectName":"Movie App","technology":["Kotlin","SQL Lite","Gradle"]}]},{"jobId":8,"jobTitle":"Software Engg-2","jobDescription":"To develop andriod application","experience":["Google","Apple","Mobile Iron"],"project":[{"projectName":"Movie App","technology":["Kotlin","SQL Lite","Gradle"]}]},{"jobId":9980,"jobTitle":"Software Engg-2","jobDescription":"To develop android application","experience":["Google","Apple","Mobile Iron"],"project":[{"projectName":"Movie App","technology":["Kotlin","SQL Lite","Gradle"]}]},{"jobId":5,"jobTitle":"Software Engg-3","jobDescription":"To develop andriod application and web application","experience":["Google","Apple","Mobile Iron"],"project":[{"projectName":"Movie App","technology":["Kotlin","SQL Lite","Gradle","Jenkins"]},{"projectName":"Movie App","technology":["Kotlin","SQL Lite","Gradle","Jenkins"]}]},{"jobId":16,"jobTitle":"Software Engg-3","jobDescription":"To develop andriod application and web application","experience":["Google","Apple","Mobile Iron"],"project":[{"projectName":"Movie App","technology":["Kotlin","SQL Lite","Gradle","Jenkins"]},{"projectName":"Movie App","technology":["Kotlin","SQL Lite","Gradle","Jenkins"]}]},{"jobId":1,"jobTitle":"Software Engg-2","jobDescription":"To develop andriod application","experience":["Google","Apple","Mobile Iron"],"project":[{"projectName":"Movie App","technology":["Kotlin","SQL Lite","Gradle"]}]},{"jobId":7,"jobTitle":"Software Engg-2","jobDescription":"To develop andriod application","experience":["Google","Apple","Mobile Iron"],"project":[{"projectName":"Movie App","technology":["Kotlin","SQL Lite","Gradle"]}]},{"jobId":35,"jobTitle":"Software Engg-2","jobDescription":"To develop android application and web application","experience":["Google","Apple","Mobile Iron"],"project":[{"projectName":"Movie App","technology":["Kotlin","SQL Lite","Gradle"]}]},{"jobId":48,"jobTitle":"Software Engg-2","jobDescription":"To develop andriod application","experience":["Google","Apple","Mobile Iron"],"project":[{"projectName":"Movie App","technology":["Kotlin","SQL Lite","Gradle"]}]},{"jobId":2,"jobTitle":"Software Engg-2","jobDescription":"To develop andriod application","experience":["Google","Apple","Mobile Iron"],"project":[{"projectName":"Movie App","technology":["Kotlin","SQL Lite","Gradle"]}]},{"jobId":88,"jobTitle":"Software Engg-2","jobDescription":"To develop andriod application","experience":["Google","Apple","Mobile Iron"],"project":[{"projectName":"Movie App","technology":["Kotlin","SQL Lite","Gradle"]}]},{"jobId":21,"jobTitle":"Software Engg-2","jobDescription":"To develop andriod application","experience":["Google","Apple","Mobile Iron"],"project":[{"projectName":"Movie App","technology":["Kotlin","SQL Lite","Gradle"]}]},{"jobId":71,"jobTitle":"Software Engg-2","jobDescription":"To develop andriod application","experience":["Google","Apple","Mobile Iron"],"project":[{"projectName":"Movie App","technology":["Kotlin","SQL Lite","Gradle"]}]},{"jobId":8,"jobTitle":"Software Engg-2","jobDescription":"To develop andriod application","experience":["Google","Apple","Mobile Iron"],"project":[{"projectName":"Movie App","technology":["Kotlin","SQL Lite","Gradle"]}]},{"jobId":94,"jobTitle":"Software Engg-2","jobDescription":"To develop andriod application","experience":["Google","Apple","Mobile Iron"],"project":[{"projectName":"Movie App","technology":["Kotlin","SQL Lite","Gradle"]}]},{"jobId":8,"jobTitle":"Software Engg-2","jobDescription":"To develop andriod application","experience":["Google","Apple","Mobile Iron"],"project":[{"projectName":"Movie App","technology":["Kotlin","SQL Lite","Gradle"]}]},{"jobId":9980,"jobTitle":"Software Engg-2","jobDescription":"To develop android application","experience":["Google","Apple","Mobile Iron"],"project":[{"projectName":"Movie App","technology":["Kotlin","SQL Lite","Gradle"]}]},{"jobId":89,"jobTitle":"Software Engg-3","jobDescription":"To develop andriod application and web application","experience":["Google","Apple","Mobile Iron"],"project":[{"projectName":"Movie App","technology":["Kotlin","SQL Lite","Gradle","Jenkins"]},{"projectName":"Movie App","technology":["Kotlin","SQL Lite","Gradle","Jenkins"]}]},{"jobId":35,"jobTitle":"Software Engg-2","jobDescription":"To develop andriod application","experience":["Google","Apple","Mobile Iron"],"project":[{"projectName":"Movie App","technology":["Kotlin","SQL Lite","Gradle"]}]},{"jobId":77,"jobTitle":"Software Engg-2","jobDescription":"To develop android application and web application","experience":["Google","Apple","Mobile Iron"],"project":[{"projectName":"Movie App","technology":["Kotlin","SQL Lite","Gradle"]}]},{"jobId":50,"jobTitle":"Software Engg-3","jobDescription":"To develop andriod application and web application","experience":["Google","Apple","Mobile Iron"],"project":[{"projectName":"Movie App","technology":["Kotlin","SQL Lite","Gradle","Jenkins"]},{"projectName":"Movie App","technology":["Kotlin","SQL Lite","Gradle","Jenkins"]}]},{"jobId":33,"jobTitle":"Software Engg-2","jobDescription":"To develop andriod application","experience":["Google","Apple","Mobile Iron"],"project":[{"projectName":"Movie App","technology":["Kotlin","SQL Lite","Gradle"]}]},{"jobId":78,"jobTitle":"Software Engg-2","jobDescription":"To develop android application and web application","experience":["Google","Apple","Mobile Iron"],"project":[{"projectName":"Movie App","technology":["Kotlin","SQL Lite","Gradle"]}]},{"jobId":3,"jobTitle":"Software Engg-2","jobDescription":"To develop android application and web application","experience":["Google","Apple","Mobile Iron"],"project":[{"projectName":"Movie App","technology":["Kotlin","SQL Lite","Gradle"]}]},{"jobId":18,"jobTitle":"Software Engg-2","jobDescription":"To develop android application and web application","experience":["Google","Apple","Mobile Iron"],"project":[{"projectName":"Movie App","technology":["Kotlin","SQL Lite","Gradle"]}]},{"jobId":4,"jobTitle":"Software Engg-2","jobDescription":"To develop android application and web application","experience":["Google","Apple","Mobile Iron"],"project":[{"projectName":"Movie App","technology":["Kotlin","SQL Lite","Gradle"]}]},{"jobId":8,"jobTitle":"Software Engg-2","jobDescription":"To develop andriod application","experience":["Google","Apple","Mobile Iron"],"project":[{"projectName":"Movie App","technology":["Kotlin","SQL Lite","Gradle"]}]},{"jobId":9980,"jobTitle":"Software Engg-2","jobDescription":"To develop android application","experience":["Google","Apple","Mobile Iron"],"project":[{"projectName":"Movie App","technology":["Kotlin","SQL Lite","Gradle"]}]},{"jobId":8,"jobTitle":"Software Engg-2","jobDescription":"To develop andriod application","experience":["Google","Apple","Mobile Iron"],"project":[{"projectName":"Movie App","technology":["Kotlin","SQL Lite","Gradle"]}]},{"jobId":17,"jobTitle":"Software Engg-3","jobDescription":"To develop andriod application and web application","experience":["Google","Apple","Mobile Iron"],"project":[{"projectName":"Movie App","technology":["Kotlin","SQL Lite","Gradle","Jenkins"]},{"projectName":"Movie App","technology":["Kotlin","SQL Lite","Gradle","Jenkins"]}]},{"jobId":94,"jobTitle":"Software Engg-2","jobDescription":"To develop andriod application","experience":["Google","Apple","Mobile Iron"],"project":[{"projectName":"Movie App","technology":["Kotlin","SQL Lite","Gradle"]}]},{"jobId":83,"jobTitle":"Software Engg-3","jobDescription":"To develop andriod application and web application","experience":["Google","Apple","Mobile Iron"],"project":[{"projectName":"Movie App","technology":["Kotlin","SQL Lite","Gradle","Jenkins"]},{"projectName":"Movie App","technology":["Kotlin","SQL Lite","Gradle","Jenkins"]}]},{"jobId":75,"jobTitle":"Software Engg-2","jobDescription":"To develop andriod application","experience":["Google","Apple","Mobile Iron"],"project":[{"projectName":"Movie App","technology":["Kotlin","SQL Lite","Gradle"]}]},{"jobId":86,"jobTitle":"Software Engg-3","jobDescription":"To develop andriod application and web application","experience":["Google","Apple","Mobile Iron"],"project":[{"projectName":"Movie App","technology":["Kotlin","SQL Lite","Gradle","Jenkins"]},{"projectName":"Movie App","technology":["Kotlin","SQL Lite","Gradle","Jenkins"]}]},{"jobId":40,"jobTitle":"Software Engg-2","jobDescription":"To develop android application and web application","experience":["Google","Apple","Mobile Iron"],"project":[{"projectName":"Movie App","technology":["Kotlin","SQL Lite","Gradle"]}]},{"jobId":66,"jobTitle":"Software Engg-2","jobDescription":"To develop android application and web application","experience":["Google","Apple","Mobile Iron"],"project":[{"projectName":"Movie App","technology":["Kotlin","SQL Lite","Gradle"]}]},{"jobId":18,"jobTitle":"Software Engg-2","jobDescription":"To develop andriod application","experience":["Google","Apple","Mobile Iron"],"project":[{"projectName":"Movie App","technology":["Kotlin","SQL Lite","Gradle"]}]},{"jobId":42,"jobTitle":"Software Engg-2","jobDescription":"To develop andriod application","experience":["Google","Apple","Mobile Iron"],"project":[{"projectName":"Movie App","technology":["Kotlin","SQL Lite","Gradle"]}]},{"jobId":68,"jobTitle":"Software Engg-2","jobDescription":"To develop andriod application","experience":["Google","Apple","Mobile Iron"],"project":[{"projectName":"Movie App","technology":["Kotlin","SQL Lite","Gradle"]}]},{"jobId":96,"jobTitle":"Software Engg-2","jobDescription":"To develop andriod application","experience":["Google","Apple","Mobile Iron"],"project":[{"projectName":"Movie App","technology":["Kotlin","SQL Lite","Gradle"]}]},{"jobId":59,"jobTitle":"Software Engg-2","jobDescription":"To develop android application and web application","experience":["Google","Apple","Mobile Iron"],"project":[{"projectName":"Movie App","technology":["Kotlin","SQL Lite","Gradle"]}]},{"jobId":8,"jobTitle":"Software Engg-2","jobDescription":"To develop andriod application","experience":["Google","Apple","Mobile Iron"],"project":[{"projectName":"Movie App","technology":["Kotlin","SQL Lite","Gradle"]}]},{"jobId":32,"jobTitle":"Software Engg-2","jobDescription":"To develop andriod application","experience":["Google","Apple","Mobile Iron"],"project":[{"projectName":"Movie App","technology":["Kotlin","SQL Lite","Gradle"]}]},{"jobId":8,"jobTitle":"Software Engg-2","jobDescription":"To develop andriod application","experience":["Google","Apple","Mobile Iron"],"project":[{"projectName":"Movie App","technology":["Kotlin","SQL Lite","Gradle"]}]},{"jobId":9980,"jobTitle":"Software Engg-2","jobDescription":"To develop android application","experience":["Google","Apple","Mobile Iron"],"project":[{"projectName":"Movie App","technology":["Kotlin","SQL Lite","Gradle"]}]},{"jobId":6,"jobTitle":"Software Engg-2","jobDescription":"To develop andriod application","experience":["Google","Apple","Mobile Iron"],"project":[{"projectName":"Movie App","technology":["Kotlin","SQL Lite","Gradle"]}]},{"jobId":57,"jobTitle":"Software Engg-3","jobDescription":"To develop andriod application and web application","experience":["Google","Apple","Mobile Iron"],"project":[{"projectName":"Movie App","technology":["Kotlin","SQL Lite","Gradle","Jenkins"]},{"projectName":"Movie App","technology":["Kotlin","SQL Lite","Gradle","Jenkins"]}]},{"jobId":19,"jobTitle":"Software Engg-2","jobDescription":"To develop andriod application","experience":["Google","Apple","Mobile Iron"],"project":[{"projectName":"Movie App","technology":["Kotlin","SQL Lite","Gradle"]}]},{"jobId":29,"jobTitle":"Software Engg-3","jobDescription":"To develop andriod application and web application","experience":["Google","Apple","Mobile Iron"],"project":[{"projectName":"Movie App","technology":["Kotlin","SQL Lite","Gradle","Jenkins"]},{"projectName":"Movie App","technology":["Kotlin","SQL Lite","Gradle","Jenkins"]}]},{"jobId":90,"jobTitle":"Software Engg-2","jobDescription":"To develop android application and web application","experience":["Google","Apple","Mobile Iron"],"project":[{"projectName":"Movie App","technology":["Kotlin","SQL Lite","Gradle"]}]},{"jobId":60,"jobTitle":"Software Engg-3","jobDescription":"To develop andriod application and web application","experience":["Google","Apple","Mobile Iron"],"project":[{"projectName":"Movie App","technology":["Kotlin","SQL Lite","Gradle","Jenkins"]},{"projectName":"Movie App","technology":["Kotlin","SQL Lite","Gradle","Jenkins"]}]},{"jobId":92,"jobTitle":"Software Engg-2","jobDescription":"To develop android application and web application","experience":["Google","Apple","Mobile Iron"],"project":[{"projectName":"Movie App","technology":["Kotlin","SQL Lite","Gradle"]}]},{"jobId":90,"jobTitle":"Software Engg-2","jobDescription":"To develop andriod application","experience":["Google","Apple","Mobile Iron"],"project":[{"projectName":"Movie App","technology":["Kotlin","SQL Lite","Gradle"]}]},{"jobId":25,"jobTitle":"Software Engg-2","jobDescription":"To develop andriod application","experience":["Google","Apple","Mobile Iron"],"project":[{"projectName":"Movie App","technology":["Kotlin","SQL Lite","Gradle"]}]},{"jobId":0,"jobTitle":"Software Engg-2","jobDescription":"To develop android application and web application","experience":["Google","Apple","Mobile Iron"],"project":[{"projectName":"Movie App","technology":["Kotlin","SQL Lite","Gradle"]}]},{"jobId":53,"jobTitle":"Software Engg-2","jobDescription":"To develop andriod application","experience":["Google","Apple","Mobile Iron"],"project":[{"projectName":"Movie App","technology":["Kotlin","SQL Lite","Gradle"]}]},{"jobId":37,"jobTitle":"Software Engg-2","jobDescription":"To develop android application and web application","experience":["Google","Apple","Mobile Iron"],"project":[{"projectName":"Movie App","technology":["Kotlin","SQL Lite","Gradle"]}]},{"jobId":41,"jobTitle":"Software Engg-2","jobDescription":"To develop andriod application","experience":["Google","Apple","Mobile Iron"],"project":[{"projectName":"Movie App","technology":["Kotlin","SQL Lite","Gradle"]}]},{"jobId":40,"jobTitle":"Software Engg-2","jobDescription":"To develop andriod application","experience":["Google","Apple","Mobile Iron"],"project":[{"projectName":"Movie App","technology":["Kotlin","SQL Lite","Gradle"]}]},{"jobId":0,"jobTitle":"Software Engg-2","jobDescription":"To develop andriod application","experience":["Google","Apple","Mobile Iron"],"project":[{"projectName":"Movie App","technology":["Kotlin","SQL Lite","Gradle"]}]},{"jobId":76,"jobTitle":"Software Engg-2","jobDescription":"To develop andriod application","experience":["Google","Apple","Mobile Iron"],"project":[{"projectName":"Movie App","technology":["Kotlin","SQL Lite","Gradle"]}]},{"jobId":49,"jobTitle":"Software Engg-2","jobDescription":"To develop andriod application","experience":["Google","Apple","Mobile Iron"],"project":[{"projectName":"Movie App","technology":["Kotlin","SQL Lite","Gradle"]}]},{"jobId":9980,"jobTitle":"Software Engg-2","jobDescription":"To develop android application","experience":["Google","Apple","Mobile Iron"],"project":[{"projectName":"Movie App","technology":["Kotlin","SQL Lite","Gradle"]}]},{"jobId":8,"jobTitle":"Software Engg-2","jobDescription":"To develop andriod application","experience":["Google","Apple","Mobile Iron"],"project":[{"projectName":"Movie App","technology":["Kotlin","SQL Lite","Gradle"]}]},{"jobId":79,"jobTitle":"Software Engg-2","jobDescription":"To develop andriod application","experience":["Google","Apple","Mobile Iron"],"project":[{"projectName":"Movie App","technology":["Kotlin","SQL Lite","Gradle"]}]},{"jobId":8,"jobTitle":"Software Engg-2","jobDescription":"To develop andriod application","experience":["Google","Apple","Mobile Iron"],"project":[{"projectName":"Movie App","technology":["Kotlin","SQL Lite","Gradle"]}]},{"jobId":39,"jobTitle":"Software Engg-3","jobDescription":"To develop andriod application and web application","experience":["Google","Apple","Mobile Iron"],"project":[{"projectName":"Movie App","technology":["Kotlin","SQL Lite","Gradle","Jenkins"]},{"projectName":"Movie App","technology":["Kotlin","SQL Lite","Gradle","Jenkins"]}]},{"jobId":96,"jobTitle":"Software Engg-2","jobDescription":"To develop andriod application","experience":["Google","Apple","Mobile Iron"],"project":[{"projectName":"Movie App","technology":["Kotlin","SQL Lite","Gradle"]}]},{"jobId":28,"jobTitle":"Software Engg-3","jobDescription":"To develop andriod application and web application","experience":["Google","Apple","Mobile Iron"],"project":[{"projectName":"Movie App","technology":["Kotlin","SQL Lite","Gradle","Jenkins"]},{"projectName":"Movie App","technology":["Kotlin","SQL Lite","Gradle","Jenkins"]}]},{"jobId":80,"jobTitle":"Software Engg-2","jobDescription":"To develop andriod application","experience":["Google","Apple","Mobile Iron"],"project":[{"projectName":"Movie App","technology":["Kotlin","SQL Lite","Gradle"]}]},{"jobId":130,"jobTitle":"Software Engg-3","jobDescription":"To develop andriod application and web application","experience":["Google","Apple","Mobile Iron"],"project":[{"projectName":"Movie App","technology":["Kotlin","SQL Lite","Gradle","Jenkins"]},{"projectName":"Movie App","technology":["Kotlin","SQL Lite","Gradle","Jenkins"]}]},{"jobId":74,"jobTitle":"Software Engg-3","jobDescription":"To develop andriod application and web application","experience":["Google","Apple","Mobile Iron"],"project":[{"projectName":"Movie App","technology":["Kotlin","SQL Lite","Gradle","Jenkins"]},{"projectName":"Movie App","technology":["Kotlin","SQL Lite","Gradle","Jenkins"]}]},{"jobId":10,"jobTitle":"Software Engg-2","jobDescription":"To develop andriod application","experience":["Google","Apple","Mobile Iron"],"project":[{"projectName":"Movie App","technology":["Kotlin","SQL Lite","Gradle"]}]},{"jobId":77,"jobTitle":"Software Engg-2","jobDescription":"To develop andriod application","experience":["Google","Apple","Mobile Iron"],"project":[{"projectName":"Movie App","technology":["Kotlin","SQL Lite","Gradle"]}]},{"jobId":26,"jobTitle":"Software Engg-2","jobDescription":"To develop andriod application","experience":["Google","Apple","Mobile Iron"],"project":[{"projectName":"Movie App","technology":["Kotlin","SQL Lite","Gradle"]}]}]
01:15:28.218 [pool-1-thread-5] INFO  com.intuit.karate - [print] [
  {
    "jobId": 1,
    "jobTitle": "Software Engg",
    "jobDescription": "To develop andriod application",
    "experience": [
      "Google",
      "Apple",
      "Mobile Iron"
    ],
    "project": [
      {
        "projectName": "Movie App",
        "technology": [
          "Kotlin",
          "SQL Lite",
          "Gradle"
        ]
      }
    ]
  },
  {
    "jobId": 68,
    "jobTitle": "Software Engg-2",
    "jobDescription": "To develop android application and web application",
    "experience": [
      "Google",
      "Apple",
      "Mobile Iron"
    ],
    "project": [
      {
        "projectName": "Movie App",
        "technology": [
          "Kotlin",
          "SQL Lite",
          "Gradle",
          "Jenkins"
        ]
      },
      {
        "projectName": "Movie App",
        "technology": [
          "Kotlin",
          "SQL Lite",
          "Gradle",
          "Jenkins"
        ]
      }
    ]
  },
  {
    "jobId": 34,
    "jobTitle": "Software Engg-3",
    "jobDescription": "To develop andriod application and web application",
    "experience": [
      "Google",
      "Apple",
      "Mobile Iron"
    ],
    "project": [
      {
        "projectName": "Movie App",
        "technology": [
          "Kotlin",
          "SQL Lite",
          "Gradle",
          "Jenkins"
        ]
      },
      {
        "projectName": "Movie App",
        "technology": [
          "Kotlin",
          "SQL Lite",
          "Gradle",
          "Jenkins"
        ]
      }
    ]
  },
  {
    "jobId": 41,
    "jobTitle": "Software Engg-2",
    "jobDescription": "To develop android application and web application",
    "experience": [
      "Google",
      "Apple",
      "Mobile Iron"
    ],
    "project": [
      {
        "projectName": "Movie App",
        "technology": [
          "Kotlin",
          "SQL Lite",
          "Gradle",
          "Jenkins"
        ]
      },
      {
        "projectName": "Movie App",
        "technology": [
          "Kotlin",
          "SQL Lite",
          "Gradle",
          "Jenkins"
        ]
      }
    ]
  },
  {
    "jobId": 12,
    "jobTitle": "Software Engg-2",
    "jobDescription": "To develop andriod application",
    "experience": [
      "Google",
      "Apple",
      "Mobile Iron"
    ],
    "project": [
      {
        "projectName": "Movie App",
        "technology": [
          "Kotlin",
          "SQL Lite",
          "Gradle"
        ]
      }
    ]
  },
  {
    "jobId": 73,
    "jobTitle": "Software Engg-3",
    "jobDescription": "To develop andriod application and web application",
    "experience": [
      "Google",
      "Apple",
      "Mobile Iron"
    ],
    "project": [
      {
        "projectName": "Movie App",
        "technology": [
          "Kotlin",
          "SQL Lite",
          "Gradle",
          "Jenkins"
        ]
      },
      {
        "projectName": "Movie App",
        "technology": [
          "Kotlin",
          "SQL Lite",
          "Gradle",
          "Jenkins"
        ]
      }
    ]
  },
  {
    "jobId": 99999,
    "jobTitle": "Software Engg-2",
    "jobDescription": "To develop andriod application",
    "experience": [
      "Google",
      "Apple",
      "Mobile Iron"
    ],
    "project": [
      {
        "projectName": "Movie App",
        "technology": [
          "Kotlin",
          "SQL Lite",
          "Gradle"
        ]
      }
    ]
  },
  {
    "jobId": 38,
    "jobTitle": "Software Engg-3",
    "jobDescription": "To develop andriod application and web application",
    "experience": [
      "Google",
      "Apple",
      "Mobile Iron"
    ],
    "project": [
      {
        "projectName": "Movie App",
        "technology": [
          "Kotlin",
          "SQL Lite",
          "Gradle",
          "Jenkins"
        ]
      },
      {
        "projectName": "Movie App",
        "technology": [
          "Kotlin",
          "SQL Lite",
          "Gradle",
          "Jenkins"
        ]
      }
    ]
  },
  {
    "jobId": 96,
    "jobTitle": "Software Engg-3",
    "jobDescription": "To develop andriod application and web application",
    "experience": [
      "Google",
      "Apple",
      "Mobile Iron"
    ],
    "project": [
      {
        "projectName": "Movie App",
        "technology": [
          "Kotlin",
          "SQL Lite",
          "Gradle",
          "Jenkins"
        ]
      },
      {
        "projectName": "Movie App",
        "technology": [
          "Kotlin",
          "SQL Lite",
          "Gradle",
          "Jenkins"
        ]
      }
    ]
  },
  {
    "jobId": 48,
    "jobTitle": "Software Engg-2",
    "jobDescription": "To develop andriod application",
    "experience": [
      "Google",
      "Apple",
      "Mobile Iron"
    ],
    "project": [
      {
        "projectName": "Movie App",
        "technology": [
          "Kotlin",
          "SQL Lite",
          "Gradle"
        ]
      }
    ]
  },
  {
    "jobId": 6,
    "jobTitle": "Software Engg-3",
    "jobDescription": "To develop andriod application and web application",
    "experience": [
      "Google",
      "Apple",
      "Mobile Iron"
    ],
    "project": [
      {
        "projectName": "Movie App",
        "technology": [
          "Kotlin",
          "SQL Lite",
          "Gradle",
          "Jenkins"
        ]
      },
      {
        "projectName": "Movie App",
        "technology": [
          "Kotlin",
          "SQL Lite",
          "Gradle",
          "Jenkins"
        ]
      }
    ]
  },
  {
    "jobId": 88,
    "jobTitle": "Software Engg-2",
    "jobDescription": "To develop android application and web application",
    "experience": [
      "Google",
      "Apple",
      "Mobile Iron"
    ],
    "project": [
      {
        "projectName": "Movie App",
        "technology": [
          "Kotlin",
          "SQL Lite",
          "Gradle"
        ]
      }
    ]
  },
  {
    "jobId": 9,
    "jobTitle": "Software Engg-3",
    "jobDescription": "To develop andriod application and web application",
    "experience": [
      "Google",
      "Apple",
      "Mobile Iron"
    ],
    "project": [
      {
        "projectName": "Movie App",
        "technology": [
          "Kotlin",
          "SQL Lite",
          "Gradle",
          "Jenkins"
        ]
      },
      {
        "projectName": "Movie App",
        "technology": [
          "Kotlin",
          "SQL Lite",
          "Gradle",
          "Jenkins"
        ]
      }
    ]
  },
  {
    "jobId": 8,
    "jobTitle": "Software Engg-2",
    "jobDescription": "To develop andriod application",
    "experience": [
      "Google",
      "Apple",
      "Mobile Iron"
    ],
    "project": [
      {
        "projectName": "Movie App",
        "technology": [
          "Kotlin",
          "SQL Lite",
          "Gradle"
        ]
      }
    ]
  },
  {
    "jobId": 7,
    "jobTitle": "Software Engg-3",
    "jobDescription": "To develop andriod application and web application",
    "experience": [
      "Google",
      "Apple",
      "Mobile Iron"
    ],
    "project": [
      {
        "projectName": "Movie App",
        "technology": [
          "Kotlin",
          "SQL Lite",
          "Gradle",
          "Jenkins"
        ]
      },
      {
        "projectName": "Movie App",
        "technology": [
          "Kotlin",
          "SQL Lite",
          "Gradle",
          "Jenkins"
        ]
      }
    ]
  },
  {
    "jobId": 13,
    "jobTitle": "Software Engg-2",
    "jobDescription": "To develop andriod application",
    "experience": [
      "Google",
      "Apple",
      "Mobile Iron"
    ],
    "project": [
      {
        "projectName": "Movie App",
        "technology": [
          "Kotlin",
          "SQL Lite",
          "Gradle"
        ]
      }
    ]
  },
  {
    "jobId": 53,
    "jobTitle": "Software Engg-2",
    "jobDescription": "To develop android application and web application",
    "experience": [
      "Google",
      "Apple",
      "Mobile Iron"
    ],
    "project": [
      {
        "projectName": "Movie App",
        "technology": [
          "Kotlin",
          "SQL Lite",
          "Gradle"
        ]
      }
    ]
  },
  {
    "jobId": 8,
    "jobTitle": "Software Engg-2",
    "jobDescription": "To develop andriod application",
    "experience": [
      "Google",
      "Apple",
      "Mobile Iron"
    ],
    "project": [
      {
        "projectName": "Movie App",
        "technology": [
          "Kotlin",
          "SQL Lite",
          "Gradle"
        ]
      }
    ]
  },
  {
    "jobId": 8,
    "jobTitle": "Software Engg-2",
    "jobDescription": "To develop andriod application",
    "experience": [
      "Google",
      "Apple",
      "Mobile Iron"
    ],
    "project": [
      {
        "projectName": "Movie App",
        "technology": [
          "Kotlin",
          "SQL Lite",
          "Gradle"
        ]
      }
    ]
  },
  {
    "jobId": 9980,
    "jobTitle": "Software Engg-2",
    "jobDescription": "To develop android application",
    "experience": [
      "Google",
      "Apple",
      "Mobile Iron"
    ],
    "project": [
      {
        "projectName": "Movie App",
        "technology": [
          "Kotlin",
          "SQL Lite",
          "Gradle"
        ]
      }
    ]
  },
  {
    "jobId": 80,
    "jobTitle": "Software Engg-2",
    "jobDescription": "To develop andriod application",
    "experience": [
      "Google",
      "Apple",
      "Mobile Iron"
    ],
    "project": [
      {
        "projectName": "Movie App",
        "technology": [
          "Kotlin",
          "SQL Lite",
          "Gradle"
        ]
      }
    ]
  },
  {
    "jobId": 49,
    "jobTitle": "Software Engg-2",
    "jobDescription": "To develop android application and web application",
    "experience": [
      "Google",
      "Apple",
      "Mobile Iron"
    ],
    "project": [
      {
        "projectName": "Movie App",
        "technology": [
          "Kotlin",
          "SQL Lite",
          "Gradle",
          "Jenkins"
        ]
      },
      {
        "projectName": "Movie App",
        "technology": [
          "Kotlin",
          "SQL Lite",
          "Gradle",
          "Jenkins"
        ]
      }
    ]
  },
  {
    "jobId": 82,
    "jobTitle": "Software Engg-3",
    "jobDescription": "To develop andriod application and web application",
    "experience": [
      "Google",
      "Apple",
      "Mobile Iron"
    ],
    "project": [
      {
        "projectName": "Movie App",
        "technology": [
          "Kotlin",
          "SQL Lite",
          "Gradle",
          "Jenkins"
        ]
      },
      {
        "projectName": "Movie App",
        "technology": [
          "Kotlin",
          "SQL Lite",
          "Gradle",
          "Jenkins"
        ]
      }
    ]
  },
  {
    "jobId": 45,
    "jobTitle": "Software Engg-3",
    "jobDescription": "To develop andriod application and web application",
    "experience": [
      "Google",
      "Apple",
      "Mobile Iron"
    ],
    "project": [
      {
        "projectName": "Movie App",
        "technology": [
          "Kotlin",
          "SQL Lite",
          "Gradle",
          "Jenkins"
        ]
      },
      {
        "projectName": "Movie App",
        "technology": [
          "Kotlin",
          "SQL Lite",
          "Gradle",
          "Jenkins"
        ]
      }
    ]
  },
  {
    "jobId": 26,
    "jobTitle": "Software Engg-2",
    "jobDescription": "To develop andriod application",
    "experience": [
      "Google",
      "Apple",
      "Mobile Iron"
    ],
    "project": [
      {
        "projectName": "Movie App",
        "technology": [
          "Kotlin",
          "SQL Lite",
          "Gradle"
        ]
      }
    ]
  },
  {
    "jobId": 8,
    "jobTitle": "Software Engg-2",
    "jobDescription": "To develop andriod application",
    "experience": [
      "Google",
      "Apple",
      "Mobile Iron"
    ],
    "project": [
      {
        "projectName": "Movie App",
        "technology": [
          "Kotlin",
          "SQL Lite",
          "Gradle"
        ]
      }
    ]
  },
  {
    "jobId": 75,
    "jobTitle": "Software Engg-2",
    "jobDescription": "To develop andriod application",
    "experience": [
      "Google",
      "Apple",
      "Mobile Iron"
    ],
    "project": [
      {
        "projectName": "Movie App",
        "technology": [
          "Kotlin",
          "SQL Lite",
          "Gradle"
        ]
      }
    ]
  },
  {
    "jobId": 8,
    "jobTitle": "Software Engg-2",
    "jobDescription": "To develop andriod application",
    "experience": [
      "Google",
      "Apple",
      "Mobile Iron"
    ],
    "project": [
      {
        "projectName": "Movie App",
        "technology": [
          "Kotlin",
          "SQL Lite",
          "Gradle"
        ]
      }
    ]
  },
  {
    "jobId": 9980,
    "jobTitle": "Software Engg-2",
    "jobDescription": "To develop android application",
    "experience": [
      "Google",
      "Apple",
      "Mobile Iron"
    ],
    "project": [
      {
        "projectName": "Movie App",
        "technology": [
          "Kotlin",
          "SQL Lite",
          "Gradle"
        ]
      }
    ]
  },
  {
    "jobId": 84,
    "jobTitle": "Software Engg-2",
    "jobDescription": "To develop andriod application",
    "experience": [
      "Google",
      "Apple",
      "Mobile Iron"
    ],
    "project": [
      {
        "projectName": "Movie App",
        "technology": [
          "Kotlin",
          "SQL Lite",
          "Gradle"
        ]
      }
    ]
  },
  {
    "jobId": 31,
    "jobTitle": "Software Engg-3",
    "jobDescription": "To develop andriod application and web application",
    "experience": [
      "Google",
      "Apple",
      "Mobile Iron"
    ],
    "project": [
      {
        "projectName": "Movie App",
        "technology": [
          "Kotlin",
          "SQL Lite",
          "Gradle",
          "Jenkins"
        ]
      },
      {
        "projectName": "Movie App",
        "technology": [
          "Kotlin",
          "SQL Lite",
          "Gradle",
          "Jenkins"
        ]
      }
    ]
  },
  {
    "jobId": 87,
    "jobTitle": "Software Engg-2",
    "jobDescription": "To develop andriod application",
    "experience": [
      "Google",
      "Apple",
      "Mobile Iron"
    ],
    "project": [
      {
        "projectName": "Movie App",
        "technology": [
          "Kotlin",
          "SQL Lite",
          "Gradle"
        ]
      }
    ]
  },
  {
    "jobId": 93,
    "jobTitle": "Software Engg-3",
    "jobDescription": "To develop andriod application and web application",
    "experience": [
      "Google",
      "Apple",
      "Mobile Iron"
    ],
    "project": [
      {
        "projectName": "Movie App",
        "technology": [
          "Kotlin",
          "SQL Lite",
          "Gradle",
          "Jenkins"
        ]
      },
      {
        "projectName": "Movie App",
        "technology": [
          "Kotlin",
          "SQL Lite",
          "Gradle",
          "Jenkins"
        ]
      }
    ]
  },
  {
    "jobId": 53,
    "jobTitle": "Software Engg-2",
    "jobDescription": "To develop andriod application",
    "experience": [
      "Google",
      "Apple",
      "Mobile Iron"
    ],
    "project": [
      {
        "projectName": "Movie App",
        "technology": [
          "Kotlin",
          "SQL Lite",
          "Gradle"
        ]
      }
    ]
  },
  {
    "jobId": 51,
    "jobTitle": "Software Engg-2",
    "jobDescription": "To develop andriod application",
    "experience": [
      "Google",
      "Apple",
      "Mobile Iron"
    ],
    "project": [
      {
        "projectName": "Movie App",
        "technology": [
          "Kotlin",
          "SQL Lite",
          "Gradle"
        ]
      }
    ]
  },
  {
    "jobId": 19,
    "jobTitle": "Software Engg-2",
    "jobDescription": "To develop andriod application",
    "experience": [
      "Google",
      "Apple",
      "Mobile Iron"
    ],
    "project": [
      {
        "projectName": "Movie App",
        "technology": [
          "Kotlin",
          "SQL Lite",
          "Gradle"
        ]
      }
    ]
  },
  {
    "jobId": 93,
    "jobTitle": "Software Engg-2",
    "jobDescription": "To develop andriod application",
    "experience": [
      "Google",
      "Apple",
      "Mobile Iron"
    ],
    "project": [
      {
        "projectName": "Movie App",
        "technology": [
          "Kotlin",
          "SQL Lite",
          "Gradle"
        ]
      }
    ]
  },
  {
    "jobId": 32,
    "jobTitle": "Software Engg-2",
    "jobDescription": "To develop android application and web application",
    "experience": [
      "Google",
      "Apple",
      "Mobile Iron"
    ],
    "project": [
      {
        "projectName": "Movie App",
        "technology": [
          "Kotlin",
          "SQL Lite",
          "Gradle"
        ]
      }
    ]
  },
  {
    "jobId": 71,
    "jobTitle": "Software Engg-2",
    "jobDescription": "To develop android application and web application",
    "experience": [
      "Google",
      "Apple",
      "Mobile Iron"
    ],
    "project": [
      {
        "projectName": "Movie App",
        "technology": [
          "Kotlin",
          "SQL Lite",
          "Gradle"
        ]
      }
    ]
  },
  {
    "jobId": 23,
    "jobTitle": "Software Engg-2",
    "jobDescription": "To develop android application and web application",
    "experience": [
      "Google",
      "Apple",
      "Mobile Iron"
    ],
    "project": [
      {
        "projectName": "Movie App",
        "technology": [
          "Kotlin",
          "SQL Lite",
          "Gradle"
        ]
      }
    ]
  },
  {
    "jobId": 31,
    "jobTitle": "Software Engg-2",
    "jobDescription": "To develop andriod application",
    "experience": [
      "Google",
      "Apple",
      "Mobile Iron"
    ],
    "project": [
      {
        "projectName": "Movie App",
        "technology": [
          "Kotlin",
          "SQL Lite",
          "Gradle"
        ]
      }
    ]
  },
  {
    "jobId": 10,
    "jobTitle": "Software Engg-2",
    "jobDescription": "To develop andriod application",
    "experience": [
      "Google",
      "Apple",
      "Mobile Iron"
    ],
    "project": [
      {
        "projectName": "Movie App",
        "technology": [
          "Kotlin",
          "SQL Lite",
          "Gradle"
        ]
      }
    ]
  },
  {
    "jobId": 8,
    "jobTitle": "Software Engg-2",
    "jobDescription": "To develop andriod application",
    "experience": [
      "Google",
      "Apple",
      "Mobile Iron"
    ],
    "project": [
      {
        "projectName": "Movie App",
        "technology": [
          "Kotlin",
          "SQL Lite",
          "Gradle"
        ]
      }
    ]
  },
  {
    "jobId": 38,
    "jobTitle": "Software Engg-2",
    "jobDescription": "To develop andriod application",
    "experience": [
      "Google",
      "Apple",
      "Mobile Iron"
    ],
    "project": [
      {
        "projectName": "Movie App",
        "technology": [
          "Kotlin",
          "SQL Lite",
          "Gradle"
        ]
      }
    ]
  },
  {
    "jobId": 8,
    "jobTitle": "Software Engg-2",
    "jobDescription": "To develop andriod application",
    "experience": [
      "Google",
      "Apple",
      "Mobile Iron"
    ],
    "project": [
      {
        "projectName": "Movie App",
        "technology": [
          "Kotlin",
          "SQL Lite",
          "Gradle"
        ]
      }
    ]
  },
  {
    "jobId": 9980,
    "jobTitle": "Software Engg-2",
    "jobDescription": "To develop android application",
    "experience": [
      "Google",
      "Apple",
      "Mobile Iron"
    ],
    "project": [
      {
        "projectName": "Movie App",
        "technology": [
          "Kotlin",
          "SQL Lite",
          "Gradle"
        ]
      }
    ]
  },
  {
    "jobId": 5,
    "jobTitle": "Software Engg-3",
    "jobDescription": "To develop andriod application and web application",
    "experience": [
      "Google",
      "Apple",
      "Mobile Iron"
    ],
    "project": [
      {
        "projectName": "Movie App",
        "technology": [
          "Kotlin",
          "SQL Lite",
          "Gradle",
          "Jenkins"
        ]
      },
      {
        "projectName": "Movie App",
        "technology": [
          "Kotlin",
          "SQL Lite",
          "Gradle",
          "Jenkins"
        ]
      }
    ]
  },
  {
    "jobId": 16,
    "jobTitle": "Software Engg-3",
    "jobDescription": "To develop andriod application and web application",
    "experience": [
      "Google",
      "Apple",
      "Mobile Iron"
    ],
    "project": [
      {
        "projectName": "Movie App",
        "technology": [
          "Kotlin",
          "SQL Lite",
          "Gradle",
          "Jenkins"
        ]
      },
      {
        "projectName": "Movie App",
        "technology": [
          "Kotlin",
          "SQL Lite",
          "Gradle",
          "Jenkins"
        ]
      }
    ]
  },
  {
    "jobId": 1,
    "jobTitle": "Software Engg-2",
    "jobDescription": "To develop andriod application",
    "experience": [
      "Google",
      "Apple",
      "Mobile Iron"
    ],
    "project": [
      {
        "projectName": "Movie App",
        "technology": [
          "Kotlin",
          "SQL Lite",
          "Gradle"
        ]
      }
    ]
  },
  {
    "jobId": 7,
    "jobTitle": "Software Engg-2",
    "jobDescription": "To develop andriod application",
    "experience": [
      "Google",
      "Apple",
      "Mobile Iron"
    ],
    "project": [
      {
        "projectName": "Movie App",
        "technology": [
          "Kotlin",
          "SQL Lite",
          "Gradle"
        ]
      }
    ]
  },
  {
    "jobId": 35,
    "jobTitle": "Software Engg-2",
    "jobDescription": "To develop android application and web application",
    "experience": [
      "Google",
      "Apple",
      "Mobile Iron"
    ],
    "project": [
      {
        "projectName": "Movie App",
        "technology": [
          "Kotlin",
          "SQL Lite",
          "Gradle"
        ]
      }
    ]
  },
  {
    "jobId": 48,
    "jobTitle": "Software Engg-2",
    "jobDescription": "To develop andriod application",
    "experience": [
      "Google",
      "Apple",
      "Mobile Iron"
    ],
    "project": [
      {
        "projectName": "Movie App",
        "technology": [
          "Kotlin",
          "SQL Lite",
          "Gradle"
        ]
      }
    ]
  },
  {
    "jobId": 2,
    "jobTitle": "Software Engg-2",
    "jobDescription": "To develop andriod application",
    "experience": [
      "Google",
      "Apple",
      "Mobile Iron"
    ],
    "project": [
      {
        "projectName": "Movie App",
        "technology": [
          "Kotlin",
          "SQL Lite",
          "Gradle"
        ]
      }
    ]
  },
  {
    "jobId": 88,
    "jobTitle": "Software Engg-2",
    "jobDescription": "To develop andriod application",
    "experience": [
      "Google",
      "Apple",
      "Mobile Iron"
    ],
    "project": [
      {
        "projectName": "Movie App",
        "technology": [
          "Kotlin",
          "SQL Lite",
          "Gradle"
        ]
      }
    ]
  },
  {
    "jobId": 21,
    "jobTitle": "Software Engg-2",
    "jobDescription": "To develop andriod application",
    "experience": [
      "Google",
      "Apple",
      "Mobile Iron"
    ],
    "project": [
      {
        "projectName": "Movie App",
        "technology": [
          "Kotlin",
          "SQL Lite",
          "Gradle"
        ]
      }
    ]
  },
  {
    "jobId": 71,
    "jobTitle": "Software Engg-2",
    "jobDescription": "To develop andriod application",
    "experience": [
      "Google",
      "Apple",
      "Mobile Iron"
    ],
    "project": [
      {
        "projectName": "Movie App",
        "technology": [
          "Kotlin",
          "SQL Lite",
          "Gradle"
        ]
      }
    ]
  },
  {
    "jobId": 8,
    "jobTitle": "Software Engg-2",
    "jobDescription": "To develop andriod application",
    "experience": [
      "Google",
      "Apple",
      "Mobile Iron"
    ],
    "project": [
      {
        "projectName": "Movie App",
        "technology": [
          "Kotlin",
          "SQL Lite",
          "Gradle"
        ]
      }
    ]
  },
  {
    "jobId": 94,
    "jobTitle": "Software Engg-2",
    "jobDescription": "To develop andriod application",
    "experience": [
      "Google",
      "Apple",
      "Mobile Iron"
    ],
    "project": [
      {
        "projectName": "Movie App",
        "technology": [
          "Kotlin",
          "SQL Lite",
          "Gradle"
        ]
      }
    ]
  },
  {
    "jobId": 8,
    "jobTitle": "Software Engg-2",
    "jobDescription": "To develop andriod application",
    "experience": [
      "Google",
      "Apple",
      "Mobile Iron"
    ],
    "project": [
      {
        "projectName": "Movie App",
        "technology": [
          "Kotlin",
          "SQL Lite",
          "Gradle"
        ]
      }
    ]
  },
  {
    "jobId": 9980,
    "jobTitle": "Software Engg-2",
    "jobDescription": "To develop android application",
    "experience": [
      "Google",
      "Apple",
      "Mobile Iron"
    ],
    "project": [
      {
        "projectName": "Movie App",
        "technology": [
          "Kotlin",
          "SQL Lite",
          "Gradle"
        ]
      }
    ]
  },
  {
    "jobId": 89,
    "jobTitle": "Software Engg-3",
    "jobDescription": "To develop andriod application and web application",
    "experience": [
      "Google",
      "Apple",
      "Mobile Iron"
    ],
    "project": [
      {
        "projectName": "Movie App",
        "technology": [
          "Kotlin",
          "SQL Lite",
          "Gradle",
          "Jenkins"
        ]
      },
      {
        "projectName": "Movie App",
        "technology": [
          "Kotlin",
          "SQL Lite",
          "Gradle",
          "Jenkins"
        ]
      }
    ]
  },
  {
    "jobId": 35,
    "jobTitle": "Software Engg-2",
    "jobDescription": "To develop andriod application",
    "experience": [
      "Google",
      "Apple",
      "Mobile Iron"
    ],
    "project": [
      {
        "projectName": "Movie App",
        "technology": [
          "Kotlin",
          "SQL Lite",
          "Gradle"
        ]
      }
    ]
  },
  {
    "jobId": 77,
    "jobTitle": "Software Engg-2",
    "jobDescription": "To develop android application and web application",
    "experience": [
      "Google",
      "Apple",
      "Mobile Iron"
    ],
    "project": [
      {
        "projectName": "Movie App",
        "technology": [
          "Kotlin",
          "SQL Lite",
          "Gradle"
        ]
      }
    ]
  },
  {
    "jobId": 50,
    "jobTitle": "Software Engg-3",
    "jobDescription": "To develop andriod application and web application",
    "experience": [
      "Google",
      "Apple",
      "Mobile Iron"
    ],
    "project": [
      {
        "projectName": "Movie App",
        "technology": [
          "Kotlin",
          "SQL Lite",
          "Gradle",
          "Jenkins"
        ]
      },
      {
        "projectName": "Movie App",
        "technology": [
          "Kotlin",
          "SQL Lite",
          "Gradle",
          "Jenkins"
        ]
      }
    ]
  },
  {
    "jobId": 33,
    "jobTitle": "Software Engg-2",
    "jobDescription": "To develop andriod application",
    "experience": [
      "Google",
      "Apple",
      "Mobile Iron"
    ],
    "project": [
      {
        "projectName": "Movie App",
        "technology": [
          "Kotlin",
          "SQL Lite",
          "Gradle"
        ]
      }
    ]
  },
  {
    "jobId": 78,
    "jobTitle": "Software Engg-2",
    "jobDescription": "To develop android application and web application",
    "experience": [
      "Google",
      "Apple",
      "Mobile Iron"
    ],
    "project": [
      {
        "projectName": "Movie App",
        "technology": [
          "Kotlin",
          "SQL Lite",
          "Gradle"
        ]
      }
    ]
  },
  {
    "jobId": 3,
    "jobTitle": "Software Engg-2",
    "jobDescription": "To develop android application and web application",
    "experience": [
      "Google",
      "Apple",
      "Mobile Iron"
    ],
    "project": [
      {
        "projectName": "Movie App",
        "technology": [
          "Kotlin",
          "SQL Lite",
          "Gradle"
        ]
      }
    ]
  },
  {
    "jobId": 18,
    "jobTitle": "Software Engg-2",
    "jobDescription": "To develop android application and web application",
    "experience": [
      "Google",
      "Apple",
      "Mobile Iron"
    ],
    "project": [
      {
        "projectName": "Movie App",
        "technology": [
          "Kotlin",
          "SQL Lite",
          "Gradle"
        ]
      }
    ]
  },
  {
    "jobId": 4,
    "jobTitle": "Software Engg-2",
    "jobDescription": "To develop android application and web application",
    "experience": [
      "Google",
      "Apple",
      "Mobile Iron"
    ],
    "project": [
      {
        "projectName": "Movie App",
        "technology": [
          "Kotlin",
          "SQL Lite",
          "Gradle"
        ]
      }
    ]
  },
  {
    "jobId": 8,
    "jobTitle": "Software Engg-2",
    "jobDescription": "To develop andriod application",
    "experience": [
      "Google",
      "Apple",
      "Mobile Iron"
    ],
    "project": [
      {
        "projectName": "Movie App",
        "technology": [
          "Kotlin",
          "SQL Lite",
          "Gradle"
        ]
      }
    ]
  },
  {
    "jobId": 9980,
    "jobTitle": "Software Engg-2",
    "jobDescription": "To develop android application",
    "experience": [
      "Google",
      "Apple",
      "Mobile Iron"
    ],
    "project": [
      {
        "projectName": "Movie App",
        "technology": [
          "Kotlin",
          "SQL Lite",
          "Gradle"
        ]
      }
    ]
  },
  {
    "jobId": 8,
    "jobTitle": "Software Engg-2",
    "jobDescription": "To develop andriod application",
    "experience": [
      "Google",
      "Apple",
      "Mobile Iron"
    ],
    "project": [
      {
        "projectName": "Movie App",
        "technology": [
          "Kotlin",
          "SQL Lite",
          "Gradle"
        ]
      }
    ]
  },
  {
    "jobId": 17,
    "jobTitle": "Software Engg-3",
    "jobDescription": "To develop andriod application and web application",
    "experience": [
      "Google",
      "Apple",
      "Mobile Iron"
    ],
    "project": [
      {
        "projectName": "Movie App",
        "technology": [
          "Kotlin",
          "SQL Lite",
          "Gradle",
          "Jenkins"
        ]
      },
      {
        "projectName": "Movie App",
        "technology": [
          "Kotlin",
          "SQL Lite",
          "Gradle",
          "Jenkins"
        ]
      }
    ]
  },
  {
    "jobId": 94,
    "jobTitle": "Software Engg-2",
    "jobDescription": "To develop andriod application",
    "experience": [
      "Google",
      "Apple",
      "Mobile Iron"
    ],
    "project": [
      {
        "projectName": "Movie App",
        "technology": [
          "Kotlin",
          "SQL Lite",
          "Gradle"
        ]
      }
    ]
  },
  {
    "jobId": 83,
    "jobTitle": "Software Engg-3",
    "jobDescription": "To develop andriod application and web application",
    "experience": [
      "Google",
      "Apple",
      "Mobile Iron"
    ],
    "project": [
      {
        "projectName": "Movie App",
        "technology": [
          "Kotlin",
          "SQL Lite",
          "Gradle",
          "Jenkins"
        ]
      },
      {
        "projectName": "Movie App",
        "technology": [
          "Kotlin",
          "SQL Lite",
          "Gradle",
          "Jenkins"
        ]
      }
    ]
  },
  {
    "jobId": 75,
    "jobTitle": "Software Engg-2",
    "jobDescription": "To develop andriod application",
    "experience": [
      "Google",
      "Apple",
      "Mobile Iron"
    ],
    "project": [
      {
        "projectName": "Movie App",
        "technology": [
          "Kotlin",
          "SQL Lite",
          "Gradle"
        ]
      }
    ]
  },
  {
    "jobId": 86,
    "jobTitle": "Software Engg-3",
    "jobDescription": "To develop andriod application and web application",
    "experience": [
      "Google",
      "Apple",
      "Mobile Iron"
    ],
    "project": [
      {
        "projectName": "Movie App",
        "technology": [
          "Kotlin",
          "SQL Lite",
          "Gradle",
          "Jenkins"
        ]
      },
      {
        "projectName": "Movie App",
        "technology": [
          "Kotlin",
          "SQL Lite",
          "Gradle",
          "Jenkins"
        ]
      }
    ]
  },
  {
    "jobId": 40,
    "jobTitle": "Software Engg-2",
    "jobDescription": "To develop android application and web application",
    "experience": [
      "Google",
      "Apple",
      "Mobile Iron"
    ],
    "project": [
      {
        "projectName": "Movie App",
        "technology": [
          "Kotlin",
          "SQL Lite",
          "Gradle"
        ]
      }
    ]
  },
  {
    "jobId": 66,
    "jobTitle": "Software Engg-2",
    "jobDescription": "To develop android application and web application",
    "experience": [
      "Google",
      "Apple",
      "Mobile Iron"
    ],
    "project": [
      {
        "projectName": "Movie App",
        "technology": [
          "Kotlin",
          "SQL Lite",
          "Gradle"
        ]
      }
    ]
  },
  {
    "jobId": 18,
    "jobTitle": "Software Engg-2",
    "jobDescription": "To develop andriod application",
    "experience": [
      "Google",
      "Apple",
      "Mobile Iron"
    ],
    "project": [
      {
        "projectName": "Movie App",
        "technology": [
          "Kotlin",
          "SQL Lite",
          "Gradle"
        ]
      }
    ]
  },
  {
    "jobId": 42,
    "jobTitle": "Software Engg-2",
    "jobDescription": "To develop andriod application",
    "experience": [
      "Google",
      "Apple",
      "Mobile Iron"
    ],
    "project": [
      {
        "projectName": "Movie App",
        "technology": [
          "Kotlin",
          "SQL Lite",
          "Gradle"
        ]
      }
    ]
  },
  {
    "jobId": 68,
    "jobTitle": "Software Engg-2",
    "jobDescription": "To develop andriod application",
    "experience": [
      "Google",
      "Apple",
      "Mobile Iron"
    ],
    "project": [
      {
        "projectName": "Movie App",
        "technology": [
          "Kotlin",
          "SQL Lite",
          "Gradle"
        ]
      }
    ]
  },
  {
    "jobId": 96,
    "jobTitle": "Software Engg-2",
    "jobDescription": "To develop andriod application",
    "experience": [
      "Google",
      "Apple",
      "Mobile Iron"
    ],
    "project": [
      {
        "projectName": "Movie App",
        "technology": [
          "Kotlin",
          "SQL Lite",
          "Gradle"
        ]
      }
    ]
  },
  {
    "jobId": 59,
    "jobTitle": "Software Engg-2",
    "jobDescription": "To develop android application and web application",
    "experience": [
      "Google",
      "Apple",
      "Mobile Iron"
    ],
    "project": [
      {
        "projectName": "Movie App",
        "technology": [
          "Kotlin",
          "SQL Lite",
          "Gradle"
        ]
      }
    ]
  },
  {
    "jobId": 8,
    "jobTitle": "Software Engg-2",
    "jobDescription": "To develop andriod application",
    "experience": [
      "Google",
      "Apple",
      "Mobile Iron"
    ],
    "project": [
      {
        "projectName": "Movie App",
        "technology": [
          "Kotlin",
          "SQL Lite",
          "Gradle"
        ]
      }
    ]
  },
  {
    "jobId": 32,
    "jobTitle": "Software Engg-2",
    "jobDescription": "To develop andriod application",
    "experience": [
      "Google",
      "Apple",
      "Mobile Iron"
    ],
    "project": [
      {
        "projectName": "Movie App",
        "technology": [
          "Kotlin",
          "SQL Lite",
          "Gradle"
        ]
      }
    ]
  },
  {
    "jobId": 8,
    "jobTitle": "Software Engg-2",
    "jobDescription": "To develop andriod application",
    "experience": [
      "Google",
      "Apple",
      "Mobile Iron"
    ],
    "project": [
      {
        "projectName": "Movie App",
        "technology": [
          "Kotlin",
          "SQL Lite",
          "Gradle"
        ]
      }
    ]
  },
  {
    "jobId": 9980,
    "jobTitle": "Software Engg-2",
    "jobDescription": "To develop android application",
    "experience": [
      "Google",
      "Apple",
      "Mobile Iron"
    ],
    "project": [
      {
        "projectName": "Movie App",
        "technology": [
          "Kotlin",
          "SQL Lite",
          "Gradle"
        ]
      }
    ]
  },
  {
    "jobId": 6,
    "jobTitle": "Software Engg-2",
    "jobDescription": "To develop andriod application",
    "experience": [
      "Google",
      "Apple",
      "Mobile Iron"
    ],
    "project": [
      {
        "projectName": "Movie App",
        "technology": [
          "Kotlin",
          "SQL Lite",
          "Gradle"
        ]
      }
    ]
  },
  {
    "jobId": 57,
    "jobTitle": "Software Engg-3",
    "jobDescription": "To develop andriod application and web application",
    "experience": [
      "Google",
      "Apple",
      "Mobile Iron"
    ],
    "project": [
      {
        "projectName": "Movie App",
        "technology": [
          "Kotlin",
          "SQL Lite",
          "Gradle",
          "Jenkins"
        ]
      },
      {
        "projectName": "Movie App",
        "technology": [
          "Kotlin",
          "SQL Lite",
          "Gradle",
          "Jenkins"
        ]
      }
    ]
  },
  {
    "jobId": 19,
    "jobTitle": "Software Engg-2",
    "jobDescription": "To develop andriod application",
    "experience": [
      "Google",
      "Apple",
      "Mobile Iron"
    ],
    "project": [
      {
        "projectName": "Movie App",
        "technology": [
          "Kotlin",
          "SQL Lite",
          "Gradle"
        ]
      }
    ]
  },
  {
    "jobId": 29,
    "jobTitle": "Software Engg-3",
    "jobDescription": "To develop andriod application and web application",
    "experience": [
      "Google",
      "Apple",
      "Mobile Iron"
    ],
    "project": [
      {
        "projectName": "Movie App",
        "technology": [
          "Kotlin",
          "SQL Lite",
          "Gradle",
          "Jenkins"
        ]
      },
      {
        "projectName": "Movie App",
        "technology": [
          "Kotlin",
          "SQL Lite",
          "Gradle",
          "Jenkins"
        ]
      }
    ]
  },
  {
    "jobId": 90,
    "jobTitle": "Software Engg-2",
    "jobDescription": "To develop android application and web application",
    "experience": [
      "Google",
      "Apple",
      "Mobile Iron"
    ],
    "project": [
      {
        "projectName": "Movie App",
        "technology": [
          "Kotlin",
          "SQL Lite",
          "Gradle"
        ]
      }
    ]
  },
  {
    "jobId": 60,
    "jobTitle": "Software Engg-3",
    "jobDescription": "To develop andriod application and web application",
    "experience": [
      "Google",
      "Apple",
      "Mobile Iron"
    ],
    "project": [
      {
        "projectName": "Movie App",
        "technology": [
          "Kotlin",
          "SQL Lite",
          "Gradle",
          "Jenkins"
        ]
      },
      {
        "projectName": "Movie App",
        "technology": [
          "Kotlin",
          "SQL Lite",
          "Gradle",
          "Jenkins"
        ]
      }
    ]
  },
  {
    "jobId": 92,
    "jobTitle": "Software Engg-2",
    "jobDescription": "To develop android application and web application",
    "experience": [
      "Google",
      "Apple",
      "Mobile Iron"
    ],
    "project": [
      {
        "projectName": "Movie App",
        "technology": [
          "Kotlin",
          "SQL Lite",
          "Gradle"
        ]
      }
    ]
  },
  {
    "jobId": 90,
    "jobTitle": "Software Engg-2",
    "jobDescription": "To develop andriod application",
    "experience": [
      "Google",
      "Apple",
      "Mobile Iron"
    ],
    "project": [
      {
        "projectName": "Movie App",
        "technology": [
          "Kotlin",
          "SQL Lite",
          "Gradle"
        ]
      }
    ]
  },
  {
    "jobId": 25,
    "jobTitle": "Software Engg-2",
    "jobDescription": "To develop andriod application",
    "experience": [
      "Google",
      "Apple",
      "Mobile Iron"
    ],
    "project": [
      {
        "projectName": "Movie App",
        "technology": [
          "Kotlin",
          "SQL Lite",
          "Gradle"
        ]
      }
    ]
  },
  {
    "jobId": 0,
    "jobTitle": "Software Engg-2",
    "jobDescription": "To develop android application and web application",
    "experience": [
      "Google",
      "Apple",
      "Mobile Iron"
    ],
    "project": [
      {
        "projectName": "Movie App",
        "technology": [
          "Kotlin",
          "SQL Lite",
          "Gradle"
        ]
      }
    ]
  },
  {
    "jobId": 53,
    "jobTitle": "Software Engg-2",
    "jobDescription": "To develop andriod application",
    "experience": [
      "Google",
      "Apple",
      "Mobile Iron"
    ],
    "project": [
      {
        "projectName": "Movie App",
        "technology": [
          "Kotlin",
          "SQL Lite",
          "Gradle"
        ]
      }
    ]
  },
  {
    "jobId": 37,
    "jobTitle": "Software Engg-2",
    "jobDescription": "To develop android application and web application",
    "experience": [
      "Google",
      "Apple",
      "Mobile Iron"
    ],
    "project": [
      {
        "projectName": "Movie App",
        "technology": [
          "Kotlin",
          "SQL Lite",
          "Gradle"
        ]
      }
    ]
  },
  {
    "jobId": 41,
    "jobTitle": "Software Engg-2",
    "jobDescription": "To develop andriod application",
    "experience": [
      "Google",
      "Apple",
      "Mobile Iron"
    ],
    "project": [
      {
        "projectName": "Movie App",
        "technology": [
          "Kotlin",
          "SQL Lite",
          "Gradle"
        ]
      }
    ]
  },
  {
    "jobId": 40,
    "jobTitle": "Software Engg-2",
    "jobDescription": "To develop andriod application",
    "experience": [
      "Google",
      "Apple",
      "Mobile Iron"
    ],
    "project": [
      {
        "projectName": "Movie App",
        "technology": [
          "Kotlin",
          "SQL Lite",
          "Gradle"
        ]
      }
    ]
  },
  {
    "jobId": 0,
    "jobTitle": "Software Engg-2",
    "jobDescription": "To develop andriod application",
    "experience": [
      "Google",
      "Apple",
      "Mobile Iron"
    ],
    "project": [
      {
        "projectName": "Movie App",
        "technology": [
          "Kotlin",
          "SQL Lite",
          "Gradle"
        ]
      }
    ]
  },
  {
    "jobId": 76,
    "jobTitle": "Software Engg-2",
    "jobDescription": "To develop andriod application",
    "experience": [
      "Google",
      "Apple",
      "Mobile Iron"
    ],
    "project": [
      {
        "projectName": "Movie App",
        "technology": [
          "Kotlin",
          "SQL Lite",
          "Gradle"
        ]
      }
    ]
  },
  {
    "jobId": 49,
    "jobTitle": "Software Engg-2",
    "jobDescription": "To develop andriod application",
    "experience": [
      "Google",
      "Apple",
      "Mobile Iron"
    ],
    "project": [
      {
        "projectName": "Movie App",
        "technology": [
          "Kotlin",
          "SQL Lite",
          "Gradle"
        ]
      }
    ]
  },
  {
    "jobId": 9980,
    "jobTitle": "Software Engg-2",
    "jobDescription": "To develop android application",
    "experience": [
      "Google",
      "Apple",
      "Mobile Iron"
    ],
    "project": [
      {
        "projectName": "Movie App",
        "technology": [
          "Kotlin",
          "SQL Lite",
          "Gradle"
        ]
      }
    ]
  },
  {
    "jobId": 8,
    "jobTitle": "Software Engg-2",
    "jobDescription": "To develop andriod application",
    "experience": [
      "Google",
      "Apple",
      "Mobile Iron"
    ],
    "project": [
      {
        "projectName": "Movie App",
        "technology": [
          "Kotlin",
          "SQL Lite",
          "Gradle"
        ]
      }
    ]
  },
  {
    "jobId": 79,
    "jobTitle": "Software Engg-2",
    "jobDescription": "To develop andriod application",
    "experience": [
      "Google",
      "Apple",
      "Mobile Iron"
    ],
    "project": [
      {
        "projectName": "Movie App",
        "technology": [
          "Kotlin",
          "SQL Lite",
          "Gradle"
        ]
      }
    ]
  },
  {
    "jobId": 8,
    "jobTitle": "Software Engg-2",
    "jobDescription": "To develop andriod application",
    "experience": [
      "Google",
      "Apple",
      "Mobile Iron"
    ],
    "project": [
      {
        "projectName": "Movie App",
        "technology": [
          "Kotlin",
          "SQL Lite",
          "Gradle"
        ]
      }
    ]
  },
  {
    "jobId": 39,
    "jobTitle": "Software Engg-3",
    "jobDescription": "To develop andriod application and web application",
    "experience": [
      "Google",
      "Apple",
      "Mobile Iron"
    ],
    "project": [
      {
        "projectName": "Movie App",
        "technology": [
          "Kotlin",
          "SQL Lite",
          "Gradle",
          "Jenkins"
        ]
      },
      {
        "projectName": "Movie App",
        "technology": [
          "Kotlin",
          "SQL Lite",
          "Gradle",
          "Jenkins"
        ]
      }
    ]
  },
  {
    "jobId": 96,
    "jobTitle": "Software Engg-2",
    "jobDescription": "To develop andriod application",
    "experience": [
      "Google",
      "Apple",
      "Mobile Iron"
    ],
    "project": [
      {
        "projectName": "Movie App",
        "technology": [
          "Kotlin",
          "SQL Lite",
          "Gradle"
        ]
      }
    ]
  },
  {
    "jobId": 28,
    "jobTitle": "Software Engg-3",
    "jobDescription": "To develop andriod application and web application",
    "experience": [
      "Google",
      "Apple",
      "Mobile Iron"
    ],
    "project": [
      {
        "projectName": "Movie App",
        "technology": [
          "Kotlin",
          "SQL Lite",
          "Gradle",
          "Jenkins"
        ]
      },
      {
        "projectName": "Movie App",
        "technology": [
          "Kotlin",
          "SQL Lite",
          "Gradle",
          "Jenkins"
        ]
      }
    ]
  },
  {
    "jobId": 80,
    "jobTitle": "Software Engg-2",
    "jobDescription": "To develop andriod application",
    "experience": [
      "Google",
      "Apple",
      "Mobile Iron"
    ],
    "project": [
      {
        "projectName": "Movie App",
        "technology": [
          "Kotlin",
          "SQL Lite",
          "Gradle"
        ]
      }
    ]
  },
  {
    "jobId": 130,
    "jobTitle": "Software Engg-3",
    "jobDescription": "To develop andriod application and web application",
    "experience": [
      "Google",
      "Apple",
      "Mobile Iron"
    ],
    "project": [
      {
        "projectName": "Movie App",
        "technology": [
          "Kotlin",
          "SQL Lite",
          "Gradle",
          "Jenkins"
        ]
      },
      {
        "projectName": "Movie App",
        "technology": [
          "Kotlin",
          "SQL Lite",
          "Gradle",
          "Jenkins"
        ]
      }
    ]
  },
  {
    "jobId": 74,
    "jobTitle": "Software Engg-3",
    "jobDescription": "To develop andriod application and web application",
    "experience": [
      "Google",
      "Apple",
      "Mobile Iron"
    ],
    "project": [
      {
        "projectName": "Movie App",
        "technology": [
          "Kotlin",
          "SQL Lite",
          "Gradle",
          "Jenkins"
        ]
      },
      {
        "projectName": "Movie App",
        "technology": [
          "Kotlin",
          "SQL Lite",
          "Gradle",
          "Jenkins"
        ]
      }
    ]
  },
  {
    "jobId": 10,
    "jobTitle": "Software Engg-2",
    "jobDescription": "To develop andriod application",
    "experience": [
      "Google",
      "Apple",
      "Mobile Iron"
    ],
    "project": [
      {
        "projectName": "Movie App",
        "technology": [
          "Kotlin",
          "SQL Lite",
          "Gradle"
        ]
      }
    ]
  },
  {
    "jobId": 77,
    "jobTitle": "Software Engg-2",
    "jobDescription": "To develop andriod application",
    "experience": [
      "Google",
      "Apple",
      "Mobile Iron"
    ],
    "project": [
      {
        "projectName": "Movie App",
        "technology": [
          "Kotlin",
          "SQL Lite",
          "Gradle"
        ]
      }
    ]
  },
  {
    "jobId": 26,
    "jobTitle": "Software Engg-2",
    "jobDescription": "To develop andriod application",
    "experience": [
      "Google",
      "Apple",
      "Mobile Iron"
    ],
    "project": [
      {
        "projectName": "Movie App",
        "technology": [
          "Kotlin",
          "SQL Lite",
          "Gradle"
        ]
      }
    ]
  }
]
 
01:15:28.250 [pool-1-thread-5] ERROR com.intuit.karate - classpath:com/api/automation/getrequest/responseMatcher.feature:17
And match response ==
"""
[
  {
"jobId": 1,
"jobTitle": "Software Engg",
"jobDescription": "To develop andriod application",
"experience": [
  "Google",
  "Apple",
  "Mobile Iron"
],
"project": [
  {
    "projectName": "Movie App",
    "technology": [
      "Kotlin",
      "SQL Lite",
      "Gradle"
    ]
  }
]
  }
]
"""
match failed: EQUALS
  $ | not equal | actual array length is not equal to expected - 118:1 (LIST:LIST)
  [{"jobId":1,"jobTitle":"Software Engg","jobDescription":"To develop andriod application","experience":["Google","Apple","Mobile Iron"],"project":[{"projectName":"Movie App","technology":["Kotlin","SQL Lite","Gradle"]}]},{"jobId":68,"jobTitle":"Software Engg-2","jobDescription":"To develop android application and web application","experience":["Google","Apple","Mobile Iron"],"project":[{"projectName":"Movie App","technology":["Kotlin","SQL Lite","Gradle","Jenkins"]},{"projectName":"Movie App","technology":["Kotlin","SQL Lite","Gradle","Jenkins"]}]},{"jobId":34,"jobTitle":"Software Engg-3","jobDescription":"To develop andriod application and web application","experience":["Google","Apple","Mobile Iron"],"project":[{"projectName":"Movie App","technology":["Kotlin","SQL Lite","Gradle","Jenkins"]},{"projectName":"Movie App","technology":["Kotlin","SQL Lite","Gradle","Jenkins"]}]},{"jobId":41,"jobTitle":"Software Engg-2","jobDescription":"To develop android application and web application","experience":["Google","Apple","Mobile Iron"],"project":[{"projectName":"Movie App","technology":["Kotlin","SQL Lite","Gradle","Jenkins"]},{"projectName":"Movie App","technology":["Kotlin","SQL Lite","Gradle","Jenkins"]}]},{"jobId":12,"jobTitle":"Software Engg-2","jobDescription":"To develop andriod application","experience":["Google","Apple","Mobile Iron"],"project":[{"projectName":"Movie App","technology":["Kotlin","SQL Lite","Gradle"]}]},{"jobId":73,"jobTitle":"Software Engg-3","jobDescription":"To develop andriod application and web application","experience":["Google","Apple","Mobile Iron"],"project":[{"projectName":"Movie App","technology":["Kotlin","SQL Lite","Gradle","Jenkins"]},{"projectName":"Movie App","technology":["Kotlin","SQL Lite","Gradle","Jenkins"]}]},{"jobId":99999,"jobTitle":"Software Engg-2","jobDescription":"To develop andriod application","experience":["Google","Apple","Mobile Iron"],"project":[{"projectName":"Movie App","technology":["Kotlin","SQL Lite","Gradle"]}]},{"jobId":38,"jobTitle":"Software Engg-3","jobDescription":"To develop andriod application and web application","experience":["Google","Apple","Mobile Iron"],"project":[{"projectName":"Movie App","technology":["Kotlin","SQL Lite","Gradle","Jenkins"]},{"projectName":"Movie App","technology":["Kotlin","SQL Lite","Gradle","Jenkins"]}]},{"jobId":96,"jobTitle":"Software Engg-3","jobDescription":"To develop andriod application and web application","experience":["Google","Apple","Mobile Iron"],"project":[{"projectName":"Movie App","technology":["Kotlin","SQL Lite","Gradle","Jenkins"]},{"projectName":"Movie App","technology":["Kotlin","SQL Lite","Gradle","Jenkins"]}]},{"jobId":48,"jobTitle":"Software Engg-2","jobDescription":"To develop andriod application","experience":["Google","Apple","Mobile Iron"],"project":[{"projectName":"Movie App","technology":["Kotlin","SQL Lite","Gradle"]}]},{"jobId":6,"jobTitle":"Software Engg-3","jobDescription":"To develop andriod application and web application","experience":["Google","Apple","Mobile Iron"],"project":[{"projectName":"Movie App","technology":["Kotlin","SQL Lite","Gradle","Jenkins"]},{"projectName":"Movie App","technology":["Kotlin","SQL Lite","Gradle","Jenkins"]}]},{"jobId":88,"jobTitle":"Software Engg-2","jobDescription":"To develop android application and web application","experience":["Google","Apple","Mobile Iron"],"project":[{"projectName":"Movie App","technology":["Kotlin","SQL Lite","Gradle"]}]},{"jobId":9,"jobTitle":"Software Engg-3","jobDescription":"To develop andriod application and web application","experience":["Google","Apple","Mobile Iron"],"project":[{"projectName":"Movie App","technology":["Kotlin","SQL Lite","Gradle","Jenkins"]},{"projectName":"Movie App","technology":["Kotlin","SQL Lite","Gradle","Jenkins"]}]},{"jobId":8,"jobTitle":"Software Engg-2","jobDescription":"To develop andriod application","experience":["Google","Apple","Mobile Iron"],"project":[{"projectName":"Movie App","technology":["Kotlin","SQL Lite","Gradle"]}]},{"jobId":7,"jobTitle":"Software Engg-3","jobDescription":"To develop andriod application and web application","experience":["Google","Apple","Mobile Iron"],"project":[{"projectName":"Movie App","technology":["Kotlin","SQL Lite","Gradle","Jenkins"]},{"projectName":"Movie App","technology":["Kotlin","SQL Lite","Gradle","Jenkins"]}]},{"jobId":13,"jobTitle":"Software Engg-2","jobDescription":"To develop andriod application","experience":["Google","Apple","Mobile Iron"],"project":[{"projectName":"Movie App","technology":["Kotlin","SQL Lite","Gradle"]}]},{"jobId":53,"jobTitle":"Software Engg-2","jobDescription":"To develop android application and web application","experience":["Google","Apple","Mobile Iron"],"project":[{"projectName":"Movie App","technology":["Kotlin","SQL Lite","Gradle"]}]},{"jobId":8,"jobTitle":"Software Engg-2","jobDescription":"To develop andriod application","experience":["Google","Apple","Mobile Iron"],"project":[{"projectName":"Movie App","technology":["Kotlin","SQL Lite","Gradle"]}]},{"jobId":8,"jobTitle":"Software Engg-2","jobDescription":"To develop andriod application","experience":["Google","Apple","Mobile Iron"],"project":[{"projectName":"Movie App","technology":["Kotlin","SQL Lite","Gradle"]}]},{"jobId":9980,"jobTitle":"Software Engg-2","jobDescription":"To develop android application","experience":["Google","Apple","Mobile Iron"],"project":[{"projectName":"Movie App","technology":["Kotlin","SQL Lite","Gradle"]}]},{"jobId":80,"jobTitle":"Software Engg-2","jobDescription":"To develop andriod application","experience":["Google","Apple","Mobile Iron"],"project":[{"projectName":"Movie App","technology":["Kotlin","SQL Lite","Gradle"]}]},{"jobId":49,"jobTitle":"Software Engg-2","jobDescription":"To develop android application and web application","experience":["Google","Apple","Mobile Iron"],"project":[{"projectName":"Movie App","technology":["Kotlin","SQL Lite","Gradle","Jenkins"]},{"projectName":"Movie App","technology":["Kotlin","SQL Lite","Gradle","Jenkins"]}]},{"jobId":82,"jobTitle":"Software Engg-3","jobDescription":"To develop andriod application and web application","experience":["Google","Apple","Mobile Iron"],"project":[{"projectName":"Movie App","technology":["Kotlin","SQL Lite","Gradle","Jenkins"]},{"projectName":"Movie App","technology":["Kotlin","SQL Lite","Gradle","Jenkins"]}]},{"jobId":45,"jobTitle":"Software Engg-3","jobDescription":"To develop andriod application and web application","experience":["Google","Apple","Mobile Iron"],"project":[{"projectName":"Movie App","technology":["Kotlin","SQL Lite","Gradle","Jenkins"]},{"projectName":"Movie App","technology":["Kotlin","SQL Lite","Gradle","Jenkins"]}]},{"jobId":26,"jobTitle":"Software Engg-2","jobDescription":"To develop andriod application","experience":["Google","Apple","Mobile Iron"],"project":[{"projectName":"Movie App","technology":["Kotlin","SQL Lite","Gradle"]}]},{"jobId":8,"jobTitle":"Software Engg-2","jobDescription":"To develop andriod application","experience":["Google","Apple","Mobile Iron"],"project":[{"projectName":"Movie App","technology":["Kotlin","SQL Lite","Gradle"]}]},{"jobId":75,"jobTitle":"Software Engg-2","jobDescription":"To develop andriod application","experience":["Google","Apple","Mobile Iron"],"project":[{"projectName":"Movie App","technology":["Kotlin","SQL Lite","Gradle"]}]},{"jobId":8,"jobTitle":"Software Engg-2","jobDescription":"To develop andriod application","experience":["Google","Apple","Mobile Iron"],"project":[{"projectName":"Movie App","technology":["Kotlin","SQL Lite","Gradle"]}]},{"jobId":9980,"jobTitle":"Software Engg-2","jobDescription":"To develop android application","experience":["Google","Apple","Mobile Iron"],"project":[{"projectName":"Movie App","technology":["Kotlin","SQL Lite","Gradle"]}]},{"jobId":84,"jobTitle":"Software Engg-2","jobDescription":"To develop andriod application","experience":["Google","Apple","Mobile Iron"],"project":[{"projectName":"Movie App","technology":["Kotlin","SQL Lite","Gradle"]}]},{"jobId":31,"jobTitle":"Software Engg-3","jobDescription":"To develop andriod application and web application","experience":["Google","Apple","Mobile Iron"],"project":[{"projectName":"Movie App","technology":["Kotlin","SQL Lite","Gradle","Jenkins"]},{"projectName":"Movie App","technology":["Kotlin","SQL Lite","Gradle","Jenkins"]}]},{"jobId":87,"jobTitle":"Software Engg-2","jobDescription":"To develop andriod application","experience":["Google","Apple","Mobile Iron"],"project":[{"projectName":"Movie App","technology":["Kotlin","SQL Lite","Gradle"]}]},{"jobId":93,"jobTitle":"Software Engg-3","jobDescription":"To develop andriod application and web application","experience":["Google","Apple","Mobile Iron"],"project":[{"projectName":"Movie App","technology":["Kotlin","SQL Lite","Gradle","Jenkins"]},{"projectName":"Movie App","technology":["Kotlin","SQL Lite","Gradle","Jenkins"]}]},{"jobId":53,"jobTitle":"Software Engg-2","jobDescription":"To develop andriod application","experience":["Google","Apple","Mobile Iron"],"project":[{"projectName":"Movie App","technology":["Kotlin","SQL Lite","Gradle"]}]},{"jobId":51,"jobTitle":"Software Engg-2","jobDescription":"To develop andriod application","experience":["Google","Apple","Mobile Iron"],"project":[{"projectName":"Movie App","technology":["Kotlin","SQL Lite","Gradle"]}]},{"jobId":19,"jobTitle":"Software Engg-2","jobDescription":"To develop andriod application","experience":["Google","Apple","Mobile Iron"],"project":[{"projectName":"Movie App","technology":["Kotlin","SQL Lite","Gradle"]}]},{"jobId":93,"jobTitle":"Software Engg-2","jobDescription":"To develop andriod application","experience":["Google","Apple","Mobile Iron"],"project":[{"projectName":"Movie App","technology":["Kotlin","SQL Lite","Gradle"]}]},{"jobId":32,"jobTitle":"Software Engg-2","jobDescription":"To develop android application and web application","experience":["Google","Apple","Mobile Iron"],"project":[{"projectName":"Movie App","technology":["Kotlin","SQL Lite","Gradle"]}]},{"jobId":71,"jobTitle":"Software Engg-2","jobDescription":"To develop android application and web application","experience":["Google","Apple","Mobile Iron"],"project":[{"projectName":"Movie App","technology":["Kotlin","SQL Lite","Gradle"]}]},{"jobId":23,"jobTitle":"Software Engg-2","jobDescription":"To develop android application and web application","experience":["Google","Apple","Mobile Iron"],"project":[{"projectName":"Movie App","technology":["Kotlin","SQL Lite","Gradle"]}]},{"jobId":31,"jobTitle":"Software Engg-2","jobDescription":"To develop andriod application","experience":["Google","Apple","Mobile Iron"],"project":[{"projectName":"Movie App","technology":["Kotlin","SQL Lite","Gradle"]}]},{"jobId":10,"jobTitle":"Software Engg-2","jobDescription":"To develop andriod application","experience":["Google","Apple","Mobile Iron"],"project":[{"projectName":"Movie App","technology":["Kotlin","SQL Lite","Gradle"]}]},{"jobId":8,"jobTitle":"Software Engg-2","jobDescription":"To develop andriod application","experience":["Google","Apple","Mobile Iron"],"project":[{"projectName":"Movie App","technology":["Kotlin","SQL Lite","Gradle"]}]},{"jobId":38,"jobTitle":"Software Engg-2","jobDescription":"To develop andriod application","experience":["Google","Apple","Mobile Iron"],"project":[{"projectName":"Movie App","technology":["Kotlin","SQL Lite","Gradle"]}]},{"jobId":8,"jobTitle":"Software Engg-2","jobDescription":"To develop andriod application","experience":["Google","Apple","Mobile Iron"],"project":[{"projectName":"Movie App","technology":["Kotlin","SQL Lite","Gradle"]}]},{"jobId":9980,"jobTitle":"Software Engg-2","jobDescription":"To develop android application","experience":["Google","Apple","Mobile Iron"],"project":[{"projectName":"Movie App","technology":["Kotlin","SQL Lite","Gradle"]}]},{"jobId":5,"jobTitle":"Software Engg-3","jobDescription":"To develop andriod application and web application","experience":["Google","Apple","Mobile Iron"],"project":[{"projectName":"Movie App","technology":["Kotlin","SQL Lite","Gradle","Jenkins"]},{"projectName":"Movie App","technology":["Kotlin","SQL Lite","Gradle","Jenkins"]}]},{"jobId":16,"jobTitle":"Software Engg-3","jobDescription":"To develop andriod application and web application","experience":["Google","Apple","Mobile Iron"],"project":[{"projectName":"Movie App","technology":["Kotlin","SQL Lite","Gradle","Jenkins"]},{"projectName":"Movie App","technology":["Kotlin","SQL Lite","Gradle","Jenkins"]}]},{"jobId":1,"jobTitle":"Software Engg-2","jobDescription":"To develop andriod application","experience":["Google","Apple","Mobile Iron"],"project":[{"projectName":"Movie App","technology":["Kotlin","SQL Lite","Gradle"]}]},{"jobId":7,"jobTitle":"Software Engg-2","jobDescription":"To develop andriod application","experience":["Google","Apple","Mobile Iron"],"project":[{"projectName":"Movie App","technology":["Kotlin","SQL Lite","Gradle"]}]},{"jobId":35,"jobTitle":"Software Engg-2","jobDescription":"To develop android application and web application","experience":["Google","Apple","Mobile Iron"],"project":[{"projectName":"Movie App","technology":["Kotlin","SQL Lite","Gradle"]}]},{"jobId":48,"jobTitle":"Software Engg-2","jobDescription":"To develop andriod application","experience":["Google","Apple","Mobile Iron"],"project":[{"projectName":"Movie App","technology":["Kotlin","SQL Lite","Gradle"]}]},{"jobId":2,"jobTitle":"Software Engg-2","jobDescription":"To develop andriod application","experience":["Google","Apple","Mobile Iron"],"project":[{"projectName":"Movie App","technology":["Kotlin","SQL Lite","Gradle"]}]},{"jobId":88,"jobTitle":"Software Engg-2","jobDescription":"To develop andriod application","experience":["Google","Apple","Mobile Iron"],"project":[{"projectName":"Movie App","technology":["Kotlin","SQL Lite","Gradle"]}]},{"jobId":21,"jobTitle":"Software Engg-2","jobDescription":"To develop andriod application","experience":["Google","Apple","Mobile Iron"],"project":[{"projectName":"Movie App","technology":["Kotlin","SQL Lite","Gradle"]}]},{"jobId":71,"jobTitle":"Software Engg-2","jobDescription":"To develop andriod application","experience":["Google","Apple","Mobile Iron"],"project":[{"projectName":"Movie App","technology":["Kotlin","SQL Lite","Gradle"]}]},{"jobId":8,"jobTitle":"Software Engg-2","jobDescription":"To develop andriod application","experience":["Google","Apple","Mobile Iron"],"project":[{"projectName":"Movie App","technology":["Kotlin","SQL Lite","Gradle"]}]},{"jobId":94,"jobTitle":"Software Engg-2","jobDescription":"To develop andriod application","experience":["Google","Apple","Mobile Iron"],"project":[{"projectName":"Movie App","technology":["Kotlin","SQL Lite","Gradle"]}]},{"jobId":8,"jobTitle":"Software Engg-2","jobDescription":"To develop andriod application","experience":["Google","Apple","Mobile Iron"],"project":[{"projectName":"Movie App","technology":["Kotlin","SQL Lite","Gradle"]}]},{"jobId":9980,"jobTitle":"Software Engg-2","jobDescription":"To develop android application","experience":["Google","Apple","Mobile Iron"],"project":[{"projectName":"Movie App","technology":["Kotlin","SQL Lite","Gradle"]}]},{"jobId":89,"jobTitle":"Software Engg-3","jobDescription":"To develop andriod application and web application","experience":["Google","Apple","Mobile Iron"],"project":[{"projectName":"Movie App","technology":["Kotlin","SQL Lite","Gradle","Jenkins"]},{"projectName":"Movie App","technology":["Kotlin","SQL Lite","Gradle","Jenkins"]}]},{"jobId":35,"jobTitle":"Software Engg-2","jobDescription":"To develop andriod application","experience":["Google","Apple","Mobile Iron"],"project":[{"projectName":"Movie App","technology":["Kotlin","SQL Lite","Gradle"]}]},{"jobId":77,"jobTitle":"Software Engg-2","jobDescription":"To develop android application and web application","experience":["Google","Apple","Mobile Iron"],"project":[{"projectName":"Movie App","technology":["Kotlin","SQL Lite","Gradle"]}]},{"jobId":50,"jobTitle":"Software Engg-3","jobDescription":"To develop andriod application and web application","experience":["Google","Apple","Mobile Iron"],"project":[{"projectName":"Movie App","technology":["Kotlin","SQL Lite","Gradle","Jenkins"]},{"projectName":"Movie App","technology":["Kotlin","SQL Lite","Gradle","Jenkins"]}]},{"jobId":33,"jobTitle":"Software Engg-2","jobDescription":"To develop andriod application","experience":["Google","Apple","Mobile Iron"],"project":[{"projectName":"Movie App","technology":["Kotlin","SQL Lite","Gradle"]}]},{"jobId":78,"jobTitle":"Software Engg-2","jobDescription":"To develop android application and web application","experience":["Google","Apple","Mobile Iron"],"project":[{"projectName":"Movie App","technology":["Kotlin","SQL Lite","Gradle"]}]},{"jobId":3,"jobTitle":"Software Engg-2","jobDescription":"To develop android application and web application","experience":["Google","Apple","Mobile Iron"],"project":[{"projectName":"Movie App","technology":["Kotlin","SQL Lite","Gradle"]}]},{"jobId":18,"jobTitle":"Software Engg-2","jobDescription":"To develop android application and web application","experience":["Google","Apple","Mobile Iron"],"project":[{"projectName":"Movie App","technology":["Kotlin","SQL Lite","Gradle"]}]},{"jobId":4,"jobTitle":"Software Engg-2","jobDescription":"To develop android application and web application","experience":["Google","Apple","Mobile Iron"],"project":[{"projectName":"Movie App","technology":["Kotlin","SQL Lite","Gradle"]}]},{"jobId":8,"jobTitle":"Software Engg-2","jobDescription":"To develop andriod application","experience":["Google","Apple","Mobile Iron"],"project":[{"projectName":"Movie App","technology":["Kotlin","SQL Lite","Gradle"]}]},{"jobId":9980,"jobTitle":"Software Engg-2","jobDescription":"To develop android application","experience":["Google","Apple","Mobile Iron"],"project":[{"projectName":"Movie App","technology":["Kotlin","SQL Lite","Gradle"]}]},{"jobId":8,"jobTitle":"Software Engg-2","jobDescription":"To develop andriod application","experience":["Google","Apple","Mobile Iron"],"project":[{"projectName":"Movie App","technology":["Kotlin","SQL Lite","Gradle"]}]},{"jobId":17,"jobTitle":"Software Engg-3","jobDescription":"To develop andriod application and web application","experience":["Google","Apple","Mobile Iron"],"project":[{"projectName":"Movie App","technology":["Kotlin","SQL Lite","Gradle","Jenkins"]},{"projectName":"Movie App","technology":["Kotlin","SQL Lite","Gradle","Jenkins"]}]},{"jobId":94,"jobTitle":"Software Engg-2","jobDescription":"To develop andriod application","experience":["Google","Apple","Mobile Iron"],"project":[{"projectName":"Movie App","technology":["Kotlin","SQL Lite","Gradle"]}]},{"jobId":83,"jobTitle":"Software Engg-3","jobDescription":"To develop andriod application and web application","experience":["Google","Apple","Mobile Iron"],"project":[{"projectName":"Movie App","technology":["Kotlin","SQL Lite","Gradle","Jenkins"]},{"projectName":"Movie App","technology":["Kotlin","SQL Lite","Gradle","Jenkins"]}]},{"jobId":75,"jobTitle":"Software Engg-2","jobDescription":"To develop andriod application","experience":["Google","Apple","Mobile Iron"],"project":[{"projectName":"Movie App","technology":["Kotlin","SQL Lite","Gradle"]}]},{"jobId":86,"jobTitle":"Software Engg-3","jobDescription":"To develop andriod application and web application","experience":["Google","Apple","Mobile Iron"],"project":[{"projectName":"Movie App","technology":["Kotlin","SQL Lite","Gradle","Jenkins"]},{"projectName":"Movie App","technology":["Kotlin","SQL Lite","Gradle","Jenkins"]}]},{"jobId":40,"jobTitle":"Software Engg-2","jobDescription":"To develop android application and web application","experience":["Google","Apple","Mobile Iron"],"project":[{"projectName":"Movie App","technology":["Kotlin","SQL Lite","Gradle"]}]},{"jobId":66,"jobTitle":"Software Engg-2","jobDescription":"To develop android application and web application","experience":["Google","Apple","Mobile Iron"],"project":[{"projectName":"Movie App","technology":["Kotlin","SQL Lite","Gradle"]}]},{"jobId":18,"jobTitle":"Software Engg-2","jobDescription":"To develop andriod application","experience":["Google","Apple","Mobile Iron"],"project":[{"projectName":"Movie App","technology":["Kotlin","SQL Lite","Gradle"]}]},{"jobId":42,"jobTitle":"Software Engg-2","jobDescription":"To develop andriod application","experience":["Google","Apple","Mobile Iron"],"project":[{"projectName":"Movie App","technology":["Kotlin","SQL Lite","Gradle"]}]},{"jobId":68,"jobTitle":"Software Engg-2","jobDescription":"To develop andriod application","experience":["Google","Apple","Mobile Iron"],"project":[{"projectName":"Movie App","technology":["Kotlin","SQL Lite","Gradle"]}]},{"jobId":96,"jobTitle":"Software Engg-2","jobDescription":"To develop andriod application","experience":["Google","Apple","Mobile Iron"],"project":[{"projectName":"Movie App","technology":["Kotlin","SQL Lite","Gradle"]}]},{"jobId":59,"jobTitle":"Software Engg-2","jobDescription":"To develop android application and web application","experience":["Google","Apple","Mobile Iron"],"project":[{"projectName":"Movie App","technology":["Kotlin","SQL Lite","Gradle"]}]},{"jobId":8,"jobTitle":"Software Engg-2","jobDescription":"To develop andriod application","experience":["Google","Apple","Mobile Iron"],"project":[{"projectName":"Movie App","technology":["Kotlin","SQL Lite","Gradle"]}]},{"jobId":32,"jobTitle":"Software Engg-2","jobDescription":"To develop andriod application","experience":["Google","Apple","Mobile Iron"],"project":[{"projectName":"Movie App","technology":["Kotlin","SQL Lite","Gradle"]}]},{"jobId":8,"jobTitle":"Software Engg-2","jobDescription":"To develop andriod application","experience":["Google","Apple","Mobile Iron"],"project":[{"projectName":"Movie App","technology":["Kotlin","SQL Lite","Gradle"]}]},{"jobId":9980,"jobTitle":"Software Engg-2","jobDescription":"To develop android application","experience":["Google","Apple","Mobile Iron"],"project":[{"projectName":"Movie App","technology":["Kotlin","SQL Lite","Gradle"]}]},{"jobId":6,"jobTitle":"Software Engg-2","jobDescription":"To develop andriod application","experience":["Google","Apple","Mobile Iron"],"project":[{"projectName":"Movie App","technology":["Kotlin","SQL Lite","Gradle"]}]},{"jobId":57,"jobTitle":"Software Engg-3","jobDescription":"To develop andriod application and web application","experience":["Google","Apple","Mobile Iron"],"project":[{"projectName":"Movie App","technology":["Kotlin","SQL Lite","Gradle","Jenkins"]},{"projectName":"Movie App","technology":["Kotlin","SQL Lite","Gradle","Jenkins"]}]},{"jobId":19,"jobTitle":"Software Engg-2","jobDescription":"To develop andriod application","experience":["Google","Apple","Mobile Iron"],"project":[{"projectName":"Movie App","technology":["Kotlin","SQL Lite","Gradle"]}]},{"jobId":29,"jobTitle":"Software Engg-3","jobDescription":"To develop andriod application and web application","experience":["Google","Apple","Mobile Iron"],"project":[{"projectName":"Movie App","technology":["Kotlin","SQL Lite","Gradle","Jenkins"]},{"projectName":"Movie App","technology":["Kotlin","SQL Lite","Gradle","Jenkins"]}]},{"jobId":90,"jobTitle":"Software Engg-2","jobDescription":"To develop android application and web application","experience":["Google","Apple","Mobile Iron"],"project":[{"projectName":"Movie App","technology":["Kotlin","SQL Lite","Gradle"]}]},{"jobId":60,"jobTitle":"Software Engg-3","jobDescription":"To develop andriod application and web application","experience":["Google","Apple","Mobile Iron"],"project":[{"projectName":"Movie App","technology":["Kotlin","SQL Lite","Gradle","Jenkins"]},{"projectName":"Movie App","technology":["Kotlin","SQL Lite","Gradle","Jenkins"]}]},{"jobId":92,"jobTitle":"Software Engg-2","jobDescription":"To develop android application and web application","experience":["Google","Apple","Mobile Iron"],"project":[{"projectName":"Movie App","technology":["Kotlin","SQL Lite","Gradle"]}]},{"jobId":90,"jobTitle":"Software Engg-2","jobDescription":"To develop andriod application","experience":["Google","Apple","Mobile Iron"],"project":[{"projectName":"Movie App","technology":["Kotlin","SQL Lite","Gradle"]}]},{"jobId":25,"jobTitle":"Software Engg-2","jobDescription":"To develop andriod application","experience":["Google","Apple","Mobile Iron"],"project":[{"projectName":"Movie App","technology":["Kotlin","SQL Lite","Gradle"]}]},{"jobId":0,"jobTitle":"Software Engg-2","jobDescription":"To develop android application and web application","experience":["Google","Apple","Mobile Iron"],"project":[{"projectName":"Movie App","technology":["Kotlin","SQL Lite","Gradle"]}]},{"jobId":53,"jobTitle":"Software Engg-2","jobDescription":"To develop andriod application","experience":["Google","Apple","Mobile Iron"],"project":[{"projectName":"Movie App","technology":["Kotlin","SQL Lite","Gradle"]}]},{"jobId":37,"jobTitle":"Software Engg-2","jobDescription":"To develop android application and web application","experience":["Google","Apple","Mobile Iron"],"project":[{"projectName":"Movie App","technology":["Kotlin","SQL Lite","Gradle"]}]},{"jobId":41,"jobTitle":"Software Engg-2","jobDescription":"To develop andriod application","experience":["Google","Apple","Mobile Iron"],"project":[{"projectName":"Movie App","technology":["Kotlin","SQL Lite","Gradle"]}]},{"jobId":40,"jobTitle":"Software Engg-2","jobDescription":"To develop andriod application","experience":["Google","Apple","Mobile Iron"],"project":[{"projectName":"Movie App","technology":["Kotlin","SQL Lite","Gradle"]}]},{"jobId":0,"jobTitle":"Software Engg-2","jobDescription":"To develop andriod application","experience":["Google","Apple","Mobile Iron"],"project":[{"projectName":"Movie App","technology":["Kotlin","SQL Lite","Gradle"]}]},{"jobId":76,"jobTitle":"Software Engg-2","jobDescription":"To develop andriod application","experience":["Google","Apple","Mobile Iron"],"project":[{"projectName":"Movie App","technology":["Kotlin","SQL Lite","Gradle"]}]},{"jobId":49,"jobTitle":"Software Engg-2","jobDescription":"To develop andriod application","experience":["Google","Apple","Mobile Iron"],"project":[{"projectName":"Movie App","technology":["Kotlin","SQL Lite","Gradle"]}]},{"jobId":9980,"jobTitle":"Software Engg-2","jobDescription":"To develop android application","experience":["Google","Apple","Mobile Iron"],"project":[{"projectName":"Movie App","technology":["Kotlin","SQL Lite","Gradle"]}]},{"jobId":8,"jobTitle":"Software Engg-2","jobDescription":"To develop andriod application","experience":["Google","Apple","Mobile Iron"],"project":[{"projectName":"Movie App","technology":["Kotlin","SQL Lite","Gradle"]}]},{"jobId":79,"jobTitle":"Software Engg-2","jobDescription":"To develop andriod application","experience":["Google","Apple","Mobile Iron"],"project":[{"projectName":"Movie App","technology":["Kotlin","SQL Lite","Gradle"]}]},{"jobId":8,"jobTitle":"Software Engg-2","jobDescription":"To develop andriod application","experience":["Google","Apple","Mobile Iron"],"project":[{"projectName":"Movie App","technology":["Kotlin","SQL Lite","Gradle"]}]},{"jobId":39,"jobTitle":"Software Engg-3","jobDescription":"To develop andriod application and web application","experience":["Google","Apple","Mobile Iron"],"project":[{"projectName":"Movie App","technology":["Kotlin","SQL Lite","Gradle","Jenkins"]},{"projectName":"Movie App","technology":["Kotlin","SQL Lite","Gradle","Jenkins"]}]},{"jobId":96,"jobTitle":"Software Engg-2","jobDescription":"To develop andriod application","experience":["Google","Apple","Mobile Iron"],"project":[{"projectName":"Movie App","technology":["Kotlin","SQL Lite","Gradle"]}]},{"jobId":28,"jobTitle":"Software Engg-3","jobDescription":"To develop andriod application and web application","experience":["Google","Apple","Mobile Iron"],"project":[{"projectName":"Movie App","technology":["Kotlin","SQL Lite","Gradle","Jenkins"]},{"projectName":"Movie App","technology":["Kotlin","SQL Lite","Gradle","Jenkins"]}]},{"jobId":80,"jobTitle":"Software Engg-2","jobDescription":"To develop andriod application","experience":["Google","Apple","Mobile Iron"],"project":[{"projectName":"Movie App","technology":["Kotlin","SQL Lite","Gradle"]}]},{"jobId":130,"jobTitle":"Software Engg-3","jobDescription":"To develop andriod application and web application","experience":["Google","Apple","Mobile Iron"],"project":[{"projectName":"Movie App","technology":["Kotlin","SQL Lite","Gradle","Jenkins"]},{"projectName":"Movie App","technology":["Kotlin","SQL Lite","Gradle","Jenkins"]}]},{"jobId":74,"jobTitle":"Software Engg-3","jobDescription":"To develop andriod application and web application","experience":["Google","Apple","Mobile Iron"],"project":[{"projectName":"Movie App","technology":["Kotlin","SQL Lite","Gradle","Jenkins"]},{"projectName":"Movie App","technology":["Kotlin","SQL Lite","Gradle","Jenkins"]}]},{"jobId":10,"jobTitle":"Software Engg-2","jobDescription":"To develop andriod application","experience":["Google","Apple","Mobile Iron"],"project":[{"projectName":"Movie App","technology":["Kotlin","SQL Lite","Gradle"]}]},{"jobId":77,"jobTitle":"Software Engg-2","jobDescription":"To develop andriod application","experience":["Google","Apple","Mobile Iron"],"project":[{"projectName":"Movie App","technology":["Kotlin","SQL Lite","Gradle"]}]},{"jobId":26,"jobTitle":"Software Engg-2","jobDescription":"To develop andriod application","experience":["Google","Apple","Mobile Iron"],"project":[{"projectName":"Movie App","technology":["Kotlin","SQL Lite","Gradle"]}]}]
  [{"jobId":1,"jobTitle":"Software Engg","jobDescription":"To develop andriod application","experience":["Google","Apple","Mobile Iron"],"project":[{"projectName":"Movie App","technology":["Kotlin","SQL Lite","Gradle"]}]}]


classpath:com/api/automation/getrequest/responseMatcher.feature:17
01:15:28.257 [pool-1-thread-5] INFO  com.intuit.karate - karate.env system property was: null 
01:15:28.259 [pool-1-thread-2] DEBUG com.intuit.karate - response time in milliseconds: 53
1 < 200
1 < X-Content-Type-Options: nosniff
1 < X-XSS-Protection: 1; mode=block
1 < Cache-Control: no-cache, no-store, max-age=0, must-revalidate
1 < Pragma: no-cache
1 < Expires: 0
1 < X-Frame-Options: DENY
1 < Content-Type: application/xml
1 < Transfer-Encoding: chunked
1 < Date: Wed, 19 Jan 2022 19:45:28 GMT
1 < Keep-Alive: timeout=60
1 < Connection: keep-alive
<List><item><jobId>1</jobId><jobTitle>Software Engg</jobTitle><jobDescription>To develop andriod application</jobDescription><experience><experience>Google</experience><experience>Apple</experience><experience>Mobile Iron</experience></experience><project><project><projectName>Movie App</projectName><technology><technology>Kotlin</technology><technology>SQL Lite</technology><technology>Gradle</technology></technology></project></project></item><item><jobId>68</jobId><jobTitle>Software Engg-2</jobTitle><jobDescription>To develop android application and web application</jobDescription><experience><experience>Google</experience><experience>Apple</experience><experience>Mobile Iron</experience></experience><project><project><projectName>Movie App</projectName><technology><technology>Kotlin</technology><technology>SQL Lite</technology><technology>Gradle</technology><technology>Jenkins</technology></technology></project><project><projectName>Movie App</projectName><technology><technology>Kotlin</technology><technology>SQL Lite</technology><technology>Gradle</technology><technology>Jenkins</technology></technology></project></project></item><item><jobId>34</jobId><jobTitle>Software Engg-3</jobTitle><jobDescription>To develop andriod application and web application</jobDescription><experience><experience>Google</experience><experience>Apple</experience><experience>Mobile Iron</experience></experience><project><project><projectName>Movie App</projectName><technology><technology>Kotlin</technology><technology>SQL Lite</technology><technology>Gradle</technology><technology>Jenkins</technology></technology></project><project><projectName>Movie App</projectName><technology><technology>Kotlin</technology><technology>SQL Lite</technology><technology>Gradle</technology><technology>Jenkins</technology></technology></project></project></item><item><jobId>41</jobId><jobTitle>Software Engg-2</jobTitle><jobDescription>To develop android application and web application</jobDescription><experience><experience>Google</experience><experience>Apple</experience><experience>Mobile Iron</experience></experience><project><project><projectName>Movie App</projectName><technology><technology>Kotlin</technology><technology>SQL Lite</technology><technology>Gradle</technology><technology>Jenkins</technology></technology></project><project><projectName>Movie App</projectName><technology><technology>Kotlin</technology><technology>SQL Lite</technology><technology>Gradle</technology><technology>Jenkins</technology></technology></project></project></item><item><jobId>12</jobId><jobTitle>Software Engg-2</jobTitle><jobDescription>To develop andriod application</jobDescription><experience><experience>Google</experience><experience>Apple</experience><experience>Mobile Iron</experience></experience><project><project><projectName>Movie App</projectName><technology><technology>Kotlin</technology><technology>SQL Lite</technology><technology>Gradle</technology></technology></project></project></item><item><jobId>73</jobId><jobTitle>Software Engg-3</jobTitle><jobDescription>To develop andriod application and web application</jobDescription><experience><experience>Google</experience><experience>Apple</experience><experience>Mobile Iron</experience></experience><project><project><projectName>Movie App</projectName><technology><technology>Kotlin</technology><technology>SQL Lite</technology><technology>Gradle</technology><technology>Jenkins</technology></technology></project><project><projectName>Movie App</projectName><technology><technology>Kotlin</technology><technology>SQL Lite</technology><technology>Gradle</technology><technology>Jenkins</technology></technology></project></project></item><item><jobId>99999</jobId><jobTitle>Software Engg-2</jobTitle><jobDescription>To develop andriod application</jobDescription><experience><experience>Google</experience><experience>Apple</experience><experience>Mobile Iron</experience></experience><project><project><projectName>Movie App</projectName><technology><technology>Kotlin</technology><technology>SQL Lite</technology><technology>Gradle</technology></technology></project></project></item><item><jobId>38</jobId><jobTitle>Software Engg-3</jobTitle><jobDescription>To develop andriod application and web application</jobDescription><experience><experience>Google</experience><experience>Apple</experience><experience>Mobile Iron</experience></experience><project><project><projectName>Movie App</projectName><technology><technology>Kotlin</technology><technology>SQL Lite</technology><technology>Gradle</technology><technology>Jenkins</technology></technology></project><project><projectName>Movie App</projectName><technology><technology>Kotlin</technology><technology>SQL Lite</technology><technology>Gradle</technology><technology>Jenkins</technology></technology></project></project></item><item><jobId>96</jobId><jobTitle>Software Engg-3</jobTitle><jobDescription>To develop andriod application and web application</jobDescription><experience><experience>Google</experience><experience>Apple</experience><experience>Mobile Iron</experience></experience><project><project><projectName>Movie App</projectName><technology><technology>Kotlin</technology><technology>SQL Lite</technology><technology>Gradle</technology><technology>Jenkins</technology></technology></project><project><projectName>Movie App</projectName><technology><technology>Kotlin</technology><technology>SQL Lite</technology><technology>Gradle</technology><technology>Jenkins</technology></technology></project></project></item><item><jobId>48</jobId><jobTitle>Software Engg-2</jobTitle><jobDescription>To develop andriod application</jobDescription><experience><experience>Google</experience><experience>Apple</experience><experience>Mobile Iron</experience></experience><project><project><projectName>Movie App</projectName><technology><technology>Kotlin</technology><technology>SQL Lite</technology><technology>Gradle</technology></technology></project></project></item><item><jobId>6</jobId><jobTitle>Software Engg-3</jobTitle><jobDescription>To develop andriod application and web application</jobDescription><experience><experience>Google</experience><experience>Apple</experience><experience>Mobile Iron</experience></experience><project><project><projectName>Movie App</projectName><technology><technology>Kotlin</technology><technology>SQL Lite</technology><technology>Gradle</technology><technology>Jenkins</technology></technology></project><project><projectName>Movie App</projectName><technology><technology>Kotlin</technology><technology>SQL Lite</technology><technology>Gradle</technology><technology>Jenkins</technology></technology></project></project></item><item><jobId>88</jobId><jobTitle>Software Engg-2</jobTitle><jobDescription>To develop android application and web application</jobDescription><experience><experience>Google</experience><experience>Apple</experience><experience>Mobile Iron</experience></experience><project><project><projectName>Movie App</projectName><technology><technology>Kotlin</technology><technology>SQL Lite</technology><technology>Gradle</technology></technology></project></project></item><item><jobId>9</jobId><jobTitle>Software Engg-3</jobTitle><jobDescription>To develop andriod application and web application</jobDescription><experience><experience>Google</experience><experience>Apple</experience><experience>Mobile Iron</experience></experience><project><project><projectName>Movie App</projectName><technology><technology>Kotlin</technology><technology>SQL Lite</technology><technology>Gradle</technology><technology>Jenkins</technology></technology></project><project><projectName>Movie App</projectName><technology><technology>Kotlin</technology><technology>SQL Lite</technology><technology>Gradle</technology><technology>Jenkins</technology></technology></project></project></item><item><jobId>8</jobId><jobTitle>Software Engg-2</jobTitle><jobDescription>To develop andriod application</jobDescription><experience><experience>Google</experience><experience>Apple</experience><experience>Mobile Iron</experience></experience><project><project><projectName>Movie App</projectName><technology><technology>Kotlin</technology><technology>SQL Lite</technology><technology>Gradle</technology></technology></project></project></item><item><jobId>7</jobId><jobTitle>Software Engg-3</jobTitle><jobDescription>To develop andriod application and web application</jobDescription><experience><experience>Google</experience><experience>Apple</experience><experience>Mobile Iron</experience></experience><project><project><projectName>Movie App</projectName><technology><technology>Kotlin</technology><technology>SQL Lite</technology><technology>Gradle</technology><technology>Jenkins</technology></technology></project><project><projectName>Movie App</projectName><technology><technology>Kotlin</technology><technology>SQL Lite</technology><technology>Gradle</technology><technology>Jenkins</technology></technology></project></project></item><item><jobId>13</jobId><jobTitle>Software Engg-2</jobTitle><jobDescription>To develop andriod application</jobDescription><experience><experience>Google</experience><experience>Apple</experience><experience>Mobile Iron</experience></experience><project><project><projectName>Movie App</projectName><technology><technology>Kotlin</technology><technology>SQL Lite</technology><technology>Gradle</technology></technology></project></project></item><item><jobId>53</jobId><jobTitle>Software Engg-2</jobTitle><jobDescription>To develop android application and web application</jobDescription><experience><experience>Google</experience><experience>Apple</experience><experience>Mobile Iron</experience></experience><project><project><projectName>Movie App</projectName><technology><technology>Kotlin</technology><technology>SQL Lite</technology><technology>Gradle</technology></technology></project></project></item><item><jobId>8</jobId><jobTitle>Software Engg-2</jobTitle><jobDescription>To develop andriod application</jobDescription><experience><experience>Google</experience><experience>Apple</experience><experience>Mobile Iron</experience></experience><project><project><projectName>Movie App</projectName><technology><technology>Kotlin</technology><technology>SQL Lite</technology><technology>Gradle</technology></technology></project></project></item><item><jobId>8</jobId><jobTitle>Software Engg-2</jobTitle><jobDescription>To develop andriod application</jobDescription><experience><experience>Google</experience><experience>Apple</experience><experience>Mobile Iron</experience></experience><project><project><projectName>Movie App</projectName><technology><technology>Kotlin</technology><technology>SQL Lite</technology><technology>Gradle</technology></technology></project></project></item><item><jobId>9980</jobId><jobTitle>Software Engg-2</jobTitle><jobDescription>To develop android application</jobDescription><experience><experience>Google</experience><experience>Apple</experience><experience>Mobile Iron</experience></experience><project><project><projectName>Movie App</projectName><technology><technology>Kotlin</technology><technology>SQL Lite</technology><technology>Gradle</technology></technology></project></project></item><item><jobId>80</jobId><jobTitle>Software Engg-2</jobTitle><jobDescription>To develop andriod application</jobDescription><experience><experience>Google</experience><experience>Apple</experience><experience>Mobile Iron</experience></experience><project><project><projectName>Movie App</projectName><technology><technology>Kotlin</technology><technology>SQL Lite</technology><technology>Gradle</technology></technology></project></project></item><item><jobId>49</jobId><jobTitle>Software Engg-2</jobTitle><jobDescription>To develop android application and web application</jobDescription><experience><experience>Google</experience><experience>Apple</experience><experience>Mobile Iron</experience></experience><project><project><projectName>Movie App</projectName><technology><technology>Kotlin</technology><technology>SQL Lite</technology><technology>Gradle</technology><technology>Jenkins</technology></technology></project><project><projectName>Movie App</projectName><technology><technology>Kotlin</technology><technology>SQL Lite</technology><technology>Gradle</technology><technology>Jenkins</technology></technology></project></project></item><item><jobId>82</jobId><jobTitle>Software Engg-3</jobTitle><jobDescription>To develop andriod application and web application</jobDescription><experience><experience>Google</experience><experience>Apple</experience><experience>Mobile Iron</experience></experience><project><project><projectName>Movie App</projectName><technology><technology>Kotlin</technology><technology>SQL Lite</technology><technology>Gradle</technology><technology>Jenkins</technology></technology></project><project><projectName>Movie App</projectName><technology><technology>Kotlin</technology><technology>SQL Lite</technology><technology>Gradle</technology><technology>Jenkins</technology></technology></project></project></item><item><jobId>45</jobId><jobTitle>Software Engg-3</jobTitle><jobDescription>To develop andriod application and web application</jobDescription><experience><experience>Google</experience><experience>Apple</experience><experience>Mobile Iron</experience></experience><project><project><projectName>Movie App</projectName><technology><technology>Kotlin</technology><technology>SQL Lite</technology><technology>Gradle</technology><technology>Jenkins</technology></technology></project><project><projectName>Movie App</projectName><technology><technology>Kotlin</technology><technology>SQL Lite</technology><technology>Gradle</technology><technology>Jenkins</technology></technology></project></project></item><item><jobId>26</jobId><jobTitle>Software Engg-2</jobTitle><jobDescription>To develop andriod application</jobDescription><experience><experience>Google</experience><experience>Apple</experience><experience>Mobile Iron</experience></experience><project><project><projectName>Movie App</projectName><technology><technology>Kotlin</technology><technology>SQL Lite</technology><technology>Gradle</technology></technology></project></project></item><item><jobId>8</jobId><jobTitle>Software Engg-2</jobTitle><jobDescription>To develop andriod application</jobDescription><experience><experience>Google</experience><experience>Apple</experience><experience>Mobile Iron</experience></experience><project><project><projectName>Movie App</projectName><technology><technology>Kotlin</technology><technology>SQL Lite</technology><technology>Gradle</technology></technology></project></project></item><item><jobId>75</jobId><jobTitle>Software Engg-2</jobTitle><jobDescription>To develop andriod application</jobDescription><experience><experience>Google</experience><experience>Apple</experience><experience>Mobile Iron</experience></experience><project><project><projectName>Movie App</projectName><technology><technology>Kotlin</technology><technology>SQL Lite</technology><technology>Gradle</technology></technology></project></project></item><item><jobId>8</jobId><jobTitle>Software Engg-2</jobTitle><jobDescription>To develop andriod application</jobDescription><experience><experience>Google</experience><experience>Apple</experience><experience>Mobile Iron</experience></experience><project><project><projectName>Movie App</projectName><technology><technology>Kotlin</technology><technology>SQL Lite</technology><technology>Gradle</technology></technology></project></project></item><item><jobId>9980</jobId><jobTitle>Software Engg-2</jobTitle><jobDescription>To develop android application</jobDescription><experience><experience>Google</experience><experience>Apple</experience><experience>Mobile Iron</experience></experience><project><project><projectName>Movie App</projectName><technology><technology>Kotlin</technology><technology>SQL Lite</technology><technology>Gradle</technology></technology></project></project></item><item><jobId>84</jobId><jobTitle>Software Engg-2</jobTitle><jobDescription>To develop andriod application</jobDescription><experience><experience>Google</experience><experience>Apple</experience><experience>Mobile Iron</experience></experience><project><project><projectName>Movie App</projectName><technology><technology>Kotlin</technology><technology>SQL Lite</technology><technology>Gradle</technology></technology></project></project></item><item><jobId>31</jobId><jobTitle>Software Engg-3</jobTitle><jobDescription>To develop andriod application and web application</jobDescription><experience><experience>Google</experience><experience>Apple</experience><experience>Mobile Iron</experience></experience><project><project><projectName>Movie App</projectName><technology><technology>Kotlin</technology><technology>SQL Lite</technology><technology>Gradle</technology><technology>Jenkins</technology></technology></project><project><projectName>Movie App</projectName><technology><technology>Kotlin</technology><technology>SQL Lite</technology><technology>Gradle</technology><technology>Jenkins</technology></technology></project></project></item><item><jobId>87</jobId><jobTitle>Software Engg-2</jobTitle><jobDescription>To develop andriod application</jobDescription><experience><experience>Google</experience><experience>Apple</experience><experience>Mobile Iron</experience></experience><project><project><projectName>Movie App</projectName><technology><technology>Kotlin</technology><technology>SQL Lite</technology><technology>Gradle</technology></technology></project></project></item><item><jobId>93</jobId><jobTitle>Software Engg-3</jobTitle><jobDescription>To develop andriod application and web application</jobDescription><experience><experience>Google</experience><experience>Apple</experience><experience>Mobile Iron</experience></experience><project><project><projectName>Movie App</projectName><technology><technology>Kotlin</technology><technology>SQL Lite</technology><technology>Gradle</technology><technology>Jenkins</technology></technology></project><project><projectName>Movie App</projectName><technology><technology>Kotlin</technology><technology>SQL Lite</technology><technology>Gradle</technology><technology>Jenkins</technology></technology></project></project></item><item><jobId>53</jobId><jobTitle>Software Engg-2</jobTitle><jobDescription>To develop andriod application</jobDescription><experience><experience>Google</experience><experience>Apple</experience><experience>Mobile Iron</experience></experience><project><project><projectName>Movie App</projectName><technology><technology>Kotlin</technology><technology>SQL Lite</technology><technology>Gradle</technology></technology></project></project></item><item><jobId>51</jobId><jobTitle>Software Engg-2</jobTitle><jobDescription>To develop andriod application</jobDescription><experience><experience>Google</experience><experience>Apple</experience><experience>Mobile Iron</experience></experience><project><project><projectName>Movie App</projectName><technology><technology>Kotlin</technology><technology>SQL Lite</technology><technology>Gradle</technology></technology></project></project></item><item><jobId>19</jobId><jobTitle>Software Engg-2</jobTitle><jobDescription>To develop andriod application</jobDescription><experience><experience>Google</experience><experience>Apple</experience><experience>Mobile Iron</experience></experience><project><project><projectName>Movie App</projectName><technology><technology>Kotlin</technology><technology>SQL Lite</technology><technology>Gradle</technology></technology></project></project></item><item><jobId>93</jobId><jobTitle>Software Engg-2</jobTitle><jobDescription>To develop andriod application</jobDescription><experience><experience>Google</experience><experience>Apple</experience><experience>Mobile Iron</experience></experience><project><project><projectName>Movie App</projectName><technology><technology>Kotlin</technology><technology>SQL Lite</technology><technology>Gradle</technology></technology></project></project></item><item><jobId>32</jobId><jobTitle>Software Engg-2</jobTitle><jobDescription>To develop android application and web application</jobDescription><experience><experience>Google</experience><experience>Apple</experience><experience>Mobile Iron</experience></experience><project><project><projectName>Movie App</projectName><technology><technology>Kotlin</technology><technology>SQL Lite</technology><technology>Gradle</technology></technology></project></project></item><item><jobId>71</jobId><jobTitle>Software Engg-2</jobTitle><jobDescription>To develop android application and web application</jobDescription><experience><experience>Google</experience><experience>Apple</experience><experience>Mobile Iron</experience></experience><project><project><projectName>Movie App</projectName><technology><technology>Kotlin</technology><technology>SQL Lite</technology><technology>Gradle</technology></technology></project></project></item><item><jobId>23</jobId><jobTitle>Software Engg-2</jobTitle><jobDescription>To develop android application and web application</jobDescription><experience><experience>Google</experience><experience>Apple</experience><experience>Mobile Iron</experience></experience><project><project><projectName>Movie App</projectName><technology><technology>Kotlin</technology><technology>SQL Lite</technology><technology>Gradle</technology></technology></project></project></item><item><jobId>31</jobId><jobTitle>Software Engg-2</jobTitle><jobDescription>To develop andriod application</jobDescription><experience><experience>Google</experience><experience>Apple</experience><experience>Mobile Iron</experience></experience><project><project><projectName>Movie App</projectName><technology><technology>Kotlin</technology><technology>SQL Lite</technology><technology>Gradle</technology></technology></project></project></item><item><jobId>10</jobId><jobTitle>Software Engg-2</jobTitle><jobDescription>To develop andriod application</jobDescription><experience><experience>Google</experience><experience>Apple</experience><experience>Mobile Iron</experience></experience><project><project><projectName>Movie App</projectName><technology><technology>Kotlin</technology><technology>SQL Lite</technology><technology>Gradle</technology></technology></project></project></item><item><jobId>8</jobId><jobTitle>Software Engg-2</jobTitle><jobDescription>To develop andriod application</jobDescription><experience><experience>Google</experience><experience>Apple</experience><experience>Mobile Iron</experience></experience><project><project><projectName>Movie App</projectName><technology><technology>Kotlin</technology><technology>SQL Lite</technology><technology>Gradle</technology></technology></project></project></item><item><jobId>38</jobId><jobTitle>Software Engg-2</jobTitle><jobDescription>To develop andriod application</jobDescription><experience><experience>Google</experience><experience>Apple</experience><experience>Mobile Iron</experience></experience><project><project><projectName>Movie App</projectName><technology><technology>Kotlin</technology><technology>SQL Lite</technology><technology>Gradle</technology></technology></project></project></item><item><jobId>8</jobId><jobTitle>Software Engg-2</jobTitle><jobDescription>To develop andriod application</jobDescription><experience><experience>Google</experience><experience>Apple</experience><experience>Mobile Iron</experience></experience><project><project><projectName>Movie App</projectName><technology><technology>Kotlin</technology><technology>SQL Lite</technology><technology>Gradle</technology></technology></project></project></item><item><jobId>9980</jobId><jobTitle>Software Engg-2</jobTitle><jobDescription>To develop android application</jobDescription><experience><experience>Google</experience><experience>Apple</experience><experience>Mobile Iron</experience></experience><project><project><projectName>Movie App</projectName><technology><technology>Kotlin</technology><technology>SQL Lite</technology><technology>Gradle</technology></technology></project></project></item><item><jobId>5</jobId><jobTitle>Software Engg-3</jobTitle><jobDescription>To develop andriod application and web application</jobDescription><experience><experience>Google</experience><experience>Apple</experience><experience>Mobile Iron</experience></experience><project><project><projectName>Movie App</projectName><technology><technology>Kotlin</technology><technology>SQL Lite</technology><technology>Gradle</technology><technology>Jenkins</technology></technology></project><project><projectName>Movie App</projectName><technology><technology>Kotlin</technology><technology>SQL Lite</technology><technology>Gradle</technology><technology>Jenkins</technology></technology></project></project></item><item><jobId>16</jobId><jobTitle>Software Engg-3</jobTitle><jobDescription>To develop andriod application and web application</jobDescription><experience><experience>Google</experience><experience>Apple</experience><experience>Mobile Iron</experience></experience><project><project><projectName>Movie App</projectName><technology><technology>Kotlin</technology><technology>SQL Lite</technology><technology>Gradle</technology><technology>Jenkins</technology></technology></project><project><projectName>Movie App</projectName><technology><technology>Kotlin</technology><technology>SQL Lite</technology><technology>Gradle</technology><technology>Jenkins</technology></technology></project></project></item><item><jobId>1</jobId><jobTitle>Software Engg-2</jobTitle><jobDescription>To develop andriod application</jobDescription><experience><experience>Google</experience><experience>Apple</experience><experience>Mobile Iron</experience></experience><project><project><projectName>Movie App</projectName><technology><technology>Kotlin</technology><technology>SQL Lite</technology><technology>Gradle</technology></technology></project></project></item><item><jobId>7</jobId><jobTitle>Software Engg-2</jobTitle><jobDescription>To develop andriod application</jobDescription><experience><experience>Google</experience><experience>Apple</experience><experience>Mobile Iron</experience></experience><project><project><projectName>Movie App</projectName><technology><technology>Kotlin</technology><technology>SQL Lite</technology><technology>Gradle</technology></technology></project></project></item><item><jobId>35</jobId><jobTitle>Software Engg-2</jobTitle><jobDescription>To develop android application and web application</jobDescription><experience><experience>Google</experience><experience>Apple</experience><experience>Mobile Iron</experience></experience><project><project><projectName>Movie App</projectName><technology><technology>Kotlin</technology><technology>SQL Lite</technology><technology>Gradle</technology></technology></project></project></item><item><jobId>48</jobId><jobTitle>Software Engg-2</jobTitle><jobDescription>To develop andriod application</jobDescription><experience><experience>Google</experience><experience>Apple</experience><experience>Mobile Iron</experience></experience><project><project><projectName>Movie App</projectName><technology><technology>Kotlin</technology><technology>SQL Lite</technology><technology>Gradle</technology></technology></project></project></item><item><jobId>2</jobId><jobTitle>Software Engg-2</jobTitle><jobDescription>To develop andriod application</jobDescription><experience><experience>Google</experience><experience>Apple</experience><experience>Mobile Iron</experience></experience><project><project><projectName>Movie App</projectName><technology><technology>Kotlin</technology><technology>SQL Lite</technology><technology>Gradle</technology></technology></project></project></item><item><jobId>88</jobId><jobTitle>Software Engg-2</jobTitle><jobDescription>To develop andriod application</jobDescription><experience><experience>Google</experience><experience>Apple</experience><experience>Mobile Iron</experience></experience><project><project><projectName>Movie App</projectName><technology><technology>Kotlin</technology><technology>SQL Lite</technology><technology>Gradle</technology></technology></project></project></item><item><jobId>21</jobId><jobTitle>Software Engg-2</jobTitle><jobDescription>To develop andriod application</jobDescription><experience><experience>Google</experience><experience>Apple</experience><experience>Mobile Iron</experience></experience><project><project><projectName>Movie App</projectName><technology><technology>Kotlin</technology><technology>SQL Lite</technology><technology>Gradle</technology></technology></project></project></item><item><jobId>71</jobId><jobTitle>Software Engg-2</jobTitle><jobDescription>To develop andriod application</jobDescription><experience><experience>Google</experience><experience>Apple</experience><experience>Mobile Iron</experience></experience><project><project><projectName>Movie App</projectName><technology><technology>Kotlin</technology><technology>SQL Lite</technology><technology>Gradle</technology></technology></project></project></item><item><jobId>8</jobId><jobTitle>Software Engg-2</jobTitle><jobDescription>To develop andriod application</jobDescription><experience><experience>Google</experience><experience>Apple</experience><experience>Mobile Iron</experience></experience><project><project><projectName>Movie App</projectName><technology><technology>Kotlin</technology><technology>SQL Lite</technology><technology>Gradle</technology></technology></project></project></item><item><jobId>94</jobId><jobTitle>Software Engg-2</jobTitle><jobDescription>To develop andriod application</jobDescription><experience><experience>Google</experience><experience>Apple</experience><experience>Mobile Iron</experience></experience><project><project><projectName>Movie App</projectName><technology><technology>Kotlin</technology><technology>SQL Lite</technology><technology>Gradle</technology></technology></project></project></item><item><jobId>8</jobId><jobTitle>Software Engg-2</jobTitle><jobDescription>To develop andriod application</jobDescription><experience><experience>Google</experience><experience>Apple</experience><experience>Mobile Iron</experience></experience><project><project><projectName>Movie App</projectName><technology><technology>Kotlin</technology><technology>SQL Lite</technology><technology>Gradle</technology></technology></project></project></item><item><jobId>9980</jobId><jobTitle>Software Engg-2</jobTitle><jobDescription>To develop android application</jobDescription><experience><experience>Google</experience><experience>Apple</experience><experience>Mobile Iron</experience></experience><project><project><projectName>Movie App</projectName><technology><technology>Kotlin</technology><technology>SQL Lite</technology><technology>Gradle</technology></technology></project></project></item><item><jobId>89</jobId><jobTitle>Software Engg-3</jobTitle><jobDescription>To develop andriod application and web application</jobDescription><experience><experience>Google</experience><experience>Apple</experience><experience>Mobile Iron</experience></experience><project><project><projectName>Movie App</projectName><technology><technology>Kotlin</technology><technology>SQL Lite</technology><technology>Gradle</technology><technology>Jenkins</technology></technology></project><project><projectName>Movie App</projectName><technology><technology>Kotlin</technology><technology>SQL Lite</technology><technology>Gradle</technology><technology>Jenkins</technology></technology></project></project></item><item><jobId>35</jobId><jobTitle>Software Engg-2</jobTitle><jobDescription>To develop andriod application</jobDescription><experience><experience>Google</experience><experience>Apple</experience><experience>Mobile Iron</experience></experience><project><project><projectName>Movie App</projectName><technology><technology>Kotlin</technology><technology>SQL Lite</technology><technology>Gradle</technology></technology></project></project></item><item><jobId>77</jobId><jobTitle>Software Engg-2</jobTitle><jobDescription>To develop android application and web application</jobDescription><experience><experience>Google</experience><experience>Apple</experience><experience>Mobile Iron</experience></experience><project><project><projectName>Movie App</projectName><technology><technology>Kotlin</technology><technology>SQL Lite</technology><technology>Gradle</technology></technology></project></project></item><item><jobId>50</jobId><jobTitle>Software Engg-3</jobTitle><jobDescription>To develop andriod application and web application</jobDescription><experience><experience>Google</experience><experience>Apple</experience><experience>Mobile Iron</experience></experience><project><project><projectName>Movie App</projectName><technology><technology>Kotlin</technology><technology>SQL Lite</technology><technology>Gradle</technology><technology>Jenkins</technology></technology></project><project><projectName>Movie App</projectName><technology><technology>Kotlin</technology><technology>SQL Lite</technology><technology>Gradle</technology><technology>Jenkins</technology></technology></project></project></item><item><jobId>33</jobId><jobTitle>Software Engg-2</jobTitle><jobDescription>To develop andriod application</jobDescription><experience><experience>Google</experience><experience>Apple</experience><experience>Mobile Iron</experience></experience><project><project><projectName>Movie App</projectName><technology><technology>Kotlin</technology><technology>SQL Lite</technology><technology>Gradle</technology></technology></project></project></item><item><jobId>78</jobId><jobTitle>Software Engg-2</jobTitle><jobDescription>To develop android application and web application</jobDescription><experience><experience>Google</experience><experience>Apple</experience><experience>Mobile Iron</experience></experience><project><project><projectName>Movie App</projectName><technology><technology>Kotlin</technology><technology>SQL Lite</technology><technology>Gradle</technology></technology></project></project></item><item><jobId>3</jobId><jobTitle>Software Engg-2</jobTitle><jobDescription>To develop android application and web application</jobDescription><experience><experience>Google</experience><experience>Apple</experience><experience>Mobile Iron</experience></experience><project><project><projectName>Movie App</projectName><technology><technology>Kotlin</technology><technology>SQL Lite</technology><technology>Gradle</technology></technology></project></project></item><item><jobId>18</jobId><jobTitle>Software Engg-2</jobTitle><jobDescription>To develop android application and web application</jobDescription><experience><experience>Google</experience><experience>Apple</experience><experience>Mobile Iron</experience></experience><project><project><projectName>Movie App</projectName><technology><technology>Kotlin</technology><technology>SQL Lite</technology><technology>Gradle</technology></technology></project></project></item><item><jobId>4</jobId><jobTitle>Software Engg-2</jobTitle><jobDescription>To develop android application and web application</jobDescription><experience><experience>Google</experience><experience>Apple</experience><experience>Mobile Iron</experience></experience><project><project><projectName>Movie App</projectName><technology><technology>Kotlin</technology><technology>SQL Lite</technology><technology>Gradle</technology></technology></project></project></item><item><jobId>8</jobId><jobTitle>Software Engg-2</jobTitle><jobDescription>To develop andriod application</jobDescription><experience><experience>Google</experience><experience>Apple</experience><experience>Mobile Iron</experience></experience><project><project><projectName>Movie App</projectName><technology><technology>Kotlin</technology><technology>SQL Lite</technology><technology>Gradle</technology></technology></project></project></item><item><jobId>9980</jobId><jobTitle>Software Engg-2</jobTitle><jobDescription>To develop android application</jobDescription><experience><experience>Google</experience><experience>Apple</experience><experience>Mobile Iron</experience></experience><project><project><projectName>Movie App</projectName><technology><technology>Kotlin</technology><technology>SQL Lite</technology><technology>Gradle</technology></technology></project></project></item><item><jobId>8</jobId><jobTitle>Software Engg-2</jobTitle><jobDescription>To develop andriod application</jobDescription><experience><experience>Google</experience><experience>Apple</experience><experience>Mobile Iron</experience></experience><project><project><projectName>Movie App</projectName><technology><technology>Kotlin</technology><technology>SQL Lite</technology><technology>Gradle</technology></technology></project></project></item><item><jobId>17</jobId><jobTitle>Software Engg-3</jobTitle><jobDescription>To develop andriod application and web application</jobDescription><experience><experience>Google</experience><experience>Apple</experience><experience>Mobile Iron</experience></experience><project><project><projectName>Movie App</projectName><technology><technology>Kotlin</technology><technology>SQL Lite</technology><technology>Gradle</technology><technology>Jenkins</technology></technology></project><project><projectName>Movie App</projectName><technology><technology>Kotlin</technology><technology>SQL Lite</technology><technology>Gradle</technology><technology>Jenkins</technology></technology></project></project></item><item><jobId>94</jobId><jobTitle>Software Engg-2</jobTitle><jobDescription>To develop andriod application</jobDescription><experience><experience>Google</experience><experience>Apple</experience><experience>Mobile Iron</experience></experience><project><project><projectName>Movie App</projectName><technology><technology>Kotlin</technology><technology>SQL Lite</technology><technology>Gradle</technology></technology></project></project></item><item><jobId>83</jobId><jobTitle>Software Engg-3</jobTitle><jobDescription>To develop andriod application and web application</jobDescription><experience><experience>Google</experience><experience>Apple</experience><experience>Mobile Iron</experience></experience><project><project><projectName>Movie App</projectName><technology><technology>Kotlin</technology><technology>SQL Lite</technology><technology>Gradle</technology><technology>Jenkins</technology></technology></project><project><projectName>Movie App</projectName><technology><technology>Kotlin</technology><technology>SQL Lite</technology><technology>Gradle</technology><technology>Jenkins</technology></technology></project></project></item><item><jobId>75</jobId><jobTitle>Software Engg-2</jobTitle><jobDescription>To develop andriod application</jobDescription><experience><experience>Google</experience><experience>Apple</experience><experience>Mobile Iron</experience></experience><project><project><projectName>Movie App</projectName><technology><technology>Kotlin</technology><technology>SQL Lite</technology><technology>Gradle</technology></technology></project></project></item><item><jobId>86</jobId><jobTitle>Software Engg-3</jobTitle><jobDescription>To develop andriod application and web application</jobDescription><experience><experience>Google</experience><experience>Apple</experience><experience>Mobile Iron</experience></experience><project><project><projectName>Movie App</projectName><technology><technology>Kotlin</technology><technology>SQL Lite</technology><technology>Gradle</technology><technology>Jenkins</technology></technology></project><project><projectName>Movie App</projectName><technology><technology>Kotlin</technology><technology>SQL Lite</technology><technology>Gradle</technology><technology>Jenkins</technology></technology></project></project></item><item><jobId>40</jobId><jobTitle>Software Engg-2</jobTitle><jobDescription>To develop android application and web application</jobDescription><experience><experience>Google</experience><experience>Apple</experience><experience>Mobile Iron</experience></experience><project><project><projectName>Movie App</projectName><technology><technology>Kotlin</technology><technology>SQL Lite</technology><technology>Gradle</technology></technology></project></project></item><item><jobId>66</jobId><jobTitle>Software Engg-2</jobTitle><jobDescription>To develop android application and web application</jobDescription><experience><experience>Google</experience><experience>Apple</experience><experience>Mobile Iron</experience></experience><project><project><projectName>Movie App</projectName><technology><technology>Kotlin</technology><technology>SQL Lite</technology><technology>Gradle</technology></technology></project></project></item><item><jobId>18</jobId><jobTitle>Software Engg-2</jobTitle><jobDescription>To develop andriod application</jobDescription><experience><experience>Google</experience><experience>Apple</experience><experience>Mobile Iron</experience></experience><project><project><projectName>Movie App</projectName><technology><technology>Kotlin</technology><technology>SQL Lite</technology><technology>Gradle</technology></technology></project></project></item><item><jobId>42</jobId><jobTitle>Software Engg-2</jobTitle><jobDescription>To develop andriod application</jobDescription><experience><experience>Google</experience><experience>Apple</experience><experience>Mobile Iron</experience></experience><project><project><projectName>Movie App</projectName><technology><technology>Kotlin</technology><technology>SQL Lite</technology><technology>Gradle</technology></technology></project></project></item><item><jobId>68</jobId><jobTitle>Software Engg-2</jobTitle><jobDescription>To develop andriod application</jobDescription><experience><experience>Google</experience><experience>Apple</experience><experience>Mobile Iron</experience></experience><project><project><projectName>Movie App</projectName><technology><technology>Kotlin</technology><technology>SQL Lite</technology><technology>Gradle</technology></technology></project></project></item><item><jobId>96</jobId><jobTitle>Software Engg-2</jobTitle><jobDescription>To develop andriod application</jobDescription><experience><experience>Google</experience><experience>Apple</experience><experience>Mobile Iron</experience></experience><project><project><projectName>Movie App</projectName><technology><technology>Kotlin</technology><technology>SQL Lite</technology><technology>Gradle</technology></technology></project></project></item><item><jobId>59</jobId><jobTitle>Software Engg-2</jobTitle><jobDescription>To develop android application and web application</jobDescription><experience><experience>Google</experience><experience>Apple</experience><experience>Mobile Iron</experience></experience><project><project><projectName>Movie App</projectName><technology><technology>Kotlin</technology><technology>SQL Lite</technology><technology>Gradle</technology></technology></project></project></item><item><jobId>8</jobId><jobTitle>Software Engg-2</jobTitle><jobDescription>To develop andriod application</jobDescription><experience><experience>Google</experience><experience>Apple</experience><experience>Mobile Iron</experience></experience><project><project><projectName>Movie App</projectName><technology><technology>Kotlin</technology><technology>SQL Lite</technology><technology>Gradle</technology></technology></project></project></item><item><jobId>32</jobId><jobTitle>Software Engg-2</jobTitle><jobDescription>To develop andriod application</jobDescription><experience><experience>Google</experience><experience>Apple</experience><experience>Mobile Iron</experience></experience><project><project><projectName>Movie App</projectName><technology><technology>Kotlin</technology><technology>SQL Lite</technology><technology>Gradle</technology></technology></project></project></item><item><jobId>8</jobId><jobTitle>Software Engg-2</jobTitle><jobDescription>To develop andriod application</jobDescription><experience><experience>Google</experience><experience>Apple</experience><experience>Mobile Iron</experience></experience><project><project><projectName>Movie App</projectName><technology><technology>Kotlin</technology><technology>SQL Lite</technology><technology>Gradle</technology></technology></project></project></item><item><jobId>9980</jobId><jobTitle>Software Engg-2</jobTitle><jobDescription>To develop android application</jobDescription><experience><experience>Google</experience><experience>Apple</experience><experience>Mobile Iron</experience></experience><project><project><projectName>Movie App</projectName><technology><technology>Kotlin</technology><technology>SQL Lite</technology><technology>Gradle</technology></technology></project></project></item><item><jobId>6</jobId><jobTitle>Software Engg-2</jobTitle><jobDescription>To develop andriod application</jobDescription><experience><experience>Google</experience><experience>Apple</experience><experience>Mobile Iron</experience></experience><project><project><projectName>Movie App</projectName><technology><technology>Kotlin</technology><technology>SQL Lite</technology><technology>Gradle</technology></technology></project></project></item><item><jobId>57</jobId><jobTitle>Software Engg-3</jobTitle><jobDescription>To develop andriod application and web application</jobDescription><experience><experience>Google</experience><experience>Apple</experience><experience>Mobile Iron</experience></experience><project><project><projectName>Movie App</projectName><technology><technology>Kotlin</technology><technology>SQL Lite</technology><technology>Gradle</technology><technology>Jenkins</technology></technology></project><project><projectName>Movie App</projectName><technology><technology>Kotlin</technology><technology>SQL Lite</technology><technology>Gradle</technology><technology>Jenkins</technology></technology></project></project></item><item><jobId>19</jobId><jobTitle>Software Engg-2</jobTitle><jobDescription>To develop andriod application</jobDescription><experience><experience>Google</experience><experience>Apple</experience><experience>Mobile Iron</experience></experience><project><project><projectName>Movie App</projectName><technology><technology>Kotlin</technology><technology>SQL Lite</technology><technology>Gradle</technology></technology></project></project></item><item><jobId>29</jobId><jobTitle>Software Engg-3</jobTitle><jobDescription>To develop andriod application and web application</jobDescription><experience><experience>Google</experience><experience>Apple</experience><experience>Mobile Iron</experience></experience><project><project><projectName>Movie App</projectName><technology><technology>Kotlin</technology><technology>SQL Lite</technology><technology>Gradle</technology><technology>Jenkins</technology></technology></project><project><projectName>Movie App</projectName><technology><technology>Kotlin</technology><technology>SQL Lite</technology><technology>Gradle</technology><technology>Jenkins</technology></technology></project></project></item><item><jobId>90</jobId><jobTitle>Software Engg-2</jobTitle><jobDescription>To develop android application and web application</jobDescription><experience><experience>Google</experience><experience>Apple</experience><experience>Mobile Iron</experience></experience><project><project><projectName>Movie App</projectName><technology><technology>Kotlin</technology><technology>SQL Lite</technology><technology>Gradle</technology></technology></project></project></item><item><jobId>60</jobId><jobTitle>Software Engg-3</jobTitle><jobDescription>To develop andriod application and web application</jobDescription><experience><experience>Google</experience><experience>Apple</experience><experience>Mobile Iron</experience></experience><project><project><projectName>Movie App</projectName><technology><technology>Kotlin</technology><technology>SQL Lite</technology><technology>Gradle</technology><technology>Jenkins</technology></technology></project><project><projectName>Movie App</projectName><technology><technology>Kotlin</technology><technology>SQL Lite</technology><technology>Gradle</technology><technology>Jenkins</technology></technology></project></project></item><item><jobId>92</jobId><jobTitle>Software Engg-2</jobTitle><jobDescription>To develop android application and web application</jobDescription><experience><experience>Google</experience><experience>Apple</experience><experience>Mobile Iron</experience></experience><project><project><projectName>Movie App</projectName><technology><technology>Kotlin</technology><technology>SQL Lite</technology><technology>Gradle</technology></technology></project></project></item><item><jobId>90</jobId><jobTitle>Software Engg-2</jobTitle><jobDescription>To develop andriod application</jobDescription><experience><experience>Google</experience><experience>Apple</experience><experience>Mobile Iron</experience></experience><project><project><projectName>Movie App</projectName><technology><technology>Kotlin</technology><technology>SQL Lite</technology><technology>Gradle</technology></technology></project></project></item><item><jobId>25</jobId><jobTitle>Software Engg-2</jobTitle><jobDescription>To develop andriod application</jobDescription><experience><experience>Google</experience><experience>Apple</experience><experience>Mobile Iron</experience></experience><project><project><projectName>Movie App</projectName><technology><technology>Kotlin</technology><technology>SQL Lite</technology><technology>Gradle</technology></technology></project></project></item><item><jobId>0</jobId><jobTitle>Software Engg-2</jobTitle><jobDescription>To develop android application and web application</jobDescription><experience><experience>Google</experience><experience>Apple</experience><experience>Mobile Iron</experience></experience><project><project><projectName>Movie App</projectName><technology><technology>Kotlin</technology><technology>SQL Lite</technology><technology>Gradle</technology></technology></project></project></item><item><jobId>53</jobId><jobTitle>Software Engg-2</jobTitle><jobDescription>To develop andriod application</jobDescription><experience><experience>Google</experience><experience>Apple</experience><experience>Mobile Iron</experience></experience><project><project><projectName>Movie App</projectName><technology><technology>Kotlin</technology><technology>SQL Lite</technology><technology>Gradle</technology></technology></project></project></item><item><jobId>37</jobId><jobTitle>Software Engg-2</jobTitle><jobDescription>To develop android application and web application</jobDescription><experience><experience>Google</experience><experience>Apple</experience><experience>Mobile Iron</experience></experience><project><project><projectName>Movie App</projectName><technology><technology>Kotlin</technology><technology>SQL Lite</technology><technology>Gradle</technology></technology></project></project></item><item><jobId>41</jobId><jobTitle>Software Engg-2</jobTitle><jobDescription>To develop andriod application</jobDescription><experience><experience>Google</experience><experience>Apple</experience><experience>Mobile Iron</experience></experience><project><project><projectName>Movie App</projectName><technology><technology>Kotlin</technology><technology>SQL Lite</technology><technology>Gradle</technology></technology></project></project></item><item><jobId>40</jobId><jobTitle>Software Engg-2</jobTitle><jobDescription>To develop andriod application</jobDescription><experience><experience>Google</experience><experience>Apple</experience><experience>Mobile Iron</experience></experience><project><project><projectName>Movie App</projectName><technology><technology>Kotlin</technology><technology>SQL Lite</technology><technology>Gradle</technology></technology></project></project></item><item><jobId>0</jobId><jobTitle>Software Engg-2</jobTitle><jobDescription>To develop andriod application</jobDescription><experience><experience>Google</experience><experience>Apple</experience><experience>Mobile Iron</experience></experience><project><project><projectName>Movie App</projectName><technology><technology>Kotlin</technology><technology>SQL Lite</technology><technology>Gradle</technology></technology></project></project></item><item><jobId>76</jobId><jobTitle>Software Engg-2</jobTitle><jobDescription>To develop andriod application</jobDescription><experience><experience>Google</experience><experience>Apple</experience><experience>Mobile Iron</experience></experience><project><project><projectName>Movie App</projectName><technology><technology>Kotlin</technology><technology>SQL Lite</technology><technology>Gradle</technology></technology></project></project></item><item><jobId>49</jobId><jobTitle>Software Engg-2</jobTitle><jobDescription>To develop andriod application</jobDescription><experience><experience>Google</experience><experience>Apple</experience><experience>Mobile Iron</experience></experience><project><project><projectName>Movie App</projectName><technology><technology>Kotlin</technology><technology>SQL Lite</technology><technology>Gradle</technology></technology></project></project></item><item><jobId>9980</jobId><jobTitle>Software Engg-2</jobTitle><jobDescription>To develop android application</jobDescription><experience><experience>Google</experience><experience>Apple</experience><experience>Mobile Iron</experience></experience><project><project><projectName>Movie App</projectName><technology><technology>Kotlin</technology><technology>SQL Lite</technology><technology>Gradle</technology></technology></project></project></item><item><jobId>8</jobId><jobTitle>Software Engg-2</jobTitle><jobDescription>To develop andriod application</jobDescription><experience><experience>Google</experience><experience>Apple</experience><experience>Mobile Iron</experience></experience><project><project><projectName>Movie App</projectName><technology><technology>Kotlin</technology><technology>SQL Lite</technology><technology>Gradle</technology></technology></project></project></item><item><jobId>79</jobId><jobTitle>Software Engg-2</jobTitle><jobDescription>To develop andriod application</jobDescription><experience><experience>Google</experience><experience>Apple</experience><experience>Mobile Iron</experience></experience><project><project><projectName>Movie App</projectName><technology><technology>Kotlin</technology><technology>SQL Lite</technology><technology>Gradle</technology></technology></project></project></item><item><jobId>8</jobId><jobTitle>Software Engg-2</jobTitle><jobDescription>To develop andriod application</jobDescription><experience><experience>Google</experience><experience>Apple</experience><experience>Mobile Iron</experience></experience><project><project><projectName>Movie App</projectName><technology><technology>Kotlin</technology><technology>SQL Lite</technology><technology>Gradle</technology></technology></project></project></item><item><jobId>39</jobId><jobTitle>Software Engg-3</jobTitle><jobDescription>To develop andriod application and web application</jobDescription><experience><experience>Google</experience><experience>Apple</experience><experience>Mobile Iron</experience></experience><project><project><projectName>Movie App</projectName><technology><technology>Kotlin</technology><technology>SQL Lite</technology><technology>Gradle</technology><technology>Jenkins</technology></technology></project><project><projectName>Movie App</projectName><technology><technology>Kotlin</technology><technology>SQL Lite</technology><technology>Gradle</technology><technology>Jenkins</technology></technology></project></project></item><item><jobId>96</jobId><jobTitle>Software Engg-2</jobTitle><jobDescription>To develop andriod application</jobDescription><experience><experience>Google</experience><experience>Apple</experience><experience>Mobile Iron</experience></experience><project><project><projectName>Movie App</projectName><technology><technology>Kotlin</technology><technology>SQL Lite</technology><technology>Gradle</technology></technology></project></project></item><item><jobId>28</jobId><jobTitle>Software Engg-3</jobTitle><jobDescription>To develop andriod application and web application</jobDescription><experience><experience>Google</experience><experience>Apple</experience><experience>Mobile Iron</experience></experience><project><project><projectName>Movie App</projectName><technology><technology>Kotlin</technology><technology>SQL Lite</technology><technology>Gradle</technology><technology>Jenkins</technology></technology></project><project><projectName>Movie App</projectName><technology><technology>Kotlin</technology><technology>SQL Lite</technology><technology>Gradle</technology><technology>Jenkins</technology></technology></project></project></item><item><jobId>80</jobId><jobTitle>Software Engg-2</jobTitle><jobDescription>To develop andriod application</jobDescription><experience><experience>Google</experience><experience>Apple</experience><experience>Mobile Iron</experience></experience><project><project><projectName>Movie App</projectName><technology><technology>Kotlin</technology><technology>SQL Lite</technology><technology>Gradle</technology></technology></project></project></item><item><jobId>130</jobId><jobTitle>Software Engg-3</jobTitle><jobDescription>To develop andriod application and web application</jobDescription><experience><experience>Google</experience><experience>Apple</experience><experience>Mobile Iron</experience></experience><project><project><projectName>Movie App</projectName><technology><technology>Kotlin</technology><technology>SQL Lite</technology><technology>Gradle</technology><technology>Jenkins</technology></technology></project><project><projectName>Movie App</projectName><technology><technology>Kotlin</technology><technology>SQL Lite</technology><technology>Gradle</technology><technology>Jenkins</technology></technology></project></project></item><item><jobId>74</jobId><jobTitle>Software Engg-3</jobTitle><jobDescription>To develop andriod application and web application</jobDescription><experience><experience>Google</experience><experience>Apple</experience><experience>Mobile Iron</experience></experience><project><project><projectName>Movie App</projectName><technology><technology>Kotlin</technology><technology>SQL Lite</technology><technology>Gradle</technology><technology>Jenkins</technology></technology></project><project><projectName>Movie App</projectName><technology><technology>Kotlin</technology><technology>SQL Lite</technology><technology>Gradle</technology><technology>Jenkins</technology></technology></project></project></item><item><jobId>10</jobId><jobTitle>Software Engg-2</jobTitle><jobDescription>To develop andriod application</jobDescription><experience><experience>Google</experience><experience>Apple</experience><experience>Mobile Iron</experience></experience><project><project><projectName>Movie App</projectName><technology><technology>Kotlin</technology><technology>SQL Lite</technology><technology>Gradle</technology></technology></project></project></item><item><jobId>77</jobId><jobTitle>Software Engg-2</jobTitle><jobDescription>To develop andriod application</jobDescription><experience><experience>Google</experience><experience>Apple</experience><experience>Mobile Iron</experience></experience><project><project><projectName>Movie App</projectName><technology><technology>Kotlin</technology><technology>SQL Lite</technology><technology>Gradle</technology></technology></project></project></item><item><jobId>26</jobId><jobTitle>Software Engg-2</jobTitle><jobDescription>To develop andriod application</jobDescription><experience><experience>Google</experience><experience>Apple</experience><experience>Mobile Iron</experience></experience><project><project><projectName>Movie App</projectName><technology><technology>Kotlin</technology><technology>SQL Lite</technology><technology>Gradle</technology></technology></project></project></item></List>
01:15:28.259 [pool-1-thread-5] INFO  com.intuit.karate - [print] this is background keyword 
01:15:28.266 [pool-1-thread-5] DEBUG com.intuit.karate - request:
1 > GET http://localhost:9897/normal/webapi/all
1 > Accept: application/json
1 > Host: localhost:9897
1 > Connection: Keep-Alive
1 > User-Agent: Apache-HttpClient/4.5.13 (Java/11.0.13)
1 > Accept-Encoding: gzip,deflate


01:15:28.309 [pool-1-thread-3] DEBUG com.intuit.karate - response time in milliseconds: 117
2 < 404
2 < X-Content-Type-Options: nosniff
2 < X-XSS-Protection: 1; mode=block
2 < Cache-Control: no-cache, no-store, max-age=0, must-revalidate
2 < Pragma: no-cache
2 < Expires: 0
2 < X-Frame-Options: DENY
2 < Content-Type: application/json
2 < Transfer-Encoding: chunked
2 < Date: Wed, 19 Jan 2022 19:45:28 GMT
2 < Keep-Alive: timeout=60
2 < Connection: keep-alive
{"message":"Failed to find job with id=54, jobTitle=Software Engg-2"}
01:15:28.318 [pool-1-thread-4] DEBUG com.intuit.karate - response time in milliseconds: 122
2 < 200
2 < X-Content-Type-Options: nosniff
2 < X-XSS-Protection: 1; mode=block
2 < Cache-Control: no-cache, no-store, max-age=0, must-revalidate
2 < Pragma: no-cache
2 < Expires: 0
2 < X-Frame-Options: DENY
2 < Content-Type: application/json
2 < Transfer-Encoding: chunked
2 < Date: Wed, 19 Jan 2022 19:45:28 GMT
2 < Keep-Alive: timeout=60
2 < Connection: keep-alive
{"jobId":77,"jobTitle":"Software Engg-2","jobDescription":"To develop android application and web application","experience":["Google","Apple","Mobile Iron"],"project":[{"projectName":"Movie App","technology":["Kotlin","SQL Lite","Gradle"]}]}
01:15:28.320 [pool-1-thread-3] INFO  com.intuit.karate - karate.env system property was: null 
01:15:28.325 [pool-1-thread-5] DEBUG com.intuit.karate - response time in milliseconds: 57
1 < 200
1 < X-Content-Type-Options: nosniff
1 < X-XSS-Protection: 1; mode=block
1 < Cache-Control: no-cache, no-store, max-age=0, must-revalidate
1 < Pragma: no-cache
1 < Expires: 0
1 < X-Frame-Options: DENY
1 < Content-Type: application/json
1 < Transfer-Encoding: chunked
1 < Date: Wed, 19 Jan 2022 19:45:28 GMT
1 < Keep-Alive: timeout=60
1 < Connection: keep-alive
[{"jobId":1,"jobTitle":"Software Engg","jobDescription":"To develop andriod application","experience":["Google","Apple","Mobile Iron"],"project":[{"projectName":"Movie App","technology":["Kotlin","SQL Lite","Gradle"]}]},{"jobId":68,"jobTitle":"Software Engg-2","jobDescription":"To develop android application and web application","experience":["Google","Apple","Mobile Iron"],"project":[{"projectName":"Movie App","technology":["Kotlin","SQL Lite","Gradle","Jenkins"]},{"projectName":"Movie App","technology":["Kotlin","SQL Lite","Gradle","Jenkins"]}]},{"jobId":34,"jobTitle":"Software Engg-3","jobDescription":"To develop andriod application and web application","experience":["Google","Apple","Mobile Iron"],"project":[{"projectName":"Movie App","technology":["Kotlin","SQL Lite","Gradle","Jenkins"]},{"projectName":"Movie App","technology":["Kotlin","SQL Lite","Gradle","Jenkins"]}]},{"jobId":41,"jobTitle":"Software Engg-2","jobDescription":"To develop android application and web application","experience":["Google","Apple","Mobile Iron"],"project":[{"projectName":"Movie App","technology":["Kotlin","SQL Lite","Gradle","Jenkins"]},{"projectName":"Movie App","technology":["Kotlin","SQL Lite","Gradle","Jenkins"]}]},{"jobId":12,"jobTitle":"Software Engg-2","jobDescription":"To develop andriod application","experience":["Google","Apple","Mobile Iron"],"project":[{"projectName":"Movie App","technology":["Kotlin","SQL Lite","Gradle"]}]},{"jobId":73,"jobTitle":"Software Engg-3","jobDescription":"To develop andriod application and web application","experience":["Google","Apple","Mobile Iron"],"project":[{"projectName":"Movie App","technology":["Kotlin","SQL Lite","Gradle","Jenkins"]},{"projectName":"Movie App","technology":["Kotlin","SQL Lite","Gradle","Jenkins"]}]},{"jobId":99999,"jobTitle":"Software Engg-2","jobDescription":"To develop andriod application","experience":["Google","Apple","Mobile Iron"],"project":[{"projectName":"Movie App","technology":["Kotlin","SQL Lite","Gradle"]}]},{"jobId":38,"jobTitle":"Software Engg-3","jobDescription":"To develop andriod application and web application","experience":["Google","Apple","Mobile Iron"],"project":[{"projectName":"Movie App","technology":["Kotlin","SQL Lite","Gradle","Jenkins"]},{"projectName":"Movie App","technology":["Kotlin","SQL Lite","Gradle","Jenkins"]}]},{"jobId":96,"jobTitle":"Software Engg-3","jobDescription":"To develop andriod application and web application","experience":["Google","Apple","Mobile Iron"],"project":[{"projectName":"Movie App","technology":["Kotlin","SQL Lite","Gradle","Jenkins"]},{"projectName":"Movie App","technology":["Kotlin","SQL Lite","Gradle","Jenkins"]}]},{"jobId":48,"jobTitle":"Software Engg-2","jobDescription":"To develop andriod application","experience":["Google","Apple","Mobile Iron"],"project":[{"projectName":"Movie App","technology":["Kotlin","SQL Lite","Gradle"]}]},{"jobId":6,"jobTitle":"Software Engg-3","jobDescription":"To develop andriod application and web application","experience":["Google","Apple","Mobile Iron"],"project":[{"projectName":"Movie App","technology":["Kotlin","SQL Lite","Gradle","Jenkins"]},{"projectName":"Movie App","technology":["Kotlin","SQL Lite","Gradle","Jenkins"]}]},{"jobId":88,"jobTitle":"Software Engg-2","jobDescription":"To develop android application and web application","experience":["Google","Apple","Mobile Iron"],"project":[{"projectName":"Movie App","technology":["Kotlin","SQL Lite","Gradle"]}]},{"jobId":9,"jobTitle":"Software Engg-3","jobDescription":"To develop andriod application and web application","experience":["Google","Apple","Mobile Iron"],"project":[{"projectName":"Movie App","technology":["Kotlin","SQL Lite","Gradle","Jenkins"]},{"projectName":"Movie App","technology":["Kotlin","SQL Lite","Gradle","Jenkins"]}]},{"jobId":8,"jobTitle":"Software Engg-2","jobDescription":"To develop andriod application","experience":["Google","Apple","Mobile Iron"],"project":[{"projectName":"Movie App","technology":["Kotlin","SQL Lite","Gradle"]}]},{"jobId":7,"jobTitle":"Software Engg-3","jobDescription":"To develop andriod application and web application","experience":["Google","Apple","Mobile Iron"],"project":[{"projectName":"Movie App","technology":["Kotlin","SQL Lite","Gradle","Jenkins"]},{"projectName":"Movie App","technology":["Kotlin","SQL Lite","Gradle","Jenkins"]}]},{"jobId":13,"jobTitle":"Software Engg-2","jobDescription":"To develop andriod application","experience":["Google","Apple","Mobile Iron"],"project":[{"projectName":"Movie App","technology":["Kotlin","SQL Lite","Gradle"]}]},{"jobId":53,"jobTitle":"Software Engg-2","jobDescription":"To develop android application and web application","experience":["Google","Apple","Mobile Iron"],"project":[{"projectName":"Movie App","technology":["Kotlin","SQL Lite","Gradle"]}]},{"jobId":8,"jobTitle":"Software Engg-2","jobDescription":"To develop andriod application","experience":["Google","Apple","Mobile Iron"],"project":[{"projectName":"Movie App","technology":["Kotlin","SQL Lite","Gradle"]}]},{"jobId":8,"jobTitle":"Software Engg-2","jobDescription":"To develop andriod application","experience":["Google","Apple","Mobile Iron"],"project":[{"projectName":"Movie App","technology":["Kotlin","SQL Lite","Gradle"]}]},{"jobId":9980,"jobTitle":"Software Engg-2","jobDescription":"To develop android application","experience":["Google","Apple","Mobile Iron"],"project":[{"projectName":"Movie App","technology":["Kotlin","SQL Lite","Gradle"]}]},{"jobId":80,"jobTitle":"Software Engg-2","jobDescription":"To develop andriod application","experience":["Google","Apple","Mobile Iron"],"project":[{"projectName":"Movie App","technology":["Kotlin","SQL Lite","Gradle"]}]},{"jobId":49,"jobTitle":"Software Engg-2","jobDescription":"To develop android application and web application","experience":["Google","Apple","Mobile Iron"],"project":[{"projectName":"Movie App","technology":["Kotlin","SQL Lite","Gradle","Jenkins"]},{"projectName":"Movie App","technology":["Kotlin","SQL Lite","Gradle","Jenkins"]}]},{"jobId":82,"jobTitle":"Software Engg-3","jobDescription":"To develop andriod application and web application","experience":["Google","Apple","Mobile Iron"],"project":[{"projectName":"Movie App","technology":["Kotlin","SQL Lite","Gradle","Jenkins"]},{"projectName":"Movie App","technology":["Kotlin","SQL Lite","Gradle","Jenkins"]}]},{"jobId":45,"jobTitle":"Software Engg-3","jobDescription":"To develop andriod application and web application","experience":["Google","Apple","Mobile Iron"],"project":[{"projectName":"Movie App","technology":["Kotlin","SQL Lite","Gradle","Jenkins"]},{"projectName":"Movie App","technology":["Kotlin","SQL Lite","Gradle","Jenkins"]}]},{"jobId":26,"jobTitle":"Software Engg-2","jobDescription":"To develop andriod application","experience":["Google","Apple","Mobile Iron"],"project":[{"projectName":"Movie App","technology":["Kotlin","SQL Lite","Gradle"]}]},{"jobId":8,"jobTitle":"Software Engg-2","jobDescription":"To develop andriod application","experience":["Google","Apple","Mobile Iron"],"project":[{"projectName":"Movie App","technology":["Kotlin","SQL Lite","Gradle"]}]},{"jobId":75,"jobTitle":"Software Engg-2","jobDescription":"To develop andriod application","experience":["Google","Apple","Mobile Iron"],"project":[{"projectName":"Movie App","technology":["Kotlin","SQL Lite","Gradle"]}]},{"jobId":8,"jobTitle":"Software Engg-2","jobDescription":"To develop andriod application","experience":["Google","Apple","Mobile Iron"],"project":[{"projectName":"Movie App","technology":["Kotlin","SQL Lite","Gradle"]}]},{"jobId":9980,"jobTitle":"Software Engg-2","jobDescription":"To develop android application","experience":["Google","Apple","Mobile Iron"],"project":[{"projectName":"Movie App","technology":["Kotlin","SQL Lite","Gradle"]}]},{"jobId":84,"jobTitle":"Software Engg-2","jobDescription":"To develop andriod application","experience":["Google","Apple","Mobile Iron"],"project":[{"projectName":"Movie App","technology":["Kotlin","SQL Lite","Gradle"]}]},{"jobId":31,"jobTitle":"Software Engg-3","jobDescription":"To develop andriod application and web application","experience":["Google","Apple","Mobile Iron"],"project":[{"projectName":"Movie App","technology":["Kotlin","SQL Lite","Gradle","Jenkins"]},{"projectName":"Movie App","technology":["Kotlin","SQL Lite","Gradle","Jenkins"]}]},{"jobId":87,"jobTitle":"Software Engg-2","jobDescription":"To develop andriod application","experience":["Google","Apple","Mobile Iron"],"project":[{"projectName":"Movie App","technology":["Kotlin","SQL Lite","Gradle"]}]},{"jobId":93,"jobTitle":"Software Engg-3","jobDescription":"To develop andriod application and web application","experience":["Google","Apple","Mobile Iron"],"project":[{"projectName":"Movie App","technology":["Kotlin","SQL Lite","Gradle","Jenkins"]},{"projectName":"Movie App","technology":["Kotlin","SQL Lite","Gradle","Jenkins"]}]},{"jobId":53,"jobTitle":"Software Engg-2","jobDescription":"To develop andriod application","experience":["Google","Apple","Mobile Iron"],"project":[{"projectName":"Movie App","technology":["Kotlin","SQL Lite","Gradle"]}]},{"jobId":51,"jobTitle":"Software Engg-2","jobDescription":"To develop andriod application","experience":["Google","Apple","Mobile Iron"],"project":[{"projectName":"Movie App","technology":["Kotlin","SQL Lite","Gradle"]}]},{"jobId":19,"jobTitle":"Software Engg-2","jobDescription":"To develop andriod application","experience":["Google","Apple","Mobile Iron"],"project":[{"projectName":"Movie App","technology":["Kotlin","SQL Lite","Gradle"]}]},{"jobId":93,"jobTitle":"Software Engg-2","jobDescription":"To develop andriod application","experience":["Google","Apple","Mobile Iron"],"project":[{"projectName":"Movie App","technology":["Kotlin","SQL Lite","Gradle"]}]},{"jobId":32,"jobTitle":"Software Engg-2","jobDescription":"To develop android application and web application","experience":["Google","Apple","Mobile Iron"],"project":[{"projectName":"Movie App","technology":["Kotlin","SQL Lite","Gradle"]}]},{"jobId":71,"jobTitle":"Software Engg-2","jobDescription":"To develop android application and web application","experience":["Google","Apple","Mobile Iron"],"project":[{"projectName":"Movie App","technology":["Kotlin","SQL Lite","Gradle"]}]},{"jobId":23,"jobTitle":"Software Engg-2","jobDescription":"To develop android application and web application","experience":["Google","Apple","Mobile Iron"],"project":[{"projectName":"Movie App","technology":["Kotlin","SQL Lite","Gradle"]}]},{"jobId":31,"jobTitle":"Software Engg-2","jobDescription":"To develop andriod application","experience":["Google","Apple","Mobile Iron"],"project":[{"projectName":"Movie App","technology":["Kotlin","SQL Lite","Gradle"]}]},{"jobId":10,"jobTitle":"Software Engg-2","jobDescription":"To develop andriod application","experience":["Google","Apple","Mobile Iron"],"project":[{"projectName":"Movie App","technology":["Kotlin","SQL Lite","Gradle"]}]},{"jobId":8,"jobTitle":"Software Engg-2","jobDescription":"To develop andriod application","experience":["Google","Apple","Mobile Iron"],"project":[{"projectName":"Movie App","technology":["Kotlin","SQL Lite","Gradle"]}]},{"jobId":38,"jobTitle":"Software Engg-2","jobDescription":"To develop andriod application","experience":["Google","Apple","Mobile Iron"],"project":[{"projectName":"Movie App","technology":["Kotlin","SQL Lite","Gradle"]}]},{"jobId":8,"jobTitle":"Software Engg-2","jobDescription":"To develop andriod application","experience":["Google","Apple","Mobile Iron"],"project":[{"projectName":"Movie App","technology":["Kotlin","SQL Lite","Gradle"]}]},{"jobId":9980,"jobTitle":"Software Engg-2","jobDescription":"To develop android application","experience":["Google","Apple","Mobile Iron"],"project":[{"projectName":"Movie App","technology":["Kotlin","SQL Lite","Gradle"]}]},{"jobId":5,"jobTitle":"Software Engg-3","jobDescription":"To develop andriod application and web application","experience":["Google","Apple","Mobile Iron"],"project":[{"projectName":"Movie App","technology":["Kotlin","SQL Lite","Gradle","Jenkins"]},{"projectName":"Movie App","technology":["Kotlin","SQL Lite","Gradle","Jenkins"]}]},{"jobId":16,"jobTitle":"Software Engg-3","jobDescription":"To develop andriod application and web application","experience":["Google","Apple","Mobile Iron"],"project":[{"projectName":"Movie App","technology":["Kotlin","SQL Lite","Gradle","Jenkins"]},{"projectName":"Movie App","technology":["Kotlin","SQL Lite","Gradle","Jenkins"]}]},{"jobId":1,"jobTitle":"Software Engg-2","jobDescription":"To develop andriod application","experience":["Google","Apple","Mobile Iron"],"project":[{"projectName":"Movie App","technology":["Kotlin","SQL Lite","Gradle"]}]},{"jobId":7,"jobTitle":"Software Engg-2","jobDescription":"To develop andriod application","experience":["Google","Apple","Mobile Iron"],"project":[{"projectName":"Movie App","technology":["Kotlin","SQL Lite","Gradle"]}]},{"jobId":35,"jobTitle":"Software Engg-2","jobDescription":"To develop android application and web application","experience":["Google","Apple","Mobile Iron"],"project":[{"projectName":"Movie App","technology":["Kotlin","SQL Lite","Gradle"]}]},{"jobId":48,"jobTitle":"Software Engg-2","jobDescription":"To develop andriod application","experience":["Google","Apple","Mobile Iron"],"project":[{"projectName":"Movie App","technology":["Kotlin","SQL Lite","Gradle"]}]},{"jobId":2,"jobTitle":"Software Engg-2","jobDescription":"To develop andriod application","experience":["Google","Apple","Mobile Iron"],"project":[{"projectName":"Movie App","technology":["Kotlin","SQL Lite","Gradle"]}]},{"jobId":88,"jobTitle":"Software Engg-2","jobDescription":"To develop andriod application","experience":["Google","Apple","Mobile Iron"],"project":[{"projectName":"Movie App","technology":["Kotlin","SQL Lite","Gradle"]}]},{"jobId":21,"jobTitle":"Software Engg-2","jobDescription":"To develop andriod application","experience":["Google","Apple","Mobile Iron"],"project":[{"projectName":"Movie App","technology":["Kotlin","SQL Lite","Gradle"]}]},{"jobId":71,"jobTitle":"Software Engg-2","jobDescription":"To develop andriod application","experience":["Google","Apple","Mobile Iron"],"project":[{"projectName":"Movie App","technology":["Kotlin","SQL Lite","Gradle"]}]},{"jobId":8,"jobTitle":"Software Engg-2","jobDescription":"To develop andriod application","experience":["Google","Apple","Mobile Iron"],"project":[{"projectName":"Movie App","technology":["Kotlin","SQL Lite","Gradle"]}]},{"jobId":94,"jobTitle":"Software Engg-2","jobDescription":"To develop andriod application","experience":["Google","Apple","Mobile Iron"],"project":[{"projectName":"Movie App","technology":["Kotlin","SQL Lite","Gradle"]}]},{"jobId":8,"jobTitle":"Software Engg-2","jobDescription":"To develop andriod application","experience":["Google","Apple","Mobile Iron"],"project":[{"projectName":"Movie App","technology":["Kotlin","SQL Lite","Gradle"]}]},{"jobId":9980,"jobTitle":"Software Engg-2","jobDescription":"To develop android application","experience":["Google","Apple","Mobile Iron"],"project":[{"projectName":"Movie App","technology":["Kotlin","SQL Lite","Gradle"]}]},{"jobId":89,"jobTitle":"Software Engg-3","jobDescription":"To develop andriod application and web application","experience":["Google","Apple","Mobile Iron"],"project":[{"projectName":"Movie App","technology":["Kotlin","SQL Lite","Gradle","Jenkins"]},{"projectName":"Movie App","technology":["Kotlin","SQL Lite","Gradle","Jenkins"]}]},{"jobId":35,"jobTitle":"Software Engg-2","jobDescription":"To develop andriod application","experience":["Google","Apple","Mobile Iron"],"project":[{"projectName":"Movie App","technology":["Kotlin","SQL Lite","Gradle"]}]},{"jobId":77,"jobTitle":"Software Engg-2","jobDescription":"To develop android application and web application","experience":["Google","Apple","Mobile Iron"],"project":[{"projectName":"Movie App","technology":["Kotlin","SQL Lite","Gradle"]}]},{"jobId":50,"jobTitle":"Software Engg-3","jobDescription":"To develop andriod application and web application","experience":["Google","Apple","Mobile Iron"],"project":[{"projectName":"Movie App","technology":["Kotlin","SQL Lite","Gradle","Jenkins"]},{"projectName":"Movie App","technology":["Kotlin","SQL Lite","Gradle","Jenkins"]}]},{"jobId":33,"jobTitle":"Software Engg-2","jobDescription":"To develop andriod application","experience":["Google","Apple","Mobile Iron"],"project":[{"projectName":"Movie App","technology":["Kotlin","SQL Lite","Gradle"]}]},{"jobId":78,"jobTitle":"Software Engg-2","jobDescription":"To develop android application and web application","experience":["Google","Apple","Mobile Iron"],"project":[{"projectName":"Movie App","technology":["Kotlin","SQL Lite","Gradle"]}]},{"jobId":3,"jobTitle":"Software Engg-2","jobDescription":"To develop android application and web application","experience":["Google","Apple","Mobile Iron"],"project":[{"projectName":"Movie App","technology":["Kotlin","SQL Lite","Gradle"]}]},{"jobId":18,"jobTitle":"Software Engg-2","jobDescription":"To develop android application and web application","experience":["Google","Apple","Mobile Iron"],"project":[{"projectName":"Movie App","technology":["Kotlin","SQL Lite","Gradle"]}]},{"jobId":4,"jobTitle":"Software Engg-2","jobDescription":"To develop android application and web application","experience":["Google","Apple","Mobile Iron"],"project":[{"projectName":"Movie App","technology":["Kotlin","SQL Lite","Gradle"]}]},{"jobId":8,"jobTitle":"Software Engg-2","jobDescription":"To develop andriod application","experience":["Google","Apple","Mobile Iron"],"project":[{"projectName":"Movie App","technology":["Kotlin","SQL Lite","Gradle"]}]},{"jobId":9980,"jobTitle":"Software Engg-2","jobDescription":"To develop android application","experience":["Google","Apple","Mobile Iron"],"project":[{"projectName":"Movie App","technology":["Kotlin","SQL Lite","Gradle"]}]},{"jobId":8,"jobTitle":"Software Engg-2","jobDescription":"To develop andriod application","experience":["Google","Apple","Mobile Iron"],"project":[{"projectName":"Movie App","technology":["Kotlin","SQL Lite","Gradle"]}]},{"jobId":17,"jobTitle":"Software Engg-3","jobDescription":"To develop andriod application and web application","experience":["Google","Apple","Mobile Iron"],"project":[{"projectName":"Movie App","technology":["Kotlin","SQL Lite","Gradle","Jenkins"]},{"projectName":"Movie App","technology":["Kotlin","SQL Lite","Gradle","Jenkins"]}]},{"jobId":94,"jobTitle":"Software Engg-2","jobDescription":"To develop andriod application","experience":["Google","Apple","Mobile Iron"],"project":[{"projectName":"Movie App","technology":["Kotlin","SQL Lite","Gradle"]}]},{"jobId":83,"jobTitle":"Software Engg-3","jobDescription":"To develop andriod application and web application","experience":["Google","Apple","Mobile Iron"],"project":[{"projectName":"Movie App","technology":["Kotlin","SQL Lite","Gradle","Jenkins"]},{"projectName":"Movie App","technology":["Kotlin","SQL Lite","Gradle","Jenkins"]}]},{"jobId":75,"jobTitle":"Software Engg-2","jobDescription":"To develop andriod application","experience":["Google","Apple","Mobile Iron"],"project":[{"projectName":"Movie App","technology":["Kotlin","SQL Lite","Gradle"]}]},{"jobId":86,"jobTitle":"Software Engg-3","jobDescription":"To develop andriod application and web application","experience":["Google","Apple","Mobile Iron"],"project":[{"projectName":"Movie App","technology":["Kotlin","SQL Lite","Gradle","Jenkins"]},{"projectName":"Movie App","technology":["Kotlin","SQL Lite","Gradle","Jenkins"]}]},{"jobId":40,"jobTitle":"Software Engg-2","jobDescription":"To develop android application and web application","experience":["Google","Apple","Mobile Iron"],"project":[{"projectName":"Movie App","technology":["Kotlin","SQL Lite","Gradle"]}]},{"jobId":66,"jobTitle":"Software Engg-2","jobDescription":"To develop android application and web application","experience":["Google","Apple","Mobile Iron"],"project":[{"projectName":"Movie App","technology":["Kotlin","SQL Lite","Gradle"]}]},{"jobId":18,"jobTitle":"Software Engg-2","jobDescription":"To develop andriod application","experience":["Google","Apple","Mobile Iron"],"project":[{"projectName":"Movie App","technology":["Kotlin","SQL Lite","Gradle"]}]},{"jobId":42,"jobTitle":"Software Engg-2","jobDescription":"To develop andriod application","experience":["Google","Apple","Mobile Iron"],"project":[{"projectName":"Movie App","technology":["Kotlin","SQL Lite","Gradle"]}]},{"jobId":68,"jobTitle":"Software Engg-2","jobDescription":"To develop andriod application","experience":["Google","Apple","Mobile Iron"],"project":[{"projectName":"Movie App","technology":["Kotlin","SQL Lite","Gradle"]}]},{"jobId":96,"jobTitle":"Software Engg-2","jobDescription":"To develop andriod application","experience":["Google","Apple","Mobile Iron"],"project":[{"projectName":"Movie App","technology":["Kotlin","SQL Lite","Gradle"]}]},{"jobId":59,"jobTitle":"Software Engg-2","jobDescription":"To develop android application and web application","experience":["Google","Apple","Mobile Iron"],"project":[{"projectName":"Movie App","technology":["Kotlin","SQL Lite","Gradle"]}]},{"jobId":8,"jobTitle":"Software Engg-2","jobDescription":"To develop andriod application","experience":["Google","Apple","Mobile Iron"],"project":[{"projectName":"Movie App","technology":["Kotlin","SQL Lite","Gradle"]}]},{"jobId":32,"jobTitle":"Software Engg-2","jobDescription":"To develop andriod application","experience":["Google","Apple","Mobile Iron"],"project":[{"projectName":"Movie App","technology":["Kotlin","SQL Lite","Gradle"]}]},{"jobId":8,"jobTitle":"Software Engg-2","jobDescription":"To develop andriod application","experience":["Google","Apple","Mobile Iron"],"project":[{"projectName":"Movie App","technology":["Kotlin","SQL Lite","Gradle"]}]},{"jobId":9980,"jobTitle":"Software Engg-2","jobDescription":"To develop android application","experience":["Google","Apple","Mobile Iron"],"project":[{"projectName":"Movie App","technology":["Kotlin","SQL Lite","Gradle"]}]},{"jobId":6,"jobTitle":"Software Engg-2","jobDescription":"To develop andriod application","experience":["Google","Apple","Mobile Iron"],"project":[{"projectName":"Movie App","technology":["Kotlin","SQL Lite","Gradle"]}]},{"jobId":57,"jobTitle":"Software Engg-3","jobDescription":"To develop andriod application and web application","experience":["Google","Apple","Mobile Iron"],"project":[{"projectName":"Movie App","technology":["Kotlin","SQL Lite","Gradle","Jenkins"]},{"projectName":"Movie App","technology":["Kotlin","SQL Lite","Gradle","Jenkins"]}]},{"jobId":19,"jobTitle":"Software Engg-2","jobDescription":"To develop andriod application","experience":["Google","Apple","Mobile Iron"],"project":[{"projectName":"Movie App","technology":["Kotlin","SQL Lite","Gradle"]}]},{"jobId":29,"jobTitle":"Software Engg-3","jobDescription":"To develop andriod application and web application","experience":["Google","Apple","Mobile Iron"],"project":[{"projectName":"Movie App","technology":["Kotlin","SQL Lite","Gradle","Jenkins"]},{"projectName":"Movie App","technology":["Kotlin","SQL Lite","Gradle","Jenkins"]}]},{"jobId":90,"jobTitle":"Software Engg-2","jobDescription":"To develop android application and web application","experience":["Google","Apple","Mobile Iron"],"project":[{"projectName":"Movie App","technology":["Kotlin","SQL Lite","Gradle"]}]},{"jobId":60,"jobTitle":"Software Engg-3","jobDescription":"To develop andriod application and web application","experience":["Google","Apple","Mobile Iron"],"project":[{"projectName":"Movie App","technology":["Kotlin","SQL Lite","Gradle","Jenkins"]},{"projectName":"Movie App","technology":["Kotlin","SQL Lite","Gradle","Jenkins"]}]},{"jobId":92,"jobTitle":"Software Engg-2","jobDescription":"To develop android application and web application","experience":["Google","Apple","Mobile Iron"],"project":[{"projectName":"Movie App","technology":["Kotlin","SQL Lite","Gradle"]}]},{"jobId":90,"jobTitle":"Software Engg-2","jobDescription":"To develop andriod application","experience":["Google","Apple","Mobile Iron"],"project":[{"projectName":"Movie App","technology":["Kotlin","SQL Lite","Gradle"]}]},{"jobId":25,"jobTitle":"Software Engg-2","jobDescription":"To develop andriod application","experience":["Google","Apple","Mobile Iron"],"project":[{"projectName":"Movie App","technology":["Kotlin","SQL Lite","Gradle"]}]},{"jobId":0,"jobTitle":"Software Engg-2","jobDescription":"To develop android application and web application","experience":["Google","Apple","Mobile Iron"],"project":[{"projectName":"Movie App","technology":["Kotlin","SQL Lite","Gradle"]}]},{"jobId":53,"jobTitle":"Software Engg-2","jobDescription":"To develop andriod application","experience":["Google","Apple","Mobile Iron"],"project":[{"projectName":"Movie App","technology":["Kotlin","SQL Lite","Gradle"]}]},{"jobId":37,"jobTitle":"Software Engg-2","jobDescription":"To develop android application and web application","experience":["Google","Apple","Mobile Iron"],"project":[{"projectName":"Movie App","technology":["Kotlin","SQL Lite","Gradle"]}]},{"jobId":41,"jobTitle":"Software Engg-2","jobDescription":"To develop andriod application","experience":["Google","Apple","Mobile Iron"],"project":[{"projectName":"Movie App","technology":["Kotlin","SQL Lite","Gradle"]}]},{"jobId":40,"jobTitle":"Software Engg-2","jobDescription":"To develop andriod application","experience":["Google","Apple","Mobile Iron"],"project":[{"projectName":"Movie App","technology":["Kotlin","SQL Lite","Gradle"]}]},{"jobId":0,"jobTitle":"Software Engg-2","jobDescription":"To develop andriod application","experience":["Google","Apple","Mobile Iron"],"project":[{"projectName":"Movie App","technology":["Kotlin","SQL Lite","Gradle"]}]},{"jobId":76,"jobTitle":"Software Engg-2","jobDescription":"To develop andriod application","experience":["Google","Apple","Mobile Iron"],"project":[{"projectName":"Movie App","technology":["Kotlin","SQL Lite","Gradle"]}]},{"jobId":49,"jobTitle":"Software Engg-2","jobDescription":"To develop andriod application","experience":["Google","Apple","Mobile Iron"],"project":[{"projectName":"Movie App","technology":["Kotlin","SQL Lite","Gradle"]}]},{"jobId":9980,"jobTitle":"Software Engg-2","jobDescription":"To develop android application","experience":["Google","Apple","Mobile Iron"],"project":[{"projectName":"Movie App","technology":["Kotlin","SQL Lite","Gradle"]}]},{"jobId":8,"jobTitle":"Software Engg-2","jobDescription":"To develop andriod application","experience":["Google","Apple","Mobile Iron"],"project":[{"projectName":"Movie App","technology":["Kotlin","SQL Lite","Gradle"]}]},{"jobId":79,"jobTitle":"Software Engg-2","jobDescription":"To develop andriod application","experience":["Google","Apple","Mobile Iron"],"project":[{"projectName":"Movie App","technology":["Kotlin","SQL Lite","Gradle"]}]},{"jobId":8,"jobTitle":"Software Engg-2","jobDescription":"To develop andriod application","experience":["Google","Apple","Mobile Iron"],"project":[{"projectName":"Movie App","technology":["Kotlin","SQL Lite","Gradle"]}]},{"jobId":39,"jobTitle":"Software Engg-3","jobDescription":"To develop andriod application and web application","experience":["Google","Apple","Mobile Iron"],"project":[{"projectName":"Movie App","technology":["Kotlin","SQL Lite","Gradle","Jenkins"]},{"projectName":"Movie App","technology":["Kotlin","SQL Lite","Gradle","Jenkins"]}]},{"jobId":96,"jobTitle":"Software Engg-2","jobDescription":"To develop andriod application","experience":["Google","Apple","Mobile Iron"],"project":[{"projectName":"Movie App","technology":["Kotlin","SQL Lite","Gradle"]}]},{"jobId":28,"jobTitle":"Software Engg-3","jobDescription":"To develop andriod application and web application","experience":["Google","Apple","Mobile Iron"],"project":[{"projectName":"Movie App","technology":["Kotlin","SQL Lite","Gradle","Jenkins"]},{"projectName":"Movie App","technology":["Kotlin","SQL Lite","Gradle","Jenkins"]}]},{"jobId":80,"jobTitle":"Software Engg-2","jobDescription":"To develop andriod application","experience":["Google","Apple","Mobile Iron"],"project":[{"projectName":"Movie App","technology":["Kotlin","SQL Lite","Gradle"]}]},{"jobId":130,"jobTitle":"Software Engg-3","jobDescription":"To develop andriod application and web application","experience":["Google","Apple","Mobile Iron"],"project":[{"projectName":"Movie App","technology":["Kotlin","SQL Lite","Gradle","Jenkins"]},{"projectName":"Movie App","technology":["Kotlin","SQL Lite","Gradle","Jenkins"]}]},{"jobId":74,"jobTitle":"Software Engg-3","jobDescription":"To develop andriod application and web application","experience":["Google","Apple","Mobile Iron"],"project":[{"projectName":"Movie App","technology":["Kotlin","SQL Lite","Gradle","Jenkins"]},{"projectName":"Movie App","technology":["Kotlin","SQL Lite","Gradle","Jenkins"]}]},{"jobId":10,"jobTitle":"Software Engg-2","jobDescription":"To develop andriod application","experience":["Google","Apple","Mobile Iron"],"project":[{"projectName":"Movie App","technology":["Kotlin","SQL Lite","Gradle"]}]},{"jobId":77,"jobTitle":"Software Engg-2","jobDescription":"To develop andriod application","experience":["Google","Apple","Mobile Iron"],"project":[{"projectName":"Movie App","technology":["Kotlin","SQL Lite","Gradle"]}]},{"jobId":26,"jobTitle":"Software Engg-2","jobDescription":"To develop andriod application","experience":["Google","Apple","Mobile Iron"],"project":[{"projectName":"Movie App","technology":["Kotlin","SQL Lite","Gradle"]}]}]
01:15:28.326 [pool-1-thread-3] DEBUG com.intuit.karate - request:
1 > GET http://localhost:9897/normal/webapi/all
1 > Accept: application/json
1 > Host: localhost:9897
1 > Connection: Keep-Alive
1 > User-Agent: Apache-HttpClient/4.5.13 (Java/11.0.13)
1 > Accept-Encoding: gzip,deflate


01:15:28.335 [pool-1-thread-4] INFO  com.intuit.karate - karate.env system property was: null 
01:15:28.339 [pool-1-thread-4] DEBUG com.intuit.karate - request:
1 > GET http://localhost:9897/normal/webapi/all
1 > Accept: application/json
1 > Host: localhost:9897
1 > Connection: Keep-Alive
1 > User-Agent: Apache-HttpClient/4.5.13 (Java/11.0.13)
1 > Accept-Encoding: gzip,deflate


01:15:28.344 [pool-1-thread-5] INFO  com.intuit.karate - [print] [
  {
    "jobId": 1,
    "jobTitle": "Software Engg",
    "jobDescription": "To develop andriod application",
    "experience": [
      "Google",
      "Apple",
      "Mobile Iron"
    ],
    "project": [
      {
        "projectName": "Movie App",
        "technology": [
          "Kotlin",
          "SQL Lite",
          "Gradle"
        ]
      }
    ]
  },
  {
    "jobId": 68,
    "jobTitle": "Software Engg-2",
    "jobDescription": "To develop android application and web application",
    "experience": [
      "Google",
      "Apple",
      "Mobile Iron"
    ],
    "project": [
      {
        "projectName": "Movie App",
        "technology": [
          "Kotlin",
          "SQL Lite",
          "Gradle",
          "Jenkins"
        ]
      },
      {
        "projectName": "Movie App",
        "technology": [
          "Kotlin",
          "SQL Lite",
          "Gradle",
          "Jenkins"
        ]
      }
    ]
  },
  {
    "jobId": 34,
    "jobTitle": "Software Engg-3",
    "jobDescription": "To develop andriod application and web application",
    "experience": [
      "Google",
      "Apple",
      "Mobile Iron"
    ],
    "project": [
      {
        "projectName": "Movie App",
        "technology": [
          "Kotlin",
          "SQL Lite",
          "Gradle",
          "Jenkins"
        ]
      },
      {
        "projectName": "Movie App",
        "technology": [
          "Kotlin",
          "SQL Lite",
          "Gradle",
          "Jenkins"
        ]
      }
    ]
  },
  {
    "jobId": 41,
    "jobTitle": "Software Engg-2",
    "jobDescription": "To develop android application and web application",
    "experience": [
      "Google",
      "Apple",
      "Mobile Iron"
    ],
    "project": [
      {
        "projectName": "Movie App",
        "technology": [
          "Kotlin",
          "SQL Lite",
          "Gradle",
          "Jenkins"
        ]
      },
      {
        "projectName": "Movie App",
        "technology": [
          "Kotlin",
          "SQL Lite",
          "Gradle",
          "Jenkins"
        ]
      }
    ]
  },
  {
    "jobId": 12,
    "jobTitle": "Software Engg-2",
    "jobDescription": "To develop andriod application",
    "experience": [
      "Google",
      "Apple",
      "Mobile Iron"
    ],
    "project": [
      {
        "projectName": "Movie App",
        "technology": [
          "Kotlin",
          "SQL Lite",
          "Gradle"
        ]
      }
    ]
  },
  {
    "jobId": 73,
    "jobTitle": "Software Engg-3",
    "jobDescription": "To develop andriod application and web application",
    "experience": [
      "Google",
      "Apple",
      "Mobile Iron"
    ],
    "project": [
      {
        "projectName": "Movie App",
        "technology": [
          "Kotlin",
          "SQL Lite",
          "Gradle",
          "Jenkins"
        ]
      },
      {
        "projectName": "Movie App",
        "technology": [
          "Kotlin",
          "SQL Lite",
          "Gradle",
          "Jenkins"
        ]
      }
    ]
  },
  {
    "jobId": 99999,
    "jobTitle": "Software Engg-2",
    "jobDescription": "To develop andriod application",
    "experience": [
      "Google",
      "Apple",
      "Mobile Iron"
    ],
    "project": [
      {
        "projectName": "Movie App",
        "technology": [
          "Kotlin",
          "SQL Lite",
          "Gradle"
        ]
      }
    ]
  },
  {
    "jobId": 38,
    "jobTitle": "Software Engg-3",
    "jobDescription": "To develop andriod application and web application",
    "experience": [
      "Google",
      "Apple",
      "Mobile Iron"
    ],
    "project": [
      {
        "projectName": "Movie App",
        "technology": [
          "Kotlin",
          "SQL Lite",
          "Gradle",
          "Jenkins"
        ]
      },
      {
        "projectName": "Movie App",
        "technology": [
          "Kotlin",
          "SQL Lite",
          "Gradle",
          "Jenkins"
        ]
      }
    ]
  },
  {
    "jobId": 96,
    "jobTitle": "Software Engg-3",
    "jobDescription": "To develop andriod application and web application",
    "experience": [
      "Google",
      "Apple",
      "Mobile Iron"
    ],
    "project": [
      {
        "projectName": "Movie App",
        "technology": [
          "Kotlin",
          "SQL Lite",
          "Gradle",
          "Jenkins"
        ]
      },
      {
        "projectName": "Movie App",
        "technology": [
          "Kotlin",
          "SQL Lite",
          "Gradle",
          "Jenkins"
        ]
      }
    ]
  },
  {
    "jobId": 48,
    "jobTitle": "Software Engg-2",
    "jobDescription": "To develop andriod application",
    "experience": [
      "Google",
      "Apple",
      "Mobile Iron"
    ],
    "project": [
      {
        "projectName": "Movie App",
        "technology": [
          "Kotlin",
          "SQL Lite",
          "Gradle"
        ]
      }
    ]
  },
  {
    "jobId": 6,
    "jobTitle": "Software Engg-3",
    "jobDescription": "To develop andriod application and web application",
    "experience": [
      "Google",
      "Apple",
      "Mobile Iron"
    ],
    "project": [
      {
        "projectName": "Movie App",
        "technology": [
          "Kotlin",
          "SQL Lite",
          "Gradle",
          "Jenkins"
        ]
      },
      {
        "projectName": "Movie App",
        "technology": [
          "Kotlin",
          "SQL Lite",
          "Gradle",
          "Jenkins"
        ]
      }
    ]
  },
  {
    "jobId": 88,
    "jobTitle": "Software Engg-2",
    "jobDescription": "To develop android application and web application",
    "experience": [
      "Google",
      "Apple",
      "Mobile Iron"
    ],
    "project": [
      {
        "projectName": "Movie App",
        "technology": [
          "Kotlin",
          "SQL Lite",
          "Gradle"
        ]
      }
    ]
  },
  {
    "jobId": 9,
    "jobTitle": "Software Engg-3",
    "jobDescription": "To develop andriod application and web application",
    "experience": [
      "Google",
      "Apple",
      "Mobile Iron"
    ],
    "project": [
      {
        "projectName": "Movie App",
        "technology": [
          "Kotlin",
          "SQL Lite",
          "Gradle",
          "Jenkins"
        ]
      },
      {
        "projectName": "Movie App",
        "technology": [
          "Kotlin",
          "SQL Lite",
          "Gradle",
          "Jenkins"
        ]
      }
    ]
  },
  {
    "jobId": 8,
    "jobTitle": "Software Engg-2",
    "jobDescription": "To develop andriod application",
    "experience": [
      "Google",
      "Apple",
      "Mobile Iron"
    ],
    "project": [
      {
        "projectName": "Movie App",
        "technology": [
          "Kotlin",
          "SQL Lite",
          "Gradle"
        ]
      }
    ]
  },
  {
    "jobId": 7,
    "jobTitle": "Software Engg-3",
    "jobDescription": "To develop andriod application and web application",
    "experience": [
      "Google",
      "Apple",
      "Mobile Iron"
    ],
    "project": [
      {
        "projectName": "Movie App",
        "technology": [
          "Kotlin",
          "SQL Lite",
          "Gradle",
          "Jenkins"
        ]
      },
      {
        "projectName": "Movie App",
        "technology": [
          "Kotlin",
          "SQL Lite",
          "Gradle",
          "Jenkins"
        ]
      }
    ]
  },
  {
    "jobId": 13,
    "jobTitle": "Software Engg-2",
    "jobDescription": "To develop andriod application",
    "experience": [
      "Google",
      "Apple",
      "Mobile Iron"
    ],
    "project": [
      {
        "projectName": "Movie App",
        "technology": [
          "Kotlin",
          "SQL Lite",
          "Gradle"
        ]
      }
    ]
  },
  {
    "jobId": 53,
    "jobTitle": "Software Engg-2",
    "jobDescription": "To develop android application and web application",
    "experience": [
      "Google",
      "Apple",
      "Mobile Iron"
    ],
    "project": [
      {
        "projectName": "Movie App",
        "technology": [
          "Kotlin",
          "SQL Lite",
          "Gradle"
        ]
      }
    ]
  },
  {
    "jobId": 8,
    "jobTitle": "Software Engg-2",
    "jobDescription": "To develop andriod application",
    "experience": [
      "Google",
      "Apple",
      "Mobile Iron"
    ],
    "project": [
      {
        "projectName": "Movie App",
        "technology": [
          "Kotlin",
          "SQL Lite",
          "Gradle"
        ]
      }
    ]
  },
  {
    "jobId": 8,
    "jobTitle": "Software Engg-2",
    "jobDescription": "To develop andriod application",
    "experience": [
      "Google",
      "Apple",
      "Mobile Iron"
    ],
    "project": [
      {
        "projectName": "Movie App",
        "technology": [
          "Kotlin",
          "SQL Lite",
          "Gradle"
        ]
      }
    ]
  },
  {
    "jobId": 9980,
    "jobTitle": "Software Engg-2",
    "jobDescription": "To develop android application",
    "experience": [
      "Google",
      "Apple",
      "Mobile Iron"
    ],
    "project": [
      {
        "projectName": "Movie App",
        "technology": [
          "Kotlin",
          "SQL Lite",
          "Gradle"
        ]
      }
    ]
  },
  {
    "jobId": 80,
    "jobTitle": "Software Engg-2",
    "jobDescription": "To develop andriod application",
    "experience": [
      "Google",
      "Apple",
      "Mobile Iron"
    ],
    "project": [
      {
        "projectName": "Movie App",
        "technology": [
          "Kotlin",
          "SQL Lite",
          "Gradle"
        ]
      }
    ]
  },
  {
    "jobId": 49,
    "jobTitle": "Software Engg-2",
    "jobDescription": "To develop android application and web application",
    "experience": [
      "Google",
      "Apple",
      "Mobile Iron"
    ],
    "project": [
      {
        "projectName": "Movie App",
        "technology": [
          "Kotlin",
          "SQL Lite",
          "Gradle",
          "Jenkins"
        ]
      },
      {
        "projectName": "Movie App",
        "technology": [
          "Kotlin",
          "SQL Lite",
          "Gradle",
          "Jenkins"
        ]
      }
    ]
  },
  {
    "jobId": 82,
    "jobTitle": "Software Engg-3",
    "jobDescription": "To develop andriod application and web application",
    "experience": [
      "Google",
      "Apple",
      "Mobile Iron"
    ],
    "project": [
      {
        "projectName": "Movie App",
        "technology": [
          "Kotlin",
          "SQL Lite",
          "Gradle",
          "Jenkins"
        ]
      },
      {
        "projectName": "Movie App",
        "technology": [
          "Kotlin",
          "SQL Lite",
          "Gradle",
          "Jenkins"
        ]
      }
    ]
  },
  {
    "jobId": 45,
    "jobTitle": "Software Engg-3",
    "jobDescription": "To develop andriod application and web application",
    "experience": [
      "Google",
      "Apple",
      "Mobile Iron"
    ],
    "project": [
      {
        "projectName": "Movie App",
        "technology": [
          "Kotlin",
          "SQL Lite",
          "Gradle",
          "Jenkins"
        ]
      },
      {
        "projectName": "Movie App",
        "technology": [
          "Kotlin",
          "SQL Lite",
          "Gradle",
          "Jenkins"
        ]
      }
    ]
  },
  {
    "jobId": 26,
    "jobTitle": "Software Engg-2",
    "jobDescription": "To develop andriod application",
    "experience": [
      "Google",
      "Apple",
      "Mobile Iron"
    ],
    "project": [
      {
        "projectName": "Movie App",
        "technology": [
          "Kotlin",
          "SQL Lite",
          "Gradle"
        ]
      }
    ]
  },
  {
    "jobId": 8,
    "jobTitle": "Software Engg-2",
    "jobDescription": "To develop andriod application",
    "experience": [
      "Google",
      "Apple",
      "Mobile Iron"
    ],
    "project": [
      {
        "projectName": "Movie App",
        "technology": [
          "Kotlin",
          "SQL Lite",
          "Gradle"
        ]
      }
    ]
  },
  {
    "jobId": 75,
    "jobTitle": "Software Engg-2",
    "jobDescription": "To develop andriod application",
    "experience": [
      "Google",
      "Apple",
      "Mobile Iron"
    ],
    "project": [
      {
        "projectName": "Movie App",
        "technology": [
          "Kotlin",
          "SQL Lite",
          "Gradle"
        ]
      }
    ]
  },
  {
    "jobId": 8,
    "jobTitle": "Software Engg-2",
    "jobDescription": "To develop andriod application",
    "experience": [
      "Google",
      "Apple",
      "Mobile Iron"
    ],
    "project": [
      {
        "projectName": "Movie App",
        "technology": [
          "Kotlin",
          "SQL Lite",
          "Gradle"
        ]
      }
    ]
  },
  {
    "jobId": 9980,
    "jobTitle": "Software Engg-2",
    "jobDescription": "To develop android application",
    "experience": [
      "Google",
      "Apple",
      "Mobile Iron"
    ],
    "project": [
      {
        "projectName": "Movie App",
        "technology": [
          "Kotlin",
          "SQL Lite",
          "Gradle"
        ]
      }
    ]
  },
  {
    "jobId": 84,
    "jobTitle": "Software Engg-2",
    "jobDescription": "To develop andriod application",
    "experience": [
      "Google",
      "Apple",
      "Mobile Iron"
    ],
    "project": [
      {
        "projectName": "Movie App",
        "technology": [
          "Kotlin",
          "SQL Lite",
          "Gradle"
        ]
      }
    ]
  },
  {
    "jobId": 31,
    "jobTitle": "Software Engg-3",
    "jobDescription": "To develop andriod application and web application",
    "experience": [
      "Google",
      "Apple",
      "Mobile Iron"
    ],
    "project": [
      {
        "projectName": "Movie App",
        "technology": [
          "Kotlin",
          "SQL Lite",
          "Gradle",
          "Jenkins"
        ]
      },
      {
        "projectName": "Movie App",
        "technology": [
          "Kotlin",
          "SQL Lite",
          "Gradle",
          "Jenkins"
        ]
      }
    ]
  },
  {
    "jobId": 87,
    "jobTitle": "Software Engg-2",
    "jobDescription": "To develop andriod application",
    "experience": [
      "Google",
      "Apple",
      "Mobile Iron"
    ],
    "project": [
      {
        "projectName": "Movie App",
        "technology": [
          "Kotlin",
          "SQL Lite",
          "Gradle"
        ]
      }
    ]
  },
  {
    "jobId": 93,
    "jobTitle": "Software Engg-3",
    "jobDescription": "To develop andriod application and web application",
    "experience": [
      "Google",
      "Apple",
      "Mobile Iron"
    ],
    "project": [
      {
        "projectName": "Movie App",
        "technology": [
          "Kotlin",
          "SQL Lite",
          "Gradle",
          "Jenkins"
        ]
      },
      {
        "projectName": "Movie App",
        "technology": [
          "Kotlin",
          "SQL Lite",
          "Gradle",
          "Jenkins"
        ]
      }
    ]
  },
  {
    "jobId": 53,
    "jobTitle": "Software Engg-2",
    "jobDescription": "To develop andriod application",
    "experience": [
      "Google",
      "Apple",
      "Mobile Iron"
    ],
    "project": [
      {
        "projectName": "Movie App",
        "technology": [
          "Kotlin",
          "SQL Lite",
          "Gradle"
        ]
      }
    ]
  },
  {
    "jobId": 51,
    "jobTitle": "Software Engg-2",
    "jobDescription": "To develop andriod application",
    "experience": [
      "Google",
      "Apple",
      "Mobile Iron"
    ],
    "project": [
      {
        "projectName": "Movie App",
        "technology": [
          "Kotlin",
          "SQL Lite",
          "Gradle"
        ]
      }
    ]
  },
  {
    "jobId": 19,
    "jobTitle": "Software Engg-2",
    "jobDescription": "To develop andriod application",
    "experience": [
      "Google",
      "Apple",
      "Mobile Iron"
    ],
    "project": [
      {
        "projectName": "Movie App",
        "technology": [
          "Kotlin",
          "SQL Lite",
          "Gradle"
        ]
      }
    ]
  },
  {
    "jobId": 93,
    "jobTitle": "Software Engg-2",
    "jobDescription": "To develop andriod application",
    "experience": [
      "Google",
      "Apple",
      "Mobile Iron"
    ],
    "project": [
      {
        "projectName": "Movie App",
        "technology": [
          "Kotlin",
          "SQL Lite",
          "Gradle"
        ]
      }
    ]
  },
  {
    "jobId": 32,
    "jobTitle": "Software Engg-2",
    "jobDescription": "To develop android application and web application",
    "experience": [
      "Google",
      "Apple",
      "Mobile Iron"
    ],
    "project": [
      {
        "projectName": "Movie App",
        "technology": [
          "Kotlin",
          "SQL Lite",
          "Gradle"
        ]
      }
    ]
  },
  {
    "jobId": 71,
    "jobTitle": "Software Engg-2",
    "jobDescription": "To develop android application and web application",
    "experience": [
      "Google",
      "Apple",
      "Mobile Iron"
    ],
    "project": [
      {
        "projectName": "Movie App",
        "technology": [
          "Kotlin",
          "SQL Lite",
          "Gradle"
        ]
      }
    ]
  },
  {
    "jobId": 23,
    "jobTitle": "Software Engg-2",
    "jobDescription": "To develop android application and web application",
    "experience": [
      "Google",
      "Apple",
      "Mobile Iron"
    ],
    "project": [
      {
        "projectName": "Movie App",
        "technology": [
          "Kotlin",
          "SQL Lite",
          "Gradle"
        ]
      }
    ]
  },
  {
    "jobId": 31,
    "jobTitle": "Software Engg-2",
    "jobDescription": "To develop andriod application",
    "experience": [
      "Google",
      "Apple",
      "Mobile Iron"
    ],
    "project": [
      {
        "projectName": "Movie App",
        "technology": [
          "Kotlin",
          "SQL Lite",
          "Gradle"
        ]
      }
    ]
  },
  {
    "jobId": 10,
    "jobTitle": "Software Engg-2",
    "jobDescription": "To develop andriod application",
    "experience": [
      "Google",
      "Apple",
      "Mobile Iron"
    ],
    "project": [
      {
        "projectName": "Movie App",
        "technology": [
          "Kotlin",
          "SQL Lite",
          "Gradle"
        ]
      }
    ]
  },
  {
    "jobId": 8,
    "jobTitle": "Software Engg-2",
    "jobDescription": "To develop andriod application",
    "experience": [
      "Google",
      "Apple",
      "Mobile Iron"
    ],
    "project": [
      {
        "projectName": "Movie App",
        "technology": [
          "Kotlin",
          "SQL Lite",
          "Gradle"
        ]
      }
    ]
  },
  {
    "jobId": 38,
    "jobTitle": "Software Engg-2",
    "jobDescription": "To develop andriod application",
    "experience": [
      "Google",
      "Apple",
      "Mobile Iron"
    ],
    "project": [
      {
        "projectName": "Movie App",
        "technology": [
          "Kotlin",
          "SQL Lite",
          "Gradle"
        ]
      }
    ]
  },
  {
    "jobId": 8,
    "jobTitle": "Software Engg-2",
    "jobDescription": "To develop andriod application",
    "experience": [
      "Google",
      "Apple",
      "Mobile Iron"
    ],
    "project": [
      {
        "projectName": "Movie App",
        "technology": [
          "Kotlin",
          "SQL Lite",
          "Gradle"
        ]
      }
    ]
  },
  {
    "jobId": 9980,
    "jobTitle": "Software Engg-2",
    "jobDescription": "To develop android application",
    "experience": [
      "Google",
      "Apple",
      "Mobile Iron"
    ],
    "project": [
      {
        "projectName": "Movie App",
        "technology": [
          "Kotlin",
          "SQL Lite",
          "Gradle"
        ]
      }
    ]
  },
  {
    "jobId": 5,
    "jobTitle": "Software Engg-3",
    "jobDescription": "To develop andriod application and web application",
    "experience": [
      "Google",
      "Apple",
      "Mobile Iron"
    ],
    "project": [
      {
        "projectName": "Movie App",
        "technology": [
          "Kotlin",
          "SQL Lite",
          "Gradle",
          "Jenkins"
        ]
      },
      {
        "projectName": "Movie App",
        "technology": [
          "Kotlin",
          "SQL Lite",
          "Gradle",
          "Jenkins"
        ]
      }
    ]
  },
  {
    "jobId": 16,
    "jobTitle": "Software Engg-3",
    "jobDescription": "To develop andriod application and web application",
    "experience": [
      "Google",
      "Apple",
      "Mobile Iron"
    ],
    "project": [
      {
        "projectName": "Movie App",
        "technology": [
          "Kotlin",
          "SQL Lite",
          "Gradle",
          "Jenkins"
        ]
      },
      {
        "projectName": "Movie App",
        "technology": [
          "Kotlin",
          "SQL Lite",
          "Gradle",
          "Jenkins"
        ]
      }
    ]
  },
  {
    "jobId": 1,
    "jobTitle": "Software Engg-2",
    "jobDescription": "To develop andriod application",
    "experience": [
      "Google",
      "Apple",
      "Mobile Iron"
    ],
    "project": [
      {
        "projectName": "Movie App",
        "technology": [
          "Kotlin",
          "SQL Lite",
          "Gradle"
        ]
      }
    ]
  },
  {
    "jobId": 7,
    "jobTitle": "Software Engg-2",
    "jobDescription": "To develop andriod application",
    "experience": [
      "Google",
      "Apple",
      "Mobile Iron"
    ],
    "project": [
      {
        "projectName": "Movie App",
        "technology": [
          "Kotlin",
          "SQL Lite",
          "Gradle"
        ]
      }
    ]
  },
  {
    "jobId": 35,
    "jobTitle": "Software Engg-2",
    "jobDescription": "To develop android application and web application",
    "experience": [
      "Google",
      "Apple",
      "Mobile Iron"
    ],
    "project": [
      {
        "projectName": "Movie App",
        "technology": [
          "Kotlin",
          "SQL Lite",
          "Gradle"
        ]
      }
    ]
  },
  {
    "jobId": 48,
    "jobTitle": "Software Engg-2",
    "jobDescription": "To develop andriod application",
    "experience": [
      "Google",
      "Apple",
      "Mobile Iron"
    ],
    "project": [
      {
        "projectName": "Movie App",
        "technology": [
          "Kotlin",
          "SQL Lite",
          "Gradle"
        ]
      }
    ]
  },
  {
    "jobId": 2,
    "jobTitle": "Software Engg-2",
    "jobDescription": "To develop andriod application",
    "experience": [
      "Google",
      "Apple",
      "Mobile Iron"
    ],
    "project": [
      {
        "projectName": "Movie App",
        "technology": [
          "Kotlin",
          "SQL Lite",
          "Gradle"
        ]
      }
    ]
  },
  {
    "jobId": 88,
    "jobTitle": "Software Engg-2",
    "jobDescription": "To develop andriod application",
    "experience": [
      "Google",
      "Apple",
      "Mobile Iron"
    ],
    "project": [
      {
        "projectName": "Movie App",
        "technology": [
          "Kotlin",
          "SQL Lite",
          "Gradle"
        ]
      }
    ]
  },
  {
    "jobId": 21,
    "jobTitle": "Software Engg-2",
    "jobDescription": "To develop andriod application",
    "experience": [
      "Google",
      "Apple",
      "Mobile Iron"
    ],
    "project": [
      {
        "projectName": "Movie App",
        "technology": [
          "Kotlin",
          "SQL Lite",
          "Gradle"
        ]
      }
    ]
  },
  {
    "jobId": 71,
    "jobTitle": "Software Engg-2",
    "jobDescription": "To develop andriod application",
    "experience": [
      "Google",
      "Apple",
      "Mobile Iron"
    ],
    "project": [
      {
        "projectName": "Movie App",
        "technology": [
          "Kotlin",
          "SQL Lite",
          "Gradle"
        ]
      }
    ]
  },
  {
    "jobId": 8,
    "jobTitle": "Software Engg-2",
    "jobDescription": "To develop andriod application",
    "experience": [
      "Google",
      "Apple",
      "Mobile Iron"
    ],
    "project": [
      {
        "projectName": "Movie App",
        "technology": [
          "Kotlin",
          "SQL Lite",
          "Gradle"
        ]
      }
    ]
  },
  {
    "jobId": 94,
    "jobTitle": "Software Engg-2",
    "jobDescription": "To develop andriod application",
    "experience": [
      "Google",
      "Apple",
      "Mobile Iron"
    ],
    "project": [
      {
        "projectName": "Movie App",
        "technology": [
          "Kotlin",
          "SQL Lite",
          "Gradle"
        ]
      }
    ]
  },
  {
    "jobId": 8,
    "jobTitle": "Software Engg-2",
    "jobDescription": "To develop andriod application",
    "experience": [
      "Google",
      "Apple",
      "Mobile Iron"
    ],
    "project": [
      {
        "projectName": "Movie App",
        "technology": [
          "Kotlin",
          "SQL Lite",
          "Gradle"
        ]
      }
    ]
  },
  {
    "jobId": 9980,
    "jobTitle": "Software Engg-2",
    "jobDescription": "To develop android application",
    "experience": [
      "Google",
      "Apple",
      "Mobile Iron"
    ],
    "project": [
      {
        "projectName": "Movie App",
        "technology": [
          "Kotlin",
          "SQL Lite",
          "Gradle"
        ]
      }
    ]
  },
  {
    "jobId": 89,
    "jobTitle": "Software Engg-3",
    "jobDescription": "To develop andriod application and web application",
    "experience": [
      "Google",
      "Apple",
      "Mobile Iron"
    ],
    "project": [
      {
        "projectName": "Movie App",
        "technology": [
          "Kotlin",
          "SQL Lite",
          "Gradle",
          "Jenkins"
        ]
      },
      {
        "projectName": "Movie App",
        "technology": [
          "Kotlin",
          "SQL Lite",
          "Gradle",
          "Jenkins"
        ]
      }
    ]
  },
  {
    "jobId": 35,
    "jobTitle": "Software Engg-2",
    "jobDescription": "To develop andriod application",
    "experience": [
      "Google",
      "Apple",
      "Mobile Iron"
    ],
    "project": [
      {
        "projectName": "Movie App",
        "technology": [
          "Kotlin",
          "SQL Lite",
          "Gradle"
        ]
      }
    ]
  },
  {
    "jobId": 77,
    "jobTitle": "Software Engg-2",
    "jobDescription": "To develop android application and web application",
    "experience": [
      "Google",
      "Apple",
      "Mobile Iron"
    ],
    "project": [
      {
        "projectName": "Movie App",
        "technology": [
          "Kotlin",
          "SQL Lite",
          "Gradle"
        ]
      }
    ]
  },
  {
    "jobId": 50,
    "jobTitle": "Software Engg-3",
    "jobDescription": "To develop andriod application and web application",
    "experience": [
      "Google",
      "Apple",
      "Mobile Iron"
    ],
    "project": [
      {
        "projectName": "Movie App",
        "technology": [
          "Kotlin",
          "SQL Lite",
          "Gradle",
          "Jenkins"
        ]
      },
      {
        "projectName": "Movie App",
        "technology": [
          "Kotlin",
          "SQL Lite",
          "Gradle",
          "Jenkins"
        ]
      }
    ]
  },
  {
    "jobId": 33,
    "jobTitle": "Software Engg-2",
    "jobDescription": "To develop andriod application",
    "experience": [
      "Google",
      "Apple",
      "Mobile Iron"
    ],
    "project": [
      {
        "projectName": "Movie App",
        "technology": [
          "Kotlin",
          "SQL Lite",
          "Gradle"
        ]
      }
    ]
  },
  {
    "jobId": 78,
    "jobTitle": "Software Engg-2",
    "jobDescription": "To develop android application and web application",
    "experience": [
      "Google",
      "Apple",
      "Mobile Iron"
    ],
    "project": [
      {
        "projectName": "Movie App",
        "technology": [
          "Kotlin",
          "SQL Lite",
          "Gradle"
        ]
      }
    ]
  },
  {
    "jobId": 3,
    "jobTitle": "Software Engg-2",
    "jobDescription": "To develop android application and web application",
    "experience": [
      "Google",
      "Apple",
      "Mobile Iron"
    ],
    "project": [
      {
        "projectName": "Movie App",
        "technology": [
          "Kotlin",
          "SQL Lite",
          "Gradle"
        ]
      }
    ]
  },
  {
    "jobId": 18,
    "jobTitle": "Software Engg-2",
    "jobDescription": "To develop android application and web application",
    "experience": [
      "Google",
      "Apple",
      "Mobile Iron"
    ],
    "project": [
      {
        "projectName": "Movie App",
        "technology": [
          "Kotlin",
          "SQL Lite",
          "Gradle"
        ]
      }
    ]
  },
  {
    "jobId": 4,
    "jobTitle": "Software Engg-2",
    "jobDescription": "To develop android application and web application",
    "experience": [
      "Google",
      "Apple",
      "Mobile Iron"
    ],
    "project": [
      {
        "projectName": "Movie App",
        "technology": [
          "Kotlin",
          "SQL Lite",
          "Gradle"
        ]
      }
    ]
  },
  {
    "jobId": 8,
    "jobTitle": "Software Engg-2",
    "jobDescription": "To develop andriod application",
    "experience": [
      "Google",
      "Apple",
      "Mobile Iron"
    ],
    "project": [
      {
        "projectName": "Movie App",
        "technology": [
          "Kotlin",
          "SQL Lite",
          "Gradle"
        ]
      }
    ]
  },
  {
    "jobId": 9980,
    "jobTitle": "Software Engg-2",
    "jobDescription": "To develop android application",
    "experience": [
      "Google",
      "Apple",
      "Mobile Iron"
    ],
    "project": [
      {
        "projectName": "Movie App",
        "technology": [
          "Kotlin",
          "SQL Lite",
          "Gradle"
        ]
      }
    ]
  },
  {
    "jobId": 8,
    "jobTitle": "Software Engg-2",
    "jobDescription": "To develop andriod application",
    "experience": [
      "Google",
      "Apple",
      "Mobile Iron"
    ],
    "project": [
      {
        "projectName": "Movie App",
        "technology": [
          "Kotlin",
          "SQL Lite",
          "Gradle"
        ]
      }
    ]
  },
  {
    "jobId": 17,
    "jobTitle": "Software Engg-3",
    "jobDescription": "To develop andriod application and web application",
    "experience": [
      "Google",
      "Apple",
      "Mobile Iron"
    ],
    "project": [
      {
        "projectName": "Movie App",
        "technology": [
          "Kotlin",
          "SQL Lite",
          "Gradle",
          "Jenkins"
        ]
      },
      {
        "projectName": "Movie App",
        "technology": [
          "Kotlin",
          "SQL Lite",
          "Gradle",
          "Jenkins"
        ]
      }
    ]
  },
  {
    "jobId": 94,
    "jobTitle": "Software Engg-2",
    "jobDescription": "To develop andriod application",
    "experience": [
      "Google",
      "Apple",
      "Mobile Iron"
    ],
    "project": [
      {
        "projectName": "Movie App",
        "technology": [
          "Kotlin",
          "SQL Lite",
          "Gradle"
        ]
      }
    ]
  },
  {
    "jobId": 83,
    "jobTitle": "Software Engg-3",
    "jobDescription": "To develop andriod application and web application",
    "experience": [
      "Google",
      "Apple",
      "Mobile Iron"
    ],
    "project": [
      {
        "projectName": "Movie App",
        "technology": [
          "Kotlin",
          "SQL Lite",
          "Gradle",
          "Jenkins"
        ]
      },
      {
        "projectName": "Movie App",
        "technology": [
          "Kotlin",
          "SQL Lite",
          "Gradle",
          "Jenkins"
        ]
      }
    ]
  },
  {
    "jobId": 75,
    "jobTitle": "Software Engg-2",
    "jobDescription": "To develop andriod application",
    "experience": [
      "Google",
      "Apple",
      "Mobile Iron"
    ],
    "project": [
      {
        "projectName": "Movie App",
        "technology": [
          "Kotlin",
          "SQL Lite",
          "Gradle"
        ]
      }
    ]
  },
  {
    "jobId": 86,
    "jobTitle": "Software Engg-3",
    "jobDescription": "To develop andriod application and web application",
    "experience": [
      "Google",
      "Apple",
      "Mobile Iron"
    ],
    "project": [
      {
        "projectName": "Movie App",
        "technology": [
          "Kotlin",
          "SQL Lite",
          "Gradle",
          "Jenkins"
        ]
      },
      {
        "projectName": "Movie App",
        "technology": [
          "Kotlin",
          "SQL Lite",
          "Gradle",
          "Jenkins"
        ]
      }
    ]
  },
  {
    "jobId": 40,
    "jobTitle": "Software Engg-2",
    "jobDescription": "To develop android application and web application",
    "experience": [
      "Google",
      "Apple",
      "Mobile Iron"
    ],
    "project": [
      {
        "projectName": "Movie App",
        "technology": [
          "Kotlin",
          "SQL Lite",
          "Gradle"
        ]
      }
    ]
  },
  {
    "jobId": 66,
    "jobTitle": "Software Engg-2",
    "jobDescription": "To develop android application and web application",
    "experience": [
      "Google",
      "Apple",
      "Mobile Iron"
    ],
    "project": [
      {
        "projectName": "Movie App",
        "technology": [
          "Kotlin",
          "SQL Lite",
          "Gradle"
        ]
      }
    ]
  },
  {
    "jobId": 18,
    "jobTitle": "Software Engg-2",
    "jobDescription": "To develop andriod application",
    "experience": [
      "Google",
      "Apple",
      "Mobile Iron"
    ],
    "project": [
      {
        "projectName": "Movie App",
        "technology": [
          "Kotlin",
          "SQL Lite",
          "Gradle"
        ]
      }
    ]
  },
  {
    "jobId": 42,
    "jobTitle": "Software Engg-2",
    "jobDescription": "To develop andriod application",
    "experience": [
      "Google",
      "Apple",
      "Mobile Iron"
    ],
    "project": [
      {
        "projectName": "Movie App",
        "technology": [
          "Kotlin",
          "SQL Lite",
          "Gradle"
        ]
      }
    ]
  },
  {
    "jobId": 68,
    "jobTitle": "Software Engg-2",
    "jobDescription": "To develop andriod application",
    "experience": [
      "Google",
      "Apple",
      "Mobile Iron"
    ],
    "project": [
      {
        "projectName": "Movie App",
        "technology": [
          "Kotlin",
          "SQL Lite",
          "Gradle"
        ]
      }
    ]
  },
  {
    "jobId": 96,
    "jobTitle": "Software Engg-2",
    "jobDescription": "To develop andriod application",
    "experience": [
      "Google",
      "Apple",
      "Mobile Iron"
    ],
    "project": [
      {
        "projectName": "Movie App",
        "technology": [
          "Kotlin",
          "SQL Lite",
          "Gradle"
        ]
      }
    ]
  },
  {
    "jobId": 59,
    "jobTitle": "Software Engg-2",
    "jobDescription": "To develop android application and web application",
    "experience": [
      "Google",
      "Apple",
      "Mobile Iron"
    ],
    "project": [
      {
        "projectName": "Movie App",
        "technology": [
          "Kotlin",
          "SQL Lite",
          "Gradle"
        ]
      }
    ]
  },
  {
    "jobId": 8,
    "jobTitle": "Software Engg-2",
    "jobDescription": "To develop andriod application",
    "experience": [
      "Google",
      "Apple",
      "Mobile Iron"
    ],
    "project": [
      {
        "projectName": "Movie App",
        "technology": [
          "Kotlin",
          "SQL Lite",
          "Gradle"
        ]
      }
    ]
  },
  {
    "jobId": 32,
    "jobTitle": "Software Engg-2",
    "jobDescription": "To develop andriod application",
    "experience": [
      "Google",
      "Apple",
      "Mobile Iron"
    ],
    "project": [
      {
        "projectName": "Movie App",
        "technology": [
          "Kotlin",
          "SQL Lite",
          "Gradle"
        ]
      }
    ]
  },
  {
    "jobId": 8,
    "jobTitle": "Software Engg-2",
    "jobDescription": "To develop andriod application",
    "experience": [
      "Google",
      "Apple",
      "Mobile Iron"
    ],
    "project": [
      {
        "projectName": "Movie App",
        "technology": [
          "Kotlin",
          "SQL Lite",
          "Gradle"
        ]
      }
    ]
  },
  {
    "jobId": 9980,
    "jobTitle": "Software Engg-2",
    "jobDescription": "To develop android application",
    "experience": [
      "Google",
      "Apple",
      "Mobile Iron"
    ],
    "project": [
      {
        "projectName": "Movie App",
        "technology": [
          "Kotlin",
          "SQL Lite",
          "Gradle"
        ]
      }
    ]
  },
  {
    "jobId": 6,
    "jobTitle": "Software Engg-2",
    "jobDescription": "To develop andriod application",
    "experience": [
      "Google",
      "Apple",
      "Mobile Iron"
    ],
    "project": [
      {
        "projectName": "Movie App",
        "technology": [
          "Kotlin",
          "SQL Lite",
          "Gradle"
        ]
      }
    ]
  },
  {
    "jobId": 57,
    "jobTitle": "Software Engg-3",
    "jobDescription": "To develop andriod application and web application",
    "experience": [
      "Google",
      "Apple",
      "Mobile Iron"
    ],
    "project": [
      {
        "projectName": "Movie App",
        "technology": [
          "Kotlin",
          "SQL Lite",
          "Gradle",
          "Jenkins"
        ]
      },
      {
        "projectName": "Movie App",
        "technology": [
          "Kotlin",
          "SQL Lite",
          "Gradle",
          "Jenkins"
        ]
      }
    ]
  },
  {
    "jobId": 19,
    "jobTitle": "Software Engg-2",
    "jobDescription": "To develop andriod application",
    "experience": [
      "Google",
      "Apple",
      "Mobile Iron"
    ],
    "project": [
      {
        "projectName": "Movie App",
        "technology": [
          "Kotlin",
          "SQL Lite",
          "Gradle"
        ]
      }
    ]
  },
  {
    "jobId": 29,
    "jobTitle": "Software Engg-3",
    "jobDescription": "To develop andriod application and web application",
    "experience": [
      "Google",
      "Apple",
      "Mobile Iron"
    ],
    "project": [
      {
        "projectName": "Movie App",
        "technology": [
          "Kotlin",
          "SQL Lite",
          "Gradle",
          "Jenkins"
        ]
      },
      {
        "projectName": "Movie App",
        "technology": [
          "Kotlin",
          "SQL Lite",
          "Gradle",
          "Jenkins"
        ]
      }
    ]
  },
  {
    "jobId": 90,
    "jobTitle": "Software Engg-2",
    "jobDescription": "To develop android application and web application",
    "experience": [
      "Google",
      "Apple",
      "Mobile Iron"
    ],
    "project": [
      {
        "projectName": "Movie App",
        "technology": [
          "Kotlin",
          "SQL Lite",
          "Gradle"
        ]
      }
    ]
  },
  {
    "jobId": 60,
    "jobTitle": "Software Engg-3",
    "jobDescription": "To develop andriod application and web application",
    "experience": [
      "Google",
      "Apple",
      "Mobile Iron"
    ],
    "project": [
      {
        "projectName": "Movie App",
        "technology": [
          "Kotlin",
          "SQL Lite",
          "Gradle",
          "Jenkins"
        ]
      },
      {
        "projectName": "Movie App",
        "technology": [
          "Kotlin",
          "SQL Lite",
          "Gradle",
          "Jenkins"
        ]
      }
    ]
  },
  {
    "jobId": 92,
    "jobTitle": "Software Engg-2",
    "jobDescription": "To develop android application and web application",
    "experience": [
      "Google",
      "Apple",
      "Mobile Iron"
    ],
    "project": [
      {
        "projectName": "Movie App",
        "technology": [
          "Kotlin",
          "SQL Lite",
          "Gradle"
        ]
      }
    ]
  },
  {
    "jobId": 90,
    "jobTitle": "Software Engg-2",
    "jobDescription": "To develop andriod application",
    "experience": [
      "Google",
      "Apple",
      "Mobile Iron"
    ],
    "project": [
      {
        "projectName": "Movie App",
        "technology": [
          "Kotlin",
          "SQL Lite",
          "Gradle"
        ]
      }
    ]
  },
  {
    "jobId": 25,
    "jobTitle": "Software Engg-2",
    "jobDescription": "To develop andriod application",
    "experience": [
      "Google",
      "Apple",
      "Mobile Iron"
    ],
    "project": [
      {
        "projectName": "Movie App",
        "technology": [
          "Kotlin",
          "SQL Lite",
          "Gradle"
        ]
      }
    ]
  },
  {
    "jobId": 0,
    "jobTitle": "Software Engg-2",
    "jobDescription": "To develop android application and web application",
    "experience": [
      "Google",
      "Apple",
      "Mobile Iron"
    ],
    "project": [
      {
        "projectName": "Movie App",
        "technology": [
          "Kotlin",
          "SQL Lite",
          "Gradle"
        ]
      }
    ]
  },
  {
    "jobId": 53,
    "jobTitle": "Software Engg-2",
    "jobDescription": "To develop andriod application",
    "experience": [
      "Google",
      "Apple",
      "Mobile Iron"
    ],
    "project": [
      {
        "projectName": "Movie App",
        "technology": [
          "Kotlin",
          "SQL Lite",
          "Gradle"
        ]
      }
    ]
  },
  {
    "jobId": 37,
    "jobTitle": "Software Engg-2",
    "jobDescription": "To develop android application and web application",
    "experience": [
      "Google",
      "Apple",
      "Mobile Iron"
    ],
    "project": [
      {
        "projectName": "Movie App",
        "technology": [
          "Kotlin",
          "SQL Lite",
          "Gradle"
        ]
      }
    ]
  },
  {
    "jobId": 41,
    "jobTitle": "Software Engg-2",
    "jobDescription": "To develop andriod application",
    "experience": [
      "Google",
      "Apple",
      "Mobile Iron"
    ],
    "project": [
      {
        "projectName": "Movie App",
        "technology": [
          "Kotlin",
          "SQL Lite",
          "Gradle"
        ]
      }
    ]
  },
  {
    "jobId": 40,
    "jobTitle": "Software Engg-2",
    "jobDescription": "To develop andriod application",
    "experience": [
      "Google",
      "Apple",
      "Mobile Iron"
    ],
    "project": [
      {
        "projectName": "Movie App",
        "technology": [
          "Kotlin",
          "SQL Lite",
          "Gradle"
        ]
      }
    ]
  },
  {
    "jobId": 0,
    "jobTitle": "Software Engg-2",
    "jobDescription": "To develop andriod application",
    "experience": [
      "Google",
      "Apple",
      "Mobile Iron"
    ],
    "project": [
      {
        "projectName": "Movie App",
        "technology": [
          "Kotlin",
          "SQL Lite",
          "Gradle"
        ]
      }
    ]
  },
  {
    "jobId": 76,
    "jobTitle": "Software Engg-2",
    "jobDescription": "To develop andriod application",
    "experience": [
      "Google",
      "Apple",
      "Mobile Iron"
    ],
    "project": [
      {
        "projectName": "Movie App",
        "technology": [
          "Kotlin",
          "SQL Lite",
          "Gradle"
        ]
      }
    ]
  },
  {
    "jobId": 49,
    "jobTitle": "Software Engg-2",
    "jobDescription": "To develop andriod application",
    "experience": [
      "Google",
      "Apple",
      "Mobile Iron"
    ],
    "project": [
      {
        "projectName": "Movie App",
        "technology": [
          "Kotlin",
          "SQL Lite",
          "Gradle"
        ]
      }
    ]
  },
  {
    "jobId": 9980,
    "jobTitle": "Software Engg-2",
    "jobDescription": "To develop android application",
    "experience": [
      "Google",
      "Apple",
      "Mobile Iron"
    ],
    "project": [
      {
        "projectName": "Movie App",
        "technology": [
          "Kotlin",
          "SQL Lite",
          "Gradle"
        ]
      }
    ]
  },
  {
    "jobId": 8,
    "jobTitle": "Software Engg-2",
    "jobDescription": "To develop andriod application",
    "experience": [
      "Google",
      "Apple",
      "Mobile Iron"
    ],
    "project": [
      {
        "projectName": "Movie App",
        "technology": [
          "Kotlin",
          "SQL Lite",
          "Gradle"
        ]
      }
    ]
  },
  {
    "jobId": 79,
    "jobTitle": "Software Engg-2",
    "jobDescription": "To develop andriod application",
    "experience": [
      "Google",
      "Apple",
      "Mobile Iron"
    ],
    "project": [
      {
        "projectName": "Movie App",
        "technology": [
          "Kotlin",
          "SQL Lite",
          "Gradle"
        ]
      }
    ]
  },
  {
    "jobId": 8,
    "jobTitle": "Software Engg-2",
    "jobDescription": "To develop andriod application",
    "experience": [
      "Google",
      "Apple",
      "Mobile Iron"
    ],
    "project": [
      {
        "projectName": "Movie App",
        "technology": [
          "Kotlin",
          "SQL Lite",
          "Gradle"
        ]
      }
    ]
  },
  {
    "jobId": 39,
    "jobTitle": "Software Engg-3",
    "jobDescription": "To develop andriod application and web application",
    "experience": [
      "Google",
      "Apple",
      "Mobile Iron"
    ],
    "project": [
      {
        "projectName": "Movie App",
        "technology": [
          "Kotlin",
          "SQL Lite",
          "Gradle",
          "Jenkins"
        ]
      },
      {
        "projectName": "Movie App",
        "technology": [
          "Kotlin",
          "SQL Lite",
          "Gradle",
          "Jenkins"
        ]
      }
    ]
  },
  {
    "jobId": 96,
    "jobTitle": "Software Engg-2",
    "jobDescription": "To develop andriod application",
    "experience": [
      "Google",
      "Apple",
      "Mobile Iron"
    ],
    "project": [
      {
        "projectName": "Movie App",
        "technology": [
          "Kotlin",
          "SQL Lite",
          "Gradle"
        ]
      }
    ]
  },
  {
    "jobId": 28,
    "jobTitle": "Software Engg-3",
    "jobDescription": "To develop andriod application and web application",
    "experience": [
      "Google",
      "Apple",
      "Mobile Iron"
    ],
    "project": [
      {
        "projectName": "Movie App",
        "technology": [
          "Kotlin",
          "SQL Lite",
          "Gradle",
          "Jenkins"
        ]
      },
      {
        "projectName": "Movie App",
        "technology": [
          "Kotlin",
          "SQL Lite",
          "Gradle",
          "Jenkins"
        ]
      }
    ]
  },
  {
    "jobId": 80,
    "jobTitle": "Software Engg-2",
    "jobDescription": "To develop andriod application",
    "experience": [
      "Google",
      "Apple",
      "Mobile Iron"
    ],
    "project": [
      {
        "projectName": "Movie App",
        "technology": [
          "Kotlin",
          "SQL Lite",
          "Gradle"
        ]
      }
    ]
  },
  {
    "jobId": 130,
    "jobTitle": "Software Engg-3",
    "jobDescription": "To develop andriod application and web application",
    "experience": [
      "Google",
      "Apple",
      "Mobile Iron"
    ],
    "project": [
      {
        "projectName": "Movie App",
        "technology": [
          "Kotlin",
          "SQL Lite",
          "Gradle",
          "Jenkins"
        ]
      },
      {
        "projectName": "Movie App",
        "technology": [
          "Kotlin",
          "SQL Lite",
          "Gradle",
          "Jenkins"
        ]
      }
    ]
  },
  {
    "jobId": 74,
    "jobTitle": "Software Engg-3",
    "jobDescription": "To develop andriod application and web application",
    "experience": [
      "Google",
      "Apple",
      "Mobile Iron"
    ],
    "project": [
      {
        "projectName": "Movie App",
        "technology": [
          "Kotlin",
          "SQL Lite",
          "Gradle",
          "Jenkins"
        ]
      },
      {
        "projectName": "Movie App",
        "technology": [
          "Kotlin",
          "SQL Lite",
          "Gradle",
          "Jenkins"
        ]
      }
    ]
  },
  {
    "jobId": 10,
    "jobTitle": "Software Engg-2",
    "jobDescription": "To develop andriod application",
    "experience": [
      "Google",
      "Apple",
      "Mobile Iron"
    ],
    "project": [
      {
        "projectName": "Movie App",
        "technology": [
          "Kotlin",
          "SQL Lite",
          "Gradle"
        ]
      }
    ]
  },
  {
    "jobId": 77,
    "jobTitle": "Software Engg-2",
    "jobDescription": "To develop andriod application",
    "experience": [
      "Google",
      "Apple",
      "Mobile Iron"
    ],
    "project": [
      {
        "projectName": "Movie App",
        "technology": [
          "Kotlin",
          "SQL Lite",
          "Gradle"
        ]
      }
    ]
  },
  {
    "jobId": 26,
    "jobTitle": "Software Engg-2",
    "jobDescription": "To develop andriod application",
    "experience": [
      "Google",
      "Apple",
      "Mobile Iron"
    ],
    "project": [
      {
        "projectName": "Movie App",
        "technology": [
          "Kotlin",
          "SQL Lite",
          "Gradle"
        ]
      }
    ]
  }
]
 
01:15:28.356 [pool-1-thread-5] INFO  com.intuit.karate - karate.env system property was: null 
01:15:28.362 [pool-1-thread-5] DEBUG com.intuit.karate - request:
1 > GET http://localhost:9897/normal/webapi/all
1 > Accept: application/xml
1 > Host: localhost:9897
1 > Connection: Keep-Alive
1 > User-Agent: Apache-HttpClient/4.5.13 (Java/11.0.13)
1 > Accept-Encoding: gzip,deflate


01:15:28.391 [pool-1-thread-1] INFO  com.intuit.karate - [print] Jobtitle ==> [
  "Software Engg",
  "Software Engg-2"
]
 
01:15:28.395 [pool-1-thread-3] DEBUG com.intuit.karate - response time in milliseconds: 67
1 < 200
1 < X-Content-Type-Options: nosniff
1 < X-XSS-Protection: 1; mode=block
1 < Cache-Control: no-cache, no-store, max-age=0, must-revalidate
1 < Pragma: no-cache
1 < Expires: 0
1 < X-Frame-Options: DENY
1 < Content-Type: application/json
1 < Transfer-Encoding: chunked
1 < Date: Wed, 19 Jan 2022 19:45:28 GMT
1 < Keep-Alive: timeout=60
1 < Connection: keep-alive
[{"jobId":1,"jobTitle":"Software Engg","jobDescription":"To develop andriod application","experience":["Google","Apple","Mobile Iron"],"project":[{"projectName":"Movie App","technology":["Kotlin","SQL Lite","Gradle"]}]},{"jobId":68,"jobTitle":"Software Engg-2","jobDescription":"To develop android application and web application","experience":["Google","Apple","Mobile Iron"],"project":[{"projectName":"Movie App","technology":["Kotlin","SQL Lite","Gradle","Jenkins"]},{"projectName":"Movie App","technology":["Kotlin","SQL Lite","Gradle","Jenkins"]}]},{"jobId":34,"jobTitle":"Software Engg-3","jobDescription":"To develop andriod application and web application","experience":["Google","Apple","Mobile Iron"],"project":[{"projectName":"Movie App","technology":["Kotlin","SQL Lite","Gradle","Jenkins"]},{"projectName":"Movie App","technology":["Kotlin","SQL Lite","Gradle","Jenkins"]}]},{"jobId":41,"jobTitle":"Software Engg-2","jobDescription":"To develop android application and web application","experience":["Google","Apple","Mobile Iron"],"project":[{"projectName":"Movie App","technology":["Kotlin","SQL Lite","Gradle","Jenkins"]},{"projectName":"Movie App","technology":["Kotlin","SQL Lite","Gradle","Jenkins"]}]},{"jobId":12,"jobTitle":"Software Engg-2","jobDescription":"To develop andriod application","experience":["Google","Apple","Mobile Iron"],"project":[{"projectName":"Movie App","technology":["Kotlin","SQL Lite","Gradle"]}]},{"jobId":73,"jobTitle":"Software Engg-3","jobDescription":"To develop andriod application and web application","experience":["Google","Apple","Mobile Iron"],"project":[{"projectName":"Movie App","technology":["Kotlin","SQL Lite","Gradle","Jenkins"]},{"projectName":"Movie App","technology":["Kotlin","SQL Lite","Gradle","Jenkins"]}]},{"jobId":99999,"jobTitle":"Software Engg-2","jobDescription":"To develop andriod application","experience":["Google","Apple","Mobile Iron"],"project":[{"projectName":"Movie App","technology":["Kotlin","SQL Lite","Gradle"]}]},{"jobId":38,"jobTitle":"Software Engg-3","jobDescription":"To develop andriod application and web application","experience":["Google","Apple","Mobile Iron"],"project":[{"projectName":"Movie App","technology":["Kotlin","SQL Lite","Gradle","Jenkins"]},{"projectName":"Movie App","technology":["Kotlin","SQL Lite","Gradle","Jenkins"]}]},{"jobId":96,"jobTitle":"Software Engg-3","jobDescription":"To develop andriod application and web application","experience":["Google","Apple","Mobile Iron"],"project":[{"projectName":"Movie App","technology":["Kotlin","SQL Lite","Gradle","Jenkins"]},{"projectName":"Movie App","technology":["Kotlin","SQL Lite","Gradle","Jenkins"]}]},{"jobId":48,"jobTitle":"Software Engg-2","jobDescription":"To develop andriod application","experience":["Google","Apple","Mobile Iron"],"project":[{"projectName":"Movie App","technology":["Kotlin","SQL Lite","Gradle"]}]},{"jobId":6,"jobTitle":"Software Engg-3","jobDescription":"To develop andriod application and web application","experience":["Google","Apple","Mobile Iron"],"project":[{"projectName":"Movie App","technology":["Kotlin","SQL Lite","Gradle","Jenkins"]},{"projectName":"Movie App","technology":["Kotlin","SQL Lite","Gradle","Jenkins"]}]},{"jobId":88,"jobTitle":"Software Engg-2","jobDescription":"To develop android application and web application","experience":["Google","Apple","Mobile Iron"],"project":[{"projectName":"Movie App","technology":["Kotlin","SQL Lite","Gradle"]}]},{"jobId":9,"jobTitle":"Software Engg-3","jobDescription":"To develop andriod application and web application","experience":["Google","Apple","Mobile Iron"],"project":[{"projectName":"Movie App","technology":["Kotlin","SQL Lite","Gradle","Jenkins"]},{"projectName":"Movie App","technology":["Kotlin","SQL Lite","Gradle","Jenkins"]}]},{"jobId":8,"jobTitle":"Software Engg-2","jobDescription":"To develop andriod application","experience":["Google","Apple","Mobile Iron"],"project":[{"projectName":"Movie App","technology":["Kotlin","SQL Lite","Gradle"]}]},{"jobId":7,"jobTitle":"Software Engg-3","jobDescription":"To develop andriod application and web application","experience":["Google","Apple","Mobile Iron"],"project":[{"projectName":"Movie App","technology":["Kotlin","SQL Lite","Gradle","Jenkins"]},{"projectName":"Movie App","technology":["Kotlin","SQL Lite","Gradle","Jenkins"]}]},{"jobId":13,"jobTitle":"Software Engg-2","jobDescription":"To develop andriod application","experience":["Google","Apple","Mobile Iron"],"project":[{"projectName":"Movie App","technology":["Kotlin","SQL Lite","Gradle"]}]},{"jobId":53,"jobTitle":"Software Engg-2","jobDescription":"To develop android application and web application","experience":["Google","Apple","Mobile Iron"],"project":[{"projectName":"Movie App","technology":["Kotlin","SQL Lite","Gradle"]}]},{"jobId":8,"jobTitle":"Software Engg-2","jobDescription":"To develop andriod application","experience":["Google","Apple","Mobile Iron"],"project":[{"projectName":"Movie App","technology":["Kotlin","SQL Lite","Gradle"]}]},{"jobId":8,"jobTitle":"Software Engg-2","jobDescription":"To develop andriod application","experience":["Google","Apple","Mobile Iron"],"project":[{"projectName":"Movie App","technology":["Kotlin","SQL Lite","Gradle"]}]},{"jobId":9980,"jobTitle":"Software Engg-2","jobDescription":"To develop android application","experience":["Google","Apple","Mobile Iron"],"project":[{"projectName":"Movie App","technology":["Kotlin","SQL Lite","Gradle"]}]},{"jobId":80,"jobTitle":"Software Engg-2","jobDescription":"To develop andriod application","experience":["Google","Apple","Mobile Iron"],"project":[{"projectName":"Movie App","technology":["Kotlin","SQL Lite","Gradle"]}]},{"jobId":49,"jobTitle":"Software Engg-2","jobDescription":"To develop android application and web application","experience":["Google","Apple","Mobile Iron"],"project":[{"projectName":"Movie App","technology":["Kotlin","SQL Lite","Gradle","Jenkins"]},{"projectName":"Movie App","technology":["Kotlin","SQL Lite","Gradle","Jenkins"]}]},{"jobId":82,"jobTitle":"Software Engg-3","jobDescription":"To develop andriod application and web application","experience":["Google","Apple","Mobile Iron"],"project":[{"projectName":"Movie App","technology":["Kotlin","SQL Lite","Gradle","Jenkins"]},{"projectName":"Movie App","technology":["Kotlin","SQL Lite","Gradle","Jenkins"]}]},{"jobId":45,"jobTitle":"Software Engg-3","jobDescription":"To develop andriod application and web application","experience":["Google","Apple","Mobile Iron"],"project":[{"projectName":"Movie App","technology":["Kotlin","SQL Lite","Gradle","Jenkins"]},{"projectName":"Movie App","technology":["Kotlin","SQL Lite","Gradle","Jenkins"]}]},{"jobId":26,"jobTitle":"Software Engg-2","jobDescription":"To develop andriod application","experience":["Google","Apple","Mobile Iron"],"project":[{"projectName":"Movie App","technology":["Kotlin","SQL Lite","Gradle"]}]},{"jobId":8,"jobTitle":"Software Engg-2","jobDescription":"To develop andriod application","experience":["Google","Apple","Mobile Iron"],"project":[{"projectName":"Movie App","technology":["Kotlin","SQL Lite","Gradle"]}]},{"jobId":75,"jobTitle":"Software Engg-2","jobDescription":"To develop andriod application","experience":["Google","Apple","Mobile Iron"],"project":[{"projectName":"Movie App","technology":["Kotlin","SQL Lite","Gradle"]}]},{"jobId":8,"jobTitle":"Software Engg-2","jobDescription":"To develop andriod application","experience":["Google","Apple","Mobile Iron"],"project":[{"projectName":"Movie App","technology":["Kotlin","SQL Lite","Gradle"]}]},{"jobId":9980,"jobTitle":"Software Engg-2","jobDescription":"To develop android application","experience":["Google","Apple","Mobile Iron"],"project":[{"projectName":"Movie App","technology":["Kotlin","SQL Lite","Gradle"]}]},{"jobId":84,"jobTitle":"Software Engg-2","jobDescription":"To develop andriod application","experience":["Google","Apple","Mobile Iron"],"project":[{"projectName":"Movie App","technology":["Kotlin","SQL Lite","Gradle"]}]},{"jobId":31,"jobTitle":"Software Engg-3","jobDescription":"To develop andriod application and web application","experience":["Google","Apple","Mobile Iron"],"project":[{"projectName":"Movie App","technology":["Kotlin","SQL Lite","Gradle","Jenkins"]},{"projectName":"Movie App","technology":["Kotlin","SQL Lite","Gradle","Jenkins"]}]},{"jobId":87,"jobTitle":"Software Engg-2","jobDescription":"To develop andriod application","experience":["Google","Apple","Mobile Iron"],"project":[{"projectName":"Movie App","technology":["Kotlin","SQL Lite","Gradle"]}]},{"jobId":93,"jobTitle":"Software Engg-3","jobDescription":"To develop andriod application and web application","experience":["Google","Apple","Mobile Iron"],"project":[{"projectName":"Movie App","technology":["Kotlin","SQL Lite","Gradle","Jenkins"]},{"projectName":"Movie App","technology":["Kotlin","SQL Lite","Gradle","Jenkins"]}]},{"jobId":53,"jobTitle":"Software Engg-2","jobDescription":"To develop andriod application","experience":["Google","Apple","Mobile Iron"],"project":[{"projectName":"Movie App","technology":["Kotlin","SQL Lite","Gradle"]}]},{"jobId":51,"jobTitle":"Software Engg-2","jobDescription":"To develop andriod application","experience":["Google","Apple","Mobile Iron"],"project":[{"projectName":"Movie App","technology":["Kotlin","SQL Lite","Gradle"]}]},{"jobId":19,"jobTitle":"Software Engg-2","jobDescription":"To develop andriod application","experience":["Google","Apple","Mobile Iron"],"project":[{"projectName":"Movie App","technology":["Kotlin","SQL Lite","Gradle"]}]},{"jobId":93,"jobTitle":"Software Engg-2","jobDescription":"To develop andriod application","experience":["Google","Apple","Mobile Iron"],"project":[{"projectName":"Movie App","technology":["Kotlin","SQL Lite","Gradle"]}]},{"jobId":32,"jobTitle":"Software Engg-2","jobDescription":"To develop android application and web application","experience":["Google","Apple","Mobile Iron"],"project":[{"projectName":"Movie App","technology":["Kotlin","SQL Lite","Gradle"]}]},{"jobId":71,"jobTitle":"Software Engg-2","jobDescription":"To develop android application and web application","experience":["Google","Apple","Mobile Iron"],"project":[{"projectName":"Movie App","technology":["Kotlin","SQL Lite","Gradle"]}]},{"jobId":23,"jobTitle":"Software Engg-2","jobDescription":"To develop android application and web application","experience":["Google","Apple","Mobile Iron"],"project":[{"projectName":"Movie App","technology":["Kotlin","SQL Lite","Gradle"]}]},{"jobId":31,"jobTitle":"Software Engg-2","jobDescription":"To develop andriod application","experience":["Google","Apple","Mobile Iron"],"project":[{"projectName":"Movie App","technology":["Kotlin","SQL Lite","Gradle"]}]},{"jobId":10,"jobTitle":"Software Engg-2","jobDescription":"To develop andriod application","experience":["Google","Apple","Mobile Iron"],"project":[{"projectName":"Movie App","technology":["Kotlin","SQL Lite","Gradle"]}]},{"jobId":8,"jobTitle":"Software Engg-2","jobDescription":"To develop andriod application","experience":["Google","Apple","Mobile Iron"],"project":[{"projectName":"Movie App","technology":["Kotlin","SQL Lite","Gradle"]}]},{"jobId":38,"jobTitle":"Software Engg-2","jobDescription":"To develop andriod application","experience":["Google","Apple","Mobile Iron"],"project":[{"projectName":"Movie App","technology":["Kotlin","SQL Lite","Gradle"]}]},{"jobId":8,"jobTitle":"Software Engg-2","jobDescription":"To develop andriod application","experience":["Google","Apple","Mobile Iron"],"project":[{"projectName":"Movie App","technology":["Kotlin","SQL Lite","Gradle"]}]},{"jobId":9980,"jobTitle":"Software Engg-2","jobDescription":"To develop android application","experience":["Google","Apple","Mobile Iron"],"project":[{"projectName":"Movie App","technology":["Kotlin","SQL Lite","Gradle"]}]},{"jobId":5,"jobTitle":"Software Engg-3","jobDescription":"To develop andriod application and web application","experience":["Google","Apple","Mobile Iron"],"project":[{"projectName":"Movie App","technology":["Kotlin","SQL Lite","Gradle","Jenkins"]},{"projectName":"Movie App","technology":["Kotlin","SQL Lite","Gradle","Jenkins"]}]},{"jobId":16,"jobTitle":"Software Engg-3","jobDescription":"To develop andriod application and web application","experience":["Google","Apple","Mobile Iron"],"project":[{"projectName":"Movie App","technology":["Kotlin","SQL Lite","Gradle","Jenkins"]},{"projectName":"Movie App","technology":["Kotlin","SQL Lite","Gradle","Jenkins"]}]},{"jobId":1,"jobTitle":"Software Engg-2","jobDescription":"To develop andriod application","experience":["Google","Apple","Mobile Iron"],"project":[{"projectName":"Movie App","technology":["Kotlin","SQL Lite","Gradle"]}]},{"jobId":7,"jobTitle":"Software Engg-2","jobDescription":"To develop andriod application","experience":["Google","Apple","Mobile Iron"],"project":[{"projectName":"Movie App","technology":["Kotlin","SQL Lite","Gradle"]}]},{"jobId":35,"jobTitle":"Software Engg-2","jobDescription":"To develop android application and web application","experience":["Google","Apple","Mobile Iron"],"project":[{"projectName":"Movie App","technology":["Kotlin","SQL Lite","Gradle"]}]},{"jobId":48,"jobTitle":"Software Engg-2","jobDescription":"To develop andriod application","experience":["Google","Apple","Mobile Iron"],"project":[{"projectName":"Movie App","technology":["Kotlin","SQL Lite","Gradle"]}]},{"jobId":2,"jobTitle":"Software Engg-2","jobDescription":"To develop andriod application","experience":["Google","Apple","Mobile Iron"],"project":[{"projectName":"Movie App","technology":["Kotlin","SQL Lite","Gradle"]}]},{"jobId":88,"jobTitle":"Software Engg-2","jobDescription":"To develop andriod application","experience":["Google","Apple","Mobile Iron"],"project":[{"projectName":"Movie App","technology":["Kotlin","SQL Lite","Gradle"]}]},{"jobId":21,"jobTitle":"Software Engg-2","jobDescription":"To develop andriod application","experience":["Google","Apple","Mobile Iron"],"project":[{"projectName":"Movie App","technology":["Kotlin","SQL Lite","Gradle"]}]},{"jobId":71,"jobTitle":"Software Engg-2","jobDescription":"To develop andriod application","experience":["Google","Apple","Mobile Iron"],"project":[{"projectName":"Movie App","technology":["Kotlin","SQL Lite","Gradle"]}]},{"jobId":8,"jobTitle":"Software Engg-2","jobDescription":"To develop andriod application","experience":["Google","Apple","Mobile Iron"],"project":[{"projectName":"Movie App","technology":["Kotlin","SQL Lite","Gradle"]}]},{"jobId":94,"jobTitle":"Software Engg-2","jobDescription":"To develop andriod application","experience":["Google","Apple","Mobile Iron"],"project":[{"projectName":"Movie App","technology":["Kotlin","SQL Lite","Gradle"]}]},{"jobId":8,"jobTitle":"Software Engg-2","jobDescription":"To develop andriod application","experience":["Google","Apple","Mobile Iron"],"project":[{"projectName":"Movie App","technology":["Kotlin","SQL Lite","Gradle"]}]},{"jobId":9980,"jobTitle":"Software Engg-2","jobDescription":"To develop android application","experience":["Google","Apple","Mobile Iron"],"project":[{"projectName":"Movie App","technology":["Kotlin","SQL Lite","Gradle"]}]},{"jobId":89,"jobTitle":"Software Engg-3","jobDescription":"To develop andriod application and web application","experience":["Google","Apple","Mobile Iron"],"project":[{"projectName":"Movie App","technology":["Kotlin","SQL Lite","Gradle","Jenkins"]},{"projectName":"Movie App","technology":["Kotlin","SQL Lite","Gradle","Jenkins"]}]},{"jobId":35,"jobTitle":"Software Engg-2","jobDescription":"To develop andriod application","experience":["Google","Apple","Mobile Iron"],"project":[{"projectName":"Movie App","technology":["Kotlin","SQL Lite","Gradle"]}]},{"jobId":77,"jobTitle":"Software Engg-2","jobDescription":"To develop android application and web application","experience":["Google","Apple","Mobile Iron"],"project":[{"projectName":"Movie App","technology":["Kotlin","SQL Lite","Gradle"]}]},{"jobId":50,"jobTitle":"Software Engg-3","jobDescription":"To develop andriod application and web application","experience":["Google","Apple","Mobile Iron"],"project":[{"projectName":"Movie App","technology":["Kotlin","SQL Lite","Gradle","Jenkins"]},{"projectName":"Movie App","technology":["Kotlin","SQL Lite","Gradle","Jenkins"]}]},{"jobId":33,"jobTitle":"Software Engg-2","jobDescription":"To develop andriod application","experience":["Google","Apple","Mobile Iron"],"project":[{"projectName":"Movie App","technology":["Kotlin","SQL Lite","Gradle"]}]},{"jobId":78,"jobTitle":"Software Engg-2","jobDescription":"To develop android application and web application","experience":["Google","Apple","Mobile Iron"],"project":[{"projectName":"Movie App","technology":["Kotlin","SQL Lite","Gradle"]}]},{"jobId":3,"jobTitle":"Software Engg-2","jobDescription":"To develop android application and web application","experience":["Google","Apple","Mobile Iron"],"project":[{"projectName":"Movie App","technology":["Kotlin","SQL Lite","Gradle"]}]},{"jobId":18,"jobTitle":"Software Engg-2","jobDescription":"To develop android application and web application","experience":["Google","Apple","Mobile Iron"],"project":[{"projectName":"Movie App","technology":["Kotlin","SQL Lite","Gradle"]}]},{"jobId":4,"jobTitle":"Software Engg-2","jobDescription":"To develop android application and web application","experience":["Google","Apple","Mobile Iron"],"project":[{"projectName":"Movie App","technology":["Kotlin","SQL Lite","Gradle"]}]},{"jobId":8,"jobTitle":"Software Engg-2","jobDescription":"To develop andriod application","experience":["Google","Apple","Mobile Iron"],"project":[{"projectName":"Movie App","technology":["Kotlin","SQL Lite","Gradle"]}]},{"jobId":9980,"jobTitle":"Software Engg-2","jobDescription":"To develop android application","experience":["Google","Apple","Mobile Iron"],"project":[{"projectName":"Movie App","technology":["Kotlin","SQL Lite","Gradle"]}]},{"jobId":8,"jobTitle":"Software Engg-2","jobDescription":"To develop andriod application","experience":["Google","Apple","Mobile Iron"],"project":[{"projectName":"Movie App","technology":["Kotlin","SQL Lite","Gradle"]}]},{"jobId":17,"jobTitle":"Software Engg-3","jobDescription":"To develop andriod application and web application","experience":["Google","Apple","Mobile Iron"],"project":[{"projectName":"Movie App","technology":["Kotlin","SQL Lite","Gradle","Jenkins"]},{"projectName":"Movie App","technology":["Kotlin","SQL Lite","Gradle","Jenkins"]}]},{"jobId":94,"jobTitle":"Software Engg-2","jobDescription":"To develop andriod application","experience":["Google","Apple","Mobile Iron"],"project":[{"projectName":"Movie App","technology":["Kotlin","SQL Lite","Gradle"]}]},{"jobId":83,"jobTitle":"Software Engg-3","jobDescription":"To develop andriod application and web application","experience":["Google","Apple","Mobile Iron"],"project":[{"projectName":"Movie App","technology":["Kotlin","SQL Lite","Gradle","Jenkins"]},{"projectName":"Movie App","technology":["Kotlin","SQL Lite","Gradle","Jenkins"]}]},{"jobId":75,"jobTitle":"Software Engg-2","jobDescription":"To develop andriod application","experience":["Google","Apple","Mobile Iron"],"project":[{"projectName":"Movie App","technology":["Kotlin","SQL Lite","Gradle"]}]},{"jobId":86,"jobTitle":"Software Engg-3","jobDescription":"To develop andriod application and web application","experience":["Google","Apple","Mobile Iron"],"project":[{"projectName":"Movie App","technology":["Kotlin","SQL Lite","Gradle","Jenkins"]},{"projectName":"Movie App","technology":["Kotlin","SQL Lite","Gradle","Jenkins"]}]},{"jobId":40,"jobTitle":"Software Engg-2","jobDescription":"To develop android application and web application","experience":["Google","Apple","Mobile Iron"],"project":[{"projectName":"Movie App","technology":["Kotlin","SQL Lite","Gradle"]}]},{"jobId":66,"jobTitle":"Software Engg-2","jobDescription":"To develop android application and web application","experience":["Google","Apple","Mobile Iron"],"project":[{"projectName":"Movie App","technology":["Kotlin","SQL Lite","Gradle"]}]},{"jobId":18,"jobTitle":"Software Engg-2","jobDescription":"To develop andriod application","experience":["Google","Apple","Mobile Iron"],"project":[{"projectName":"Movie App","technology":["Kotlin","SQL Lite","Gradle"]}]},{"jobId":42,"jobTitle":"Software Engg-2","jobDescription":"To develop andriod application","experience":["Google","Apple","Mobile Iron"],"project":[{"projectName":"Movie App","technology":["Kotlin","SQL Lite","Gradle"]}]},{"jobId":68,"jobTitle":"Software Engg-2","jobDescription":"To develop andriod application","experience":["Google","Apple","Mobile Iron"],"project":[{"projectName":"Movie App","technology":["Kotlin","SQL Lite","Gradle"]}]},{"jobId":96,"jobTitle":"Software Engg-2","jobDescription":"To develop andriod application","experience":["Google","Apple","Mobile Iron"],"project":[{"projectName":"Movie App","technology":["Kotlin","SQL Lite","Gradle"]}]},{"jobId":59,"jobTitle":"Software Engg-2","jobDescription":"To develop android application and web application","experience":["Google","Apple","Mobile Iron"],"project":[{"projectName":"Movie App","technology":["Kotlin","SQL Lite","Gradle"]}]},{"jobId":8,"jobTitle":"Software Engg-2","jobDescription":"To develop andriod application","experience":["Google","Apple","Mobile Iron"],"project":[{"projectName":"Movie App","technology":["Kotlin","SQL Lite","Gradle"]}]},{"jobId":32,"jobTitle":"Software Engg-2","jobDescription":"To develop andriod application","experience":["Google","Apple","Mobile Iron"],"project":[{"projectName":"Movie App","technology":["Kotlin","SQL Lite","Gradle"]}]},{"jobId":8,"jobTitle":"Software Engg-2","jobDescription":"To develop andriod application","experience":["Google","Apple","Mobile Iron"],"project":[{"projectName":"Movie App","technology":["Kotlin","SQL Lite","Gradle"]}]},{"jobId":9980,"jobTitle":"Software Engg-2","jobDescription":"To develop android application","experience":["Google","Apple","Mobile Iron"],"project":[{"projectName":"Movie App","technology":["Kotlin","SQL Lite","Gradle"]}]},{"jobId":6,"jobTitle":"Software Engg-2","jobDescription":"To develop andriod application","experience":["Google","Apple","Mobile Iron"],"project":[{"projectName":"Movie App","technology":["Kotlin","SQL Lite","Gradle"]}]},{"jobId":57,"jobTitle":"Software Engg-3","jobDescription":"To develop andriod application and web application","experience":["Google","Apple","Mobile Iron"],"project":[{"projectName":"Movie App","technology":["Kotlin","SQL Lite","Gradle","Jenkins"]},{"projectName":"Movie App","technology":["Kotlin","SQL Lite","Gradle","Jenkins"]}]},{"jobId":19,"jobTitle":"Software Engg-2","jobDescription":"To develop andriod application","experience":["Google","Apple","Mobile Iron"],"project":[{"projectName":"Movie App","technology":["Kotlin","SQL Lite","Gradle"]}]},{"jobId":29,"jobTitle":"Software Engg-3","jobDescription":"To develop andriod application and web application","experience":["Google","Apple","Mobile Iron"],"project":[{"projectName":"Movie App","technology":["Kotlin","SQL Lite","Gradle","Jenkins"]},{"projectName":"Movie App","technology":["Kotlin","SQL Lite","Gradle","Jenkins"]}]},{"jobId":90,"jobTitle":"Software Engg-2","jobDescription":"To develop android application and web application","experience":["Google","Apple","Mobile Iron"],"project":[{"projectName":"Movie App","technology":["Kotlin","SQL Lite","Gradle"]}]},{"jobId":60,"jobTitle":"Software Engg-3","jobDescription":"To develop andriod application and web application","experience":["Google","Apple","Mobile Iron"],"project":[{"projectName":"Movie App","technology":["Kotlin","SQL Lite","Gradle","Jenkins"]},{"projectName":"Movie App","technology":["Kotlin","SQL Lite","Gradle","Jenkins"]}]},{"jobId":92,"jobTitle":"Software Engg-2","jobDescription":"To develop android application and web application","experience":["Google","Apple","Mobile Iron"],"project":[{"projectName":"Movie App","technology":["Kotlin","SQL Lite","Gradle"]}]},{"jobId":90,"jobTitle":"Software Engg-2","jobDescription":"To develop andriod application","experience":["Google","Apple","Mobile Iron"],"project":[{"projectName":"Movie App","technology":["Kotlin","SQL Lite","Gradle"]}]},{"jobId":25,"jobTitle":"Software Engg-2","jobDescription":"To develop andriod application","experience":["Google","Apple","Mobile Iron"],"project":[{"projectName":"Movie App","technology":["Kotlin","SQL Lite","Gradle"]}]},{"jobId":0,"jobTitle":"Software Engg-2","jobDescription":"To develop android application and web application","experience":["Google","Apple","Mobile Iron"],"project":[{"projectName":"Movie App","technology":["Kotlin","SQL Lite","Gradle"]}]},{"jobId":53,"jobTitle":"Software Engg-2","jobDescription":"To develop andriod application","experience":["Google","Apple","Mobile Iron"],"project":[{"projectName":"Movie App","technology":["Kotlin","SQL Lite","Gradle"]}]},{"jobId":37,"jobTitle":"Software Engg-2","jobDescription":"To develop android application and web application","experience":["Google","Apple","Mobile Iron"],"project":[{"projectName":"Movie App","technology":["Kotlin","SQL Lite","Gradle"]}]},{"jobId":41,"jobTitle":"Software Engg-2","jobDescription":"To develop andriod application","experience":["Google","Apple","Mobile Iron"],"project":[{"projectName":"Movie App","technology":["Kotlin","SQL Lite","Gradle"]}]},{"jobId":40,"jobTitle":"Software Engg-2","jobDescription":"To develop andriod application","experience":["Google","Apple","Mobile Iron"],"project":[{"projectName":"Movie App","technology":["Kotlin","SQL Lite","Gradle"]}]},{"jobId":0,"jobTitle":"Software Engg-2","jobDescription":"To develop andriod application","experience":["Google","Apple","Mobile Iron"],"project":[{"projectName":"Movie App","technology":["Kotlin","SQL Lite","Gradle"]}]},{"jobId":76,"jobTitle":"Software Engg-2","jobDescription":"To develop andriod application","experience":["Google","Apple","Mobile Iron"],"project":[{"projectName":"Movie App","technology":["Kotlin","SQL Lite","Gradle"]}]},{"jobId":49,"jobTitle":"Software Engg-2","jobDescription":"To develop andriod application","experience":["Google","Apple","Mobile Iron"],"project":[{"projectName":"Movie App","technology":["Kotlin","SQL Lite","Gradle"]}]},{"jobId":9980,"jobTitle":"Software Engg-2","jobDescription":"To develop android application","experience":["Google","Apple","Mobile Iron"],"project":[{"projectName":"Movie App","technology":["Kotlin","SQL Lite","Gradle"]}]},{"jobId":8,"jobTitle":"Software Engg-2","jobDescription":"To develop andriod application","experience":["Google","Apple","Mobile Iron"],"project":[{"projectName":"Movie App","technology":["Kotlin","SQL Lite","Gradle"]}]},{"jobId":79,"jobTitle":"Software Engg-2","jobDescription":"To develop andriod application","experience":["Google","Apple","Mobile Iron"],"project":[{"projectName":"Movie App","technology":["Kotlin","SQL Lite","Gradle"]}]},{"jobId":8,"jobTitle":"Software Engg-2","jobDescription":"To develop andriod application","experience":["Google","Apple","Mobile Iron"],"project":[{"projectName":"Movie App","technology":["Kotlin","SQL Lite","Gradle"]}]},{"jobId":39,"jobTitle":"Software Engg-3","jobDescription":"To develop andriod application and web application","experience":["Google","Apple","Mobile Iron"],"project":[{"projectName":"Movie App","technology":["Kotlin","SQL Lite","Gradle","Jenkins"]},{"projectName":"Movie App","technology":["Kotlin","SQL Lite","Gradle","Jenkins"]}]},{"jobId":96,"jobTitle":"Software Engg-2","jobDescription":"To develop andriod application","experience":["Google","Apple","Mobile Iron"],"project":[{"projectName":"Movie App","technology":["Kotlin","SQL Lite","Gradle"]}]},{"jobId":28,"jobTitle":"Software Engg-3","jobDescription":"To develop andriod application and web application","experience":["Google","Apple","Mobile Iron"],"project":[{"projectName":"Movie App","technology":["Kotlin","SQL Lite","Gradle","Jenkins"]},{"projectName":"Movie App","technology":["Kotlin","SQL Lite","Gradle","Jenkins"]}]},{"jobId":80,"jobTitle":"Software Engg-2","jobDescription":"To develop andriod application","experience":["Google","Apple","Mobile Iron"],"project":[{"projectName":"Movie App","technology":["Kotlin","SQL Lite","Gradle"]}]},{"jobId":130,"jobTitle":"Software Engg-3","jobDescription":"To develop andriod application and web application","experience":["Google","Apple","Mobile Iron"],"project":[{"projectName":"Movie App","technology":["Kotlin","SQL Lite","Gradle","Jenkins"]},{"projectName":"Movie App","technology":["Kotlin","SQL Lite","Gradle","Jenkins"]}]},{"jobId":74,"jobTitle":"Software Engg-3","jobDescription":"To develop andriod application and web application","experience":["Google","Apple","Mobile Iron"],"project":[{"projectName":"Movie App","technology":["Kotlin","SQL Lite","Gradle","Jenkins"]},{"projectName":"Movie App","technology":["Kotlin","SQL Lite","Gradle","Jenkins"]}]},{"jobId":10,"jobTitle":"Software Engg-2","jobDescription":"To develop andriod application","experience":["Google","Apple","Mobile Iron"],"project":[{"projectName":"Movie App","technology":["Kotlin","SQL Lite","Gradle"]}]},{"jobId":77,"jobTitle":"Software Engg-2","jobDescription":"To develop andriod application","experience":["Google","Apple","Mobile Iron"],"project":[{"projectName":"Movie App","technology":["Kotlin","SQL Lite","Gradle"]}]},{"jobId":26,"jobTitle":"Software Engg-2","jobDescription":"To develop andriod application","experience":["Google","Apple","Mobile Iron"],"project":[{"projectName":"Movie App","technology":["Kotlin","SQL Lite","Gradle"]}]}]
01:15:28.403 [pool-1-thread-3] INFO  com.intuit.karate - [print] [
  {
    "jobId": 1,
    "jobTitle": "Software Engg",
    "jobDescription": "To develop andriod application",
    "experience": [
      "Google",
      "Apple",
      "Mobile Iron"
    ],
    "project": [
      {
        "projectName": "Movie App",
        "technology": [
          "Kotlin",
          "SQL Lite",
          "Gradle"
        ]
      }
    ]
  },
  {
    "jobId": 68,
    "jobTitle": "Software Engg-2",
    "jobDescription": "To develop android application and web application",
    "experience": [
      "Google",
      "Apple",
      "Mobile Iron"
    ],
    "project": [
      {
        "projectName": "Movie App",
        "technology": [
          "Kotlin",
          "SQL Lite",
          "Gradle",
          "Jenkins"
        ]
      },
      {
        "projectName": "Movie App",
        "technology": [
          "Kotlin",
          "SQL Lite",
          "Gradle",
          "Jenkins"
        ]
      }
    ]
  },
  {
    "jobId": 34,
    "jobTitle": "Software Engg-3",
    "jobDescription": "To develop andriod application and web application",
    "experience": [
      "Google",
      "Apple",
      "Mobile Iron"
    ],
    "project": [
      {
        "projectName": "Movie App",
        "technology": [
          "Kotlin",
          "SQL Lite",
          "Gradle",
          "Jenkins"
        ]
      },
      {
        "projectName": "Movie App",
        "technology": [
          "Kotlin",
          "SQL Lite",
          "Gradle",
          "Jenkins"
        ]
      }
    ]
  },
  {
    "jobId": 41,
    "jobTitle": "Software Engg-2",
    "jobDescription": "To develop android application and web application",
    "experience": [
      "Google",
      "Apple",
      "Mobile Iron"
    ],
    "project": [
      {
        "projectName": "Movie App",
        "technology": [
          "Kotlin",
          "SQL Lite",
          "Gradle",
          "Jenkins"
        ]
      },
      {
        "projectName": "Movie App",
        "technology": [
          "Kotlin",
          "SQL Lite",
          "Gradle",
          "Jenkins"
        ]
      }
    ]
  },
  {
    "jobId": 12,
    "jobTitle": "Software Engg-2",
    "jobDescription": "To develop andriod application",
    "experience": [
      "Google",
      "Apple",
      "Mobile Iron"
    ],
    "project": [
      {
        "projectName": "Movie App",
        "technology": [
          "Kotlin",
          "SQL Lite",
          "Gradle"
        ]
      }
    ]
  },
  {
    "jobId": 73,
    "jobTitle": "Software Engg-3",
    "jobDescription": "To develop andriod application and web application",
    "experience": [
      "Google",
      "Apple",
      "Mobile Iron"
    ],
    "project": [
      {
        "projectName": "Movie App",
        "technology": [
          "Kotlin",
          "SQL Lite",
          "Gradle",
          "Jenkins"
        ]
      },
      {
        "projectName": "Movie App",
        "technology": [
          "Kotlin",
          "SQL Lite",
          "Gradle",
          "Jenkins"
        ]
      }
    ]
  },
  {
    "jobId": 99999,
    "jobTitle": "Software Engg-2",
    "jobDescription": "To develop andriod application",
    "experience": [
      "Google",
      "Apple",
      "Mobile Iron"
    ],
    "project": [
      {
        "projectName": "Movie App",
        "technology": [
          "Kotlin",
          "SQL Lite",
          "Gradle"
        ]
      }
    ]
  },
  {
    "jobId": 38,
    "jobTitle": "Software Engg-3",
    "jobDescription": "To develop andriod application and web application",
    "experience": [
      "Google",
      "Apple",
      "Mobile Iron"
    ],
    "project": [
      {
        "projectName": "Movie App",
        "technology": [
          "Kotlin",
          "SQL Lite",
          "Gradle",
          "Jenkins"
        ]
      },
      {
        "projectName": "Movie App",
        "technology": [
          "Kotlin",
          "SQL Lite",
          "Gradle",
          "Jenkins"
        ]
      }
    ]
  },
  {
    "jobId": 96,
    "jobTitle": "Software Engg-3",
    "jobDescription": "To develop andriod application and web application",
    "experience": [
      "Google",
      "Apple",
      "Mobile Iron"
    ],
    "project": [
      {
        "projectName": "Movie App",
        "technology": [
          "Kotlin",
          "SQL Lite",
          "Gradle",
          "Jenkins"
        ]
      },
      {
        "projectName": "Movie App",
        "technology": [
          "Kotlin",
          "SQL Lite",
          "Gradle",
          "Jenkins"
        ]
      }
    ]
  },
  {
    "jobId": 48,
    "jobTitle": "Software Engg-2",
    "jobDescription": "To develop andriod application",
    "experience": [
      "Google",
      "Apple",
      "Mobile Iron"
    ],
    "project": [
      {
        "projectName": "Movie App",
        "technology": [
          "Kotlin",
          "SQL Lite",
          "Gradle"
        ]
      }
    ]
  },
  {
    "jobId": 6,
    "jobTitle": "Software Engg-3",
    "jobDescription": "To develop andriod application and web application",
    "experience": [
      "Google",
      "Apple",
      "Mobile Iron"
    ],
    "project": [
      {
        "projectName": "Movie App",
        "technology": [
          "Kotlin",
          "SQL Lite",
          "Gradle",
          "Jenkins"
        ]
      },
      {
        "projectName": "Movie App",
        "technology": [
          "Kotlin",
          "SQL Lite",
          "Gradle",
          "Jenkins"
        ]
      }
    ]
  },
  {
    "jobId": 88,
    "jobTitle": "Software Engg-2",
    "jobDescription": "To develop android application and web application",
    "experience": [
      "Google",
      "Apple",
      "Mobile Iron"
    ],
    "project": [
      {
        "projectName": "Movie App",
        "technology": [
          "Kotlin",
          "SQL Lite",
          "Gradle"
        ]
      }
    ]
  },
  {
    "jobId": 9,
    "jobTitle": "Software Engg-3",
    "jobDescription": "To develop andriod application and web application",
    "experience": [
      "Google",
      "Apple",
      "Mobile Iron"
    ],
    "project": [
      {
        "projectName": "Movie App",
        "technology": [
          "Kotlin",
          "SQL Lite",
          "Gradle",
          "Jenkins"
        ]
      },
      {
        "projectName": "Movie App",
        "technology": [
          "Kotlin",
          "SQL Lite",
          "Gradle",
          "Jenkins"
        ]
      }
    ]
  },
  {
    "jobId": 8,
    "jobTitle": "Software Engg-2",
    "jobDescription": "To develop andriod application",
    "experience": [
      "Google",
      "Apple",
      "Mobile Iron"
    ],
    "project": [
      {
        "projectName": "Movie App",
        "technology": [
          "Kotlin",
          "SQL Lite",
          "Gradle"
        ]
      }
    ]
  },
  {
    "jobId": 7,
    "jobTitle": "Software Engg-3",
    "jobDescription": "To develop andriod application and web application",
    "experience": [
      "Google",
      "Apple",
      "Mobile Iron"
    ],
    "project": [
      {
        "projectName": "Movie App",
        "technology": [
          "Kotlin",
          "SQL Lite",
          "Gradle",
          "Jenkins"
        ]
      },
      {
        "projectName": "Movie App",
        "technology": [
          "Kotlin",
          "SQL Lite",
          "Gradle",
          "Jenkins"
        ]
      }
    ]
  },
  {
    "jobId": 13,
    "jobTitle": "Software Engg-2",
    "jobDescription": "To develop andriod application",
    "experience": [
      "Google",
      "Apple",
      "Mobile Iron"
    ],
    "project": [
      {
        "projectName": "Movie App",
        "technology": [
          "Kotlin",
          "SQL Lite",
          "Gradle"
        ]
      }
    ]
  },
  {
    "jobId": 53,
    "jobTitle": "Software Engg-2",
    "jobDescription": "To develop android application and web application",
    "experience": [
      "Google",
      "Apple",
      "Mobile Iron"
    ],
    "project": [
      {
        "projectName": "Movie App",
        "technology": [
          "Kotlin",
          "SQL Lite",
          "Gradle"
        ]
      }
    ]
  },
  {
    "jobId": 8,
    "jobTitle": "Software Engg-2",
    "jobDescription": "To develop andriod application",
    "experience": [
      "Google",
      "Apple",
      "Mobile Iron"
    ],
    "project": [
      {
        "projectName": "Movie App",
        "technology": [
          "Kotlin",
          "SQL Lite",
          "Gradle"
        ]
      }
    ]
  },
  {
    "jobId": 8,
    "jobTitle": "Software Engg-2",
    "jobDescription": "To develop andriod application",
    "experience": [
      "Google",
      "Apple",
      "Mobile Iron"
    ],
    "project": [
      {
        "projectName": "Movie App",
        "technology": [
          "Kotlin",
          "SQL Lite",
          "Gradle"
        ]
      }
    ]
  },
  {
    "jobId": 9980,
    "jobTitle": "Software Engg-2",
    "jobDescription": "To develop android application",
    "experience": [
      "Google",
      "Apple",
      "Mobile Iron"
    ],
    "project": [
      {
        "projectName": "Movie App",
        "technology": [
          "Kotlin",
          "SQL Lite",
          "Gradle"
        ]
      }
    ]
  },
  {
    "jobId": 80,
    "jobTitle": "Software Engg-2",
    "jobDescription": "To develop andriod application",
    "experience": [
      "Google",
      "Apple",
      "Mobile Iron"
    ],
    "project": [
      {
        "projectName": "Movie App",
        "technology": [
          "Kotlin",
          "SQL Lite",
          "Gradle"
        ]
      }
    ]
  },
  {
    "jobId": 49,
    "jobTitle": "Software Engg-2",
    "jobDescription": "To develop android application and web application",
    "experience": [
      "Google",
      "Apple",
      "Mobile Iron"
    ],
    "project": [
      {
        "projectName": "Movie App",
        "technology": [
          "Kotlin",
          "SQL Lite",
          "Gradle",
          "Jenkins"
        ]
      },
      {
        "projectName": "Movie App",
        "technology": [
          "Kotlin",
          "SQL Lite",
          "Gradle",
          "Jenkins"
        ]
      }
    ]
  },
  {
    "jobId": 82,
    "jobTitle": "Software Engg-3",
    "jobDescription": "To develop andriod application and web application",
    "experience": [
      "Google",
      "Apple",
      "Mobile Iron"
    ],
    "project": [
      {
        "projectName": "Movie App",
        "technology": [
          "Kotlin",
          "SQL Lite",
          "Gradle",
          "Jenkins"
        ]
      },
      {
        "projectName": "Movie App",
        "technology": [
          "Kotlin",
          "SQL Lite",
          "Gradle",
          "Jenkins"
        ]
      }
    ]
  },
  {
    "jobId": 45,
    "jobTitle": "Software Engg-3",
    "jobDescription": "To develop andriod application and web application",
    "experience": [
      "Google",
      "Apple",
      "Mobile Iron"
    ],
    "project": [
      {
        "projectName": "Movie App",
        "technology": [
          "Kotlin",
          "SQL Lite",
          "Gradle",
          "Jenkins"
        ]
      },
      {
        "projectName": "Movie App",
        "technology": [
          "Kotlin",
          "SQL Lite",
          "Gradle",
          "Jenkins"
        ]
      }
    ]
  },
  {
    "jobId": 26,
    "jobTitle": "Software Engg-2",
    "jobDescription": "To develop andriod application",
    "experience": [
      "Google",
      "Apple",
      "Mobile Iron"
    ],
    "project": [
      {
        "projectName": "Movie App",
        "technology": [
          "Kotlin",
          "SQL Lite",
          "Gradle"
        ]
      }
    ]
  },
  {
    "jobId": 8,
    "jobTitle": "Software Engg-2",
    "jobDescription": "To develop andriod application",
    "experience": [
      "Google",
      "Apple",
      "Mobile Iron"
    ],
    "project": [
      {
        "projectName": "Movie App",
        "technology": [
          "Kotlin",
          "SQL Lite",
          "Gradle"
        ]
      }
    ]
  },
  {
    "jobId": 75,
    "jobTitle": "Software Engg-2",
    "jobDescription": "To develop andriod application",
    "experience": [
      "Google",
      "Apple",
      "Mobile Iron"
    ],
    "project": [
      {
        "projectName": "Movie App",
        "technology": [
          "Kotlin",
          "SQL Lite",
          "Gradle"
        ]
      }
    ]
  },
  {
    "jobId": 8,
    "jobTitle": "Software Engg-2",
    "jobDescription": "To develop andriod application",
    "experience": [
      "Google",
      "Apple",
      "Mobile Iron"
    ],
    "project": [
      {
        "projectName": "Movie App",
        "technology": [
          "Kotlin",
          "SQL Lite",
          "Gradle"
        ]
      }
    ]
  },
  {
    "jobId": 9980,
    "jobTitle": "Software Engg-2",
    "jobDescription": "To develop android application",
    "experience": [
      "Google",
      "Apple",
      "Mobile Iron"
    ],
    "project": [
      {
        "projectName": "Movie App",
        "technology": [
          "Kotlin",
          "SQL Lite",
          "Gradle"
        ]
      }
    ]
  },
  {
    "jobId": 84,
    "jobTitle": "Software Engg-2",
    "jobDescription": "To develop andriod application",
    "experience": [
      "Google",
      "Apple",
      "Mobile Iron"
    ],
    "project": [
      {
        "projectName": "Movie App",
        "technology": [
          "Kotlin",
          "SQL Lite",
          "Gradle"
        ]
      }
    ]
  },
  {
    "jobId": 31,
    "jobTitle": "Software Engg-3",
    "jobDescription": "To develop andriod application and web application",
    "experience": [
      "Google",
      "Apple",
      "Mobile Iron"
    ],
    "project": [
      {
        "projectName": "Movie App",
        "technology": [
          "Kotlin",
          "SQL Lite",
          "Gradle",
          "Jenkins"
        ]
      },
      {
        "projectName": "Movie App",
        "technology": [
          "Kotlin",
          "SQL Lite",
          "Gradle",
          "Jenkins"
        ]
      }
    ]
  },
  {
    "jobId": 87,
    "jobTitle": "Software Engg-2",
    "jobDescription": "To develop andriod application",
    "experience": [
      "Google",
      "Apple",
      "Mobile Iron"
    ],
    "project": [
      {
        "projectName": "Movie App",
        "technology": [
          "Kotlin",
          "SQL Lite",
          "Gradle"
        ]
      }
    ]
  },
  {
    "jobId": 93,
    "jobTitle": "Software Engg-3",
    "jobDescription": "To develop andriod application and web application",
    "experience": [
      "Google",
      "Apple",
      "Mobile Iron"
    ],
    "project": [
      {
        "projectName": "Movie App",
        "technology": [
          "Kotlin",
          "SQL Lite",
          "Gradle",
          "Jenkins"
        ]
      },
      {
        "projectName": "Movie App",
        "technology": [
          "Kotlin",
          "SQL Lite",
          "Gradle",
          "Jenkins"
        ]
      }
    ]
  },
  {
    "jobId": 53,
    "jobTitle": "Software Engg-2",
    "jobDescription": "To develop andriod application",
    "experience": [
      "Google",
      "Apple",
      "Mobile Iron"
    ],
    "project": [
      {
        "projectName": "Movie App",
        "technology": [
          "Kotlin",
          "SQL Lite",
          "Gradle"
        ]
      }
    ]
  },
  {
    "jobId": 51,
    "jobTitle": "Software Engg-2",
    "jobDescription": "To develop andriod application",
    "experience": [
      "Google",
      "Apple",
      "Mobile Iron"
    ],
    "project": [
      {
        "projectName": "Movie App",
        "technology": [
          "Kotlin",
          "SQL Lite",
          "Gradle"
        ]
      }
    ]
  },
  {
    "jobId": 19,
    "jobTitle": "Software Engg-2",
    "jobDescription": "To develop andriod application",
    "experience": [
      "Google",
      "Apple",
      "Mobile Iron"
    ],
    "project": [
      {
        "projectName": "Movie App",
        "technology": [
          "Kotlin",
          "SQL Lite",
          "Gradle"
        ]
      }
    ]
  },
  {
    "jobId": 93,
    "jobTitle": "Software Engg-2",
    "jobDescription": "To develop andriod application",
    "experience": [
      "Google",
      "Apple",
      "Mobile Iron"
    ],
    "project": [
      {
        "projectName": "Movie App",
        "technology": [
          "Kotlin",
          "SQL Lite",
          "Gradle"
        ]
      }
    ]
  },
  {
    "jobId": 32,
    "jobTitle": "Software Engg-2",
    "jobDescription": "To develop android application and web application",
    "experience": [
      "Google",
      "Apple",
      "Mobile Iron"
    ],
    "project": [
      {
        "projectName": "Movie App",
        "technology": [
          "Kotlin",
          "SQL Lite",
          "Gradle"
        ]
      }
    ]
  },
  {
    "jobId": 71,
    "jobTitle": "Software Engg-2",
    "jobDescription": "To develop android application and web application",
    "experience": [
      "Google",
      "Apple",
      "Mobile Iron"
    ],
    "project": [
      {
        "projectName": "Movie App",
        "technology": [
          "Kotlin",
          "SQL Lite",
          "Gradle"
        ]
      }
    ]
  },
  {
    "jobId": 23,
    "jobTitle": "Software Engg-2",
    "jobDescription": "To develop android application and web application",
    "experience": [
      "Google",
      "Apple",
      "Mobile Iron"
    ],
    "project": [
      {
        "projectName": "Movie App",
        "technology": [
          "Kotlin",
          "SQL Lite",
          "Gradle"
        ]
      }
    ]
  },
  {
    "jobId": 31,
    "jobTitle": "Software Engg-2",
    "jobDescription": "To develop andriod application",
    "experience": [
      "Google",
      "Apple",
      "Mobile Iron"
    ],
    "project": [
      {
        "projectName": "Movie App",
        "technology": [
          "Kotlin",
          "SQL Lite",
          "Gradle"
        ]
      }
    ]
  },
  {
    "jobId": 10,
    "jobTitle": "Software Engg-2",
    "jobDescription": "To develop andriod application",
    "experience": [
      "Google",
      "Apple",
      "Mobile Iron"
    ],
    "project": [
      {
        "projectName": "Movie App",
        "technology": [
          "Kotlin",
          "SQL Lite",
          "Gradle"
        ]
      }
    ]
  },
  {
    "jobId": 8,
    "jobTitle": "Software Engg-2",
    "jobDescription": "To develop andriod application",
    "experience": [
      "Google",
      "Apple",
      "Mobile Iron"
    ],
    "project": [
      {
        "projectName": "Movie App",
        "technology": [
          "Kotlin",
          "SQL Lite",
          "Gradle"
        ]
      }
    ]
  },
  {
    "jobId": 38,
    "jobTitle": "Software Engg-2",
    "jobDescription": "To develop andriod application",
    "experience": [
      "Google",
      "Apple",
      "Mobile Iron"
    ],
    "project": [
      {
        "projectName": "Movie App",
        "technology": [
          "Kotlin",
          "SQL Lite",
          "Gradle"
        ]
      }
    ]
  },
  {
    "jobId": 8,
    "jobTitle": "Software Engg-2",
    "jobDescription": "To develop andriod application",
    "experience": [
      "Google",
      "Apple",
      "Mobile Iron"
    ],
    "project": [
      {
        "projectName": "Movie App",
        "technology": [
          "Kotlin",
          "SQL Lite",
          "Gradle"
        ]
      }
    ]
  },
  {
    "jobId": 9980,
    "jobTitle": "Software Engg-2",
    "jobDescription": "To develop android application",
    "experience": [
      "Google",
      "Apple",
      "Mobile Iron"
    ],
    "project": [
      {
        "projectName": "Movie App",
        "technology": [
          "Kotlin",
          "SQL Lite",
          "Gradle"
        ]
      }
    ]
  },
  {
    "jobId": 5,
    "jobTitle": "Software Engg-3",
    "jobDescription": "To develop andriod application and web application",
    "experience": [
      "Google",
      "Apple",
      "Mobile Iron"
    ],
    "project": [
      {
        "projectName": "Movie App",
        "technology": [
          "Kotlin",
          "SQL Lite",
          "Gradle",
          "Jenkins"
        ]
      },
      {
        "projectName": "Movie App",
        "technology": [
          "Kotlin",
          "SQL Lite",
          "Gradle",
          "Jenkins"
        ]
      }
    ]
  },
  {
    "jobId": 16,
    "jobTitle": "Software Engg-3",
    "jobDescription": "To develop andriod application and web application",
    "experience": [
      "Google",
      "Apple",
      "Mobile Iron"
    ],
    "project": [
      {
        "projectName": "Movie App",
        "technology": [
          "Kotlin",
          "SQL Lite",
          "Gradle",
          "Jenkins"
        ]
      },
      {
        "projectName": "Movie App",
        "technology": [
          "Kotlin",
          "SQL Lite",
          "Gradle",
          "Jenkins"
        ]
      }
    ]
  },
  {
    "jobId": 1,
    "jobTitle": "Software Engg-2",
    "jobDescription": "To develop andriod application",
    "experience": [
      "Google",
      "Apple",
      "Mobile Iron"
    ],
    "project": [
      {
        "projectName": "Movie App",
        "technology": [
          "Kotlin",
          "SQL Lite",
          "Gradle"
        ]
      }
    ]
  },
  {
    "jobId": 7,
    "jobTitle": "Software Engg-2",
    "jobDescription": "To develop andriod application",
    "experience": [
      "Google",
      "Apple",
      "Mobile Iron"
    ],
    "project": [
      {
        "projectName": "Movie App",
        "technology": [
          "Kotlin",
          "SQL Lite",
          "Gradle"
        ]
      }
    ]
  },
  {
    "jobId": 35,
    "jobTitle": "Software Engg-2",
    "jobDescription": "To develop android application and web application",
    "experience": [
      "Google",
      "Apple",
      "Mobile Iron"
    ],
    "project": [
      {
        "projectName": "Movie App",
        "technology": [
          "Kotlin",
          "SQL Lite",
          "Gradle"
        ]
      }
    ]
  },
  {
    "jobId": 48,
    "jobTitle": "Software Engg-2",
    "jobDescription": "To develop andriod application",
    "experience": [
      "Google",
      "Apple",
      "Mobile Iron"
    ],
    "project": [
      {
        "projectName": "Movie App",
        "technology": [
          "Kotlin",
          "SQL Lite",
          "Gradle"
        ]
      }
    ]
  },
  {
    "jobId": 2,
    "jobTitle": "Software Engg-2",
    "jobDescription": "To develop andriod application",
    "experience": [
      "Google",
      "Apple",
      "Mobile Iron"
    ],
    "project": [
      {
        "projectName": "Movie App",
        "technology": [
          "Kotlin",
          "SQL Lite",
          "Gradle"
        ]
      }
    ]
  },
  {
    "jobId": 88,
    "jobTitle": "Software Engg-2",
    "jobDescription": "To develop andriod application",
    "experience": [
      "Google",
      "Apple",
      "Mobile Iron"
    ],
    "project": [
      {
        "projectName": "Movie App",
        "technology": [
          "Kotlin",
          "SQL Lite",
          "Gradle"
        ]
      }
    ]
  },
  {
    "jobId": 21,
    "jobTitle": "Software Engg-2",
    "jobDescription": "To develop andriod application",
    "experience": [
      "Google",
      "Apple",
      "Mobile Iron"
    ],
    "project": [
      {
        "projectName": "Movie App",
        "technology": [
          "Kotlin",
          "SQL Lite",
          "Gradle"
        ]
      }
    ]
  },
  {
    "jobId": 71,
    "jobTitle": "Software Engg-2",
    "jobDescription": "To develop andriod application",
    "experience": [
      "Google",
      "Apple",
      "Mobile Iron"
    ],
    "project": [
      {
        "projectName": "Movie App",
        "technology": [
          "Kotlin",
          "SQL Lite",
          "Gradle"
        ]
      }
    ]
  },
  {
    "jobId": 8,
    "jobTitle": "Software Engg-2",
    "jobDescription": "To develop andriod application",
    "experience": [
      "Google",
      "Apple",
      "Mobile Iron"
    ],
    "project": [
      {
        "projectName": "Movie App",
        "technology": [
          "Kotlin",
          "SQL Lite",
          "Gradle"
        ]
      }
    ]
  },
  {
    "jobId": 94,
    "jobTitle": "Software Engg-2",
    "jobDescription": "To develop andriod application",
    "experience": [
      "Google",
      "Apple",
      "Mobile Iron"
    ],
    "project": [
      {
        "projectName": "Movie App",
        "technology": [
          "Kotlin",
          "SQL Lite",
          "Gradle"
        ]
      }
    ]
  },
  {
    "jobId": 8,
    "jobTitle": "Software Engg-2",
    "jobDescription": "To develop andriod application",
    "experience": [
      "Google",
      "Apple",
      "Mobile Iron"
    ],
    "project": [
      {
        "projectName": "Movie App",
        "technology": [
          "Kotlin",
          "SQL Lite",
          "Gradle"
        ]
      }
    ]
  },
  {
    "jobId": 9980,
    "jobTitle": "Software Engg-2",
    "jobDescription": "To develop android application",
    "experience": [
      "Google",
      "Apple",
      "Mobile Iron"
    ],
    "project": [
      {
        "projectName": "Movie App",
        "technology": [
          "Kotlin",
          "SQL Lite",
          "Gradle"
        ]
      }
    ]
  },
  {
    "jobId": 89,
    "jobTitle": "Software Engg-3",
    "jobDescription": "To develop andriod application and web application",
    "experience": [
      "Google",
      "Apple",
      "Mobile Iron"
    ],
    "project": [
      {
        "projectName": "Movie App",
        "technology": [
          "Kotlin",
          "SQL Lite",
          "Gradle",
          "Jenkins"
        ]
      },
      {
        "projectName": "Movie App",
        "technology": [
          "Kotlin",
          "SQL Lite",
          "Gradle",
          "Jenkins"
        ]
      }
    ]
  },
  {
    "jobId": 35,
    "jobTitle": "Software Engg-2",
    "jobDescription": "To develop andriod application",
    "experience": [
      "Google",
      "Apple",
      "Mobile Iron"
    ],
    "project": [
      {
        "projectName": "Movie App",
        "technology": [
          "Kotlin",
          "SQL Lite",
          "Gradle"
        ]
      }
    ]
  },
  {
    "jobId": 77,
    "jobTitle": "Software Engg-2",
    "jobDescription": "To develop android application and web application",
    "experience": [
      "Google",
      "Apple",
      "Mobile Iron"
    ],
    "project": [
      {
        "projectName": "Movie App",
        "technology": [
          "Kotlin",
          "SQL Lite",
          "Gradle"
        ]
      }
    ]
  },
  {
    "jobId": 50,
    "jobTitle": "Software Engg-3",
    "jobDescription": "To develop andriod application and web application",
    "experience": [
      "Google",
      "Apple",
      "Mobile Iron"
    ],
    "project": [
      {
        "projectName": "Movie App",
        "technology": [
          "Kotlin",
          "SQL Lite",
          "Gradle",
          "Jenkins"
        ]
      },
      {
        "projectName": "Movie App",
        "technology": [
          "Kotlin",
          "SQL Lite",
          "Gradle",
          "Jenkins"
        ]
      }
    ]
  },
  {
    "jobId": 33,
    "jobTitle": "Software Engg-2",
    "jobDescription": "To develop andriod application",
    "experience": [
      "Google",
      "Apple",
      "Mobile Iron"
    ],
    "project": [
      {
        "projectName": "Movie App",
        "technology": [
          "Kotlin",
          "SQL Lite",
          "Gradle"
        ]
      }
    ]
  },
  {
    "jobId": 78,
    "jobTitle": "Software Engg-2",
    "jobDescription": "To develop android application and web application",
    "experience": [
      "Google",
      "Apple",
      "Mobile Iron"
    ],
    "project": [
      {
        "projectName": "Movie App",
        "technology": [
          "Kotlin",
          "SQL Lite",
          "Gradle"
        ]
      }
    ]
  },
  {
    "jobId": 3,
    "jobTitle": "Software Engg-2",
    "jobDescription": "To develop android application and web application",
    "experience": [
      "Google",
      "Apple",
      "Mobile Iron"
    ],
    "project": [
      {
        "projectName": "Movie App",
        "technology": [
          "Kotlin",
          "SQL Lite",
          "Gradle"
        ]
      }
    ]
  },
  {
    "jobId": 18,
    "jobTitle": "Software Engg-2",
    "jobDescription": "To develop android application and web application",
    "experience": [
      "Google",
      "Apple",
      "Mobile Iron"
    ],
    "project": [
      {
        "projectName": "Movie App",
        "technology": [
          "Kotlin",
          "SQL Lite",
          "Gradle"
        ]
      }
    ]
  },
  {
    "jobId": 4,
    "jobTitle": "Software Engg-2",
    "jobDescription": "To develop android application and web application",
    "experience": [
      "Google",
      "Apple",
      "Mobile Iron"
    ],
    "project": [
      {
        "projectName": "Movie App",
        "technology": [
          "Kotlin",
          "SQL Lite",
          "Gradle"
        ]
      }
    ]
  },
  {
    "jobId": 8,
    "jobTitle": "Software Engg-2",
    "jobDescription": "To develop andriod application",
    "experience": [
      "Google",
      "Apple",
      "Mobile Iron"
    ],
    "project": [
      {
        "projectName": "Movie App",
        "technology": [
          "Kotlin",
          "SQL Lite",
          "Gradle"
        ]
      }
    ]
  },
  {
    "jobId": 9980,
    "jobTitle": "Software Engg-2",
    "jobDescription": "To develop android application",
    "experience": [
      "Google",
      "Apple",
      "Mobile Iron"
    ],
    "project": [
      {
        "projectName": "Movie App",
        "technology": [
          "Kotlin",
          "SQL Lite",
          "Gradle"
        ]
      }
    ]
  },
  {
    "jobId": 8,
    "jobTitle": "Software Engg-2",
    "jobDescription": "To develop andriod application",
    "experience": [
      "Google",
      "Apple",
      "Mobile Iron"
    ],
    "project": [
      {
        "projectName": "Movie App",
        "technology": [
          "Kotlin",
          "SQL Lite",
          "Gradle"
        ]
      }
    ]
  },
  {
    "jobId": 17,
    "jobTitle": "Software Engg-3",
    "jobDescription": "To develop andriod application and web application",
    "experience": [
      "Google",
      "Apple",
      "Mobile Iron"
    ],
    "project": [
      {
        "projectName": "Movie App",
        "technology": [
          "Kotlin",
          "SQL Lite",
          "Gradle",
          "Jenkins"
        ]
      },
      {
        "projectName": "Movie App",
        "technology": [
          "Kotlin",
          "SQL Lite",
          "Gradle",
          "Jenkins"
        ]
      }
    ]
  },
  {
    "jobId": 94,
    "jobTitle": "Software Engg-2",
    "jobDescription": "To develop andriod application",
    "experience": [
      "Google",
      "Apple",
      "Mobile Iron"
    ],
    "project": [
      {
        "projectName": "Movie App",
        "technology": [
          "Kotlin",
          "SQL Lite",
          "Gradle"
        ]
      }
    ]
  },
  {
    "jobId": 83,
    "jobTitle": "Software Engg-3",
    "jobDescription": "To develop andriod application and web application",
    "experience": [
      "Google",
      "Apple",
      "Mobile Iron"
    ],
    "project": [
      {
        "projectName": "Movie App",
        "technology": [
          "Kotlin",
          "SQL Lite",
          "Gradle",
          "Jenkins"
        ]
      },
      {
        "projectName": "Movie App",
        "technology": [
          "Kotlin",
          "SQL Lite",
          "Gradle",
          "Jenkins"
        ]
      }
    ]
  },
  {
    "jobId": 75,
    "jobTitle": "Software Engg-2",
    "jobDescription": "To develop andriod application",
    "experience": [
      "Google",
      "Apple",
      "Mobile Iron"
    ],
    "project": [
      {
        "projectName": "Movie App",
        "technology": [
          "Kotlin",
          "SQL Lite",
          "Gradle"
        ]
      }
    ]
  },
  {
    "jobId": 86,
    "jobTitle": "Software Engg-3",
    "jobDescription": "To develop andriod application and web application",
    "experience": [
      "Google",
      "Apple",
      "Mobile Iron"
    ],
    "project": [
      {
        "projectName": "Movie App",
        "technology": [
          "Kotlin",
          "SQL Lite",
          "Gradle",
          "Jenkins"
        ]
      },
      {
        "projectName": "Movie App",
        "technology": [
          "Kotlin",
          "SQL Lite",
          "Gradle",
          "Jenkins"
        ]
      }
    ]
  },
  {
    "jobId": 40,
    "jobTitle": "Software Engg-2",
    "jobDescription": "To develop android application and web application",
    "experience": [
      "Google",
      "Apple",
      "Mobile Iron"
    ],
    "project": [
      {
        "projectName": "Movie App",
        "technology": [
          "Kotlin",
          "SQL Lite",
          "Gradle"
        ]
      }
    ]
  },
  {
    "jobId": 66,
    "jobTitle": "Software Engg-2",
    "jobDescription": "To develop android application and web application",
    "experience": [
      "Google",
      "Apple",
      "Mobile Iron"
    ],
    "project": [
      {
        "projectName": "Movie App",
        "technology": [
          "Kotlin",
          "SQL Lite",
          "Gradle"
        ]
      }
    ]
  },
  {
    "jobId": 18,
    "jobTitle": "Software Engg-2",
    "jobDescription": "To develop andriod application",
    "experience": [
      "Google",
      "Apple",
      "Mobile Iron"
    ],
    "project": [
      {
        "projectName": "Movie App",
        "technology": [
          "Kotlin",
          "SQL Lite",
          "Gradle"
        ]
      }
    ]
  },
  {
    "jobId": 42,
    "jobTitle": "Software Engg-2",
    "jobDescription": "To develop andriod application",
    "experience": [
      "Google",
      "Apple",
      "Mobile Iron"
    ],
    "project": [
      {
        "projectName": "Movie App",
        "technology": [
          "Kotlin",
          "SQL Lite",
          "Gradle"
        ]
      }
    ]
  },
  {
    "jobId": 68,
    "jobTitle": "Software Engg-2",
    "jobDescription": "To develop andriod application",
    "experience": [
      "Google",
      "Apple",
      "Mobile Iron"
    ],
    "project": [
      {
        "projectName": "Movie App",
        "technology": [
          "Kotlin",
          "SQL Lite",
          "Gradle"
        ]
      }
    ]
  },
  {
    "jobId": 96,
    "jobTitle": "Software Engg-2",
    "jobDescription": "To develop andriod application",
    "experience": [
      "Google",
      "Apple",
      "Mobile Iron"
    ],
    "project": [
      {
        "projectName": "Movie App",
        "technology": [
          "Kotlin",
          "SQL Lite",
          "Gradle"
        ]
      }
    ]
  },
  {
    "jobId": 59,
    "jobTitle": "Software Engg-2",
    "jobDescription": "To develop android application and web application",
    "experience": [
      "Google",
      "Apple",
      "Mobile Iron"
    ],
    "project": [
      {
        "projectName": "Movie App",
        "technology": [
          "Kotlin",
          "SQL Lite",
          "Gradle"
        ]
      }
    ]
  },
  {
    "jobId": 8,
    "jobTitle": "Software Engg-2",
    "jobDescription": "To develop andriod application",
    "experience": [
      "Google",
      "Apple",
      "Mobile Iron"
    ],
    "project": [
      {
        "projectName": "Movie App",
        "technology": [
          "Kotlin",
          "SQL Lite",
          "Gradle"
        ]
      }
    ]
  },
  {
    "jobId": 32,
    "jobTitle": "Software Engg-2",
    "jobDescription": "To develop andriod application",
    "experience": [
      "Google",
      "Apple",
      "Mobile Iron"
    ],
    "project": [
      {
        "projectName": "Movie App",
        "technology": [
          "Kotlin",
          "SQL Lite",
          "Gradle"
        ]
      }
    ]
  },
  {
    "jobId": 8,
    "jobTitle": "Software Engg-2",
    "jobDescription": "To develop andriod application",
    "experience": [
      "Google",
      "Apple",
      "Mobile Iron"
    ],
    "project": [
      {
        "projectName": "Movie App",
        "technology": [
          "Kotlin",
          "SQL Lite",
          "Gradle"
        ]
      }
    ]
  },
  {
    "jobId": 9980,
    "jobTitle": "Software Engg-2",
    "jobDescription": "To develop android application",
    "experience": [
      "Google",
      "Apple",
      "Mobile Iron"
    ],
    "project": [
      {
        "projectName": "Movie App",
        "technology": [
          "Kotlin",
          "SQL Lite",
          "Gradle"
        ]
      }
    ]
  },
  {
    "jobId": 6,
    "jobTitle": "Software Engg-2",
    "jobDescription": "To develop andriod application",
    "experience": [
      "Google",
      "Apple",
      "Mobile Iron"
    ],
    "project": [
      {
        "projectName": "Movie App",
        "technology": [
          "Kotlin",
          "SQL Lite",
          "Gradle"
        ]
      }
    ]
  },
  {
    "jobId": 57,
    "jobTitle": "Software Engg-3",
    "jobDescription": "To develop andriod application and web application",
    "experience": [
      "Google",
      "Apple",
      "Mobile Iron"
    ],
    "project": [
      {
        "projectName": "Movie App",
        "technology": [
          "Kotlin",
          "SQL Lite",
          "Gradle",
          "Jenkins"
        ]
      },
      {
        "projectName": "Movie App",
        "technology": [
          "Kotlin",
          "SQL Lite",
          "Gradle",
          "Jenkins"
        ]
      }
    ]
  },
  {
    "jobId": 19,
    "jobTitle": "Software Engg-2",
    "jobDescription": "To develop andriod application",
    "experience": [
      "Google",
      "Apple",
      "Mobile Iron"
    ],
    "project": [
      {
        "projectName": "Movie App",
        "technology": [
          "Kotlin",
          "SQL Lite",
          "Gradle"
        ]
      }
    ]
  },
  {
    "jobId": 29,
    "jobTitle": "Software Engg-3",
    "jobDescription": "To develop andriod application and web application",
    "experience": [
      "Google",
      "Apple",
      "Mobile Iron"
    ],
    "project": [
      {
        "projectName": "Movie App",
        "technology": [
          "Kotlin",
          "SQL Lite",
          "Gradle",
          "Jenkins"
        ]
      },
      {
        "projectName": "Movie App",
        "technology": [
          "Kotlin",
          "SQL Lite",
          "Gradle",
          "Jenkins"
        ]
      }
    ]
  },
  {
    "jobId": 90,
    "jobTitle": "Software Engg-2",
    "jobDescription": "To develop android application and web application",
    "experience": [
      "Google",
      "Apple",
      "Mobile Iron"
    ],
    "project": [
      {
        "projectName": "Movie App",
        "technology": [
          "Kotlin",
          "SQL Lite",
          "Gradle"
        ]
      }
    ]
  },
  {
    "jobId": 60,
    "jobTitle": "Software Engg-3",
    "jobDescription": "To develop andriod application and web application",
    "experience": [
      "Google",
      "Apple",
      "Mobile Iron"
    ],
    "project": [
      {
        "projectName": "Movie App",
        "technology": [
          "Kotlin",
          "SQL Lite",
          "Gradle",
          "Jenkins"
        ]
      },
      {
        "projectName": "Movie App",
        "technology": [
          "Kotlin",
          "SQL Lite",
          "Gradle",
          "Jenkins"
        ]
      }
    ]
  },
  {
    "jobId": 92,
    "jobTitle": "Software Engg-2",
    "jobDescription": "To develop android application and web application",
    "experience": [
      "Google",
      "Apple",
      "Mobile Iron"
    ],
    "project": [
      {
        "projectName": "Movie App",
        "technology": [
          "Kotlin",
          "SQL Lite",
          "Gradle"
        ]
      }
    ]
  },
  {
    "jobId": 90,
    "jobTitle": "Software Engg-2",
    "jobDescription": "To develop andriod application",
    "experience": [
      "Google",
      "Apple",
      "Mobile Iron"
    ],
    "project": [
      {
        "projectName": "Movie App",
        "technology": [
          "Kotlin",
          "SQL Lite",
          "Gradle"
        ]
      }
    ]
  },
  {
    "jobId": 25,
    "jobTitle": "Software Engg-2",
    "jobDescription": "To develop andriod application",
    "experience": [
      "Google",
      "Apple",
      "Mobile Iron"
    ],
    "project": [
      {
        "projectName": "Movie App",
        "technology": [
          "Kotlin",
          "SQL Lite",
          "Gradle"
        ]
      }
    ]
  },
  {
    "jobId": 0,
    "jobTitle": "Software Engg-2",
    "jobDescription": "To develop android application and web application",
    "experience": [
      "Google",
      "Apple",
      "Mobile Iron"
    ],
    "project": [
      {
        "projectName": "Movie App",
        "technology": [
          "Kotlin",
          "SQL Lite",
          "Gradle"
        ]
      }
    ]
  },
  {
    "jobId": 53,
    "jobTitle": "Software Engg-2",
    "jobDescription": "To develop andriod application",
    "experience": [
      "Google",
      "Apple",
      "Mobile Iron"
    ],
    "project": [
      {
        "projectName": "Movie App",
        "technology": [
          "Kotlin",
          "SQL Lite",
          "Gradle"
        ]
      }
    ]
  },
  {
    "jobId": 37,
    "jobTitle": "Software Engg-2",
    "jobDescription": "To develop android application and web application",
    "experience": [
      "Google",
      "Apple",
      "Mobile Iron"
    ],
    "project": [
      {
        "projectName": "Movie App",
        "technology": [
          "Kotlin",
          "SQL Lite",
          "Gradle"
        ]
      }
    ]
  },
  {
    "jobId": 41,
    "jobTitle": "Software Engg-2",
    "jobDescription": "To develop andriod application",
    "experience": [
      "Google",
      "Apple",
      "Mobile Iron"
    ],
    "project": [
      {
        "projectName": "Movie App",
        "technology": [
          "Kotlin",
          "SQL Lite",
          "Gradle"
        ]
      }
    ]
  },
  {
    "jobId": 40,
    "jobTitle": "Software Engg-2",
    "jobDescription": "To develop andriod application",
    "experience": [
      "Google",
      "Apple",
      "Mobile Iron"
    ],
    "project": [
      {
        "projectName": "Movie App",
        "technology": [
          "Kotlin",
          "SQL Lite",
          "Gradle"
        ]
      }
    ]
  },
  {
    "jobId": 0,
    "jobTitle": "Software Engg-2",
    "jobDescription": "To develop andriod application",
    "experience": [
      "Google",
      "Apple",
      "Mobile Iron"
    ],
    "project": [
      {
        "projectName": "Movie App",
        "technology": [
          "Kotlin",
          "SQL Lite",
          "Gradle"
        ]
      }
    ]
  },
  {
    "jobId": 76,
    "jobTitle": "Software Engg-2",
    "jobDescription": "To develop andriod application",
    "experience": [
      "Google",
      "Apple",
      "Mobile Iron"
    ],
    "project": [
      {
        "projectName": "Movie App",
        "technology": [
          "Kotlin",
          "SQL Lite",
          "Gradle"
        ]
      }
    ]
  },
  {
    "jobId": 49,
    "jobTitle": "Software Engg-2",
    "jobDescription": "To develop andriod application",
    "experience": [
      "Google",
      "Apple",
      "Mobile Iron"
    ],
    "project": [
      {
        "projectName": "Movie App",
        "technology": [
          "Kotlin",
          "SQL Lite",
          "Gradle"
        ]
      }
    ]
  },
  {
    "jobId": 9980,
    "jobTitle": "Software Engg-2",
    "jobDescription": "To develop android application",
    "experience": [
      "Google",
      "Apple",
      "Mobile Iron"
    ],
    "project": [
      {
        "projectName": "Movie App",
        "technology": [
          "Kotlin",
          "SQL Lite",
          "Gradle"
        ]
      }
    ]
  },
  {
    "jobId": 8,
    "jobTitle": "Software Engg-2",
    "jobDescription": "To develop andriod application",
    "experience": [
      "Google",
      "Apple",
      "Mobile Iron"
    ],
    "project": [
      {
        "projectName": "Movie App",
        "technology": [
          "Kotlin",
          "SQL Lite",
          "Gradle"
        ]
      }
    ]
  },
  {
    "jobId": 79,
    "jobTitle": "Software Engg-2",
    "jobDescription": "To develop andriod application",
    "experience": [
      "Google",
      "Apple",
      "Mobile Iron"
    ],
    "project": [
      {
        "projectName": "Movie App",
        "technology": [
          "Kotlin",
          "SQL Lite",
          "Gradle"
        ]
      }
    ]
  },
  {
    "jobId": 8,
    "jobTitle": "Software Engg-2",
    "jobDescription": "To develop andriod application",
    "experience": [
      "Google",
      "Apple",
      "Mobile Iron"
    ],
    "project": [
      {
        "projectName": "Movie App",
        "technology": [
          "Kotlin",
          "SQL Lite",
          "Gradle"
        ]
      }
    ]
  },
  {
    "jobId": 39,
    "jobTitle": "Software Engg-3",
    "jobDescription": "To develop andriod application and web application",
    "experience": [
      "Google",
      "Apple",
      "Mobile Iron"
    ],
    "project": [
      {
        "projectName": "Movie App",
        "technology": [
          "Kotlin",
          "SQL Lite",
          "Gradle",
          "Jenkins"
        ]
      },
      {
        "projectName": "Movie App",
        "technology": [
          "Kotlin",
          "SQL Lite",
          "Gradle",
          "Jenkins"
        ]
      }
    ]
  },
  {
    "jobId": 96,
    "jobTitle": "Software Engg-2",
    "jobDescription": "To develop andriod application",
    "experience": [
      "Google",
      "Apple",
      "Mobile Iron"
    ],
    "project": [
      {
        "projectName": "Movie App",
        "technology": [
          "Kotlin",
          "SQL Lite",
          "Gradle"
        ]
      }
    ]
  },
  {
    "jobId": 28,
    "jobTitle": "Software Engg-3",
    "jobDescription": "To develop andriod application and web application",
    "experience": [
      "Google",
      "Apple",
      "Mobile Iron"
    ],
    "project": [
      {
        "projectName": "Movie App",
        "technology": [
          "Kotlin",
          "SQL Lite",
          "Gradle",
          "Jenkins"
        ]
      },
      {
        "projectName": "Movie App",
        "technology": [
          "Kotlin",
          "SQL Lite",
          "Gradle",
          "Jenkins"
        ]
      }
    ]
  },
  {
    "jobId": 80,
    "jobTitle": "Software Engg-2",
    "jobDescription": "To develop andriod application",
    "experience": [
      "Google",
      "Apple",
      "Mobile Iron"
    ],
    "project": [
      {
        "projectName": "Movie App",
        "technology": [
          "Kotlin",
          "SQL Lite",
          "Gradle"
        ]
      }
    ]
  },
  {
    "jobId": 130,
    "jobTitle": "Software Engg-3",
    "jobDescription": "To develop andriod application and web application",
    "experience": [
      "Google",
      "Apple",
      "Mobile Iron"
    ],
    "project": [
      {
        "projectName": "Movie App",
        "technology": [
          "Kotlin",
          "SQL Lite",
          "Gradle",
          "Jenkins"
        ]
      },
      {
        "projectName": "Movie App",
        "technology": [
          "Kotlin",
          "SQL Lite",
          "Gradle",
          "Jenkins"
        ]
      }
    ]
  },
  {
    "jobId": 74,
    "jobTitle": "Software Engg-3",
    "jobDescription": "To develop andriod application and web application",
    "experience": [
      "Google",
      "Apple",
      "Mobile Iron"
    ],
    "project": [
      {
        "projectName": "Movie App",
        "technology": [
          "Kotlin",
          "SQL Lite",
          "Gradle",
          "Jenkins"
        ]
      },
      {
        "projectName": "Movie App",
        "technology": [
          "Kotlin",
          "SQL Lite",
          "Gradle",
          "Jenkins"
        ]
      }
    ]
  },
  {
    "jobId": 10,
    "jobTitle": "Software Engg-2",
    "jobDescription": "To develop andriod application",
    "experience": [
      "Google",
      "Apple",
      "Mobile Iron"
    ],
    "project": [
      {
        "projectName": "Movie App",
        "technology": [
          "Kotlin",
          "SQL Lite",
          "Gradle"
        ]
      }
    ]
  },
  {
    "jobId": 77,
    "jobTitle": "Software Engg-2",
    "jobDescription": "To develop andriod application",
    "experience": [
      "Google",
      "Apple",
      "Mobile Iron"
    ],
    "project": [
      {
        "projectName": "Movie App",
        "technology": [
          "Kotlin",
          "SQL Lite",
          "Gradle"
        ]
      }
    ]
  },
  {
    "jobId": 26,
    "jobTitle": "Software Engg-2",
    "jobDescription": "To develop andriod application",
    "experience": [
      "Google",
      "Apple",
      "Mobile Iron"
    ],
    "project": [
      {
        "projectName": "Movie App",
        "technology": [
          "Kotlin",
          "SQL Lite",
          "Gradle"
        ]
      }
    ]
  }
]
 
01:15:28.415 [pool-1-thread-4] DEBUG com.intuit.karate - response time in milliseconds: 75
1 < 200
1 < X-Content-Type-Options: nosniff
1 < X-XSS-Protection: 1; mode=block
1 < Cache-Control: no-cache, no-store, max-age=0, must-revalidate
1 < Pragma: no-cache
1 < Expires: 0
1 < X-Frame-Options: DENY
1 < Content-Type: application/json
1 < Transfer-Encoding: chunked
1 < Date: Wed, 19 Jan 2022 19:45:28 GMT
1 < Keep-Alive: timeout=60
1 < Connection: keep-alive
[{"jobId":1,"jobTitle":"Software Engg","jobDescription":"To develop andriod application","experience":["Google","Apple","Mobile Iron"],"project":[{"projectName":"Movie App","technology":["Kotlin","SQL Lite","Gradle"]}]},{"jobId":68,"jobTitle":"Software Engg-2","jobDescription":"To develop android application and web application","experience":["Google","Apple","Mobile Iron"],"project":[{"projectName":"Movie App","technology":["Kotlin","SQL Lite","Gradle","Jenkins"]},{"projectName":"Movie App","technology":["Kotlin","SQL Lite","Gradle","Jenkins"]}]},{"jobId":34,"jobTitle":"Software Engg-3","jobDescription":"To develop andriod application and web application","experience":["Google","Apple","Mobile Iron"],"project":[{"projectName":"Movie App","technology":["Kotlin","SQL Lite","Gradle","Jenkins"]},{"projectName":"Movie App","technology":["Kotlin","SQL Lite","Gradle","Jenkins"]}]},{"jobId":41,"jobTitle":"Software Engg-2","jobDescription":"To develop android application and web application","experience":["Google","Apple","Mobile Iron"],"project":[{"projectName":"Movie App","technology":["Kotlin","SQL Lite","Gradle","Jenkins"]},{"projectName":"Movie App","technology":["Kotlin","SQL Lite","Gradle","Jenkins"]}]},{"jobId":12,"jobTitle":"Software Engg-2","jobDescription":"To develop andriod application","experience":["Google","Apple","Mobile Iron"],"project":[{"projectName":"Movie App","technology":["Kotlin","SQL Lite","Gradle"]}]},{"jobId":73,"jobTitle":"Software Engg-3","jobDescription":"To develop andriod application and web application","experience":["Google","Apple","Mobile Iron"],"project":[{"projectName":"Movie App","technology":["Kotlin","SQL Lite","Gradle","Jenkins"]},{"projectName":"Movie App","technology":["Kotlin","SQL Lite","Gradle","Jenkins"]}]},{"jobId":99999,"jobTitle":"Software Engg-2","jobDescription":"To develop andriod application","experience":["Google","Apple","Mobile Iron"],"project":[{"projectName":"Movie App","technology":["Kotlin","SQL Lite","Gradle"]}]},{"jobId":38,"jobTitle":"Software Engg-3","jobDescription":"To develop andriod application and web application","experience":["Google","Apple","Mobile Iron"],"project":[{"projectName":"Movie App","technology":["Kotlin","SQL Lite","Gradle","Jenkins"]},{"projectName":"Movie App","technology":["Kotlin","SQL Lite","Gradle","Jenkins"]}]},{"jobId":96,"jobTitle":"Software Engg-3","jobDescription":"To develop andriod application and web application","experience":["Google","Apple","Mobile Iron"],"project":[{"projectName":"Movie App","technology":["Kotlin","SQL Lite","Gradle","Jenkins"]},{"projectName":"Movie App","technology":["Kotlin","SQL Lite","Gradle","Jenkins"]}]},{"jobId":48,"jobTitle":"Software Engg-2","jobDescription":"To develop andriod application","experience":["Google","Apple","Mobile Iron"],"project":[{"projectName":"Movie App","technology":["Kotlin","SQL Lite","Gradle"]}]},{"jobId":6,"jobTitle":"Software Engg-3","jobDescription":"To develop andriod application and web application","experience":["Google","Apple","Mobile Iron"],"project":[{"projectName":"Movie App","technology":["Kotlin","SQL Lite","Gradle","Jenkins"]},{"projectName":"Movie App","technology":["Kotlin","SQL Lite","Gradle","Jenkins"]}]},{"jobId":88,"jobTitle":"Software Engg-2","jobDescription":"To develop android application and web application","experience":["Google","Apple","Mobile Iron"],"project":[{"projectName":"Movie App","technology":["Kotlin","SQL Lite","Gradle"]}]},{"jobId":9,"jobTitle":"Software Engg-3","jobDescription":"To develop andriod application and web application","experience":["Google","Apple","Mobile Iron"],"project":[{"projectName":"Movie App","technology":["Kotlin","SQL Lite","Gradle","Jenkins"]},{"projectName":"Movie App","technology":["Kotlin","SQL Lite","Gradle","Jenkins"]}]},{"jobId":8,"jobTitle":"Software Engg-2","jobDescription":"To develop andriod application","experience":["Google","Apple","Mobile Iron"],"project":[{"projectName":"Movie App","technology":["Kotlin","SQL Lite","Gradle"]}]},{"jobId":7,"jobTitle":"Software Engg-3","jobDescription":"To develop andriod application and web application","experience":["Google","Apple","Mobile Iron"],"project":[{"projectName":"Movie App","technology":["Kotlin","SQL Lite","Gradle","Jenkins"]},{"projectName":"Movie App","technology":["Kotlin","SQL Lite","Gradle","Jenkins"]}]},{"jobId":13,"jobTitle":"Software Engg-2","jobDescription":"To develop andriod application","experience":["Google","Apple","Mobile Iron"],"project":[{"projectName":"Movie App","technology":["Kotlin","SQL Lite","Gradle"]}]},{"jobId":53,"jobTitle":"Software Engg-2","jobDescription":"To develop android application and web application","experience":["Google","Apple","Mobile Iron"],"project":[{"projectName":"Movie App","technology":["Kotlin","SQL Lite","Gradle"]}]},{"jobId":8,"jobTitle":"Software Engg-2","jobDescription":"To develop andriod application","experience":["Google","Apple","Mobile Iron"],"project":[{"projectName":"Movie App","technology":["Kotlin","SQL Lite","Gradle"]}]},{"jobId":8,"jobTitle":"Software Engg-2","jobDescription":"To develop andriod application","experience":["Google","Apple","Mobile Iron"],"project":[{"projectName":"Movie App","technology":["Kotlin","SQL Lite","Gradle"]}]},{"jobId":9980,"jobTitle":"Software Engg-2","jobDescription":"To develop android application","experience":["Google","Apple","Mobile Iron"],"project":[{"projectName":"Movie App","technology":["Kotlin","SQL Lite","Gradle"]}]},{"jobId":80,"jobTitle":"Software Engg-2","jobDescription":"To develop andriod application","experience":["Google","Apple","Mobile Iron"],"project":[{"projectName":"Movie App","technology":["Kotlin","SQL Lite","Gradle"]}]},{"jobId":49,"jobTitle":"Software Engg-2","jobDescription":"To develop android application and web application","experience":["Google","Apple","Mobile Iron"],"project":[{"projectName":"Movie App","technology":["Kotlin","SQL Lite","Gradle","Jenkins"]},{"projectName":"Movie App","technology":["Kotlin","SQL Lite","Gradle","Jenkins"]}]},{"jobId":82,"jobTitle":"Software Engg-3","jobDescription":"To develop andriod application and web application","experience":["Google","Apple","Mobile Iron"],"project":[{"projectName":"Movie App","technology":["Kotlin","SQL Lite","Gradle","Jenkins"]},{"projectName":"Movie App","technology":["Kotlin","SQL Lite","Gradle","Jenkins"]}]},{"jobId":45,"jobTitle":"Software Engg-3","jobDescription":"To develop andriod application and web application","experience":["Google","Apple","Mobile Iron"],"project":[{"projectName":"Movie App","technology":["Kotlin","SQL Lite","Gradle","Jenkins"]},{"projectName":"Movie App","technology":["Kotlin","SQL Lite","Gradle","Jenkins"]}]},{"jobId":26,"jobTitle":"Software Engg-2","jobDescription":"To develop andriod application","experience":["Google","Apple","Mobile Iron"],"project":[{"projectName":"Movie App","technology":["Kotlin","SQL Lite","Gradle"]}]},{"jobId":8,"jobTitle":"Software Engg-2","jobDescription":"To develop andriod application","experience":["Google","Apple","Mobile Iron"],"project":[{"projectName":"Movie App","technology":["Kotlin","SQL Lite","Gradle"]}]},{"jobId":75,"jobTitle":"Software Engg-2","jobDescription":"To develop andriod application","experience":["Google","Apple","Mobile Iron"],"project":[{"projectName":"Movie App","technology":["Kotlin","SQL Lite","Gradle"]}]},{"jobId":8,"jobTitle":"Software Engg-2","jobDescription":"To develop andriod application","experience":["Google","Apple","Mobile Iron"],"project":[{"projectName":"Movie App","technology":["Kotlin","SQL Lite","Gradle"]}]},{"jobId":9980,"jobTitle":"Software Engg-2","jobDescription":"To develop android application","experience":["Google","Apple","Mobile Iron"],"project":[{"projectName":"Movie App","technology":["Kotlin","SQL Lite","Gradle"]}]},{"jobId":84,"jobTitle":"Software Engg-2","jobDescription":"To develop andriod application","experience":["Google","Apple","Mobile Iron"],"project":[{"projectName":"Movie App","technology":["Kotlin","SQL Lite","Gradle"]}]},{"jobId":31,"jobTitle":"Software Engg-3","jobDescription":"To develop andriod application and web application","experience":["Google","Apple","Mobile Iron"],"project":[{"projectName":"Movie App","technology":["Kotlin","SQL Lite","Gradle","Jenkins"]},{"projectName":"Movie App","technology":["Kotlin","SQL Lite","Gradle","Jenkins"]}]},{"jobId":87,"jobTitle":"Software Engg-2","jobDescription":"To develop andriod application","experience":["Google","Apple","Mobile Iron"],"project":[{"projectName":"Movie App","technology":["Kotlin","SQL Lite","Gradle"]}]},{"jobId":93,"jobTitle":"Software Engg-3","jobDescription":"To develop andriod application and web application","experience":["Google","Apple","Mobile Iron"],"project":[{"projectName":"Movie App","technology":["Kotlin","SQL Lite","Gradle","Jenkins"]},{"projectName":"Movie App","technology":["Kotlin","SQL Lite","Gradle","Jenkins"]}]},{"jobId":53,"jobTitle":"Software Engg-2","jobDescription":"To develop andriod application","experience":["Google","Apple","Mobile Iron"],"project":[{"projectName":"Movie App","technology":["Kotlin","SQL Lite","Gradle"]}]},{"jobId":51,"jobTitle":"Software Engg-2","jobDescription":"To develop andriod application","experience":["Google","Apple","Mobile Iron"],"project":[{"projectName":"Movie App","technology":["Kotlin","SQL Lite","Gradle"]}]},{"jobId":19,"jobTitle":"Software Engg-2","jobDescription":"To develop andriod application","experience":["Google","Apple","Mobile Iron"],"project":[{"projectName":"Movie App","technology":["Kotlin","SQL Lite","Gradle"]}]},{"jobId":93,"jobTitle":"Software Engg-2","jobDescription":"To develop andriod application","experience":["Google","Apple","Mobile Iron"],"project":[{"projectName":"Movie App","technology":["Kotlin","SQL Lite","Gradle"]}]},{"jobId":32,"jobTitle":"Software Engg-2","jobDescription":"To develop android application and web application","experience":["Google","Apple","Mobile Iron"],"project":[{"projectName":"Movie App","technology":["Kotlin","SQL Lite","Gradle"]}]},{"jobId":71,"jobTitle":"Software Engg-2","jobDescription":"To develop android application and web application","experience":["Google","Apple","Mobile Iron"],"project":[{"projectName":"Movie App","technology":["Kotlin","SQL Lite","Gradle"]}]},{"jobId":23,"jobTitle":"Software Engg-2","jobDescription":"To develop android application and web application","experience":["Google","Apple","Mobile Iron"],"project":[{"projectName":"Movie App","technology":["Kotlin","SQL Lite","Gradle"]}]},{"jobId":31,"jobTitle":"Software Engg-2","jobDescription":"To develop andriod application","experience":["Google","Apple","Mobile Iron"],"project":[{"projectName":"Movie App","technology":["Kotlin","SQL Lite","Gradle"]}]},{"jobId":10,"jobTitle":"Software Engg-2","jobDescription":"To develop andriod application","experience":["Google","Apple","Mobile Iron"],"project":[{"projectName":"Movie App","technology":["Kotlin","SQL Lite","Gradle"]}]},{"jobId":8,"jobTitle":"Software Engg-2","jobDescription":"To develop andriod application","experience":["Google","Apple","Mobile Iron"],"project":[{"projectName":"Movie App","technology":["Kotlin","SQL Lite","Gradle"]}]},{"jobId":38,"jobTitle":"Software Engg-2","jobDescription":"To develop andriod application","experience":["Google","Apple","Mobile Iron"],"project":[{"projectName":"Movie App","technology":["Kotlin","SQL Lite","Gradle"]}]},{"jobId":8,"jobTitle":"Software Engg-2","jobDescription":"To develop andriod application","experience":["Google","Apple","Mobile Iron"],"project":[{"projectName":"Movie App","technology":["Kotlin","SQL Lite","Gradle"]}]},{"jobId":9980,"jobTitle":"Software Engg-2","jobDescription":"To develop android application","experience":["Google","Apple","Mobile Iron"],"project":[{"projectName":"Movie App","technology":["Kotlin","SQL Lite","Gradle"]}]},{"jobId":5,"jobTitle":"Software Engg-3","jobDescription":"To develop andriod application and web application","experience":["Google","Apple","Mobile Iron"],"project":[{"projectName":"Movie App","technology":["Kotlin","SQL Lite","Gradle","Jenkins"]},{"projectName":"Movie App","technology":["Kotlin","SQL Lite","Gradle","Jenkins"]}]},{"jobId":16,"jobTitle":"Software Engg-3","jobDescription":"To develop andriod application and web application","experience":["Google","Apple","Mobile Iron"],"project":[{"projectName":"Movie App","technology":["Kotlin","SQL Lite","Gradle","Jenkins"]},{"projectName":"Movie App","technology":["Kotlin","SQL Lite","Gradle","Jenkins"]}]},{"jobId":1,"jobTitle":"Software Engg-2","jobDescription":"To develop andriod application","experience":["Google","Apple","Mobile Iron"],"project":[{"projectName":"Movie App","technology":["Kotlin","SQL Lite","Gradle"]}]},{"jobId":7,"jobTitle":"Software Engg-2","jobDescription":"To develop andriod application","experience":["Google","Apple","Mobile Iron"],"project":[{"projectName":"Movie App","technology":["Kotlin","SQL Lite","Gradle"]}]},{"jobId":35,"jobTitle":"Software Engg-2","jobDescription":"To develop android application and web application","experience":["Google","Apple","Mobile Iron"],"project":[{"projectName":"Movie App","technology":["Kotlin","SQL Lite","Gradle"]}]},{"jobId":48,"jobTitle":"Software Engg-2","jobDescription":"To develop andriod application","experience":["Google","Apple","Mobile Iron"],"project":[{"projectName":"Movie App","technology":["Kotlin","SQL Lite","Gradle"]}]},{"jobId":2,"jobTitle":"Software Engg-2","jobDescription":"To develop andriod application","experience":["Google","Apple","Mobile Iron"],"project":[{"projectName":"Movie App","technology":["Kotlin","SQL Lite","Gradle"]}]},{"jobId":88,"jobTitle":"Software Engg-2","jobDescription":"To develop andriod application","experience":["Google","Apple","Mobile Iron"],"project":[{"projectName":"Movie App","technology":["Kotlin","SQL Lite","Gradle"]}]},{"jobId":21,"jobTitle":"Software Engg-2","jobDescription":"To develop andriod application","experience":["Google","Apple","Mobile Iron"],"project":[{"projectName":"Movie App","technology":["Kotlin","SQL Lite","Gradle"]}]},{"jobId":71,"jobTitle":"Software Engg-2","jobDescription":"To develop andriod application","experience":["Google","Apple","Mobile Iron"],"project":[{"projectName":"Movie App","technology":["Kotlin","SQL Lite","Gradle"]}]},{"jobId":8,"jobTitle":"Software Engg-2","jobDescription":"To develop andriod application","experience":["Google","Apple","Mobile Iron"],"project":[{"projectName":"Movie App","technology":["Kotlin","SQL Lite","Gradle"]}]},{"jobId":94,"jobTitle":"Software Engg-2","jobDescription":"To develop andriod application","experience":["Google","Apple","Mobile Iron"],"project":[{"projectName":"Movie App","technology":["Kotlin","SQL Lite","Gradle"]}]},{"jobId":8,"jobTitle":"Software Engg-2","jobDescription":"To develop andriod application","experience":["Google","Apple","Mobile Iron"],"project":[{"projectName":"Movie App","technology":["Kotlin","SQL Lite","Gradle"]}]},{"jobId":9980,"jobTitle":"Software Engg-2","jobDescription":"To develop android application","experience":["Google","Apple","Mobile Iron"],"project":[{"projectName":"Movie App","technology":["Kotlin","SQL Lite","Gradle"]}]},{"jobId":89,"jobTitle":"Software Engg-3","jobDescription":"To develop andriod application and web application","experience":["Google","Apple","Mobile Iron"],"project":[{"projectName":"Movie App","technology":["Kotlin","SQL Lite","Gradle","Jenkins"]},{"projectName":"Movie App","technology":["Kotlin","SQL Lite","Gradle","Jenkins"]}]},{"jobId":35,"jobTitle":"Software Engg-2","jobDescription":"To develop andriod application","experience":["Google","Apple","Mobile Iron"],"project":[{"projectName":"Movie App","technology":["Kotlin","SQL Lite","Gradle"]}]},{"jobId":77,"jobTitle":"Software Engg-2","jobDescription":"To develop android application and web application","experience":["Google","Apple","Mobile Iron"],"project":[{"projectName":"Movie App","technology":["Kotlin","SQL Lite","Gradle"]}]},{"jobId":50,"jobTitle":"Software Engg-3","jobDescription":"To develop andriod application and web application","experience":["Google","Apple","Mobile Iron"],"project":[{"projectName":"Movie App","technology":["Kotlin","SQL Lite","Gradle","Jenkins"]},{"projectName":"Movie App","technology":["Kotlin","SQL Lite","Gradle","Jenkins"]}]},{"jobId":33,"jobTitle":"Software Engg-2","jobDescription":"To develop andriod application","experience":["Google","Apple","Mobile Iron"],"project":[{"projectName":"Movie App","technology":["Kotlin","SQL Lite","Gradle"]}]},{"jobId":78,"jobTitle":"Software Engg-2","jobDescription":"To develop android application and web application","experience":["Google","Apple","Mobile Iron"],"project":[{"projectName":"Movie App","technology":["Kotlin","SQL Lite","Gradle"]}]},{"jobId":3,"jobTitle":"Software Engg-2","jobDescription":"To develop android application and web application","experience":["Google","Apple","Mobile Iron"],"project":[{"projectName":"Movie App","technology":["Kotlin","SQL Lite","Gradle"]}]},{"jobId":18,"jobTitle":"Software Engg-2","jobDescription":"To develop android application and web application","experience":["Google","Apple","Mobile Iron"],"project":[{"projectName":"Movie App","technology":["Kotlin","SQL Lite","Gradle"]}]},{"jobId":4,"jobTitle":"Software Engg-2","jobDescription":"To develop android application and web application","experience":["Google","Apple","Mobile Iron"],"project":[{"projectName":"Movie App","technology":["Kotlin","SQL Lite","Gradle"]}]},{"jobId":8,"jobTitle":"Software Engg-2","jobDescription":"To develop andriod application","experience":["Google","Apple","Mobile Iron"],"project":[{"projectName":"Movie App","technology":["Kotlin","SQL Lite","Gradle"]}]},{"jobId":9980,"jobTitle":"Software Engg-2","jobDescription":"To develop android application","experience":["Google","Apple","Mobile Iron"],"project":[{"projectName":"Movie App","technology":["Kotlin","SQL Lite","Gradle"]}]},{"jobId":8,"jobTitle":"Software Engg-2","jobDescription":"To develop andriod application","experience":["Google","Apple","Mobile Iron"],"project":[{"projectName":"Movie App","technology":["Kotlin","SQL Lite","Gradle"]}]},{"jobId":17,"jobTitle":"Software Engg-3","jobDescription":"To develop andriod application and web application","experience":["Google","Apple","Mobile Iron"],"project":[{"projectName":"Movie App","technology":["Kotlin","SQL Lite","Gradle","Jenkins"]},{"projectName":"Movie App","technology":["Kotlin","SQL Lite","Gradle","Jenkins"]}]},{"jobId":94,"jobTitle":"Software Engg-2","jobDescription":"To develop andriod application","experience":["Google","Apple","Mobile Iron"],"project":[{"projectName":"Movie App","technology":["Kotlin","SQL Lite","Gradle"]}]},{"jobId":83,"jobTitle":"Software Engg-3","jobDescription":"To develop andriod application and web application","experience":["Google","Apple","Mobile Iron"],"project":[{"projectName":"Movie App","technology":["Kotlin","SQL Lite","Gradle","Jenkins"]},{"projectName":"Movie App","technology":["Kotlin","SQL Lite","Gradle","Jenkins"]}]},{"jobId":75,"jobTitle":"Software Engg-2","jobDescription":"To develop andriod application","experience":["Google","Apple","Mobile Iron"],"project":[{"projectName":"Movie App","technology":["Kotlin","SQL Lite","Gradle"]}]},{"jobId":86,"jobTitle":"Software Engg-3","jobDescription":"To develop andriod application and web application","experience":["Google","Apple","Mobile Iron"],"project":[{"projectName":"Movie App","technology":["Kotlin","SQL Lite","Gradle","Jenkins"]},{"projectName":"Movie App","technology":["Kotlin","SQL Lite","Gradle","Jenkins"]}]},{"jobId":40,"jobTitle":"Software Engg-2","jobDescription":"To develop android application and web application","experience":["Google","Apple","Mobile Iron"],"project":[{"projectName":"Movie App","technology":["Kotlin","SQL Lite","Gradle"]}]},{"jobId":66,"jobTitle":"Software Engg-2","jobDescription":"To develop android application and web application","experience":["Google","Apple","Mobile Iron"],"project":[{"projectName":"Movie App","technology":["Kotlin","SQL Lite","Gradle"]}]},{"jobId":18,"jobTitle":"Software Engg-2","jobDescription":"To develop andriod application","experience":["Google","Apple","Mobile Iron"],"project":[{"projectName":"Movie App","technology":["Kotlin","SQL Lite","Gradle"]}]},{"jobId":42,"jobTitle":"Software Engg-2","jobDescription":"To develop andriod application","experience":["Google","Apple","Mobile Iron"],"project":[{"projectName":"Movie App","technology":["Kotlin","SQL Lite","Gradle"]}]},{"jobId":68,"jobTitle":"Software Engg-2","jobDescription":"To develop andriod application","experience":["Google","Apple","Mobile Iron"],"project":[{"projectName":"Movie App","technology":["Kotlin","SQL Lite","Gradle"]}]},{"jobId":96,"jobTitle":"Software Engg-2","jobDescription":"To develop andriod application","experience":["Google","Apple","Mobile Iron"],"project":[{"projectName":"Movie App","technology":["Kotlin","SQL Lite","Gradle"]}]},{"jobId":59,"jobTitle":"Software Engg-2","jobDescription":"To develop android application and web application","experience":["Google","Apple","Mobile Iron"],"project":[{"projectName":"Movie App","technology":["Kotlin","SQL Lite","Gradle"]}]},{"jobId":8,"jobTitle":"Software Engg-2","jobDescription":"To develop andriod application","experience":["Google","Apple","Mobile Iron"],"project":[{"projectName":"Movie App","technology":["Kotlin","SQL Lite","Gradle"]}]},{"jobId":32,"jobTitle":"Software Engg-2","jobDescription":"To develop andriod application","experience":["Google","Apple","Mobile Iron"],"project":[{"projectName":"Movie App","technology":["Kotlin","SQL Lite","Gradle"]}]},{"jobId":8,"jobTitle":"Software Engg-2","jobDescription":"To develop andriod application","experience":["Google","Apple","Mobile Iron"],"project":[{"projectName":"Movie App","technology":["Kotlin","SQL Lite","Gradle"]}]},{"jobId":9980,"jobTitle":"Software Engg-2","jobDescription":"To develop android application","experience":["Google","Apple","Mobile Iron"],"project":[{"projectName":"Movie App","technology":["Kotlin","SQL Lite","Gradle"]}]},{"jobId":6,"jobTitle":"Software Engg-2","jobDescription":"To develop andriod application","experience":["Google","Apple","Mobile Iron"],"project":[{"projectName":"Movie App","technology":["Kotlin","SQL Lite","Gradle"]}]},{"jobId":57,"jobTitle":"Software Engg-3","jobDescription":"To develop andriod application and web application","experience":["Google","Apple","Mobile Iron"],"project":[{"projectName":"Movie App","technology":["Kotlin","SQL Lite","Gradle","Jenkins"]},{"projectName":"Movie App","technology":["Kotlin","SQL Lite","Gradle","Jenkins"]}]},{"jobId":19,"jobTitle":"Software Engg-2","jobDescription":"To develop andriod application","experience":["Google","Apple","Mobile Iron"],"project":[{"projectName":"Movie App","technology":["Kotlin","SQL Lite","Gradle"]}]},{"jobId":29,"jobTitle":"Software Engg-3","jobDescription":"To develop andriod application and web application","experience":["Google","Apple","Mobile Iron"],"project":[{"projectName":"Movie App","technology":["Kotlin","SQL Lite","Gradle","Jenkins"]},{"projectName":"Movie App","technology":["Kotlin","SQL Lite","Gradle","Jenkins"]}]},{"jobId":90,"jobTitle":"Software Engg-2","jobDescription":"To develop android application and web application","experience":["Google","Apple","Mobile Iron"],"project":[{"projectName":"Movie App","technology":["Kotlin","SQL Lite","Gradle"]}]},{"jobId":60,"jobTitle":"Software Engg-3","jobDescription":"To develop andriod application and web application","experience":["Google","Apple","Mobile Iron"],"project":[{"projectName":"Movie App","technology":["Kotlin","SQL Lite","Gradle","Jenkins"]},{"projectName":"Movie App","technology":["Kotlin","SQL Lite","Gradle","Jenkins"]}]},{"jobId":92,"jobTitle":"Software Engg-2","jobDescription":"To develop android application and web application","experience":["Google","Apple","Mobile Iron"],"project":[{"projectName":"Movie App","technology":["Kotlin","SQL Lite","Gradle"]}]},{"jobId":90,"jobTitle":"Software Engg-2","jobDescription":"To develop andriod application","experience":["Google","Apple","Mobile Iron"],"project":[{"projectName":"Movie App","technology":["Kotlin","SQL Lite","Gradle"]}]},{"jobId":25,"jobTitle":"Software Engg-2","jobDescription":"To develop andriod application","experience":["Google","Apple","Mobile Iron"],"project":[{"projectName":"Movie App","technology":["Kotlin","SQL Lite","Gradle"]}]},{"jobId":0,"jobTitle":"Software Engg-2","jobDescription":"To develop android application and web application","experience":["Google","Apple","Mobile Iron"],"project":[{"projectName":"Movie App","technology":["Kotlin","SQL Lite","Gradle"]}]},{"jobId":53,"jobTitle":"Software Engg-2","jobDescription":"To develop andriod application","experience":["Google","Apple","Mobile Iron"],"project":[{"projectName":"Movie App","technology":["Kotlin","SQL Lite","Gradle"]}]},{"jobId":37,"jobTitle":"Software Engg-2","jobDescription":"To develop android application and web application","experience":["Google","Apple","Mobile Iron"],"project":[{"projectName":"Movie App","technology":["Kotlin","SQL Lite","Gradle"]}]},{"jobId":41,"jobTitle":"Software Engg-2","jobDescription":"To develop andriod application","experience":["Google","Apple","Mobile Iron"],"project":[{"projectName":"Movie App","technology":["Kotlin","SQL Lite","Gradle"]}]},{"jobId":40,"jobTitle":"Software Engg-2","jobDescription":"To develop andriod application","experience":["Google","Apple","Mobile Iron"],"project":[{"projectName":"Movie App","technology":["Kotlin","SQL Lite","Gradle"]}]},{"jobId":0,"jobTitle":"Software Engg-2","jobDescription":"To develop andriod application","experience":["Google","Apple","Mobile Iron"],"project":[{"projectName":"Movie App","technology":["Kotlin","SQL Lite","Gradle"]}]},{"jobId":76,"jobTitle":"Software Engg-2","jobDescription":"To develop andriod application","experience":["Google","Apple","Mobile Iron"],"project":[{"projectName":"Movie App","technology":["Kotlin","SQL Lite","Gradle"]}]},{"jobId":49,"jobTitle":"Software Engg-2","jobDescription":"To develop andriod application","experience":["Google","Apple","Mobile Iron"],"project":[{"projectName":"Movie App","technology":["Kotlin","SQL Lite","Gradle"]}]},{"jobId":9980,"jobTitle":"Software Engg-2","jobDescription":"To develop android application","experience":["Google","Apple","Mobile Iron"],"project":[{"projectName":"Movie App","technology":["Kotlin","SQL Lite","Gradle"]}]},{"jobId":8,"jobTitle":"Software Engg-2","jobDescription":"To develop andriod application","experience":["Google","Apple","Mobile Iron"],"project":[{"projectName":"Movie App","technology":["Kotlin","SQL Lite","Gradle"]}]},{"jobId":79,"jobTitle":"Software Engg-2","jobDescription":"To develop andriod application","experience":["Google","Apple","Mobile Iron"],"project":[{"projectName":"Movie App","technology":["Kotlin","SQL Lite","Gradle"]}]},{"jobId":8,"jobTitle":"Software Engg-2","jobDescription":"To develop andriod application","experience":["Google","Apple","Mobile Iron"],"project":[{"projectName":"Movie App","technology":["Kotlin","SQL Lite","Gradle"]}]},{"jobId":39,"jobTitle":"Software Engg-3","jobDescription":"To develop andriod application and web application","experience":["Google","Apple","Mobile Iron"],"project":[{"projectName":"Movie App","technology":["Kotlin","SQL Lite","Gradle","Jenkins"]},{"projectName":"Movie App","technology":["Kotlin","SQL Lite","Gradle","Jenkins"]}]},{"jobId":96,"jobTitle":"Software Engg-2","jobDescription":"To develop andriod application","experience":["Google","Apple","Mobile Iron"],"project":[{"projectName":"Movie App","technology":["Kotlin","SQL Lite","Gradle"]}]},{"jobId":28,"jobTitle":"Software Engg-3","jobDescription":"To develop andriod application and web application","experience":["Google","Apple","Mobile Iron"],"project":[{"projectName":"Movie App","technology":["Kotlin","SQL Lite","Gradle","Jenkins"]},{"projectName":"Movie App","technology":["Kotlin","SQL Lite","Gradle","Jenkins"]}]},{"jobId":80,"jobTitle":"Software Engg-2","jobDescription":"To develop andriod application","experience":["Google","Apple","Mobile Iron"],"project":[{"projectName":"Movie App","technology":["Kotlin","SQL Lite","Gradle"]}]},{"jobId":130,"jobTitle":"Software Engg-3","jobDescription":"To develop andriod application and web application","experience":["Google","Apple","Mobile Iron"],"project":[{"projectName":"Movie App","technology":["Kotlin","SQL Lite","Gradle","Jenkins"]},{"projectName":"Movie App","technology":["Kotlin","SQL Lite","Gradle","Jenkins"]}]},{"jobId":74,"jobTitle":"Software Engg-3","jobDescription":"To develop andriod application and web application","experience":["Google","Apple","Mobile Iron"],"project":[{"projectName":"Movie App","technology":["Kotlin","SQL Lite","Gradle","Jenkins"]},{"projectName":"Movie App","technology":["Kotlin","SQL Lite","Gradle","Jenkins"]}]},{"jobId":10,"jobTitle":"Software Engg-2","jobDescription":"To develop andriod application","experience":["Google","Apple","Mobile Iron"],"project":[{"projectName":"Movie App","technology":["Kotlin","SQL Lite","Gradle"]}]},{"jobId":77,"jobTitle":"Software Engg-2","jobDescription":"To develop andriod application","experience":["Google","Apple","Mobile Iron"],"project":[{"projectName":"Movie App","technology":["Kotlin","SQL Lite","Gradle"]}]},{"jobId":26,"jobTitle":"Software Engg-2","jobDescription":"To develop andriod application","experience":["Google","Apple","Mobile Iron"],"project":[{"projectName":"Movie App","technology":["Kotlin","SQL Lite","Gradle"]}]}]
01:15:28.418 [pool-1-thread-4] INFO  com.intuit.karate - [print] [
  {
    "jobId": 1,
    "jobTitle": "Software Engg",
    "jobDescription": "To develop andriod application",
    "experience": [
      "Google",
      "Apple",
      "Mobile Iron"
    ],
    "project": [
      {
        "projectName": "Movie App",
        "technology": [
          "Kotlin",
          "SQL Lite",
          "Gradle"
        ]
      }
    ]
  },
  {
    "jobId": 68,
    "jobTitle": "Software Engg-2",
    "jobDescription": "To develop android application and web application",
    "experience": [
      "Google",
      "Apple",
      "Mobile Iron"
    ],
    "project": [
      {
        "projectName": "Movie App",
        "technology": [
          "Kotlin",
          "SQL Lite",
          "Gradle",
          "Jenkins"
        ]
      },
      {
        "projectName": "Movie App",
        "technology": [
          "Kotlin",
          "SQL Lite",
          "Gradle",
          "Jenkins"
        ]
      }
    ]
  },
  {
    "jobId": 34,
    "jobTitle": "Software Engg-3",
    "jobDescription": "To develop andriod application and web application",
    "experience": [
      "Google",
      "Apple",
      "Mobile Iron"
    ],
    "project": [
      {
        "projectName": "Movie App",
        "technology": [
          "Kotlin",
          "SQL Lite",
          "Gradle",
          "Jenkins"
        ]
      },
      {
        "projectName": "Movie App",
        "technology": [
          "Kotlin",
          "SQL Lite",
          "Gradle",
          "Jenkins"
        ]
      }
    ]
  },
  {
    "jobId": 41,
    "jobTitle": "Software Engg-2",
    "jobDescription": "To develop android application and web application",
    "experience": [
      "Google",
      "Apple",
      "Mobile Iron"
    ],
    "project": [
      {
        "projectName": "Movie App",
        "technology": [
          "Kotlin",
          "SQL Lite",
          "Gradle",
          "Jenkins"
        ]
      },
      {
        "projectName": "Movie App",
        "technology": [
          "Kotlin",
          "SQL Lite",
          "Gradle",
          "Jenkins"
        ]
      }
    ]
  },
  {
    "jobId": 12,
    "jobTitle": "Software Engg-2",
    "jobDescription": "To develop andriod application",
    "experience": [
      "Google",
      "Apple",
      "Mobile Iron"
    ],
    "project": [
      {
        "projectName": "Movie App",
        "technology": [
          "Kotlin",
          "SQL Lite",
          "Gradle"
        ]
      }
    ]
  },
  {
    "jobId": 73,
    "jobTitle": "Software Engg-3",
    "jobDescription": "To develop andriod application and web application",
    "experience": [
      "Google",
      "Apple",
      "Mobile Iron"
    ],
    "project": [
      {
        "projectName": "Movie App",
        "technology": [
          "Kotlin",
          "SQL Lite",
          "Gradle",
          "Jenkins"
        ]
      },
      {
        "projectName": "Movie App",
        "technology": [
          "Kotlin",
          "SQL Lite",
          "Gradle",
          "Jenkins"
        ]
      }
    ]
  },
  {
    "jobId": 99999,
    "jobTitle": "Software Engg-2",
    "jobDescription": "To develop andriod application",
    "experience": [
      "Google",
      "Apple",
      "Mobile Iron"
    ],
    "project": [
      {
        "projectName": "Movie App",
        "technology": [
          "Kotlin",
          "SQL Lite",
          "Gradle"
        ]
      }
    ]
  },
  {
    "jobId": 38,
    "jobTitle": "Software Engg-3",
    "jobDescription": "To develop andriod application and web application",
    "experience": [
      "Google",
      "Apple",
      "Mobile Iron"
    ],
    "project": [
      {
        "projectName": "Movie App",
        "technology": [
          "Kotlin",
          "SQL Lite",
          "Gradle",
          "Jenkins"
        ]
      },
      {
        "projectName": "Movie App",
        "technology": [
          "Kotlin",
          "SQL Lite",
          "Gradle",
          "Jenkins"
        ]
      }
    ]
  },
  {
    "jobId": 96,
    "jobTitle": "Software Engg-3",
    "jobDescription": "To develop andriod application and web application",
    "experience": [
      "Google",
      "Apple",
      "Mobile Iron"
    ],
    "project": [
      {
        "projectName": "Movie App",
        "technology": [
          "Kotlin",
          "SQL Lite",
          "Gradle",
          "Jenkins"
        ]
      },
      {
        "projectName": "Movie App",
        "technology": [
          "Kotlin",
          "SQL Lite",
          "Gradle",
          "Jenkins"
        ]
      }
    ]
  },
  {
    "jobId": 48,
    "jobTitle": "Software Engg-2",
    "jobDescription": "To develop andriod application",
    "experience": [
      "Google",
      "Apple",
      "Mobile Iron"
    ],
    "project": [
      {
        "projectName": "Movie App",
        "technology": [
          "Kotlin",
          "SQL Lite",
          "Gradle"
        ]
      }
    ]
  },
  {
    "jobId": 6,
    "jobTitle": "Software Engg-3",
    "jobDescription": "To develop andriod application and web application",
    "experience": [
      "Google",
      "Apple",
      "Mobile Iron"
    ],
    "project": [
      {
        "projectName": "Movie App",
        "technology": [
          "Kotlin",
          "SQL Lite",
          "Gradle",
          "Jenkins"
        ]
      },
      {
        "projectName": "Movie App",
        "technology": [
          "Kotlin",
          "SQL Lite",
          "Gradle",
          "Jenkins"
        ]
      }
    ]
  },
  {
    "jobId": 88,
    "jobTitle": "Software Engg-2",
    "jobDescription": "To develop android application and web application",
    "experience": [
      "Google",
      "Apple",
      "Mobile Iron"
    ],
    "project": [
      {
        "projectName": "Movie App",
        "technology": [
          "Kotlin",
          "SQL Lite",
          "Gradle"
        ]
      }
    ]
  },
  {
    "jobId": 9,
    "jobTitle": "Software Engg-3",
    "jobDescription": "To develop andriod application and web application",
    "experience": [
      "Google",
      "Apple",
      "Mobile Iron"
    ],
    "project": [
      {
        "projectName": "Movie App",
        "technology": [
          "Kotlin",
          "SQL Lite",
          "Gradle",
          "Jenkins"
        ]
      },
      {
        "projectName": "Movie App",
        "technology": [
          "Kotlin",
          "SQL Lite",
          "Gradle",
          "Jenkins"
        ]
      }
    ]
  },
  {
    "jobId": 8,
    "jobTitle": "Software Engg-2",
    "jobDescription": "To develop andriod application",
    "experience": [
      "Google",
      "Apple",
      "Mobile Iron"
    ],
    "project": [
      {
        "projectName": "Movie App",
        "technology": [
          "Kotlin",
          "SQL Lite",
          "Gradle"
        ]
      }
    ]
  },
  {
    "jobId": 7,
    "jobTitle": "Software Engg-3",
    "jobDescription": "To develop andriod application and web application",
    "experience": [
      "Google",
      "Apple",
      "Mobile Iron"
    ],
    "project": [
      {
        "projectName": "Movie App",
        "technology": [
          "Kotlin",
          "SQL Lite",
          "Gradle",
          "Jenkins"
        ]
      },
      {
        "projectName": "Movie App",
        "technology": [
          "Kotlin",
          "SQL Lite",
          "Gradle",
          "Jenkins"
        ]
      }
    ]
  },
  {
    "jobId": 13,
    "jobTitle": "Software Engg-2",
    "jobDescription": "To develop andriod application",
    "experience": [
      "Google",
      "Apple",
      "Mobile Iron"
    ],
    "project": [
      {
        "projectName": "Movie App",
        "technology": [
          "Kotlin",
          "SQL Lite",
          "Gradle"
        ]
      }
    ]
  },
  {
    "jobId": 53,
    "jobTitle": "Software Engg-2",
    "jobDescription": "To develop android application and web application",
    "experience": [
      "Google",
      "Apple",
      "Mobile Iron"
    ],
    "project": [
      {
        "projectName": "Movie App",
        "technology": [
          "Kotlin",
          "SQL Lite",
          "Gradle"
        ]
      }
    ]
  },
  {
    "jobId": 8,
    "jobTitle": "Software Engg-2",
    "jobDescription": "To develop andriod application",
    "experience": [
      "Google",
      "Apple",
      "Mobile Iron"
    ],
    "project": [
      {
        "projectName": "Movie App",
        "technology": [
          "Kotlin",
          "SQL Lite",
          "Gradle"
        ]
      }
    ]
  },
  {
    "jobId": 8,
    "jobTitle": "Software Engg-2",
    "jobDescription": "To develop andriod application",
    "experience": [
      "Google",
      "Apple",
      "Mobile Iron"
    ],
    "project": [
      {
        "projectName": "Movie App",
        "technology": [
          "Kotlin",
          "SQL Lite",
          "Gradle"
        ]
      }
    ]
  },
  {
    "jobId": 9980,
    "jobTitle": "Software Engg-2",
    "jobDescription": "To develop android application",
    "experience": [
      "Google",
      "Apple",
      "Mobile Iron"
    ],
    "project": [
      {
        "projectName": "Movie App",
        "technology": [
          "Kotlin",
          "SQL Lite",
          "Gradle"
        ]
      }
    ]
  },
  {
    "jobId": 80,
    "jobTitle": "Software Engg-2",
    "jobDescription": "To develop andriod application",
    "experience": [
      "Google",
      "Apple",
      "Mobile Iron"
    ],
    "project": [
      {
        "projectName": "Movie App",
        "technology": [
          "Kotlin",
          "SQL Lite",
          "Gradle"
        ]
      }
    ]
  },
  {
    "jobId": 49,
    "jobTitle": "Software Engg-2",
    "jobDescription": "To develop android application and web application",
    "experience": [
      "Google",
      "Apple",
      "Mobile Iron"
    ],
    "project": [
      {
        "projectName": "Movie App",
        "technology": [
          "Kotlin",
          "SQL Lite",
          "Gradle",
          "Jenkins"
        ]
      },
      {
        "projectName": "Movie App",
        "technology": [
          "Kotlin",
          "SQL Lite",
          "Gradle",
          "Jenkins"
        ]
      }
    ]
  },
  {
    "jobId": 82,
    "jobTitle": "Software Engg-3",
    "jobDescription": "To develop andriod application and web application",
    "experience": [
      "Google",
      "Apple",
      "Mobile Iron"
    ],
    "project": [
      {
        "projectName": "Movie App",
        "technology": [
          "Kotlin",
          "SQL Lite",
          "Gradle",
          "Jenkins"
        ]
      },
      {
        "projectName": "Movie App",
        "technology": [
          "Kotlin",
          "SQL Lite",
          "Gradle",
          "Jenkins"
        ]
      }
    ]
  },
  {
    "jobId": 45,
    "jobTitle": "Software Engg-3",
    "jobDescription": "To develop andriod application and web application",
    "experience": [
      "Google",
      "Apple",
      "Mobile Iron"
    ],
    "project": [
      {
        "projectName": "Movie App",
        "technology": [
          "Kotlin",
          "SQL Lite",
          "Gradle",
          "Jenkins"
        ]
      },
      {
        "projectName": "Movie App",
        "technology": [
          "Kotlin",
          "SQL Lite",
          "Gradle",
          "Jenkins"
        ]
      }
    ]
  },
  {
    "jobId": 26,
    "jobTitle": "Software Engg-2",
    "jobDescription": "To develop andriod application",
    "experience": [
      "Google",
      "Apple",
      "Mobile Iron"
    ],
    "project": [
      {
        "projectName": "Movie App",
        "technology": [
          "Kotlin",
          "SQL Lite",
          "Gradle"
        ]
      }
    ]
  },
  {
    "jobId": 8,
    "jobTitle": "Software Engg-2",
    "jobDescription": "To develop andriod application",
    "experience": [
      "Google",
      "Apple",
      "Mobile Iron"
    ],
    "project": [
      {
        "projectName": "Movie App",
        "technology": [
          "Kotlin",
          "SQL Lite",
          "Gradle"
        ]
      }
    ]
  },
  {
    "jobId": 75,
    "jobTitle": "Software Engg-2",
    "jobDescription": "To develop andriod application",
    "experience": [
      "Google",
      "Apple",
      "Mobile Iron"
    ],
    "project": [
      {
        "projectName": "Movie App",
        "technology": [
          "Kotlin",
          "SQL Lite",
          "Gradle"
        ]
      }
    ]
  },
  {
    "jobId": 8,
    "jobTitle": "Software Engg-2",
    "jobDescription": "To develop andriod application",
    "experience": [
      "Google",
      "Apple",
      "Mobile Iron"
    ],
    "project": [
      {
        "projectName": "Movie App",
        "technology": [
          "Kotlin",
          "SQL Lite",
          "Gradle"
        ]
      }
    ]
  },
  {
    "jobId": 9980,
    "jobTitle": "Software Engg-2",
    "jobDescription": "To develop android application",
    "experience": [
      "Google",
      "Apple",
      "Mobile Iron"
    ],
    "project": [
      {
        "projectName": "Movie App",
        "technology": [
          "Kotlin",
          "SQL Lite",
          "Gradle"
        ]
      }
    ]
  },
  {
    "jobId": 84,
    "jobTitle": "Software Engg-2",
    "jobDescription": "To develop andriod application",
    "experience": [
      "Google",
      "Apple",
      "Mobile Iron"
    ],
    "project": [
      {
        "projectName": "Movie App",
        "technology": [
          "Kotlin",
          "SQL Lite",
          "Gradle"
        ]
      }
    ]
  },
  {
    "jobId": 31,
    "jobTitle": "Software Engg-3",
    "jobDescription": "To develop andriod application and web application",
    "experience": [
      "Google",
      "Apple",
      "Mobile Iron"
    ],
    "project": [
      {
        "projectName": "Movie App",
        "technology": [
          "Kotlin",
          "SQL Lite",
          "Gradle",
          "Jenkins"
        ]
      },
      {
        "projectName": "Movie App",
        "technology": [
          "Kotlin",
          "SQL Lite",
          "Gradle",
          "Jenkins"
        ]
      }
    ]
  },
  {
    "jobId": 87,
    "jobTitle": "Software Engg-2",
    "jobDescription": "To develop andriod application",
    "experience": [
      "Google",
      "Apple",
      "Mobile Iron"
    ],
    "project": [
      {
        "projectName": "Movie App",
        "technology": [
          "Kotlin",
          "SQL Lite",
          "Gradle"
        ]
      }
    ]
  },
  {
    "jobId": 93,
    "jobTitle": "Software Engg-3",
    "jobDescription": "To develop andriod application and web application",
    "experience": [
      "Google",
      "Apple",
      "Mobile Iron"
    ],
    "project": [
      {
        "projectName": "Movie App",
        "technology": [
          "Kotlin",
          "SQL Lite",
          "Gradle",
          "Jenkins"
        ]
      },
      {
        "projectName": "Movie App",
        "technology": [
          "Kotlin",
          "SQL Lite",
          "Gradle",
          "Jenkins"
        ]
      }
    ]
  },
  {
    "jobId": 53,
    "jobTitle": "Software Engg-2",
    "jobDescription": "To develop andriod application",
    "experience": [
      "Google",
      "Apple",
      "Mobile Iron"
    ],
    "project": [
      {
        "projectName": "Movie App",
        "technology": [
          "Kotlin",
          "SQL Lite",
          "Gradle"
        ]
      }
    ]
  },
  {
    "jobId": 51,
    "jobTitle": "Software Engg-2",
    "jobDescription": "To develop andriod application",
    "experience": [
      "Google",
      "Apple",
      "Mobile Iron"
    ],
    "project": [
      {
        "projectName": "Movie App",
        "technology": [
          "Kotlin",
          "SQL Lite",
          "Gradle"
        ]
      }
    ]
  },
  {
    "jobId": 19,
    "jobTitle": "Software Engg-2",
    "jobDescription": "To develop andriod application",
    "experience": [
      "Google",
      "Apple",
      "Mobile Iron"
    ],
    "project": [
      {
        "projectName": "Movie App",
        "technology": [
          "Kotlin",
          "SQL Lite",
          "Gradle"
        ]
      }
    ]
  },
  {
    "jobId": 93,
    "jobTitle": "Software Engg-2",
    "jobDescription": "To develop andriod application",
    "experience": [
      "Google",
      "Apple",
      "Mobile Iron"
    ],
    "project": [
      {
        "projectName": "Movie App",
        "technology": [
          "Kotlin",
          "SQL Lite",
          "Gradle"
        ]
      }
    ]
  },
  {
    "jobId": 32,
    "jobTitle": "Software Engg-2",
    "jobDescription": "To develop android application and web application",
    "experience": [
      "Google",
      "Apple",
      "Mobile Iron"
    ],
    "project": [
      {
        "projectName": "Movie App",
        "technology": [
          "Kotlin",
          "SQL Lite",
          "Gradle"
        ]
      }
    ]
  },
  {
    "jobId": 71,
    "jobTitle": "Software Engg-2",
    "jobDescription": "To develop android application and web application",
    "experience": [
      "Google",
      "Apple",
      "Mobile Iron"
    ],
    "project": [
      {
        "projectName": "Movie App",
        "technology": [
          "Kotlin",
          "SQL Lite",
          "Gradle"
        ]
      }
    ]
  },
  {
    "jobId": 23,
    "jobTitle": "Software Engg-2",
    "jobDescription": "To develop android application and web application",
    "experience": [
      "Google",
      "Apple",
      "Mobile Iron"
    ],
    "project": [
      {
        "projectName": "Movie App",
        "technology": [
          "Kotlin",
          "SQL Lite",
          "Gradle"
        ]
      }
    ]
  },
  {
    "jobId": 31,
    "jobTitle": "Software Engg-2",
    "jobDescription": "To develop andriod application",
    "experience": [
      "Google",
      "Apple",
      "Mobile Iron"
    ],
    "project": [
      {
        "projectName": "Movie App",
        "technology": [
          "Kotlin",
          "SQL Lite",
          "Gradle"
        ]
      }
    ]
  },
  {
    "jobId": 10,
    "jobTitle": "Software Engg-2",
    "jobDescription": "To develop andriod application",
    "experience": [
      "Google",
      "Apple",
      "Mobile Iron"
    ],
    "project": [
      {
        "projectName": "Movie App",
        "technology": [
          "Kotlin",
          "SQL Lite",
          "Gradle"
        ]
      }
    ]
  },
  {
    "jobId": 8,
    "jobTitle": "Software Engg-2",
    "jobDescription": "To develop andriod application",
    "experience": [
      "Google",
      "Apple",
      "Mobile Iron"
    ],
    "project": [
      {
        "projectName": "Movie App",
        "technology": [
          "Kotlin",
          "SQL Lite",
          "Gradle"
        ]
      }
    ]
  },
  {
    "jobId": 38,
    "jobTitle": "Software Engg-2",
    "jobDescription": "To develop andriod application",
    "experience": [
      "Google",
      "Apple",
      "Mobile Iron"
    ],
    "project": [
      {
        "projectName": "Movie App",
        "technology": [
          "Kotlin",
          "SQL Lite",
          "Gradle"
        ]
      }
    ]
  },
  {
    "jobId": 8,
    "jobTitle": "Software Engg-2",
    "jobDescription": "To develop andriod application",
    "experience": [
      "Google",
      "Apple",
      "Mobile Iron"
    ],
    "project": [
      {
        "projectName": "Movie App",
        "technology": [
          "Kotlin",
          "SQL Lite",
          "Gradle"
        ]
      }
    ]
  },
  {
    "jobId": 9980,
    "jobTitle": "Software Engg-2",
    "jobDescription": "To develop android application",
    "experience": [
      "Google",
      "Apple",
      "Mobile Iron"
    ],
    "project": [
      {
        "projectName": "Movie App",
        "technology": [
          "Kotlin",
          "SQL Lite",
          "Gradle"
        ]
      }
    ]
  },
  {
    "jobId": 5,
    "jobTitle": "Software Engg-3",
    "jobDescription": "To develop andriod application and web application",
    "experience": [
      "Google",
      "Apple",
      "Mobile Iron"
    ],
    "project": [
      {
        "projectName": "Movie App",
        "technology": [
          "Kotlin",
          "SQL Lite",
          "Gradle",
          "Jenkins"
        ]
      },
      {
        "projectName": "Movie App",
        "technology": [
          "Kotlin",
          "SQL Lite",
          "Gradle",
          "Jenkins"
        ]
      }
    ]
  },
  {
    "jobId": 16,
    "jobTitle": "Software Engg-3",
    "jobDescription": "To develop andriod application and web application",
    "experience": [
      "Google",
      "Apple",
      "Mobile Iron"
    ],
    "project": [
      {
        "projectName": "Movie App",
        "technology": [
          "Kotlin",
          "SQL Lite",
          "Gradle",
          "Jenkins"
        ]
      },
      {
        "projectName": "Movie App",
        "technology": [
          "Kotlin",
          "SQL Lite",
          "Gradle",
          "Jenkins"
        ]
      }
    ]
  },
  {
    "jobId": 1,
    "jobTitle": "Software Engg-2",
    "jobDescription": "To develop andriod application",
    "experience": [
      "Google",
      "Apple",
      "Mobile Iron"
    ],
    "project": [
      {
        "projectName": "Movie App",
        "technology": [
          "Kotlin",
          "SQL Lite",
          "Gradle"
        ]
      }
    ]
  },
  {
    "jobId": 7,
    "jobTitle": "Software Engg-2",
    "jobDescription": "To develop andriod application",
    "experience": [
      "Google",
      "Apple",
      "Mobile Iron"
    ],
    "project": [
      {
        "projectName": "Movie App",
        "technology": [
          "Kotlin",
          "SQL Lite",
          "Gradle"
        ]
      }
    ]
  },
  {
    "jobId": 35,
    "jobTitle": "Software Engg-2",
    "jobDescription": "To develop android application and web application",
    "experience": [
      "Google",
      "Apple",
      "Mobile Iron"
    ],
    "project": [
      {
        "projectName": "Movie App",
        "technology": [
          "Kotlin",
          "SQL Lite",
          "Gradle"
        ]
      }
    ]
  },
  {
    "jobId": 48,
    "jobTitle": "Software Engg-2",
    "jobDescription": "To develop andriod application",
    "experience": [
      "Google",
      "Apple",
      "Mobile Iron"
    ],
    "project": [
      {
        "projectName": "Movie App",
        "technology": [
          "Kotlin",
          "SQL Lite",
          "Gradle"
        ]
      }
    ]
  },
  {
    "jobId": 2,
    "jobTitle": "Software Engg-2",
    "jobDescription": "To develop andriod application",
    "experience": [
      "Google",
      "Apple",
      "Mobile Iron"
    ],
    "project": [
      {
        "projectName": "Movie App",
        "technology": [
          "Kotlin",
          "SQL Lite",
          "Gradle"
        ]
      }
    ]
  },
  {
    "jobId": 88,
    "jobTitle": "Software Engg-2",
    "jobDescription": "To develop andriod application",
    "experience": [
      "Google",
      "Apple",
      "Mobile Iron"
    ],
    "project": [
      {
        "projectName": "Movie App",
        "technology": [
          "Kotlin",
          "SQL Lite",
          "Gradle"
        ]
      }
    ]
  },
  {
    "jobId": 21,
    "jobTitle": "Software Engg-2",
    "jobDescription": "To develop andriod application",
    "experience": [
      "Google",
      "Apple",
      "Mobile Iron"
    ],
    "project": [
      {
        "projectName": "Movie App",
        "technology": [
          "Kotlin",
          "SQL Lite",
          "Gradle"
        ]
      }
    ]
  },
  {
    "jobId": 71,
    "jobTitle": "Software Engg-2",
    "jobDescription": "To develop andriod application",
    "experience": [
      "Google",
      "Apple",
      "Mobile Iron"
    ],
    "project": [
      {
        "projectName": "Movie App",
        "technology": [
          "Kotlin",
          "SQL Lite",
          "Gradle"
        ]
      }
    ]
  },
  {
    "jobId": 8,
    "jobTitle": "Software Engg-2",
    "jobDescription": "To develop andriod application",
    "experience": [
      "Google",
      "Apple",
      "Mobile Iron"
    ],
    "project": [
      {
        "projectName": "Movie App",
        "technology": [
          "Kotlin",
          "SQL Lite",
          "Gradle"
        ]
      }
    ]
  },
  {
    "jobId": 94,
    "jobTitle": "Software Engg-2",
    "jobDescription": "To develop andriod application",
    "experience": [
      "Google",
      "Apple",
      "Mobile Iron"
    ],
    "project": [
      {
        "projectName": "Movie App",
        "technology": [
          "Kotlin",
          "SQL Lite",
          "Gradle"
        ]
      }
    ]
  },
  {
    "jobId": 8,
    "jobTitle": "Software Engg-2",
    "jobDescription": "To develop andriod application",
    "experience": [
      "Google",
      "Apple",
      "Mobile Iron"
    ],
    "project": [
      {
        "projectName": "Movie App",
        "technology": [
          "Kotlin",
          "SQL Lite",
          "Gradle"
        ]
      }
    ]
  },
  {
    "jobId": 9980,
    "jobTitle": "Software Engg-2",
    "jobDescription": "To develop android application",
    "experience": [
      "Google",
      "Apple",
      "Mobile Iron"
    ],
    "project": [
      {
        "projectName": "Movie App",
        "technology": [
          "Kotlin",
          "SQL Lite",
          "Gradle"
        ]
      }
    ]
  },
  {
    "jobId": 89,
    "jobTitle": "Software Engg-3",
    "jobDescription": "To develop andriod application and web application",
    "experience": [
      "Google",
      "Apple",
      "Mobile Iron"
    ],
    "project": [
      {
        "projectName": "Movie App",
        "technology": [
          "Kotlin",
          "SQL Lite",
          "Gradle",
          "Jenkins"
        ]
      },
      {
        "projectName": "Movie App",
        "technology": [
          "Kotlin",
          "SQL Lite",
          "Gradle",
          "Jenkins"
        ]
      }
    ]
  },
  {
    "jobId": 35,
    "jobTitle": "Software Engg-2",
    "jobDescription": "To develop andriod application",
    "experience": [
      "Google",
      "Apple",
      "Mobile Iron"
    ],
    "project": [
      {
        "projectName": "Movie App",
        "technology": [
          "Kotlin",
          "SQL Lite",
          "Gradle"
        ]
      }
    ]
  },
  {
    "jobId": 77,
    "jobTitle": "Software Engg-2",
    "jobDescription": "To develop android application and web application",
    "experience": [
      "Google",
      "Apple",
      "Mobile Iron"
    ],
    "project": [
      {
        "projectName": "Movie App",
        "technology": [
          "Kotlin",
          "SQL Lite",
          "Gradle"
        ]
      }
    ]
  },
  {
    "jobId": 50,
    "jobTitle": "Software Engg-3",
    "jobDescription": "To develop andriod application and web application",
    "experience": [
      "Google",
      "Apple",
      "Mobile Iron"
    ],
    "project": [
      {
        "projectName": "Movie App",
        "technology": [
          "Kotlin",
          "SQL Lite",
          "Gradle",
          "Jenkins"
        ]
      },
      {
        "projectName": "Movie App",
        "technology": [
          "Kotlin",
          "SQL Lite",
          "Gradle",
          "Jenkins"
        ]
      }
    ]
  },
  {
    "jobId": 33,
    "jobTitle": "Software Engg-2",
    "jobDescription": "To develop andriod application",
    "experience": [
      "Google",
      "Apple",
      "Mobile Iron"
    ],
    "project": [
      {
        "projectName": "Movie App",
        "technology": [
          "Kotlin",
          "SQL Lite",
          "Gradle"
        ]
      }
    ]
  },
  {
    "jobId": 78,
    "jobTitle": "Software Engg-2",
    "jobDescription": "To develop android application and web application",
    "experience": [
      "Google",
      "Apple",
      "Mobile Iron"
    ],
    "project": [
      {
        "projectName": "Movie App",
        "technology": [
          "Kotlin",
          "SQL Lite",
          "Gradle"
        ]
      }
    ]
  },
  {
    "jobId": 3,
    "jobTitle": "Software Engg-2",
    "jobDescription": "To develop android application and web application",
    "experience": [
      "Google",
      "Apple",
      "Mobile Iron"
    ],
    "project": [
      {
        "projectName": "Movie App",
        "technology": [
          "Kotlin",
          "SQL Lite",
          "Gradle"
        ]
      }
    ]
  },
  {
    "jobId": 18,
    "jobTitle": "Software Engg-2",
    "jobDescription": "To develop android application and web application",
    "experience": [
      "Google",
      "Apple",
      "Mobile Iron"
    ],
    "project": [
      {
        "projectName": "Movie App",
        "technology": [
          "Kotlin",
          "SQL Lite",
          "Gradle"
        ]
      }
    ]
  },
  {
    "jobId": 4,
    "jobTitle": "Software Engg-2",
    "jobDescription": "To develop android application and web application",
    "experience": [
      "Google",
      "Apple",
      "Mobile Iron"
    ],
    "project": [
      {
        "projectName": "Movie App",
        "technology": [
          "Kotlin",
          "SQL Lite",
          "Gradle"
        ]
      }
    ]
  },
  {
    "jobId": 8,
    "jobTitle": "Software Engg-2",
    "jobDescription": "To develop andriod application",
    "experience": [
      "Google",
      "Apple",
      "Mobile Iron"
    ],
    "project": [
      {
        "projectName": "Movie App",
        "technology": [
          "Kotlin",
          "SQL Lite",
          "Gradle"
        ]
      }
    ]
  },
  {
    "jobId": 9980,
    "jobTitle": "Software Engg-2",
    "jobDescription": "To develop android application",
    "experience": [
      "Google",
      "Apple",
      "Mobile Iron"
    ],
    "project": [
      {
        "projectName": "Movie App",
        "technology": [
          "Kotlin",
          "SQL Lite",
          "Gradle"
        ]
      }
    ]
  },
  {
    "jobId": 8,
    "jobTitle": "Software Engg-2",
    "jobDescription": "To develop andriod application",
    "experience": [
      "Google",
      "Apple",
      "Mobile Iron"
    ],
    "project": [
      {
        "projectName": "Movie App",
        "technology": [
          "Kotlin",
          "SQL Lite",
          "Gradle"
        ]
      }
    ]
  },
  {
    "jobId": 17,
    "jobTitle": "Software Engg-3",
    "jobDescription": "To develop andriod application and web application",
    "experience": [
      "Google",
      "Apple",
      "Mobile Iron"
    ],
    "project": [
      {
        "projectName": "Movie App",
        "technology": [
          "Kotlin",
          "SQL Lite",
          "Gradle",
          "Jenkins"
        ]
      },
      {
        "projectName": "Movie App",
        "technology": [
          "Kotlin",
          "SQL Lite",
          "Gradle",
          "Jenkins"
        ]
      }
    ]
  },
  {
    "jobId": 94,
    "jobTitle": "Software Engg-2",
    "jobDescription": "To develop andriod application",
    "experience": [
      "Google",
      "Apple",
      "Mobile Iron"
    ],
    "project": [
      {
        "projectName": "Movie App",
        "technology": [
          "Kotlin",
          "SQL Lite",
          "Gradle"
        ]
      }
    ]
  },
  {
    "jobId": 83,
    "jobTitle": "Software Engg-3",
    "jobDescription": "To develop andriod application and web application",
    "experience": [
      "Google",
      "Apple",
      "Mobile Iron"
    ],
    "project": [
      {
        "projectName": "Movie App",
        "technology": [
          "Kotlin",
          "SQL Lite",
          "Gradle",
          "Jenkins"
        ]
      },
      {
        "projectName": "Movie App",
        "technology": [
          "Kotlin",
          "SQL Lite",
          "Gradle",
          "Jenkins"
        ]
      }
    ]
  },
  {
    "jobId": 75,
    "jobTitle": "Software Engg-2",
    "jobDescription": "To develop andriod application",
    "experience": [
      "Google",
      "Apple",
      "Mobile Iron"
    ],
    "project": [
      {
        "projectName": "Movie App",
        "technology": [
          "Kotlin",
          "SQL Lite",
          "Gradle"
        ]
      }
    ]
  },
  {
    "jobId": 86,
    "jobTitle": "Software Engg-3",
    "jobDescription": "To develop andriod application and web application",
    "experience": [
      "Google",
      "Apple",
      "Mobile Iron"
    ],
    "project": [
      {
        "projectName": "Movie App",
        "technology": [
          "Kotlin",
          "SQL Lite",
          "Gradle",
          "Jenkins"
        ]
      },
      {
        "projectName": "Movie App",
        "technology": [
          "Kotlin",
          "SQL Lite",
          "Gradle",
          "Jenkins"
        ]
      }
    ]
  },
  {
    "jobId": 40,
    "jobTitle": "Software Engg-2",
    "jobDescription": "To develop android application and web application",
    "experience": [
      "Google",
      "Apple",
      "Mobile Iron"
    ],
    "project": [
      {
        "projectName": "Movie App",
        "technology": [
          "Kotlin",
          "SQL Lite",
          "Gradle"
        ]
      }
    ]
  },
  {
    "jobId": 66,
    "jobTitle": "Software Engg-2",
    "jobDescription": "To develop android application and web application",
    "experience": [
      "Google",
      "Apple",
      "Mobile Iron"
    ],
    "project": [
      {
        "projectName": "Movie App",
        "technology": [
          "Kotlin",
          "SQL Lite",
          "Gradle"
        ]
      }
    ]
  },
  {
    "jobId": 18,
    "jobTitle": "Software Engg-2",
    "jobDescription": "To develop andriod application",
    "experience": [
      "Google",
      "Apple",
      "Mobile Iron"
    ],
    "project": [
      {
        "projectName": "Movie App",
        "technology": [
          "Kotlin",
          "SQL Lite",
          "Gradle"
        ]
      }
    ]
  },
  {
    "jobId": 42,
    "jobTitle": "Software Engg-2",
    "jobDescription": "To develop andriod application",
    "experience": [
      "Google",
      "Apple",
      "Mobile Iron"
    ],
    "project": [
      {
        "projectName": "Movie App",
        "technology": [
          "Kotlin",
          "SQL Lite",
          "Gradle"
        ]
      }
    ]
  },
  {
    "jobId": 68,
    "jobTitle": "Software Engg-2",
    "jobDescription": "To develop andriod application",
    "experience": [
      "Google",
      "Apple",
      "Mobile Iron"
    ],
    "project": [
      {
        "projectName": "Movie App",
        "technology": [
          "Kotlin",
          "SQL Lite",
          "Gradle"
        ]
      }
    ]
  },
  {
    "jobId": 96,
    "jobTitle": "Software Engg-2",
    "jobDescription": "To develop andriod application",
    "experience": [
      "Google",
      "Apple",
      "Mobile Iron"
    ],
    "project": [
      {
        "projectName": "Movie App",
        "technology": [
          "Kotlin",
          "SQL Lite",
          "Gradle"
        ]
      }
    ]
  },
  {
    "jobId": 59,
    "jobTitle": "Software Engg-2",
    "jobDescription": "To develop android application and web application",
    "experience": [
      "Google",
      "Apple",
      "Mobile Iron"
    ],
    "project": [
      {
        "projectName": "Movie App",
        "technology": [
          "Kotlin",
          "SQL Lite",
          "Gradle"
        ]
      }
    ]
  },
  {
    "jobId": 8,
    "jobTitle": "Software Engg-2",
    "jobDescription": "To develop andriod application",
    "experience": [
      "Google",
      "Apple",
      "Mobile Iron"
    ],
    "project": [
      {
        "projectName": "Movie App",
        "technology": [
          "Kotlin",
          "SQL Lite",
          "Gradle"
        ]
      }
    ]
  },
  {
    "jobId": 32,
    "jobTitle": "Software Engg-2",
    "jobDescription": "To develop andriod application",
    "experience": [
      "Google",
      "Apple",
      "Mobile Iron"
    ],
    "project": [
      {
        "projectName": "Movie App",
        "technology": [
          "Kotlin",
          "SQL Lite",
          "Gradle"
        ]
      }
    ]
  },
  {
    "jobId": 8,
    "jobTitle": "Software Engg-2",
    "jobDescription": "To develop andriod application",
    "experience": [
      "Google",
      "Apple",
      "Mobile Iron"
    ],
    "project": [
      {
        "projectName": "Movie App",
        "technology": [
          "Kotlin",
          "SQL Lite",
          "Gradle"
        ]
      }
    ]
  },
  {
    "jobId": 9980,
    "jobTitle": "Software Engg-2",
    "jobDescription": "To develop android application",
    "experience": [
      "Google",
      "Apple",
      "Mobile Iron"
    ],
    "project": [
      {
        "projectName": "Movie App",
        "technology": [
          "Kotlin",
          "SQL Lite",
          "Gradle"
        ]
      }
    ]
  },
  {
    "jobId": 6,
    "jobTitle": "Software Engg-2",
    "jobDescription": "To develop andriod application",
    "experience": [
      "Google",
      "Apple",
      "Mobile Iron"
    ],
    "project": [
      {
        "projectName": "Movie App",
        "technology": [
          "Kotlin",
          "SQL Lite",
          "Gradle"
        ]
      }
    ]
  },
  {
    "jobId": 57,
    "jobTitle": "Software Engg-3",
    "jobDescription": "To develop andriod application and web application",
    "experience": [
      "Google",
      "Apple",
      "Mobile Iron"
    ],
    "project": [
      {
        "projectName": "Movie App",
        "technology": [
          "Kotlin",
          "SQL Lite",
          "Gradle",
          "Jenkins"
        ]
      },
      {
        "projectName": "Movie App",
        "technology": [
          "Kotlin",
          "SQL Lite",
          "Gradle",
          "Jenkins"
        ]
      }
    ]
  },
  {
    "jobId": 19,
    "jobTitle": "Software Engg-2",
    "jobDescription": "To develop andriod application",
    "experience": [
      "Google",
      "Apple",
      "Mobile Iron"
    ],
    "project": [
      {
        "projectName": "Movie App",
        "technology": [
          "Kotlin",
          "SQL Lite",
          "Gradle"
        ]
      }
    ]
  },
  {
    "jobId": 29,
    "jobTitle": "Software Engg-3",
    "jobDescription": "To develop andriod application and web application",
    "experience": [
      "Google",
      "Apple",
      "Mobile Iron"
    ],
    "project": [
      {
        "projectName": "Movie App",
        "technology": [
          "Kotlin",
          "SQL Lite",
          "Gradle",
          "Jenkins"
        ]
      },
      {
        "projectName": "Movie App",
        "technology": [
          "Kotlin",
          "SQL Lite",
          "Gradle",
          "Jenkins"
        ]
      }
    ]
  },
  {
    "jobId": 90,
    "jobTitle": "Software Engg-2",
    "jobDescription": "To develop android application and web application",
    "experience": [
      "Google",
      "Apple",
      "Mobile Iron"
    ],
    "project": [
      {
        "projectName": "Movie App",
        "technology": [
          "Kotlin",
          "SQL Lite",
          "Gradle"
        ]
      }
    ]
  },
  {
    "jobId": 60,
    "jobTitle": "Software Engg-3",
    "jobDescription": "To develop andriod application and web application",
    "experience": [
      "Google",
      "Apple",
      "Mobile Iron"
    ],
    "project": [
      {
        "projectName": "Movie App",
        "technology": [
          "Kotlin",
          "SQL Lite",
          "Gradle",
          "Jenkins"
        ]
      },
      {
        "projectName": "Movie App",
        "technology": [
          "Kotlin",
          "SQL Lite",
          "Gradle",
          "Jenkins"
        ]
      }
    ]
  },
  {
    "jobId": 92,
    "jobTitle": "Software Engg-2",
    "jobDescription": "To develop android application and web application",
    "experience": [
      "Google",
      "Apple",
      "Mobile Iron"
    ],
    "project": [
      {
        "projectName": "Movie App",
        "technology": [
          "Kotlin",
          "SQL Lite",
          "Gradle"
        ]
      }
    ]
  },
  {
    "jobId": 90,
    "jobTitle": "Software Engg-2",
    "jobDescription": "To develop andriod application",
    "experience": [
      "Google",
      "Apple",
      "Mobile Iron"
    ],
    "project": [
      {
        "projectName": "Movie App",
        "technology": [
          "Kotlin",
          "SQL Lite",
          "Gradle"
        ]
      }
    ]
  },
  {
    "jobId": 25,
    "jobTitle": "Software Engg-2",
    "jobDescription": "To develop andriod application",
    "experience": [
      "Google",
      "Apple",
      "Mobile Iron"
    ],
    "project": [
      {
        "projectName": "Movie App",
        "technology": [
          "Kotlin",
          "SQL Lite",
          "Gradle"
        ]
      }
    ]
  },
  {
    "jobId": 0,
    "jobTitle": "Software Engg-2",
    "jobDescription": "To develop android application and web application",
    "experience": [
      "Google",
      "Apple",
      "Mobile Iron"
    ],
    "project": [
      {
        "projectName": "Movie App",
        "technology": [
          "Kotlin",
          "SQL Lite",
          "Gradle"
        ]
      }
    ]
  },
  {
    "jobId": 53,
    "jobTitle": "Software Engg-2",
    "jobDescription": "To develop andriod application",
    "experience": [
      "Google",
      "Apple",
      "Mobile Iron"
    ],
    "project": [
      {
        "projectName": "Movie App",
        "technology": [
          "Kotlin",
          "SQL Lite",
          "Gradle"
        ]
      }
    ]
  },
  {
    "jobId": 37,
    "jobTitle": "Software Engg-2",
    "jobDescription": "To develop android application and web application",
    "experience": [
      "Google",
      "Apple",
      "Mobile Iron"
    ],
    "project": [
      {
        "projectName": "Movie App",
        "technology": [
          "Kotlin",
          "SQL Lite",
          "Gradle"
        ]
      }
    ]
  },
  {
    "jobId": 41,
    "jobTitle": "Software Engg-2",
    "jobDescription": "To develop andriod application",
    "experience": [
      "Google",
      "Apple",
      "Mobile Iron"
    ],
    "project": [
      {
        "projectName": "Movie App",
        "technology": [
          "Kotlin",
          "SQL Lite",
          "Gradle"
        ]
      }
    ]
  },
  {
    "jobId": 40,
    "jobTitle": "Software Engg-2",
    "jobDescription": "To develop andriod application",
    "experience": [
      "Google",
      "Apple",
      "Mobile Iron"
    ],
    "project": [
      {
        "projectName": "Movie App",
        "technology": [
          "Kotlin",
          "SQL Lite",
          "Gradle"
        ]
      }
    ]
  },
  {
    "jobId": 0,
    "jobTitle": "Software Engg-2",
    "jobDescription": "To develop andriod application",
    "experience": [
      "Google",
      "Apple",
      "Mobile Iron"
    ],
    "project": [
      {
        "projectName": "Movie App",
        "technology": [
          "Kotlin",
          "SQL Lite",
          "Gradle"
        ]
      }
    ]
  },
  {
    "jobId": 76,
    "jobTitle": "Software Engg-2",
    "jobDescription": "To develop andriod application",
    "experience": [
      "Google",
      "Apple",
      "Mobile Iron"
    ],
    "project": [
      {
        "projectName": "Movie App",
        "technology": [
          "Kotlin",
          "SQL Lite",
          "Gradle"
        ]
      }
    ]
  },
  {
    "jobId": 49,
    "jobTitle": "Software Engg-2",
    "jobDescription": "To develop andriod application",
    "experience": [
      "Google",
      "Apple",
      "Mobile Iron"
    ],
    "project": [
      {
        "projectName": "Movie App",
        "technology": [
          "Kotlin",
          "SQL Lite",
          "Gradle"
        ]
      }
    ]
  },
  {
    "jobId": 9980,
    "jobTitle": "Software Engg-2",
    "jobDescription": "To develop android application",
    "experience": [
      "Google",
      "Apple",
      "Mobile Iron"
    ],
    "project": [
      {
        "projectName": "Movie App",
        "technology": [
          "Kotlin",
          "SQL Lite",
          "Gradle"
        ]
      }
    ]
  },
  {
    "jobId": 8,
    "jobTitle": "Software Engg-2",
    "jobDescription": "To develop andriod application",
    "experience": [
      "Google",
      "Apple",
      "Mobile Iron"
    ],
    "project": [
      {
        "projectName": "Movie App",
        "technology": [
          "Kotlin",
          "SQL Lite",
          "Gradle"
        ]
      }
    ]
  },
  {
    "jobId": 79,
    "jobTitle": "Software Engg-2",
    "jobDescription": "To develop andriod application",
    "experience": [
      "Google",
      "Apple",
      "Mobile Iron"
    ],
    "project": [
      {
        "projectName": "Movie App",
        "technology": [
          "Kotlin",
          "SQL Lite",
          "Gradle"
        ]
      }
    ]
  },
  {
    "jobId": 8,
    "jobTitle": "Software Engg-2",
    "jobDescription": "To develop andriod application",
    "experience": [
      "Google",
      "Apple",
      "Mobile Iron"
    ],
    "project": [
      {
        "projectName": "Movie App",
        "technology": [
          "Kotlin",
          "SQL Lite",
          "Gradle"
        ]
      }
    ]
  },
  {
    "jobId": 39,
    "jobTitle": "Software Engg-3",
    "jobDescription": "To develop andriod application and web application",
    "experience": [
      "Google",
      "Apple",
      "Mobile Iron"
    ],
    "project": [
      {
        "projectName": "Movie App",
        "technology": [
          "Kotlin",
          "SQL Lite",
          "Gradle",
          "Jenkins"
        ]
      },
      {
        "projectName": "Movie App",
        "technology": [
          "Kotlin",
          "SQL Lite",
          "Gradle",
          "Jenkins"
        ]
      }
    ]
  },
  {
    "jobId": 96,
    "jobTitle": "Software Engg-2",
    "jobDescription": "To develop andriod application",
    "experience": [
      "Google",
      "Apple",
      "Mobile Iron"
    ],
    "project": [
      {
        "projectName": "Movie App",
        "technology": [
          "Kotlin",
          "SQL Lite",
          "Gradle"
        ]
      }
    ]
  },
  {
    "jobId": 28,
    "jobTitle": "Software Engg-3",
    "jobDescription": "To develop andriod application and web application",
    "experience": [
      "Google",
      "Apple",
      "Mobile Iron"
    ],
    "project": [
      {
        "projectName": "Movie App",
        "technology": [
          "Kotlin",
          "SQL Lite",
          "Gradle",
          "Jenkins"
        ]
      },
      {
        "projectName": "Movie App",
        "technology": [
          "Kotlin",
          "SQL Lite",
          "Gradle",
          "Jenkins"
        ]
      }
    ]
  },
  {
    "jobId": 80,
    "jobTitle": "Software Engg-2",
    "jobDescription": "To develop andriod application",
    "experience": [
      "Google",
      "Apple",
      "Mobile Iron"
    ],
    "project": [
      {
        "projectName": "Movie App",
        "technology": [
          "Kotlin",
          "SQL Lite",
          "Gradle"
        ]
      }
    ]
  },
  {
    "jobId": 130,
    "jobTitle": "Software Engg-3",
    "jobDescription": "To develop andriod application and web application",
    "experience": [
      "Google",
      "Apple",
      "Mobile Iron"
    ],
    "project": [
      {
        "projectName": "Movie App",
        "technology": [
          "Kotlin",
          "SQL Lite",
          "Gradle",
          "Jenkins"
        ]
      },
      {
        "projectName": "Movie App",
        "technology": [
          "Kotlin",
          "SQL Lite",
          "Gradle",
          "Jenkins"
        ]
      }
    ]
  },
  {
    "jobId": 74,
    "jobTitle": "Software Engg-3",
    "jobDescription": "To develop andriod application and web application",
    "experience": [
      "Google",
      "Apple",
      "Mobile Iron"
    ],
    "project": [
      {
        "projectName": "Movie App",
        "technology": [
          "Kotlin",
          "SQL Lite",
          "Gradle",
          "Jenkins"
        ]
      },
      {
        "projectName": "Movie App",
        "technology": [
          "Kotlin",
          "SQL Lite",
          "Gradle",
          "Jenkins"
        ]
      }
    ]
  },
  {
    "jobId": 10,
    "jobTitle": "Software Engg-2",
    "jobDescription": "To develop andriod application",
    "experience": [
      "Google",
      "Apple",
      "Mobile Iron"
    ],
    "project": [
      {
        "projectName": "Movie App",
        "technology": [
          "Kotlin",
          "SQL Lite",
          "Gradle"
        ]
      }
    ]
  },
  {
    "jobId": 77,
    "jobTitle": "Software Engg-2",
    "jobDescription": "To develop andriod application",
    "experience": [
      "Google",
      "Apple",
      "Mobile Iron"
    ],
    "project": [
      {
        "projectName": "Movie App",
        "technology": [
          "Kotlin",
          "SQL Lite",
          "Gradle"
        ]
      }
    ]
  },
  {
    "jobId": 26,
    "jobTitle": "Software Engg-2",
    "jobDescription": "To develop andriod application",
    "experience": [
      "Google",
      "Apple",
      "Mobile Iron"
    ],
    "project": [
      {
        "projectName": "Movie App",
        "technology": [
          "Kotlin",
          "SQL Lite",
          "Gradle"
        ]
      }
    ]
  }
]
 
01:15:28.427 [pool-1-thread-3] INFO  com.intuit.karate - karate.env system property was: null 
01:15:28.420 [pool-1-thread-1] INFO  com.intuit.karate - [print] Experience ==> [
  [
    "Google",
    "Apple",
    "Mobile Iron"
  ],
  [
    "Google",
    "Apple",
    "Mobile Iron"
  ]
]
 
01:15:28.435 [pool-1-thread-3] DEBUG com.intuit.karate - request:
1 > GET http://localhost:9897/normal/webapi/all
1 > Accept: application/xml
1 > Host: localhost:9897
1 > Connection: Keep-Alive
1 > User-Agent: Apache-HttpClient/4.5.13 (Java/11.0.13)
1 > Accept-Encoding: gzip,deflate


01:15:28.440 [pool-1-thread-1] INFO  com.intuit.karate - karate.env system property was: null 
01:15:28.443 [pool-1-thread-1] INFO  com.intuit.karate - [print] this is background keyword 
01:15:28.275 [pool-1-thread-2] INFO  com.intuit.karate - [print] <List>
  <item>
    <jobId>1</jobId>
    <jobTitle>Software Engg</jobTitle>
    <jobDescription>To develop andriod application</jobDescription>
    <experience>
      <experience>Google</experience>
      <experience>Apple</experience>
      <experience>Mobile Iron</experience>
    </experience>
    <project>
      <project>
        <projectName>Movie App</projectName>
        <technology>
          <technology>Kotlin</technology>
          <technology>SQL Lite</technology>
          <technology>Gradle</technology>
        </technology>
      </project>
    </project>
  </item>
  <item>
    <jobId>68</jobId>
    <jobTitle>Software Engg-2</jobTitle>
    <jobDescription>To develop android application and web application</jobDescription>
    <experience>
      <experience>Google</experience>
      <experience>Apple</experience>
      <experience>Mobile Iron</experience>
    </experience>
    <project>
      <project>
        <projectName>Movie App</projectName>
        <technology>
          <technology>Kotlin</technology>
          <technology>SQL Lite</technology>
          <technology>Gradle</technology>
          <technology>Jenkins</technology>
        </technology>
      </project>
      <project>
        <projectName>Movie App</projectName>
        <technology>
          <technology>Kotlin</technology>
          <technology>SQL Lite</technology>
          <technology>Gradle</technology>
          <technology>Jenkins</technology>
        </technology>
      </project>
    </project>
  </item>
  <item>
    <jobId>34</jobId>
    <jobTitle>Software Engg-3</jobTitle>
    <jobDescription>To develop andriod application and web application</jobDescription>
    <experience>
      <experience>Google</experience>
      <experience>Apple</experience>
      <experience>Mobile Iron</experience>
    </experience>
    <project>
      <project>
        <projectName>Movie App</projectName>
        <technology>
          <technology>Kotlin</technology>
          <technology>SQL Lite</technology>
          <technology>Gradle</technology>
          <technology>Jenkins</technology>
        </technology>
      </project>
      <project>
        <projectName>Movie App</projectName>
        <technology>
          <technology>Kotlin</technology>
          <technology>SQL Lite</technology>
          <technology>Gradle</technology>
          <technology>Jenkins</technology>
        </technology>
      </project>
    </project>
  </item>
  <item>
    <jobId>41</jobId>
    <jobTitle>Software Engg-2</jobTitle>
    <jobDescription>To develop android application and web application</jobDescription>
    <experience>
      <experience>Google</experience>
      <experience>Apple</experience>
      <experience>Mobile Iron</experience>
    </experience>
    <project>
      <project>
        <projectName>Movie App</projectName>
        <technology>
          <technology>Kotlin</technology>
          <technology>SQL Lite</technology>
          <technology>Gradle</technology>
          <technology>Jenkins</technology>
        </technology>
      </project>
      <project>
        <projectName>Movie App</projectName>
        <technology>
          <technology>Kotlin</technology>
          <technology>SQL Lite</technology>
          <technology>Gradle</technology>
          <technology>Jenkins</technology>
        </technology>
      </project>
    </project>
  </item>
  <item>
    <jobId>12</jobId>
    <jobTitle>Software Engg-2</jobTitle>
    <jobDescription>To develop andriod application</jobDescription>
    <experience>
      <experience>Google</experience>
      <experience>Apple</experience>
      <experience>Mobile Iron</experience>
    </experience>
    <project>
      <project>
        <projectName>Movie App</projectName>
        <technology>
          <technology>Kotlin</technology>
          <technology>SQL Lite</technology>
          <technology>Gradle</technology>
        </technology>
      </project>
    </project>
  </item>
  <item>
    <jobId>73</jobId>
    <jobTitle>Software Engg-3</jobTitle>
    <jobDescription>To develop andriod application and web application</jobDescription>
    <experience>
      <experience>Google</experience>
      <experience>Apple</experience>
      <experience>Mobile Iron</experience>
    </experience>
    <project>
      <project>
        <projectName>Movie App</projectName>
        <technology>
          <technology>Kotlin</technology>
          <technology>SQL Lite</technology>
          <technology>Gradle</technology>
          <technology>Jenkins</technology>
        </technology>
      </project>
      <project>
        <projectName>Movie App</projectName>
        <technology>
          <technology>Kotlin</technology>
          <technology>SQL Lite</technology>
          <technology>Gradle</technology>
          <technology>Jenkins</technology>
        </technology>
      </project>
    </project>
  </item>
  <item>
    <jobId>99999</jobId>
    <jobTitle>Software Engg-2</jobTitle>
    <jobDescription>To develop andriod application</jobDescription>
    <experience>
      <experience>Google</experience>
      <experience>Apple</experience>
      <experience>Mobile Iron</experience>
    </experience>
    <project>
      <project>
        <projectName>Movie App</projectName>
        <technology>
          <technology>Kotlin</technology>
          <technology>SQL Lite</technology>
          <technology>Gradle</technology>
        </technology>
      </project>
    </project>
  </item>
  <item>
    <jobId>38</jobId>
    <jobTitle>Software Engg-3</jobTitle>
    <jobDescription>To develop andriod application and web application</jobDescription>
    <experience>
      <experience>Google</experience>
      <experience>Apple</experience>
      <experience>Mobile Iron</experience>
    </experience>
    <project>
      <project>
        <projectName>Movie App</projectName>
        <technology>
          <technology>Kotlin</technology>
          <technology>SQL Lite</technology>
          <technology>Gradle</technology>
          <technology>Jenkins</technology>
        </technology>
      </project>
      <project>
        <projectName>Movie App</projectName>
        <technology>
          <technology>Kotlin</technology>
          <technology>SQL Lite</technology>
          <technology>Gradle</technology>
          <technology>Jenkins</technology>
        </technology>
      </project>
    </project>
  </item>
  <item>
    <jobId>96</jobId>
    <jobTitle>Software Engg-3</jobTitle>
    <jobDescription>To develop andriod application and web application</jobDescription>
    <experience>
      <experience>Google</experience>
      <experience>Apple</experience>
      <experience>Mobile Iron</experience>
    </experience>
    <project>
      <project>
        <projectName>Movie App</projectName>
        <technology>
          <technology>Kotlin</technology>
          <technology>SQL Lite</technology>
          <technology>Gradle</technology>
          <technology>Jenkins</technology>
        </technology>
      </project>
      <project>
        <projectName>Movie App</projectName>
        <technology>
          <technology>Kotlin</technology>
          <technology>SQL Lite</technology>
          <technology>Gradle</technology>
          <technology>Jenkins</technology>
        </technology>
      </project>
    </project>
  </item>
  <item>
    <jobId>48</jobId>
    <jobTitle>Software Engg-2</jobTitle>
    <jobDescription>To develop andriod application</jobDescription>
    <experience>
      <experience>Google</experience>
      <experience>Apple</experience>
      <experience>Mobile Iron</experience>
    </experience>
    <project>
      <project>
        <projectName>Movie App</projectName>
        <technology>
          <technology>Kotlin</technology>
          <technology>SQL Lite</technology>
          <technology>Gradle</technology>
        </technology>
      </project>
    </project>
  </item>
  <item>
    <jobId>6</jobId>
    <jobTitle>Software Engg-3</jobTitle>
    <jobDescription>To develop andriod application and web application</jobDescription>
    <experience>
      <experience>Google</experience>
      <experience>Apple</experience>
      <experience>Mobile Iron</experience>
    </experience>
    <project>
      <project>
        <projectName>Movie App</projectName>
        <technology>
          <technology>Kotlin</technology>
          <technology>SQL Lite</technology>
          <technology>Gradle</technology>
          <technology>Jenkins</technology>
        </technology>
      </project>
      <project>
        <projectName>Movie App</projectName>
        <technology>
          <technology>Kotlin</technology>
          <technology>SQL Lite</technology>
          <technology>Gradle</technology>
          <technology>Jenkins</technology>
        </technology>
      </project>
    </project>
  </item>
  <item>
    <jobId>88</jobId>
    <jobTitle>Software Engg-2</jobTitle>
    <jobDescription>To develop android application and web application</jobDescription>
    <experience>
      <experience>Google</experience>
      <experience>Apple</experience>
      <experience>Mobile Iron</experience>
    </experience>
    <project>
      <project>
        <projectName>Movie App</projectName>
        <technology>
          <technology>Kotlin</technology>
          <technology>SQL Lite</technology>
          <technology>Gradle</technology>
        </technology>
      </project>
    </project>
  </item>
  <item>
    <jobId>9</jobId>
    <jobTitle>Software Engg-3</jobTitle>
    <jobDescription>To develop andriod application and web application</jobDescription>
    <experience>
      <experience>Google</experience>
      <experience>Apple</experience>
      <experience>Mobile Iron</experience>
    </experience>
    <project>
      <project>
        <projectName>Movie App</projectName>
        <technology>
          <technology>Kotlin</technology>
          <technology>SQL Lite</technology>
          <technology>Gradle</technology>
          <technology>Jenkins</technology>
        </technology>
      </project>
      <project>
        <projectName>Movie App</projectName>
        <technology>
          <technology>Kotlin</technology>
          <technology>SQL Lite</technology>
          <technology>Gradle</technology>
          <technology>Jenkins</technology>
        </technology>
      </project>
    </project>
  </item>
  <item>
    <jobId>8</jobId>
    <jobTitle>Software Engg-2</jobTitle>
    <jobDescription>To develop andriod application</jobDescription>
    <experience>
      <experience>Google</experience>
      <experience>Apple</experience>
      <experience>Mobile Iron</experience>
    </experience>
    <project>
      <project>
        <projectName>Movie App</projectName>
        <technology>
          <technology>Kotlin</technology>
          <technology>SQL Lite</technology>
          <technology>Gradle</technology>
        </technology>
      </project>
    </project>
  </item>
  <item>
    <jobId>7</jobId>
    <jobTitle>Software Engg-3</jobTitle>
    <jobDescription>To develop andriod application and web application</jobDescription>
    <experience>
      <experience>Google</experience>
      <experience>Apple</experience>
      <experience>Mobile Iron</experience>
    </experience>
    <project>
      <project>
        <projectName>Movie App</projectName>
        <technology>
          <technology>Kotlin</technology>
          <technology>SQL Lite</technology>
          <technology>Gradle</technology>
          <technology>Jenkins</technology>
        </technology>
      </project>
      <project>
        <projectName>Movie App</projectName>
        <technology>
          <technology>Kotlin</technology>
          <technology>SQL Lite</technology>
          <technology>Gradle</technology>
          <technology>Jenkins</technology>
        </technology>
      </project>
    </project>
  </item>
  <item>
    <jobId>13</jobId>
    <jobTitle>Software Engg-2</jobTitle>
    <jobDescription>To develop andriod application</jobDescription>
    <experience>
      <experience>Google</experience>
      <experience>Apple</experience>
      <experience>Mobile Iron</experience>
    </experience>
    <project>
      <project>
        <projectName>Movie App</projectName>
        <technology>
          <technology>Kotlin</technology>
          <technology>SQL Lite</technology>
          <technology>Gradle</technology>
        </technology>
      </project>
    </project>
  </item>
  <item>
    <jobId>53</jobId>
    <jobTitle>Software Engg-2</jobTitle>
    <jobDescription>To develop android application and web application</jobDescription>
    <experience>
      <experience>Google</experience>
      <experience>Apple</experience>
      <experience>Mobile Iron</experience>
    </experience>
    <project>
      <project>
        <projectName>Movie App</projectName>
        <technology>
          <technology>Kotlin</technology>
          <technology>SQL Lite</technology>
          <technology>Gradle</technology>
        </technology>
      </project>
    </project>
  </item>
  <item>
    <jobId>8</jobId>
    <jobTitle>Software Engg-2</jobTitle>
    <jobDescription>To develop andriod application</jobDescription>
    <experience>
      <experience>Google</experience>
      <experience>Apple</experience>
      <experience>Mobile Iron</experience>
    </experience>
    <project>
      <project>
        <projectName>Movie App</projectName>
        <technology>
          <technology>Kotlin</technology>
          <technology>SQL Lite</technology>
          <technology>Gradle</technology>
        </technology>
      </project>
    </project>
  </item>
  <item>
    <jobId>8</jobId>
    <jobTitle>Software Engg-2</jobTitle>
    <jobDescription>To develop andriod application</jobDescription>
    <experience>
      <experience>Google</experience>
      <experience>Apple</experience>
      <experience>Mobile Iron</experience>
    </experience>
    <project>
      <project>
        <projectName>Movie App</projectName>
        <technology>
          <technology>Kotlin</technology>
          <technology>SQL Lite</technology>
          <technology>Gradle</technology>
        </technology>
      </project>
    </project>
  </item>
  <item>
    <jobId>9980</jobId>
    <jobTitle>Software Engg-2</jobTitle>
    <jobDescription>To develop android application</jobDescription>
    <experience>
      <experience>Google</experience>
      <experience>Apple</experience>
      <experience>Mobile Iron</experience>
    </experience>
    <project>
      <project>
        <projectName>Movie App</projectName>
        <technology>
          <technology>Kotlin</technology>
          <technology>SQL Lite</technology>
          <technology>Gradle</technology>
        </technology>
      </project>
    </project>
  </item>
  <item>
    <jobId>80</jobId>
    <jobTitle>Software Engg-2</jobTitle>
    <jobDescription>To develop andriod application</jobDescription>
    <experience>
      <experience>Google</experience>
      <experience>Apple</experience>
      <experience>Mobile Iron</experience>
    </experience>
    <project>
      <project>
        <projectName>Movie App</projectName>
        <technology>
          <technology>Kotlin</technology>
          <technology>SQL Lite</technology>
          <technology>Gradle</technology>
        </technology>
      </project>
    </project>
  </item>
  <item>
    <jobId>49</jobId>
    <jobTitle>Software Engg-2</jobTitle>
    <jobDescription>To develop android application and web application</jobDescription>
    <experience>
      <experience>Google</experience>
      <experience>Apple</experience>
      <experience>Mobile Iron</experience>
    </experience>
    <project>
      <project>
        <projectName>Movie App</projectName>
        <technology>
          <technology>Kotlin</technology>
          <technology>SQL Lite</technology>
          <technology>Gradle</technology>
          <technology>Jenkins</technology>
        </technology>
      </project>
      <project>
        <projectName>Movie App</projectName>
        <technology>
          <technology>Kotlin</technology>
          <technology>SQL Lite</technology>
          <technology>Gradle</technology>
          <technology>Jenkins</technology>
        </technology>
      </project>
    </project>
  </item>
  <item>
    <jobId>82</jobId>
    <jobTitle>Software Engg-3</jobTitle>
    <jobDescription>To develop andriod application and web application</jobDescription>
    <experience>
      <experience>Google</experience>
      <experience>Apple</experience>
      <experience>Mobile Iron</experience>
    </experience>
    <project>
      <project>
        <projectName>Movie App</projectName>
        <technology>
          <technology>Kotlin</technology>
          <technology>SQL Lite</technology>
          <technology>Gradle</technology>
          <technology>Jenkins</technology>
        </technology>
      </project>
      <project>
        <projectName>Movie App</projectName>
        <technology>
          <technology>Kotlin</technology>
          <technology>SQL Lite</technology>
          <technology>Gradle</technology>
          <technology>Jenkins</technology>
        </technology>
      </project>
    </project>
  </item>
  <item>
    <jobId>45</jobId>
    <jobTitle>Software Engg-3</jobTitle>
    <jobDescription>To develop andriod application and web application</jobDescription>
    <experience>
      <experience>Google</experience>
      <experience>Apple</experience>
      <experience>Mobile Iron</experience>
    </experience>
    <project>
      <project>
        <projectName>Movie App</projectName>
        <technology>
          <technology>Kotlin</technology>
          <technology>SQL Lite</technology>
          <technology>Gradle</technology>
          <technology>Jenkins</technology>
        </technology>
      </project>
      <project>
        <projectName>Movie App</projectName>
        <technology>
          <technology>Kotlin</technology>
          <technology>SQL Lite</technology>
          <technology>Gradle</technology>
          <technology>Jenkins</technology>
        </technology>
      </project>
    </project>
  </item>
  <item>
    <jobId>26</jobId>
    <jobTitle>Software Engg-2</jobTitle>
    <jobDescription>To develop andriod application</jobDescription>
    <experience>
      <experience>Google</experience>
      <experience>Apple</experience>
      <experience>Mobile Iron</experience>
    </experience>
    <project>
      <project>
        <projectName>Movie App</projectName>
        <technology>
          <technology>Kotlin</technology>
          <technology>SQL Lite</technology>
          <technology>Gradle</technology>
        </technology>
      </project>
    </project>
  </item>
  <item>
    <jobId>8</jobId>
    <jobTitle>Software Engg-2</jobTitle>
    <jobDescription>To develop andriod application</jobDescription>
    <experience>
      <experience>Google</experience>
      <experience>Apple</experience>
      <experience>Mobile Iron</experience>
    </experience>
    <project>
      <project>
        <projectName>Movie App</projectName>
        <technology>
          <technology>Kotlin</technology>
          <technology>SQL Lite</technology>
          <technology>Gradle</technology>
        </technology>
      </project>
    </project>
  </item>
  <item>
    <jobId>75</jobId>
    <jobTitle>Software Engg-2</jobTitle>
    <jobDescription>To develop andriod application</jobDescription>
    <experience>
      <experience>Google</experience>
      <experience>Apple</experience>
      <experience>Mobile Iron</experience>
    </experience>
    <project>
      <project>
        <projectName>Movie App</projectName>
        <technology>
          <technology>Kotlin</technology>
          <technology>SQL Lite</technology>
          <technology>Gradle</technology>
        </technology>
      </project>
    </project>
  </item>
  <item>
    <jobId>8</jobId>
    <jobTitle>Software Engg-2</jobTitle>
    <jobDescription>To develop andriod application</jobDescription>
    <experience>
      <experience>Google</experience>
      <experience>Apple</experience>
      <experience>Mobile Iron</experience>
    </experience>
    <project>
      <project>
        <projectName>Movie App</projectName>
        <technology>
          <technology>Kotlin</technology>
          <technology>SQL Lite</technology>
          <technology>Gradle</technology>
        </technology>
      </project>
    </project>
  </item>
  <item>
    <jobId>9980</jobId>
    <jobTitle>Software Engg-2</jobTitle>
    <jobDescription>To develop android application</jobDescription>
    <experience>
      <experience>Google</experience>
      <experience>Apple</experience>
      <experience>Mobile Iron</experience>
    </experience>
    <project>
      <project>
        <projectName>Movie App</projectName>
        <technology>
          <technology>Kotlin</technology>
          <technology>SQL Lite</technology>
          <technology>Gradle</technology>
        </technology>
      </project>
    </project>
  </item>
  <item>
    <jobId>84</jobId>
    <jobTitle>Software Engg-2</jobTitle>
    <jobDescription>To develop andriod application</jobDescription>
    <experience>
      <experience>Google</experience>
      <experience>Apple</experience>
      <experience>Mobile Iron</experience>
    </experience>
    <project>
      <project>
        <projectName>Movie App</projectName>
        <technology>
          <technology>Kotlin</technology>
          <technology>SQL Lite</technology>
          <technology>Gradle</technology>
        </technology>
      </project>
    </project>
  </item>
  <item>
    <jobId>31</jobId>
    <jobTitle>Software Engg-3</jobTitle>
    <jobDescription>To develop andriod application and web application</jobDescription>
    <experience>
      <experience>Google</experience>
      <experience>Apple</experience>
      <experience>Mobile Iron</experience>
    </experience>
    <project>
      <project>
        <projectName>Movie App</projectName>
        <technology>
          <technology>Kotlin</technology>
          <technology>SQL Lite</technology>
          <technology>Gradle</technology>
          <technology>Jenkins</technology>
        </technology>
      </project>
      <project>
        <projectName>Movie App</projectName>
        <technology>
          <technology>Kotlin</technology>
          <technology>SQL Lite</technology>
          <technology>Gradle</technology>
          <technology>Jenkins</technology>
        </technology>
      </project>
    </project>
  </item>
  <item>
    <jobId>87</jobId>
    <jobTitle>Software Engg-2</jobTitle>
    <jobDescription>To develop andriod application</jobDescription>
    <experience>
      <experience>Google</experience>
      <experience>Apple</experience>
      <experience>Mobile Iron</experience>
    </experience>
    <project>
      <project>
        <projectName>Movie App</projectName>
        <technology>
          <technology>Kotlin</technology>
          <technology>SQL Lite</technology>
          <technology>Gradle</technology>
        </technology>
      </project>
    </project>
  </item>
  <item>
    <jobId>93</jobId>
    <jobTitle>Software Engg-3</jobTitle>
    <jobDescription>To develop andriod application and web application</jobDescription>
    <experience>
      <experience>Google</experience>
      <experience>Apple</experience>
      <experience>Mobile Iron</experience>
    </experience>
    <project>
      <project>
        <projectName>Movie App</projectName>
        <technology>
          <technology>Kotlin</technology>
          <technology>SQL Lite</technology>
          <technology>Gradle</technology>
          <technology>Jenkins</technology>
        </technology>
      </project>
      <project>
        <projectName>Movie App</projectName>
        <technology>
          <technology>Kotlin</technology>
          <technology>SQL Lite</technology>
          <technology>Gradle</technology>
          <technology>Jenkins</technology>
        </technology>
      </project>
    </project>
  </item>
  <item>
    <jobId>53</jobId>
    <jobTitle>Software Engg-2</jobTitle>
    <jobDescription>To develop andriod application</jobDescription>
    <experience>
      <experience>Google</experience>
      <experience>Apple</experience>
      <experience>Mobile Iron</experience>
    </experience>
    <project>
      <project>
        <projectName>Movie App</projectName>
        <technology>
          <technology>Kotlin</technology>
          <technology>SQL Lite</technology>
          <technology>Gradle</technology>
        </technology>
      </project>
    </project>
  </item>
  <item>
    <jobId>51</jobId>
    <jobTitle>Software Engg-2</jobTitle>
    <jobDescription>To develop andriod application</jobDescription>
    <experience>
      <experience>Google</experience>
      <experience>Apple</experience>
      <experience>Mobile Iron</experience>
    </experience>
    <project>
      <project>
        <projectName>Movie App</projectName>
        <technology>
          <technology>Kotlin</technology>
          <technology>SQL Lite</technology>
          <technology>Gradle</technology>
        </technology>
      </project>
    </project>
  </item>
  <item>
    <jobId>19</jobId>
    <jobTitle>Software Engg-2</jobTitle>
    <jobDescription>To develop andriod application</jobDescription>
    <experience>
      <experience>Google</experience>
      <experience>Apple</experience>
      <experience>Mobile Iron</experience>
    </experience>
    <project>
      <project>
        <projectName>Movie App</projectName>
        <technology>
          <technology>Kotlin</technology>
          <technology>SQL Lite</technology>
          <technology>Gradle</technology>
        </technology>
      </project>
    </project>
  </item>
  <item>
    <jobId>93</jobId>
    <jobTitle>Software Engg-2</jobTitle>
    <jobDescription>To develop andriod application</jobDescription>
    <experience>
      <experience>Google</experience>
      <experience>Apple</experience>
      <experience>Mobile Iron</experience>
    </experience>
    <project>
      <project>
        <projectName>Movie App</projectName>
        <technology>
          <technology>Kotlin</technology>
          <technology>SQL Lite</technology>
          <technology>Gradle</technology>
        </technology>
      </project>
    </project>
  </item>
  <item>
    <jobId>32</jobId>
    <jobTitle>Software Engg-2</jobTitle>
    <jobDescription>To develop android application and web application</jobDescription>
    <experience>
      <experience>Google</experience>
      <experience>Apple</experience>
      <experience>Mobile Iron</experience>
    </experience>
    <project>
      <project>
        <projectName>Movie App</projectName>
        <technology>
          <technology>Kotlin</technology>
          <technology>SQL Lite</technology>
          <technology>Gradle</technology>
        </technology>
      </project>
    </project>
  </item>
  <item>
    <jobId>71</jobId>
    <jobTitle>Software Engg-2</jobTitle>
    <jobDescription>To develop android application and web application</jobDescription>
    <experience>
      <experience>Google</experience>
      <experience>Apple</experience>
      <experience>Mobile Iron</experience>
    </experience>
    <project>
      <project>
        <projectName>Movie App</projectName>
        <technology>
          <technology>Kotlin</technology>
          <technology>SQL Lite</technology>
          <technology>Gradle</technology>
        </technology>
      </project>
    </project>
  </item>
  <item>
    <jobId>23</jobId>
    <jobTitle>Software Engg-2</jobTitle>
    <jobDescription>To develop android application and web application</jobDescription>
    <experience>
      <experience>Google</experience>
      <experience>Apple</experience>
      <experience>Mobile Iron</experience>
    </experience>
    <project>
      <project>
        <projectName>Movie App</projectName>
        <technology>
          <technology>Kotlin</technology>
          <technology>SQL Lite</technology>
          <technology>Gradle</technology>
        </technology>
      </project>
    </project>
  </item>
  <item>
    <jobId>31</jobId>
    <jobTitle>Software Engg-2</jobTitle>
    <jobDescription>To develop andriod application</jobDescription>
    <experience>
      <experience>Google</experience>
      <experience>Apple</experience>
      <experience>Mobile Iron</experience>
    </experience>
    <project>
      <project>
        <projectName>Movie App</projectName>
        <technology>
          <technology>Kotlin</technology>
          <technology>SQL Lite</technology>
          <technology>Gradle</technology>
        </technology>
      </project>
    </project>
  </item>
  <item>
    <jobId>10</jobId>
    <jobTitle>Software Engg-2</jobTitle>
    <jobDescription>To develop andriod application</jobDescription>
    <experience>
      <experience>Google</experience>
      <experience>Apple</experience>
      <experience>Mobile Iron</experience>
    </experience>
    <project>
      <project>
        <projectName>Movie App</projectName>
        <technology>
          <technology>Kotlin</technology>
          <technology>SQL Lite</technology>
          <technology>Gradle</technology>
        </technology>
      </project>
    </project>
  </item>
  <item>
    <jobId>8</jobId>
    <jobTitle>Software Engg-2</jobTitle>
    <jobDescription>To develop andriod application</jobDescription>
    <experience>
      <experience>Google</experience>
      <experience>Apple</experience>
      <experience>Mobile Iron</experience>
    </experience>
    <project>
      <project>
        <projectName>Movie App</projectName>
        <technology>
          <technology>Kotlin</technology>
          <technology>SQL Lite</technology>
          <technology>Gradle</technology>
        </technology>
      </project>
    </project>
  </item>
  <item>
    <jobId>38</jobId>
    <jobTitle>Software Engg-2</jobTitle>
    <jobDescription>To develop andriod application</jobDescription>
    <experience>
      <experience>Google</experience>
      <experience>Apple</experience>
      <experience>Mobile Iron</experience>
    </experience>
    <project>
      <project>
        <projectName>Movie App</projectName>
        <technology>
          <technology>Kotlin</technology>
          <technology>SQL Lite</technology>
          <technology>Gradle</technology>
        </technology>
      </project>
    </project>
  </item>
  <item>
    <jobId>8</jobId>
    <jobTitle>Software Engg-2</jobTitle>
    <jobDescription>To develop andriod application</jobDescription>
    <experience>
      <experience>Google</experience>
      <experience>Apple</experience>
      <experience>Mobile Iron</experience>
    </experience>
    <project>
      <project>
        <projectName>Movie App</projectName>
        <technology>
          <technology>Kotlin</technology>
          <technology>SQL Lite</technology>
          <technology>Gradle</technology>
        </technology>
      </project>
    </project>
  </item>
  <item>
    <jobId>9980</jobId>
    <jobTitle>Software Engg-2</jobTitle>
    <jobDescription>To develop android application</jobDescription>
    <experience>
      <experience>Google</experience>
      <experience>Apple</experience>
      <experience>Mobile Iron</experience>
    </experience>
    <project>
      <project>
        <projectName>Movie App</projectName>
        <technology>
          <technology>Kotlin</technology>
          <technology>SQL Lite</technology>
          <technology>Gradle</technology>
        </technology>
      </project>
    </project>
  </item>
  <item>
    <jobId>5</jobId>
    <jobTitle>Software Engg-3</jobTitle>
    <jobDescription>To develop andriod application and web application</jobDescription>
    <experience>
      <experience>Google</experience>
      <experience>Apple</experience>
      <experience>Mobile Iron</experience>
    </experience>
    <project>
      <project>
        <projectName>Movie App</projectName>
        <technology>
          <technology>Kotlin</technology>
          <technology>SQL Lite</technology>
          <technology>Gradle</technology>
          <technology>Jenkins</technology>
        </technology>
      </project>
      <project>
        <projectName>Movie App</projectName>
        <technology>
          <technology>Kotlin</technology>
          <technology>SQL Lite</technology>
          <technology>Gradle</technology>
          <technology>Jenkins</technology>
        </technology>
      </project>
    </project>
  </item>
  <item>
    <jobId>16</jobId>
    <jobTitle>Software Engg-3</jobTitle>
    <jobDescription>To develop andriod application and web application</jobDescription>
    <experience>
      <experience>Google</experience>
      <experience>Apple</experience>
      <experience>Mobile Iron</experience>
    </experience>
    <project>
      <project>
        <projectName>Movie App</projectName>
        <technology>
          <technology>Kotlin</technology>
          <technology>SQL Lite</technology>
          <technology>Gradle</technology>
          <technology>Jenkins</technology>
        </technology>
      </project>
      <project>
        <projectName>Movie App</projectName>
        <technology>
          <technology>Kotlin</technology>
          <technology>SQL Lite</technology>
          <technology>Gradle</technology>
          <technology>Jenkins</technology>
        </technology>
      </project>
    </project>
  </item>
  <item>
    <jobId>1</jobId>
    <jobTitle>Software Engg-2</jobTitle>
    <jobDescription>To develop andriod application</jobDescription>
    <experience>
      <experience>Google</experience>
      <experience>Apple</experience>
      <experience>Mobile Iron</experience>
    </experience>
    <project>
      <project>
        <projectName>Movie App</projectName>
        <technology>
          <technology>Kotlin</technology>
          <technology>SQL Lite</technology>
          <technology>Gradle</technology>
        </technology>
      </project>
    </project>
  </item>
  <item>
    <jobId>7</jobId>
    <jobTitle>Software Engg-2</jobTitle>
    <jobDescription>To develop andriod application</jobDescription>
    <experience>
      <experience>Google</experience>
      <experience>Apple</experience>
      <experience>Mobile Iron</experience>
    </experience>
    <project>
      <project>
        <projectName>Movie App</projectName>
        <technology>
          <technology>Kotlin</technology>
          <technology>SQL Lite</technology>
          <technology>Gradle</technology>
        </technology>
      </project>
    </project>
  </item>
  <item>
    <jobId>35</jobId>
    <jobTitle>Software Engg-2</jobTitle>
    <jobDescription>To develop android application and web application</jobDescription>
    <experience>
      <experience>Google</experience>
      <experience>Apple</experience>
      <experience>Mobile Iron</experience>
    </experience>
    <project>
      <project>
        <projectName>Movie App</projectName>
        <technology>
          <technology>Kotlin</technology>
          <technology>SQL Lite</technology>
          <technology>Gradle</technology>
        </technology>
      </project>
    </project>
  </item>
  <item>
    <jobId>48</jobId>
    <jobTitle>Software Engg-2</jobTitle>
    <jobDescription>To develop andriod application</jobDescription>
    <experience>
      <experience>Google</experience>
      <experience>Apple</experience>
      <experience>Mobile Iron</experience>
    </experience>
    <project>
      <project>
        <projectName>Movie App</projectName>
        <technology>
          <technology>Kotlin</technology>
          <technology>SQL Lite</technology>
          <technology>Gradle</technology>
        </technology>
      </project>
    </project>
  </item>
  <item>
    <jobId>2</jobId>
    <jobTitle>Software Engg-2</jobTitle>
    <jobDescription>To develop andriod application</jobDescription>
    <experience>
      <experience>Google</experience>
      <experience>Apple</experience>
      <experience>Mobile Iron</experience>
    </experience>
    <project>
      <project>
        <projectName>Movie App</projectName>
        <technology>
          <technology>Kotlin</technology>
          <technology>SQL Lite</technology>
          <technology>Gradle</technology>
        </technology>
      </project>
    </project>
  </item>
  <item>
    <jobId>88</jobId>
    <jobTitle>Software Engg-2</jobTitle>
    <jobDescription>To develop andriod application</jobDescription>
    <experience>
      <experience>Google</experience>
      <experience>Apple</experience>
      <experience>Mobile Iron</experience>
    </experience>
    <project>
      <project>
        <projectName>Movie App</projectName>
        <technology>
          <technology>Kotlin</technology>
          <technology>SQL Lite</technology>
          <technology>Gradle</technology>
        </technology>
      </project>
    </project>
  </item>
  <item>
    <jobId>21</jobId>
    <jobTitle>Software Engg-2</jobTitle>
    <jobDescription>To develop andriod application</jobDescription>
    <experience>
      <experience>Google</experience>
      <experience>Apple</experience>
      <experience>Mobile Iron</experience>
    </experience>
    <project>
      <project>
        <projectName>Movie App</projectName>
        <technology>
          <technology>Kotlin</technology>
          <technology>SQL Lite</technology>
          <technology>Gradle</technology>
        </technology>
      </project>
    </project>
  </item>
  <item>
    <jobId>71</jobId>
    <jobTitle>Software Engg-2</jobTitle>
    <jobDescription>To develop andriod application</jobDescription>
    <experience>
      <experience>Google</experience>
      <experience>Apple</experience>
      <experience>Mobile Iron</experience>
    </experience>
    <project>
      <project>
        <projectName>Movie App</projectName>
        <technology>
          <technology>Kotlin</technology>
          <technology>SQL Lite</technology>
          <technology>Gradle</technology>
        </technology>
      </project>
    </project>
  </item>
  <item>
    <jobId>8</jobId>
    <jobTitle>Software Engg-2</jobTitle>
    <jobDescription>To develop andriod application</jobDescription>
    <experience>
      <experience>Google</experience>
      <experience>Apple</experience>
      <experience>Mobile Iron</experience>
    </experience>
    <project>
      <project>
        <projectName>Movie App</projectName>
        <technology>
          <technology>Kotlin</technology>
          <technology>SQL Lite</technology>
          <technology>Gradle</technology>
        </technology>
      </project>
    </project>
  </item>
  <item>
    <jobId>94</jobId>
    <jobTitle>Software Engg-2</jobTitle>
    <jobDescription>To develop andriod application</jobDescription>
    <experience>
      <experience>Google</experience>
      <experience>Apple</experience>
      <experience>Mobile Iron</experience>
    </experience>
    <project>
      <project>
        <projectName>Movie App</projectName>
        <technology>
          <technology>Kotlin</technology>
          <technology>SQL Lite</technology>
          <technology>Gradle</technology>
        </technology>
      </project>
    </project>
  </item>
  <item>
    <jobId>8</jobId>
    <jobTitle>Software Engg-2</jobTitle>
    <jobDescription>To develop andriod application</jobDescription>
    <experience>
      <experience>Google</experience>
      <experience>Apple</experience>
      <experience>Mobile Iron</experience>
    </experience>
    <project>
      <project>
        <projectName>Movie App</projectName>
        <technology>
          <technology>Kotlin</technology>
          <technology>SQL Lite</technology>
          <technology>Gradle</technology>
        </technology>
      </project>
    </project>
  </item>
  <item>
    <jobId>9980</jobId>
    <jobTitle>Software Engg-2</jobTitle>
    <jobDescription>To develop android application</jobDescription>
    <experience>
      <experience>Google</experience>
      <experience>Apple</experience>
      <experience>Mobile Iron</experience>
    </experience>
    <project>
      <project>
        <projectName>Movie App</projectName>
        <technology>
          <technology>Kotlin</technology>
          <technology>SQL Lite</technology>
          <technology>Gradle</technology>
        </technology>
      </project>
    </project>
  </item>
  <item>
    <jobId>89</jobId>
    <jobTitle>Software Engg-3</jobTitle>
    <jobDescription>To develop andriod application and web application</jobDescription>
    <experience>
      <experience>Google</experience>
      <experience>Apple</experience>
      <experience>Mobile Iron</experience>
    </experience>
    <project>
      <project>
        <projectName>Movie App</projectName>
        <technology>
          <technology>Kotlin</technology>
          <technology>SQL Lite</technology>
          <technology>Gradle</technology>
          <technology>Jenkins</technology>
        </technology>
      </project>
      <project>
        <projectName>Movie App</projectName>
        <technology>
          <technology>Kotlin</technology>
          <technology>SQL Lite</technology>
          <technology>Gradle</technology>
          <technology>Jenkins</technology>
        </technology>
      </project>
    </project>
  </item>
  <item>
    <jobId>35</jobId>
    <jobTitle>Software Engg-2</jobTitle>
    <jobDescription>To develop andriod application</jobDescription>
    <experience>
      <experience>Google</experience>
      <experience>Apple</experience>
      <experience>Mobile Iron</experience>
    </experience>
    <project>
      <project>
        <projectName>Movie App</projectName>
        <technology>
          <technology>Kotlin</technology>
          <technology>SQL Lite</technology>
          <technology>Gradle</technology>
        </technology>
      </project>
    </project>
  </item>
  <item>
    <jobId>77</jobId>
    <jobTitle>Software Engg-2</jobTitle>
    <jobDescription>To develop android application and web application</jobDescription>
    <experience>
      <experience>Google</experience>
      <experience>Apple</experience>
      <experience>Mobile Iron</experience>
    </experience>
    <project>
      <project>
        <projectName>Movie App</projectName>
        <technology>
          <technology>Kotlin</technology>
          <technology>SQL Lite</technology>
          <technology>Gradle</technology>
        </technology>
      </project>
    </project>
  </item>
  <item>
    <jobId>50</jobId>
    <jobTitle>Software Engg-3</jobTitle>
    <jobDescription>To develop andriod application and web application</jobDescription>
    <experience>
      <experience>Google</experience>
      <experience>Apple</experience>
      <experience>Mobile Iron</experience>
    </experience>
    <project>
      <project>
        <projectName>Movie App</projectName>
        <technology>
          <technology>Kotlin</technology>
          <technology>SQL Lite</technology>
          <technology>Gradle</technology>
          <technology>Jenkins</technology>
        </technology>
      </project>
      <project>
        <projectName>Movie App</projectName>
        <technology>
          <technology>Kotlin</technology>
          <technology>SQL Lite</technology>
          <technology>Gradle</technology>
          <technology>Jenkins</technology>
        </technology>
      </project>
    </project>
  </item>
  <item>
    <jobId>33</jobId>
    <jobTitle>Software Engg-2</jobTitle>
    <jobDescription>To develop andriod application</jobDescription>
    <experience>
      <experience>Google</experience>
      <experience>Apple</experience>
      <experience>Mobile Iron</experience>
    </experience>
    <project>
      <project>
        <projectName>Movie App</projectName>
        <technology>
          <technology>Kotlin</technology>
          <technology>SQL Lite</technology>
          <technology>Gradle</technology>
        </technology>
      </project>
    </project>
  </item>
  <item>
    <jobId>78</jobId>
    <jobTitle>Software Engg-2</jobTitle>
    <jobDescription>To develop android application and web application</jobDescription>
    <experience>
      <experience>Google</experience>
      <experience>Apple</experience>
      <experience>Mobile Iron</experience>
    </experience>
    <project>
      <project>
        <projectName>Movie App</projectName>
        <technology>
          <technology>Kotlin</technology>
          <technology>SQL Lite</technology>
          <technology>Gradle</technology>
        </technology>
      </project>
    </project>
  </item>
  <item>
    <jobId>3</jobId>
    <jobTitle>Software Engg-2</jobTitle>
    <jobDescription>To develop android application and web application</jobDescription>
    <experience>
      <experience>Google</experience>
      <experience>Apple</experience>
      <experience>Mobile Iron</experience>
    </experience>
    <project>
      <project>
        <projectName>Movie App</projectName>
        <technology>
          <technology>Kotlin</technology>
          <technology>SQL Lite</technology>
          <technology>Gradle</technology>
        </technology>
      </project>
    </project>
  </item>
  <item>
    <jobId>18</jobId>
    <jobTitle>Software Engg-2</jobTitle>
    <jobDescription>To develop android application and web application</jobDescription>
    <experience>
      <experience>Google</experience>
      <experience>Apple</experience>
      <experience>Mobile Iron</experience>
    </experience>
    <project>
      <project>
        <projectName>Movie App</projectName>
        <technology>
          <technology>Kotlin</technology>
          <technology>SQL Lite</technology>
          <technology>Gradle</technology>
        </technology>
      </project>
    </project>
  </item>
  <item>
    <jobId>4</jobId>
    <jobTitle>Software Engg-2</jobTitle>
    <jobDescription>To develop android application and web application</jobDescription>
    <experience>
      <experience>Google</experience>
      <experience>Apple</experience>
      <experience>Mobile Iron</experience>
    </experience>
    <project>
      <project>
        <projectName>Movie App</projectName>
        <technology>
          <technology>Kotlin</technology>
          <technology>SQL Lite</technology>
          <technology>Gradle</technology>
        </technology>
      </project>
    </project>
  </item>
  <item>
    <jobId>8</jobId>
    <jobTitle>Software Engg-2</jobTitle>
    <jobDescription>To develop andriod application</jobDescription>
    <experience>
      <experience>Google</experience>
      <experience>Apple</experience>
      <experience>Mobile Iron</experience>
    </experience>
    <project>
      <project>
        <projectName>Movie App</projectName>
        <technology>
          <technology>Kotlin</technology>
          <technology>SQL Lite</technology>
          <technology>Gradle</technology>
        </technology>
      </project>
    </project>
  </item>
  <item>
    <jobId>9980</jobId>
    <jobTitle>Software Engg-2</jobTitle>
    <jobDescription>To develop android application</jobDescription>
    <experience>
      <experience>Google</experience>
      <experience>Apple</experience>
      <experience>Mobile Iron</experience>
    </experience>
    <project>
      <project>
        <projectName>Movie App</projectName>
        <technology>
          <technology>Kotlin</technology>
          <technology>SQL Lite</technology>
          <technology>Gradle</technology>
        </technology>
      </project>
    </project>
  </item>
  <item>
    <jobId>8</jobId>
    <jobTitle>Software Engg-2</jobTitle>
    <jobDescription>To develop andriod application</jobDescription>
    <experience>
      <experience>Google</experience>
      <experience>Apple</experience>
      <experience>Mobile Iron</experience>
    </experience>
    <project>
      <project>
        <projectName>Movie App</projectName>
        <technology>
          <technology>Kotlin</technology>
          <technology>SQL Lite</technology>
          <technology>Gradle</technology>
        </technology>
      </project>
    </project>
  </item>
  <item>
    <jobId>17</jobId>
    <jobTitle>Software Engg-3</jobTitle>
    <jobDescription>To develop andriod application and web application</jobDescription>
    <experience>
      <experience>Google</experience>
      <experience>Apple</experience>
      <experience>Mobile Iron</experience>
    </experience>
    <project>
      <project>
        <projectName>Movie App</projectName>
        <technology>
          <technology>Kotlin</technology>
          <technology>SQL Lite</technology>
          <technology>Gradle</technology>
          <technology>Jenkins</technology>
        </technology>
      </project>
      <project>
        <projectName>Movie App</projectName>
        <technology>
          <technology>Kotlin</technology>
          <technology>SQL Lite</technology>
          <technology>Gradle</technology>
          <technology>Jenkins</technology>
        </technology>
      </project>
    </project>
  </item>
  <item>
    <jobId>94</jobId>
    <jobTitle>Software Engg-2</jobTitle>
    <jobDescription>To develop andriod application</jobDescription>
    <experience>
      <experience>Google</experience>
      <experience>Apple</experience>
      <experience>Mobile Iron</experience>
    </experience>
    <project>
      <project>
        <projectName>Movie App</projectName>
        <technology>
          <technology>Kotlin</technology>
          <technology>SQL Lite</technology>
          <technology>Gradle</technology>
        </technology>
      </project>
    </project>
  </item>
  <item>
    <jobId>83</jobId>
    <jobTitle>Software Engg-3</jobTitle>
    <jobDescription>To develop andriod application and web application</jobDescription>
    <experience>
      <experience>Google</experience>
      <experience>Apple</experience>
      <experience>Mobile Iron</experience>
    </experience>
    <project>
      <project>
        <projectName>Movie App</projectName>
        <technology>
          <technology>Kotlin</technology>
          <technology>SQL Lite</technology>
          <technology>Gradle</technology>
          <technology>Jenkins</technology>
        </technology>
      </project>
      <project>
        <projectName>Movie App</projectName>
        <technology>
          <technology>Kotlin</technology>
          <technology>SQL Lite</technology>
          <technology>Gradle</technology>
          <technology>Jenkins</technology>
        </technology>
      </project>
    </project>
  </item>
  <item>
    <jobId>75</jobId>
    <jobTitle>Software Engg-2</jobTitle>
    <jobDescription>To develop andriod application</jobDescription>
    <experience>
      <experience>Google</experience>
      <experience>Apple</experience>
      <experience>Mobile Iron</experience>
    </experience>
    <project>
      <project>
        <projectName>Movie App</projectName>
        <technology>
          <technology>Kotlin</technology>
          <technology>SQL Lite</technology>
          <technology>Gradle</technology>
        </technology>
      </project>
    </project>
  </item>
  <item>
    <jobId>86</jobId>
    <jobTitle>Software Engg-3</jobTitle>
    <jobDescription>To develop andriod application and web application</jobDescription>
    <experience>
      <experience>Google</experience>
      <experience>Apple</experience>
      <experience>Mobile Iron</experience>
    </experience>
    <project>
      <project>
        <projectName>Movie App</projectName>
        <technology>
          <technology>Kotlin</technology>
          <technology>SQL Lite</technology>
          <technology>Gradle</technology>
          <technology>Jenkins</technology>
        </technology>
      </project>
      <project>
        <projectName>Movie App</projectName>
        <technology>
          <technology>Kotlin</technology>
          <technology>SQL Lite</technology>
          <technology>Gradle</technology>
          <technology>Jenkins</technology>
        </technology>
      </project>
    </project>
  </item>
  <item>
    <jobId>40</jobId>
    <jobTitle>Software Engg-2</jobTitle>
    <jobDescription>To develop android application and web application</jobDescription>
    <experience>
      <experience>Google</experience>
      <experience>Apple</experience>
      <experience>Mobile Iron</experience>
    </experience>
    <project>
      <project>
        <projectName>Movie App</projectName>
        <technology>
          <technology>Kotlin</technology>
          <technology>SQL Lite</technology>
          <technology>Gradle</technology>
        </technology>
      </project>
    </project>
  </item>
  <item>
    <jobId>66</jobId>
    <jobTitle>Software Engg-2</jobTitle>
    <jobDescription>To develop android application and web application</jobDescription>
    <experience>
      <experience>Google</experience>
      <experience>Apple</experience>
      <experience>Mobile Iron</experience>
    </experience>
    <project>
      <project>
        <projectName>Movie App</projectName>
        <technology>
          <technology>Kotlin</technology>
          <technology>SQL Lite</technology>
          <technology>Gradle</technology>
        </technology>
      </project>
    </project>
  </item>
  <item>
    <jobId>18</jobId>
    <jobTitle>Software Engg-2</jobTitle>
    <jobDescription>To develop andriod application</jobDescription>
    <experience>
      <experience>Google</experience>
      <experience>Apple</experience>
      <experience>Mobile Iron</experience>
    </experience>
    <project>
      <project>
        <projectName>Movie App</projectName>
        <technology>
          <technology>Kotlin</technology>
          <technology>SQL Lite</technology>
          <technology>Gradle</technology>
        </technology>
      </project>
    </project>
  </item>
  <item>
    <jobId>42</jobId>
    <jobTitle>Software Engg-2</jobTitle>
    <jobDescription>To develop andriod application</jobDescription>
    <experience>
      <experience>Google</experience>
      <experience>Apple</experience>
      <experience>Mobile Iron</experience>
    </experience>
    <project>
      <project>
        <projectName>Movie App</projectName>
        <technology>
          <technology>Kotlin</technology>
          <technology>SQL Lite</technology>
          <technology>Gradle</technology>
        </technology>
      </project>
    </project>
  </item>
  <item>
    <jobId>68</jobId>
    <jobTitle>Software Engg-2</jobTitle>
    <jobDescription>To develop andriod application</jobDescription>
    <experience>
      <experience>Google</experience>
      <experience>Apple</experience>
      <experience>Mobile Iron</experience>
    </experience>
    <project>
      <project>
        <projectName>Movie App</projectName>
        <technology>
          <technology>Kotlin</technology>
          <technology>SQL Lite</technology>
          <technology>Gradle</technology>
        </technology>
      </project>
    </project>
  </item>
  <item>
    <jobId>96</jobId>
    <jobTitle>Software Engg-2</jobTitle>
    <jobDescription>To develop andriod application</jobDescription>
    <experience>
      <experience>Google</experience>
      <experience>Apple</experience>
      <experience>Mobile Iron</experience>
    </experience>
    <project>
      <project>
        <projectName>Movie App</projectName>
        <technology>
          <technology>Kotlin</technology>
          <technology>SQL Lite</technology>
          <technology>Gradle</technology>
        </technology>
      </project>
    </project>
  </item>
  <item>
    <jobId>59</jobId>
    <jobTitle>Software Engg-2</jobTitle>
    <jobDescription>To develop android application and web application</jobDescription>
    <experience>
      <experience>Google</experience>
      <experience>Apple</experience>
      <experience>Mobile Iron</experience>
    </experience>
    <project>
      <project>
        <projectName>Movie App</projectName>
        <technology>
          <technology>Kotlin</technology>
          <technology>SQL Lite</technology>
          <technology>Gradle</technology>
        </technology>
      </project>
    </project>
  </item>
  <item>
    <jobId>8</jobId>
    <jobTitle>Software Engg-2</jobTitle>
    <jobDescription>To develop andriod application</jobDescription>
    <experience>
      <experience>Google</experience>
      <experience>Apple</experience>
      <experience>Mobile Iron</experience>
    </experience>
    <project>
      <project>
        <projectName>Movie App</projectName>
        <technology>
          <technology>Kotlin</technology>
          <technology>SQL Lite</technology>
          <technology>Gradle</technology>
        </technology>
      </project>
    </project>
  </item>
  <item>
    <jobId>32</jobId>
    <jobTitle>Software Engg-2</jobTitle>
    <jobDescription>To develop andriod application</jobDescription>
    <experience>
      <experience>Google</experience>
      <experience>Apple</experience>
      <experience>Mobile Iron</experience>
    </experience>
    <project>
      <project>
        <projectName>Movie App</projectName>
        <technology>
          <technology>Kotlin</technology>
          <technology>SQL Lite</technology>
          <technology>Gradle</technology>
        </technology>
      </project>
    </project>
  </item>
  <item>
    <jobId>8</jobId>
    <jobTitle>Software Engg-2</jobTitle>
    <jobDescription>To develop andriod application</jobDescription>
    <experience>
      <experience>Google</experience>
      <experience>Apple</experience>
      <experience>Mobile Iron</experience>
    </experience>
    <project>
      <project>
        <projectName>Movie App</projectName>
        <technology>
          <technology>Kotlin</technology>
          <technology>SQL Lite</technology>
          <technology>Gradle</technology>
        </technology>
      </project>
    </project>
  </item>
  <item>
    <jobId>9980</jobId>
    <jobTitle>Software Engg-2</jobTitle>
    <jobDescription>To develop android application</jobDescription>
    <experience>
      <experience>Google</experience>
      <experience>Apple</experience>
      <experience>Mobile Iron</experience>
    </experience>
    <project>
      <project>
        <projectName>Movie App</projectName>
        <technology>
          <technology>Kotlin</technology>
          <technology>SQL Lite</technology>
          <technology>Gradle</technology>
        </technology>
      </project>
    </project>
  </item>
  <item>
    <jobId>6</jobId>
    <jobTitle>Software Engg-2</jobTitle>
    <jobDescription>To develop andriod application</jobDescription>
    <experience>
      <experience>Google</experience>
      <experience>Apple</experience>
      <experience>Mobile Iron</experience>
    </experience>
    <project>
      <project>
        <projectName>Movie App</projectName>
        <technology>
          <technology>Kotlin</technology>
          <technology>SQL Lite</technology>
          <technology>Gradle</technology>
        </technology>
      </project>
    </project>
  </item>
  <item>
    <jobId>57</jobId>
    <jobTitle>Software Engg-3</jobTitle>
    <jobDescription>To develop andriod application and web application</jobDescription>
    <experience>
      <experience>Google</experience>
      <experience>Apple</experience>
      <experience>Mobile Iron</experience>
    </experience>
    <project>
      <project>
        <projectName>Movie App</projectName>
        <technology>
          <technology>Kotlin</technology>
          <technology>SQL Lite</technology>
          <technology>Gradle</technology>
          <technology>Jenkins</technology>
        </technology>
      </project>
      <project>
        <projectName>Movie App</projectName>
        <technology>
          <technology>Kotlin</technology>
          <technology>SQL Lite</technology>
          <technology>Gradle</technology>
          <technology>Jenkins</technology>
        </technology>
      </project>
    </project>
  </item>
  <item>
    <jobId>19</jobId>
    <jobTitle>Software Engg-2</jobTitle>
    <jobDescription>To develop andriod application</jobDescription>
    <experience>
      <experience>Google</experience>
      <experience>Apple</experience>
      <experience>Mobile Iron</experience>
    </experience>
    <project>
      <project>
        <projectName>Movie App</projectName>
        <technology>
          <technology>Kotlin</technology>
          <technology>SQL Lite</technology>
          <technology>Gradle</technology>
        </technology>
      </project>
    </project>
  </item>
  <item>
    <jobId>29</jobId>
    <jobTitle>Software Engg-3</jobTitle>
    <jobDescription>To develop andriod application and web application</jobDescription>
    <experience>
      <experience>Google</experience>
      <experience>Apple</experience>
      <experience>Mobile Iron</experience>
    </experience>
    <project>
      <project>
        <projectName>Movie App</projectName>
        <technology>
          <technology>Kotlin</technology>
          <technology>SQL Lite</technology>
          <technology>Gradle</technology>
          <technology>Jenkins</technology>
        </technology>
      </project>
      <project>
        <projectName>Movie App</projectName>
        <technology>
          <technology>Kotlin</technology>
          <technology>SQL Lite</technology>
          <technology>Gradle</technology>
          <technology>Jenkins</technology>
        </technology>
      </project>
    </project>
  </item>
  <item>
    <jobId>90</jobId>
    <jobTitle>Software Engg-2</jobTitle>
    <jobDescription>To develop android application and web application</jobDescription>
    <experience>
      <experience>Google</experience>
      <experience>Apple</experience>
      <experience>Mobile Iron</experience>
    </experience>
    <project>
      <project>
        <projectName>Movie App</projectName>
        <technology>
          <technology>Kotlin</technology>
          <technology>SQL Lite</technology>
          <technology>Gradle</technology>
        </technology>
      </project>
    </project>
  </item>
  <item>
    <jobId>60</jobId>
    <jobTitle>Software Engg-3</jobTitle>
    <jobDescription>To develop andriod application and web application</jobDescription>
    <experience>
      <experience>Google</experience>
      <experience>Apple</experience>
      <experience>Mobile Iron</experience>
    </experience>
    <project>
      <project>
        <projectName>Movie App</projectName>
        <technology>
          <technology>Kotlin</technology>
          <technology>SQL Lite</technology>
          <technology>Gradle</technology>
          <technology>Jenkins</technology>
        </technology>
      </project>
      <project>
        <projectName>Movie App</projectName>
        <technology>
          <technology>Kotlin</technology>
          <technology>SQL Lite</technology>
          <technology>Gradle</technology>
          <technology>Jenkins</technology>
        </technology>
      </project>
    </project>
  </item>
  <item>
    <jobId>92</jobId>
    <jobTitle>Software Engg-2</jobTitle>
    <jobDescription>To develop android application and web application</jobDescription>
    <experience>
      <experience>Google</experience>
      <experience>Apple</experience>
      <experience>Mobile Iron</experience>
    </experience>
    <project>
      <project>
        <projectName>Movie App</projectName>
        <technology>
          <technology>Kotlin</technology>
          <technology>SQL Lite</technology>
          <technology>Gradle</technology>
        </technology>
      </project>
    </project>
  </item>
  <item>
    <jobId>90</jobId>
    <jobTitle>Software Engg-2</jobTitle>
    <jobDescription>To develop andriod application</jobDescription>
    <experience>
      <experience>Google</experience>
      <experience>Apple</experience>
      <experience>Mobile Iron</experience>
    </experience>
    <project>
      <project>
        <projectName>Movie App</projectName>
        <technology>
          <technology>Kotlin</technology>
          <technology>SQL Lite</technology>
          <technology>Gradle</technology>
        </technology>
      </project>
    </project>
  </item>
  <item>
    <jobId>25</jobId>
    <jobTitle>Software Engg-2</jobTitle>
    <jobDescription>To develop andriod application</jobDescription>
    <experience>
      <experience>Google</experience>
      <experience>Apple</experience>
      <experience>Mobile Iron</experience>
    </experience>
    <project>
      <project>
        <projectName>Movie App</projectName>
        <technology>
          <technology>Kotlin</technology>
          <technology>SQL Lite</technology>
          <technology>Gradle</technology>
        </technology>
      </project>
    </project>
  </item>
  <item>
    <jobId>0</jobId>
    <jobTitle>Software Engg-2</jobTitle>
    <jobDescription>To develop android application and web application</jobDescription>
    <experience>
      <experience>Google</experience>
      <experience>Apple</experience>
      <experience>Mobile Iron</experience>
    </experience>
    <project>
      <project>
        <projectName>Movie App</projectName>
        <technology>
          <technology>Kotlin</technology>
          <technology>SQL Lite</technology>
          <technology>Gradle</technology>
        </technology>
      </project>
    </project>
  </item>
  <item>
    <jobId>53</jobId>
    <jobTitle>Software Engg-2</jobTitle>
    <jobDescription>To develop andriod application</jobDescription>
    <experience>
      <experience>Google</experience>
      <experience>Apple</experience>
      <experience>Mobile Iron</experience>
    </experience>
    <project>
      <project>
        <projectName>Movie App</projectName>
        <technology>
          <technology>Kotlin</technology>
          <technology>SQL Lite</technology>
          <technology>Gradle</technology>
        </technology>
      </project>
    </project>
  </item>
  <item>
    <jobId>37</jobId>
    <jobTitle>Software Engg-2</jobTitle>
    <jobDescription>To develop android application and web application</jobDescription>
    <experience>
      <experience>Google</experience>
      <experience>Apple</experience>
      <experience>Mobile Iron</experience>
    </experience>
    <project>
      <project>
        <projectName>Movie App</projectName>
        <technology>
          <technology>Kotlin</technology>
          <technology>SQL Lite</technology>
          <technology>Gradle</technology>
        </technology>
      </project>
    </project>
  </item>
  <item>
    <jobId>41</jobId>
    <jobTitle>Software Engg-2</jobTitle>
    <jobDescription>To develop andriod application</jobDescription>
    <experience>
      <experience>Google</experience>
      <experience>Apple</experience>
      <experience>Mobile Iron</experience>
    </experience>
    <project>
      <project>
        <projectName>Movie App</projectName>
        <technology>
          <technology>Kotlin</technology>
          <technology>SQL Lite</technology>
          <technology>Gradle</technology>
        </technology>
      </project>
    </project>
  </item>
  <item>
    <jobId>40</jobId>
    <jobTitle>Software Engg-2</jobTitle>
    <jobDescription>To develop andriod application</jobDescription>
    <experience>
      <experience>Google</experience>
      <experience>Apple</experience>
      <experience>Mobile Iron</experience>
    </experience>
    <project>
      <project>
        <projectName>Movie App</projectName>
        <technology>
          <technology>Kotlin</technology>
          <technology>SQL Lite</technology>
          <technology>Gradle</technology>
        </technology>
      </project>
    </project>
  </item>
  <item>
    <jobId>0</jobId>
    <jobTitle>Software Engg-2</jobTitle>
    <jobDescription>To develop andriod application</jobDescription>
    <experience>
      <experience>Google</experience>
      <experience>Apple</experience>
      <experience>Mobile Iron</experience>
    </experience>
    <project>
      <project>
        <projectName>Movie App</projectName>
        <technology>
          <technology>Kotlin</technology>
          <technology>SQL Lite</technology>
          <technology>Gradle</technology>
        </technology>
      </project>
    </project>
  </item>
  <item>
    <jobId>76</jobId>
    <jobTitle>Software Engg-2</jobTitle>
    <jobDescription>To develop andriod application</jobDescription>
    <experience>
      <experience>Google</experience>
      <experience>Apple</experience>
      <experience>Mobile Iron</experience>
    </experience>
    <project>
      <project>
        <projectName>Movie App</projectName>
        <technology>
          <technology>Kotlin</technology>
          <technology>SQL Lite</technology>
          <technology>Gradle</technology>
        </technology>
      </project>
    </project>
  </item>
  <item>
    <jobId>49</jobId>
    <jobTitle>Software Engg-2</jobTitle>
    <jobDescription>To develop andriod application</jobDescription>
    <experience>
      <experience>Google</experience>
      <experience>Apple</experience>
      <experience>Mobile Iron</experience>
    </experience>
    <project>
      <project>
        <projectName>Movie App</projectName>
        <technology>
          <technology>Kotlin</technology>
          <technology>SQL Lite</technology>
          <technology>Gradle</technology>
        </technology>
      </project>
    </project>
  </item>
  <item>
    <jobId>9980</jobId>
    <jobTitle>Software Engg-2</jobTitle>
    <jobDescription>To develop android application</jobDescription>
    <experience>
      <experience>Google</experience>
      <experience>Apple</experience>
      <experience>Mobile Iron</experience>
    </experience>
    <project>
      <project>
        <projectName>Movie App</projectName>
        <technology>
          <technology>Kotlin</technology>
          <technology>SQL Lite</technology>
          <technology>Gradle</technology>
        </technology>
      </project>
    </project>
  </item>
  <item>
    <jobId>8</jobId>
    <jobTitle>Software Engg-2</jobTitle>
    <jobDescription>To develop andriod application</jobDescription>
    <experience>
      <experience>Google</experience>
      <experience>Apple</experience>
      <experience>Mobile Iron</experience>
    </experience>
    <project>
      <project>
        <projectName>Movie App</projectName>
        <technology>
          <technology>Kotlin</technology>
          <technology>SQL Lite</technology>
          <technology>Gradle</technology>
        </technology>
      </project>
    </project>
  </item>
  <item>
    <jobId>79</jobId>
    <jobTitle>Software Engg-2</jobTitle>
    <jobDescription>To develop andriod application</jobDescription>
    <experience>
      <experience>Google</experience>
      <experience>Apple</experience>
      <experience>Mobile Iron</experience>
    </experience>
    <project>
      <project>
        <projectName>Movie App</projectName>
        <technology>
          <technology>Kotlin</technology>
          <technology>SQL Lite</technology>
          <technology>Gradle</technology>
        </technology>
      </project>
    </project>
  </item>
  <item>
    <jobId>8</jobId>
    <jobTitle>Software Engg-2</jobTitle>
    <jobDescription>To develop andriod application</jobDescription>
    <experience>
      <experience>Google</experience>
      <experience>Apple</experience>
      <experience>Mobile Iron</experience>
    </experience>
    <project>
      <project>
        <projectName>Movie App</projectName>
        <technology>
          <technology>Kotlin</technology>
          <technology>SQL Lite</technology>
          <technology>Gradle</technology>
        </technology>
      </project>
    </project>
  </item>
  <item>
    <jobId>39</jobId>
    <jobTitle>Software Engg-3</jobTitle>
    <jobDescription>To develop andriod application and web application</jobDescription>
    <experience>
      <experience>Google</experience>
      <experience>Apple</experience>
      <experience>Mobile Iron</experience>
    </experience>
    <project>
      <project>
        <projectName>Movie App</projectName>
        <technology>
          <technology>Kotlin</technology>
          <technology>SQL Lite</technology>
          <technology>Gradle</technology>
          <technology>Jenkins</technology>
        </technology>
      </project>
      <project>
        <projectName>Movie App</projectName>
        <technology>
          <technology>Kotlin</technology>
          <technology>SQL Lite</technology>
          <technology>Gradle</technology>
          <technology>Jenkins</technology>
        </technology>
      </project>
    </project>
  </item>
  <item>
    <jobId>96</jobId>
    <jobTitle>Software Engg-2</jobTitle>
    <jobDescription>To develop andriod application</jobDescription>
    <experience>
      <experience>Google</experience>
      <experience>Apple</experience>
      <experience>Mobile Iron</experience>
    </experience>
    <project>
      <project>
        <projectName>Movie App</projectName>
        <technology>
          <technology>Kotlin</technology>
          <technology>SQL Lite</technology>
          <technology>Gradle</technology>
        </technology>
      </project>
    </project>
  </item>
  <item>
    <jobId>28</jobId>
    <jobTitle>Software Engg-3</jobTitle>
    <jobDescription>To develop andriod application and web application</jobDescription>
    <experience>
      <experience>Google</experience>
      <experience>Apple</experience>
      <experience>Mobile Iron</experience>
    </experience>
    <project>
      <project>
        <projectName>Movie App</projectName>
        <technology>
          <technology>Kotlin</technology>
          <technology>SQL Lite</technology>
          <technology>Gradle</technology>
          <technology>Jenkins</technology>
        </technology>
      </project>
      <project>
        <projectName>Movie App</projectName>
        <technology>
          <technology>Kotlin</technology>
          <technology>SQL Lite</technology>
          <technology>Gradle</technology>
          <technology>Jenkins</technology>
        </technology>
      </project>
    </project>
  </item>
  <item>
    <jobId>80</jobId>
    <jobTitle>Software Engg-2</jobTitle>
    <jobDescription>To develop andriod application</jobDescription>
    <experience>
      <experience>Google</experience>
      <experience>Apple</experience>
      <experience>Mobile Iron</experience>
    </experience>
    <project>
      <project>
        <projectName>Movie App</projectName>
        <technology>
          <technology>Kotlin</technology>
          <technology>SQL Lite</technology>
          <technology>Gradle</technology>
        </technology>
      </project>
    </project>
  </item>
  <item>
    <jobId>130</jobId>
    <jobTitle>Software Engg-3</jobTitle>
    <jobDescription>To develop andriod application and web application</jobDescription>
    <experience>
      <experience>Google</experience>
      <experience>Apple</experience>
      <experience>Mobile Iron</experience>
    </experience>
    <project>
      <project>
        <projectName>Movie App</projectName>
        <technology>
          <technology>Kotlin</technology>
          <technology>SQL Lite</technology>
          <technology>Gradle</technology>
          <technology>Jenkins</technology>
        </technology>
      </project>
      <project>
        <projectName>Movie App</projectName>
        <technology>
          <technology>Kotlin</technology>
          <technology>SQL Lite</technology>
          <technology>Gradle</technology>
          <technology>Jenkins</technology>
        </technology>
      </project>
    </project>
  </item>
  <item>
    <jobId>74</jobId>
    <jobTitle>Software Engg-3</jobTitle>
    <jobDescription>To develop andriod application and web application</jobDescription>
    <experience>
      <experience>Google</experience>
      <experience>Apple</experience>
      <experience>Mobile Iron</experience>
    </experience>
    <project>
      <project>
        <projectName>Movie App</projectName>
        <technology>
          <technology>Kotlin</technology>
          <technology>SQL Lite</technology>
          <technology>Gradle</technology>
          <technology>Jenkins</technology>
        </technology>
      </project>
      <project>
        <projectName>Movie App</projectName>
        <technology>
          <technology>Kotlin</technology>
          <technology>SQL Lite</technology>
          <technology>Gradle</technology>
          <technology>Jenkins</technology>
        </technology>
      </project>
    </project>
  </item>
  <item>
    <jobId>10</jobId>
    <jobTitle>Software Engg-2</jobTitle>
    <jobDescription>To develop andriod application</jobDescription>
    <experience>
      <experience>Google</experience>
      <experience>Apple</experience>
      <experience>Mobile Iron</experience>
    </experience>
    <project>
      <project>
        <projectName>Movie App</projectName>
        <technology>
          <technology>Kotlin</technology>
          <technology>SQL Lite</technology>
          <technology>Gradle</technology>
        </technology>
      </project>
    </project>
  </item>
  <item>
    <jobId>77</jobId>
    <jobTitle>Software Engg-2</jobTitle>
    <jobDescription>To develop andriod application</jobDescription>
    <experience>
      <experience>Google</experience>
      <experience>Apple</experience>
      <experience>Mobile Iron</experience>
    </experience>
    <project>
      <project>
        <projectName>Movie App</projectName>
        <technology>
          <technology>Kotlin</technology>
          <technology>SQL Lite</technology>
          <technology>Gradle</technology>
        </technology>
      </project>
    </project>
  </item>
  <item>
    <jobId>26</jobId>
    <jobTitle>Software Engg-2</jobTitle>
    <jobDescription>To develop andriod application</jobDescription>
    <experience>
      <experience>Google</experience>
      <experience>Apple</experience>
      <experience>Mobile Iron</experience>
    </experience>
    <project>
      <project>
        <projectName>Movie App</projectName>
        <technology>
          <technology>Kotlin</technology>
          <technology>SQL Lite</technology>
          <technology>Gradle</technology>
        </technology>
      </project>
    </project>
  </item>
</List>
 
01:15:28.454 [pool-1-thread-1] DEBUG com.intuit.karate - request:
1 > GET http://localhost:9897/normal/webapi/all
1 > Accept: application/json
1 > Host: localhost:9897
1 > Connection: Keep-Alive
1 > User-Agent: Apache-HttpClient/4.5.13 (Java/11.0.13)
1 > Accept-Encoding: gzip,deflate


01:15:28.484 [pool-1-thread-2] INFO  com.intuit.karate - karate.env system property was: null 
01:15:28.492 [pool-1-thread-2] INFO  com.intuit.karate - [print] Int Variable ==> 10 
01:15:28.496 [pool-1-thread-2] INFO  com.intuit.karate - [print] String Variable ==> Karate 
01:15:28.503 [pool-1-thread-2] INFO  com.intuit.karate - [print] New Variable ==> 20 
01:15:28.505 [pool-1-thread-2] INFO  com.intuit.karate - [print] Background Section Variable ==> Google 20 
01:15:28.509 [pool-1-thread-4] INFO  com.intuit.karate - karate.env system property was: null 
01:15:28.509 [pool-1-thread-2] INFO  com.intuit.karate - karate.env system property was: null 
01:15:28.510 [pool-1-thread-2] INFO  com.intuit.karate - [print] this is background keyword 
01:15:28.512 [pool-1-thread-4] INFO  com.intuit.karate - [print] Previous Scenario ==> 20 
01:15:28.512 [pool-1-thread-2] DEBUG com.intuit.karate - request:
1 > GET http://localhost:9897/normal/webapi/all
1 > Accept: application/json
1 > Host: localhost:9897
1 > Connection: Keep-Alive
1 > User-Agent: Apache-HttpClient/4.5.13 (Java/11.0.13)
1 > Accept-Encoding: gzip,deflate


01:15:28.513 [pool-1-thread-4] INFO  com.intuit.karate - [print] Background Section Variable ==> Google 20 
01:15:28.518 [pool-1-thread-4] INFO  com.intuit.karate - karate.env system property was: null 
01:15:28.520 [pool-1-thread-4] INFO  com.intuit.karate - [print] this is background keyword 
01:15:28.524 [pool-1-thread-4] DEBUG com.intuit.karate - request:
1 > GET http://localhost:9897/normal/webapi/all
1 > Accept: application/json
1 > Host: localhost:9897
1 > Connection: Keep-Alive
1 > User-Agent: Apache-HttpClient/4.5.13 (Java/11.0.13)
1 > Accept-Encoding: gzip,deflate


01:15:28.532 [pool-1-thread-5] DEBUG com.intuit.karate - response time in milliseconds: 169
1 < 200
1 < X-Content-Type-Options: nosniff
1 < X-XSS-Protection: 1; mode=block
1 < Cache-Control: no-cache, no-store, max-age=0, must-revalidate
1 < Pragma: no-cache
1 < Expires: 0
1 < X-Frame-Options: DENY
1 < Content-Type: application/xml
1 < Transfer-Encoding: chunked
1 < Date: Wed, 19 Jan 2022 19:45:28 GMT
1 < Keep-Alive: timeout=60
1 < Connection: keep-alive
<List><item><jobId>1</jobId><jobTitle>Software Engg</jobTitle><jobDescription>To develop andriod application</jobDescription><experience><experience>Google</experience><experience>Apple</experience><experience>Mobile Iron</experience></experience><project><project><projectName>Movie App</projectName><technology><technology>Kotlin</technology><technology>SQL Lite</technology><technology>Gradle</technology></technology></project></project></item><item><jobId>68</jobId><jobTitle>Software Engg-2</jobTitle><jobDescription>To develop android application and web application</jobDescription><experience><experience>Google</experience><experience>Apple</experience><experience>Mobile Iron</experience></experience><project><project><projectName>Movie App</projectName><technology><technology>Kotlin</technology><technology>SQL Lite</technology><technology>Gradle</technology><technology>Jenkins</technology></technology></project><project><projectName>Movie App</projectName><technology><technology>Kotlin</technology><technology>SQL Lite</technology><technology>Gradle</technology><technology>Jenkins</technology></technology></project></project></item><item><jobId>34</jobId><jobTitle>Software Engg-3</jobTitle><jobDescription>To develop andriod application and web application</jobDescription><experience><experience>Google</experience><experience>Apple</experience><experience>Mobile Iron</experience></experience><project><project><projectName>Movie App</projectName><technology><technology>Kotlin</technology><technology>SQL Lite</technology><technology>Gradle</technology><technology>Jenkins</technology></technology></project><project><projectName>Movie App</projectName><technology><technology>Kotlin</technology><technology>SQL Lite</technology><technology>Gradle</technology><technology>Jenkins</technology></technology></project></project></item><item><jobId>41</jobId><jobTitle>Software Engg-2</jobTitle><jobDescription>To develop android application and web application</jobDescription><experience><experience>Google</experience><experience>Apple</experience><experience>Mobile Iron</experience></experience><project><project><projectName>Movie App</projectName><technology><technology>Kotlin</technology><technology>SQL Lite</technology><technology>Gradle</technology><technology>Jenkins</technology></technology></project><project><projectName>Movie App</projectName><technology><technology>Kotlin</technology><technology>SQL Lite</technology><technology>Gradle</technology><technology>Jenkins</technology></technology></project></project></item><item><jobId>12</jobId><jobTitle>Software Engg-2</jobTitle><jobDescription>To develop andriod application</jobDescription><experience><experience>Google</experience><experience>Apple</experience><experience>Mobile Iron</experience></experience><project><project><projectName>Movie App</projectName><technology><technology>Kotlin</technology><technology>SQL Lite</technology><technology>Gradle</technology></technology></project></project></item><item><jobId>73</jobId><jobTitle>Software Engg-3</jobTitle><jobDescription>To develop andriod application and web application</jobDescription><experience><experience>Google</experience><experience>Apple</experience><experience>Mobile Iron</experience></experience><project><project><projectName>Movie App</projectName><technology><technology>Kotlin</technology><technology>SQL Lite</technology><technology>Gradle</technology><technology>Jenkins</technology></technology></project><project><projectName>Movie App</projectName><technology><technology>Kotlin</technology><technology>SQL Lite</technology><technology>Gradle</technology><technology>Jenkins</technology></technology></project></project></item><item><jobId>99999</jobId><jobTitle>Software Engg-2</jobTitle><jobDescription>To develop andriod application</jobDescription><experience><experience>Google</experience><experience>Apple</experience><experience>Mobile Iron</experience></experience><project><project><projectName>Movie App</projectName><technology><technology>Kotlin</technology><technology>SQL Lite</technology><technology>Gradle</technology></technology></project></project></item><item><jobId>38</jobId><jobTitle>Software Engg-3</jobTitle><jobDescription>To develop andriod application and web application</jobDescription><experience><experience>Google</experience><experience>Apple</experience><experience>Mobile Iron</experience></experience><project><project><projectName>Movie App</projectName><technology><technology>Kotlin</technology><technology>SQL Lite</technology><technology>Gradle</technology><technology>Jenkins</technology></technology></project><project><projectName>Movie App</projectName><technology><technology>Kotlin</technology><technology>SQL Lite</technology><technology>Gradle</technology><technology>Jenkins</technology></technology></project></project></item><item><jobId>96</jobId><jobTitle>Software Engg-3</jobTitle><jobDescription>To develop andriod application and web application</jobDescription><experience><experience>Google</experience><experience>Apple</experience><experience>Mobile Iron</experience></experience><project><project><projectName>Movie App</projectName><technology><technology>Kotlin</technology><technology>SQL Lite</technology><technology>Gradle</technology><technology>Jenkins</technology></technology></project><project><projectName>Movie App</projectName><technology><technology>Kotlin</technology><technology>SQL Lite</technology><technology>Gradle</technology><technology>Jenkins</technology></technology></project></project></item><item><jobId>48</jobId><jobTitle>Software Engg-2</jobTitle><jobDescription>To develop andriod application</jobDescription><experience><experience>Google</experience><experience>Apple</experience><experience>Mobile Iron</experience></experience><project><project><projectName>Movie App</projectName><technology><technology>Kotlin</technology><technology>SQL Lite</technology><technology>Gradle</technology></technology></project></project></item><item><jobId>6</jobId><jobTitle>Software Engg-3</jobTitle><jobDescription>To develop andriod application and web application</jobDescription><experience><experience>Google</experience><experience>Apple</experience><experience>Mobile Iron</experience></experience><project><project><projectName>Movie App</projectName><technology><technology>Kotlin</technology><technology>SQL Lite</technology><technology>Gradle</technology><technology>Jenkins</technology></technology></project><project><projectName>Movie App</projectName><technology><technology>Kotlin</technology><technology>SQL Lite</technology><technology>Gradle</technology><technology>Jenkins</technology></technology></project></project></item><item><jobId>88</jobId><jobTitle>Software Engg-2</jobTitle><jobDescription>To develop android application and web application</jobDescription><experience><experience>Google</experience><experience>Apple</experience><experience>Mobile Iron</experience></experience><project><project><projectName>Movie App</projectName><technology><technology>Kotlin</technology><technology>SQL Lite</technology><technology>Gradle</technology></technology></project></project></item><item><jobId>9</jobId><jobTitle>Software Engg-3</jobTitle><jobDescription>To develop andriod application and web application</jobDescription><experience><experience>Google</experience><experience>Apple</experience><experience>Mobile Iron</experience></experience><project><project><projectName>Movie App</projectName><technology><technology>Kotlin</technology><technology>SQL Lite</technology><technology>Gradle</technology><technology>Jenkins</technology></technology></project><project><projectName>Movie App</projectName><technology><technology>Kotlin</technology><technology>SQL Lite</technology><technology>Gradle</technology><technology>Jenkins</technology></technology></project></project></item><item><jobId>8</jobId><jobTitle>Software Engg-2</jobTitle><jobDescription>To develop andriod application</jobDescription><experience><experience>Google</experience><experience>Apple</experience><experience>Mobile Iron</experience></experience><project><project><projectName>Movie App</projectName><technology><technology>Kotlin</technology><technology>SQL Lite</technology><technology>Gradle</technology></technology></project></project></item><item><jobId>7</jobId><jobTitle>Software Engg-3</jobTitle><jobDescription>To develop andriod application and web application</jobDescription><experience><experience>Google</experience><experience>Apple</experience><experience>Mobile Iron</experience></experience><project><project><projectName>Movie App</projectName><technology><technology>Kotlin</technology><technology>SQL Lite</technology><technology>Gradle</technology><technology>Jenkins</technology></technology></project><project><projectName>Movie App</projectName><technology><technology>Kotlin</technology><technology>SQL Lite</technology><technology>Gradle</technology><technology>Jenkins</technology></technology></project></project></item><item><jobId>13</jobId><jobTitle>Software Engg-2</jobTitle><jobDescription>To develop andriod application</jobDescription><experience><experience>Google</experience><experience>Apple</experience><experience>Mobile Iron</experience></experience><project><project><projectName>Movie App</projectName><technology><technology>Kotlin</technology><technology>SQL Lite</technology><technology>Gradle</technology></technology></project></project></item><item><jobId>53</jobId><jobTitle>Software Engg-2</jobTitle><jobDescription>To develop android application and web application</jobDescription><experience><experience>Google</experience><experience>Apple</experience><experience>Mobile Iron</experience></experience><project><project><projectName>Movie App</projectName><technology><technology>Kotlin</technology><technology>SQL Lite</technology><technology>Gradle</technology></technology></project></project></item><item><jobId>8</jobId><jobTitle>Software Engg-2</jobTitle><jobDescription>To develop andriod application</jobDescription><experience><experience>Google</experience><experience>Apple</experience><experience>Mobile Iron</experience></experience><project><project><projectName>Movie App</projectName><technology><technology>Kotlin</technology><technology>SQL Lite</technology><technology>Gradle</technology></technology></project></project></item><item><jobId>8</jobId><jobTitle>Software Engg-2</jobTitle><jobDescription>To develop andriod application</jobDescription><experience><experience>Google</experience><experience>Apple</experience><experience>Mobile Iron</experience></experience><project><project><projectName>Movie App</projectName><technology><technology>Kotlin</technology><technology>SQL Lite</technology><technology>Gradle</technology></technology></project></project></item><item><jobId>9980</jobId><jobTitle>Software Engg-2</jobTitle><jobDescription>To develop android application</jobDescription><experience><experience>Google</experience><experience>Apple</experience><experience>Mobile Iron</experience></experience><project><project><projectName>Movie App</projectName><technology><technology>Kotlin</technology><technology>SQL Lite</technology><technology>Gradle</technology></technology></project></project></item><item><jobId>80</jobId><jobTitle>Software Engg-2</jobTitle><jobDescription>To develop andriod application</jobDescription><experience><experience>Google</experience><experience>Apple</experience><experience>Mobile Iron</experience></experience><project><project><projectName>Movie App</projectName><technology><technology>Kotlin</technology><technology>SQL Lite</technology><technology>Gradle</technology></technology></project></project></item><item><jobId>49</jobId><jobTitle>Software Engg-2</jobTitle><jobDescription>To develop android application and web application</jobDescription><experience><experience>Google</experience><experience>Apple</experience><experience>Mobile Iron</experience></experience><project><project><projectName>Movie App</projectName><technology><technology>Kotlin</technology><technology>SQL Lite</technology><technology>Gradle</technology><technology>Jenkins</technology></technology></project><project><projectName>Movie App</projectName><technology><technology>Kotlin</technology><technology>SQL Lite</technology><technology>Gradle</technology><technology>Jenkins</technology></technology></project></project></item><item><jobId>82</jobId><jobTitle>Software Engg-3</jobTitle><jobDescription>To develop andriod application and web application</jobDescription><experience><experience>Google</experience><experience>Apple</experience><experience>Mobile Iron</experience></experience><project><project><projectName>Movie App</projectName><technology><technology>Kotlin</technology><technology>SQL Lite</technology><technology>Gradle</technology><technology>Jenkins</technology></technology></project><project><projectName>Movie App</projectName><technology><technology>Kotlin</technology><technology>SQL Lite</technology><technology>Gradle</technology><technology>Jenkins</technology></technology></project></project></item><item><jobId>45</jobId><jobTitle>Software Engg-3</jobTitle><jobDescription>To develop andriod application and web application</jobDescription><experience><experience>Google</experience><experience>Apple</experience><experience>Mobile Iron</experience></experience><project><project><projectName>Movie App</projectName><technology><technology>Kotlin</technology><technology>SQL Lite</technology><technology>Gradle</technology><technology>Jenkins</technology></technology></project><project><projectName>Movie App</projectName><technology><technology>Kotlin</technology><technology>SQL Lite</technology><technology>Gradle</technology><technology>Jenkins</technology></technology></project></project></item><item><jobId>26</jobId><jobTitle>Software Engg-2</jobTitle><jobDescription>To develop andriod application</jobDescription><experience><experience>Google</experience><experience>Apple</experience><experience>Mobile Iron</experience></experience><project><project><projectName>Movie App</projectName><technology><technology>Kotlin</technology><technology>SQL Lite</technology><technology>Gradle</technology></technology></project></project></item><item><jobId>8</jobId><jobTitle>Software Engg-2</jobTitle><jobDescription>To develop andriod application</jobDescription><experience><experience>Google</experience><experience>Apple</experience><experience>Mobile Iron</experience></experience><project><project><projectName>Movie App</projectName><technology><technology>Kotlin</technology><technology>SQL Lite</technology><technology>Gradle</technology></technology></project></project></item><item><jobId>75</jobId><jobTitle>Software Engg-2</jobTitle><jobDescription>To develop andriod application</jobDescription><experience><experience>Google</experience><experience>Apple</experience><experience>Mobile Iron</experience></experience><project><project><projectName>Movie App</projectName><technology><technology>Kotlin</technology><technology>SQL Lite</technology><technology>Gradle</technology></technology></project></project></item><item><jobId>8</jobId><jobTitle>Software Engg-2</jobTitle><jobDescription>To develop andriod application</jobDescription><experience><experience>Google</experience><experience>Apple</experience><experience>Mobile Iron</experience></experience><project><project><projectName>Movie App</projectName><technology><technology>Kotlin</technology><technology>SQL Lite</technology><technology>Gradle</technology></technology></project></project></item><item><jobId>9980</jobId><jobTitle>Software Engg-2</jobTitle><jobDescription>To develop android application</jobDescription><experience><experience>Google</experience><experience>Apple</experience><experience>Mobile Iron</experience></experience><project><project><projectName>Movie App</projectName><technology><technology>Kotlin</technology><technology>SQL Lite</technology><technology>Gradle</technology></technology></project></project></item><item><jobId>84</jobId><jobTitle>Software Engg-2</jobTitle><jobDescription>To develop andriod application</jobDescription><experience><experience>Google</experience><experience>Apple</experience><experience>Mobile Iron</experience></experience><project><project><projectName>Movie App</projectName><technology><technology>Kotlin</technology><technology>SQL Lite</technology><technology>Gradle</technology></technology></project></project></item><item><jobId>31</jobId><jobTitle>Software Engg-3</jobTitle><jobDescription>To develop andriod application and web application</jobDescription><experience><experience>Google</experience><experience>Apple</experience><experience>Mobile Iron</experience></experience><project><project><projectName>Movie App</projectName><technology><technology>Kotlin</technology><technology>SQL Lite</technology><technology>Gradle</technology><technology>Jenkins</technology></technology></project><project><projectName>Movie App</projectName><technology><technology>Kotlin</technology><technology>SQL Lite</technology><technology>Gradle</technology><technology>Jenkins</technology></technology></project></project></item><item><jobId>87</jobId><jobTitle>Software Engg-2</jobTitle><jobDescription>To develop andriod application</jobDescription><experience><experience>Google</experience><experience>Apple</experience><experience>Mobile Iron</experience></experience><project><project><projectName>Movie App</projectName><technology><technology>Kotlin</technology><technology>SQL Lite</technology><technology>Gradle</technology></technology></project></project></item><item><jobId>93</jobId><jobTitle>Software Engg-3</jobTitle><jobDescription>To develop andriod application and web application</jobDescription><experience><experience>Google</experience><experience>Apple</experience><experience>Mobile Iron</experience></experience><project><project><projectName>Movie App</projectName><technology><technology>Kotlin</technology><technology>SQL Lite</technology><technology>Gradle</technology><technology>Jenkins</technology></technology></project><project><projectName>Movie App</projectName><technology><technology>Kotlin</technology><technology>SQL Lite</technology><technology>Gradle</technology><technology>Jenkins</technology></technology></project></project></item><item><jobId>53</jobId><jobTitle>Software Engg-2</jobTitle><jobDescription>To develop andriod application</jobDescription><experience><experience>Google</experience><experience>Apple</experience><experience>Mobile Iron</experience></experience><project><project><projectName>Movie App</projectName><technology><technology>Kotlin</technology><technology>SQL Lite</technology><technology>Gradle</technology></technology></project></project></item><item><jobId>51</jobId><jobTitle>Software Engg-2</jobTitle><jobDescription>To develop andriod application</jobDescription><experience><experience>Google</experience><experience>Apple</experience><experience>Mobile Iron</experience></experience><project><project><projectName>Movie App</projectName><technology><technology>Kotlin</technology><technology>SQL Lite</technology><technology>Gradle</technology></technology></project></project></item><item><jobId>19</jobId><jobTitle>Software Engg-2</jobTitle><jobDescription>To develop andriod application</jobDescription><experience><experience>Google</experience><experience>Apple</experience><experience>Mobile Iron</experience></experience><project><project><projectName>Movie App</projectName><technology><technology>Kotlin</technology><technology>SQL Lite</technology><technology>Gradle</technology></technology></project></project></item><item><jobId>93</jobId><jobTitle>Software Engg-2</jobTitle><jobDescription>To develop andriod application</jobDescription><experience><experience>Google</experience><experience>Apple</experience><experience>Mobile Iron</experience></experience><project><project><projectName>Movie App</projectName><technology><technology>Kotlin</technology><technology>SQL Lite</technology><technology>Gradle</technology></technology></project></project></item><item><jobId>32</jobId><jobTitle>Software Engg-2</jobTitle><jobDescription>To develop android application and web application</jobDescription><experience><experience>Google</experience><experience>Apple</experience><experience>Mobile Iron</experience></experience><project><project><projectName>Movie App</projectName><technology><technology>Kotlin</technology><technology>SQL Lite</technology><technology>Gradle</technology></technology></project></project></item><item><jobId>71</jobId><jobTitle>Software Engg-2</jobTitle><jobDescription>To develop android application and web application</jobDescription><experience><experience>Google</experience><experience>Apple</experience><experience>Mobile Iron</experience></experience><project><project><projectName>Movie App</projectName><technology><technology>Kotlin</technology><technology>SQL Lite</technology><technology>Gradle</technology></technology></project></project></item><item><jobId>23</jobId><jobTitle>Software Engg-2</jobTitle><jobDescription>To develop android application and web application</jobDescription><experience><experience>Google</experience><experience>Apple</experience><experience>Mobile Iron</experience></experience><project><project><projectName>Movie App</projectName><technology><technology>Kotlin</technology><technology>SQL Lite</technology><technology>Gradle</technology></technology></project></project></item><item><jobId>31</jobId><jobTitle>Software Engg-2</jobTitle><jobDescription>To develop andriod application</jobDescription><experience><experience>Google</experience><experience>Apple</experience><experience>Mobile Iron</experience></experience><project><project><projectName>Movie App</projectName><technology><technology>Kotlin</technology><technology>SQL Lite</technology><technology>Gradle</technology></technology></project></project></item><item><jobId>10</jobId><jobTitle>Software Engg-2</jobTitle><jobDescription>To develop andriod application</jobDescription><experience><experience>Google</experience><experience>Apple</experience><experience>Mobile Iron</experience></experience><project><project><projectName>Movie App</projectName><technology><technology>Kotlin</technology><technology>SQL Lite</technology><technology>Gradle</technology></technology></project></project></item><item><jobId>8</jobId><jobTitle>Software Engg-2</jobTitle><jobDescription>To develop andriod application</jobDescription><experience><experience>Google</experience><experience>Apple</experience><experience>Mobile Iron</experience></experience><project><project><projectName>Movie App</projectName><technology><technology>Kotlin</technology><technology>SQL Lite</technology><technology>Gradle</technology></technology></project></project></item><item><jobId>38</jobId><jobTitle>Software Engg-2</jobTitle><jobDescription>To develop andriod application</jobDescription><experience><experience>Google</experience><experience>Apple</experience><experience>Mobile Iron</experience></experience><project><project><projectName>Movie App</projectName><technology><technology>Kotlin</technology><technology>SQL Lite</technology><technology>Gradle</technology></technology></project></project></item><item><jobId>8</jobId><jobTitle>Software Engg-2</jobTitle><jobDescription>To develop andriod application</jobDescription><experience><experience>Google</experience><experience>Apple</experience><experience>Mobile Iron</experience></experience><project><project><projectName>Movie App</projectName><technology><technology>Kotlin</technology><technology>SQL Lite</technology><technology>Gradle</technology></technology></project></project></item><item><jobId>9980</jobId><jobTitle>Software Engg-2</jobTitle><jobDescription>To develop android application</jobDescription><experience><experience>Google</experience><experience>Apple</experience><experience>Mobile Iron</experience></experience><project><project><projectName>Movie App</projectName><technology><technology>Kotlin</technology><technology>SQL Lite</technology><technology>Gradle</technology></technology></project></project></item><item><jobId>5</jobId><jobTitle>Software Engg-3</jobTitle><jobDescription>To develop andriod application and web application</jobDescription><experience><experience>Google</experience><experience>Apple</experience><experience>Mobile Iron</experience></experience><project><project><projectName>Movie App</projectName><technology><technology>Kotlin</technology><technology>SQL Lite</technology><technology>Gradle</technology><technology>Jenkins</technology></technology></project><project><projectName>Movie App</projectName><technology><technology>Kotlin</technology><technology>SQL Lite</technology><technology>Gradle</technology><technology>Jenkins</technology></technology></project></project></item><item><jobId>16</jobId><jobTitle>Software Engg-3</jobTitle><jobDescription>To develop andriod application and web application</jobDescription><experience><experience>Google</experience><experience>Apple</experience><experience>Mobile Iron</experience></experience><project><project><projectName>Movie App</projectName><technology><technology>Kotlin</technology><technology>SQL Lite</technology><technology>Gradle</technology><technology>Jenkins</technology></technology></project><project><projectName>Movie App</projectName><technology><technology>Kotlin</technology><technology>SQL Lite</technology><technology>Gradle</technology><technology>Jenkins</technology></technology></project></project></item><item><jobId>1</jobId><jobTitle>Software Engg-2</jobTitle><jobDescription>To develop andriod application</jobDescription><experience><experience>Google</experience><experience>Apple</experience><experience>Mobile Iron</experience></experience><project><project><projectName>Movie App</projectName><technology><technology>Kotlin</technology><technology>SQL Lite</technology><technology>Gradle</technology></technology></project></project></item><item><jobId>7</jobId><jobTitle>Software Engg-2</jobTitle><jobDescription>To develop andriod application</jobDescription><experience><experience>Google</experience><experience>Apple</experience><experience>Mobile Iron</experience></experience><project><project><projectName>Movie App</projectName><technology><technology>Kotlin</technology><technology>SQL Lite</technology><technology>Gradle</technology></technology></project></project></item><item><jobId>35</jobId><jobTitle>Software Engg-2</jobTitle><jobDescription>To develop android application and web application</jobDescription><experience><experience>Google</experience><experience>Apple</experience><experience>Mobile Iron</experience></experience><project><project><projectName>Movie App</projectName><technology><technology>Kotlin</technology><technology>SQL Lite</technology><technology>Gradle</technology></technology></project></project></item><item><jobId>48</jobId><jobTitle>Software Engg-2</jobTitle><jobDescription>To develop andriod application</jobDescription><experience><experience>Google</experience><experience>Apple</experience><experience>Mobile Iron</experience></experience><project><project><projectName>Movie App</projectName><technology><technology>Kotlin</technology><technology>SQL Lite</technology><technology>Gradle</technology></technology></project></project></item><item><jobId>2</jobId><jobTitle>Software Engg-2</jobTitle><jobDescription>To develop andriod application</jobDescription><experience><experience>Google</experience><experience>Apple</experience><experience>Mobile Iron</experience></experience><project><project><projectName>Movie App</projectName><technology><technology>Kotlin</technology><technology>SQL Lite</technology><technology>Gradle</technology></technology></project></project></item><item><jobId>88</jobId><jobTitle>Software Engg-2</jobTitle><jobDescription>To develop andriod application</jobDescription><experience><experience>Google</experience><experience>Apple</experience><experience>Mobile Iron</experience></experience><project><project><projectName>Movie App</projectName><technology><technology>Kotlin</technology><technology>SQL Lite</technology><technology>Gradle</technology></technology></project></project></item><item><jobId>21</jobId><jobTitle>Software Engg-2</jobTitle><jobDescription>To develop andriod application</jobDescription><experience><experience>Google</experience><experience>Apple</experience><experience>Mobile Iron</experience></experience><project><project><projectName>Movie App</projectName><technology><technology>Kotlin</technology><technology>SQL Lite</technology><technology>Gradle</technology></technology></project></project></item><item><jobId>71</jobId><jobTitle>Software Engg-2</jobTitle><jobDescription>To develop andriod application</jobDescription><experience><experience>Google</experience><experience>Apple</experience><experience>Mobile Iron</experience></experience><project><project><projectName>Movie App</projectName><technology><technology>Kotlin</technology><technology>SQL Lite</technology><technology>Gradle</technology></technology></project></project></item><item><jobId>8</jobId><jobTitle>Software Engg-2</jobTitle><jobDescription>To develop andriod application</jobDescription><experience><experience>Google</experience><experience>Apple</experience><experience>Mobile Iron</experience></experience><project><project><projectName>Movie App</projectName><technology><technology>Kotlin</technology><technology>SQL Lite</technology><technology>Gradle</technology></technology></project></project></item><item><jobId>94</jobId><jobTitle>Software Engg-2</jobTitle><jobDescription>To develop andriod application</jobDescription><experience><experience>Google</experience><experience>Apple</experience><experience>Mobile Iron</experience></experience><project><project><projectName>Movie App</projectName><technology><technology>Kotlin</technology><technology>SQL Lite</technology><technology>Gradle</technology></technology></project></project></item><item><jobId>8</jobId><jobTitle>Software Engg-2</jobTitle><jobDescription>To develop andriod application</jobDescription><experience><experience>Google</experience><experience>Apple</experience><experience>Mobile Iron</experience></experience><project><project><projectName>Movie App</projectName><technology><technology>Kotlin</technology><technology>SQL Lite</technology><technology>Gradle</technology></technology></project></project></item><item><jobId>9980</jobId><jobTitle>Software Engg-2</jobTitle><jobDescription>To develop android application</jobDescription><experience><experience>Google</experience><experience>Apple</experience><experience>Mobile Iron</experience></experience><project><project><projectName>Movie App</projectName><technology><technology>Kotlin</technology><technology>SQL Lite</technology><technology>Gradle</technology></technology></project></project></item><item><jobId>89</jobId><jobTitle>Software Engg-3</jobTitle><jobDescription>To develop andriod application and web application</jobDescription><experience><experience>Google</experience><experience>Apple</experience><experience>Mobile Iron</experience></experience><project><project><projectName>Movie App</projectName><technology><technology>Kotlin</technology><technology>SQL Lite</technology><technology>Gradle</technology><technology>Jenkins</technology></technology></project><project><projectName>Movie App</projectName><technology><technology>Kotlin</technology><technology>SQL Lite</technology><technology>Gradle</technology><technology>Jenkins</technology></technology></project></project></item><item><jobId>35</jobId><jobTitle>Software Engg-2</jobTitle><jobDescription>To develop andriod application</jobDescription><experience><experience>Google</experience><experience>Apple</experience><experience>Mobile Iron</experience></experience><project><project><projectName>Movie App</projectName><technology><technology>Kotlin</technology><technology>SQL Lite</technology><technology>Gradle</technology></technology></project></project></item><item><jobId>77</jobId><jobTitle>Software Engg-2</jobTitle><jobDescription>To develop android application and web application</jobDescription><experience><experience>Google</experience><experience>Apple</experience><experience>Mobile Iron</experience></experience><project><project><projectName>Movie App</projectName><technology><technology>Kotlin</technology><technology>SQL Lite</technology><technology>Gradle</technology></technology></project></project></item><item><jobId>50</jobId><jobTitle>Software Engg-3</jobTitle><jobDescription>To develop andriod application and web application</jobDescription><experience><experience>Google</experience><experience>Apple</experience><experience>Mobile Iron</experience></experience><project><project><projectName>Movie App</projectName><technology><technology>Kotlin</technology><technology>SQL Lite</technology><technology>Gradle</technology><technology>Jenkins</technology></technology></project><project><projectName>Movie App</projectName><technology><technology>Kotlin</technology><technology>SQL Lite</technology><technology>Gradle</technology><technology>Jenkins</technology></technology></project></project></item><item><jobId>33</jobId><jobTitle>Software Engg-2</jobTitle><jobDescription>To develop andriod application</jobDescription><experience><experience>Google</experience><experience>Apple</experience><experience>Mobile Iron</experience></experience><project><project><projectName>Movie App</projectName><technology><technology>Kotlin</technology><technology>SQL Lite</technology><technology>Gradle</technology></technology></project></project></item><item><jobId>78</jobId><jobTitle>Software Engg-2</jobTitle><jobDescription>To develop android application and web application</jobDescription><experience><experience>Google</experience><experience>Apple</experience><experience>Mobile Iron</experience></experience><project><project><projectName>Movie App</projectName><technology><technology>Kotlin</technology><technology>SQL Lite</technology><technology>Gradle</technology></technology></project></project></item><item><jobId>3</jobId><jobTitle>Software Engg-2</jobTitle><jobDescription>To develop android application and web application</jobDescription><experience><experience>Google</experience><experience>Apple</experience><experience>Mobile Iron</experience></experience><project><project><projectName>Movie App</projectName><technology><technology>Kotlin</technology><technology>SQL Lite</technology><technology>Gradle</technology></technology></project></project></item><item><jobId>18</jobId><jobTitle>Software Engg-2</jobTitle><jobDescription>To develop android application and web application</jobDescription><experience><experience>Google</experience><experience>Apple</experience><experience>Mobile Iron</experience></experience><project><project><projectName>Movie App</projectName><technology><technology>Kotlin</technology><technology>SQL Lite</technology><technology>Gradle</technology></technology></project></project></item><item><jobId>4</jobId><jobTitle>Software Engg-2</jobTitle><jobDescription>To develop android application and web application</jobDescription><experience><experience>Google</experience><experience>Apple</experience><experience>Mobile Iron</experience></experience><project><project><projectName>Movie App</projectName><technology><technology>Kotlin</technology><technology>SQL Lite</technology><technology>Gradle</technology></technology></project></project></item><item><jobId>8</jobId><jobTitle>Software Engg-2</jobTitle><jobDescription>To develop andriod application</jobDescription><experience><experience>Google</experience><experience>Apple</experience><experience>Mobile Iron</experience></experience><project><project><projectName>Movie App</projectName><technology><technology>Kotlin</technology><technology>SQL Lite</technology><technology>Gradle</technology></technology></project></project></item><item><jobId>9980</jobId><jobTitle>Software Engg-2</jobTitle><jobDescription>To develop android application</jobDescription><experience><experience>Google</experience><experience>Apple</experience><experience>Mobile Iron</experience></experience><project><project><projectName>Movie App</projectName><technology><technology>Kotlin</technology><technology>SQL Lite</technology><technology>Gradle</technology></technology></project></project></item><item><jobId>8</jobId><jobTitle>Software Engg-2</jobTitle><jobDescription>To develop andriod application</jobDescription><experience><experience>Google</experience><experience>Apple</experience><experience>Mobile Iron</experience></experience><project><project><projectName>Movie App</projectName><technology><technology>Kotlin</technology><technology>SQL Lite</technology><technology>Gradle</technology></technology></project></project></item><item><jobId>17</jobId><jobTitle>Software Engg-3</jobTitle><jobDescription>To develop andriod application and web application</jobDescription><experience><experience>Google</experience><experience>Apple</experience><experience>Mobile Iron</experience></experience><project><project><projectName>Movie App</projectName><technology><technology>Kotlin</technology><technology>SQL Lite</technology><technology>Gradle</technology><technology>Jenkins</technology></technology></project><project><projectName>Movie App</projectName><technology><technology>Kotlin</technology><technology>SQL Lite</technology><technology>Gradle</technology><technology>Jenkins</technology></technology></project></project></item><item><jobId>94</jobId><jobTitle>Software Engg-2</jobTitle><jobDescription>To develop andriod application</jobDescription><experience><experience>Google</experience><experience>Apple</experience><experience>Mobile Iron</experience></experience><project><project><projectName>Movie App</projectName><technology><technology>Kotlin</technology><technology>SQL Lite</technology><technology>Gradle</technology></technology></project></project></item><item><jobId>83</jobId><jobTitle>Software Engg-3</jobTitle><jobDescription>To develop andriod application and web application</jobDescription><experience><experience>Google</experience><experience>Apple</experience><experience>Mobile Iron</experience></experience><project><project><projectName>Movie App</projectName><technology><technology>Kotlin</technology><technology>SQL Lite</technology><technology>Gradle</technology><technology>Jenkins</technology></technology></project><project><projectName>Movie App</projectName><technology><technology>Kotlin</technology><technology>SQL Lite</technology><technology>Gradle</technology><technology>Jenkins</technology></technology></project></project></item><item><jobId>75</jobId><jobTitle>Software Engg-2</jobTitle><jobDescription>To develop andriod application</jobDescription><experience><experience>Google</experience><experience>Apple</experience><experience>Mobile Iron</experience></experience><project><project><projectName>Movie App</projectName><technology><technology>Kotlin</technology><technology>SQL Lite</technology><technology>Gradle</technology></technology></project></project></item><item><jobId>86</jobId><jobTitle>Software Engg-3</jobTitle><jobDescription>To develop andriod application and web application</jobDescription><experience><experience>Google</experience><experience>Apple</experience><experience>Mobile Iron</experience></experience><project><project><projectName>Movie App</projectName><technology><technology>Kotlin</technology><technology>SQL Lite</technology><technology>Gradle</technology><technology>Jenkins</technology></technology></project><project><projectName>Movie App</projectName><technology><technology>Kotlin</technology><technology>SQL Lite</technology><technology>Gradle</technology><technology>Jenkins</technology></technology></project></project></item><item><jobId>40</jobId><jobTitle>Software Engg-2</jobTitle><jobDescription>To develop android application and web application</jobDescription><experience><experience>Google</experience><experience>Apple</experience><experience>Mobile Iron</experience></experience><project><project><projectName>Movie App</projectName><technology><technology>Kotlin</technology><technology>SQL Lite</technology><technology>Gradle</technology></technology></project></project></item><item><jobId>66</jobId><jobTitle>Software Engg-2</jobTitle><jobDescription>To develop android application and web application</jobDescription><experience><experience>Google</experience><experience>Apple</experience><experience>Mobile Iron</experience></experience><project><project><projectName>Movie App</projectName><technology><technology>Kotlin</technology><technology>SQL Lite</technology><technology>Gradle</technology></technology></project></project></item><item><jobId>18</jobId><jobTitle>Software Engg-2</jobTitle><jobDescription>To develop andriod application</jobDescription><experience><experience>Google</experience><experience>Apple</experience><experience>Mobile Iron</experience></experience><project><project><projectName>Movie App</projectName><technology><technology>Kotlin</technology><technology>SQL Lite</technology><technology>Gradle</technology></technology></project></project></item><item><jobId>42</jobId><jobTitle>Software Engg-2</jobTitle><jobDescription>To develop andriod application</jobDescription><experience><experience>Google</experience><experience>Apple</experience><experience>Mobile Iron</experience></experience><project><project><projectName>Movie App</projectName><technology><technology>Kotlin</technology><technology>SQL Lite</technology><technology>Gradle</technology></technology></project></project></item><item><jobId>68</jobId><jobTitle>Software Engg-2</jobTitle><jobDescription>To develop andriod application</jobDescription><experience><experience>Google</experience><experience>Apple</experience><experience>Mobile Iron</experience></experience><project><project><projectName>Movie App</projectName><technology><technology>Kotlin</technology><technology>SQL Lite</technology><technology>Gradle</technology></technology></project></project></item><item><jobId>96</jobId><jobTitle>Software Engg-2</jobTitle><jobDescription>To develop andriod application</jobDescription><experience><experience>Google</experience><experience>Apple</experience><experience>Mobile Iron</experience></experience><project><project><projectName>Movie App</projectName><technology><technology>Kotlin</technology><technology>SQL Lite</technology><technology>Gradle</technology></technology></project></project></item><item><jobId>59</jobId><jobTitle>Software Engg-2</jobTitle><jobDescription>To develop android application and web application</jobDescription><experience><experience>Google</experience><experience>Apple</experience><experience>Mobile Iron</experience></experience><project><project><projectName>Movie App</projectName><technology><technology>Kotlin</technology><technology>SQL Lite</technology><technology>Gradle</technology></technology></project></project></item><item><jobId>8</jobId><jobTitle>Software Engg-2</jobTitle><jobDescription>To develop andriod application</jobDescription><experience><experience>Google</experience><experience>Apple</experience><experience>Mobile Iron</experience></experience><project><project><projectName>Movie App</projectName><technology><technology>Kotlin</technology><technology>SQL Lite</technology><technology>Gradle</technology></technology></project></project></item><item><jobId>32</jobId><jobTitle>Software Engg-2</jobTitle><jobDescription>To develop andriod application</jobDescription><experience><experience>Google</experience><experience>Apple</experience><experience>Mobile Iron</experience></experience><project><project><projectName>Movie App</projectName><technology><technology>Kotlin</technology><technology>SQL Lite</technology><technology>Gradle</technology></technology></project></project></item><item><jobId>8</jobId><jobTitle>Software Engg-2</jobTitle><jobDescription>To develop andriod application</jobDescription><experience><experience>Google</experience><experience>Apple</experience><experience>Mobile Iron</experience></experience><project><project><projectName>Movie App</projectName><technology><technology>Kotlin</technology><technology>SQL Lite</technology><technology>Gradle</technology></technology></project></project></item><item><jobId>9980</jobId><jobTitle>Software Engg-2</jobTitle><jobDescription>To develop android application</jobDescription><experience><experience>Google</experience><experience>Apple</experience><experience>Mobile Iron</experience></experience><project><project><projectName>Movie App</projectName><technology><technology>Kotlin</technology><technology>SQL Lite</technology><technology>Gradle</technology></technology></project></project></item><item><jobId>6</jobId><jobTitle>Software Engg-2</jobTitle><jobDescription>To develop andriod application</jobDescription><experience><experience>Google</experience><experience>Apple</experience><experience>Mobile Iron</experience></experience><project><project><projectName>Movie App</projectName><technology><technology>Kotlin</technology><technology>SQL Lite</technology><technology>Gradle</technology></technology></project></project></item><item><jobId>57</jobId><jobTitle>Software Engg-3</jobTitle><jobDescription>To develop andriod application and web application</jobDescription><experience><experience>Google</experience><experience>Apple</experience><experience>Mobile Iron</experience></experience><project><project><projectName>Movie App</projectName><technology><technology>Kotlin</technology><technology>SQL Lite</technology><technology>Gradle</technology><technology>Jenkins</technology></technology></project><project><projectName>Movie App</projectName><technology><technology>Kotlin</technology><technology>SQL Lite</technology><technology>Gradle</technology><technology>Jenkins</technology></technology></project></project></item><item><jobId>19</jobId><jobTitle>Software Engg-2</jobTitle><jobDescription>To develop andriod application</jobDescription><experience><experience>Google</experience><experience>Apple</experience><experience>Mobile Iron</experience></experience><project><project><projectName>Movie App</projectName><technology><technology>Kotlin</technology><technology>SQL Lite</technology><technology>Gradle</technology></technology></project></project></item><item><jobId>29</jobId><jobTitle>Software Engg-3</jobTitle><jobDescription>To develop andriod application and web application</jobDescription><experience><experience>Google</experience><experience>Apple</experience><experience>Mobile Iron</experience></experience><project><project><projectName>Movie App</projectName><technology><technology>Kotlin</technology><technology>SQL Lite</technology><technology>Gradle</technology><technology>Jenkins</technology></technology></project><project><projectName>Movie App</projectName><technology><technology>Kotlin</technology><technology>SQL Lite</technology><technology>Gradle</technology><technology>Jenkins</technology></technology></project></project></item><item><jobId>90</jobId><jobTitle>Software Engg-2</jobTitle><jobDescription>To develop android application and web application</jobDescription><experience><experience>Google</experience><experience>Apple</experience><experience>Mobile Iron</experience></experience><project><project><projectName>Movie App</projectName><technology><technology>Kotlin</technology><technology>SQL Lite</technology><technology>Gradle</technology></technology></project></project></item><item><jobId>60</jobId><jobTitle>Software Engg-3</jobTitle><jobDescription>To develop andriod application and web application</jobDescription><experience><experience>Google</experience><experience>Apple</experience><experience>Mobile Iron</experience></experience><project><project><projectName>Movie App</projectName><technology><technology>Kotlin</technology><technology>SQL Lite</technology><technology>Gradle</technology><technology>Jenkins</technology></technology></project><project><projectName>Movie App</projectName><technology><technology>Kotlin</technology><technology>SQL Lite</technology><technology>Gradle</technology><technology>Jenkins</technology></technology></project></project></item><item><jobId>92</jobId><jobTitle>Software Engg-2</jobTitle><jobDescription>To develop android application and web application</jobDescription><experience><experience>Google</experience><experience>Apple</experience><experience>Mobile Iron</experience></experience><project><project><projectName>Movie App</projectName><technology><technology>Kotlin</technology><technology>SQL Lite</technology><technology>Gradle</technology></technology></project></project></item><item><jobId>90</jobId><jobTitle>Software Engg-2</jobTitle><jobDescription>To develop andriod application</jobDescription><experience><experience>Google</experience><experience>Apple</experience><experience>Mobile Iron</experience></experience><project><project><projectName>Movie App</projectName><technology><technology>Kotlin</technology><technology>SQL Lite</technology><technology>Gradle</technology></technology></project></project></item><item><jobId>25</jobId><jobTitle>Software Engg-2</jobTitle><jobDescription>To develop andriod application</jobDescription><experience><experience>Google</experience><experience>Apple</experience><experience>Mobile Iron</experience></experience><project><project><projectName>Movie App</projectName><technology><technology>Kotlin</technology><technology>SQL Lite</technology><technology>Gradle</technology></technology></project></project></item><item><jobId>0</jobId><jobTitle>Software Engg-2</jobTitle><jobDescription>To develop android application and web application</jobDescription><experience><experience>Google</experience><experience>Apple</experience><experience>Mobile Iron</experience></experience><project><project><projectName>Movie App</projectName><technology><technology>Kotlin</technology><technology>SQL Lite</technology><technology>Gradle</technology></technology></project></project></item><item><jobId>53</jobId><jobTitle>Software Engg-2</jobTitle><jobDescription>To develop andriod application</jobDescription><experience><experience>Google</experience><experience>Apple</experience><experience>Mobile Iron</experience></experience><project><project><projectName>Movie App</projectName><technology><technology>Kotlin</technology><technology>SQL Lite</technology><technology>Gradle</technology></technology></project></project></item><item><jobId>37</jobId><jobTitle>Software Engg-2</jobTitle><jobDescription>To develop android application and web application</jobDescription><experience><experience>Google</experience><experience>Apple</experience><experience>Mobile Iron</experience></experience><project><project><projectName>Movie App</projectName><technology><technology>Kotlin</technology><technology>SQL Lite</technology><technology>Gradle</technology></technology></project></project></item><item><jobId>41</jobId><jobTitle>Software Engg-2</jobTitle><jobDescription>To develop andriod application</jobDescription><experience><experience>Google</experience><experience>Apple</experience><experience>Mobile Iron</experience></experience><project><project><projectName>Movie App</projectName><technology><technology>Kotlin</technology><technology>SQL Lite</technology><technology>Gradle</technology></technology></project></project></item><item><jobId>40</jobId><jobTitle>Software Engg-2</jobTitle><jobDescription>To develop andriod application</jobDescription><experience><experience>Google</experience><experience>Apple</experience><experience>Mobile Iron</experience></experience><project><project><projectName>Movie App</projectName><technology><technology>Kotlin</technology><technology>SQL Lite</technology><technology>Gradle</technology></technology></project></project></item><item><jobId>0</jobId><jobTitle>Software Engg-2</jobTitle><jobDescription>To develop andriod application</jobDescription><experience><experience>Google</experience><experience>Apple</experience><experience>Mobile Iron</experience></experience><project><project><projectName>Movie App</projectName><technology><technology>Kotlin</technology><technology>SQL Lite</technology><technology>Gradle</technology></technology></project></project></item><item><jobId>76</jobId><jobTitle>Software Engg-2</jobTitle><jobDescription>To develop andriod application</jobDescription><experience><experience>Google</experience><experience>Apple</experience><experience>Mobile Iron</experience></experience><project><project><projectName>Movie App</projectName><technology><technology>Kotlin</technology><technology>SQL Lite</technology><technology>Gradle</technology></technology></project></project></item><item><jobId>49</jobId><jobTitle>Software Engg-2</jobTitle><jobDescription>To develop andriod application</jobDescription><experience><experience>Google</experience><experience>Apple</experience><experience>Mobile Iron</experience></experience><project><project><projectName>Movie App</projectName><technology><technology>Kotlin</technology><technology>SQL Lite</technology><technology>Gradle</technology></technology></project></project></item><item><jobId>9980</jobId><jobTitle>Software Engg-2</jobTitle><jobDescription>To develop android application</jobDescription><experience><experience>Google</experience><experience>Apple</experience><experience>Mobile Iron</experience></experience><project><project><projectName>Movie App</projectName><technology><technology>Kotlin</technology><technology>SQL Lite</technology><technology>Gradle</technology></technology></project></project></item><item><jobId>8</jobId><jobTitle>Software Engg-2</jobTitle><jobDescription>To develop andriod application</jobDescription><experience><experience>Google</experience><experience>Apple</experience><experience>Mobile Iron</experience></experience><project><project><projectName>Movie App</projectName><technology><technology>Kotlin</technology><technology>SQL Lite</technology><technology>Gradle</technology></technology></project></project></item><item><jobId>79</jobId><jobTitle>Software Engg-2</jobTitle><jobDescription>To develop andriod application</jobDescription><experience><experience>Google</experience><experience>Apple</experience><experience>Mobile Iron</experience></experience><project><project><projectName>Movie App</projectName><technology><technology>Kotlin</technology><technology>SQL Lite</technology><technology>Gradle</technology></technology></project></project></item><item><jobId>8</jobId><jobTitle>Software Engg-2</jobTitle><jobDescription>To develop andriod application</jobDescription><experience><experience>Google</experience><experience>Apple</experience><experience>Mobile Iron</experience></experience><project><project><projectName>Movie App</projectName><technology><technology>Kotlin</technology><technology>SQL Lite</technology><technology>Gradle</technology></technology></project></project></item><item><jobId>39</jobId><jobTitle>Software Engg-3</jobTitle><jobDescription>To develop andriod application and web application</jobDescription><experience><experience>Google</experience><experience>Apple</experience><experience>Mobile Iron</experience></experience><project><project><projectName>Movie App</projectName><technology><technology>Kotlin</technology><technology>SQL Lite</technology><technology>Gradle</technology><technology>Jenkins</technology></technology></project><project><projectName>Movie App</projectName><technology><technology>Kotlin</technology><technology>SQL Lite</technology><technology>Gradle</technology><technology>Jenkins</technology></technology></project></project></item><item><jobId>96</jobId><jobTitle>Software Engg-2</jobTitle><jobDescription>To develop andriod application</jobDescription><experience><experience>Google</experience><experience>Apple</experience><experience>Mobile Iron</experience></experience><project><project><projectName>Movie App</projectName><technology><technology>Kotlin</technology><technology>SQL Lite</technology><technology>Gradle</technology></technology></project></project></item><item><jobId>28</jobId><jobTitle>Software Engg-3</jobTitle><jobDescription>To develop andriod application and web application</jobDescription><experience><experience>Google</experience><experience>Apple</experience><experience>Mobile Iron</experience></experience><project><project><projectName>Movie App</projectName><technology><technology>Kotlin</technology><technology>SQL Lite</technology><technology>Gradle</technology><technology>Jenkins</technology></technology></project><project><projectName>Movie App</projectName><technology><technology>Kotlin</technology><technology>SQL Lite</technology><technology>Gradle</technology><technology>Jenkins</technology></technology></project></project></item><item><jobId>80</jobId><jobTitle>Software Engg-2</jobTitle><jobDescription>To develop andriod application</jobDescription><experience><experience>Google</experience><experience>Apple</experience><experience>Mobile Iron</experience></experience><project><project><projectName>Movie App</projectName><technology><technology>Kotlin</technology><technology>SQL Lite</technology><technology>Gradle</technology></technology></project></project></item><item><jobId>130</jobId><jobTitle>Software Engg-3</jobTitle><jobDescription>To develop andriod application and web application</jobDescription><experience><experience>Google</experience><experience>Apple</experience><experience>Mobile Iron</experience></experience><project><project><projectName>Movie App</projectName><technology><technology>Kotlin</technology><technology>SQL Lite</technology><technology>Gradle</technology><technology>Jenkins</technology></technology></project><project><projectName>Movie App</projectName><technology><technology>Kotlin</technology><technology>SQL Lite</technology><technology>Gradle</technology><technology>Jenkins</technology></technology></project></project></item><item><jobId>74</jobId><jobTitle>Software Engg-3</jobTitle><jobDescription>To develop andriod application and web application</jobDescription><experience><experience>Google</experience><experience>Apple</experience><experience>Mobile Iron</experience></experience><project><project><projectName>Movie App</projectName><technology><technology>Kotlin</technology><technology>SQL Lite</technology><technology>Gradle</technology><technology>Jenkins</technology></technology></project><project><projectName>Movie App</projectName><technology><technology>Kotlin</technology><technology>SQL Lite</technology><technology>Gradle</technology><technology>Jenkins</technology></technology></project></project></item><item><jobId>10</jobId><jobTitle>Software Engg-2</jobTitle><jobDescription>To develop andriod application</jobDescription><experience><experience>Google</experience><experience>Apple</experience><experience>Mobile Iron</experience></experience><project><project><projectName>Movie App</projectName><technology><technology>Kotlin</technology><technology>SQL Lite</technology><technology>Gradle</technology></technology></project></project></item><item><jobId>77</jobId><jobTitle>Software Engg-2</jobTitle><jobDescription>To develop andriod application</jobDescription><experience><experience>Google</experience><experience>Apple</experience><experience>Mobile Iron</experience></experience><project><project><projectName>Movie App</projectName><technology><technology>Kotlin</technology><technology>SQL Lite</technology><technology>Gradle</technology></technology></project></project></item><item><jobId>26</jobId><jobTitle>Software Engg-2</jobTitle><jobDescription>To develop andriod application</jobDescription><experience><experience>Google</experience><experience>Apple</experience><experience>Mobile Iron</experience></experience><project><project><projectName>Movie App</projectName><technology><technology>Kotlin</technology><technology>SQL Lite</technology><technology>Gradle</technology></technology></project></project></item></List>
01:15:28.547 [pool-1-thread-5] INFO  com.intuit.karate - [print] <List>
  <item>
    <jobId>1</jobId>
    <jobTitle>Software Engg</jobTitle>
    <jobDescription>To develop andriod application</jobDescription>
    <experience>
      <experience>Google</experience>
      <experience>Apple</experience>
      <experience>Mobile Iron</experience>
    </experience>
    <project>
      <project>
        <projectName>Movie App</projectName>
        <technology>
          <technology>Kotlin</technology>
          <technology>SQL Lite</technology>
          <technology>Gradle</technology>
        </technology>
      </project>
    </project>
  </item>
  <item>
    <jobId>68</jobId>
    <jobTitle>Software Engg-2</jobTitle>
    <jobDescription>To develop android application and web application</jobDescription>
    <experience>
      <experience>Google</experience>
      <experience>Apple</experience>
      <experience>Mobile Iron</experience>
    </experience>
    <project>
      <project>
        <projectName>Movie App</projectName>
        <technology>
          <technology>Kotlin</technology>
          <technology>SQL Lite</technology>
          <technology>Gradle</technology>
          <technology>Jenkins</technology>
        </technology>
      </project>
      <project>
        <projectName>Movie App</projectName>
        <technology>
          <technology>Kotlin</technology>
          <technology>SQL Lite</technology>
          <technology>Gradle</technology>
          <technology>Jenkins</technology>
        </technology>
      </project>
    </project>
  </item>
  <item>
    <jobId>34</jobId>
    <jobTitle>Software Engg-3</jobTitle>
    <jobDescription>To develop andriod application and web application</jobDescription>
    <experience>
      <experience>Google</experience>
      <experience>Apple</experience>
      <experience>Mobile Iron</experience>
    </experience>
    <project>
      <project>
        <projectName>Movie App</projectName>
        <technology>
          <technology>Kotlin</technology>
          <technology>SQL Lite</technology>
          <technology>Gradle</technology>
          <technology>Jenkins</technology>
        </technology>
      </project>
      <project>
        <projectName>Movie App</projectName>
        <technology>
          <technology>Kotlin</technology>
          <technology>SQL Lite</technology>
          <technology>Gradle</technology>
          <technology>Jenkins</technology>
        </technology>
      </project>
    </project>
  </item>
  <item>
    <jobId>41</jobId>
    <jobTitle>Software Engg-2</jobTitle>
    <jobDescription>To develop android application and web application</jobDescription>
    <experience>
      <experience>Google</experience>
      <experience>Apple</experience>
      <experience>Mobile Iron</experience>
    </experience>
    <project>
      <project>
        <projectName>Movie App</projectName>
        <technology>
          <technology>Kotlin</technology>
          <technology>SQL Lite</technology>
          <technology>Gradle</technology>
          <technology>Jenkins</technology>
        </technology>
      </project>
      <project>
        <projectName>Movie App</projectName>
        <technology>
          <technology>Kotlin</technology>
          <technology>SQL Lite</technology>
          <technology>Gradle</technology>
          <technology>Jenkins</technology>
        </technology>
      </project>
    </project>
  </item>
  <item>
    <jobId>12</jobId>
    <jobTitle>Software Engg-2</jobTitle>
    <jobDescription>To develop andriod application</jobDescription>
    <experience>
      <experience>Google</experience>
      <experience>Apple</experience>
      <experience>Mobile Iron</experience>
    </experience>
    <project>
      <project>
        <projectName>Movie App</projectName>
        <technology>
          <technology>Kotlin</technology>
          <technology>SQL Lite</technology>
          <technology>Gradle</technology>
        </technology>
      </project>
    </project>
  </item>
  <item>
    <jobId>73</jobId>
    <jobTitle>Software Engg-3</jobTitle>
    <jobDescription>To develop andriod application and web application</jobDescription>
    <experience>
      <experience>Google</experience>
      <experience>Apple</experience>
      <experience>Mobile Iron</experience>
    </experience>
    <project>
      <project>
        <projectName>Movie App</projectName>
        <technology>
          <technology>Kotlin</technology>
          <technology>SQL Lite</technology>
          <technology>Gradle</technology>
          <technology>Jenkins</technology>
        </technology>
      </project>
      <project>
        <projectName>Movie App</projectName>
        <technology>
          <technology>Kotlin</technology>
          <technology>SQL Lite</technology>
          <technology>Gradle</technology>
          <technology>Jenkins</technology>
        </technology>
      </project>
    </project>
  </item>
  <item>
    <jobId>99999</jobId>
    <jobTitle>Software Engg-2</jobTitle>
    <jobDescription>To develop andriod application</jobDescription>
    <experience>
      <experience>Google</experience>
      <experience>Apple</experience>
      <experience>Mobile Iron</experience>
    </experience>
    <project>
      <project>
        <projectName>Movie App</projectName>
        <technology>
          <technology>Kotlin</technology>
          <technology>SQL Lite</technology>
          <technology>Gradle</technology>
        </technology>
      </project>
    </project>
  </item>
  <item>
    <jobId>38</jobId>
    <jobTitle>Software Engg-3</jobTitle>
    <jobDescription>To develop andriod application and web application</jobDescription>
    <experience>
      <experience>Google</experience>
      <experience>Apple</experience>
      <experience>Mobile Iron</experience>
    </experience>
    <project>
      <project>
        <projectName>Movie App</projectName>
        <technology>
          <technology>Kotlin</technology>
          <technology>SQL Lite</technology>
          <technology>Gradle</technology>
          <technology>Jenkins</technology>
        </technology>
      </project>
      <project>
        <projectName>Movie App</projectName>
        <technology>
          <technology>Kotlin</technology>
          <technology>SQL Lite</technology>
          <technology>Gradle</technology>
          <technology>Jenkins</technology>
        </technology>
      </project>
    </project>
  </item>
  <item>
    <jobId>96</jobId>
    <jobTitle>Software Engg-3</jobTitle>
    <jobDescription>To develop andriod application and web application</jobDescription>
    <experience>
      <experience>Google</experience>
      <experience>Apple</experience>
      <experience>Mobile Iron</experience>
    </experience>
    <project>
      <project>
        <projectName>Movie App</projectName>
        <technology>
          <technology>Kotlin</technology>
          <technology>SQL Lite</technology>
          <technology>Gradle</technology>
          <technology>Jenkins</technology>
        </technology>
      </project>
      <project>
        <projectName>Movie App</projectName>
        <technology>
          <technology>Kotlin</technology>
          <technology>SQL Lite</technology>
          <technology>Gradle</technology>
          <technology>Jenkins</technology>
        </technology>
      </project>
    </project>
  </item>
  <item>
    <jobId>48</jobId>
    <jobTitle>Software Engg-2</jobTitle>
    <jobDescription>To develop andriod application</jobDescription>
    <experience>
      <experience>Google</experience>
      <experience>Apple</experience>
      <experience>Mobile Iron</experience>
    </experience>
    <project>
      <project>
        <projectName>Movie App</projectName>
        <technology>
          <technology>Kotlin</technology>
          <technology>SQL Lite</technology>
          <technology>Gradle</technology>
        </technology>
      </project>
    </project>
  </item>
  <item>
    <jobId>6</jobId>
    <jobTitle>Software Engg-3</jobTitle>
    <jobDescription>To develop andriod application and web application</jobDescription>
    <experience>
      <experience>Google</experience>
      <experience>Apple</experience>
      <experience>Mobile Iron</experience>
    </experience>
    <project>
      <project>
        <projectName>Movie App</projectName>
        <technology>
          <technology>Kotlin</technology>
          <technology>SQL Lite</technology>
          <technology>Gradle</technology>
          <technology>Jenkins</technology>
        </technology>
      </project>
      <project>
        <projectName>Movie App</projectName>
        <technology>
          <technology>Kotlin</technology>
          <technology>SQL Lite</technology>
          <technology>Gradle</technology>
          <technology>Jenkins</technology>
        </technology>
      </project>
    </project>
  </item>
  <item>
    <jobId>88</jobId>
    <jobTitle>Software Engg-2</jobTitle>
    <jobDescription>To develop android application and web application</jobDescription>
    <experience>
      <experience>Google</experience>
      <experience>Apple</experience>
      <experience>Mobile Iron</experience>
    </experience>
    <project>
      <project>
        <projectName>Movie App</projectName>
        <technology>
          <technology>Kotlin</technology>
          <technology>SQL Lite</technology>
          <technology>Gradle</technology>
        </technology>
      </project>
    </project>
  </item>
  <item>
    <jobId>9</jobId>
    <jobTitle>Software Engg-3</jobTitle>
    <jobDescription>To develop andriod application and web application</jobDescription>
    <experience>
      <experience>Google</experience>
      <experience>Apple</experience>
      <experience>Mobile Iron</experience>
    </experience>
    <project>
      <project>
        <projectName>Movie App</projectName>
        <technology>
          <technology>Kotlin</technology>
          <technology>SQL Lite</technology>
          <technology>Gradle</technology>
          <technology>Jenkins</technology>
        </technology>
      </project>
      <project>
        <projectName>Movie App</projectName>
        <technology>
          <technology>Kotlin</technology>
          <technology>SQL Lite</technology>
          <technology>Gradle</technology>
          <technology>Jenkins</technology>
        </technology>
      </project>
    </project>
  </item>
  <item>
    <jobId>8</jobId>
    <jobTitle>Software Engg-2</jobTitle>
    <jobDescription>To develop andriod application</jobDescription>
    <experience>
      <experience>Google</experience>
      <experience>Apple</experience>
      <experience>Mobile Iron</experience>
    </experience>
    <project>
      <project>
        <projectName>Movie App</projectName>
        <technology>
          <technology>Kotlin</technology>
          <technology>SQL Lite</technology>
          <technology>Gradle</technology>
        </technology>
      </project>
    </project>
  </item>
  <item>
    <jobId>7</jobId>
    <jobTitle>Software Engg-3</jobTitle>
    <jobDescription>To develop andriod application and web application</jobDescription>
    <experience>
      <experience>Google</experience>
      <experience>Apple</experience>
      <experience>Mobile Iron</experience>
    </experience>
    <project>
      <project>
        <projectName>Movie App</projectName>
        <technology>
          <technology>Kotlin</technology>
          <technology>SQL Lite</technology>
          <technology>Gradle</technology>
          <technology>Jenkins</technology>
        </technology>
      </project>
      <project>
        <projectName>Movie App</projectName>
        <technology>
          <technology>Kotlin</technology>
          <technology>SQL Lite</technology>
          <technology>Gradle</technology>
          <technology>Jenkins</technology>
        </technology>
      </project>
    </project>
  </item>
  <item>
    <jobId>13</jobId>
    <jobTitle>Software Engg-2</jobTitle>
    <jobDescription>To develop andriod application</jobDescription>
    <experience>
      <experience>Google</experience>
      <experience>Apple</experience>
      <experience>Mobile Iron</experience>
    </experience>
    <project>
      <project>
        <projectName>Movie App</projectName>
        <technology>
          <technology>Kotlin</technology>
          <technology>SQL Lite</technology>
          <technology>Gradle</technology>
        </technology>
      </project>
    </project>
  </item>
  <item>
    <jobId>53</jobId>
    <jobTitle>Software Engg-2</jobTitle>
    <jobDescription>To develop android application and web application</jobDescription>
    <experience>
      <experience>Google</experience>
      <experience>Apple</experience>
      <experience>Mobile Iron</experience>
    </experience>
    <project>
      <project>
        <projectName>Movie App</projectName>
        <technology>
          <technology>Kotlin</technology>
          <technology>SQL Lite</technology>
          <technology>Gradle</technology>
        </technology>
      </project>
    </project>
  </item>
  <item>
    <jobId>8</jobId>
    <jobTitle>Software Engg-2</jobTitle>
    <jobDescription>To develop andriod application</jobDescription>
    <experience>
      <experience>Google</experience>
      <experience>Apple</experience>
      <experience>Mobile Iron</experience>
    </experience>
    <project>
      <project>
        <projectName>Movie App</projectName>
        <technology>
          <technology>Kotlin</technology>
          <technology>SQL Lite</technology>
          <technology>Gradle</technology>
        </technology>
      </project>
    </project>
  </item>
  <item>
    <jobId>8</jobId>
    <jobTitle>Software Engg-2</jobTitle>
    <jobDescription>To develop andriod application</jobDescription>
    <experience>
      <experience>Google</experience>
      <experience>Apple</experience>
      <experience>Mobile Iron</experience>
    </experience>
    <project>
      <project>
        <projectName>Movie App</projectName>
        <technology>
          <technology>Kotlin</technology>
          <technology>SQL Lite</technology>
          <technology>Gradle</technology>
        </technology>
      </project>
    </project>
  </item>
  <item>
    <jobId>9980</jobId>
    <jobTitle>Software Engg-2</jobTitle>
    <jobDescription>To develop android application</jobDescription>
    <experience>
      <experience>Google</experience>
      <experience>Apple</experience>
      <experience>Mobile Iron</experience>
    </experience>
    <project>
      <project>
        <projectName>Movie App</projectName>
        <technology>
          <technology>Kotlin</technology>
          <technology>SQL Lite</technology>
          <technology>Gradle</technology>
        </technology>
      </project>
    </project>
  </item>
  <item>
    <jobId>80</jobId>
    <jobTitle>Software Engg-2</jobTitle>
    <jobDescription>To develop andriod application</jobDescription>
    <experience>
      <experience>Google</experience>
      <experience>Apple</experience>
      <experience>Mobile Iron</experience>
    </experience>
    <project>
      <project>
        <projectName>Movie App</projectName>
        <technology>
          <technology>Kotlin</technology>
          <technology>SQL Lite</technology>
          <technology>Gradle</technology>
        </technology>
      </project>
    </project>
  </item>
  <item>
    <jobId>49</jobId>
    <jobTitle>Software Engg-2</jobTitle>
    <jobDescription>To develop android application and web application</jobDescription>
    <experience>
      <experience>Google</experience>
      <experience>Apple</experience>
      <experience>Mobile Iron</experience>
    </experience>
    <project>
      <project>
        <projectName>Movie App</projectName>
        <technology>
          <technology>Kotlin</technology>
          <technology>SQL Lite</technology>
          <technology>Gradle</technology>
          <technology>Jenkins</technology>
        </technology>
      </project>
      <project>
        <projectName>Movie App</projectName>
        <technology>
          <technology>Kotlin</technology>
          <technology>SQL Lite</technology>
          <technology>Gradle</technology>
          <technology>Jenkins</technology>
        </technology>
      </project>
    </project>
  </item>
  <item>
    <jobId>82</jobId>
    <jobTitle>Software Engg-3</jobTitle>
    <jobDescription>To develop andriod application and web application</jobDescription>
    <experience>
      <experience>Google</experience>
      <experience>Apple</experience>
      <experience>Mobile Iron</experience>
    </experience>
    <project>
      <project>
        <projectName>Movie App</projectName>
        <technology>
          <technology>Kotlin</technology>
          <technology>SQL Lite</technology>
          <technology>Gradle</technology>
          <technology>Jenkins</technology>
        </technology>
      </project>
      <project>
        <projectName>Movie App</projectName>
        <technology>
          <technology>Kotlin</technology>
          <technology>SQL Lite</technology>
          <technology>Gradle</technology>
          <technology>Jenkins</technology>
        </technology>
      </project>
    </project>
  </item>
  <item>
    <jobId>45</jobId>
    <jobTitle>Software Engg-3</jobTitle>
    <jobDescription>To develop andriod application and web application</jobDescription>
    <experience>
      <experience>Google</experience>
      <experience>Apple</experience>
      <experience>Mobile Iron</experience>
    </experience>
    <project>
      <project>
        <projectName>Movie App</projectName>
        <technology>
          <technology>Kotlin</technology>
          <technology>SQL Lite</technology>
          <technology>Gradle</technology>
          <technology>Jenkins</technology>
        </technology>
      </project>
      <project>
        <projectName>Movie App</projectName>
        <technology>
          <technology>Kotlin</technology>
          <technology>SQL Lite</technology>
          <technology>Gradle</technology>
          <technology>Jenkins</technology>
        </technology>
      </project>
    </project>
  </item>
  <item>
    <jobId>26</jobId>
    <jobTitle>Software Engg-2</jobTitle>
    <jobDescription>To develop andriod application</jobDescription>
    <experience>
      <experience>Google</experience>
      <experience>Apple</experience>
      <experience>Mobile Iron</experience>
    </experience>
    <project>
      <project>
        <projectName>Movie App</projectName>
        <technology>
          <technology>Kotlin</technology>
          <technology>SQL Lite</technology>
          <technology>Gradle</technology>
        </technology>
      </project>
    </project>
  </item>
  <item>
    <jobId>8</jobId>
    <jobTitle>Software Engg-2</jobTitle>
    <jobDescription>To develop andriod application</jobDescription>
    <experience>
      <experience>Google</experience>
      <experience>Apple</experience>
      <experience>Mobile Iron</experience>
    </experience>
    <project>
      <project>
        <projectName>Movie App</projectName>
        <technology>
          <technology>Kotlin</technology>
          <technology>SQL Lite</technology>
          <technology>Gradle</technology>
        </technology>
      </project>
    </project>
  </item>
  <item>
    <jobId>75</jobId>
    <jobTitle>Software Engg-2</jobTitle>
    <jobDescription>To develop andriod application</jobDescription>
    <experience>
      <experience>Google</experience>
      <experience>Apple</experience>
      <experience>Mobile Iron</experience>
    </experience>
    <project>
      <project>
        <projectName>Movie App</projectName>
        <technology>
          <technology>Kotlin</technology>
          <technology>SQL Lite</technology>
          <technology>Gradle</technology>
        </technology>
      </project>
    </project>
  </item>
  <item>
    <jobId>8</jobId>
    <jobTitle>Software Engg-2</jobTitle>
    <jobDescription>To develop andriod application</jobDescription>
    <experience>
      <experience>Google</experience>
      <experience>Apple</experience>
      <experience>Mobile Iron</experience>
    </experience>
    <project>
      <project>
        <projectName>Movie App</projectName>
        <technology>
          <technology>Kotlin</technology>
          <technology>SQL Lite</technology>
          <technology>Gradle</technology>
        </technology>
      </project>
    </project>
  </item>
  <item>
    <jobId>9980</jobId>
    <jobTitle>Software Engg-2</jobTitle>
    <jobDescription>To develop android application</jobDescription>
    <experience>
      <experience>Google</experience>
      <experience>Apple</experience>
      <experience>Mobile Iron</experience>
    </experience>
    <project>
      <project>
        <projectName>Movie App</projectName>
        <technology>
          <technology>Kotlin</technology>
          <technology>SQL Lite</technology>
          <technology>Gradle</technology>
        </technology>
      </project>
    </project>
  </item>
  <item>
    <jobId>84</jobId>
    <jobTitle>Software Engg-2</jobTitle>
    <jobDescription>To develop andriod application</jobDescription>
    <experience>
      <experience>Google</experience>
      <experience>Apple</experience>
      <experience>Mobile Iron</experience>
    </experience>
    <project>
      <project>
        <projectName>Movie App</projectName>
        <technology>
          <technology>Kotlin</technology>
          <technology>SQL Lite</technology>
          <technology>Gradle</technology>
        </technology>
      </project>
    </project>
  </item>
  <item>
    <jobId>31</jobId>
    <jobTitle>Software Engg-3</jobTitle>
    <jobDescription>To develop andriod application and web application</jobDescription>
    <experience>
      <experience>Google</experience>
      <experience>Apple</experience>
      <experience>Mobile Iron</experience>
    </experience>
    <project>
      <project>
        <projectName>Movie App</projectName>
        <technology>
          <technology>Kotlin</technology>
          <technology>SQL Lite</technology>
          <technology>Gradle</technology>
          <technology>Jenkins</technology>
        </technology>
      </project>
      <project>
        <projectName>Movie App</projectName>
        <technology>
          <technology>Kotlin</technology>
          <technology>SQL Lite</technology>
          <technology>Gradle</technology>
          <technology>Jenkins</technology>
        </technology>
      </project>
    </project>
  </item>
  <item>
    <jobId>87</jobId>
    <jobTitle>Software Engg-2</jobTitle>
    <jobDescription>To develop andriod application</jobDescription>
    <experience>
      <experience>Google</experience>
      <experience>Apple</experience>
      <experience>Mobile Iron</experience>
    </experience>
    <project>
      <project>
        <projectName>Movie App</projectName>
        <technology>
          <technology>Kotlin</technology>
          <technology>SQL Lite</technology>
          <technology>Gradle</technology>
        </technology>
      </project>
    </project>
  </item>
  <item>
    <jobId>93</jobId>
    <jobTitle>Software Engg-3</jobTitle>
    <jobDescription>To develop andriod application and web application</jobDescription>
    <experience>
      <experience>Google</experience>
      <experience>Apple</experience>
      <experience>Mobile Iron</experience>
    </experience>
    <project>
      <project>
        <projectName>Movie App</projectName>
        <technology>
          <technology>Kotlin</technology>
          <technology>SQL Lite</technology>
          <technology>Gradle</technology>
          <technology>Jenkins</technology>
        </technology>
      </project>
      <project>
        <projectName>Movie App</projectName>
        <technology>
          <technology>Kotlin</technology>
          <technology>SQL Lite</technology>
          <technology>Gradle</technology>
          <technology>Jenkins</technology>
        </technology>
      </project>
    </project>
  </item>
  <item>
    <jobId>53</jobId>
    <jobTitle>Software Engg-2</jobTitle>
    <jobDescription>To develop andriod application</jobDescription>
    <experience>
      <experience>Google</experience>
      <experience>Apple</experience>
      <experience>Mobile Iron</experience>
    </experience>
    <project>
      <project>
        <projectName>Movie App</projectName>
        <technology>
          <technology>Kotlin</technology>
          <technology>SQL Lite</technology>
          <technology>Gradle</technology>
        </technology>
      </project>
    </project>
  </item>
  <item>
    <jobId>51</jobId>
    <jobTitle>Software Engg-2</jobTitle>
    <jobDescription>To develop andriod application</jobDescription>
    <experience>
      <experience>Google</experience>
      <experience>Apple</experience>
      <experience>Mobile Iron</experience>
    </experience>
    <project>
      <project>
        <projectName>Movie App</projectName>
        <technology>
          <technology>Kotlin</technology>
          <technology>SQL Lite</technology>
          <technology>Gradle</technology>
        </technology>
      </project>
    </project>
  </item>
  <item>
    <jobId>19</jobId>
    <jobTitle>Software Engg-2</jobTitle>
    <jobDescription>To develop andriod application</jobDescription>
    <experience>
      <experience>Google</experience>
      <experience>Apple</experience>
      <experience>Mobile Iron</experience>
    </experience>
    <project>
      <project>
        <projectName>Movie App</projectName>
        <technology>
          <technology>Kotlin</technology>
          <technology>SQL Lite</technology>
          <technology>Gradle</technology>
        </technology>
      </project>
    </project>
  </item>
  <item>
    <jobId>93</jobId>
    <jobTitle>Software Engg-2</jobTitle>
    <jobDescription>To develop andriod application</jobDescription>
    <experience>
      <experience>Google</experience>
      <experience>Apple</experience>
      <experience>Mobile Iron</experience>
    </experience>
    <project>
      <project>
        <projectName>Movie App</projectName>
        <technology>
          <technology>Kotlin</technology>
          <technology>SQL Lite</technology>
          <technology>Gradle</technology>
        </technology>
      </project>
    </project>
  </item>
  <item>
    <jobId>32</jobId>
    <jobTitle>Software Engg-2</jobTitle>
    <jobDescription>To develop android application and web application</jobDescription>
    <experience>
      <experience>Google</experience>
      <experience>Apple</experience>
      <experience>Mobile Iron</experience>
    </experience>
    <project>
      <project>
        <projectName>Movie App</projectName>
        <technology>
          <technology>Kotlin</technology>
          <technology>SQL Lite</technology>
          <technology>Gradle</technology>
        </technology>
      </project>
    </project>
  </item>
  <item>
    <jobId>71</jobId>
    <jobTitle>Software Engg-2</jobTitle>
    <jobDescription>To develop android application and web application</jobDescription>
    <experience>
      <experience>Google</experience>
      <experience>Apple</experience>
      <experience>Mobile Iron</experience>
    </experience>
    <project>
      <project>
        <projectName>Movie App</projectName>
        <technology>
          <technology>Kotlin</technology>
          <technology>SQL Lite</technology>
          <technology>Gradle</technology>
        </technology>
      </project>
    </project>
  </item>
  <item>
    <jobId>23</jobId>
    <jobTitle>Software Engg-2</jobTitle>
    <jobDescription>To develop android application and web application</jobDescription>
    <experience>
      <experience>Google</experience>
      <experience>Apple</experience>
      <experience>Mobile Iron</experience>
    </experience>
    <project>
      <project>
        <projectName>Movie App</projectName>
        <technology>
          <technology>Kotlin</technology>
          <technology>SQL Lite</technology>
          <technology>Gradle</technology>
        </technology>
      </project>
    </project>
  </item>
  <item>
    <jobId>31</jobId>
    <jobTitle>Software Engg-2</jobTitle>
    <jobDescription>To develop andriod application</jobDescription>
    <experience>
      <experience>Google</experience>
      <experience>Apple</experience>
      <experience>Mobile Iron</experience>
    </experience>
    <project>
      <project>
        <projectName>Movie App</projectName>
        <technology>
          <technology>Kotlin</technology>
          <technology>SQL Lite</technology>
          <technology>Gradle</technology>
        </technology>
      </project>
    </project>
  </item>
  <item>
    <jobId>10</jobId>
    <jobTitle>Software Engg-2</jobTitle>
    <jobDescription>To develop andriod application</jobDescription>
    <experience>
      <experience>Google</experience>
      <experience>Apple</experience>
      <experience>Mobile Iron</experience>
    </experience>
    <project>
      <project>
        <projectName>Movie App</projectName>
        <technology>
          <technology>Kotlin</technology>
          <technology>SQL Lite</technology>
          <technology>Gradle</technology>
        </technology>
      </project>
    </project>
  </item>
  <item>
    <jobId>8</jobId>
    <jobTitle>Software Engg-2</jobTitle>
    <jobDescription>To develop andriod application</jobDescription>
    <experience>
      <experience>Google</experience>
      <experience>Apple</experience>
      <experience>Mobile Iron</experience>
    </experience>
    <project>
      <project>
        <projectName>Movie App</projectName>
        <technology>
          <technology>Kotlin</technology>
          <technology>SQL Lite</technology>
          <technology>Gradle</technology>
        </technology>
      </project>
    </project>
  </item>
  <item>
    <jobId>38</jobId>
    <jobTitle>Software Engg-2</jobTitle>
    <jobDescription>To develop andriod application</jobDescription>
    <experience>
      <experience>Google</experience>
      <experience>Apple</experience>
      <experience>Mobile Iron</experience>
    </experience>
    <project>
      <project>
        <projectName>Movie App</projectName>
        <technology>
          <technology>Kotlin</technology>
          <technology>SQL Lite</technology>
          <technology>Gradle</technology>
        </technology>
      </project>
    </project>
  </item>
  <item>
    <jobId>8</jobId>
    <jobTitle>Software Engg-2</jobTitle>
    <jobDescription>To develop andriod application</jobDescription>
    <experience>
      <experience>Google</experience>
      <experience>Apple</experience>
      <experience>Mobile Iron</experience>
    </experience>
    <project>
      <project>
        <projectName>Movie App</projectName>
        <technology>
          <technology>Kotlin</technology>
          <technology>SQL Lite</technology>
          <technology>Gradle</technology>
        </technology>
      </project>
    </project>
  </item>
  <item>
    <jobId>9980</jobId>
    <jobTitle>Software Engg-2</jobTitle>
    <jobDescription>To develop android application</jobDescription>
    <experience>
      <experience>Google</experience>
      <experience>Apple</experience>
      <experience>Mobile Iron</experience>
    </experience>
    <project>
      <project>
        <projectName>Movie App</projectName>
        <technology>
          <technology>Kotlin</technology>
          <technology>SQL Lite</technology>
          <technology>Gradle</technology>
        </technology>
      </project>
    </project>
  </item>
  <item>
    <jobId>5</jobId>
    <jobTitle>Software Engg-3</jobTitle>
    <jobDescription>To develop andriod application and web application</jobDescription>
    <experience>
      <experience>Google</experience>
      <experience>Apple</experience>
      <experience>Mobile Iron</experience>
    </experience>
    <project>
      <project>
        <projectName>Movie App</projectName>
        <technology>
          <technology>Kotlin</technology>
          <technology>SQL Lite</technology>
          <technology>Gradle</technology>
          <technology>Jenkins</technology>
        </technology>
      </project>
      <project>
        <projectName>Movie App</projectName>
        <technology>
          <technology>Kotlin</technology>
          <technology>SQL Lite</technology>
          <technology>Gradle</technology>
          <technology>Jenkins</technology>
        </technology>
      </project>
    </project>
  </item>
  <item>
    <jobId>16</jobId>
    <jobTitle>Software Engg-3</jobTitle>
    <jobDescription>To develop andriod application and web application</jobDescription>
    <experience>
      <experience>Google</experience>
      <experience>Apple</experience>
      <experience>Mobile Iron</experience>
    </experience>
    <project>
      <project>
        <projectName>Movie App</projectName>
        <technology>
          <technology>Kotlin</technology>
          <technology>SQL Lite</technology>
          <technology>Gradle</technology>
          <technology>Jenkins</technology>
        </technology>
      </project>
      <project>
        <projectName>Movie App</projectName>
        <technology>
          <technology>Kotlin</technology>
          <technology>SQL Lite</technology>
          <technology>Gradle</technology>
          <technology>Jenkins</technology>
        </technology>
      </project>
    </project>
  </item>
  <item>
    <jobId>1</jobId>
    <jobTitle>Software Engg-2</jobTitle>
    <jobDescription>To develop andriod application</jobDescription>
    <experience>
      <experience>Google</experience>
      <experience>Apple</experience>
      <experience>Mobile Iron</experience>
    </experience>
    <project>
      <project>
        <projectName>Movie App</projectName>
        <technology>
          <technology>Kotlin</technology>
          <technology>SQL Lite</technology>
          <technology>Gradle</technology>
        </technology>
      </project>
    </project>
  </item>
  <item>
    <jobId>7</jobId>
    <jobTitle>Software Engg-2</jobTitle>
    <jobDescription>To develop andriod application</jobDescription>
    <experience>
      <experience>Google</experience>
      <experience>Apple</experience>
      <experience>Mobile Iron</experience>
    </experience>
    <project>
      <project>
        <projectName>Movie App</projectName>
        <technology>
          <technology>Kotlin</technology>
          <technology>SQL Lite</technology>
          <technology>Gradle</technology>
        </technology>
      </project>
    </project>
  </item>
  <item>
    <jobId>35</jobId>
    <jobTitle>Software Engg-2</jobTitle>
    <jobDescription>To develop android application and web application</jobDescription>
    <experience>
      <experience>Google</experience>
      <experience>Apple</experience>
      <experience>Mobile Iron</experience>
    </experience>
    <project>
      <project>
        <projectName>Movie App</projectName>
        <technology>
          <technology>Kotlin</technology>
          <technology>SQL Lite</technology>
          <technology>Gradle</technology>
        </technology>
      </project>
    </project>
  </item>
  <item>
    <jobId>48</jobId>
    <jobTitle>Software Engg-2</jobTitle>
    <jobDescription>To develop andriod application</jobDescription>
    <experience>
      <experience>Google</experience>
      <experience>Apple</experience>
      <experience>Mobile Iron</experience>
    </experience>
    <project>
      <project>
        <projectName>Movie App</projectName>
        <technology>
          <technology>Kotlin</technology>
          <technology>SQL Lite</technology>
          <technology>Gradle</technology>
        </technology>
      </project>
    </project>
  </item>
  <item>
    <jobId>2</jobId>
    <jobTitle>Software Engg-2</jobTitle>
    <jobDescription>To develop andriod application</jobDescription>
    <experience>
      <experience>Google</experience>
      <experience>Apple</experience>
      <experience>Mobile Iron</experience>
    </experience>
    <project>
      <project>
        <projectName>Movie App</projectName>
        <technology>
          <technology>Kotlin</technology>
          <technology>SQL Lite</technology>
          <technology>Gradle</technology>
        </technology>
      </project>
    </project>
  </item>
  <item>
    <jobId>88</jobId>
    <jobTitle>Software Engg-2</jobTitle>
    <jobDescription>To develop andriod application</jobDescription>
    <experience>
      <experience>Google</experience>
      <experience>Apple</experience>
      <experience>Mobile Iron</experience>
    </experience>
    <project>
      <project>
        <projectName>Movie App</projectName>
        <technology>
          <technology>Kotlin</technology>
          <technology>SQL Lite</technology>
          <technology>Gradle</technology>
        </technology>
      </project>
    </project>
  </item>
  <item>
    <jobId>21</jobId>
    <jobTitle>Software Engg-2</jobTitle>
    <jobDescription>To develop andriod application</jobDescription>
    <experience>
      <experience>Google</experience>
      <experience>Apple</experience>
      <experience>Mobile Iron</experience>
    </experience>
    <project>
      <project>
        <projectName>Movie App</projectName>
        <technology>
          <technology>Kotlin</technology>
          <technology>SQL Lite</technology>
          <technology>Gradle</technology>
        </technology>
      </project>
    </project>
  </item>
  <item>
    <jobId>71</jobId>
    <jobTitle>Software Engg-2</jobTitle>
    <jobDescription>To develop andriod application</jobDescription>
    <experience>
      <experience>Google</experience>
      <experience>Apple</experience>
      <experience>Mobile Iron</experience>
    </experience>
    <project>
      <project>
        <projectName>Movie App</projectName>
        <technology>
          <technology>Kotlin</technology>
          <technology>SQL Lite</technology>
          <technology>Gradle</technology>
        </technology>
      </project>
    </project>
  </item>
  <item>
    <jobId>8</jobId>
    <jobTitle>Software Engg-2</jobTitle>
    <jobDescription>To develop andriod application</jobDescription>
    <experience>
      <experience>Google</experience>
      <experience>Apple</experience>
      <experience>Mobile Iron</experience>
    </experience>
    <project>
      <project>
        <projectName>Movie App</projectName>
        <technology>
          <technology>Kotlin</technology>
          <technology>SQL Lite</technology>
          <technology>Gradle</technology>
        </technology>
      </project>
    </project>
  </item>
  <item>
    <jobId>94</jobId>
    <jobTitle>Software Engg-2</jobTitle>
    <jobDescription>To develop andriod application</jobDescription>
    <experience>
      <experience>Google</experience>
      <experience>Apple</experience>
      <experience>Mobile Iron</experience>
    </experience>
    <project>
      <project>
        <projectName>Movie App</projectName>
        <technology>
          <technology>Kotlin</technology>
          <technology>SQL Lite</technology>
          <technology>Gradle</technology>
        </technology>
      </project>
    </project>
  </item>
  <item>
    <jobId>8</jobId>
    <jobTitle>Software Engg-2</jobTitle>
    <jobDescription>To develop andriod application</jobDescription>
    <experience>
      <experience>Google</experience>
      <experience>Apple</experience>
      <experience>Mobile Iron</experience>
    </experience>
    <project>
      <project>
        <projectName>Movie App</projectName>
        <technology>
          <technology>Kotlin</technology>
          <technology>SQL Lite</technology>
          <technology>Gradle</technology>
        </technology>
      </project>
    </project>
  </item>
  <item>
    <jobId>9980</jobId>
    <jobTitle>Software Engg-2</jobTitle>
    <jobDescription>To develop android application</jobDescription>
    <experience>
      <experience>Google</experience>
      <experience>Apple</experience>
      <experience>Mobile Iron</experience>
    </experience>
    <project>
      <project>
        <projectName>Movie App</projectName>
        <technology>
          <technology>Kotlin</technology>
          <technology>SQL Lite</technology>
          <technology>Gradle</technology>
        </technology>
      </project>
    </project>
  </item>
  <item>
    <jobId>89</jobId>
    <jobTitle>Software Engg-3</jobTitle>
    <jobDescription>To develop andriod application and web application</jobDescription>
    <experience>
      <experience>Google</experience>
      <experience>Apple</experience>
      <experience>Mobile Iron</experience>
    </experience>
    <project>
      <project>
        <projectName>Movie App</projectName>
        <technology>
          <technology>Kotlin</technology>
          <technology>SQL Lite</technology>
          <technology>Gradle</technology>
          <technology>Jenkins</technology>
        </technology>
      </project>
      <project>
        <projectName>Movie App</projectName>
        <technology>
          <technology>Kotlin</technology>
          <technology>SQL Lite</technology>
          <technology>Gradle</technology>
          <technology>Jenkins</technology>
        </technology>
      </project>
    </project>
  </item>
  <item>
    <jobId>35</jobId>
    <jobTitle>Software Engg-2</jobTitle>
    <jobDescription>To develop andriod application</jobDescription>
    <experience>
      <experience>Google</experience>
      <experience>Apple</experience>
      <experience>Mobile Iron</experience>
    </experience>
    <project>
      <project>
        <projectName>Movie App</projectName>
        <technology>
          <technology>Kotlin</technology>
          <technology>SQL Lite</technology>
          <technology>Gradle</technology>
        </technology>
      </project>
    </project>
  </item>
  <item>
    <jobId>77</jobId>
    <jobTitle>Software Engg-2</jobTitle>
    <jobDescription>To develop android application and web application</jobDescription>
    <experience>
      <experience>Google</experience>
      <experience>Apple</experience>
      <experience>Mobile Iron</experience>
    </experience>
    <project>
      <project>
        <projectName>Movie App</projectName>
        <technology>
          <technology>Kotlin</technology>
          <technology>SQL Lite</technology>
          <technology>Gradle</technology>
        </technology>
      </project>
    </project>
  </item>
  <item>
    <jobId>50</jobId>
    <jobTitle>Software Engg-3</jobTitle>
    <jobDescription>To develop andriod application and web application</jobDescription>
    <experience>
      <experience>Google</experience>
      <experience>Apple</experience>
      <experience>Mobile Iron</experience>
    </experience>
    <project>
      <project>
        <projectName>Movie App</projectName>
        <technology>
          <technology>Kotlin</technology>
          <technology>SQL Lite</technology>
          <technology>Gradle</technology>
          <technology>Jenkins</technology>
        </technology>
      </project>
      <project>
        <projectName>Movie App</projectName>
        <technology>
          <technology>Kotlin</technology>
          <technology>SQL Lite</technology>
          <technology>Gradle</technology>
          <technology>Jenkins</technology>
        </technology>
      </project>
    </project>
  </item>
  <item>
    <jobId>33</jobId>
    <jobTitle>Software Engg-2</jobTitle>
    <jobDescription>To develop andriod application</jobDescription>
    <experience>
      <experience>Google</experience>
      <experience>Apple</experience>
      <experience>Mobile Iron</experience>
    </experience>
    <project>
      <project>
        <projectName>Movie App</projectName>
        <technology>
          <technology>Kotlin</technology>
          <technology>SQL Lite</technology>
          <technology>Gradle</technology>
        </technology>
      </project>
    </project>
  </item>
  <item>
    <jobId>78</jobId>
    <jobTitle>Software Engg-2</jobTitle>
    <jobDescription>To develop android application and web application</jobDescription>
    <experience>
      <experience>Google</experience>
      <experience>Apple</experience>
      <experience>Mobile Iron</experience>
    </experience>
    <project>
      <project>
        <projectName>Movie App</projectName>
        <technology>
          <technology>Kotlin</technology>
          <technology>SQL Lite</technology>
          <technology>Gradle</technology>
        </technology>
      </project>
    </project>
  </item>
  <item>
    <jobId>3</jobId>
    <jobTitle>Software Engg-2</jobTitle>
    <jobDescription>To develop android application and web application</jobDescription>
    <experience>
      <experience>Google</experience>
      <experience>Apple</experience>
      <experience>Mobile Iron</experience>
    </experience>
    <project>
      <project>
        <projectName>Movie App</projectName>
        <technology>
          <technology>Kotlin</technology>
          <technology>SQL Lite</technology>
          <technology>Gradle</technology>
        </technology>
      </project>
    </project>
  </item>
  <item>
    <jobId>18</jobId>
    <jobTitle>Software Engg-2</jobTitle>
    <jobDescription>To develop android application and web application</jobDescription>
    <experience>
      <experience>Google</experience>
      <experience>Apple</experience>
      <experience>Mobile Iron</experience>
    </experience>
    <project>
      <project>
        <projectName>Movie App</projectName>
        <technology>
          <technology>Kotlin</technology>
          <technology>SQL Lite</technology>
          <technology>Gradle</technology>
        </technology>
      </project>
    </project>
  </item>
  <item>
    <jobId>4</jobId>
    <jobTitle>Software Engg-2</jobTitle>
    <jobDescription>To develop android application and web application</jobDescription>
    <experience>
      <experience>Google</experience>
      <experience>Apple</experience>
      <experience>Mobile Iron</experience>
    </experience>
    <project>
      <project>
        <projectName>Movie App</projectName>
        <technology>
          <technology>Kotlin</technology>
          <technology>SQL Lite</technology>
          <technology>Gradle</technology>
        </technology>
      </project>
    </project>
  </item>
  <item>
    <jobId>8</jobId>
    <jobTitle>Software Engg-2</jobTitle>
    <jobDescription>To develop andriod application</jobDescription>
    <experience>
      <experience>Google</experience>
      <experience>Apple</experience>
      <experience>Mobile Iron</experience>
    </experience>
    <project>
      <project>
        <projectName>Movie App</projectName>
        <technology>
          <technology>Kotlin</technology>
          <technology>SQL Lite</technology>
          <technology>Gradle</technology>
        </technology>
      </project>
    </project>
  </item>
  <item>
    <jobId>9980</jobId>
    <jobTitle>Software Engg-2</jobTitle>
    <jobDescription>To develop android application</jobDescription>
    <experience>
      <experience>Google</experience>
      <experience>Apple</experience>
      <experience>Mobile Iron</experience>
    </experience>
    <project>
      <project>
        <projectName>Movie App</projectName>
        <technology>
          <technology>Kotlin</technology>
          <technology>SQL Lite</technology>
          <technology>Gradle</technology>
        </technology>
      </project>
    </project>
  </item>
  <item>
    <jobId>8</jobId>
    <jobTitle>Software Engg-2</jobTitle>
    <jobDescription>To develop andriod application</jobDescription>
    <experience>
      <experience>Google</experience>
      <experience>Apple</experience>
      <experience>Mobile Iron</experience>
    </experience>
    <project>
      <project>
        <projectName>Movie App</projectName>
        <technology>
          <technology>Kotlin</technology>
          <technology>SQL Lite</technology>
          <technology>Gradle</technology>
        </technology>
      </project>
    </project>
  </item>
  <item>
    <jobId>17</jobId>
    <jobTitle>Software Engg-3</jobTitle>
    <jobDescription>To develop andriod application and web application</jobDescription>
    <experience>
      <experience>Google</experience>
      <experience>Apple</experience>
      <experience>Mobile Iron</experience>
    </experience>
    <project>
      <project>
        <projectName>Movie App</projectName>
        <technology>
          <technology>Kotlin</technology>
          <technology>SQL Lite</technology>
          <technology>Gradle</technology>
          <technology>Jenkins</technology>
        </technology>
      </project>
      <project>
        <projectName>Movie App</projectName>
        <technology>
          <technology>Kotlin</technology>
          <technology>SQL Lite</technology>
          <technology>Gradle</technology>
          <technology>Jenkins</technology>
        </technology>
      </project>
    </project>
  </item>
  <item>
    <jobId>94</jobId>
    <jobTitle>Software Engg-2</jobTitle>
    <jobDescription>To develop andriod application</jobDescription>
    <experience>
      <experience>Google</experience>
      <experience>Apple</experience>
      <experience>Mobile Iron</experience>
    </experience>
    <project>
      <project>
        <projectName>Movie App</projectName>
        <technology>
          <technology>Kotlin</technology>
          <technology>SQL Lite</technology>
          <technology>Gradle</technology>
        </technology>
      </project>
    </project>
  </item>
  <item>
    <jobId>83</jobId>
    <jobTitle>Software Engg-3</jobTitle>
    <jobDescription>To develop andriod application and web application</jobDescription>
    <experience>
      <experience>Google</experience>
      <experience>Apple</experience>
      <experience>Mobile Iron</experience>
    </experience>
    <project>
      <project>
        <projectName>Movie App</projectName>
        <technology>
          <technology>Kotlin</technology>
          <technology>SQL Lite</technology>
          <technology>Gradle</technology>
          <technology>Jenkins</technology>
        </technology>
      </project>
      <project>
        <projectName>Movie App</projectName>
        <technology>
          <technology>Kotlin</technology>
          <technology>SQL Lite</technology>
          <technology>Gradle</technology>
          <technology>Jenkins</technology>
        </technology>
      </project>
    </project>
  </item>
  <item>
    <jobId>75</jobId>
    <jobTitle>Software Engg-2</jobTitle>
    <jobDescription>To develop andriod application</jobDescription>
    <experience>
      <experience>Google</experience>
      <experience>Apple</experience>
      <experience>Mobile Iron</experience>
    </experience>
    <project>
      <project>
        <projectName>Movie App</projectName>
        <technology>
          <technology>Kotlin</technology>
          <technology>SQL Lite</technology>
          <technology>Gradle</technology>
        </technology>
      </project>
    </project>
  </item>
  <item>
    <jobId>86</jobId>
    <jobTitle>Software Engg-3</jobTitle>
    <jobDescription>To develop andriod application and web application</jobDescription>
    <experience>
      <experience>Google</experience>
      <experience>Apple</experience>
      <experience>Mobile Iron</experience>
    </experience>
    <project>
      <project>
        <projectName>Movie App</projectName>
        <technology>
          <technology>Kotlin</technology>
          <technology>SQL Lite</technology>
          <technology>Gradle</technology>
          <technology>Jenkins</technology>
        </technology>
      </project>
      <project>
        <projectName>Movie App</projectName>
        <technology>
          <technology>Kotlin</technology>
          <technology>SQL Lite</technology>
          <technology>Gradle</technology>
          <technology>Jenkins</technology>
        </technology>
      </project>
    </project>
  </item>
  <item>
    <jobId>40</jobId>
    <jobTitle>Software Engg-2</jobTitle>
    <jobDescription>To develop android application and web application</jobDescription>
    <experience>
      <experience>Google</experience>
      <experience>Apple</experience>
      <experience>Mobile Iron</experience>
    </experience>
    <project>
      <project>
        <projectName>Movie App</projectName>
        <technology>
          <technology>Kotlin</technology>
          <technology>SQL Lite</technology>
          <technology>Gradle</technology>
        </technology>
      </project>
    </project>
  </item>
  <item>
    <jobId>66</jobId>
    <jobTitle>Software Engg-2</jobTitle>
    <jobDescription>To develop android application and web application</jobDescription>
    <experience>
      <experience>Google</experience>
      <experience>Apple</experience>
      <experience>Mobile Iron</experience>
    </experience>
    <project>
      <project>
        <projectName>Movie App</projectName>
        <technology>
          <technology>Kotlin</technology>
          <technology>SQL Lite</technology>
          <technology>Gradle</technology>
        </technology>
      </project>
    </project>
  </item>
  <item>
    <jobId>18</jobId>
    <jobTitle>Software Engg-2</jobTitle>
    <jobDescription>To develop andriod application</jobDescription>
    <experience>
      <experience>Google</experience>
      <experience>Apple</experience>
      <experience>Mobile Iron</experience>
    </experience>
    <project>
      <project>
        <projectName>Movie App</projectName>
        <technology>
          <technology>Kotlin</technology>
          <technology>SQL Lite</technology>
          <technology>Gradle</technology>
        </technology>
      </project>
    </project>
  </item>
  <item>
    <jobId>42</jobId>
    <jobTitle>Software Engg-2</jobTitle>
    <jobDescription>To develop andriod application</jobDescription>
    <experience>
      <experience>Google</experience>
      <experience>Apple</experience>
      <experience>Mobile Iron</experience>
    </experience>
    <project>
      <project>
        <projectName>Movie App</projectName>
        <technology>
          <technology>Kotlin</technology>
          <technology>SQL Lite</technology>
          <technology>Gradle</technology>
        </technology>
      </project>
    </project>
  </item>
  <item>
    <jobId>68</jobId>
    <jobTitle>Software Engg-2</jobTitle>
    <jobDescription>To develop andriod application</jobDescription>
    <experience>
      <experience>Google</experience>
      <experience>Apple</experience>
      <experience>Mobile Iron</experience>
    </experience>
    <project>
      <project>
        <projectName>Movie App</projectName>
        <technology>
          <technology>Kotlin</technology>
          <technology>SQL Lite</technology>
          <technology>Gradle</technology>
        </technology>
      </project>
    </project>
  </item>
  <item>
    <jobId>96</jobId>
    <jobTitle>Software Engg-2</jobTitle>
    <jobDescription>To develop andriod application</jobDescription>
    <experience>
      <experience>Google</experience>
      <experience>Apple</experience>
      <experience>Mobile Iron</experience>
    </experience>
    <project>
      <project>
        <projectName>Movie App</projectName>
        <technology>
          <technology>Kotlin</technology>
          <technology>SQL Lite</technology>
          <technology>Gradle</technology>
        </technology>
      </project>
    </project>
  </item>
  <item>
    <jobId>59</jobId>
    <jobTitle>Software Engg-2</jobTitle>
    <jobDescription>To develop android application and web application</jobDescription>
    <experience>
      <experience>Google</experience>
      <experience>Apple</experience>
      <experience>Mobile Iron</experience>
    </experience>
    <project>
      <project>
        <projectName>Movie App</projectName>
        <technology>
          <technology>Kotlin</technology>
          <technology>SQL Lite</technology>
          <technology>Gradle</technology>
        </technology>
      </project>
    </project>
  </item>
  <item>
    <jobId>8</jobId>
    <jobTitle>Software Engg-2</jobTitle>
    <jobDescription>To develop andriod application</jobDescription>
    <experience>
      <experience>Google</experience>
      <experience>Apple</experience>
      <experience>Mobile Iron</experience>
    </experience>
    <project>
      <project>
        <projectName>Movie App</projectName>
        <technology>
          <technology>Kotlin</technology>
          <technology>SQL Lite</technology>
          <technology>Gradle</technology>
        </technology>
      </project>
    </project>
  </item>
  <item>
    <jobId>32</jobId>
    <jobTitle>Software Engg-2</jobTitle>
    <jobDescription>To develop andriod application</jobDescription>
    <experience>
      <experience>Google</experience>
      <experience>Apple</experience>
      <experience>Mobile Iron</experience>
    </experience>
    <project>
      <project>
        <projectName>Movie App</projectName>
        <technology>
          <technology>Kotlin</technology>
          <technology>SQL Lite</technology>
          <technology>Gradle</technology>
        </technology>
      </project>
    </project>
  </item>
  <item>
    <jobId>8</jobId>
    <jobTitle>Software Engg-2</jobTitle>
    <jobDescription>To develop andriod application</jobDescription>
    <experience>
      <experience>Google</experience>
      <experience>Apple</experience>
      <experience>Mobile Iron</experience>
    </experience>
    <project>
      <project>
        <projectName>Movie App</projectName>
        <technology>
          <technology>Kotlin</technology>
          <technology>SQL Lite</technology>
          <technology>Gradle</technology>
        </technology>
      </project>
    </project>
  </item>
  <item>
    <jobId>9980</jobId>
    <jobTitle>Software Engg-2</jobTitle>
    <jobDescription>To develop android application</jobDescription>
    <experience>
      <experience>Google</experience>
      <experience>Apple</experience>
      <experience>Mobile Iron</experience>
    </experience>
    <project>
      <project>
        <projectName>Movie App</projectName>
        <technology>
          <technology>Kotlin</technology>
          <technology>SQL Lite</technology>
          <technology>Gradle</technology>
        </technology>
      </project>
    </project>
  </item>
  <item>
    <jobId>6</jobId>
    <jobTitle>Software Engg-2</jobTitle>
    <jobDescription>To develop andriod application</jobDescription>
    <experience>
      <experience>Google</experience>
      <experience>Apple</experience>
      <experience>Mobile Iron</experience>
    </experience>
    <project>
      <project>
        <projectName>Movie App</projectName>
        <technology>
          <technology>Kotlin</technology>
          <technology>SQL Lite</technology>
          <technology>Gradle</technology>
        </technology>
      </project>
    </project>
  </item>
  <item>
    <jobId>57</jobId>
    <jobTitle>Software Engg-3</jobTitle>
    <jobDescription>To develop andriod application and web application</jobDescription>
    <experience>
      <experience>Google</experience>
      <experience>Apple</experience>
      <experience>Mobile Iron</experience>
    </experience>
    <project>
      <project>
        <projectName>Movie App</projectName>
        <technology>
          <technology>Kotlin</technology>
          <technology>SQL Lite</technology>
          <technology>Gradle</technology>
          <technology>Jenkins</technology>
        </technology>
      </project>
      <project>
        <projectName>Movie App</projectName>
        <technology>
          <technology>Kotlin</technology>
          <technology>SQL Lite</technology>
          <technology>Gradle</technology>
          <technology>Jenkins</technology>
        </technology>
      </project>
    </project>
  </item>
  <item>
    <jobId>19</jobId>
    <jobTitle>Software Engg-2</jobTitle>
    <jobDescription>To develop andriod application</jobDescription>
    <experience>
      <experience>Google</experience>
      <experience>Apple</experience>
      <experience>Mobile Iron</experience>
    </experience>
    <project>
      <project>
        <projectName>Movie App</projectName>
        <technology>
          <technology>Kotlin</technology>
          <technology>SQL Lite</technology>
          <technology>Gradle</technology>
        </technology>
      </project>
    </project>
  </item>
  <item>
    <jobId>29</jobId>
    <jobTitle>Software Engg-3</jobTitle>
    <jobDescription>To develop andriod application and web application</jobDescription>
    <experience>
      <experience>Google</experience>
      <experience>Apple</experience>
      <experience>Mobile Iron</experience>
    </experience>
    <project>
      <project>
        <projectName>Movie App</projectName>
        <technology>
          <technology>Kotlin</technology>
          <technology>SQL Lite</technology>
          <technology>Gradle</technology>
          <technology>Jenkins</technology>
        </technology>
      </project>
      <project>
        <projectName>Movie App</projectName>
        <technology>
          <technology>Kotlin</technology>
          <technology>SQL Lite</technology>
          <technology>Gradle</technology>
          <technology>Jenkins</technology>
        </technology>
      </project>
    </project>
  </item>
  <item>
    <jobId>90</jobId>
    <jobTitle>Software Engg-2</jobTitle>
    <jobDescription>To develop android application and web application</jobDescription>
    <experience>
      <experience>Google</experience>
      <experience>Apple</experience>
      <experience>Mobile Iron</experience>
    </experience>
    <project>
      <project>
        <projectName>Movie App</projectName>
        <technology>
          <technology>Kotlin</technology>
          <technology>SQL Lite</technology>
          <technology>Gradle</technology>
        </technology>
      </project>
    </project>
  </item>
  <item>
    <jobId>60</jobId>
    <jobTitle>Software Engg-3</jobTitle>
    <jobDescription>To develop andriod application and web application</jobDescription>
    <experience>
      <experience>Google</experience>
      <experience>Apple</experience>
      <experience>Mobile Iron</experience>
    </experience>
    <project>
      <project>
        <projectName>Movie App</projectName>
        <technology>
          <technology>Kotlin</technology>
          <technology>SQL Lite</technology>
          <technology>Gradle</technology>
          <technology>Jenkins</technology>
        </technology>
      </project>
      <project>
        <projectName>Movie App</projectName>
        <technology>
          <technology>Kotlin</technology>
          <technology>SQL Lite</technology>
          <technology>Gradle</technology>
          <technology>Jenkins</technology>
        </technology>
      </project>
    </project>
  </item>
  <item>
    <jobId>92</jobId>
    <jobTitle>Software Engg-2</jobTitle>
    <jobDescription>To develop android application and web application</jobDescription>
    <experience>
      <experience>Google</experience>
      <experience>Apple</experience>
      <experience>Mobile Iron</experience>
    </experience>
    <project>
      <project>
        <projectName>Movie App</projectName>
        <technology>
          <technology>Kotlin</technology>
          <technology>SQL Lite</technology>
          <technology>Gradle</technology>
        </technology>
      </project>
    </project>
  </item>
  <item>
    <jobId>90</jobId>
    <jobTitle>Software Engg-2</jobTitle>
    <jobDescription>To develop andriod application</jobDescription>
    <experience>
      <experience>Google</experience>
      <experience>Apple</experience>
      <experience>Mobile Iron</experience>
    </experience>
    <project>
      <project>
        <projectName>Movie App</projectName>
        <technology>
          <technology>Kotlin</technology>
          <technology>SQL Lite</technology>
          <technology>Gradle</technology>
        </technology>
      </project>
    </project>
  </item>
  <item>
    <jobId>25</jobId>
    <jobTitle>Software Engg-2</jobTitle>
    <jobDescription>To develop andriod application</jobDescription>
    <experience>
      <experience>Google</experience>
      <experience>Apple</experience>
      <experience>Mobile Iron</experience>
    </experience>
    <project>
      <project>
        <projectName>Movie App</projectName>
        <technology>
          <technology>Kotlin</technology>
          <technology>SQL Lite</technology>
          <technology>Gradle</technology>
        </technology>
      </project>
    </project>
  </item>
  <item>
    <jobId>0</jobId>
    <jobTitle>Software Engg-2</jobTitle>
    <jobDescription>To develop android application and web application</jobDescription>
    <experience>
      <experience>Google</experience>
      <experience>Apple</experience>
      <experience>Mobile Iron</experience>
    </experience>
    <project>
      <project>
        <projectName>Movie App</projectName>
        <technology>
          <technology>Kotlin</technology>
          <technology>SQL Lite</technology>
          <technology>Gradle</technology>
        </technology>
      </project>
    </project>
  </item>
  <item>
    <jobId>53</jobId>
    <jobTitle>Software Engg-2</jobTitle>
    <jobDescription>To develop andriod application</jobDescription>
    <experience>
      <experience>Google</experience>
      <experience>Apple</experience>
      <experience>Mobile Iron</experience>
    </experience>
    <project>
      <project>
        <projectName>Movie App</projectName>
        <technology>
          <technology>Kotlin</technology>
          <technology>SQL Lite</technology>
          <technology>Gradle</technology>
        </technology>
      </project>
    </project>
  </item>
  <item>
    <jobId>37</jobId>
    <jobTitle>Software Engg-2</jobTitle>
    <jobDescription>To develop android application and web application</jobDescription>
    <experience>
      <experience>Google</experience>
      <experience>Apple</experience>
      <experience>Mobile Iron</experience>
    </experience>
    <project>
      <project>
        <projectName>Movie App</projectName>
        <technology>
          <technology>Kotlin</technology>
          <technology>SQL Lite</technology>
          <technology>Gradle</technology>
        </technology>
      </project>
    </project>
  </item>
  <item>
    <jobId>41</jobId>
    <jobTitle>Software Engg-2</jobTitle>
    <jobDescription>To develop andriod application</jobDescription>
    <experience>
      <experience>Google</experience>
      <experience>Apple</experience>
      <experience>Mobile Iron</experience>
    </experience>
    <project>
      <project>
        <projectName>Movie App</projectName>
        <technology>
          <technology>Kotlin</technology>
          <technology>SQL Lite</technology>
          <technology>Gradle</technology>
        </technology>
      </project>
    </project>
  </item>
  <item>
    <jobId>40</jobId>
    <jobTitle>Software Engg-2</jobTitle>
    <jobDescription>To develop andriod application</jobDescription>
    <experience>
      <experience>Google</experience>
      <experience>Apple</experience>
      <experience>Mobile Iron</experience>
    </experience>
    <project>
      <project>
        <projectName>Movie App</projectName>
        <technology>
          <technology>Kotlin</technology>
          <technology>SQL Lite</technology>
          <technology>Gradle</technology>
        </technology>
      </project>
    </project>
  </item>
  <item>
    <jobId>0</jobId>
    <jobTitle>Software Engg-2</jobTitle>
    <jobDescription>To develop andriod application</jobDescription>
    <experience>
      <experience>Google</experience>
      <experience>Apple</experience>
      <experience>Mobile Iron</experience>
    </experience>
    <project>
      <project>
        <projectName>Movie App</projectName>
        <technology>
          <technology>Kotlin</technology>
          <technology>SQL Lite</technology>
          <technology>Gradle</technology>
        </technology>
      </project>
    </project>
  </item>
  <item>
    <jobId>76</jobId>
    <jobTitle>Software Engg-2</jobTitle>
    <jobDescription>To develop andriod application</jobDescription>
    <experience>
      <experience>Google</experience>
      <experience>Apple</experience>
      <experience>Mobile Iron</experience>
    </experience>
    <project>
      <project>
        <projectName>Movie App</projectName>
        <technology>
          <technology>Kotlin</technology>
          <technology>SQL Lite</technology>
          <technology>Gradle</technology>
        </technology>
      </project>
    </project>
  </item>
  <item>
    <jobId>49</jobId>
    <jobTitle>Software Engg-2</jobTitle>
    <jobDescription>To develop andriod application</jobDescription>
    <experience>
      <experience>Google</experience>
      <experience>Apple</experience>
      <experience>Mobile Iron</experience>
    </experience>
    <project>
      <project>
        <projectName>Movie App</projectName>
        <technology>
          <technology>Kotlin</technology>
          <technology>SQL Lite</technology>
          <technology>Gradle</technology>
        </technology>
      </project>
    </project>
  </item>
  <item>
    <jobId>9980</jobId>
    <jobTitle>Software Engg-2</jobTitle>
    <jobDescription>To develop android application</jobDescription>
    <experience>
      <experience>Google</experience>
      <experience>Apple</experience>
      <experience>Mobile Iron</experience>
    </experience>
    <project>
      <project>
        <projectName>Movie App</projectName>
        <technology>
          <technology>Kotlin</technology>
          <technology>SQL Lite</technology>
          <technology>Gradle</technology>
        </technology>
      </project>
    </project>
  </item>
  <item>
    <jobId>8</jobId>
    <jobTitle>Software Engg-2</jobTitle>
    <jobDescription>To develop andriod application</jobDescription>
    <experience>
      <experience>Google</experience>
      <experience>Apple</experience>
      <experience>Mobile Iron</experience>
    </experience>
    <project>
      <project>
        <projectName>Movie App</projectName>
        <technology>
          <technology>Kotlin</technology>
          <technology>SQL Lite</technology>
          <technology>Gradle</technology>
        </technology>
      </project>
    </project>
  </item>
  <item>
    <jobId>79</jobId>
    <jobTitle>Software Engg-2</jobTitle>
    <jobDescription>To develop andriod application</jobDescription>
    <experience>
      <experience>Google</experience>
      <experience>Apple</experience>
      <experience>Mobile Iron</experience>
    </experience>
    <project>
      <project>
        <projectName>Movie App</projectName>
        <technology>
          <technology>Kotlin</technology>
          <technology>SQL Lite</technology>
          <technology>Gradle</technology>
        </technology>
      </project>
    </project>
  </item>
  <item>
    <jobId>8</jobId>
    <jobTitle>Software Engg-2</jobTitle>
    <jobDescription>To develop andriod application</jobDescription>
    <experience>
      <experience>Google</experience>
      <experience>Apple</experience>
      <experience>Mobile Iron</experience>
    </experience>
    <project>
      <project>
        <projectName>Movie App</projectName>
        <technology>
          <technology>Kotlin</technology>
          <technology>SQL Lite</technology>
          <technology>Gradle</technology>
        </technology>
      </project>
    </project>
  </item>
  <item>
    <jobId>39</jobId>
    <jobTitle>Software Engg-3</jobTitle>
    <jobDescription>To develop andriod application and web application</jobDescription>
    <experience>
      <experience>Google</experience>
      <experience>Apple</experience>
      <experience>Mobile Iron</experience>
    </experience>
    <project>
      <project>
        <projectName>Movie App</projectName>
        <technology>
          <technology>Kotlin</technology>
          <technology>SQL Lite</technology>
          <technology>Gradle</technology>
          <technology>Jenkins</technology>
        </technology>
      </project>
      <project>
        <projectName>Movie App</projectName>
        <technology>
          <technology>Kotlin</technology>
          <technology>SQL Lite</technology>
          <technology>Gradle</technology>
          <technology>Jenkins</technology>
        </technology>
      </project>
    </project>
  </item>
  <item>
    <jobId>96</jobId>
    <jobTitle>Software Engg-2</jobTitle>
    <jobDescription>To develop andriod application</jobDescription>
    <experience>
      <experience>Google</experience>
      <experience>Apple</experience>
      <experience>Mobile Iron</experience>
    </experience>
    <project>
      <project>
        <projectName>Movie App</projectName>
        <technology>
          <technology>Kotlin</technology>
          <technology>SQL Lite</technology>
          <technology>Gradle</technology>
        </technology>
      </project>
    </project>
  </item>
  <item>
    <jobId>28</jobId>
    <jobTitle>Software Engg-3</jobTitle>
    <jobDescription>To develop andriod application and web application</jobDescription>
    <experience>
      <experience>Google</experience>
      <experience>Apple</experience>
      <experience>Mobile Iron</experience>
    </experience>
    <project>
      <project>
        <projectName>Movie App</projectName>
        <technology>
          <technology>Kotlin</technology>
          <technology>SQL Lite</technology>
          <technology>Gradle</technology>
          <technology>Jenkins</technology>
        </technology>
      </project>
      <project>
        <projectName>Movie App</projectName>
        <technology>
          <technology>Kotlin</technology>
          <technology>SQL Lite</technology>
          <technology>Gradle</technology>
          <technology>Jenkins</technology>
        </technology>
      </project>
    </project>
  </item>
  <item>
    <jobId>80</jobId>
    <jobTitle>Software Engg-2</jobTitle>
    <jobDescription>To develop andriod application</jobDescription>
    <experience>
      <experience>Google</experience>
      <experience>Apple</experience>
      <experience>Mobile Iron</experience>
    </experience>
    <project>
      <project>
        <projectName>Movie App</projectName>
        <technology>
          <technology>Kotlin</technology>
          <technology>SQL Lite</technology>
          <technology>Gradle</technology>
        </technology>
      </project>
    </project>
  </item>
  <item>
    <jobId>130</jobId>
    <jobTitle>Software Engg-3</jobTitle>
    <jobDescription>To develop andriod application and web application</jobDescription>
    <experience>
      <experience>Google</experience>
      <experience>Apple</experience>
      <experience>Mobile Iron</experience>
    </experience>
    <project>
      <project>
        <projectName>Movie App</projectName>
        <technology>
          <technology>Kotlin</technology>
          <technology>SQL Lite</technology>
          <technology>Gradle</technology>
          <technology>Jenkins</technology>
        </technology>
      </project>
      <project>
        <projectName>Movie App</projectName>
        <technology>
          <technology>Kotlin</technology>
          <technology>SQL Lite</technology>
          <technology>Gradle</technology>
          <technology>Jenkins</technology>
        </technology>
      </project>
    </project>
  </item>
  <item>
    <jobId>74</jobId>
    <jobTitle>Software Engg-3</jobTitle>
    <jobDescription>To develop andriod application and web application</jobDescription>
    <experience>
      <experience>Google</experience>
      <experience>Apple</experience>
      <experience>Mobile Iron</experience>
    </experience>
    <project>
      <project>
        <projectName>Movie App</projectName>
        <technology>
          <technology>Kotlin</technology>
          <technology>SQL Lite</technology>
          <technology>Gradle</technology>
          <technology>Jenkins</technology>
        </technology>
      </project>
      <project>
        <projectName>Movie App</projectName>
        <technology>
          <technology>Kotlin</technology>
          <technology>SQL Lite</technology>
          <technology>Gradle</technology>
          <technology>Jenkins</technology>
        </technology>
      </project>
    </project>
  </item>
  <item>
    <jobId>10</jobId>
    <jobTitle>Software Engg-2</jobTitle>
    <jobDescription>To develop andriod application</jobDescription>
    <experience>
      <experience>Google</experience>
      <experience>Apple</experience>
      <experience>Mobile Iron</experience>
    </experience>
    <project>
      <project>
        <projectName>Movie App</projectName>
        <technology>
          <technology>Kotlin</technology>
          <technology>SQL Lite</technology>
          <technology>Gradle</technology>
        </technology>
      </project>
    </project>
  </item>
  <item>
    <jobId>77</jobId>
    <jobTitle>Software Engg-2</jobTitle>
    <jobDescription>To develop andriod application</jobDescription>
    <experience>
      <experience>Google</experience>
      <experience>Apple</experience>
      <experience>Mobile Iron</experience>
    </experience>
    <project>
      <project>
        <projectName>Movie App</projectName>
        <technology>
          <technology>Kotlin</technology>
          <technology>SQL Lite</technology>
          <technology>Gradle</technology>
        </technology>
      </project>
    </project>
  </item>
  <item>
    <jobId>26</jobId>
    <jobTitle>Software Engg-2</jobTitle>
    <jobDescription>To develop andriod application</jobDescription>
    <experience>
      <experience>Google</experience>
      <experience>Apple</experience>
      <experience>Mobile Iron</experience>
    </experience>
    <project>
      <project>
        <projectName>Movie App</projectName>
        <technology>
          <technology>Kotlin</technology>
          <technology>SQL Lite</technology>
          <technology>Gradle</technology>
        </technology>
      </project>
    </project>
  </item>
</List>
 
01:15:28.564 [pool-1-thread-3] DEBUG com.intuit.karate - response time in milliseconds: 129
1 < 200
1 < X-Content-Type-Options: nosniff
1 < X-XSS-Protection: 1; mode=block
1 < Cache-Control: no-cache, no-store, max-age=0, must-revalidate
1 < Pragma: no-cache
1 < Expires: 0
1 < X-Frame-Options: DENY
1 < Content-Type: application/xml
1 < Transfer-Encoding: chunked
1 < Date: Wed, 19 Jan 2022 19:45:28 GMT
1 < Keep-Alive: timeout=60
1 < Connection: keep-alive
<List><item><jobId>1</jobId><jobTitle>Software Engg</jobTitle><jobDescription>To develop andriod application</jobDescription><experience><experience>Google</experience><experience>Apple</experience><experience>Mobile Iron</experience></experience><project><project><projectName>Movie App</projectName><technology><technology>Kotlin</technology><technology>SQL Lite</technology><technology>Gradle</technology></technology></project></project></item><item><jobId>68</jobId><jobTitle>Software Engg-2</jobTitle><jobDescription>To develop android application and web application</jobDescription><experience><experience>Google</experience><experience>Apple</experience><experience>Mobile Iron</experience></experience><project><project><projectName>Movie App</projectName><technology><technology>Kotlin</technology><technology>SQL Lite</technology><technology>Gradle</technology><technology>Jenkins</technology></technology></project><project><projectName>Movie App</projectName><technology><technology>Kotlin</technology><technology>SQL Lite</technology><technology>Gradle</technology><technology>Jenkins</technology></technology></project></project></item><item><jobId>34</jobId><jobTitle>Software Engg-3</jobTitle><jobDescription>To develop andriod application and web application</jobDescription><experience><experience>Google</experience><experience>Apple</experience><experience>Mobile Iron</experience></experience><project><project><projectName>Movie App</projectName><technology><technology>Kotlin</technology><technology>SQL Lite</technology><technology>Gradle</technology><technology>Jenkins</technology></technology></project><project><projectName>Movie App</projectName><technology><technology>Kotlin</technology><technology>SQL Lite</technology><technology>Gradle</technology><technology>Jenkins</technology></technology></project></project></item><item><jobId>41</jobId><jobTitle>Software Engg-2</jobTitle><jobDescription>To develop android application and web application</jobDescription><experience><experience>Google</experience><experience>Apple</experience><experience>Mobile Iron</experience></experience><project><project><projectName>Movie App</projectName><technology><technology>Kotlin</technology><technology>SQL Lite</technology><technology>Gradle</technology><technology>Jenkins</technology></technology></project><project><projectName>Movie App</projectName><technology><technology>Kotlin</technology><technology>SQL Lite</technology><technology>Gradle</technology><technology>Jenkins</technology></technology></project></project></item><item><jobId>12</jobId><jobTitle>Software Engg-2</jobTitle><jobDescription>To develop andriod application</jobDescription><experience><experience>Google</experience><experience>Apple</experience><experience>Mobile Iron</experience></experience><project><project><projectName>Movie App</projectName><technology><technology>Kotlin</technology><technology>SQL Lite</technology><technology>Gradle</technology></technology></project></project></item><item><jobId>73</jobId><jobTitle>Software Engg-3</jobTitle><jobDescription>To develop andriod application and web application</jobDescription><experience><experience>Google</experience><experience>Apple</experience><experience>Mobile Iron</experience></experience><project><project><projectName>Movie App</projectName><technology><technology>Kotlin</technology><technology>SQL Lite</technology><technology>Gradle</technology><technology>Jenkins</technology></technology></project><project><projectName>Movie App</projectName><technology><technology>Kotlin</technology><technology>SQL Lite</technology><technology>Gradle</technology><technology>Jenkins</technology></technology></project></project></item><item><jobId>99999</jobId><jobTitle>Software Engg-2</jobTitle><jobDescription>To develop andriod application</jobDescription><experience><experience>Google</experience><experience>Apple</experience><experience>Mobile Iron</experience></experience><project><project><projectName>Movie App</projectName><technology><technology>Kotlin</technology><technology>SQL Lite</technology><technology>Gradle</technology></technology></project></project></item><item><jobId>38</jobId><jobTitle>Software Engg-3</jobTitle><jobDescription>To develop andriod application and web application</jobDescription><experience><experience>Google</experience><experience>Apple</experience><experience>Mobile Iron</experience></experience><project><project><projectName>Movie App</projectName><technology><technology>Kotlin</technology><technology>SQL Lite</technology><technology>Gradle</technology><technology>Jenkins</technology></technology></project><project><projectName>Movie App</projectName><technology><technology>Kotlin</technology><technology>SQL Lite</technology><technology>Gradle</technology><technology>Jenkins</technology></technology></project></project></item><item><jobId>96</jobId><jobTitle>Software Engg-3</jobTitle><jobDescription>To develop andriod application and web application</jobDescription><experience><experience>Google</experience><experience>Apple</experience><experience>Mobile Iron</experience></experience><project><project><projectName>Movie App</projectName><technology><technology>Kotlin</technology><technology>SQL Lite</technology><technology>Gradle</technology><technology>Jenkins</technology></technology></project><project><projectName>Movie App</projectName><technology><technology>Kotlin</technology><technology>SQL Lite</technology><technology>Gradle</technology><technology>Jenkins</technology></technology></project></project></item><item><jobId>48</jobId><jobTitle>Software Engg-2</jobTitle><jobDescription>To develop andriod application</jobDescription><experience><experience>Google</experience><experience>Apple</experience><experience>Mobile Iron</experience></experience><project><project><projectName>Movie App</projectName><technology><technology>Kotlin</technology><technology>SQL Lite</technology><technology>Gradle</technology></technology></project></project></item><item><jobId>6</jobId><jobTitle>Software Engg-3</jobTitle><jobDescription>To develop andriod application and web application</jobDescription><experience><experience>Google</experience><experience>Apple</experience><experience>Mobile Iron</experience></experience><project><project><projectName>Movie App</projectName><technology><technology>Kotlin</technology><technology>SQL Lite</technology><technology>Gradle</technology><technology>Jenkins</technology></technology></project><project><projectName>Movie App</projectName><technology><technology>Kotlin</technology><technology>SQL Lite</technology><technology>Gradle</technology><technology>Jenkins</technology></technology></project></project></item><item><jobId>88</jobId><jobTitle>Software Engg-2</jobTitle><jobDescription>To develop android application and web application</jobDescription><experience><experience>Google</experience><experience>Apple</experience><experience>Mobile Iron</experience></experience><project><project><projectName>Movie App</projectName><technology><technology>Kotlin</technology><technology>SQL Lite</technology><technology>Gradle</technology></technology></project></project></item><item><jobId>9</jobId><jobTitle>Software Engg-3</jobTitle><jobDescription>To develop andriod application and web application</jobDescription><experience><experience>Google</experience><experience>Apple</experience><experience>Mobile Iron</experience></experience><project><project><projectName>Movie App</projectName><technology><technology>Kotlin</technology><technology>SQL Lite</technology><technology>Gradle</technology><technology>Jenkins</technology></technology></project><project><projectName>Movie App</projectName><technology><technology>Kotlin</technology><technology>SQL Lite</technology><technology>Gradle</technology><technology>Jenkins</technology></technology></project></project></item><item><jobId>8</jobId><jobTitle>Software Engg-2</jobTitle><jobDescription>To develop andriod application</jobDescription><experience><experience>Google</experience><experience>Apple</experience><experience>Mobile Iron</experience></experience><project><project><projectName>Movie App</projectName><technology><technology>Kotlin</technology><technology>SQL Lite</technology><technology>Gradle</technology></technology></project></project></item><item><jobId>7</jobId><jobTitle>Software Engg-3</jobTitle><jobDescription>To develop andriod application and web application</jobDescription><experience><experience>Google</experience><experience>Apple</experience><experience>Mobile Iron</experience></experience><project><project><projectName>Movie App</projectName><technology><technology>Kotlin</technology><technology>SQL Lite</technology><technology>Gradle</technology><technology>Jenkins</technology></technology></project><project><projectName>Movie App</projectName><technology><technology>Kotlin</technology><technology>SQL Lite</technology><technology>Gradle</technology><technology>Jenkins</technology></technology></project></project></item><item><jobId>13</jobId><jobTitle>Software Engg-2</jobTitle><jobDescription>To develop andriod application</jobDescription><experience><experience>Google</experience><experience>Apple</experience><experience>Mobile Iron</experience></experience><project><project><projectName>Movie App</projectName><technology><technology>Kotlin</technology><technology>SQL Lite</technology><technology>Gradle</technology></technology></project></project></item><item><jobId>53</jobId><jobTitle>Software Engg-2</jobTitle><jobDescription>To develop android application and web application</jobDescription><experience><experience>Google</experience><experience>Apple</experience><experience>Mobile Iron</experience></experience><project><project><projectName>Movie App</projectName><technology><technology>Kotlin</technology><technology>SQL Lite</technology><technology>Gradle</technology></technology></project></project></item><item><jobId>8</jobId><jobTitle>Software Engg-2</jobTitle><jobDescription>To develop andriod application</jobDescription><experience><experience>Google</experience><experience>Apple</experience><experience>Mobile Iron</experience></experience><project><project><projectName>Movie App</projectName><technology><technology>Kotlin</technology><technology>SQL Lite</technology><technology>Gradle</technology></technology></project></project></item><item><jobId>8</jobId><jobTitle>Software Engg-2</jobTitle><jobDescription>To develop andriod application</jobDescription><experience><experience>Google</experience><experience>Apple</experience><experience>Mobile Iron</experience></experience><project><project><projectName>Movie App</projectName><technology><technology>Kotlin</technology><technology>SQL Lite</technology><technology>Gradle</technology></technology></project></project></item><item><jobId>9980</jobId><jobTitle>Software Engg-2</jobTitle><jobDescription>To develop android application</jobDescription><experience><experience>Google</experience><experience>Apple</experience><experience>Mobile Iron</experience></experience><project><project><projectName>Movie App</projectName><technology><technology>Kotlin</technology><technology>SQL Lite</technology><technology>Gradle</technology></technology></project></project></item><item><jobId>80</jobId><jobTitle>Software Engg-2</jobTitle><jobDescription>To develop andriod application</jobDescription><experience><experience>Google</experience><experience>Apple</experience><experience>Mobile Iron</experience></experience><project><project><projectName>Movie App</projectName><technology><technology>Kotlin</technology><technology>SQL Lite</technology><technology>Gradle</technology></technology></project></project></item><item><jobId>49</jobId><jobTitle>Software Engg-2</jobTitle><jobDescription>To develop android application and web application</jobDescription><experience><experience>Google</experience><experience>Apple</experience><experience>Mobile Iron</experience></experience><project><project><projectName>Movie App</projectName><technology><technology>Kotlin</technology><technology>SQL Lite</technology><technology>Gradle</technology><technology>Jenkins</technology></technology></project><project><projectName>Movie App</projectName><technology><technology>Kotlin</technology><technology>SQL Lite</technology><technology>Gradle</technology><technology>Jenkins</technology></technology></project></project></item><item><jobId>82</jobId><jobTitle>Software Engg-3</jobTitle><jobDescription>To develop andriod application and web application</jobDescription><experience><experience>Google</experience><experience>Apple</experience><experience>Mobile Iron</experience></experience><project><project><projectName>Movie App</projectName><technology><technology>Kotlin</technology><technology>SQL Lite</technology><technology>Gradle</technology><technology>Jenkins</technology></technology></project><project><projectName>Movie App</projectName><technology><technology>Kotlin</technology><technology>SQL Lite</technology><technology>Gradle</technology><technology>Jenkins</technology></technology></project></project></item><item><jobId>45</jobId><jobTitle>Software Engg-3</jobTitle><jobDescription>To develop andriod application and web application</jobDescription><experience><experience>Google</experience><experience>Apple</experience><experience>Mobile Iron</experience></experience><project><project><projectName>Movie App</projectName><technology><technology>Kotlin</technology><technology>SQL Lite</technology><technology>Gradle</technology><technology>Jenkins</technology></technology></project><project><projectName>Movie App</projectName><technology><technology>Kotlin</technology><technology>SQL Lite</technology><technology>Gradle</technology><technology>Jenkins</technology></technology></project></project></item><item><jobId>26</jobId><jobTitle>Software Engg-2</jobTitle><jobDescription>To develop andriod application</jobDescription><experience><experience>Google</experience><experience>Apple</experience><experience>Mobile Iron</experience></experience><project><project><projectName>Movie App</projectName><technology><technology>Kotlin</technology><technology>SQL Lite</technology><technology>Gradle</technology></technology></project></project></item><item><jobId>8</jobId><jobTitle>Software Engg-2</jobTitle><jobDescription>To develop andriod application</jobDescription><experience><experience>Google</experience><experience>Apple</experience><experience>Mobile Iron</experience></experience><project><project><projectName>Movie App</projectName><technology><technology>Kotlin</technology><technology>SQL Lite</technology><technology>Gradle</technology></technology></project></project></item><item><jobId>75</jobId><jobTitle>Software Engg-2</jobTitle><jobDescription>To develop andriod application</jobDescription><experience><experience>Google</experience><experience>Apple</experience><experience>Mobile Iron</experience></experience><project><project><projectName>Movie App</projectName><technology><technology>Kotlin</technology><technology>SQL Lite</technology><technology>Gradle</technology></technology></project></project></item><item><jobId>8</jobId><jobTitle>Software Engg-2</jobTitle><jobDescription>To develop andriod application</jobDescription><experience><experience>Google</experience><experience>Apple</experience><experience>Mobile Iron</experience></experience><project><project><projectName>Movie App</projectName><technology><technology>Kotlin</technology><technology>SQL Lite</technology><technology>Gradle</technology></technology></project></project></item><item><jobId>9980</jobId><jobTitle>Software Engg-2</jobTitle><jobDescription>To develop android application</jobDescription><experience><experience>Google</experience><experience>Apple</experience><experience>Mobile Iron</experience></experience><project><project><projectName>Movie App</projectName><technology><technology>Kotlin</technology><technology>SQL Lite</technology><technology>Gradle</technology></technology></project></project></item><item><jobId>84</jobId><jobTitle>Software Engg-2</jobTitle><jobDescription>To develop andriod application</jobDescription><experience><experience>Google</experience><experience>Apple</experience><experience>Mobile Iron</experience></experience><project><project><projectName>Movie App</projectName><technology><technology>Kotlin</technology><technology>SQL Lite</technology><technology>Gradle</technology></technology></project></project></item><item><jobId>31</jobId><jobTitle>Software Engg-3</jobTitle><jobDescription>To develop andriod application and web application</jobDescription><experience><experience>Google</experience><experience>Apple</experience><experience>Mobile Iron</experience></experience><project><project><projectName>Movie App</projectName><technology><technology>Kotlin</technology><technology>SQL Lite</technology><technology>Gradle</technology><technology>Jenkins</technology></technology></project><project><projectName>Movie App</projectName><technology><technology>Kotlin</technology><technology>SQL Lite</technology><technology>Gradle</technology><technology>Jenkins</technology></technology></project></project></item><item><jobId>87</jobId><jobTitle>Software Engg-2</jobTitle><jobDescription>To develop andriod application</jobDescription><experience><experience>Google</experience><experience>Apple</experience><experience>Mobile Iron</experience></experience><project><project><projectName>Movie App</projectName><technology><technology>Kotlin</technology><technology>SQL Lite</technology><technology>Gradle</technology></technology></project></project></item><item><jobId>93</jobId><jobTitle>Software Engg-3</jobTitle><jobDescription>To develop andriod application and web application</jobDescription><experience><experience>Google</experience><experience>Apple</experience><experience>Mobile Iron</experience></experience><project><project><projectName>Movie App</projectName><technology><technology>Kotlin</technology><technology>SQL Lite</technology><technology>Gradle</technology><technology>Jenkins</technology></technology></project><project><projectName>Movie App</projectName><technology><technology>Kotlin</technology><technology>SQL Lite</technology><technology>Gradle</technology><technology>Jenkins</technology></technology></project></project></item><item><jobId>53</jobId><jobTitle>Software Engg-2</jobTitle><jobDescription>To develop andriod application</jobDescription><experience><experience>Google</experience><experience>Apple</experience><experience>Mobile Iron</experience></experience><project><project><projectName>Movie App</projectName><technology><technology>Kotlin</technology><technology>SQL Lite</technology><technology>Gradle</technology></technology></project></project></item><item><jobId>51</jobId><jobTitle>Software Engg-2</jobTitle><jobDescription>To develop andriod application</jobDescription><experience><experience>Google</experience><experience>Apple</experience><experience>Mobile Iron</experience></experience><project><project><projectName>Movie App</projectName><technology><technology>Kotlin</technology><technology>SQL Lite</technology><technology>Gradle</technology></technology></project></project></item><item><jobId>19</jobId><jobTitle>Software Engg-2</jobTitle><jobDescription>To develop andriod application</jobDescription><experience><experience>Google</experience><experience>Apple</experience><experience>Mobile Iron</experience></experience><project><project><projectName>Movie App</projectName><technology><technology>Kotlin</technology><technology>SQL Lite</technology><technology>Gradle</technology></technology></project></project></item><item><jobId>93</jobId><jobTitle>Software Engg-2</jobTitle><jobDescription>To develop andriod application</jobDescription><experience><experience>Google</experience><experience>Apple</experience><experience>Mobile Iron</experience></experience><project><project><projectName>Movie App</projectName><technology><technology>Kotlin</technology><technology>SQL Lite</technology><technology>Gradle</technology></technology></project></project></item><item><jobId>32</jobId><jobTitle>Software Engg-2</jobTitle><jobDescription>To develop android application and web application</jobDescription><experience><experience>Google</experience><experience>Apple</experience><experience>Mobile Iron</experience></experience><project><project><projectName>Movie App</projectName><technology><technology>Kotlin</technology><technology>SQL Lite</technology><technology>Gradle</technology></technology></project></project></item><item><jobId>71</jobId><jobTitle>Software Engg-2</jobTitle><jobDescription>To develop android application and web application</jobDescription><experience><experience>Google</experience><experience>Apple</experience><experience>Mobile Iron</experience></experience><project><project><projectName>Movie App</projectName><technology><technology>Kotlin</technology><technology>SQL Lite</technology><technology>Gradle</technology></technology></project></project></item><item><jobId>23</jobId><jobTitle>Software Engg-2</jobTitle><jobDescription>To develop android application and web application</jobDescription><experience><experience>Google</experience><experience>Apple</experience><experience>Mobile Iron</experience></experience><project><project><projectName>Movie App</projectName><technology><technology>Kotlin</technology><technology>SQL Lite</technology><technology>Gradle</technology></technology></project></project></item><item><jobId>31</jobId><jobTitle>Software Engg-2</jobTitle><jobDescription>To develop andriod application</jobDescription><experience><experience>Google</experience><experience>Apple</experience><experience>Mobile Iron</experience></experience><project><project><projectName>Movie App</projectName><technology><technology>Kotlin</technology><technology>SQL Lite</technology><technology>Gradle</technology></technology></project></project></item><item><jobId>10</jobId><jobTitle>Software Engg-2</jobTitle><jobDescription>To develop andriod application</jobDescription><experience><experience>Google</experience><experience>Apple</experience><experience>Mobile Iron</experience></experience><project><project><projectName>Movie App</projectName><technology><technology>Kotlin</technology><technology>SQL Lite</technology><technology>Gradle</technology></technology></project></project></item><item><jobId>8</jobId><jobTitle>Software Engg-2</jobTitle><jobDescription>To develop andriod application</jobDescription><experience><experience>Google</experience><experience>Apple</experience><experience>Mobile Iron</experience></experience><project><project><projectName>Movie App</projectName><technology><technology>Kotlin</technology><technology>SQL Lite</technology><technology>Gradle</technology></technology></project></project></item><item><jobId>38</jobId><jobTitle>Software Engg-2</jobTitle><jobDescription>To develop andriod application</jobDescription><experience><experience>Google</experience><experience>Apple</experience><experience>Mobile Iron</experience></experience><project><project><projectName>Movie App</projectName><technology><technology>Kotlin</technology><technology>SQL Lite</technology><technology>Gradle</technology></technology></project></project></item><item><jobId>8</jobId><jobTitle>Software Engg-2</jobTitle><jobDescription>To develop andriod application</jobDescription><experience><experience>Google</experience><experience>Apple</experience><experience>Mobile Iron</experience></experience><project><project><projectName>Movie App</projectName><technology><technology>Kotlin</technology><technology>SQL Lite</technology><technology>Gradle</technology></technology></project></project></item><item><jobId>9980</jobId><jobTitle>Software Engg-2</jobTitle><jobDescription>To develop android application</jobDescription><experience><experience>Google</experience><experience>Apple</experience><experience>Mobile Iron</experience></experience><project><project><projectName>Movie App</projectName><technology><technology>Kotlin</technology><technology>SQL Lite</technology><technology>Gradle</technology></technology></project></project></item><item><jobId>5</jobId><jobTitle>Software Engg-3</jobTitle><jobDescription>To develop andriod application and web application</jobDescription><experience><experience>Google</experience><experience>Apple</experience><experience>Mobile Iron</experience></experience><project><project><projectName>Movie App</projectName><technology><technology>Kotlin</technology><technology>SQL Lite</technology><technology>Gradle</technology><technology>Jenkins</technology></technology></project><project><projectName>Movie App</projectName><technology><technology>Kotlin</technology><technology>SQL Lite</technology><technology>Gradle</technology><technology>Jenkins</technology></technology></project></project></item><item><jobId>16</jobId><jobTitle>Software Engg-3</jobTitle><jobDescription>To develop andriod application and web application</jobDescription><experience><experience>Google</experience><experience>Apple</experience><experience>Mobile Iron</experience></experience><project><project><projectName>Movie App</projectName><technology><technology>Kotlin</technology><technology>SQL Lite</technology><technology>Gradle</technology><technology>Jenkins</technology></technology></project><project><projectName>Movie App</projectName><technology><technology>Kotlin</technology><technology>SQL Lite</technology><technology>Gradle</technology><technology>Jenkins</technology></technology></project></project></item><item><jobId>1</jobId><jobTitle>Software Engg-2</jobTitle><jobDescription>To develop andriod application</jobDescription><experience><experience>Google</experience><experience>Apple</experience><experience>Mobile Iron</experience></experience><project><project><projectName>Movie App</projectName><technology><technology>Kotlin</technology><technology>SQL Lite</technology><technology>Gradle</technology></technology></project></project></item><item><jobId>7</jobId><jobTitle>Software Engg-2</jobTitle><jobDescription>To develop andriod application</jobDescription><experience><experience>Google</experience><experience>Apple</experience><experience>Mobile Iron</experience></experience><project><project><projectName>Movie App</projectName><technology><technology>Kotlin</technology><technology>SQL Lite</technology><technology>Gradle</technology></technology></project></project></item><item><jobId>35</jobId><jobTitle>Software Engg-2</jobTitle><jobDescription>To develop android application and web application</jobDescription><experience><experience>Google</experience><experience>Apple</experience><experience>Mobile Iron</experience></experience><project><project><projectName>Movie App</projectName><technology><technology>Kotlin</technology><technology>SQL Lite</technology><technology>Gradle</technology></technology></project></project></item><item><jobId>48</jobId><jobTitle>Software Engg-2</jobTitle><jobDescription>To develop andriod application</jobDescription><experience><experience>Google</experience><experience>Apple</experience><experience>Mobile Iron</experience></experience><project><project><projectName>Movie App</projectName><technology><technology>Kotlin</technology><technology>SQL Lite</technology><technology>Gradle</technology></technology></project></project></item><item><jobId>2</jobId><jobTitle>Software Engg-2</jobTitle><jobDescription>To develop andriod application</jobDescription><experience><experience>Google</experience><experience>Apple</experience><experience>Mobile Iron</experience></experience><project><project><projectName>Movie App</projectName><technology><technology>Kotlin</technology><technology>SQL Lite</technology><technology>Gradle</technology></technology></project></project></item><item><jobId>88</jobId><jobTitle>Software Engg-2</jobTitle><jobDescription>To develop andriod application</jobDescription><experience><experience>Google</experience><experience>Apple</experience><experience>Mobile Iron</experience></experience><project><project><projectName>Movie App</projectName><technology><technology>Kotlin</technology><technology>SQL Lite</technology><technology>Gradle</technology></technology></project></project></item><item><jobId>21</jobId><jobTitle>Software Engg-2</jobTitle><jobDescription>To develop andriod application</jobDescription><experience><experience>Google</experience><experience>Apple</experience><experience>Mobile Iron</experience></experience><project><project><projectName>Movie App</projectName><technology><technology>Kotlin</technology><technology>SQL Lite</technology><technology>Gradle</technology></technology></project></project></item><item><jobId>71</jobId><jobTitle>Software Engg-2</jobTitle><jobDescription>To develop andriod application</jobDescription><experience><experience>Google</experience><experience>Apple</experience><experience>Mobile Iron</experience></experience><project><project><projectName>Movie App</projectName><technology><technology>Kotlin</technology><technology>SQL Lite</technology><technology>Gradle</technology></technology></project></project></item><item><jobId>8</jobId><jobTitle>Software Engg-2</jobTitle><jobDescription>To develop andriod application</jobDescription><experience><experience>Google</experience><experience>Apple</experience><experience>Mobile Iron</experience></experience><project><project><projectName>Movie App</projectName><technology><technology>Kotlin</technology><technology>SQL Lite</technology><technology>Gradle</technology></technology></project></project></item><item><jobId>94</jobId><jobTitle>Software Engg-2</jobTitle><jobDescription>To develop andriod application</jobDescription><experience><experience>Google</experience><experience>Apple</experience><experience>Mobile Iron</experience></experience><project><project><projectName>Movie App</projectName><technology><technology>Kotlin</technology><technology>SQL Lite</technology><technology>Gradle</technology></technology></project></project></item><item><jobId>8</jobId><jobTitle>Software Engg-2</jobTitle><jobDescription>To develop andriod application</jobDescription><experience><experience>Google</experience><experience>Apple</experience><experience>Mobile Iron</experience></experience><project><project><projectName>Movie App</projectName><technology><technology>Kotlin</technology><technology>SQL Lite</technology><technology>Gradle</technology></technology></project></project></item><item><jobId>9980</jobId><jobTitle>Software Engg-2</jobTitle><jobDescription>To develop android application</jobDescription><experience><experience>Google</experience><experience>Apple</experience><experience>Mobile Iron</experience></experience><project><project><projectName>Movie App</projectName><technology><technology>Kotlin</technology><technology>SQL Lite</technology><technology>Gradle</technology></technology></project></project></item><item><jobId>89</jobId><jobTitle>Software Engg-3</jobTitle><jobDescription>To develop andriod application and web application</jobDescription><experience><experience>Google</experience><experience>Apple</experience><experience>Mobile Iron</experience></experience><project><project><projectName>Movie App</projectName><technology><technology>Kotlin</technology><technology>SQL Lite</technology><technology>Gradle</technology><technology>Jenkins</technology></technology></project><project><projectName>Movie App</projectName><technology><technology>Kotlin</technology><technology>SQL Lite</technology><technology>Gradle</technology><technology>Jenkins</technology></technology></project></project></item><item><jobId>35</jobId><jobTitle>Software Engg-2</jobTitle><jobDescription>To develop andriod application</jobDescription><experience><experience>Google</experience><experience>Apple</experience><experience>Mobile Iron</experience></experience><project><project><projectName>Movie App</projectName><technology><technology>Kotlin</technology><technology>SQL Lite</technology><technology>Gradle</technology></technology></project></project></item><item><jobId>77</jobId><jobTitle>Software Engg-2</jobTitle><jobDescription>To develop android application and web application</jobDescription><experience><experience>Google</experience><experience>Apple</experience><experience>Mobile Iron</experience></experience><project><project><projectName>Movie App</projectName><technology><technology>Kotlin</technology><technology>SQL Lite</technology><technology>Gradle</technology></technology></project></project></item><item><jobId>50</jobId><jobTitle>Software Engg-3</jobTitle><jobDescription>To develop andriod application and web application</jobDescription><experience><experience>Google</experience><experience>Apple</experience><experience>Mobile Iron</experience></experience><project><project><projectName>Movie App</projectName><technology><technology>Kotlin</technology><technology>SQL Lite</technology><technology>Gradle</technology><technology>Jenkins</technology></technology></project><project><projectName>Movie App</projectName><technology><technology>Kotlin</technology><technology>SQL Lite</technology><technology>Gradle</technology><technology>Jenkins</technology></technology></project></project></item><item><jobId>33</jobId><jobTitle>Software Engg-2</jobTitle><jobDescription>To develop andriod application</jobDescription><experience><experience>Google</experience><experience>Apple</experience><experience>Mobile Iron</experience></experience><project><project><projectName>Movie App</projectName><technology><technology>Kotlin</technology><technology>SQL Lite</technology><technology>Gradle</technology></technology></project></project></item><item><jobId>78</jobId><jobTitle>Software Engg-2</jobTitle><jobDescription>To develop android application and web application</jobDescription><experience><experience>Google</experience><experience>Apple</experience><experience>Mobile Iron</experience></experience><project><project><projectName>Movie App</projectName><technology><technology>Kotlin</technology><technology>SQL Lite</technology><technology>Gradle</technology></technology></project></project></item><item><jobId>3</jobId><jobTitle>Software Engg-2</jobTitle><jobDescription>To develop android application and web application</jobDescription><experience><experience>Google</experience><experience>Apple</experience><experience>Mobile Iron</experience></experience><project><project><projectName>Movie App</projectName><technology><technology>Kotlin</technology><technology>SQL Lite</technology><technology>Gradle</technology></technology></project></project></item><item><jobId>18</jobId><jobTitle>Software Engg-2</jobTitle><jobDescription>To develop android application and web application</jobDescription><experience><experience>Google</experience><experience>Apple</experience><experience>Mobile Iron</experience></experience><project><project><projectName>Movie App</projectName><technology><technology>Kotlin</technology><technology>SQL Lite</technology><technology>Gradle</technology></technology></project></project></item><item><jobId>4</jobId><jobTitle>Software Engg-2</jobTitle><jobDescription>To develop android application and web application</jobDescription><experience><experience>Google</experience><experience>Apple</experience><experience>Mobile Iron</experience></experience><project><project><projectName>Movie App</projectName><technology><technology>Kotlin</technology><technology>SQL Lite</technology><technology>Gradle</technology></technology></project></project></item><item><jobId>8</jobId><jobTitle>Software Engg-2</jobTitle><jobDescription>To develop andriod application</jobDescription><experience><experience>Google</experience><experience>Apple</experience><experience>Mobile Iron</experience></experience><project><project><projectName>Movie App</projectName><technology><technology>Kotlin</technology><technology>SQL Lite</technology><technology>Gradle</technology></technology></project></project></item><item><jobId>9980</jobId><jobTitle>Software Engg-2</jobTitle><jobDescription>To develop android application</jobDescription><experience><experience>Google</experience><experience>Apple</experience><experience>Mobile Iron</experience></experience><project><project><projectName>Movie App</projectName><technology><technology>Kotlin</technology><technology>SQL Lite</technology><technology>Gradle</technology></technology></project></project></item><item><jobId>8</jobId><jobTitle>Software Engg-2</jobTitle><jobDescription>To develop andriod application</jobDescription><experience><experience>Google</experience><experience>Apple</experience><experience>Mobile Iron</experience></experience><project><project><projectName>Movie App</projectName><technology><technology>Kotlin</technology><technology>SQL Lite</technology><technology>Gradle</technology></technology></project></project></item><item><jobId>17</jobId><jobTitle>Software Engg-3</jobTitle><jobDescription>To develop andriod application and web application</jobDescription><experience><experience>Google</experience><experience>Apple</experience><experience>Mobile Iron</experience></experience><project><project><projectName>Movie App</projectName><technology><technology>Kotlin</technology><technology>SQL Lite</technology><technology>Gradle</technology><technology>Jenkins</technology></technology></project><project><projectName>Movie App</projectName><technology><technology>Kotlin</technology><technology>SQL Lite</technology><technology>Gradle</technology><technology>Jenkins</technology></technology></project></project></item><item><jobId>94</jobId><jobTitle>Software Engg-2</jobTitle><jobDescription>To develop andriod application</jobDescription><experience><experience>Google</experience><experience>Apple</experience><experience>Mobile Iron</experience></experience><project><project><projectName>Movie App</projectName><technology><technology>Kotlin</technology><technology>SQL Lite</technology><technology>Gradle</technology></technology></project></project></item><item><jobId>83</jobId><jobTitle>Software Engg-3</jobTitle><jobDescription>To develop andriod application and web application</jobDescription><experience><experience>Google</experience><experience>Apple</experience><experience>Mobile Iron</experience></experience><project><project><projectName>Movie App</projectName><technology><technology>Kotlin</technology><technology>SQL Lite</technology><technology>Gradle</technology><technology>Jenkins</technology></technology></project><project><projectName>Movie App</projectName><technology><technology>Kotlin</technology><technology>SQL Lite</technology><technology>Gradle</technology><technology>Jenkins</technology></technology></project></project></item><item><jobId>75</jobId><jobTitle>Software Engg-2</jobTitle><jobDescription>To develop andriod application</jobDescription><experience><experience>Google</experience><experience>Apple</experience><experience>Mobile Iron</experience></experience><project><project><projectName>Movie App</projectName><technology><technology>Kotlin</technology><technology>SQL Lite</technology><technology>Gradle</technology></technology></project></project></item><item><jobId>86</jobId><jobTitle>Software Engg-3</jobTitle><jobDescription>To develop andriod application and web application</jobDescription><experience><experience>Google</experience><experience>Apple</experience><experience>Mobile Iron</experience></experience><project><project><projectName>Movie App</projectName><technology><technology>Kotlin</technology><technology>SQL Lite</technology><technology>Gradle</technology><technology>Jenkins</technology></technology></project><project><projectName>Movie App</projectName><technology><technology>Kotlin</technology><technology>SQL Lite</technology><technology>Gradle</technology><technology>Jenkins</technology></technology></project></project></item><item><jobId>40</jobId><jobTitle>Software Engg-2</jobTitle><jobDescription>To develop android application and web application</jobDescription><experience><experience>Google</experience><experience>Apple</experience><experience>Mobile Iron</experience></experience><project><project><projectName>Movie App</projectName><technology><technology>Kotlin</technology><technology>SQL Lite</technology><technology>Gradle</technology></technology></project></project></item><item><jobId>66</jobId><jobTitle>Software Engg-2</jobTitle><jobDescription>To develop android application and web application</jobDescription><experience><experience>Google</experience><experience>Apple</experience><experience>Mobile Iron</experience></experience><project><project><projectName>Movie App</projectName><technology><technology>Kotlin</technology><technology>SQL Lite</technology><technology>Gradle</technology></technology></project></project></item><item><jobId>18</jobId><jobTitle>Software Engg-2</jobTitle><jobDescription>To develop andriod application</jobDescription><experience><experience>Google</experience><experience>Apple</experience><experience>Mobile Iron</experience></experience><project><project><projectName>Movie App</projectName><technology><technology>Kotlin</technology><technology>SQL Lite</technology><technology>Gradle</technology></technology></project></project></item><item><jobId>42</jobId><jobTitle>Software Engg-2</jobTitle><jobDescription>To develop andriod application</jobDescription><experience><experience>Google</experience><experience>Apple</experience><experience>Mobile Iron</experience></experience><project><project><projectName>Movie App</projectName><technology><technology>Kotlin</technology><technology>SQL Lite</technology><technology>Gradle</technology></technology></project></project></item><item><jobId>68</jobId><jobTitle>Software Engg-2</jobTitle><jobDescription>To develop andriod application</jobDescription><experience><experience>Google</experience><experience>Apple</experience><experience>Mobile Iron</experience></experience><project><project><projectName>Movie App</projectName><technology><technology>Kotlin</technology><technology>SQL Lite</technology><technology>Gradle</technology></technology></project></project></item><item><jobId>96</jobId><jobTitle>Software Engg-2</jobTitle><jobDescription>To develop andriod application</jobDescription><experience><experience>Google</experience><experience>Apple</experience><experience>Mobile Iron</experience></experience><project><project><projectName>Movie App</projectName><technology><technology>Kotlin</technology><technology>SQL Lite</technology><technology>Gradle</technology></technology></project></project></item><item><jobId>59</jobId><jobTitle>Software Engg-2</jobTitle><jobDescription>To develop android application and web application</jobDescription><experience><experience>Google</experience><experience>Apple</experience><experience>Mobile Iron</experience></experience><project><project><projectName>Movie App</projectName><technology><technology>Kotlin</technology><technology>SQL Lite</technology><technology>Gradle</technology></technology></project></project></item><item><jobId>8</jobId><jobTitle>Software Engg-2</jobTitle><jobDescription>To develop andriod application</jobDescription><experience><experience>Google</experience><experience>Apple</experience><experience>Mobile Iron</experience></experience><project><project><projectName>Movie App</projectName><technology><technology>Kotlin</technology><technology>SQL Lite</technology><technology>Gradle</technology></technology></project></project></item><item><jobId>32</jobId><jobTitle>Software Engg-2</jobTitle><jobDescription>To develop andriod application</jobDescription><experience><experience>Google</experience><experience>Apple</experience><experience>Mobile Iron</experience></experience><project><project><projectName>Movie App</projectName><technology><technology>Kotlin</technology><technology>SQL Lite</technology><technology>Gradle</technology></technology></project></project></item><item><jobId>8</jobId><jobTitle>Software Engg-2</jobTitle><jobDescription>To develop andriod application</jobDescription><experience><experience>Google</experience><experience>Apple</experience><experience>Mobile Iron</experience></experience><project><project><projectName>Movie App</projectName><technology><technology>Kotlin</technology><technology>SQL Lite</technology><technology>Gradle</technology></technology></project></project></item><item><jobId>9980</jobId><jobTitle>Software Engg-2</jobTitle><jobDescription>To develop android application</jobDescription><experience><experience>Google</experience><experience>Apple</experience><experience>Mobile Iron</experience></experience><project><project><projectName>Movie App</projectName><technology><technology>Kotlin</technology><technology>SQL Lite</technology><technology>Gradle</technology></technology></project></project></item><item><jobId>6</jobId><jobTitle>Software Engg-2</jobTitle><jobDescription>To develop andriod application</jobDescription><experience><experience>Google</experience><experience>Apple</experience><experience>Mobile Iron</experience></experience><project><project><projectName>Movie App</projectName><technology><technology>Kotlin</technology><technology>SQL Lite</technology><technology>Gradle</technology></technology></project></project></item><item><jobId>57</jobId><jobTitle>Software Engg-3</jobTitle><jobDescription>To develop andriod application and web application</jobDescription><experience><experience>Google</experience><experience>Apple</experience><experience>Mobile Iron</experience></experience><project><project><projectName>Movie App</projectName><technology><technology>Kotlin</technology><technology>SQL Lite</technology><technology>Gradle</technology><technology>Jenkins</technology></technology></project><project><projectName>Movie App</projectName><technology><technology>Kotlin</technology><technology>SQL Lite</technology><technology>Gradle</technology><technology>Jenkins</technology></technology></project></project></item><item><jobId>19</jobId><jobTitle>Software Engg-2</jobTitle><jobDescription>To develop andriod application</jobDescription><experience><experience>Google</experience><experience>Apple</experience><experience>Mobile Iron</experience></experience><project><project><projectName>Movie App</projectName><technology><technology>Kotlin</technology><technology>SQL Lite</technology><technology>Gradle</technology></technology></project></project></item><item><jobId>29</jobId><jobTitle>Software Engg-3</jobTitle><jobDescription>To develop andriod application and web application</jobDescription><experience><experience>Google</experience><experience>Apple</experience><experience>Mobile Iron</experience></experience><project><project><projectName>Movie App</projectName><technology><technology>Kotlin</technology><technology>SQL Lite</technology><technology>Gradle</technology><technology>Jenkins</technology></technology></project><project><projectName>Movie App</projectName><technology><technology>Kotlin</technology><technology>SQL Lite</technology><technology>Gradle</technology><technology>Jenkins</technology></technology></project></project></item><item><jobId>90</jobId><jobTitle>Software Engg-2</jobTitle><jobDescription>To develop android application and web application</jobDescription><experience><experience>Google</experience><experience>Apple</experience><experience>Mobile Iron</experience></experience><project><project><projectName>Movie App</projectName><technology><technology>Kotlin</technology><technology>SQL Lite</technology><technology>Gradle</technology></technology></project></project></item><item><jobId>60</jobId><jobTitle>Software Engg-3</jobTitle><jobDescription>To develop andriod application and web application</jobDescription><experience><experience>Google</experience><experience>Apple</experience><experience>Mobile Iron</experience></experience><project><project><projectName>Movie App</projectName><technology><technology>Kotlin</technology><technology>SQL Lite</technology><technology>Gradle</technology><technology>Jenkins</technology></technology></project><project><projectName>Movie App</projectName><technology><technology>Kotlin</technology><technology>SQL Lite</technology><technology>Gradle</technology><technology>Jenkins</technology></technology></project></project></item><item><jobId>92</jobId><jobTitle>Software Engg-2</jobTitle><jobDescription>To develop android application and web application</jobDescription><experience><experience>Google</experience><experience>Apple</experience><experience>Mobile Iron</experience></experience><project><project><projectName>Movie App</projectName><technology><technology>Kotlin</technology><technology>SQL Lite</technology><technology>Gradle</technology></technology></project></project></item><item><jobId>90</jobId><jobTitle>Software Engg-2</jobTitle><jobDescription>To develop andriod application</jobDescription><experience><experience>Google</experience><experience>Apple</experience><experience>Mobile Iron</experience></experience><project><project><projectName>Movie App</projectName><technology><technology>Kotlin</technology><technology>SQL Lite</technology><technology>Gradle</technology></technology></project></project></item><item><jobId>25</jobId><jobTitle>Software Engg-2</jobTitle><jobDescription>To develop andriod application</jobDescription><experience><experience>Google</experience><experience>Apple</experience><experience>Mobile Iron</experience></experience><project><project><projectName>Movie App</projectName><technology><technology>Kotlin</technology><technology>SQL Lite</technology><technology>Gradle</technology></technology></project></project></item><item><jobId>0</jobId><jobTitle>Software Engg-2</jobTitle><jobDescription>To develop android application and web application</jobDescription><experience><experience>Google</experience><experience>Apple</experience><experience>Mobile Iron</experience></experience><project><project><projectName>Movie App</projectName><technology><technology>Kotlin</technology><technology>SQL Lite</technology><technology>Gradle</technology></technology></project></project></item><item><jobId>53</jobId><jobTitle>Software Engg-2</jobTitle><jobDescription>To develop andriod application</jobDescription><experience><experience>Google</experience><experience>Apple</experience><experience>Mobile Iron</experience></experience><project><project><projectName>Movie App</projectName><technology><technology>Kotlin</technology><technology>SQL Lite</technology><technology>Gradle</technology></technology></project></project></item><item><jobId>37</jobId><jobTitle>Software Engg-2</jobTitle><jobDescription>To develop android application and web application</jobDescription><experience><experience>Google</experience><experience>Apple</experience><experience>Mobile Iron</experience></experience><project><project><projectName>Movie App</projectName><technology><technology>Kotlin</technology><technology>SQL Lite</technology><technology>Gradle</technology></technology></project></project></item><item><jobId>41</jobId><jobTitle>Software Engg-2</jobTitle><jobDescription>To develop andriod application</jobDescription><experience><experience>Google</experience><experience>Apple</experience><experience>Mobile Iron</experience></experience><project><project><projectName>Movie App</projectName><technology><technology>Kotlin</technology><technology>SQL Lite</technology><technology>Gradle</technology></technology></project></project></item><item><jobId>40</jobId><jobTitle>Software Engg-2</jobTitle><jobDescription>To develop andriod application</jobDescription><experience><experience>Google</experience><experience>Apple</experience><experience>Mobile Iron</experience></experience><project><project><projectName>Movie App</projectName><technology><technology>Kotlin</technology><technology>SQL Lite</technology><technology>Gradle</technology></technology></project></project></item><item><jobId>0</jobId><jobTitle>Software Engg-2</jobTitle><jobDescription>To develop andriod application</jobDescription><experience><experience>Google</experience><experience>Apple</experience><experience>Mobile Iron</experience></experience><project><project><projectName>Movie App</projectName><technology><technology>Kotlin</technology><technology>SQL Lite</technology><technology>Gradle</technology></technology></project></project></item><item><jobId>76</jobId><jobTitle>Software Engg-2</jobTitle><jobDescription>To develop andriod application</jobDescription><experience><experience>Google</experience><experience>Apple</experience><experience>Mobile Iron</experience></experience><project><project><projectName>Movie App</projectName><technology><technology>Kotlin</technology><technology>SQL Lite</technology><technology>Gradle</technology></technology></project></project></item><item><jobId>49</jobId><jobTitle>Software Engg-2</jobTitle><jobDescription>To develop andriod application</jobDescription><experience><experience>Google</experience><experience>Apple</experience><experience>Mobile Iron</experience></experience><project><project><projectName>Movie App</projectName><technology><technology>Kotlin</technology><technology>SQL Lite</technology><technology>Gradle</technology></technology></project></project></item><item><jobId>9980</jobId><jobTitle>Software Engg-2</jobTitle><jobDescription>To develop android application</jobDescription><experience><experience>Google</experience><experience>Apple</experience><experience>Mobile Iron</experience></experience><project><project><projectName>Movie App</projectName><technology><technology>Kotlin</technology><technology>SQL Lite</technology><technology>Gradle</technology></technology></project></project></item><item><jobId>8</jobId><jobTitle>Software Engg-2</jobTitle><jobDescription>To develop andriod application</jobDescription><experience><experience>Google</experience><experience>Apple</experience><experience>Mobile Iron</experience></experience><project><project><projectName>Movie App</projectName><technology><technology>Kotlin</technology><technology>SQL Lite</technology><technology>Gradle</technology></technology></project></project></item><item><jobId>79</jobId><jobTitle>Software Engg-2</jobTitle><jobDescription>To develop andriod application</jobDescription><experience><experience>Google</experience><experience>Apple</experience><experience>Mobile Iron</experience></experience><project><project><projectName>Movie App</projectName><technology><technology>Kotlin</technology><technology>SQL Lite</technology><technology>Gradle</technology></technology></project></project></item><item><jobId>8</jobId><jobTitle>Software Engg-2</jobTitle><jobDescription>To develop andriod application</jobDescription><experience><experience>Google</experience><experience>Apple</experience><experience>Mobile Iron</experience></experience><project><project><projectName>Movie App</projectName><technology><technology>Kotlin</technology><technology>SQL Lite</technology><technology>Gradle</technology></technology></project></project></item><item><jobId>39</jobId><jobTitle>Software Engg-3</jobTitle><jobDescription>To develop andriod application and web application</jobDescription><experience><experience>Google</experience><experience>Apple</experience><experience>Mobile Iron</experience></experience><project><project><projectName>Movie App</projectName><technology><technology>Kotlin</technology><technology>SQL Lite</technology><technology>Gradle</technology><technology>Jenkins</technology></technology></project><project><projectName>Movie App</projectName><technology><technology>Kotlin</technology><technology>SQL Lite</technology><technology>Gradle</technology><technology>Jenkins</technology></technology></project></project></item><item><jobId>96</jobId><jobTitle>Software Engg-2</jobTitle><jobDescription>To develop andriod application</jobDescription><experience><experience>Google</experience><experience>Apple</experience><experience>Mobile Iron</experience></experience><project><project><projectName>Movie App</projectName><technology><technology>Kotlin</technology><technology>SQL Lite</technology><technology>Gradle</technology></technology></project></project></item><item><jobId>28</jobId><jobTitle>Software Engg-3</jobTitle><jobDescription>To develop andriod application and web application</jobDescription><experience><experience>Google</experience><experience>Apple</experience><experience>Mobile Iron</experience></experience><project><project><projectName>Movie App</projectName><technology><technology>Kotlin</technology><technology>SQL Lite</technology><technology>Gradle</technology><technology>Jenkins</technology></technology></project><project><projectName>Movie App</projectName><technology><technology>Kotlin</technology><technology>SQL Lite</technology><technology>Gradle</technology><technology>Jenkins</technology></technology></project></project></item><item><jobId>80</jobId><jobTitle>Software Engg-2</jobTitle><jobDescription>To develop andriod application</jobDescription><experience><experience>Google</experience><experience>Apple</experience><experience>Mobile Iron</experience></experience><project><project><projectName>Movie App</projectName><technology><technology>Kotlin</technology><technology>SQL Lite</technology><technology>Gradle</technology></technology></project></project></item><item><jobId>130</jobId><jobTitle>Software Engg-3</jobTitle><jobDescription>To develop andriod application and web application</jobDescription><experience><experience>Google</experience><experience>Apple</experience><experience>Mobile Iron</experience></experience><project><project><projectName>Movie App</projectName><technology><technology>Kotlin</technology><technology>SQL Lite</technology><technology>Gradle</technology><technology>Jenkins</technology></technology></project><project><projectName>Movie App</projectName><technology><technology>Kotlin</technology><technology>SQL Lite</technology><technology>Gradle</technology><technology>Jenkins</technology></technology></project></project></item><item><jobId>74</jobId><jobTitle>Software Engg-3</jobTitle><jobDescription>To develop andriod application and web application</jobDescription><experience><experience>Google</experience><experience>Apple</experience><experience>Mobile Iron</experience></experience><project><project><projectName>Movie App</projectName><technology><technology>Kotlin</technology><technology>SQL Lite</technology><technology>Gradle</technology><technology>Jenkins</technology></technology></project><project><projectName>Movie App</projectName><technology><technology>Kotlin</technology><technology>SQL Lite</technology><technology>Gradle</technology><technology>Jenkins</technology></technology></project></project></item><item><jobId>10</jobId><jobTitle>Software Engg-2</jobTitle><jobDescription>To develop andriod application</jobDescription><experience><experience>Google</experience><experience>Apple</experience><experience>Mobile Iron</experience></experience><project><project><projectName>Movie App</projectName><technology><technology>Kotlin</technology><technology>SQL Lite</technology><technology>Gradle</technology></technology></project></project></item><item><jobId>77</jobId><jobTitle>Software Engg-2</jobTitle><jobDescription>To develop andriod application</jobDescription><experience><experience>Google</experience><experience>Apple</experience><experience>Mobile Iron</experience></experience><project><project><projectName>Movie App</projectName><technology><technology>Kotlin</technology><technology>SQL Lite</technology><technology>Gradle</technology></technology></project></project></item><item><jobId>26</jobId><jobTitle>Software Engg-2</jobTitle><jobDescription>To develop andriod application</jobDescription><experience><experience>Google</experience><experience>Apple</experience><experience>Mobile Iron</experience></experience><project><project><projectName>Movie App</projectName><technology><technology>Kotlin</technology><technology>SQL Lite</technology><technology>Gradle</technology></technology></project></project></item></List>
01:15:28.573 [pool-1-thread-3] INFO  com.intuit.karate - [print] <List>
  <item>
    <jobId>1</jobId>
    <jobTitle>Software Engg</jobTitle>
    <jobDescription>To develop andriod application</jobDescription>
    <experience>
      <experience>Google</experience>
      <experience>Apple</experience>
      <experience>Mobile Iron</experience>
    </experience>
    <project>
      <project>
        <projectName>Movie App</projectName>
        <technology>
          <technology>Kotlin</technology>
          <technology>SQL Lite</technology>
          <technology>Gradle</technology>
        </technology>
      </project>
    </project>
  </item>
  <item>
    <jobId>68</jobId>
    <jobTitle>Software Engg-2</jobTitle>
    <jobDescription>To develop android application and web application</jobDescription>
    <experience>
      <experience>Google</experience>
      <experience>Apple</experience>
      <experience>Mobile Iron</experience>
    </experience>
    <project>
      <project>
        <projectName>Movie App</projectName>
        <technology>
          <technology>Kotlin</technology>
          <technology>SQL Lite</technology>
          <technology>Gradle</technology>
          <technology>Jenkins</technology>
        </technology>
      </project>
      <project>
        <projectName>Movie App</projectName>
        <technology>
          <technology>Kotlin</technology>
          <technology>SQL Lite</technology>
          <technology>Gradle</technology>
          <technology>Jenkins</technology>
        </technology>
      </project>
    </project>
  </item>
  <item>
    <jobId>34</jobId>
    <jobTitle>Software Engg-3</jobTitle>
    <jobDescription>To develop andriod application and web application</jobDescription>
    <experience>
      <experience>Google</experience>
      <experience>Apple</experience>
      <experience>Mobile Iron</experience>
    </experience>
    <project>
      <project>
        <projectName>Movie App</projectName>
        <technology>
          <technology>Kotlin</technology>
          <technology>SQL Lite</technology>
          <technology>Gradle</technology>
          <technology>Jenkins</technology>
        </technology>
      </project>
      <project>
        <projectName>Movie App</projectName>
        <technology>
          <technology>Kotlin</technology>
          <technology>SQL Lite</technology>
          <technology>Gradle</technology>
          <technology>Jenkins</technology>
        </technology>
      </project>
    </project>
  </item>
  <item>
    <jobId>41</jobId>
    <jobTitle>Software Engg-2</jobTitle>
    <jobDescription>To develop android application and web application</jobDescription>
    <experience>
      <experience>Google</experience>
      <experience>Apple</experience>
      <experience>Mobile Iron</experience>
    </experience>
    <project>
      <project>
        <projectName>Movie App</projectName>
        <technology>
          <technology>Kotlin</technology>
          <technology>SQL Lite</technology>
          <technology>Gradle</technology>
          <technology>Jenkins</technology>
        </technology>
      </project>
      <project>
        <projectName>Movie App</projectName>
        <technology>
          <technology>Kotlin</technology>
          <technology>SQL Lite</technology>
          <technology>Gradle</technology>
          <technology>Jenkins</technology>
        </technology>
      </project>
    </project>
  </item>
  <item>
    <jobId>12</jobId>
    <jobTitle>Software Engg-2</jobTitle>
    <jobDescription>To develop andriod application</jobDescription>
    <experience>
      <experience>Google</experience>
      <experience>Apple</experience>
      <experience>Mobile Iron</experience>
    </experience>
    <project>
      <project>
        <projectName>Movie App</projectName>
        <technology>
          <technology>Kotlin</technology>
          <technology>SQL Lite</technology>
          <technology>Gradle</technology>
        </technology>
      </project>
    </project>
  </item>
  <item>
    <jobId>73</jobId>
    <jobTitle>Software Engg-3</jobTitle>
    <jobDescription>To develop andriod application and web application</jobDescription>
    <experience>
      <experience>Google</experience>
      <experience>Apple</experience>
      <experience>Mobile Iron</experience>
    </experience>
    <project>
      <project>
        <projectName>Movie App</projectName>
        <technology>
          <technology>Kotlin</technology>
          <technology>SQL Lite</technology>
          <technology>Gradle</technology>
          <technology>Jenkins</technology>
        </technology>
      </project>
      <project>
        <projectName>Movie App</projectName>
        <technology>
          <technology>Kotlin</technology>
          <technology>SQL Lite</technology>
          <technology>Gradle</technology>
          <technology>Jenkins</technology>
        </technology>
      </project>
    </project>
  </item>
  <item>
    <jobId>99999</jobId>
    <jobTitle>Software Engg-2</jobTitle>
    <jobDescription>To develop andriod application</jobDescription>
    <experience>
      <experience>Google</experience>
      <experience>Apple</experience>
      <experience>Mobile Iron</experience>
    </experience>
    <project>
      <project>
        <projectName>Movie App</projectName>
        <technology>
          <technology>Kotlin</technology>
          <technology>SQL Lite</technology>
          <technology>Gradle</technology>
        </technology>
      </project>
    </project>
  </item>
  <item>
    <jobId>38</jobId>
    <jobTitle>Software Engg-3</jobTitle>
    <jobDescription>To develop andriod application and web application</jobDescription>
    <experience>
      <experience>Google</experience>
      <experience>Apple</experience>
      <experience>Mobile Iron</experience>
    </experience>
    <project>
      <project>
        <projectName>Movie App</projectName>
        <technology>
          <technology>Kotlin</technology>
          <technology>SQL Lite</technology>
          <technology>Gradle</technology>
          <technology>Jenkins</technology>
        </technology>
      </project>
      <project>
        <projectName>Movie App</projectName>
        <technology>
          <technology>Kotlin</technology>
          <technology>SQL Lite</technology>
          <technology>Gradle</technology>
          <technology>Jenkins</technology>
        </technology>
      </project>
    </project>
  </item>
  <item>
    <jobId>96</jobId>
    <jobTitle>Software Engg-3</jobTitle>
    <jobDescription>To develop andriod application and web application</jobDescription>
    <experience>
      <experience>Google</experience>
      <experience>Apple</experience>
      <experience>Mobile Iron</experience>
    </experience>
    <project>
      <project>
        <projectName>Movie App</projectName>
        <technology>
          <technology>Kotlin</technology>
          <technology>SQL Lite</technology>
          <technology>Gradle</technology>
          <technology>Jenkins</technology>
        </technology>
      </project>
      <project>
        <projectName>Movie App</projectName>
        <technology>
          <technology>Kotlin</technology>
          <technology>SQL Lite</technology>
          <technology>Gradle</technology>
          <technology>Jenkins</technology>
        </technology>
      </project>
    </project>
  </item>
  <item>
    <jobId>48</jobId>
    <jobTitle>Software Engg-2</jobTitle>
    <jobDescription>To develop andriod application</jobDescription>
    <experience>
      <experience>Google</experience>
      <experience>Apple</experience>
      <experience>Mobile Iron</experience>
    </experience>
    <project>
      <project>
        <projectName>Movie App</projectName>
        <technology>
          <technology>Kotlin</technology>
          <technology>SQL Lite</technology>
          <technology>Gradle</technology>
        </technology>
      </project>
    </project>
  </item>
  <item>
    <jobId>6</jobId>
    <jobTitle>Software Engg-3</jobTitle>
    <jobDescription>To develop andriod application and web application</jobDescription>
    <experience>
      <experience>Google</experience>
      <experience>Apple</experience>
      <experience>Mobile Iron</experience>
    </experience>
    <project>
      <project>
        <projectName>Movie App</projectName>
        <technology>
          <technology>Kotlin</technology>
          <technology>SQL Lite</technology>
          <technology>Gradle</technology>
          <technology>Jenkins</technology>
        </technology>
      </project>
      <project>
        <projectName>Movie App</projectName>
        <technology>
          <technology>Kotlin</technology>
          <technology>SQL Lite</technology>
          <technology>Gradle</technology>
          <technology>Jenkins</technology>
        </technology>
      </project>
    </project>
  </item>
  <item>
    <jobId>88</jobId>
    <jobTitle>Software Engg-2</jobTitle>
    <jobDescription>To develop android application and web application</jobDescription>
    <experience>
      <experience>Google</experience>
      <experience>Apple</experience>
      <experience>Mobile Iron</experience>
    </experience>
    <project>
      <project>
        <projectName>Movie App</projectName>
        <technology>
          <technology>Kotlin</technology>
          <technology>SQL Lite</technology>
          <technology>Gradle</technology>
        </technology>
      </project>
    </project>
  </item>
  <item>
    <jobId>9</jobId>
    <jobTitle>Software Engg-3</jobTitle>
    <jobDescription>To develop andriod application and web application</jobDescription>
    <experience>
      <experience>Google</experience>
      <experience>Apple</experience>
      <experience>Mobile Iron</experience>
    </experience>
    <project>
      <project>
        <projectName>Movie App</projectName>
        <technology>
          <technology>Kotlin</technology>
          <technology>SQL Lite</technology>
          <technology>Gradle</technology>
          <technology>Jenkins</technology>
        </technology>
      </project>
      <project>
        <projectName>Movie App</projectName>
        <technology>
          <technology>Kotlin</technology>
          <technology>SQL Lite</technology>
          <technology>Gradle</technology>
          <technology>Jenkins</technology>
        </technology>
      </project>
    </project>
  </item>
  <item>
    <jobId>8</jobId>
    <jobTitle>Software Engg-2</jobTitle>
    <jobDescription>To develop andriod application</jobDescription>
    <experience>
      <experience>Google</experience>
      <experience>Apple</experience>
      <experience>Mobile Iron</experience>
    </experience>
    <project>
      <project>
        <projectName>Movie App</projectName>
        <technology>
          <technology>Kotlin</technology>
          <technology>SQL Lite</technology>
          <technology>Gradle</technology>
        </technology>
      </project>
    </project>
  </item>
  <item>
    <jobId>7</jobId>
    <jobTitle>Software Engg-3</jobTitle>
    <jobDescription>To develop andriod application and web application</jobDescription>
    <experience>
      <experience>Google</experience>
      <experience>Apple</experience>
      <experience>Mobile Iron</experience>
    </experience>
    <project>
      <project>
        <projectName>Movie App</projectName>
        <technology>
          <technology>Kotlin</technology>
          <technology>SQL Lite</technology>
          <technology>Gradle</technology>
          <technology>Jenkins</technology>
        </technology>
      </project>
      <project>
        <projectName>Movie App</projectName>
        <technology>
          <technology>Kotlin</technology>
          <technology>SQL Lite</technology>
          <technology>Gradle</technology>
          <technology>Jenkins</technology>
        </technology>
      </project>
    </project>
  </item>
  <item>
    <jobId>13</jobId>
    <jobTitle>Software Engg-2</jobTitle>
    <jobDescription>To develop andriod application</jobDescription>
    <experience>
      <experience>Google</experience>
      <experience>Apple</experience>
      <experience>Mobile Iron</experience>
    </experience>
    <project>
      <project>
        <projectName>Movie App</projectName>
        <technology>
          <technology>Kotlin</technology>
          <technology>SQL Lite</technology>
          <technology>Gradle</technology>
        </technology>
      </project>
    </project>
  </item>
  <item>
    <jobId>53</jobId>
    <jobTitle>Software Engg-2</jobTitle>
    <jobDescription>To develop android application and web application</jobDescription>
    <experience>
      <experience>Google</experience>
      <experience>Apple</experience>
      <experience>Mobile Iron</experience>
    </experience>
    <project>
      <project>
        <projectName>Movie App</projectName>
        <technology>
          <technology>Kotlin</technology>
          <technology>SQL Lite</technology>
          <technology>Gradle</technology>
        </technology>
      </project>
    </project>
  </item>
  <item>
    <jobId>8</jobId>
    <jobTitle>Software Engg-2</jobTitle>
    <jobDescription>To develop andriod application</jobDescription>
    <experience>
      <experience>Google</experience>
      <experience>Apple</experience>
      <experience>Mobile Iron</experience>
    </experience>
    <project>
      <project>
        <projectName>Movie App</projectName>
        <technology>
          <technology>Kotlin</technology>
          <technology>SQL Lite</technology>
          <technology>Gradle</technology>
        </technology>
      </project>
    </project>
  </item>
  <item>
    <jobId>8</jobId>
    <jobTitle>Software Engg-2</jobTitle>
    <jobDescription>To develop andriod application</jobDescription>
    <experience>
      <experience>Google</experience>
      <experience>Apple</experience>
      <experience>Mobile Iron</experience>
    </experience>
    <project>
      <project>
        <projectName>Movie App</projectName>
        <technology>
          <technology>Kotlin</technology>
          <technology>SQL Lite</technology>
          <technology>Gradle</technology>
        </technology>
      </project>
    </project>
  </item>
  <item>
    <jobId>9980</jobId>
    <jobTitle>Software Engg-2</jobTitle>
    <jobDescription>To develop android application</jobDescription>
    <experience>
      <experience>Google</experience>
      <experience>Apple</experience>
      <experience>Mobile Iron</experience>
    </experience>
    <project>
      <project>
        <projectName>Movie App</projectName>
        <technology>
          <technology>Kotlin</technology>
          <technology>SQL Lite</technology>
          <technology>Gradle</technology>
        </technology>
      </project>
    </project>
  </item>
  <item>
    <jobId>80</jobId>
    <jobTitle>Software Engg-2</jobTitle>
    <jobDescription>To develop andriod application</jobDescription>
    <experience>
      <experience>Google</experience>
      <experience>Apple</experience>
      <experience>Mobile Iron</experience>
    </experience>
    <project>
      <project>
        <projectName>Movie App</projectName>
        <technology>
          <technology>Kotlin</technology>
          <technology>SQL Lite</technology>
          <technology>Gradle</technology>
        </technology>
      </project>
    </project>
  </item>
  <item>
    <jobId>49</jobId>
    <jobTitle>Software Engg-2</jobTitle>
    <jobDescription>To develop android application and web application</jobDescription>
    <experience>
      <experience>Google</experience>
      <experience>Apple</experience>
      <experience>Mobile Iron</experience>
    </experience>
    <project>
      <project>
        <projectName>Movie App</projectName>
        <technology>
          <technology>Kotlin</technology>
          <technology>SQL Lite</technology>
          <technology>Gradle</technology>
          <technology>Jenkins</technology>
        </technology>
      </project>
      <project>
        <projectName>Movie App</projectName>
        <technology>
          <technology>Kotlin</technology>
          <technology>SQL Lite</technology>
          <technology>Gradle</technology>
          <technology>Jenkins</technology>
        </technology>
      </project>
    </project>
  </item>
  <item>
    <jobId>82</jobId>
    <jobTitle>Software Engg-3</jobTitle>
    <jobDescription>To develop andriod application and web application</jobDescription>
    <experience>
      <experience>Google</experience>
      <experience>Apple</experience>
      <experience>Mobile Iron</experience>
    </experience>
    <project>
      <project>
        <projectName>Movie App</projectName>
        <technology>
          <technology>Kotlin</technology>
          <technology>SQL Lite</technology>
          <technology>Gradle</technology>
          <technology>Jenkins</technology>
        </technology>
      </project>
      <project>
        <projectName>Movie App</projectName>
        <technology>
          <technology>Kotlin</technology>
          <technology>SQL Lite</technology>
          <technology>Gradle</technology>
          <technology>Jenkins</technology>
        </technology>
      </project>
    </project>
  </item>
  <item>
    <jobId>45</jobId>
    <jobTitle>Software Engg-3</jobTitle>
    <jobDescription>To develop andriod application and web application</jobDescription>
    <experience>
      <experience>Google</experience>
      <experience>Apple</experience>
      <experience>Mobile Iron</experience>
    </experience>
    <project>
      <project>
        <projectName>Movie App</projectName>
        <technology>
          <technology>Kotlin</technology>
          <technology>SQL Lite</technology>
          <technology>Gradle</technology>
          <technology>Jenkins</technology>
        </technology>
      </project>
      <project>
        <projectName>Movie App</projectName>
        <technology>
          <technology>Kotlin</technology>
          <technology>SQL Lite</technology>
          <technology>Gradle</technology>
          <technology>Jenkins</technology>
        </technology>
      </project>
    </project>
  </item>
  <item>
    <jobId>26</jobId>
    <jobTitle>Software Engg-2</jobTitle>
    <jobDescription>To develop andriod application</jobDescription>
    <experience>
      <experience>Google</experience>
      <experience>Apple</experience>
      <experience>Mobile Iron</experience>
    </experience>
    <project>
      <project>
        <projectName>Movie App</projectName>
        <technology>
          <technology>Kotlin</technology>
          <technology>SQL Lite</technology>
          <technology>Gradle</technology>
        </technology>
      </project>
    </project>
  </item>
  <item>
    <jobId>8</jobId>
    <jobTitle>Software Engg-2</jobTitle>
    <jobDescription>To develop andriod application</jobDescription>
    <experience>
      <experience>Google</experience>
      <experience>Apple</experience>
      <experience>Mobile Iron</experience>
    </experience>
    <project>
      <project>
        <projectName>Movie App</projectName>
        <technology>
          <technology>Kotlin</technology>
          <technology>SQL Lite</technology>
          <technology>Gradle</technology>
        </technology>
      </project>
    </project>
  </item>
  <item>
    <jobId>75</jobId>
    <jobTitle>Software Engg-2</jobTitle>
    <jobDescription>To develop andriod application</jobDescription>
    <experience>
      <experience>Google</experience>
      <experience>Apple</experience>
      <experience>Mobile Iron</experience>
    </experience>
    <project>
      <project>
        <projectName>Movie App</projectName>
        <technology>
          <technology>Kotlin</technology>
          <technology>SQL Lite</technology>
          <technology>Gradle</technology>
        </technology>
      </project>
    </project>
  </item>
  <item>
    <jobId>8</jobId>
    <jobTitle>Software Engg-2</jobTitle>
    <jobDescription>To develop andriod application</jobDescription>
    <experience>
      <experience>Google</experience>
      <experience>Apple</experience>
      <experience>Mobile Iron</experience>
    </experience>
    <project>
      <project>
        <projectName>Movie App</projectName>
        <technology>
          <technology>Kotlin</technology>
          <technology>SQL Lite</technology>
          <technology>Gradle</technology>
        </technology>
      </project>
    </project>
  </item>
  <item>
    <jobId>9980</jobId>
    <jobTitle>Software Engg-2</jobTitle>
    <jobDescription>To develop android application</jobDescription>
    <experience>
      <experience>Google</experience>
      <experience>Apple</experience>
      <experience>Mobile Iron</experience>
    </experience>
    <project>
      <project>
        <projectName>Movie App</projectName>
        <technology>
          <technology>Kotlin</technology>
          <technology>SQL Lite</technology>
          <technology>Gradle</technology>
        </technology>
      </project>
    </project>
  </item>
  <item>
    <jobId>84</jobId>
    <jobTitle>Software Engg-2</jobTitle>
    <jobDescription>To develop andriod application</jobDescription>
    <experience>
      <experience>Google</experience>
      <experience>Apple</experience>
      <experience>Mobile Iron</experience>
    </experience>
    <project>
      <project>
        <projectName>Movie App</projectName>
        <technology>
          <technology>Kotlin</technology>
          <technology>SQL Lite</technology>
          <technology>Gradle</technology>
        </technology>
      </project>
    </project>
  </item>
  <item>
    <jobId>31</jobId>
    <jobTitle>Software Engg-3</jobTitle>
    <jobDescription>To develop andriod application and web application</jobDescription>
    <experience>
      <experience>Google</experience>
      <experience>Apple</experience>
      <experience>Mobile Iron</experience>
    </experience>
    <project>
      <project>
        <projectName>Movie App</projectName>
        <technology>
          <technology>Kotlin</technology>
          <technology>SQL Lite</technology>
          <technology>Gradle</technology>
          <technology>Jenkins</technology>
        </technology>
      </project>
      <project>
        <projectName>Movie App</projectName>
        <technology>
          <technology>Kotlin</technology>
          <technology>SQL Lite</technology>
          <technology>Gradle</technology>
          <technology>Jenkins</technology>
        </technology>
      </project>
    </project>
  </item>
  <item>
    <jobId>87</jobId>
    <jobTitle>Software Engg-2</jobTitle>
    <jobDescription>To develop andriod application</jobDescription>
    <experience>
      <experience>Google</experience>
      <experience>Apple</experience>
      <experience>Mobile Iron</experience>
    </experience>
    <project>
      <project>
        <projectName>Movie App</projectName>
        <technology>
          <technology>Kotlin</technology>
          <technology>SQL Lite</technology>
          <technology>Gradle</technology>
        </technology>
      </project>
    </project>
  </item>
  <item>
    <jobId>93</jobId>
    <jobTitle>Software Engg-3</jobTitle>
    <jobDescription>To develop andriod application and web application</jobDescription>
    <experience>
      <experience>Google</experience>
      <experience>Apple</experience>
      <experience>Mobile Iron</experience>
    </experience>
    <project>
      <project>
        <projectName>Movie App</projectName>
        <technology>
          <technology>Kotlin</technology>
          <technology>SQL Lite</technology>
          <technology>Gradle</technology>
          <technology>Jenkins</technology>
        </technology>
      </project>
      <project>
        <projectName>Movie App</projectName>
        <technology>
          <technology>Kotlin</technology>
          <technology>SQL Lite</technology>
          <technology>Gradle</technology>
          <technology>Jenkins</technology>
        </technology>
      </project>
    </project>
  </item>
  <item>
    <jobId>53</jobId>
    <jobTitle>Software Engg-2</jobTitle>
    <jobDescription>To develop andriod application</jobDescription>
    <experience>
      <experience>Google</experience>
      <experience>Apple</experience>
      <experience>Mobile Iron</experience>
    </experience>
    <project>
      <project>
        <projectName>Movie App</projectName>
        <technology>
          <technology>Kotlin</technology>
          <technology>SQL Lite</technology>
          <technology>Gradle</technology>
        </technology>
      </project>
    </project>
  </item>
  <item>
    <jobId>51</jobId>
    <jobTitle>Software Engg-2</jobTitle>
    <jobDescription>To develop andriod application</jobDescription>
    <experience>
      <experience>Google</experience>
      <experience>Apple</experience>
      <experience>Mobile Iron</experience>
    </experience>
    <project>
      <project>
        <projectName>Movie App</projectName>
        <technology>
          <technology>Kotlin</technology>
          <technology>SQL Lite</technology>
          <technology>Gradle</technology>
        </technology>
      </project>
    </project>
  </item>
  <item>
    <jobId>19</jobId>
    <jobTitle>Software Engg-2</jobTitle>
    <jobDescription>To develop andriod application</jobDescription>
    <experience>
      <experience>Google</experience>
      <experience>Apple</experience>
      <experience>Mobile Iron</experience>
    </experience>
    <project>
      <project>
        <projectName>Movie App</projectName>
        <technology>
          <technology>Kotlin</technology>
          <technology>SQL Lite</technology>
          <technology>Gradle</technology>
        </technology>
      </project>
    </project>
  </item>
  <item>
    <jobId>93</jobId>
    <jobTitle>Software Engg-2</jobTitle>
    <jobDescription>To develop andriod application</jobDescription>
    <experience>
      <experience>Google</experience>
      <experience>Apple</experience>
      <experience>Mobile Iron</experience>
    </experience>
    <project>
      <project>
        <projectName>Movie App</projectName>
        <technology>
          <technology>Kotlin</technology>
          <technology>SQL Lite</technology>
          <technology>Gradle</technology>
        </technology>
      </project>
    </project>
  </item>
  <item>
    <jobId>32</jobId>
    <jobTitle>Software Engg-2</jobTitle>
    <jobDescription>To develop android application and web application</jobDescription>
    <experience>
      <experience>Google</experience>
      <experience>Apple</experience>
      <experience>Mobile Iron</experience>
    </experience>
    <project>
      <project>
        <projectName>Movie App</projectName>
        <technology>
          <technology>Kotlin</technology>
          <technology>SQL Lite</technology>
          <technology>Gradle</technology>
        </technology>
      </project>
    </project>
  </item>
  <item>
    <jobId>71</jobId>
    <jobTitle>Software Engg-2</jobTitle>
    <jobDescription>To develop android application and web application</jobDescription>
    <experience>
      <experience>Google</experience>
      <experience>Apple</experience>
      <experience>Mobile Iron</experience>
    </experience>
    <project>
      <project>
        <projectName>Movie App</projectName>
        <technology>
          <technology>Kotlin</technology>
          <technology>SQL Lite</technology>
          <technology>Gradle</technology>
        </technology>
      </project>
    </project>
  </item>
  <item>
    <jobId>23</jobId>
    <jobTitle>Software Engg-2</jobTitle>
    <jobDescription>To develop android application and web application</jobDescription>
    <experience>
      <experience>Google</experience>
      <experience>Apple</experience>
      <experience>Mobile Iron</experience>
    </experience>
    <project>
      <project>
        <projectName>Movie App</projectName>
        <technology>
          <technology>Kotlin</technology>
          <technology>SQL Lite</technology>
          <technology>Gradle</technology>
        </technology>
      </project>
    </project>
  </item>
  <item>
    <jobId>31</jobId>
    <jobTitle>Software Engg-2</jobTitle>
    <jobDescription>To develop andriod application</jobDescription>
    <experience>
      <experience>Google</experience>
      <experience>Apple</experience>
      <experience>Mobile Iron</experience>
    </experience>
    <project>
      <project>
        <projectName>Movie App</projectName>
        <technology>
          <technology>Kotlin</technology>
          <technology>SQL Lite</technology>
          <technology>Gradle</technology>
        </technology>
      </project>
    </project>
  </item>
  <item>
    <jobId>10</jobId>
    <jobTitle>Software Engg-2</jobTitle>
    <jobDescription>To develop andriod application</jobDescription>
    <experience>
      <experience>Google</experience>
      <experience>Apple</experience>
      <experience>Mobile Iron</experience>
    </experience>
    <project>
      <project>
        <projectName>Movie App</projectName>
        <technology>
          <technology>Kotlin</technology>
          <technology>SQL Lite</technology>
          <technology>Gradle</technology>
        </technology>
      </project>
    </project>
  </item>
  <item>
    <jobId>8</jobId>
    <jobTitle>Software Engg-2</jobTitle>
    <jobDescription>To develop andriod application</jobDescription>
    <experience>
      <experience>Google</experience>
      <experience>Apple</experience>
      <experience>Mobile Iron</experience>
    </experience>
    <project>
      <project>
        <projectName>Movie App</projectName>
        <technology>
          <technology>Kotlin</technology>
          <technology>SQL Lite</technology>
          <technology>Gradle</technology>
        </technology>
      </project>
    </project>
  </item>
  <item>
    <jobId>38</jobId>
    <jobTitle>Software Engg-2</jobTitle>
    <jobDescription>To develop andriod application</jobDescription>
    <experience>
      <experience>Google</experience>
      <experience>Apple</experience>
      <experience>Mobile Iron</experience>
    </experience>
    <project>
      <project>
        <projectName>Movie App</projectName>
        <technology>
          <technology>Kotlin</technology>
          <technology>SQL Lite</technology>
          <technology>Gradle</technology>
        </technology>
      </project>
    </project>
  </item>
  <item>
    <jobId>8</jobId>
    <jobTitle>Software Engg-2</jobTitle>
    <jobDescription>To develop andriod application</jobDescription>
    <experience>
      <experience>Google</experience>
      <experience>Apple</experience>
      <experience>Mobile Iron</experience>
    </experience>
    <project>
      <project>
        <projectName>Movie App</projectName>
        <technology>
          <technology>Kotlin</technology>
          <technology>SQL Lite</technology>
          <technology>Gradle</technology>
        </technology>
      </project>
    </project>
  </item>
  <item>
    <jobId>9980</jobId>
    <jobTitle>Software Engg-2</jobTitle>
    <jobDescription>To develop android application</jobDescription>
    <experience>
      <experience>Google</experience>
      <experience>Apple</experience>
      <experience>Mobile Iron</experience>
    </experience>
    <project>
      <project>
        <projectName>Movie App</projectName>
        <technology>
          <technology>Kotlin</technology>
          <technology>SQL Lite</technology>
          <technology>Gradle</technology>
        </technology>
      </project>
    </project>
  </item>
  <item>
    <jobId>5</jobId>
    <jobTitle>Software Engg-3</jobTitle>
    <jobDescription>To develop andriod application and web application</jobDescription>
    <experience>
      <experience>Google</experience>
      <experience>Apple</experience>
      <experience>Mobile Iron</experience>
    </experience>
    <project>
      <project>
        <projectName>Movie App</projectName>
        <technology>
          <technology>Kotlin</technology>
          <technology>SQL Lite</technology>
          <technology>Gradle</technology>
          <technology>Jenkins</technology>
        </technology>
      </project>
      <project>
        <projectName>Movie App</projectName>
        <technology>
          <technology>Kotlin</technology>
          <technology>SQL Lite</technology>
          <technology>Gradle</technology>
          <technology>Jenkins</technology>
        </technology>
      </project>
    </project>
  </item>
  <item>
    <jobId>16</jobId>
    <jobTitle>Software Engg-3</jobTitle>
    <jobDescription>To develop andriod application and web application</jobDescription>
    <experience>
      <experience>Google</experience>
      <experience>Apple</experience>
      <experience>Mobile Iron</experience>
    </experience>
    <project>
      <project>
        <projectName>Movie App</projectName>
        <technology>
          <technology>Kotlin</technology>
          <technology>SQL Lite</technology>
          <technology>Gradle</technology>
          <technology>Jenkins</technology>
        </technology>
      </project>
      <project>
        <projectName>Movie App</projectName>
        <technology>
          <technology>Kotlin</technology>
          <technology>SQL Lite</technology>
          <technology>Gradle</technology>
          <technology>Jenkins</technology>
        </technology>
      </project>
    </project>
  </item>
  <item>
    <jobId>1</jobId>
    <jobTitle>Software Engg-2</jobTitle>
    <jobDescription>To develop andriod application</jobDescription>
    <experience>
      <experience>Google</experience>
      <experience>Apple</experience>
      <experience>Mobile Iron</experience>
    </experience>
    <project>
      <project>
        <projectName>Movie App</projectName>
        <technology>
          <technology>Kotlin</technology>
          <technology>SQL Lite</technology>
          <technology>Gradle</technology>
        </technology>
      </project>
    </project>
  </item>
  <item>
    <jobId>7</jobId>
    <jobTitle>Software Engg-2</jobTitle>
    <jobDescription>To develop andriod application</jobDescription>
    <experience>
      <experience>Google</experience>
      <experience>Apple</experience>
      <experience>Mobile Iron</experience>
    </experience>
    <project>
      <project>
        <projectName>Movie App</projectName>
        <technology>
          <technology>Kotlin</technology>
          <technology>SQL Lite</technology>
          <technology>Gradle</technology>
        </technology>
      </project>
    </project>
  </item>
  <item>
    <jobId>35</jobId>
    <jobTitle>Software Engg-2</jobTitle>
    <jobDescription>To develop android application and web application</jobDescription>
    <experience>
      <experience>Google</experience>
      <experience>Apple</experience>
      <experience>Mobile Iron</experience>
    </experience>
    <project>
      <project>
        <projectName>Movie App</projectName>
        <technology>
          <technology>Kotlin</technology>
          <technology>SQL Lite</technology>
          <technology>Gradle</technology>
        </technology>
      </project>
    </project>
  </item>
  <item>
    <jobId>48</jobId>
    <jobTitle>Software Engg-2</jobTitle>
    <jobDescription>To develop andriod application</jobDescription>
    <experience>
      <experience>Google</experience>
      <experience>Apple</experience>
      <experience>Mobile Iron</experience>
    </experience>
    <project>
      <project>
        <projectName>Movie App</projectName>
        <technology>
          <technology>Kotlin</technology>
          <technology>SQL Lite</technology>
          <technology>Gradle</technology>
        </technology>
      </project>
    </project>
  </item>
  <item>
    <jobId>2</jobId>
    <jobTitle>Software Engg-2</jobTitle>
    <jobDescription>To develop andriod application</jobDescription>
    <experience>
      <experience>Google</experience>
      <experience>Apple</experience>
      <experience>Mobile Iron</experience>
    </experience>
    <project>
      <project>
        <projectName>Movie App</projectName>
        <technology>
          <technology>Kotlin</technology>
          <technology>SQL Lite</technology>
          <technology>Gradle</technology>
        </technology>
      </project>
    </project>
  </item>
  <item>
    <jobId>88</jobId>
    <jobTitle>Software Engg-2</jobTitle>
    <jobDescription>To develop andriod application</jobDescription>
    <experience>
      <experience>Google</experience>
      <experience>Apple</experience>
      <experience>Mobile Iron</experience>
    </experience>
    <project>
      <project>
        <projectName>Movie App</projectName>
        <technology>
          <technology>Kotlin</technology>
          <technology>SQL Lite</technology>
          <technology>Gradle</technology>
        </technology>
      </project>
    </project>
  </item>
  <item>
    <jobId>21</jobId>
    <jobTitle>Software Engg-2</jobTitle>
    <jobDescription>To develop andriod application</jobDescription>
    <experience>
      <experience>Google</experience>
      <experience>Apple</experience>
      <experience>Mobile Iron</experience>
    </experience>
    <project>
      <project>
        <projectName>Movie App</projectName>
        <technology>
          <technology>Kotlin</technology>
          <technology>SQL Lite</technology>
          <technology>Gradle</technology>
        </technology>
      </project>
    </project>
  </item>
  <item>
    <jobId>71</jobId>
    <jobTitle>Software Engg-2</jobTitle>
    <jobDescription>To develop andriod application</jobDescription>
    <experience>
      <experience>Google</experience>
      <experience>Apple</experience>
      <experience>Mobile Iron</experience>
    </experience>
    <project>
      <project>
        <projectName>Movie App</projectName>
        <technology>
          <technology>Kotlin</technology>
          <technology>SQL Lite</technology>
          <technology>Gradle</technology>
        </technology>
      </project>
    </project>
  </item>
  <item>
    <jobId>8</jobId>
    <jobTitle>Software Engg-2</jobTitle>
    <jobDescription>To develop andriod application</jobDescription>
    <experience>
      <experience>Google</experience>
      <experience>Apple</experience>
      <experience>Mobile Iron</experience>
    </experience>
    <project>
      <project>
        <projectName>Movie App</projectName>
        <technology>
          <technology>Kotlin</technology>
          <technology>SQL Lite</technology>
          <technology>Gradle</technology>
        </technology>
      </project>
    </project>
  </item>
  <item>
    <jobId>94</jobId>
    <jobTitle>Software Engg-2</jobTitle>
    <jobDescription>To develop andriod application</jobDescription>
    <experience>
      <experience>Google</experience>
      <experience>Apple</experience>
      <experience>Mobile Iron</experience>
    </experience>
    <project>
      <project>
        <projectName>Movie App</projectName>
        <technology>
          <technology>Kotlin</technology>
          <technology>SQL Lite</technology>
          <technology>Gradle</technology>
        </technology>
      </project>
    </project>
  </item>
  <item>
    <jobId>8</jobId>
    <jobTitle>Software Engg-2</jobTitle>
    <jobDescription>To develop andriod application</jobDescription>
    <experience>
      <experience>Google</experience>
      <experience>Apple</experience>
      <experience>Mobile Iron</experience>
    </experience>
    <project>
      <project>
        <projectName>Movie App</projectName>
        <technology>
          <technology>Kotlin</technology>
          <technology>SQL Lite</technology>
          <technology>Gradle</technology>
        </technology>
      </project>
    </project>
  </item>
  <item>
    <jobId>9980</jobId>
    <jobTitle>Software Engg-2</jobTitle>
    <jobDescription>To develop android application</jobDescription>
    <experience>
      <experience>Google</experience>
      <experience>Apple</experience>
      <experience>Mobile Iron</experience>
    </experience>
    <project>
      <project>
        <projectName>Movie App</projectName>
        <technology>
          <technology>Kotlin</technology>
          <technology>SQL Lite</technology>
          <technology>Gradle</technology>
        </technology>
      </project>
    </project>
  </item>
  <item>
    <jobId>89</jobId>
    <jobTitle>Software Engg-3</jobTitle>
    <jobDescription>To develop andriod application and web application</jobDescription>
    <experience>
      <experience>Google</experience>
      <experience>Apple</experience>
      <experience>Mobile Iron</experience>
    </experience>
    <project>
      <project>
        <projectName>Movie App</projectName>
        <technology>
          <technology>Kotlin</technology>
          <technology>SQL Lite</technology>
          <technology>Gradle</technology>
          <technology>Jenkins</technology>
        </technology>
      </project>
      <project>
        <projectName>Movie App</projectName>
        <technology>
          <technology>Kotlin</technology>
          <technology>SQL Lite</technology>
          <technology>Gradle</technology>
          <technology>Jenkins</technology>
        </technology>
      </project>
    </project>
  </item>
  <item>
    <jobId>35</jobId>
    <jobTitle>Software Engg-2</jobTitle>
    <jobDescription>To develop andriod application</jobDescription>
    <experience>
      <experience>Google</experience>
      <experience>Apple</experience>
      <experience>Mobile Iron</experience>
    </experience>
    <project>
      <project>
        <projectName>Movie App</projectName>
        <technology>
          <technology>Kotlin</technology>
          <technology>SQL Lite</technology>
          <technology>Gradle</technology>
        </technology>
      </project>
    </project>
  </item>
  <item>
    <jobId>77</jobId>
    <jobTitle>Software Engg-2</jobTitle>
    <jobDescription>To develop android application and web application</jobDescription>
    <experience>
      <experience>Google</experience>
      <experience>Apple</experience>
      <experience>Mobile Iron</experience>
    </experience>
    <project>
      <project>
        <projectName>Movie App</projectName>
        <technology>
          <technology>Kotlin</technology>
          <technology>SQL Lite</technology>
          <technology>Gradle</technology>
        </technology>
      </project>
    </project>
  </item>
  <item>
    <jobId>50</jobId>
    <jobTitle>Software Engg-3</jobTitle>
    <jobDescription>To develop andriod application and web application</jobDescription>
    <experience>
      <experience>Google</experience>
      <experience>Apple</experience>
      <experience>Mobile Iron</experience>
    </experience>
    <project>
      <project>
        <projectName>Movie App</projectName>
        <technology>
          <technology>Kotlin</technology>
          <technology>SQL Lite</technology>
          <technology>Gradle</technology>
          <technology>Jenkins</technology>
        </technology>
      </project>
      <project>
        <projectName>Movie App</projectName>
        <technology>
          <technology>Kotlin</technology>
          <technology>SQL Lite</technology>
          <technology>Gradle</technology>
          <technology>Jenkins</technology>
        </technology>
      </project>
    </project>
  </item>
  <item>
    <jobId>33</jobId>
    <jobTitle>Software Engg-2</jobTitle>
    <jobDescription>To develop andriod application</jobDescription>
    <experience>
      <experience>Google</experience>
      <experience>Apple</experience>
      <experience>Mobile Iron</experience>
    </experience>
    <project>
      <project>
        <projectName>Movie App</projectName>
        <technology>
          <technology>Kotlin</technology>
          <technology>SQL Lite</technology>
          <technology>Gradle</technology>
        </technology>
      </project>
    </project>
  </item>
  <item>
    <jobId>78</jobId>
    <jobTitle>Software Engg-2</jobTitle>
    <jobDescription>To develop android application and web application</jobDescription>
    <experience>
      <experience>Google</experience>
      <experience>Apple</experience>
      <experience>Mobile Iron</experience>
    </experience>
    <project>
      <project>
        <projectName>Movie App</projectName>
        <technology>
          <technology>Kotlin</technology>
          <technology>SQL Lite</technology>
          <technology>Gradle</technology>
        </technology>
      </project>
    </project>
  </item>
  <item>
    <jobId>3</jobId>
    <jobTitle>Software Engg-2</jobTitle>
    <jobDescription>To develop android application and web application</jobDescription>
    <experience>
      <experience>Google</experience>
      <experience>Apple</experience>
      <experience>Mobile Iron</experience>
    </experience>
    <project>
      <project>
        <projectName>Movie App</projectName>
        <technology>
          <technology>Kotlin</technology>
          <technology>SQL Lite</technology>
          <technology>Gradle</technology>
        </technology>
      </project>
    </project>
  </item>
  <item>
    <jobId>18</jobId>
    <jobTitle>Software Engg-2</jobTitle>
    <jobDescription>To develop android application and web application</jobDescription>
    <experience>
      <experience>Google</experience>
      <experience>Apple</experience>
      <experience>Mobile Iron</experience>
    </experience>
    <project>
      <project>
        <projectName>Movie App</projectName>
        <technology>
          <technology>Kotlin</technology>
          <technology>SQL Lite</technology>
          <technology>Gradle</technology>
        </technology>
      </project>
    </project>
  </item>
  <item>
    <jobId>4</jobId>
    <jobTitle>Software Engg-2</jobTitle>
    <jobDescription>To develop android application and web application</jobDescription>
    <experience>
      <experience>Google</experience>
      <experience>Apple</experience>
      <experience>Mobile Iron</experience>
    </experience>
    <project>
      <project>
        <projectName>Movie App</projectName>
        <technology>
          <technology>Kotlin</technology>
          <technology>SQL Lite</technology>
          <technology>Gradle</technology>
        </technology>
      </project>
    </project>
  </item>
  <item>
    <jobId>8</jobId>
    <jobTitle>Software Engg-2</jobTitle>
    <jobDescription>To develop andriod application</jobDescription>
    <experience>
      <experience>Google</experience>
      <experience>Apple</experience>
      <experience>Mobile Iron</experience>
    </experience>
    <project>
      <project>
        <projectName>Movie App</projectName>
        <technology>
          <technology>Kotlin</technology>
          <technology>SQL Lite</technology>
          <technology>Gradle</technology>
        </technology>
      </project>
    </project>
  </item>
  <item>
    <jobId>9980</jobId>
    <jobTitle>Software Engg-2</jobTitle>
    <jobDescription>To develop android application</jobDescription>
    <experience>
      <experience>Google</experience>
      <experience>Apple</experience>
      <experience>Mobile Iron</experience>
    </experience>
    <project>
      <project>
        <projectName>Movie App</projectName>
        <technology>
          <technology>Kotlin</technology>
          <technology>SQL Lite</technology>
          <technology>Gradle</technology>
        </technology>
      </project>
    </project>
  </item>
  <item>
    <jobId>8</jobId>
    <jobTitle>Software Engg-2</jobTitle>
    <jobDescription>To develop andriod application</jobDescription>
    <experience>
      <experience>Google</experience>
      <experience>Apple</experience>
      <experience>Mobile Iron</experience>
    </experience>
    <project>
      <project>
        <projectName>Movie App</projectName>
        <technology>
          <technology>Kotlin</technology>
          <technology>SQL Lite</technology>
          <technology>Gradle</technology>
        </technology>
      </project>
    </project>
  </item>
  <item>
    <jobId>17</jobId>
    <jobTitle>Software Engg-3</jobTitle>
    <jobDescription>To develop andriod application and web application</jobDescription>
    <experience>
      <experience>Google</experience>
      <experience>Apple</experience>
      <experience>Mobile Iron</experience>
    </experience>
    <project>
      <project>
        <projectName>Movie App</projectName>
        <technology>
          <technology>Kotlin</technology>
          <technology>SQL Lite</technology>
          <technology>Gradle</technology>
          <technology>Jenkins</technology>
        </technology>
      </project>
      <project>
        <projectName>Movie App</projectName>
        <technology>
          <technology>Kotlin</technology>
          <technology>SQL Lite</technology>
          <technology>Gradle</technology>
          <technology>Jenkins</technology>
        </technology>
      </project>
    </project>
  </item>
  <item>
    <jobId>94</jobId>
    <jobTitle>Software Engg-2</jobTitle>
    <jobDescription>To develop andriod application</jobDescription>
    <experience>
      <experience>Google</experience>
      <experience>Apple</experience>
      <experience>Mobile Iron</experience>
    </experience>
    <project>
      <project>
        <projectName>Movie App</projectName>
        <technology>
          <technology>Kotlin</technology>
          <technology>SQL Lite</technology>
          <technology>Gradle</technology>
        </technology>
      </project>
    </project>
  </item>
  <item>
    <jobId>83</jobId>
    <jobTitle>Software Engg-3</jobTitle>
    <jobDescription>To develop andriod application and web application</jobDescription>
    <experience>
      <experience>Google</experience>
      <experience>Apple</experience>
      <experience>Mobile Iron</experience>
    </experience>
    <project>
      <project>
        <projectName>Movie App</projectName>
        <technology>
          <technology>Kotlin</technology>
          <technology>SQL Lite</technology>
          <technology>Gradle</technology>
          <technology>Jenkins</technology>
        </technology>
      </project>
      <project>
        <projectName>Movie App</projectName>
        <technology>
          <technology>Kotlin</technology>
          <technology>SQL Lite</technology>
          <technology>Gradle</technology>
          <technology>Jenkins</technology>
        </technology>
      </project>
    </project>
  </item>
  <item>
    <jobId>75</jobId>
    <jobTitle>Software Engg-2</jobTitle>
    <jobDescription>To develop andriod application</jobDescription>
    <experience>
      <experience>Google</experience>
      <experience>Apple</experience>
      <experience>Mobile Iron</experience>
    </experience>
    <project>
      <project>
        <projectName>Movie App</projectName>
        <technology>
          <technology>Kotlin</technology>
          <technology>SQL Lite</technology>
          <technology>Gradle</technology>
        </technology>
      </project>
    </project>
  </item>
  <item>
    <jobId>86</jobId>
    <jobTitle>Software Engg-3</jobTitle>
    <jobDescription>To develop andriod application and web application</jobDescription>
    <experience>
      <experience>Google</experience>
      <experience>Apple</experience>
      <experience>Mobile Iron</experience>
    </experience>
    <project>
      <project>
        <projectName>Movie App</projectName>
        <technology>
          <technology>Kotlin</technology>
          <technology>SQL Lite</technology>
          <technology>Gradle</technology>
          <technology>Jenkins</technology>
        </technology>
      </project>
      <project>
        <projectName>Movie App</projectName>
        <technology>
          <technology>Kotlin</technology>
          <technology>SQL Lite</technology>
          <technology>Gradle</technology>
          <technology>Jenkins</technology>
        </technology>
      </project>
    </project>
  </item>
  <item>
    <jobId>40</jobId>
    <jobTitle>Software Engg-2</jobTitle>
    <jobDescription>To develop android application and web application</jobDescription>
    <experience>
      <experience>Google</experience>
      <experience>Apple</experience>
      <experience>Mobile Iron</experience>
    </experience>
    <project>
      <project>
        <projectName>Movie App</projectName>
        <technology>
          <technology>Kotlin</technology>
          <technology>SQL Lite</technology>
          <technology>Gradle</technology>
        </technology>
      </project>
    </project>
  </item>
  <item>
    <jobId>66</jobId>
    <jobTitle>Software Engg-2</jobTitle>
    <jobDescription>To develop android application and web application</jobDescription>
    <experience>
      <experience>Google</experience>
      <experience>Apple</experience>
      <experience>Mobile Iron</experience>
    </experience>
    <project>
      <project>
        <projectName>Movie App</projectName>
        <technology>
          <technology>Kotlin</technology>
          <technology>SQL Lite</technology>
          <technology>Gradle</technology>
        </technology>
      </project>
    </project>
  </item>
  <item>
    <jobId>18</jobId>
    <jobTitle>Software Engg-2</jobTitle>
    <jobDescription>To develop andriod application</jobDescription>
    <experience>
      <experience>Google</experience>
      <experience>Apple</experience>
      <experience>Mobile Iron</experience>
    </experience>
    <project>
      <project>
        <projectName>Movie App</projectName>
        <technology>
          <technology>Kotlin</technology>
          <technology>SQL Lite</technology>
          <technology>Gradle</technology>
        </technology>
      </project>
    </project>
  </item>
  <item>
    <jobId>42</jobId>
    <jobTitle>Software Engg-2</jobTitle>
    <jobDescription>To develop andriod application</jobDescription>
    <experience>
      <experience>Google</experience>
      <experience>Apple</experience>
      <experience>Mobile Iron</experience>
    </experience>
    <project>
      <project>
        <projectName>Movie App</projectName>
        <technology>
          <technology>Kotlin</technology>
          <technology>SQL Lite</technology>
          <technology>Gradle</technology>
        </technology>
      </project>
    </project>
  </item>
  <item>
    <jobId>68</jobId>
    <jobTitle>Software Engg-2</jobTitle>
    <jobDescription>To develop andriod application</jobDescription>
    <experience>
      <experience>Google</experience>
      <experience>Apple</experience>
      <experience>Mobile Iron</experience>
    </experience>
    <project>
      <project>
        <projectName>Movie App</projectName>
        <technology>
          <technology>Kotlin</technology>
          <technology>SQL Lite</technology>
          <technology>Gradle</technology>
        </technology>
      </project>
    </project>
  </item>
  <item>
    <jobId>96</jobId>
    <jobTitle>Software Engg-2</jobTitle>
    <jobDescription>To develop andriod application</jobDescription>
    <experience>
      <experience>Google</experience>
      <experience>Apple</experience>
      <experience>Mobile Iron</experience>
    </experience>
    <project>
      <project>
        <projectName>Movie App</projectName>
        <technology>
          <technology>Kotlin</technology>
          <technology>SQL Lite</technology>
          <technology>Gradle</technology>
        </technology>
      </project>
    </project>
  </item>
  <item>
    <jobId>59</jobId>
    <jobTitle>Software Engg-2</jobTitle>
    <jobDescription>To develop android application and web application</jobDescription>
    <experience>
      <experience>Google</experience>
      <experience>Apple</experience>
      <experience>Mobile Iron</experience>
    </experience>
    <project>
      <project>
        <projectName>Movie App</projectName>
        <technology>
          <technology>Kotlin</technology>
          <technology>SQL Lite</technology>
          <technology>Gradle</technology>
        </technology>
      </project>
    </project>
  </item>
  <item>
    <jobId>8</jobId>
    <jobTitle>Software Engg-2</jobTitle>
    <jobDescription>To develop andriod application</jobDescription>
    <experience>
      <experience>Google</experience>
      <experience>Apple</experience>
      <experience>Mobile Iron</experience>
    </experience>
    <project>
      <project>
        <projectName>Movie App</projectName>
        <technology>
          <technology>Kotlin</technology>
          <technology>SQL Lite</technology>
          <technology>Gradle</technology>
        </technology>
      </project>
    </project>
  </item>
  <item>
    <jobId>32</jobId>
    <jobTitle>Software Engg-2</jobTitle>
    <jobDescription>To develop andriod application</jobDescription>
    <experience>
      <experience>Google</experience>
      <experience>Apple</experience>
      <experience>Mobile Iron</experience>
    </experience>
    <project>
      <project>
        <projectName>Movie App</projectName>
        <technology>
          <technology>Kotlin</technology>
          <technology>SQL Lite</technology>
          <technology>Gradle</technology>
        </technology>
      </project>
    </project>
  </item>
  <item>
    <jobId>8</jobId>
    <jobTitle>Software Engg-2</jobTitle>
    <jobDescription>To develop andriod application</jobDescription>
    <experience>
      <experience>Google</experience>
      <experience>Apple</experience>
      <experience>Mobile Iron</experience>
    </experience>
    <project>
      <project>
        <projectName>Movie App</projectName>
        <technology>
          <technology>Kotlin</technology>
          <technology>SQL Lite</technology>
          <technology>Gradle</technology>
        </technology>
      </project>
    </project>
  </item>
  <item>
    <jobId>9980</jobId>
    <jobTitle>Software Engg-2</jobTitle>
    <jobDescription>To develop android application</jobDescription>
    <experience>
      <experience>Google</experience>
      <experience>Apple</experience>
      <experience>Mobile Iron</experience>
    </experience>
    <project>
      <project>
        <projectName>Movie App</projectName>
        <technology>
          <technology>Kotlin</technology>
          <technology>SQL Lite</technology>
          <technology>Gradle</technology>
        </technology>
      </project>
    </project>
  </item>
  <item>
    <jobId>6</jobId>
    <jobTitle>Software Engg-2</jobTitle>
    <jobDescription>To develop andriod application</jobDescription>
    <experience>
      <experience>Google</experience>
      <experience>Apple</experience>
      <experience>Mobile Iron</experience>
    </experience>
    <project>
      <project>
        <projectName>Movie App</projectName>
        <technology>
          <technology>Kotlin</technology>
          <technology>SQL Lite</technology>
          <technology>Gradle</technology>
        </technology>
      </project>
    </project>
  </item>
  <item>
    <jobId>57</jobId>
    <jobTitle>Software Engg-3</jobTitle>
    <jobDescription>To develop andriod application and web application</jobDescription>
    <experience>
      <experience>Google</experience>
      <experience>Apple</experience>
      <experience>Mobile Iron</experience>
    </experience>
    <project>
      <project>
        <projectName>Movie App</projectName>
        <technology>
          <technology>Kotlin</technology>
          <technology>SQL Lite</technology>
          <technology>Gradle</technology>
          <technology>Jenkins</technology>
        </technology>
      </project>
      <project>
        <projectName>Movie App</projectName>
        <technology>
          <technology>Kotlin</technology>
          <technology>SQL Lite</technology>
          <technology>Gradle</technology>
          <technology>Jenkins</technology>
        </technology>
      </project>
    </project>
  </item>
  <item>
    <jobId>19</jobId>
    <jobTitle>Software Engg-2</jobTitle>
    <jobDescription>To develop andriod application</jobDescription>
    <experience>
      <experience>Google</experience>
      <experience>Apple</experience>
      <experience>Mobile Iron</experience>
    </experience>
    <project>
      <project>
        <projectName>Movie App</projectName>
        <technology>
          <technology>Kotlin</technology>
          <technology>SQL Lite</technology>
          <technology>Gradle</technology>
        </technology>
      </project>
    </project>
  </item>
  <item>
    <jobId>29</jobId>
    <jobTitle>Software Engg-3</jobTitle>
    <jobDescription>To develop andriod application and web application</jobDescription>
    <experience>
      <experience>Google</experience>
      <experience>Apple</experience>
      <experience>Mobile Iron</experience>
    </experience>
    <project>
      <project>
        <projectName>Movie App</projectName>
        <technology>
          <technology>Kotlin</technology>
          <technology>SQL Lite</technology>
          <technology>Gradle</technology>
          <technology>Jenkins</technology>
        </technology>
      </project>
      <project>
        <projectName>Movie App</projectName>
        <technology>
          <technology>Kotlin</technology>
          <technology>SQL Lite</technology>
          <technology>Gradle</technology>
          <technology>Jenkins</technology>
        </technology>
      </project>
    </project>
  </item>
  <item>
    <jobId>90</jobId>
    <jobTitle>Software Engg-2</jobTitle>
    <jobDescription>To develop android application and web application</jobDescription>
    <experience>
      <experience>Google</experience>
      <experience>Apple</experience>
      <experience>Mobile Iron</experience>
    </experience>
    <project>
      <project>
        <projectName>Movie App</projectName>
        <technology>
          <technology>Kotlin</technology>
          <technology>SQL Lite</technology>
          <technology>Gradle</technology>
        </technology>
      </project>
    </project>
  </item>
  <item>
    <jobId>60</jobId>
    <jobTitle>Software Engg-3</jobTitle>
    <jobDescription>To develop andriod application and web application</jobDescription>
    <experience>
      <experience>Google</experience>
      <experience>Apple</experience>
      <experience>Mobile Iron</experience>
    </experience>
    <project>
      <project>
        <projectName>Movie App</projectName>
        <technology>
          <technology>Kotlin</technology>
          <technology>SQL Lite</technology>
          <technology>Gradle</technology>
          <technology>Jenkins</technology>
        </technology>
      </project>
      <project>
        <projectName>Movie App</projectName>
        <technology>
          <technology>Kotlin</technology>
          <technology>SQL Lite</technology>
          <technology>Gradle</technology>
          <technology>Jenkins</technology>
        </technology>
      </project>
    </project>
  </item>
  <item>
    <jobId>92</jobId>
    <jobTitle>Software Engg-2</jobTitle>
    <jobDescription>To develop android application and web application</jobDescription>
    <experience>
      <experience>Google</experience>
      <experience>Apple</experience>
      <experience>Mobile Iron</experience>
    </experience>
    <project>
      <project>
        <projectName>Movie App</projectName>
        <technology>
          <technology>Kotlin</technology>
          <technology>SQL Lite</technology>
          <technology>Gradle</technology>
        </technology>
      </project>
    </project>
  </item>
  <item>
    <jobId>90</jobId>
    <jobTitle>Software Engg-2</jobTitle>
    <jobDescription>To develop andriod application</jobDescription>
    <experience>
      <experience>Google</experience>
      <experience>Apple</experience>
      <experience>Mobile Iron</experience>
    </experience>
    <project>
      <project>
        <projectName>Movie App</projectName>
        <technology>
          <technology>Kotlin</technology>
          <technology>SQL Lite</technology>
          <technology>Gradle</technology>
        </technology>
      </project>
    </project>
  </item>
  <item>
    <jobId>25</jobId>
    <jobTitle>Software Engg-2</jobTitle>
    <jobDescription>To develop andriod application</jobDescription>
    <experience>
      <experience>Google</experience>
      <experience>Apple</experience>
      <experience>Mobile Iron</experience>
    </experience>
    <project>
      <project>
        <projectName>Movie App</projectName>
        <technology>
          <technology>Kotlin</technology>
          <technology>SQL Lite</technology>
          <technology>Gradle</technology>
        </technology>
      </project>
    </project>
  </item>
  <item>
    <jobId>0</jobId>
    <jobTitle>Software Engg-2</jobTitle>
    <jobDescription>To develop android application and web application</jobDescription>
    <experience>
      <experience>Google</experience>
      <experience>Apple</experience>
      <experience>Mobile Iron</experience>
    </experience>
    <project>
      <project>
        <projectName>Movie App</projectName>
        <technology>
          <technology>Kotlin</technology>
          <technology>SQL Lite</technology>
          <technology>Gradle</technology>
        </technology>
      </project>
    </project>
  </item>
  <item>
    <jobId>53</jobId>
    <jobTitle>Software Engg-2</jobTitle>
    <jobDescription>To develop andriod application</jobDescription>
    <experience>
      <experience>Google</experience>
      <experience>Apple</experience>
      <experience>Mobile Iron</experience>
    </experience>
    <project>
      <project>
        <projectName>Movie App</projectName>
        <technology>
          <technology>Kotlin</technology>
          <technology>SQL Lite</technology>
          <technology>Gradle</technology>
        </technology>
      </project>
    </project>
  </item>
  <item>
    <jobId>37</jobId>
    <jobTitle>Software Engg-2</jobTitle>
    <jobDescription>To develop android application and web application</jobDescription>
    <experience>
      <experience>Google</experience>
      <experience>Apple</experience>
      <experience>Mobile Iron</experience>
    </experience>
    <project>
      <project>
        <projectName>Movie App</projectName>
        <technology>
          <technology>Kotlin</technology>
          <technology>SQL Lite</technology>
          <technology>Gradle</technology>
        </technology>
      </project>
    </project>
  </item>
  <item>
    <jobId>41</jobId>
    <jobTitle>Software Engg-2</jobTitle>
    <jobDescription>To develop andriod application</jobDescription>
    <experience>
      <experience>Google</experience>
      <experience>Apple</experience>
      <experience>Mobile Iron</experience>
    </experience>
    <project>
      <project>
        <projectName>Movie App</projectName>
        <technology>
          <technology>Kotlin</technology>
          <technology>SQL Lite</technology>
          <technology>Gradle</technology>
        </technology>
      </project>
    </project>
  </item>
  <item>
    <jobId>40</jobId>
    <jobTitle>Software Engg-2</jobTitle>
    <jobDescription>To develop andriod application</jobDescription>
    <experience>
      <experience>Google</experience>
      <experience>Apple</experience>
      <experience>Mobile Iron</experience>
    </experience>
    <project>
      <project>
        <projectName>Movie App</projectName>
        <technology>
          <technology>Kotlin</technology>
          <technology>SQL Lite</technology>
          <technology>Gradle</technology>
        </technology>
      </project>
    </project>
  </item>
  <item>
    <jobId>0</jobId>
    <jobTitle>Software Engg-2</jobTitle>
    <jobDescription>To develop andriod application</jobDescription>
    <experience>
      <experience>Google</experience>
      <experience>Apple</experience>
      <experience>Mobile Iron</experience>
    </experience>
    <project>
      <project>
        <projectName>Movie App</projectName>
        <technology>
          <technology>Kotlin</technology>
          <technology>SQL Lite</technology>
          <technology>Gradle</technology>
        </technology>
      </project>
    </project>
  </item>
  <item>
    <jobId>76</jobId>
    <jobTitle>Software Engg-2</jobTitle>
    <jobDescription>To develop andriod application</jobDescription>
    <experience>
      <experience>Google</experience>
      <experience>Apple</experience>
      <experience>Mobile Iron</experience>
    </experience>
    <project>
      <project>
        <projectName>Movie App</projectName>
        <technology>
          <technology>Kotlin</technology>
          <technology>SQL Lite</technology>
          <technology>Gradle</technology>
        </technology>
      </project>
    </project>
  </item>
  <item>
    <jobId>49</jobId>
    <jobTitle>Software Engg-2</jobTitle>
    <jobDescription>To develop andriod application</jobDescription>
    <experience>
      <experience>Google</experience>
      <experience>Apple</experience>
      <experience>Mobile Iron</experience>
    </experience>
    <project>
      <project>
        <projectName>Movie App</projectName>
        <technology>
          <technology>Kotlin</technology>
          <technology>SQL Lite</technology>
          <technology>Gradle</technology>
        </technology>
      </project>
    </project>
  </item>
  <item>
    <jobId>9980</jobId>
    <jobTitle>Software Engg-2</jobTitle>
    <jobDescription>To develop android application</jobDescription>
    <experience>
      <experience>Google</experience>
      <experience>Apple</experience>
      <experience>Mobile Iron</experience>
    </experience>
    <project>
      <project>
        <projectName>Movie App</projectName>
        <technology>
          <technology>Kotlin</technology>
          <technology>SQL Lite</technology>
          <technology>Gradle</technology>
        </technology>
      </project>
    </project>
  </item>
  <item>
    <jobId>8</jobId>
    <jobTitle>Software Engg-2</jobTitle>
    <jobDescription>To develop andriod application</jobDescription>
    <experience>
      <experience>Google</experience>
      <experience>Apple</experience>
      <experience>Mobile Iron</experience>
    </experience>
    <project>
      <project>
        <projectName>Movie App</projectName>
        <technology>
          <technology>Kotlin</technology>
          <technology>SQL Lite</technology>
          <technology>Gradle</technology>
        </technology>
      </project>
    </project>
  </item>
  <item>
    <jobId>79</jobId>
    <jobTitle>Software Engg-2</jobTitle>
    <jobDescription>To develop andriod application</jobDescription>
    <experience>
      <experience>Google</experience>
      <experience>Apple</experience>
      <experience>Mobile Iron</experience>
    </experience>
    <project>
      <project>
        <projectName>Movie App</projectName>
        <technology>
          <technology>Kotlin</technology>
          <technology>SQL Lite</technology>
          <technology>Gradle</technology>
        </technology>
      </project>
    </project>
  </item>
  <item>
    <jobId>8</jobId>
    <jobTitle>Software Engg-2</jobTitle>
    <jobDescription>To develop andriod application</jobDescription>
    <experience>
      <experience>Google</experience>
      <experience>Apple</experience>
      <experience>Mobile Iron</experience>
    </experience>
    <project>
      <project>
        <projectName>Movie App</projectName>
        <technology>
          <technology>Kotlin</technology>
          <technology>SQL Lite</technology>
          <technology>Gradle</technology>
        </technology>
      </project>
    </project>
  </item>
  <item>
    <jobId>39</jobId>
    <jobTitle>Software Engg-3</jobTitle>
    <jobDescription>To develop andriod application and web application</jobDescription>
    <experience>
      <experience>Google</experience>
      <experience>Apple</experience>
      <experience>Mobile Iron</experience>
    </experience>
    <project>
      <project>
        <projectName>Movie App</projectName>
        <technology>
          <technology>Kotlin</technology>
          <technology>SQL Lite</technology>
          <technology>Gradle</technology>
          <technology>Jenkins</technology>
        </technology>
      </project>
      <project>
        <projectName>Movie App</projectName>
        <technology>
          <technology>Kotlin</technology>
          <technology>SQL Lite</technology>
          <technology>Gradle</technology>
          <technology>Jenkins</technology>
        </technology>
      </project>
    </project>
  </item>
  <item>
    <jobId>96</jobId>
    <jobTitle>Software Engg-2</jobTitle>
    <jobDescription>To develop andriod application</jobDescription>
    <experience>
      <experience>Google</experience>
      <experience>Apple</experience>
      <experience>Mobile Iron</experience>
    </experience>
    <project>
      <project>
        <projectName>Movie App</projectName>
        <technology>
          <technology>Kotlin</technology>
          <technology>SQL Lite</technology>
          <technology>Gradle</technology>
        </technology>
      </project>
    </project>
  </item>
  <item>
    <jobId>28</jobId>
    <jobTitle>Software Engg-3</jobTitle>
    <jobDescription>To develop andriod application and web application</jobDescription>
    <experience>
      <experience>Google</experience>
      <experience>Apple</experience>
      <experience>Mobile Iron</experience>
    </experience>
    <project>
      <project>
        <projectName>Movie App</projectName>
        <technology>
          <technology>Kotlin</technology>
          <technology>SQL Lite</technology>
          <technology>Gradle</technology>
          <technology>Jenkins</technology>
        </technology>
      </project>
      <project>
        <projectName>Movie App</projectName>
        <technology>
          <technology>Kotlin</technology>
          <technology>SQL Lite</technology>
          <technology>Gradle</technology>
          <technology>Jenkins</technology>
        </technology>
      </project>
    </project>
  </item>
  <item>
    <jobId>80</jobId>
    <jobTitle>Software Engg-2</jobTitle>
    <jobDescription>To develop andriod application</jobDescription>
    <experience>
      <experience>Google</experience>
      <experience>Apple</experience>
      <experience>Mobile Iron</experience>
    </experience>
    <project>
      <project>
        <projectName>Movie App</projectName>
        <technology>
          <technology>Kotlin</technology>
          <technology>SQL Lite</technology>
          <technology>Gradle</technology>
        </technology>
      </project>
    </project>
  </item>
  <item>
    <jobId>130</jobId>
    <jobTitle>Software Engg-3</jobTitle>
    <jobDescription>To develop andriod application and web application</jobDescription>
    <experience>
      <experience>Google</experience>
      <experience>Apple</experience>
      <experience>Mobile Iron</experience>
    </experience>
    <project>
      <project>
        <projectName>Movie App</projectName>
        <technology>
          <technology>Kotlin</technology>
          <technology>SQL Lite</technology>
          <technology>Gradle</technology>
          <technology>Jenkins</technology>
        </technology>
      </project>
      <project>
        <projectName>Movie App</projectName>
        <technology>
          <technology>Kotlin</technology>
          <technology>SQL Lite</technology>
          <technology>Gradle</technology>
          <technology>Jenkins</technology>
        </technology>
      </project>
    </project>
  </item>
  <item>
    <jobId>74</jobId>
    <jobTitle>Software Engg-3</jobTitle>
    <jobDescription>To develop andriod application and web application</jobDescription>
    <experience>
      <experience>Google</experience>
      <experience>Apple</experience>
      <experience>Mobile Iron</experience>
    </experience>
    <project>
      <project>
        <projectName>Movie App</projectName>
        <technology>
          <technology>Kotlin</technology>
          <technology>SQL Lite</technology>
          <technology>Gradle</technology>
          <technology>Jenkins</technology>
        </technology>
      </project>
      <project>
        <projectName>Movie App</projectName>
        <technology>
          <technology>Kotlin</technology>
          <technology>SQL Lite</technology>
          <technology>Gradle</technology>
          <technology>Jenkins</technology>
        </technology>
      </project>
    </project>
  </item>
  <item>
    <jobId>10</jobId>
    <jobTitle>Software Engg-2</jobTitle>
    <jobDescription>To develop andriod application</jobDescription>
    <experience>
      <experience>Google</experience>
      <experience>Apple</experience>
      <experience>Mobile Iron</experience>
    </experience>
    <project>
      <project>
        <projectName>Movie App</projectName>
        <technology>
          <technology>Kotlin</technology>
          <technology>SQL Lite</technology>
          <technology>Gradle</technology>
        </technology>
      </project>
    </project>
  </item>
  <item>
    <jobId>77</jobId>
    <jobTitle>Software Engg-2</jobTitle>
    <jobDescription>To develop andriod application</jobDescription>
    <experience>
      <experience>Google</experience>
      <experience>Apple</experience>
      <experience>Mobile Iron</experience>
    </experience>
    <project>
      <project>
        <projectName>Movie App</projectName>
        <technology>
          <technology>Kotlin</technology>
          <technology>SQL Lite</technology>
          <technology>Gradle</technology>
        </technology>
      </project>
    </project>
  </item>
  <item>
    <jobId>26</jobId>
    <jobTitle>Software Engg-2</jobTitle>
    <jobDescription>To develop andriod application</jobDescription>
    <experience>
      <experience>Google</experience>
      <experience>Apple</experience>
      <experience>Mobile Iron</experience>
    </experience>
    <project>
      <project>
        <projectName>Movie App</projectName>
        <technology>
          <technology>Kotlin</technology>
          <technology>SQL Lite</technology>
          <technology>Gradle</technology>
        </technology>
      </project>
    </project>
  </item>
</List>
 
01:15:28.587 [pool-1-thread-1] DEBUG com.intuit.karate - response time in milliseconds: 131
1 < 200
1 < X-Content-Type-Options: nosniff
1 < X-XSS-Protection: 1; mode=block
1 < Cache-Control: no-cache, no-store, max-age=0, must-revalidate
1 < Pragma: no-cache
1 < Expires: 0
1 < X-Frame-Options: DENY
1 < Content-Type: application/json
1 < Transfer-Encoding: chunked
1 < Date: Wed, 19 Jan 2022 19:45:28 GMT
1 < Keep-Alive: timeout=60
1 < Connection: keep-alive
[{"jobId":1,"jobTitle":"Software Engg","jobDescription":"To develop andriod application","experience":["Google","Apple","Mobile Iron"],"project":[{"projectName":"Movie App","technology":["Kotlin","SQL Lite","Gradle"]}]},{"jobId":68,"jobTitle":"Software Engg-2","jobDescription":"To develop android application and web application","experience":["Google","Apple","Mobile Iron"],"project":[{"projectName":"Movie App","technology":["Kotlin","SQL Lite","Gradle","Jenkins"]},{"projectName":"Movie App","technology":["Kotlin","SQL Lite","Gradle","Jenkins"]}]},{"jobId":34,"jobTitle":"Software Engg-3","jobDescription":"To develop andriod application and web application","experience":["Google","Apple","Mobile Iron"],"project":[{"projectName":"Movie App","technology":["Kotlin","SQL Lite","Gradle","Jenkins"]},{"projectName":"Movie App","technology":["Kotlin","SQL Lite","Gradle","Jenkins"]}]},{"jobId":41,"jobTitle":"Software Engg-2","jobDescription":"To develop android application and web application","experience":["Google","Apple","Mobile Iron"],"project":[{"projectName":"Movie App","technology":["Kotlin","SQL Lite","Gradle","Jenkins"]},{"projectName":"Movie App","technology":["Kotlin","SQL Lite","Gradle","Jenkins"]}]},{"jobId":12,"jobTitle":"Software Engg-2","jobDescription":"To develop andriod application","experience":["Google","Apple","Mobile Iron"],"project":[{"projectName":"Movie App","technology":["Kotlin","SQL Lite","Gradle"]}]},{"jobId":73,"jobTitle":"Software Engg-3","jobDescription":"To develop andriod application and web application","experience":["Google","Apple","Mobile Iron"],"project":[{"projectName":"Movie App","technology":["Kotlin","SQL Lite","Gradle","Jenkins"]},{"projectName":"Movie App","technology":["Kotlin","SQL Lite","Gradle","Jenkins"]}]},{"jobId":99999,"jobTitle":"Software Engg-2","jobDescription":"To develop andriod application","experience":["Google","Apple","Mobile Iron"],"project":[{"projectName":"Movie App","technology":["Kotlin","SQL Lite","Gradle"]}]},{"jobId":38,"jobTitle":"Software Engg-3","jobDescription":"To develop andriod application and web application","experience":["Google","Apple","Mobile Iron"],"project":[{"projectName":"Movie App","technology":["Kotlin","SQL Lite","Gradle","Jenkins"]},{"projectName":"Movie App","technology":["Kotlin","SQL Lite","Gradle","Jenkins"]}]},{"jobId":96,"jobTitle":"Software Engg-3","jobDescription":"To develop andriod application and web application","experience":["Google","Apple","Mobile Iron"],"project":[{"projectName":"Movie App","technology":["Kotlin","SQL Lite","Gradle","Jenkins"]},{"projectName":"Movie App","technology":["Kotlin","SQL Lite","Gradle","Jenkins"]}]},{"jobId":48,"jobTitle":"Software Engg-2","jobDescription":"To develop andriod application","experience":["Google","Apple","Mobile Iron"],"project":[{"projectName":"Movie App","technology":["Kotlin","SQL Lite","Gradle"]}]},{"jobId":6,"jobTitle":"Software Engg-3","jobDescription":"To develop andriod application and web application","experience":["Google","Apple","Mobile Iron"],"project":[{"projectName":"Movie App","technology":["Kotlin","SQL Lite","Gradle","Jenkins"]},{"projectName":"Movie App","technology":["Kotlin","SQL Lite","Gradle","Jenkins"]}]},{"jobId":88,"jobTitle":"Software Engg-2","jobDescription":"To develop android application and web application","experience":["Google","Apple","Mobile Iron"],"project":[{"projectName":"Movie App","technology":["Kotlin","SQL Lite","Gradle"]}]},{"jobId":9,"jobTitle":"Software Engg-3","jobDescription":"To develop andriod application and web application","experience":["Google","Apple","Mobile Iron"],"project":[{"projectName":"Movie App","technology":["Kotlin","SQL Lite","Gradle","Jenkins"]},{"projectName":"Movie App","technology":["Kotlin","SQL Lite","Gradle","Jenkins"]}]},{"jobId":8,"jobTitle":"Software Engg-2","jobDescription":"To develop andriod application","experience":["Google","Apple","Mobile Iron"],"project":[{"projectName":"Movie App","technology":["Kotlin","SQL Lite","Gradle"]}]},{"jobId":7,"jobTitle":"Software Engg-3","jobDescription":"To develop andriod application and web application","experience":["Google","Apple","Mobile Iron"],"project":[{"projectName":"Movie App","technology":["Kotlin","SQL Lite","Gradle","Jenkins"]},{"projectName":"Movie App","technology":["Kotlin","SQL Lite","Gradle","Jenkins"]}]},{"jobId":13,"jobTitle":"Software Engg-2","jobDescription":"To develop andriod application","experience":["Google","Apple","Mobile Iron"],"project":[{"projectName":"Movie App","technology":["Kotlin","SQL Lite","Gradle"]}]},{"jobId":53,"jobTitle":"Software Engg-2","jobDescription":"To develop android application and web application","experience":["Google","Apple","Mobile Iron"],"project":[{"projectName":"Movie App","technology":["Kotlin","SQL Lite","Gradle"]}]},{"jobId":8,"jobTitle":"Software Engg-2","jobDescription":"To develop andriod application","experience":["Google","Apple","Mobile Iron"],"project":[{"projectName":"Movie App","technology":["Kotlin","SQL Lite","Gradle"]}]},{"jobId":8,"jobTitle":"Software Engg-2","jobDescription":"To develop andriod application","experience":["Google","Apple","Mobile Iron"],"project":[{"projectName":"Movie App","technology":["Kotlin","SQL Lite","Gradle"]}]},{"jobId":9980,"jobTitle":"Software Engg-2","jobDescription":"To develop android application","experience":["Google","Apple","Mobile Iron"],"project":[{"projectName":"Movie App","technology":["Kotlin","SQL Lite","Gradle"]}]},{"jobId":80,"jobTitle":"Software Engg-2","jobDescription":"To develop andriod application","experience":["Google","Apple","Mobile Iron"],"project":[{"projectName":"Movie App","technology":["Kotlin","SQL Lite","Gradle"]}]},{"jobId":49,"jobTitle":"Software Engg-2","jobDescription":"To develop android application and web application","experience":["Google","Apple","Mobile Iron"],"project":[{"projectName":"Movie App","technology":["Kotlin","SQL Lite","Gradle","Jenkins"]},{"projectName":"Movie App","technology":["Kotlin","SQL Lite","Gradle","Jenkins"]}]},{"jobId":82,"jobTitle":"Software Engg-3","jobDescription":"To develop andriod application and web application","experience":["Google","Apple","Mobile Iron"],"project":[{"projectName":"Movie App","technology":["Kotlin","SQL Lite","Gradle","Jenkins"]},{"projectName":"Movie App","technology":["Kotlin","SQL Lite","Gradle","Jenkins"]}]},{"jobId":45,"jobTitle":"Software Engg-3","jobDescription":"To develop andriod application and web application","experience":["Google","Apple","Mobile Iron"],"project":[{"projectName":"Movie App","technology":["Kotlin","SQL Lite","Gradle","Jenkins"]},{"projectName":"Movie App","technology":["Kotlin","SQL Lite","Gradle","Jenkins"]}]},{"jobId":26,"jobTitle":"Software Engg-2","jobDescription":"To develop andriod application","experience":["Google","Apple","Mobile Iron"],"project":[{"projectName":"Movie App","technology":["Kotlin","SQL Lite","Gradle"]}]},{"jobId":8,"jobTitle":"Software Engg-2","jobDescription":"To develop andriod application","experience":["Google","Apple","Mobile Iron"],"project":[{"projectName":"Movie App","technology":["Kotlin","SQL Lite","Gradle"]}]},{"jobId":75,"jobTitle":"Software Engg-2","jobDescription":"To develop andriod application","experience":["Google","Apple","Mobile Iron"],"project":[{"projectName":"Movie App","technology":["Kotlin","SQL Lite","Gradle"]}]},{"jobId":8,"jobTitle":"Software Engg-2","jobDescription":"To develop andriod application","experience":["Google","Apple","Mobile Iron"],"project":[{"projectName":"Movie App","technology":["Kotlin","SQL Lite","Gradle"]}]},{"jobId":9980,"jobTitle":"Software Engg-2","jobDescription":"To develop android application","experience":["Google","Apple","Mobile Iron"],"project":[{"projectName":"Movie App","technology":["Kotlin","SQL Lite","Gradle"]}]},{"jobId":84,"jobTitle":"Software Engg-2","jobDescription":"To develop andriod application","experience":["Google","Apple","Mobile Iron"],"project":[{"projectName":"Movie App","technology":["Kotlin","SQL Lite","Gradle"]}]},{"jobId":31,"jobTitle":"Software Engg-3","jobDescription":"To develop andriod application and web application","experience":["Google","Apple","Mobile Iron"],"project":[{"projectName":"Movie App","technology":["Kotlin","SQL Lite","Gradle","Jenkins"]},{"projectName":"Movie App","technology":["Kotlin","SQL Lite","Gradle","Jenkins"]}]},{"jobId":87,"jobTitle":"Software Engg-2","jobDescription":"To develop andriod application","experience":["Google","Apple","Mobile Iron"],"project":[{"projectName":"Movie App","technology":["Kotlin","SQL Lite","Gradle"]}]},{"jobId":93,"jobTitle":"Software Engg-3","jobDescription":"To develop andriod application and web application","experience":["Google","Apple","Mobile Iron"],"project":[{"projectName":"Movie App","technology":["Kotlin","SQL Lite","Gradle","Jenkins"]},{"projectName":"Movie App","technology":["Kotlin","SQL Lite","Gradle","Jenkins"]}]},{"jobId":53,"jobTitle":"Software Engg-2","jobDescription":"To develop andriod application","experience":["Google","Apple","Mobile Iron"],"project":[{"projectName":"Movie App","technology":["Kotlin","SQL Lite","Gradle"]}]},{"jobId":51,"jobTitle":"Software Engg-2","jobDescription":"To develop andriod application","experience":["Google","Apple","Mobile Iron"],"project":[{"projectName":"Movie App","technology":["Kotlin","SQL Lite","Gradle"]}]},{"jobId":19,"jobTitle":"Software Engg-2","jobDescription":"To develop andriod application","experience":["Google","Apple","Mobile Iron"],"project":[{"projectName":"Movie App","technology":["Kotlin","SQL Lite","Gradle"]}]},{"jobId":93,"jobTitle":"Software Engg-2","jobDescription":"To develop andriod application","experience":["Google","Apple","Mobile Iron"],"project":[{"projectName":"Movie App","technology":["Kotlin","SQL Lite","Gradle"]}]},{"jobId":32,"jobTitle":"Software Engg-2","jobDescription":"To develop android application and web application","experience":["Google","Apple","Mobile Iron"],"project":[{"projectName":"Movie App","technology":["Kotlin","SQL Lite","Gradle"]}]},{"jobId":71,"jobTitle":"Software Engg-2","jobDescription":"To develop android application and web application","experience":["Google","Apple","Mobile Iron"],"project":[{"projectName":"Movie App","technology":["Kotlin","SQL Lite","Gradle"]}]},{"jobId":23,"jobTitle":"Software Engg-2","jobDescription":"To develop android application and web application","experience":["Google","Apple","Mobile Iron"],"project":[{"projectName":"Movie App","technology":["Kotlin","SQL Lite","Gradle"]}]},{"jobId":31,"jobTitle":"Software Engg-2","jobDescription":"To develop andriod application","experience":["Google","Apple","Mobile Iron"],"project":[{"projectName":"Movie App","technology":["Kotlin","SQL Lite","Gradle"]}]},{"jobId":10,"jobTitle":"Software Engg-2","jobDescription":"To develop andriod application","experience":["Google","Apple","Mobile Iron"],"project":[{"projectName":"Movie App","technology":["Kotlin","SQL Lite","Gradle"]}]},{"jobId":8,"jobTitle":"Software Engg-2","jobDescription":"To develop andriod application","experience":["Google","Apple","Mobile Iron"],"project":[{"projectName":"Movie App","technology":["Kotlin","SQL Lite","Gradle"]}]},{"jobId":38,"jobTitle":"Software Engg-2","jobDescription":"To develop andriod application","experience":["Google","Apple","Mobile Iron"],"project":[{"projectName":"Movie App","technology":["Kotlin","SQL Lite","Gradle"]}]},{"jobId":8,"jobTitle":"Software Engg-2","jobDescription":"To develop andriod application","experience":["Google","Apple","Mobile Iron"],"project":[{"projectName":"Movie App","technology":["Kotlin","SQL Lite","Gradle"]}]},{"jobId":9980,"jobTitle":"Software Engg-2","jobDescription":"To develop android application","experience":["Google","Apple","Mobile Iron"],"project":[{"projectName":"Movie App","technology":["Kotlin","SQL Lite","Gradle"]}]},{"jobId":5,"jobTitle":"Software Engg-3","jobDescription":"To develop andriod application and web application","experience":["Google","Apple","Mobile Iron"],"project":[{"projectName":"Movie App","technology":["Kotlin","SQL Lite","Gradle","Jenkins"]},{"projectName":"Movie App","technology":["Kotlin","SQL Lite","Gradle","Jenkins"]}]},{"jobId":16,"jobTitle":"Software Engg-3","jobDescription":"To develop andriod application and web application","experience":["Google","Apple","Mobile Iron"],"project":[{"projectName":"Movie App","technology":["Kotlin","SQL Lite","Gradle","Jenkins"]},{"projectName":"Movie App","technology":["Kotlin","SQL Lite","Gradle","Jenkins"]}]},{"jobId":1,"jobTitle":"Software Engg-2","jobDescription":"To develop andriod application","experience":["Google","Apple","Mobile Iron"],"project":[{"projectName":"Movie App","technology":["Kotlin","SQL Lite","Gradle"]}]},{"jobId":7,"jobTitle":"Software Engg-2","jobDescription":"To develop andriod application","experience":["Google","Apple","Mobile Iron"],"project":[{"projectName":"Movie App","technology":["Kotlin","SQL Lite","Gradle"]}]},{"jobId":35,"jobTitle":"Software Engg-2","jobDescription":"To develop android application and web application","experience":["Google","Apple","Mobile Iron"],"project":[{"projectName":"Movie App","technology":["Kotlin","SQL Lite","Gradle"]}]},{"jobId":48,"jobTitle":"Software Engg-2","jobDescription":"To develop andriod application","experience":["Google","Apple","Mobile Iron"],"project":[{"projectName":"Movie App","technology":["Kotlin","SQL Lite","Gradle"]}]},{"jobId":2,"jobTitle":"Software Engg-2","jobDescription":"To develop andriod application","experience":["Google","Apple","Mobile Iron"],"project":[{"projectName":"Movie App","technology":["Kotlin","SQL Lite","Gradle"]}]},{"jobId":88,"jobTitle":"Software Engg-2","jobDescription":"To develop andriod application","experience":["Google","Apple","Mobile Iron"],"project":[{"projectName":"Movie App","technology":["Kotlin","SQL Lite","Gradle"]}]},{"jobId":21,"jobTitle":"Software Engg-2","jobDescription":"To develop andriod application","experience":["Google","Apple","Mobile Iron"],"project":[{"projectName":"Movie App","technology":["Kotlin","SQL Lite","Gradle"]}]},{"jobId":71,"jobTitle":"Software Engg-2","jobDescription":"To develop andriod application","experience":["Google","Apple","Mobile Iron"],"project":[{"projectName":"Movie App","technology":["Kotlin","SQL Lite","Gradle"]}]},{"jobId":8,"jobTitle":"Software Engg-2","jobDescription":"To develop andriod application","experience":["Google","Apple","Mobile Iron"],"project":[{"projectName":"Movie App","technology":["Kotlin","SQL Lite","Gradle"]}]},{"jobId":94,"jobTitle":"Software Engg-2","jobDescription":"To develop andriod application","experience":["Google","Apple","Mobile Iron"],"project":[{"projectName":"Movie App","technology":["Kotlin","SQL Lite","Gradle"]}]},{"jobId":8,"jobTitle":"Software Engg-2","jobDescription":"To develop andriod application","experience":["Google","Apple","Mobile Iron"],"project":[{"projectName":"Movie App","technology":["Kotlin","SQL Lite","Gradle"]}]},{"jobId":9980,"jobTitle":"Software Engg-2","jobDescription":"To develop android application","experience":["Google","Apple","Mobile Iron"],"project":[{"projectName":"Movie App","technology":["Kotlin","SQL Lite","Gradle"]}]},{"jobId":89,"jobTitle":"Software Engg-3","jobDescription":"To develop andriod application and web application","experience":["Google","Apple","Mobile Iron"],"project":[{"projectName":"Movie App","technology":["Kotlin","SQL Lite","Gradle","Jenkins"]},{"projectName":"Movie App","technology":["Kotlin","SQL Lite","Gradle","Jenkins"]}]},{"jobId":35,"jobTitle":"Software Engg-2","jobDescription":"To develop andriod application","experience":["Google","Apple","Mobile Iron"],"project":[{"projectName":"Movie App","technology":["Kotlin","SQL Lite","Gradle"]}]},{"jobId":77,"jobTitle":"Software Engg-2","jobDescription":"To develop android application and web application","experience":["Google","Apple","Mobile Iron"],"project":[{"projectName":"Movie App","technology":["Kotlin","SQL Lite","Gradle"]}]},{"jobId":50,"jobTitle":"Software Engg-3","jobDescription":"To develop andriod application and web application","experience":["Google","Apple","Mobile Iron"],"project":[{"projectName":"Movie App","technology":["Kotlin","SQL Lite","Gradle","Jenkins"]},{"projectName":"Movie App","technology":["Kotlin","SQL Lite","Gradle","Jenkins"]}]},{"jobId":33,"jobTitle":"Software Engg-2","jobDescription":"To develop andriod application","experience":["Google","Apple","Mobile Iron"],"project":[{"projectName":"Movie App","technology":["Kotlin","SQL Lite","Gradle"]}]},{"jobId":78,"jobTitle":"Software Engg-2","jobDescription":"To develop android application and web application","experience":["Google","Apple","Mobile Iron"],"project":[{"projectName":"Movie App","technology":["Kotlin","SQL Lite","Gradle"]}]},{"jobId":3,"jobTitle":"Software Engg-2","jobDescription":"To develop android application and web application","experience":["Google","Apple","Mobile Iron"],"project":[{"projectName":"Movie App","technology":["Kotlin","SQL Lite","Gradle"]}]},{"jobId":18,"jobTitle":"Software Engg-2","jobDescription":"To develop android application and web application","experience":["Google","Apple","Mobile Iron"],"project":[{"projectName":"Movie App","technology":["Kotlin","SQL Lite","Gradle"]}]},{"jobId":4,"jobTitle":"Software Engg-2","jobDescription":"To develop android application and web application","experience":["Google","Apple","Mobile Iron"],"project":[{"projectName":"Movie App","technology":["Kotlin","SQL Lite","Gradle"]}]},{"jobId":8,"jobTitle":"Software Engg-2","jobDescription":"To develop andriod application","experience":["Google","Apple","Mobile Iron"],"project":[{"projectName":"Movie App","technology":["Kotlin","SQL Lite","Gradle"]}]},{"jobId":9980,"jobTitle":"Software Engg-2","jobDescription":"To develop android application","experience":["Google","Apple","Mobile Iron"],"project":[{"projectName":"Movie App","technology":["Kotlin","SQL Lite","Gradle"]}]},{"jobId":8,"jobTitle":"Software Engg-2","jobDescription":"To develop andriod application","experience":["Google","Apple","Mobile Iron"],"project":[{"projectName":"Movie App","technology":["Kotlin","SQL Lite","Gradle"]}]},{"jobId":17,"jobTitle":"Software Engg-3","jobDescription":"To develop andriod application and web application","experience":["Google","Apple","Mobile Iron"],"project":[{"projectName":"Movie App","technology":["Kotlin","SQL Lite","Gradle","Jenkins"]},{"projectName":"Movie App","technology":["Kotlin","SQL Lite","Gradle","Jenkins"]}]},{"jobId":94,"jobTitle":"Software Engg-2","jobDescription":"To develop andriod application","experience":["Google","Apple","Mobile Iron"],"project":[{"projectName":"Movie App","technology":["Kotlin","SQL Lite","Gradle"]}]},{"jobId":83,"jobTitle":"Software Engg-3","jobDescription":"To develop andriod application and web application","experience":["Google","Apple","Mobile Iron"],"project":[{"projectName":"Movie App","technology":["Kotlin","SQL Lite","Gradle","Jenkins"]},{"projectName":"Movie App","technology":["Kotlin","SQL Lite","Gradle","Jenkins"]}]},{"jobId":75,"jobTitle":"Software Engg-2","jobDescription":"To develop andriod application","experience":["Google","Apple","Mobile Iron"],"project":[{"projectName":"Movie App","technology":["Kotlin","SQL Lite","Gradle"]}]},{"jobId":86,"jobTitle":"Software Engg-3","jobDescription":"To develop andriod application and web application","experience":["Google","Apple","Mobile Iron"],"project":[{"projectName":"Movie App","technology":["Kotlin","SQL Lite","Gradle","Jenkins"]},{"projectName":"Movie App","technology":["Kotlin","SQL Lite","Gradle","Jenkins"]}]},{"jobId":40,"jobTitle":"Software Engg-2","jobDescription":"To develop android application and web application","experience":["Google","Apple","Mobile Iron"],"project":[{"projectName":"Movie App","technology":["Kotlin","SQL Lite","Gradle"]}]},{"jobId":66,"jobTitle":"Software Engg-2","jobDescription":"To develop android application and web application","experience":["Google","Apple","Mobile Iron"],"project":[{"projectName":"Movie App","technology":["Kotlin","SQL Lite","Gradle"]}]},{"jobId":18,"jobTitle":"Software Engg-2","jobDescription":"To develop andriod application","experience":["Google","Apple","Mobile Iron"],"project":[{"projectName":"Movie App","technology":["Kotlin","SQL Lite","Gradle"]}]},{"jobId":42,"jobTitle":"Software Engg-2","jobDescription":"To develop andriod application","experience":["Google","Apple","Mobile Iron"],"project":[{"projectName":"Movie App","technology":["Kotlin","SQL Lite","Gradle"]}]},{"jobId":68,"jobTitle":"Software Engg-2","jobDescription":"To develop andriod application","experience":["Google","Apple","Mobile Iron"],"project":[{"projectName":"Movie App","technology":["Kotlin","SQL Lite","Gradle"]}]},{"jobId":96,"jobTitle":"Software Engg-2","jobDescription":"To develop andriod application","experience":["Google","Apple","Mobile Iron"],"project":[{"projectName":"Movie App","technology":["Kotlin","SQL Lite","Gradle"]}]},{"jobId":59,"jobTitle":"Software Engg-2","jobDescription":"To develop android application and web application","experience":["Google","Apple","Mobile Iron"],"project":[{"projectName":"Movie App","technology":["Kotlin","SQL Lite","Gradle"]}]},{"jobId":8,"jobTitle":"Software Engg-2","jobDescription":"To develop andriod application","experience":["Google","Apple","Mobile Iron"],"project":[{"projectName":"Movie App","technology":["Kotlin","SQL Lite","Gradle"]}]},{"jobId":32,"jobTitle":"Software Engg-2","jobDescription":"To develop andriod application","experience":["Google","Apple","Mobile Iron"],"project":[{"projectName":"Movie App","technology":["Kotlin","SQL Lite","Gradle"]}]},{"jobId":8,"jobTitle":"Software Engg-2","jobDescription":"To develop andriod application","experience":["Google","Apple","Mobile Iron"],"project":[{"projectName":"Movie App","technology":["Kotlin","SQL Lite","Gradle"]}]},{"jobId":9980,"jobTitle":"Software Engg-2","jobDescription":"To develop android application","experience":["Google","Apple","Mobile Iron"],"project":[{"projectName":"Movie App","technology":["Kotlin","SQL Lite","Gradle"]}]},{"jobId":6,"jobTitle":"Software Engg-2","jobDescription":"To develop andriod application","experience":["Google","Apple","Mobile Iron"],"project":[{"projectName":"Movie App","technology":["Kotlin","SQL Lite","Gradle"]}]},{"jobId":57,"jobTitle":"Software Engg-3","jobDescription":"To develop andriod application and web application","experience":["Google","Apple","Mobile Iron"],"project":[{"projectName":"Movie App","technology":["Kotlin","SQL Lite","Gradle","Jenkins"]},{"projectName":"Movie App","technology":["Kotlin","SQL Lite","Gradle","Jenkins"]}]},{"jobId":19,"jobTitle":"Software Engg-2","jobDescription":"To develop andriod application","experience":["Google","Apple","Mobile Iron"],"project":[{"projectName":"Movie App","technology":["Kotlin","SQL Lite","Gradle"]}]},{"jobId":29,"jobTitle":"Software Engg-3","jobDescription":"To develop andriod application and web application","experience":["Google","Apple","Mobile Iron"],"project":[{"projectName":"Movie App","technology":["Kotlin","SQL Lite","Gradle","Jenkins"]},{"projectName":"Movie App","technology":["Kotlin","SQL Lite","Gradle","Jenkins"]}]},{"jobId":90,"jobTitle":"Software Engg-2","jobDescription":"To develop android application and web application","experience":["Google","Apple","Mobile Iron"],"project":[{"projectName":"Movie App","technology":["Kotlin","SQL Lite","Gradle"]}]},{"jobId":60,"jobTitle":"Software Engg-3","jobDescription":"To develop andriod application and web application","experience":["Google","Apple","Mobile Iron"],"project":[{"projectName":"Movie App","technology":["Kotlin","SQL Lite","Gradle","Jenkins"]},{"projectName":"Movie App","technology":["Kotlin","SQL Lite","Gradle","Jenkins"]}]},{"jobId":92,"jobTitle":"Software Engg-2","jobDescription":"To develop android application and web application","experience":["Google","Apple","Mobile Iron"],"project":[{"projectName":"Movie App","technology":["Kotlin","SQL Lite","Gradle"]}]},{"jobId":90,"jobTitle":"Software Engg-2","jobDescription":"To develop andriod application","experience":["Google","Apple","Mobile Iron"],"project":[{"projectName":"Movie App","technology":["Kotlin","SQL Lite","Gradle"]}]},{"jobId":25,"jobTitle":"Software Engg-2","jobDescription":"To develop andriod application","experience":["Google","Apple","Mobile Iron"],"project":[{"projectName":"Movie App","technology":["Kotlin","SQL Lite","Gradle"]}]},{"jobId":0,"jobTitle":"Software Engg-2","jobDescription":"To develop android application and web application","experience":["Google","Apple","Mobile Iron"],"project":[{"projectName":"Movie App","technology":["Kotlin","SQL Lite","Gradle"]}]},{"jobId":53,"jobTitle":"Software Engg-2","jobDescription":"To develop andriod application","experience":["Google","Apple","Mobile Iron"],"project":[{"projectName":"Movie App","technology":["Kotlin","SQL Lite","Gradle"]}]},{"jobId":37,"jobTitle":"Software Engg-2","jobDescription":"To develop android application and web application","experience":["Google","Apple","Mobile Iron"],"project":[{"projectName":"Movie App","technology":["Kotlin","SQL Lite","Gradle"]}]},{"jobId":41,"jobTitle":"Software Engg-2","jobDescription":"To develop andriod application","experience":["Google","Apple","Mobile Iron"],"project":[{"projectName":"Movie App","technology":["Kotlin","SQL Lite","Gradle"]}]},{"jobId":40,"jobTitle":"Software Engg-2","jobDescription":"To develop andriod application","experience":["Google","Apple","Mobile Iron"],"project":[{"projectName":"Movie App","technology":["Kotlin","SQL Lite","Gradle"]}]},{"jobId":0,"jobTitle":"Software Engg-2","jobDescription":"To develop andriod application","experience":["Google","Apple","Mobile Iron"],"project":[{"projectName":"Movie App","technology":["Kotlin","SQL Lite","Gradle"]}]},{"jobId":76,"jobTitle":"Software Engg-2","jobDescription":"To develop andriod application","experience":["Google","Apple","Mobile Iron"],"project":[{"projectName":"Movie App","technology":["Kotlin","SQL Lite","Gradle"]}]},{"jobId":49,"jobTitle":"Software Engg-2","jobDescription":"To develop andriod application","experience":["Google","Apple","Mobile Iron"],"project":[{"projectName":"Movie App","technology":["Kotlin","SQL Lite","Gradle"]}]},{"jobId":9980,"jobTitle":"Software Engg-2","jobDescription":"To develop android application","experience":["Google","Apple","Mobile Iron"],"project":[{"projectName":"Movie App","technology":["Kotlin","SQL Lite","Gradle"]}]},{"jobId":8,"jobTitle":"Software Engg-2","jobDescription":"To develop andriod application","experience":["Google","Apple","Mobile Iron"],"project":[{"projectName":"Movie App","technology":["Kotlin","SQL Lite","Gradle"]}]},{"jobId":79,"jobTitle":"Software Engg-2","jobDescription":"To develop andriod application","experience":["Google","Apple","Mobile Iron"],"project":[{"projectName":"Movie App","technology":["Kotlin","SQL Lite","Gradle"]}]},{"jobId":8,"jobTitle":"Software Engg-2","jobDescription":"To develop andriod application","experience":["Google","Apple","Mobile Iron"],"project":[{"projectName":"Movie App","technology":["Kotlin","SQL Lite","Gradle"]}]},{"jobId":39,"jobTitle":"Software Engg-3","jobDescription":"To develop andriod application and web application","experience":["Google","Apple","Mobile Iron"],"project":[{"projectName":"Movie App","technology":["Kotlin","SQL Lite","Gradle","Jenkins"]},{"projectName":"Movie App","technology":["Kotlin","SQL Lite","Gradle","Jenkins"]}]},{"jobId":96,"jobTitle":"Software Engg-2","jobDescription":"To develop andriod application","experience":["Google","Apple","Mobile Iron"],"project":[{"projectName":"Movie App","technology":["Kotlin","SQL Lite","Gradle"]}]},{"jobId":28,"jobTitle":"Software Engg-3","jobDescription":"To develop andriod application and web application","experience":["Google","Apple","Mobile Iron"],"project":[{"projectName":"Movie App","technology":["Kotlin","SQL Lite","Gradle","Jenkins"]},{"projectName":"Movie App","technology":["Kotlin","SQL Lite","Gradle","Jenkins"]}]},{"jobId":80,"jobTitle":"Software Engg-2","jobDescription":"To develop andriod application","experience":["Google","Apple","Mobile Iron"],"project":[{"projectName":"Movie App","technology":["Kotlin","SQL Lite","Gradle"]}]},{"jobId":130,"jobTitle":"Software Engg-3","jobDescription":"To develop andriod application and web application","experience":["Google","Apple","Mobile Iron"],"project":[{"projectName":"Movie App","technology":["Kotlin","SQL Lite","Gradle","Jenkins"]},{"projectName":"Movie App","technology":["Kotlin","SQL Lite","Gradle","Jenkins"]}]},{"jobId":74,"jobTitle":"Software Engg-3","jobDescription":"To develop andriod application and web application","experience":["Google","Apple","Mobile Iron"],"project":[{"projectName":"Movie App","technology":["Kotlin","SQL Lite","Gradle","Jenkins"]},{"projectName":"Movie App","technology":["Kotlin","SQL Lite","Gradle","Jenkins"]}]},{"jobId":10,"jobTitle":"Software Engg-2","jobDescription":"To develop andriod application","experience":["Google","Apple","Mobile Iron"],"project":[{"projectName":"Movie App","technology":["Kotlin","SQL Lite","Gradle"]}]},{"jobId":77,"jobTitle":"Software Engg-2","jobDescription":"To develop andriod application","experience":["Google","Apple","Mobile Iron"],"project":[{"projectName":"Movie App","technology":["Kotlin","SQL Lite","Gradle"]}]},{"jobId":26,"jobTitle":"Software Engg-2","jobDescription":"To develop andriod application","experience":["Google","Apple","Mobile Iron"],"project":[{"projectName":"Movie App","technology":["Kotlin","SQL Lite","Gradle"]}]}]
01:15:28.592 [pool-1-thread-1] INFO  com.intuit.karate - [print] JsonResponse ==> [
  {
    "jobId": 1,
    "jobTitle": "Software Engg",
    "jobDescription": "To develop andriod application",
    "experience": [
      "Google",
      "Apple",
      "Mobile Iron"
    ],
    "project": [
      {
        "projectName": "Movie App",
        "technology": [
          "Kotlin",
          "SQL Lite",
          "Gradle"
        ]
      }
    ]
  }
]
 
01:15:28.598 [pool-1-thread-1] ERROR com.intuit.karate - classpath:com/api/automation/getrequest/ValidationUsingFile.feature:18
And match response == actualResponse
match failed: EQUALS
  $ | not equal | actual array length is not equal to expected - 118:1 (LIST:LIST)
  [{"jobId":1,"jobTitle":"Software Engg","jobDescription":"To develop andriod application","experience":["Google","Apple","Mobile Iron"],"project":[{"projectName":"Movie App","technology":["Kotlin","SQL Lite","Gradle"]}]},{"jobId":68,"jobTitle":"Software Engg-2","jobDescription":"To develop android application and web application","experience":["Google","Apple","Mobile Iron"],"project":[{"projectName":"Movie App","technology":["Kotlin","SQL Lite","Gradle","Jenkins"]},{"projectName":"Movie App","technology":["Kotlin","SQL Lite","Gradle","Jenkins"]}]},{"jobId":34,"jobTitle":"Software Engg-3","jobDescription":"To develop andriod application and web application","experience":["Google","Apple","Mobile Iron"],"project":[{"projectName":"Movie App","technology":["Kotlin","SQL Lite","Gradle","Jenkins"]},{"projectName":"Movie App","technology":["Kotlin","SQL Lite","Gradle","Jenkins"]}]},{"jobId":41,"jobTitle":"Software Engg-2","jobDescription":"To develop android application and web application","experience":["Google","Apple","Mobile Iron"],"project":[{"projectName":"Movie App","technology":["Kotlin","SQL Lite","Gradle","Jenkins"]},{"projectName":"Movie App","technology":["Kotlin","SQL Lite","Gradle","Jenkins"]}]},{"jobId":12,"jobTitle":"Software Engg-2","jobDescription":"To develop andriod application","experience":["Google","Apple","Mobile Iron"],"project":[{"projectName":"Movie App","technology":["Kotlin","SQL Lite","Gradle"]}]},{"jobId":73,"jobTitle":"Software Engg-3","jobDescription":"To develop andriod application and web application","experience":["Google","Apple","Mobile Iron"],"project":[{"projectName":"Movie App","technology":["Kotlin","SQL Lite","Gradle","Jenkins"]},{"projectName":"Movie App","technology":["Kotlin","SQL Lite","Gradle","Jenkins"]}]},{"jobId":99999,"jobTitle":"Software Engg-2","jobDescription":"To develop andriod application","experience":["Google","Apple","Mobile Iron"],"project":[{"projectName":"Movie App","technology":["Kotlin","SQL Lite","Gradle"]}]},{"jobId":38,"jobTitle":"Software Engg-3","jobDescription":"To develop andriod application and web application","experience":["Google","Apple","Mobile Iron"],"project":[{"projectName":"Movie App","technology":["Kotlin","SQL Lite","Gradle","Jenkins"]},{"projectName":"Movie App","technology":["Kotlin","SQL Lite","Gradle","Jenkins"]}]},{"jobId":96,"jobTitle":"Software Engg-3","jobDescription":"To develop andriod application and web application","experience":["Google","Apple","Mobile Iron"],"project":[{"projectName":"Movie App","technology":["Kotlin","SQL Lite","Gradle","Jenkins"]},{"projectName":"Movie App","technology":["Kotlin","SQL Lite","Gradle","Jenkins"]}]},{"jobId":48,"jobTitle":"Software Engg-2","jobDescription":"To develop andriod application","experience":["Google","Apple","Mobile Iron"],"project":[{"projectName":"Movie App","technology":["Kotlin","SQL Lite","Gradle"]}]},{"jobId":6,"jobTitle":"Software Engg-3","jobDescription":"To develop andriod application and web application","experience":["Google","Apple","Mobile Iron"],"project":[{"projectName":"Movie App","technology":["Kotlin","SQL Lite","Gradle","Jenkins"]},{"projectName":"Movie App","technology":["Kotlin","SQL Lite","Gradle","Jenkins"]}]},{"jobId":88,"jobTitle":"Software Engg-2","jobDescription":"To develop android application and web application","experience":["Google","Apple","Mobile Iron"],"project":[{"projectName":"Movie App","technology":["Kotlin","SQL Lite","Gradle"]}]},{"jobId":9,"jobTitle":"Software Engg-3","jobDescription":"To develop andriod application and web application","experience":["Google","Apple","Mobile Iron"],"project":[{"projectName":"Movie App","technology":["Kotlin","SQL Lite","Gradle","Jenkins"]},{"projectName":"Movie App","technology":["Kotlin","SQL Lite","Gradle","Jenkins"]}]},{"jobId":8,"jobTitle":"Software Engg-2","jobDescription":"To develop andriod application","experience":["Google","Apple","Mobile Iron"],"project":[{"projectName":"Movie App","technology":["Kotlin","SQL Lite","Gradle"]}]},{"jobId":7,"jobTitle":"Software Engg-3","jobDescription":"To develop andriod application and web application","experience":["Google","Apple","Mobile Iron"],"project":[{"projectName":"Movie App","technology":["Kotlin","SQL Lite","Gradle","Jenkins"]},{"projectName":"Movie App","technology":["Kotlin","SQL Lite","Gradle","Jenkins"]}]},{"jobId":13,"jobTitle":"Software Engg-2","jobDescription":"To develop andriod application","experience":["Google","Apple","Mobile Iron"],"project":[{"projectName":"Movie App","technology":["Kotlin","SQL Lite","Gradle"]}]},{"jobId":53,"jobTitle":"Software Engg-2","jobDescription":"To develop android application and web application","experience":["Google","Apple","Mobile Iron"],"project":[{"projectName":"Movie App","technology":["Kotlin","SQL Lite","Gradle"]}]},{"jobId":8,"jobTitle":"Software Engg-2","jobDescription":"To develop andriod application","experience":["Google","Apple","Mobile Iron"],"project":[{"projectName":"Movie App","technology":["Kotlin","SQL Lite","Gradle"]}]},{"jobId":8,"jobTitle":"Software Engg-2","jobDescription":"To develop andriod application","experience":["Google","Apple","Mobile Iron"],"project":[{"projectName":"Movie App","technology":["Kotlin","SQL Lite","Gradle"]}]},{"jobId":9980,"jobTitle":"Software Engg-2","jobDescription":"To develop android application","experience":["Google","Apple","Mobile Iron"],"project":[{"projectName":"Movie App","technology":["Kotlin","SQL Lite","Gradle"]}]},{"jobId":80,"jobTitle":"Software Engg-2","jobDescription":"To develop andriod application","experience":["Google","Apple","Mobile Iron"],"project":[{"projectName":"Movie App","technology":["Kotlin","SQL Lite","Gradle"]}]},{"jobId":49,"jobTitle":"Software Engg-2","jobDescription":"To develop android application and web application","experience":["Google","Apple","Mobile Iron"],"project":[{"projectName":"Movie App","technology":["Kotlin","SQL Lite","Gradle","Jenkins"]},{"projectName":"Movie App","technology":["Kotlin","SQL Lite","Gradle","Jenkins"]}]},{"jobId":82,"jobTitle":"Software Engg-3","jobDescription":"To develop andriod application and web application","experience":["Google","Apple","Mobile Iron"],"project":[{"projectName":"Movie App","technology":["Kotlin","SQL Lite","Gradle","Jenkins"]},{"projectName":"Movie App","technology":["Kotlin","SQL Lite","Gradle","Jenkins"]}]},{"jobId":45,"jobTitle":"Software Engg-3","jobDescription":"To develop andriod application and web application","experience":["Google","Apple","Mobile Iron"],"project":[{"projectName":"Movie App","technology":["Kotlin","SQL Lite","Gradle","Jenkins"]},{"projectName":"Movie App","technology":["Kotlin","SQL Lite","Gradle","Jenkins"]}]},{"jobId":26,"jobTitle":"Software Engg-2","jobDescription":"To develop andriod application","experience":["Google","Apple","Mobile Iron"],"project":[{"projectName":"Movie App","technology":["Kotlin","SQL Lite","Gradle"]}]},{"jobId":8,"jobTitle":"Software Engg-2","jobDescription":"To develop andriod application","experience":["Google","Apple","Mobile Iron"],"project":[{"projectName":"Movie App","technology":["Kotlin","SQL Lite","Gradle"]}]},{"jobId":75,"jobTitle":"Software Engg-2","jobDescription":"To develop andriod application","experience":["Google","Apple","Mobile Iron"],"project":[{"projectName":"Movie App","technology":["Kotlin","SQL Lite","Gradle"]}]},{"jobId":8,"jobTitle":"Software Engg-2","jobDescription":"To develop andriod application","experience":["Google","Apple","Mobile Iron"],"project":[{"projectName":"Movie App","technology":["Kotlin","SQL Lite","Gradle"]}]},{"jobId":9980,"jobTitle":"Software Engg-2","jobDescription":"To develop android application","experience":["Google","Apple","Mobile Iron"],"project":[{"projectName":"Movie App","technology":["Kotlin","SQL Lite","Gradle"]}]},{"jobId":84,"jobTitle":"Software Engg-2","jobDescription":"To develop andriod application","experience":["Google","Apple","Mobile Iron"],"project":[{"projectName":"Movie App","technology":["Kotlin","SQL Lite","Gradle"]}]},{"jobId":31,"jobTitle":"Software Engg-3","jobDescription":"To develop andriod application and web application","experience":["Google","Apple","Mobile Iron"],"project":[{"projectName":"Movie App","technology":["Kotlin","SQL Lite","Gradle","Jenkins"]},{"projectName":"Movie App","technology":["Kotlin","SQL Lite","Gradle","Jenkins"]}]},{"jobId":87,"jobTitle":"Software Engg-2","jobDescription":"To develop andriod application","experience":["Google","Apple","Mobile Iron"],"project":[{"projectName":"Movie App","technology":["Kotlin","SQL Lite","Gradle"]}]},{"jobId":93,"jobTitle":"Software Engg-3","jobDescription":"To develop andriod application and web application","experience":["Google","Apple","Mobile Iron"],"project":[{"projectName":"Movie App","technology":["Kotlin","SQL Lite","Gradle","Jenkins"]},{"projectName":"Movie App","technology":["Kotlin","SQL Lite","Gradle","Jenkins"]}]},{"jobId":53,"jobTitle":"Software Engg-2","jobDescription":"To develop andriod application","experience":["Google","Apple","Mobile Iron"],"project":[{"projectName":"Movie App","technology":["Kotlin","SQL Lite","Gradle"]}]},{"jobId":51,"jobTitle":"Software Engg-2","jobDescription":"To develop andriod application","experience":["Google","Apple","Mobile Iron"],"project":[{"projectName":"Movie App","technology":["Kotlin","SQL Lite","Gradle"]}]},{"jobId":19,"jobTitle":"Software Engg-2","jobDescription":"To develop andriod application","experience":["Google","Apple","Mobile Iron"],"project":[{"projectName":"Movie App","technology":["Kotlin","SQL Lite","Gradle"]}]},{"jobId":93,"jobTitle":"Software Engg-2","jobDescription":"To develop andriod application","experience":["Google","Apple","Mobile Iron"],"project":[{"projectName":"Movie App","technology":["Kotlin","SQL Lite","Gradle"]}]},{"jobId":32,"jobTitle":"Software Engg-2","jobDescription":"To develop android application and web application","experience":["Google","Apple","Mobile Iron"],"project":[{"projectName":"Movie App","technology":["Kotlin","SQL Lite","Gradle"]}]},{"jobId":71,"jobTitle":"Software Engg-2","jobDescription":"To develop android application and web application","experience":["Google","Apple","Mobile Iron"],"project":[{"projectName":"Movie App","technology":["Kotlin","SQL Lite","Gradle"]}]},{"jobId":23,"jobTitle":"Software Engg-2","jobDescription":"To develop android application and web application","experience":["Google","Apple","Mobile Iron"],"project":[{"projectName":"Movie App","technology":["Kotlin","SQL Lite","Gradle"]}]},{"jobId":31,"jobTitle":"Software Engg-2","jobDescription":"To develop andriod application","experience":["Google","Apple","Mobile Iron"],"project":[{"projectName":"Movie App","technology":["Kotlin","SQL Lite","Gradle"]}]},{"jobId":10,"jobTitle":"Software Engg-2","jobDescription":"To develop andriod application","experience":["Google","Apple","Mobile Iron"],"project":[{"projectName":"Movie App","technology":["Kotlin","SQL Lite","Gradle"]}]},{"jobId":8,"jobTitle":"Software Engg-2","jobDescription":"To develop andriod application","experience":["Google","Apple","Mobile Iron"],"project":[{"projectName":"Movie App","technology":["Kotlin","SQL Lite","Gradle"]}]},{"jobId":38,"jobTitle":"Software Engg-2","jobDescription":"To develop andriod application","experience":["Google","Apple","Mobile Iron"],"project":[{"projectName":"Movie App","technology":["Kotlin","SQL Lite","Gradle"]}]},{"jobId":8,"jobTitle":"Software Engg-2","jobDescription":"To develop andriod application","experience":["Google","Apple","Mobile Iron"],"project":[{"projectName":"Movie App","technology":["Kotlin","SQL Lite","Gradle"]}]},{"jobId":9980,"jobTitle":"Software Engg-2","jobDescription":"To develop android application","experience":["Google","Apple","Mobile Iron"],"project":[{"projectName":"Movie App","technology":["Kotlin","SQL Lite","Gradle"]}]},{"jobId":5,"jobTitle":"Software Engg-3","jobDescription":"To develop andriod application and web application","experience":["Google","Apple","Mobile Iron"],"project":[{"projectName":"Movie App","technology":["Kotlin","SQL Lite","Gradle","Jenkins"]},{"projectName":"Movie App","technology":["Kotlin","SQL Lite","Gradle","Jenkins"]}]},{"jobId":16,"jobTitle":"Software Engg-3","jobDescription":"To develop andriod application and web application","experience":["Google","Apple","Mobile Iron"],"project":[{"projectName":"Movie App","technology":["Kotlin","SQL Lite","Gradle","Jenkins"]},{"projectName":"Movie App","technology":["Kotlin","SQL Lite","Gradle","Jenkins"]}]},{"jobId":1,"jobTitle":"Software Engg-2","jobDescription":"To develop andriod application","experience":["Google","Apple","Mobile Iron"],"project":[{"projectName":"Movie App","technology":["Kotlin","SQL Lite","Gradle"]}]},{"jobId":7,"jobTitle":"Software Engg-2","jobDescription":"To develop andriod application","experience":["Google","Apple","Mobile Iron"],"project":[{"projectName":"Movie App","technology":["Kotlin","SQL Lite","Gradle"]}]},{"jobId":35,"jobTitle":"Software Engg-2","jobDescription":"To develop android application and web application","experience":["Google","Apple","Mobile Iron"],"project":[{"projectName":"Movie App","technology":["Kotlin","SQL Lite","Gradle"]}]},{"jobId":48,"jobTitle":"Software Engg-2","jobDescription":"To develop andriod application","experience":["Google","Apple","Mobile Iron"],"project":[{"projectName":"Movie App","technology":["Kotlin","SQL Lite","Gradle"]}]},{"jobId":2,"jobTitle":"Software Engg-2","jobDescription":"To develop andriod application","experience":["Google","Apple","Mobile Iron"],"project":[{"projectName":"Movie App","technology":["Kotlin","SQL Lite","Gradle"]}]},{"jobId":88,"jobTitle":"Software Engg-2","jobDescription":"To develop andriod application","experience":["Google","Apple","Mobile Iron"],"project":[{"projectName":"Movie App","technology":["Kotlin","SQL Lite","Gradle"]}]},{"jobId":21,"jobTitle":"Software Engg-2","jobDescription":"To develop andriod application","experience":["Google","Apple","Mobile Iron"],"project":[{"projectName":"Movie App","technology":["Kotlin","SQL Lite","Gradle"]}]},{"jobId":71,"jobTitle":"Software Engg-2","jobDescription":"To develop andriod application","experience":["Google","Apple","Mobile Iron"],"project":[{"projectName":"Movie App","technology":["Kotlin","SQL Lite","Gradle"]}]},{"jobId":8,"jobTitle":"Software Engg-2","jobDescription":"To develop andriod application","experience":["Google","Apple","Mobile Iron"],"project":[{"projectName":"Movie App","technology":["Kotlin","SQL Lite","Gradle"]}]},{"jobId":94,"jobTitle":"Software Engg-2","jobDescription":"To develop andriod application","experience":["Google","Apple","Mobile Iron"],"project":[{"projectName":"Movie App","technology":["Kotlin","SQL Lite","Gradle"]}]},{"jobId":8,"jobTitle":"Software Engg-2","jobDescription":"To develop andriod application","experience":["Google","Apple","Mobile Iron"],"project":[{"projectName":"Movie App","technology":["Kotlin","SQL Lite","Gradle"]}]},{"jobId":9980,"jobTitle":"Software Engg-2","jobDescription":"To develop android application","experience":["Google","Apple","Mobile Iron"],"project":[{"projectName":"Movie App","technology":["Kotlin","SQL Lite","Gradle"]}]},{"jobId":89,"jobTitle":"Software Engg-3","jobDescription":"To develop andriod application and web application","experience":["Google","Apple","Mobile Iron"],"project":[{"projectName":"Movie App","technology":["Kotlin","SQL Lite","Gradle","Jenkins"]},{"projectName":"Movie App","technology":["Kotlin","SQL Lite","Gradle","Jenkins"]}]},{"jobId":35,"jobTitle":"Software Engg-2","jobDescription":"To develop andriod application","experience":["Google","Apple","Mobile Iron"],"project":[{"projectName":"Movie App","technology":["Kotlin","SQL Lite","Gradle"]}]},{"jobId":77,"jobTitle":"Software Engg-2","jobDescription":"To develop android application and web application","experience":["Google","Apple","Mobile Iron"],"project":[{"projectName":"Movie App","technology":["Kotlin","SQL Lite","Gradle"]}]},{"jobId":50,"jobTitle":"Software Engg-3","jobDescription":"To develop andriod application and web application","experience":["Google","Apple","Mobile Iron"],"project":[{"projectName":"Movie App","technology":["Kotlin","SQL Lite","Gradle","Jenkins"]},{"projectName":"Movie App","technology":["Kotlin","SQL Lite","Gradle","Jenkins"]}]},{"jobId":33,"jobTitle":"Software Engg-2","jobDescription":"To develop andriod application","experience":["Google","Apple","Mobile Iron"],"project":[{"projectName":"Movie App","technology":["Kotlin","SQL Lite","Gradle"]}]},{"jobId":78,"jobTitle":"Software Engg-2","jobDescription":"To develop android application and web application","experience":["Google","Apple","Mobile Iron"],"project":[{"projectName":"Movie App","technology":["Kotlin","SQL Lite","Gradle"]}]},{"jobId":3,"jobTitle":"Software Engg-2","jobDescription":"To develop android application and web application","experience":["Google","Apple","Mobile Iron"],"project":[{"projectName":"Movie App","technology":["Kotlin","SQL Lite","Gradle"]}]},{"jobId":18,"jobTitle":"Software Engg-2","jobDescription":"To develop android application and web application","experience":["Google","Apple","Mobile Iron"],"project":[{"projectName":"Movie App","technology":["Kotlin","SQL Lite","Gradle"]}]},{"jobId":4,"jobTitle":"Software Engg-2","jobDescription":"To develop android application and web application","experience":["Google","Apple","Mobile Iron"],"project":[{"projectName":"Movie App","technology":["Kotlin","SQL Lite","Gradle"]}]},{"jobId":8,"jobTitle":"Software Engg-2","jobDescription":"To develop andriod application","experience":["Google","Apple","Mobile Iron"],"project":[{"projectName":"Movie App","technology":["Kotlin","SQL Lite","Gradle"]}]},{"jobId":9980,"jobTitle":"Software Engg-2","jobDescription":"To develop android application","experience":["Google","Apple","Mobile Iron"],"project":[{"projectName":"Movie App","technology":["Kotlin","SQL Lite","Gradle"]}]},{"jobId":8,"jobTitle":"Software Engg-2","jobDescription":"To develop andriod application","experience":["Google","Apple","Mobile Iron"],"project":[{"projectName":"Movie App","technology":["Kotlin","SQL Lite","Gradle"]}]},{"jobId":17,"jobTitle":"Software Engg-3","jobDescription":"To develop andriod application and web application","experience":["Google","Apple","Mobile Iron"],"project":[{"projectName":"Movie App","technology":["Kotlin","SQL Lite","Gradle","Jenkins"]},{"projectName":"Movie App","technology":["Kotlin","SQL Lite","Gradle","Jenkins"]}]},{"jobId":94,"jobTitle":"Software Engg-2","jobDescription":"To develop andriod application","experience":["Google","Apple","Mobile Iron"],"project":[{"projectName":"Movie App","technology":["Kotlin","SQL Lite","Gradle"]}]},{"jobId":83,"jobTitle":"Software Engg-3","jobDescription":"To develop andriod application and web application","experience":["Google","Apple","Mobile Iron"],"project":[{"projectName":"Movie App","technology":["Kotlin","SQL Lite","Gradle","Jenkins"]},{"projectName":"Movie App","technology":["Kotlin","SQL Lite","Gradle","Jenkins"]}]},{"jobId":75,"jobTitle":"Software Engg-2","jobDescription":"To develop andriod application","experience":["Google","Apple","Mobile Iron"],"project":[{"projectName":"Movie App","technology":["Kotlin","SQL Lite","Gradle"]}]},{"jobId":86,"jobTitle":"Software Engg-3","jobDescription":"To develop andriod application and web application","experience":["Google","Apple","Mobile Iron"],"project":[{"projectName":"Movie App","technology":["Kotlin","SQL Lite","Gradle","Jenkins"]},{"projectName":"Movie App","technology":["Kotlin","SQL Lite","Gradle","Jenkins"]}]},{"jobId":40,"jobTitle":"Software Engg-2","jobDescription":"To develop android application and web application","experience":["Google","Apple","Mobile Iron"],"project":[{"projectName":"Movie App","technology":["Kotlin","SQL Lite","Gradle"]}]},{"jobId":66,"jobTitle":"Software Engg-2","jobDescription":"To develop android application and web application","experience":["Google","Apple","Mobile Iron"],"project":[{"projectName":"Movie App","technology":["Kotlin","SQL Lite","Gradle"]}]},{"jobId":18,"jobTitle":"Software Engg-2","jobDescription":"To develop andriod application","experience":["Google","Apple","Mobile Iron"],"project":[{"projectName":"Movie App","technology":["Kotlin","SQL Lite","Gradle"]}]},{"jobId":42,"jobTitle":"Software Engg-2","jobDescription":"To develop andriod application","experience":["Google","Apple","Mobile Iron"],"project":[{"projectName":"Movie App","technology":["Kotlin","SQL Lite","Gradle"]}]},{"jobId":68,"jobTitle":"Software Engg-2","jobDescription":"To develop andriod application","experience":["Google","Apple","Mobile Iron"],"project":[{"projectName":"Movie App","technology":["Kotlin","SQL Lite","Gradle"]}]},{"jobId":96,"jobTitle":"Software Engg-2","jobDescription":"To develop andriod application","experience":["Google","Apple","Mobile Iron"],"project":[{"projectName":"Movie App","technology":["Kotlin","SQL Lite","Gradle"]}]},{"jobId":59,"jobTitle":"Software Engg-2","jobDescription":"To develop android application and web application","experience":["Google","Apple","Mobile Iron"],"project":[{"projectName":"Movie App","technology":["Kotlin","SQL Lite","Gradle"]}]},{"jobId":8,"jobTitle":"Software Engg-2","jobDescription":"To develop andriod application","experience":["Google","Apple","Mobile Iron"],"project":[{"projectName":"Movie App","technology":["Kotlin","SQL Lite","Gradle"]}]},{"jobId":32,"jobTitle":"Software Engg-2","jobDescription":"To develop andriod application","experience":["Google","Apple","Mobile Iron"],"project":[{"projectName":"Movie App","technology":["Kotlin","SQL Lite","Gradle"]}]},{"jobId":8,"jobTitle":"Software Engg-2","jobDescription":"To develop andriod application","experience":["Google","Apple","Mobile Iron"],"project":[{"projectName":"Movie App","technology":["Kotlin","SQL Lite","Gradle"]}]},{"jobId":9980,"jobTitle":"Software Engg-2","jobDescription":"To develop android application","experience":["Google","Apple","Mobile Iron"],"project":[{"projectName":"Movie App","technology":["Kotlin","SQL Lite","Gradle"]}]},{"jobId":6,"jobTitle":"Software Engg-2","jobDescription":"To develop andriod application","experience":["Google","Apple","Mobile Iron"],"project":[{"projectName":"Movie App","technology":["Kotlin","SQL Lite","Gradle"]}]},{"jobId":57,"jobTitle":"Software Engg-3","jobDescription":"To develop andriod application and web application","experience":["Google","Apple","Mobile Iron"],"project":[{"projectName":"Movie App","technology":["Kotlin","SQL Lite","Gradle","Jenkins"]},{"projectName":"Movie App","technology":["Kotlin","SQL Lite","Gradle","Jenkins"]}]},{"jobId":19,"jobTitle":"Software Engg-2","jobDescription":"To develop andriod application","experience":["Google","Apple","Mobile Iron"],"project":[{"projectName":"Movie App","technology":["Kotlin","SQL Lite","Gradle"]}]},{"jobId":29,"jobTitle":"Software Engg-3","jobDescription":"To develop andriod application and web application","experience":["Google","Apple","Mobile Iron"],"project":[{"projectName":"Movie App","technology":["Kotlin","SQL Lite","Gradle","Jenkins"]},{"projectName":"Movie App","technology":["Kotlin","SQL Lite","Gradle","Jenkins"]}]},{"jobId":90,"jobTitle":"Software Engg-2","jobDescription":"To develop android application and web application","experience":["Google","Apple","Mobile Iron"],"project":[{"projectName":"Movie App","technology":["Kotlin","SQL Lite","Gradle"]}]},{"jobId":60,"jobTitle":"Software Engg-3","jobDescription":"To develop andriod application and web application","experience":["Google","Apple","Mobile Iron"],"project":[{"projectName":"Movie App","technology":["Kotlin","SQL Lite","Gradle","Jenkins"]},{"projectName":"Movie App","technology":["Kotlin","SQL Lite","Gradle","Jenkins"]}]},{"jobId":92,"jobTitle":"Software Engg-2","jobDescription":"To develop android application and web application","experience":["Google","Apple","Mobile Iron"],"project":[{"projectName":"Movie App","technology":["Kotlin","SQL Lite","Gradle"]}]},{"jobId":90,"jobTitle":"Software Engg-2","jobDescription":"To develop andriod application","experience":["Google","Apple","Mobile Iron"],"project":[{"projectName":"Movie App","technology":["Kotlin","SQL Lite","Gradle"]}]},{"jobId":25,"jobTitle":"Software Engg-2","jobDescription":"To develop andriod application","experience":["Google","Apple","Mobile Iron"],"project":[{"projectName":"Movie App","technology":["Kotlin","SQL Lite","Gradle"]}]},{"jobId":0,"jobTitle":"Software Engg-2","jobDescription":"To develop android application and web application","experience":["Google","Apple","Mobile Iron"],"project":[{"projectName":"Movie App","technology":["Kotlin","SQL Lite","Gradle"]}]},{"jobId":53,"jobTitle":"Software Engg-2","jobDescription":"To develop andriod application","experience":["Google","Apple","Mobile Iron"],"project":[{"projectName":"Movie App","technology":["Kotlin","SQL Lite","Gradle"]}]},{"jobId":37,"jobTitle":"Software Engg-2","jobDescription":"To develop android application and web application","experience":["Google","Apple","Mobile Iron"],"project":[{"projectName":"Movie App","technology":["Kotlin","SQL Lite","Gradle"]}]},{"jobId":41,"jobTitle":"Software Engg-2","jobDescription":"To develop andriod application","experience":["Google","Apple","Mobile Iron"],"project":[{"projectName":"Movie App","technology":["Kotlin","SQL Lite","Gradle"]}]},{"jobId":40,"jobTitle":"Software Engg-2","jobDescription":"To develop andriod application","experience":["Google","Apple","Mobile Iron"],"project":[{"projectName":"Movie App","technology":["Kotlin","SQL Lite","Gradle"]}]},{"jobId":0,"jobTitle":"Software Engg-2","jobDescription":"To develop andriod application","experience":["Google","Apple","Mobile Iron"],"project":[{"projectName":"Movie App","technology":["Kotlin","SQL Lite","Gradle"]}]},{"jobId":76,"jobTitle":"Software Engg-2","jobDescription":"To develop andriod application","experience":["Google","Apple","Mobile Iron"],"project":[{"projectName":"Movie App","technology":["Kotlin","SQL Lite","Gradle"]}]},{"jobId":49,"jobTitle":"Software Engg-2","jobDescription":"To develop andriod application","experience":["Google","Apple","Mobile Iron"],"project":[{"projectName":"Movie App","technology":["Kotlin","SQL Lite","Gradle"]}]},{"jobId":9980,"jobTitle":"Software Engg-2","jobDescription":"To develop android application","experience":["Google","Apple","Mobile Iron"],"project":[{"projectName":"Movie App","technology":["Kotlin","SQL Lite","Gradle"]}]},{"jobId":8,"jobTitle":"Software Engg-2","jobDescription":"To develop andriod application","experience":["Google","Apple","Mobile Iron"],"project":[{"projectName":"Movie App","technology":["Kotlin","SQL Lite","Gradle"]}]},{"jobId":79,"jobTitle":"Software Engg-2","jobDescription":"To develop andriod application","experience":["Google","Apple","Mobile Iron"],"project":[{"projectName":"Movie App","technology":["Kotlin","SQL Lite","Gradle"]}]},{"jobId":8,"jobTitle":"Software Engg-2","jobDescription":"To develop andriod application","experience":["Google","Apple","Mobile Iron"],"project":[{"projectName":"Movie App","technology":["Kotlin","SQL Lite","Gradle"]}]},{"jobId":39,"jobTitle":"Software Engg-3","jobDescription":"To develop andriod application and web application","experience":["Google","Apple","Mobile Iron"],"project":[{"projectName":"Movie App","technology":["Kotlin","SQL Lite","Gradle","Jenkins"]},{"projectName":"Movie App","technology":["Kotlin","SQL Lite","Gradle","Jenkins"]}]},{"jobId":96,"jobTitle":"Software Engg-2","jobDescription":"To develop andriod application","experience":["Google","Apple","Mobile Iron"],"project":[{"projectName":"Movie App","technology":["Kotlin","SQL Lite","Gradle"]}]},{"jobId":28,"jobTitle":"Software Engg-3","jobDescription":"To develop andriod application and web application","experience":["Google","Apple","Mobile Iron"],"project":[{"projectName":"Movie App","technology":["Kotlin","SQL Lite","Gradle","Jenkins"]},{"projectName":"Movie App","technology":["Kotlin","SQL Lite","Gradle","Jenkins"]}]},{"jobId":80,"jobTitle":"Software Engg-2","jobDescription":"To develop andriod application","experience":["Google","Apple","Mobile Iron"],"project":[{"projectName":"Movie App","technology":["Kotlin","SQL Lite","Gradle"]}]},{"jobId":130,"jobTitle":"Software Engg-3","jobDescription":"To develop andriod application and web application","experience":["Google","Apple","Mobile Iron"],"project":[{"projectName":"Movie App","technology":["Kotlin","SQL Lite","Gradle","Jenkins"]},{"projectName":"Movie App","technology":["Kotlin","SQL Lite","Gradle","Jenkins"]}]},{"jobId":74,"jobTitle":"Software Engg-3","jobDescription":"To develop andriod application and web application","experience":["Google","Apple","Mobile Iron"],"project":[{"projectName":"Movie App","technology":["Kotlin","SQL Lite","Gradle","Jenkins"]},{"projectName":"Movie App","technology":["Kotlin","SQL Lite","Gradle","Jenkins"]}]},{"jobId":10,"jobTitle":"Software Engg-2","jobDescription":"To develop andriod application","experience":["Google","Apple","Mobile Iron"],"project":[{"projectName":"Movie App","technology":["Kotlin","SQL Lite","Gradle"]}]},{"jobId":77,"jobTitle":"Software Engg-2","jobDescription":"To develop andriod application","experience":["Google","Apple","Mobile Iron"],"project":[{"projectName":"Movie App","technology":["Kotlin","SQL Lite","Gradle"]}]},{"jobId":26,"jobTitle":"Software Engg-2","jobDescription":"To develop andriod application","experience":["Google","Apple","Mobile Iron"],"project":[{"projectName":"Movie App","technology":["Kotlin","SQL Lite","Gradle"]}]}]
  [{"jobId":1,"jobTitle":"Software Engg","jobDescription":"To develop andriod application","experience":["Google","Apple","Mobile Iron"],"project":[{"projectName":"Movie App","technology":["Kotlin","SQL Lite","Gradle"]}]}]


classpath:com/api/automation/getrequest/ValidationUsingFile.feature:18
01:15:28.603 [pool-1-thread-1] INFO  com.intuit.karate - karate.env system property was: null 
01:15:28.604 [pool-1-thread-5] ERROR com.intuit.karate - classpath:com/api/automation/getrequest/validateXMLResponse.feature:16
And match response/List/item/jobId == '1'
match failed: EQUALS
  $ | data types don't match (LIST:STRING)
  ["1","68","34","41","12","73","99999","38","96","48","6","88","9","8","7","13","53","8","8","9980","80","49","82","45","26","8","75","8","9980","84","31","87","93","53","51","19","93","32","71","23","31","10","8","38","8","9980","5","16","1","7","35","48","2","88","21","71","8","94","8","9980","89","35","77","50","33","78","3","18","4","8","9980","8","17","94","83","75","86","40","66","18","42","68","96","59","8","32","8","9980","6","57","19","29","90","60","92","90","25","0","53","37","41","40","0","76","49","9980","8","79","8","39","96","28","80","130","74","10","77","26"]
  '1'

classpath:com/api/automation/getrequest/validateXMLResponse.feature:16
01:15:28.605 [pool-1-thread-1] INFO  com.intuit.karate - [print] this is background keyword 
01:15:28.606 [pool-1-thread-1] DEBUG com.intuit.karate - request:
1 > GET http://localhost:9897/normal/webapi/all
1 > Accept: application/json
1 > Host: localhost:9897
1 > Connection: Keep-Alive
1 > User-Agent: Apache-HttpClient/4.5.13 (Java/11.0.13)
1 > Accept-Encoding: gzip,deflate


01:15:28.615 [pool-1-thread-5] INFO  com.intuit.karate - karate.env system property was: null 
01:15:28.624 [pool-1-thread-3] ERROR com.intuit.karate - classpath:com/api/automation/getrequest/validateXMLResponse.feature:31
And match response.List.item.experience.experience[0] == '#present'
js failed:
>>>>
01: response.List.item.experience.experience[0]
<<<<
org.graalvm.polyglot.PolyglotException: TypeError: Cannot read property "experience" from undefined
- <js>.:program(Unnamed:1)

classpath:com/api/automation/getrequest/validateXMLResponse.feature:31
01:15:28.641 [pool-1-thread-3] INFO  com.intuit.karate - karate.env system property was: null 
01:15:28.667 [pool-1-thread-2] DEBUG com.intuit.karate - response time in milliseconds: 155
1 < 200
1 < X-Content-Type-Options: nosniff
1 < X-XSS-Protection: 1; mode=block
1 < Cache-Control: no-cache, no-store, max-age=0, must-revalidate
1 < Pragma: no-cache
1 < Expires: 0
1 < X-Frame-Options: DENY
1 < Content-Type: application/json
1 < Transfer-Encoding: chunked
1 < Date: Wed, 19 Jan 2022 19:45:28 GMT
1 < Keep-Alive: timeout=60
1 < Connection: keep-alive
[{"jobId":1,"jobTitle":"Software Engg","jobDescription":"To develop andriod application","experience":["Google","Apple","Mobile Iron"],"project":[{"projectName":"Movie App","technology":["Kotlin","SQL Lite","Gradle"]}]},{"jobId":68,"jobTitle":"Software Engg-2","jobDescription":"To develop android application and web application","experience":["Google","Apple","Mobile Iron"],"project":[{"projectName":"Movie App","technology":["Kotlin","SQL Lite","Gradle","Jenkins"]},{"projectName":"Movie App","technology":["Kotlin","SQL Lite","Gradle","Jenkins"]}]},{"jobId":34,"jobTitle":"Software Engg-3","jobDescription":"To develop andriod application and web application","experience":["Google","Apple","Mobile Iron"],"project":[{"projectName":"Movie App","technology":["Kotlin","SQL Lite","Gradle","Jenkins"]},{"projectName":"Movie App","technology":["Kotlin","SQL Lite","Gradle","Jenkins"]}]},{"jobId":41,"jobTitle":"Software Engg-2","jobDescription":"To develop android application and web application","experience":["Google","Apple","Mobile Iron"],"project":[{"projectName":"Movie App","technology":["Kotlin","SQL Lite","Gradle","Jenkins"]},{"projectName":"Movie App","technology":["Kotlin","SQL Lite","Gradle","Jenkins"]}]},{"jobId":12,"jobTitle":"Software Engg-2","jobDescription":"To develop andriod application","experience":["Google","Apple","Mobile Iron"],"project":[{"projectName":"Movie App","technology":["Kotlin","SQL Lite","Gradle"]}]},{"jobId":73,"jobTitle":"Software Engg-3","jobDescription":"To develop andriod application and web application","experience":["Google","Apple","Mobile Iron"],"project":[{"projectName":"Movie App","technology":["Kotlin","SQL Lite","Gradle","Jenkins"]},{"projectName":"Movie App","technology":["Kotlin","SQL Lite","Gradle","Jenkins"]}]},{"jobId":99999,"jobTitle":"Software Engg-2","jobDescription":"To develop andriod application","experience":["Google","Apple","Mobile Iron"],"project":[{"projectName":"Movie App","technology":["Kotlin","SQL Lite","Gradle"]}]},{"jobId":38,"jobTitle":"Software Engg-3","jobDescription":"To develop andriod application and web application","experience":["Google","Apple","Mobile Iron"],"project":[{"projectName":"Movie App","technology":["Kotlin","SQL Lite","Gradle","Jenkins"]},{"projectName":"Movie App","technology":["Kotlin","SQL Lite","Gradle","Jenkins"]}]},{"jobId":96,"jobTitle":"Software Engg-3","jobDescription":"To develop andriod application and web application","experience":["Google","Apple","Mobile Iron"],"project":[{"projectName":"Movie App","technology":["Kotlin","SQL Lite","Gradle","Jenkins"]},{"projectName":"Movie App","technology":["Kotlin","SQL Lite","Gradle","Jenkins"]}]},{"jobId":48,"jobTitle":"Software Engg-2","jobDescription":"To develop andriod application","experience":["Google","Apple","Mobile Iron"],"project":[{"projectName":"Movie App","technology":["Kotlin","SQL Lite","Gradle"]}]},{"jobId":6,"jobTitle":"Software Engg-3","jobDescription":"To develop andriod application and web application","experience":["Google","Apple","Mobile Iron"],"project":[{"projectName":"Movie App","technology":["Kotlin","SQL Lite","Gradle","Jenkins"]},{"projectName":"Movie App","technology":["Kotlin","SQL Lite","Gradle","Jenkins"]}]},{"jobId":88,"jobTitle":"Software Engg-2","jobDescription":"To develop android application and web application","experience":["Google","Apple","Mobile Iron"],"project":[{"projectName":"Movie App","technology":["Kotlin","SQL Lite","Gradle"]}]},{"jobId":9,"jobTitle":"Software Engg-3","jobDescription":"To develop andriod application and web application","experience":["Google","Apple","Mobile Iron"],"project":[{"projectName":"Movie App","technology":["Kotlin","SQL Lite","Gradle","Jenkins"]},{"projectName":"Movie App","technology":["Kotlin","SQL Lite","Gradle","Jenkins"]}]},{"jobId":8,"jobTitle":"Software Engg-2","jobDescription":"To develop andriod application","experience":["Google","Apple","Mobile Iron"],"project":[{"projectName":"Movie App","technology":["Kotlin","SQL Lite","Gradle"]}]},{"jobId":7,"jobTitle":"Software Engg-3","jobDescription":"To develop andriod application and web application","experience":["Google","Apple","Mobile Iron"],"project":[{"projectName":"Movie App","technology":["Kotlin","SQL Lite","Gradle","Jenkins"]},{"projectName":"Movie App","technology":["Kotlin","SQL Lite","Gradle","Jenkins"]}]},{"jobId":13,"jobTitle":"Software Engg-2","jobDescription":"To develop andriod application","experience":["Google","Apple","Mobile Iron"],"project":[{"projectName":"Movie App","technology":["Kotlin","SQL Lite","Gradle"]}]},{"jobId":53,"jobTitle":"Software Engg-2","jobDescription":"To develop android application and web application","experience":["Google","Apple","Mobile Iron"],"project":[{"projectName":"Movie App","technology":["Kotlin","SQL Lite","Gradle"]}]},{"jobId":8,"jobTitle":"Software Engg-2","jobDescription":"To develop andriod application","experience":["Google","Apple","Mobile Iron"],"project":[{"projectName":"Movie App","technology":["Kotlin","SQL Lite","Gradle"]}]},{"jobId":8,"jobTitle":"Software Engg-2","jobDescription":"To develop andriod application","experience":["Google","Apple","Mobile Iron"],"project":[{"projectName":"Movie App","technology":["Kotlin","SQL Lite","Gradle"]}]},{"jobId":9980,"jobTitle":"Software Engg-2","jobDescription":"To develop android application","experience":["Google","Apple","Mobile Iron"],"project":[{"projectName":"Movie App","technology":["Kotlin","SQL Lite","Gradle"]}]},{"jobId":80,"jobTitle":"Software Engg-2","jobDescription":"To develop andriod application","experience":["Google","Apple","Mobile Iron"],"project":[{"projectName":"Movie App","technology":["Kotlin","SQL Lite","Gradle"]}]},{"jobId":49,"jobTitle":"Software Engg-2","jobDescription":"To develop android application and web application","experience":["Google","Apple","Mobile Iron"],"project":[{"projectName":"Movie App","technology":["Kotlin","SQL Lite","Gradle","Jenkins"]},{"projectName":"Movie App","technology":["Kotlin","SQL Lite","Gradle","Jenkins"]}]},{"jobId":82,"jobTitle":"Software Engg-3","jobDescription":"To develop andriod application and web application","experience":["Google","Apple","Mobile Iron"],"project":[{"projectName":"Movie App","technology":["Kotlin","SQL Lite","Gradle","Jenkins"]},{"projectName":"Movie App","technology":["Kotlin","SQL Lite","Gradle","Jenkins"]}]},{"jobId":45,"jobTitle":"Software Engg-3","jobDescription":"To develop andriod application and web application","experience":["Google","Apple","Mobile Iron"],"project":[{"projectName":"Movie App","technology":["Kotlin","SQL Lite","Gradle","Jenkins"]},{"projectName":"Movie App","technology":["Kotlin","SQL Lite","Gradle","Jenkins"]}]},{"jobId":26,"jobTitle":"Software Engg-2","jobDescription":"To develop andriod application","experience":["Google","Apple","Mobile Iron"],"project":[{"projectName":"Movie App","technology":["Kotlin","SQL Lite","Gradle"]}]},{"jobId":8,"jobTitle":"Software Engg-2","jobDescription":"To develop andriod application","experience":["Google","Apple","Mobile Iron"],"project":[{"projectName":"Movie App","technology":["Kotlin","SQL Lite","Gradle"]}]},{"jobId":75,"jobTitle":"Software Engg-2","jobDescription":"To develop andriod application","experience":["Google","Apple","Mobile Iron"],"project":[{"projectName":"Movie App","technology":["Kotlin","SQL Lite","Gradle"]}]},{"jobId":8,"jobTitle":"Software Engg-2","jobDescription":"To develop andriod application","experience":["Google","Apple","Mobile Iron"],"project":[{"projectName":"Movie App","technology":["Kotlin","SQL Lite","Gradle"]}]},{"jobId":9980,"jobTitle":"Software Engg-2","jobDescription":"To develop android application","experience":["Google","Apple","Mobile Iron"],"project":[{"projectName":"Movie App","technology":["Kotlin","SQL Lite","Gradle"]}]},{"jobId":84,"jobTitle":"Software Engg-2","jobDescription":"To develop andriod application","experience":["Google","Apple","Mobile Iron"],"project":[{"projectName":"Movie App","technology":["Kotlin","SQL Lite","Gradle"]}]},{"jobId":31,"jobTitle":"Software Engg-3","jobDescription":"To develop andriod application and web application","experience":["Google","Apple","Mobile Iron"],"project":[{"projectName":"Movie App","technology":["Kotlin","SQL Lite","Gradle","Jenkins"]},{"projectName":"Movie App","technology":["Kotlin","SQL Lite","Gradle","Jenkins"]}]},{"jobId":87,"jobTitle":"Software Engg-2","jobDescription":"To develop andriod application","experience":["Google","Apple","Mobile Iron"],"project":[{"projectName":"Movie App","technology":["Kotlin","SQL Lite","Gradle"]}]},{"jobId":93,"jobTitle":"Software Engg-3","jobDescription":"To develop andriod application and web application","experience":["Google","Apple","Mobile Iron"],"project":[{"projectName":"Movie App","technology":["Kotlin","SQL Lite","Gradle","Jenkins"]},{"projectName":"Movie App","technology":["Kotlin","SQL Lite","Gradle","Jenkins"]}]},{"jobId":53,"jobTitle":"Software Engg-2","jobDescription":"To develop andriod application","experience":["Google","Apple","Mobile Iron"],"project":[{"projectName":"Movie App","technology":["Kotlin","SQL Lite","Gradle"]}]},{"jobId":51,"jobTitle":"Software Engg-2","jobDescription":"To develop andriod application","experience":["Google","Apple","Mobile Iron"],"project":[{"projectName":"Movie App","technology":["Kotlin","SQL Lite","Gradle"]}]},{"jobId":19,"jobTitle":"Software Engg-2","jobDescription":"To develop andriod application","experience":["Google","Apple","Mobile Iron"],"project":[{"projectName":"Movie App","technology":["Kotlin","SQL Lite","Gradle"]}]},{"jobId":93,"jobTitle":"Software Engg-2","jobDescription":"To develop andriod application","experience":["Google","Apple","Mobile Iron"],"project":[{"projectName":"Movie App","technology":["Kotlin","SQL Lite","Gradle"]}]},{"jobId":32,"jobTitle":"Software Engg-2","jobDescription":"To develop android application and web application","experience":["Google","Apple","Mobile Iron"],"project":[{"projectName":"Movie App","technology":["Kotlin","SQL Lite","Gradle"]}]},{"jobId":71,"jobTitle":"Software Engg-2","jobDescription":"To develop android application and web application","experience":["Google","Apple","Mobile Iron"],"project":[{"projectName":"Movie App","technology":["Kotlin","SQL Lite","Gradle"]}]},{"jobId":23,"jobTitle":"Software Engg-2","jobDescription":"To develop android application and web application","experience":["Google","Apple","Mobile Iron"],"project":[{"projectName":"Movie App","technology":["Kotlin","SQL Lite","Gradle"]}]},{"jobId":31,"jobTitle":"Software Engg-2","jobDescription":"To develop andriod application","experience":["Google","Apple","Mobile Iron"],"project":[{"projectName":"Movie App","technology":["Kotlin","SQL Lite","Gradle"]}]},{"jobId":10,"jobTitle":"Software Engg-2","jobDescription":"To develop andriod application","experience":["Google","Apple","Mobile Iron"],"project":[{"projectName":"Movie App","technology":["Kotlin","SQL Lite","Gradle"]}]},{"jobId":8,"jobTitle":"Software Engg-2","jobDescription":"To develop andriod application","experience":["Google","Apple","Mobile Iron"],"project":[{"projectName":"Movie App","technology":["Kotlin","SQL Lite","Gradle"]}]},{"jobId":38,"jobTitle":"Software Engg-2","jobDescription":"To develop andriod application","experience":["Google","Apple","Mobile Iron"],"project":[{"projectName":"Movie App","technology":["Kotlin","SQL Lite","Gradle"]}]},{"jobId":8,"jobTitle":"Software Engg-2","jobDescription":"To develop andriod application","experience":["Google","Apple","Mobile Iron"],"project":[{"projectName":"Movie App","technology":["Kotlin","SQL Lite","Gradle"]}]},{"jobId":9980,"jobTitle":"Software Engg-2","jobDescription":"To develop android application","experience":["Google","Apple","Mobile Iron"],"project":[{"projectName":"Movie App","technology":["Kotlin","SQL Lite","Gradle"]}]},{"jobId":5,"jobTitle":"Software Engg-3","jobDescription":"To develop andriod application and web application","experience":["Google","Apple","Mobile Iron"],"project":[{"projectName":"Movie App","technology":["Kotlin","SQL Lite","Gradle","Jenkins"]},{"projectName":"Movie App","technology":["Kotlin","SQL Lite","Gradle","Jenkins"]}]},{"jobId":16,"jobTitle":"Software Engg-3","jobDescription":"To develop andriod application and web application","experience":["Google","Apple","Mobile Iron"],"project":[{"projectName":"Movie App","technology":["Kotlin","SQL Lite","Gradle","Jenkins"]},{"projectName":"Movie App","technology":["Kotlin","SQL Lite","Gradle","Jenkins"]}]},{"jobId":1,"jobTitle":"Software Engg-2","jobDescription":"To develop andriod application","experience":["Google","Apple","Mobile Iron"],"project":[{"projectName":"Movie App","technology":["Kotlin","SQL Lite","Gradle"]}]},{"jobId":7,"jobTitle":"Software Engg-2","jobDescription":"To develop andriod application","experience":["Google","Apple","Mobile Iron"],"project":[{"projectName":"Movie App","technology":["Kotlin","SQL Lite","Gradle"]}]},{"jobId":35,"jobTitle":"Software Engg-2","jobDescription":"To develop android application and web application","experience":["Google","Apple","Mobile Iron"],"project":[{"projectName":"Movie App","technology":["Kotlin","SQL Lite","Gradle"]}]},{"jobId":48,"jobTitle":"Software Engg-2","jobDescription":"To develop andriod application","experience":["Google","Apple","Mobile Iron"],"project":[{"projectName":"Movie App","technology":["Kotlin","SQL Lite","Gradle"]}]},{"jobId":2,"jobTitle":"Software Engg-2","jobDescription":"To develop andriod application","experience":["Google","Apple","Mobile Iron"],"project":[{"projectName":"Movie App","technology":["Kotlin","SQL Lite","Gradle"]}]},{"jobId":88,"jobTitle":"Software Engg-2","jobDescription":"To develop andriod application","experience":["Google","Apple","Mobile Iron"],"project":[{"projectName":"Movie App","technology":["Kotlin","SQL Lite","Gradle"]}]},{"jobId":21,"jobTitle":"Software Engg-2","jobDescription":"To develop andriod application","experience":["Google","Apple","Mobile Iron"],"project":[{"projectName":"Movie App","technology":["Kotlin","SQL Lite","Gradle"]}]},{"jobId":71,"jobTitle":"Software Engg-2","jobDescription":"To develop andriod application","experience":["Google","Apple","Mobile Iron"],"project":[{"projectName":"Movie App","technology":["Kotlin","SQL Lite","Gradle"]}]},{"jobId":8,"jobTitle":"Software Engg-2","jobDescription":"To develop andriod application","experience":["Google","Apple","Mobile Iron"],"project":[{"projectName":"Movie App","technology":["Kotlin","SQL Lite","Gradle"]}]},{"jobId":94,"jobTitle":"Software Engg-2","jobDescription":"To develop andriod application","experience":["Google","Apple","Mobile Iron"],"project":[{"projectName":"Movie App","technology":["Kotlin","SQL Lite","Gradle"]}]},{"jobId":8,"jobTitle":"Software Engg-2","jobDescription":"To develop andriod application","experience":["Google","Apple","Mobile Iron"],"project":[{"projectName":"Movie App","technology":["Kotlin","SQL Lite","Gradle"]}]},{"jobId":9980,"jobTitle":"Software Engg-2","jobDescription":"To develop android application","experience":["Google","Apple","Mobile Iron"],"project":[{"projectName":"Movie App","technology":["Kotlin","SQL Lite","Gradle"]}]},{"jobId":89,"jobTitle":"Software Engg-3","jobDescription":"To develop andriod application and web application","experience":["Google","Apple","Mobile Iron"],"project":[{"projectName":"Movie App","technology":["Kotlin","SQL Lite","Gradle","Jenkins"]},{"projectName":"Movie App","technology":["Kotlin","SQL Lite","Gradle","Jenkins"]}]},{"jobId":35,"jobTitle":"Software Engg-2","jobDescription":"To develop andriod application","experience":["Google","Apple","Mobile Iron"],"project":[{"projectName":"Movie App","technology":["Kotlin","SQL Lite","Gradle"]}]},{"jobId":77,"jobTitle":"Software Engg-2","jobDescription":"To develop android application and web application","experience":["Google","Apple","Mobile Iron"],"project":[{"projectName":"Movie App","technology":["Kotlin","SQL Lite","Gradle"]}]},{"jobId":50,"jobTitle":"Software Engg-3","jobDescription":"To develop andriod application and web application","experience":["Google","Apple","Mobile Iron"],"project":[{"projectName":"Movie App","technology":["Kotlin","SQL Lite","Gradle","Jenkins"]},{"projectName":"Movie App","technology":["Kotlin","SQL Lite","Gradle","Jenkins"]}]},{"jobId":33,"jobTitle":"Software Engg-2","jobDescription":"To develop andriod application","experience":["Google","Apple","Mobile Iron"],"project":[{"projectName":"Movie App","technology":["Kotlin","SQL Lite","Gradle"]}]},{"jobId":78,"jobTitle":"Software Engg-2","jobDescription":"To develop android application and web application","experience":["Google","Apple","Mobile Iron"],"project":[{"projectName":"Movie App","technology":["Kotlin","SQL Lite","Gradle"]}]},{"jobId":3,"jobTitle":"Software Engg-2","jobDescription":"To develop android application and web application","experience":["Google","Apple","Mobile Iron"],"project":[{"projectName":"Movie App","technology":["Kotlin","SQL Lite","Gradle"]}]},{"jobId":18,"jobTitle":"Software Engg-2","jobDescription":"To develop android application and web application","experience":["Google","Apple","Mobile Iron"],"project":[{"projectName":"Movie App","technology":["Kotlin","SQL Lite","Gradle"]}]},{"jobId":4,"jobTitle":"Software Engg-2","jobDescription":"To develop android application and web application","experience":["Google","Apple","Mobile Iron"],"project":[{"projectName":"Movie App","technology":["Kotlin","SQL Lite","Gradle"]}]},{"jobId":8,"jobTitle":"Software Engg-2","jobDescription":"To develop andriod application","experience":["Google","Apple","Mobile Iron"],"project":[{"projectName":"Movie App","technology":["Kotlin","SQL Lite","Gradle"]}]},{"jobId":9980,"jobTitle":"Software Engg-2","jobDescription":"To develop android application","experience":["Google","Apple","Mobile Iron"],"project":[{"projectName":"Movie App","technology":["Kotlin","SQL Lite","Gradle"]}]},{"jobId":8,"jobTitle":"Software Engg-2","jobDescription":"To develop andriod application","experience":["Google","Apple","Mobile Iron"],"project":[{"projectName":"Movie App","technology":["Kotlin","SQL Lite","Gradle"]}]},{"jobId":17,"jobTitle":"Software Engg-3","jobDescription":"To develop andriod application and web application","experience":["Google","Apple","Mobile Iron"],"project":[{"projectName":"Movie App","technology":["Kotlin","SQL Lite","Gradle","Jenkins"]},{"projectName":"Movie App","technology":["Kotlin","SQL Lite","Gradle","Jenkins"]}]},{"jobId":94,"jobTitle":"Software Engg-2","jobDescription":"To develop andriod application","experience":["Google","Apple","Mobile Iron"],"project":[{"projectName":"Movie App","technology":["Kotlin","SQL Lite","Gradle"]}]},{"jobId":83,"jobTitle":"Software Engg-3","jobDescription":"To develop andriod application and web application","experience":["Google","Apple","Mobile Iron"],"project":[{"projectName":"Movie App","technology":["Kotlin","SQL Lite","Gradle","Jenkins"]},{"projectName":"Movie App","technology":["Kotlin","SQL Lite","Gradle","Jenkins"]}]},{"jobId":75,"jobTitle":"Software Engg-2","jobDescription":"To develop andriod application","experience":["Google","Apple","Mobile Iron"],"project":[{"projectName":"Movie App","technology":["Kotlin","SQL Lite","Gradle"]}]},{"jobId":86,"jobTitle":"Software Engg-3","jobDescription":"To develop andriod application and web application","experience":["Google","Apple","Mobile Iron"],"project":[{"projectName":"Movie App","technology":["Kotlin","SQL Lite","Gradle","Jenkins"]},{"projectName":"Movie App","technology":["Kotlin","SQL Lite","Gradle","Jenkins"]}]},{"jobId":40,"jobTitle":"Software Engg-2","jobDescription":"To develop android application and web application","experience":["Google","Apple","Mobile Iron"],"project":[{"projectName":"Movie App","technology":["Kotlin","SQL Lite","Gradle"]}]},{"jobId":66,"jobTitle":"Software Engg-2","jobDescription":"To develop android application and web application","experience":["Google","Apple","Mobile Iron"],"project":[{"projectName":"Movie App","technology":["Kotlin","SQL Lite","Gradle"]}]},{"jobId":18,"jobTitle":"Software Engg-2","jobDescription":"To develop andriod application","experience":["Google","Apple","Mobile Iron"],"project":[{"projectName":"Movie App","technology":["Kotlin","SQL Lite","Gradle"]}]},{"jobId":42,"jobTitle":"Software Engg-2","jobDescription":"To develop andriod application","experience":["Google","Apple","Mobile Iron"],"project":[{"projectName":"Movie App","technology":["Kotlin","SQL Lite","Gradle"]}]},{"jobId":68,"jobTitle":"Software Engg-2","jobDescription":"To develop andriod application","experience":["Google","Apple","Mobile Iron"],"project":[{"projectName":"Movie App","technology":["Kotlin","SQL Lite","Gradle"]}]},{"jobId":96,"jobTitle":"Software Engg-2","jobDescription":"To develop andriod application","experience":["Google","Apple","Mobile Iron"],"project":[{"projectName":"Movie App","technology":["Kotlin","SQL Lite","Gradle"]}]},{"jobId":59,"jobTitle":"Software Engg-2","jobDescription":"To develop android application and web application","experience":["Google","Apple","Mobile Iron"],"project":[{"projectName":"Movie App","technology":["Kotlin","SQL Lite","Gradle"]}]},{"jobId":8,"jobTitle":"Software Engg-2","jobDescription":"To develop andriod application","experience":["Google","Apple","Mobile Iron"],"project":[{"projectName":"Movie App","technology":["Kotlin","SQL Lite","Gradle"]}]},{"jobId":32,"jobTitle":"Software Engg-2","jobDescription":"To develop andriod application","experience":["Google","Apple","Mobile Iron"],"project":[{"projectName":"Movie App","technology":["Kotlin","SQL Lite","Gradle"]}]},{"jobId":8,"jobTitle":"Software Engg-2","jobDescription":"To develop andriod application","experience":["Google","Apple","Mobile Iron"],"project":[{"projectName":"Movie App","technology":["Kotlin","SQL Lite","Gradle"]}]},{"jobId":9980,"jobTitle":"Software Engg-2","jobDescription":"To develop android application","experience":["Google","Apple","Mobile Iron"],"project":[{"projectName":"Movie App","technology":["Kotlin","SQL Lite","Gradle"]}]},{"jobId":6,"jobTitle":"Software Engg-2","jobDescription":"To develop andriod application","experience":["Google","Apple","Mobile Iron"],"project":[{"projectName":"Movie App","technology":["Kotlin","SQL Lite","Gradle"]}]},{"jobId":57,"jobTitle":"Software Engg-3","jobDescription":"To develop andriod application and web application","experience":["Google","Apple","Mobile Iron"],"project":[{"projectName":"Movie App","technology":["Kotlin","SQL Lite","Gradle","Jenkins"]},{"projectName":"Movie App","technology":["Kotlin","SQL Lite","Gradle","Jenkins"]}]},{"jobId":19,"jobTitle":"Software Engg-2","jobDescription":"To develop andriod application","experience":["Google","Apple","Mobile Iron"],"project":[{"projectName":"Movie App","technology":["Kotlin","SQL Lite","Gradle"]}]},{"jobId":29,"jobTitle":"Software Engg-3","jobDescription":"To develop andriod application and web application","experience":["Google","Apple","Mobile Iron"],"project":[{"projectName":"Movie App","technology":["Kotlin","SQL Lite","Gradle","Jenkins"]},{"projectName":"Movie App","technology":["Kotlin","SQL Lite","Gradle","Jenkins"]}]},{"jobId":90,"jobTitle":"Software Engg-2","jobDescription":"To develop android application and web application","experience":["Google","Apple","Mobile Iron"],"project":[{"projectName":"Movie App","technology":["Kotlin","SQL Lite","Gradle"]}]},{"jobId":60,"jobTitle":"Software Engg-3","jobDescription":"To develop andriod application and web application","experience":["Google","Apple","Mobile Iron"],"project":[{"projectName":"Movie App","technology":["Kotlin","SQL Lite","Gradle","Jenkins"]},{"projectName":"Movie App","technology":["Kotlin","SQL Lite","Gradle","Jenkins"]}]},{"jobId":92,"jobTitle":"Software Engg-2","jobDescription":"To develop android application and web application","experience":["Google","Apple","Mobile Iron"],"project":[{"projectName":"Movie App","technology":["Kotlin","SQL Lite","Gradle"]}]},{"jobId":90,"jobTitle":"Software Engg-2","jobDescription":"To develop andriod application","experience":["Google","Apple","Mobile Iron"],"project":[{"projectName":"Movie App","technology":["Kotlin","SQL Lite","Gradle"]}]},{"jobId":25,"jobTitle":"Software Engg-2","jobDescription":"To develop andriod application","experience":["Google","Apple","Mobile Iron"],"project":[{"projectName":"Movie App","technology":["Kotlin","SQL Lite","Gradle"]}]},{"jobId":0,"jobTitle":"Software Engg-2","jobDescription":"To develop android application and web application","experience":["Google","Apple","Mobile Iron"],"project":[{"projectName":"Movie App","technology":["Kotlin","SQL Lite","Gradle"]}]},{"jobId":53,"jobTitle":"Software Engg-2","jobDescription":"To develop andriod application","experience":["Google","Apple","Mobile Iron"],"project":[{"projectName":"Movie App","technology":["Kotlin","SQL Lite","Gradle"]}]},{"jobId":37,"jobTitle":"Software Engg-2","jobDescription":"To develop android application and web application","experience":["Google","Apple","Mobile Iron"],"project":[{"projectName":"Movie App","technology":["Kotlin","SQL Lite","Gradle"]}]},{"jobId":41,"jobTitle":"Software Engg-2","jobDescription":"To develop andriod application","experience":["Google","Apple","Mobile Iron"],"project":[{"projectName":"Movie App","technology":["Kotlin","SQL Lite","Gradle"]}]},{"jobId":40,"jobTitle":"Software Engg-2","jobDescription":"To develop andriod application","experience":["Google","Apple","Mobile Iron"],"project":[{"projectName":"Movie App","technology":["Kotlin","SQL Lite","Gradle"]}]},{"jobId":0,"jobTitle":"Software Engg-2","jobDescription":"To develop andriod application","experience":["Google","Apple","Mobile Iron"],"project":[{"projectName":"Movie App","technology":["Kotlin","SQL Lite","Gradle"]}]},{"jobId":76,"jobTitle":"Software Engg-2","jobDescription":"To develop andriod application","experience":["Google","Apple","Mobile Iron"],"project":[{"projectName":"Movie App","technology":["Kotlin","SQL Lite","Gradle"]}]},{"jobId":49,"jobTitle":"Software Engg-2","jobDescription":"To develop andriod application","experience":["Google","Apple","Mobile Iron"],"project":[{"projectName":"Movie App","technology":["Kotlin","SQL Lite","Gradle"]}]},{"jobId":9980,"jobTitle":"Software Engg-2","jobDescription":"To develop android application","experience":["Google","Apple","Mobile Iron"],"project":[{"projectName":"Movie App","technology":["Kotlin","SQL Lite","Gradle"]}]},{"jobId":8,"jobTitle":"Software Engg-2","jobDescription":"To develop andriod application","experience":["Google","Apple","Mobile Iron"],"project":[{"projectName":"Movie App","technology":["Kotlin","SQL Lite","Gradle"]}]},{"jobId":79,"jobTitle":"Software Engg-2","jobDescription":"To develop andriod application","experience":["Google","Apple","Mobile Iron"],"project":[{"projectName":"Movie App","technology":["Kotlin","SQL Lite","Gradle"]}]},{"jobId":8,"jobTitle":"Software Engg-2","jobDescription":"To develop andriod application","experience":["Google","Apple","Mobile Iron"],"project":[{"projectName":"Movie App","technology":["Kotlin","SQL Lite","Gradle"]}]},{"jobId":39,"jobTitle":"Software Engg-3","jobDescription":"To develop andriod application and web application","experience":["Google","Apple","Mobile Iron"],"project":[{"projectName":"Movie App","technology":["Kotlin","SQL Lite","Gradle","Jenkins"]},{"projectName":"Movie App","technology":["Kotlin","SQL Lite","Gradle","Jenkins"]}]},{"jobId":96,"jobTitle":"Software Engg-2","jobDescription":"To develop andriod application","experience":["Google","Apple","Mobile Iron"],"project":[{"projectName":"Movie App","technology":["Kotlin","SQL Lite","Gradle"]}]},{"jobId":28,"jobTitle":"Software Engg-3","jobDescription":"To develop andriod application and web application","experience":["Google","Apple","Mobile Iron"],"project":[{"projectName":"Movie App","technology":["Kotlin","SQL Lite","Gradle","Jenkins"]},{"projectName":"Movie App","technology":["Kotlin","SQL Lite","Gradle","Jenkins"]}]},{"jobId":80,"jobTitle":"Software Engg-2","jobDescription":"To develop andriod application","experience":["Google","Apple","Mobile Iron"],"project":[{"projectName":"Movie App","technology":["Kotlin","SQL Lite","Gradle"]}]},{"jobId":130,"jobTitle":"Software Engg-3","jobDescription":"To develop andriod application and web application","experience":["Google","Apple","Mobile Iron"],"project":[{"projectName":"Movie App","technology":["Kotlin","SQL Lite","Gradle","Jenkins"]},{"projectName":"Movie App","technology":["Kotlin","SQL Lite","Gradle","Jenkins"]}]},{"jobId":74,"jobTitle":"Software Engg-3","jobDescription":"To develop andriod application and web application","experience":["Google","Apple","Mobile Iron"],"project":[{"projectName":"Movie App","technology":["Kotlin","SQL Lite","Gradle","Jenkins"]},{"projectName":"Movie App","technology":["Kotlin","SQL Lite","Gradle","Jenkins"]}]},{"jobId":10,"jobTitle":"Software Engg-2","jobDescription":"To develop andriod application","experience":["Google","Apple","Mobile Iron"],"project":[{"projectName":"Movie App","technology":["Kotlin","SQL Lite","Gradle"]}]},{"jobId":77,"jobTitle":"Software Engg-2","jobDescription":"To develop andriod application","experience":["Google","Apple","Mobile Iron"],"project":[{"projectName":"Movie App","technology":["Kotlin","SQL Lite","Gradle"]}]},{"jobId":26,"jobTitle":"Software Engg-2","jobDescription":"To develop andriod application","experience":["Google","Apple","Mobile Iron"],"project":[{"projectName":"Movie App","technology":["Kotlin","SQL Lite","Gradle"]}]}]
01:15:28.669 [pool-1-thread-4] DEBUG com.intuit.karate - response time in milliseconds: 144
1 < 200
1 < X-Content-Type-Options: nosniff
1 < X-XSS-Protection: 1; mode=block
1 < Cache-Control: no-cache, no-store, max-age=0, must-revalidate
1 < Pragma: no-cache
1 < Expires: 0
1 < X-Frame-Options: DENY
1 < Content-Type: application/json
1 < Transfer-Encoding: chunked
1 < Date: Wed, 19 Jan 2022 19:45:28 GMT
1 < Keep-Alive: timeout=60
1 < Connection: keep-alive
[{"jobId":1,"jobTitle":"Software Engg","jobDescription":"To develop andriod application","experience":["Google","Apple","Mobile Iron"],"project":[{"projectName":"Movie App","technology":["Kotlin","SQL Lite","Gradle"]}]},{"jobId":68,"jobTitle":"Software Engg-2","jobDescription":"To develop android application and web application","experience":["Google","Apple","Mobile Iron"],"project":[{"projectName":"Movie App","technology":["Kotlin","SQL Lite","Gradle","Jenkins"]},{"projectName":"Movie App","technology":["Kotlin","SQL Lite","Gradle","Jenkins"]}]},{"jobId":34,"jobTitle":"Software Engg-3","jobDescription":"To develop andriod application and web application","experience":["Google","Apple","Mobile Iron"],"project":[{"projectName":"Movie App","technology":["Kotlin","SQL Lite","Gradle","Jenkins"]},{"projectName":"Movie App","technology":["Kotlin","SQL Lite","Gradle","Jenkins"]}]},{"jobId":41,"jobTitle":"Software Engg-2","jobDescription":"To develop android application and web application","experience":["Google","Apple","Mobile Iron"],"project":[{"projectName":"Movie App","technology":["Kotlin","SQL Lite","Gradle","Jenkins"]},{"projectName":"Movie App","technology":["Kotlin","SQL Lite","Gradle","Jenkins"]}]},{"jobId":12,"jobTitle":"Software Engg-2","jobDescription":"To develop andriod application","experience":["Google","Apple","Mobile Iron"],"project":[{"projectName":"Movie App","technology":["Kotlin","SQL Lite","Gradle"]}]},{"jobId":73,"jobTitle":"Software Engg-3","jobDescription":"To develop andriod application and web application","experience":["Google","Apple","Mobile Iron"],"project":[{"projectName":"Movie App","technology":["Kotlin","SQL Lite","Gradle","Jenkins"]},{"projectName":"Movie App","technology":["Kotlin","SQL Lite","Gradle","Jenkins"]}]},{"jobId":99999,"jobTitle":"Software Engg-2","jobDescription":"To develop andriod application","experience":["Google","Apple","Mobile Iron"],"project":[{"projectName":"Movie App","technology":["Kotlin","SQL Lite","Gradle"]}]},{"jobId":38,"jobTitle":"Software Engg-3","jobDescription":"To develop andriod application and web application","experience":["Google","Apple","Mobile Iron"],"project":[{"projectName":"Movie App","technology":["Kotlin","SQL Lite","Gradle","Jenkins"]},{"projectName":"Movie App","technology":["Kotlin","SQL Lite","Gradle","Jenkins"]}]},{"jobId":96,"jobTitle":"Software Engg-3","jobDescription":"To develop andriod application and web application","experience":["Google","Apple","Mobile Iron"],"project":[{"projectName":"Movie App","technology":["Kotlin","SQL Lite","Gradle","Jenkins"]},{"projectName":"Movie App","technology":["Kotlin","SQL Lite","Gradle","Jenkins"]}]},{"jobId":48,"jobTitle":"Software Engg-2","jobDescription":"To develop andriod application","experience":["Google","Apple","Mobile Iron"],"project":[{"projectName":"Movie App","technology":["Kotlin","SQL Lite","Gradle"]}]},{"jobId":6,"jobTitle":"Software Engg-3","jobDescription":"To develop andriod application and web application","experience":["Google","Apple","Mobile Iron"],"project":[{"projectName":"Movie App","technology":["Kotlin","SQL Lite","Gradle","Jenkins"]},{"projectName":"Movie App","technology":["Kotlin","SQL Lite","Gradle","Jenkins"]}]},{"jobId":88,"jobTitle":"Software Engg-2","jobDescription":"To develop android application and web application","experience":["Google","Apple","Mobile Iron"],"project":[{"projectName":"Movie App","technology":["Kotlin","SQL Lite","Gradle"]}]},{"jobId":9,"jobTitle":"Software Engg-3","jobDescription":"To develop andriod application and web application","experience":["Google","Apple","Mobile Iron"],"project":[{"projectName":"Movie App","technology":["Kotlin","SQL Lite","Gradle","Jenkins"]},{"projectName":"Movie App","technology":["Kotlin","SQL Lite","Gradle","Jenkins"]}]},{"jobId":8,"jobTitle":"Software Engg-2","jobDescription":"To develop andriod application","experience":["Google","Apple","Mobile Iron"],"project":[{"projectName":"Movie App","technology":["Kotlin","SQL Lite","Gradle"]}]},{"jobId":7,"jobTitle":"Software Engg-3","jobDescription":"To develop andriod application and web application","experience":["Google","Apple","Mobile Iron"],"project":[{"projectName":"Movie App","technology":["Kotlin","SQL Lite","Gradle","Jenkins"]},{"projectName":"Movie App","technology":["Kotlin","SQL Lite","Gradle","Jenkins"]}]},{"jobId":13,"jobTitle":"Software Engg-2","jobDescription":"To develop andriod application","experience":["Google","Apple","Mobile Iron"],"project":[{"projectName":"Movie App","technology":["Kotlin","SQL Lite","Gradle"]}]},{"jobId":53,"jobTitle":"Software Engg-2","jobDescription":"To develop android application and web application","experience":["Google","Apple","Mobile Iron"],"project":[{"projectName":"Movie App","technology":["Kotlin","SQL Lite","Gradle"]}]},{"jobId":8,"jobTitle":"Software Engg-2","jobDescription":"To develop andriod application","experience":["Google","Apple","Mobile Iron"],"project":[{"projectName":"Movie App","technology":["Kotlin","SQL Lite","Gradle"]}]},{"jobId":8,"jobTitle":"Software Engg-2","jobDescription":"To develop andriod application","experience":["Google","Apple","Mobile Iron"],"project":[{"projectName":"Movie App","technology":["Kotlin","SQL Lite","Gradle"]}]},{"jobId":9980,"jobTitle":"Software Engg-2","jobDescription":"To develop android application","experience":["Google","Apple","Mobile Iron"],"project":[{"projectName":"Movie App","technology":["Kotlin","SQL Lite","Gradle"]}]},{"jobId":80,"jobTitle":"Software Engg-2","jobDescription":"To develop andriod application","experience":["Google","Apple","Mobile Iron"],"project":[{"projectName":"Movie App","technology":["Kotlin","SQL Lite","Gradle"]}]},{"jobId":49,"jobTitle":"Software Engg-2","jobDescription":"To develop android application and web application","experience":["Google","Apple","Mobile Iron"],"project":[{"projectName":"Movie App","technology":["Kotlin","SQL Lite","Gradle","Jenkins"]},{"projectName":"Movie App","technology":["Kotlin","SQL Lite","Gradle","Jenkins"]}]},{"jobId":82,"jobTitle":"Software Engg-3","jobDescription":"To develop andriod application and web application","experience":["Google","Apple","Mobile Iron"],"project":[{"projectName":"Movie App","technology":["Kotlin","SQL Lite","Gradle","Jenkins"]},{"projectName":"Movie App","technology":["Kotlin","SQL Lite","Gradle","Jenkins"]}]},{"jobId":45,"jobTitle":"Software Engg-3","jobDescription":"To develop andriod application and web application","experience":["Google","Apple","Mobile Iron"],"project":[{"projectName":"Movie App","technology":["Kotlin","SQL Lite","Gradle","Jenkins"]},{"projectName":"Movie App","technology":["Kotlin","SQL Lite","Gradle","Jenkins"]}]},{"jobId":26,"jobTitle":"Software Engg-2","jobDescription":"To develop andriod application","experience":["Google","Apple","Mobile Iron"],"project":[{"projectName":"Movie App","technology":["Kotlin","SQL Lite","Gradle"]}]},{"jobId":8,"jobTitle":"Software Engg-2","jobDescription":"To develop andriod application","experience":["Google","Apple","Mobile Iron"],"project":[{"projectName":"Movie App","technology":["Kotlin","SQL Lite","Gradle"]}]},{"jobId":75,"jobTitle":"Software Engg-2","jobDescription":"To develop andriod application","experience":["Google","Apple","Mobile Iron"],"project":[{"projectName":"Movie App","technology":["Kotlin","SQL Lite","Gradle"]}]},{"jobId":8,"jobTitle":"Software Engg-2","jobDescription":"To develop andriod application","experience":["Google","Apple","Mobile Iron"],"project":[{"projectName":"Movie App","technology":["Kotlin","SQL Lite","Gradle"]}]},{"jobId":9980,"jobTitle":"Software Engg-2","jobDescription":"To develop android application","experience":["Google","Apple","Mobile Iron"],"project":[{"projectName":"Movie App","technology":["Kotlin","SQL Lite","Gradle"]}]},{"jobId":84,"jobTitle":"Software Engg-2","jobDescription":"To develop andriod application","experience":["Google","Apple","Mobile Iron"],"project":[{"projectName":"Movie App","technology":["Kotlin","SQL Lite","Gradle"]}]},{"jobId":31,"jobTitle":"Software Engg-3","jobDescription":"To develop andriod application and web application","experience":["Google","Apple","Mobile Iron"],"project":[{"projectName":"Movie App","technology":["Kotlin","SQL Lite","Gradle","Jenkins"]},{"projectName":"Movie App","technology":["Kotlin","SQL Lite","Gradle","Jenkins"]}]},{"jobId":87,"jobTitle":"Software Engg-2","jobDescription":"To develop andriod application","experience":["Google","Apple","Mobile Iron"],"project":[{"projectName":"Movie App","technology":["Kotlin","SQL Lite","Gradle"]}]},{"jobId":93,"jobTitle":"Software Engg-3","jobDescription":"To develop andriod application and web application","experience":["Google","Apple","Mobile Iron"],"project":[{"projectName":"Movie App","technology":["Kotlin","SQL Lite","Gradle","Jenkins"]},{"projectName":"Movie App","technology":["Kotlin","SQL Lite","Gradle","Jenkins"]}]},{"jobId":53,"jobTitle":"Software Engg-2","jobDescription":"To develop andriod application","experience":["Google","Apple","Mobile Iron"],"project":[{"projectName":"Movie App","technology":["Kotlin","SQL Lite","Gradle"]}]},{"jobId":51,"jobTitle":"Software Engg-2","jobDescription":"To develop andriod application","experience":["Google","Apple","Mobile Iron"],"project":[{"projectName":"Movie App","technology":["Kotlin","SQL Lite","Gradle"]}]},{"jobId":19,"jobTitle":"Software Engg-2","jobDescription":"To develop andriod application","experience":["Google","Apple","Mobile Iron"],"project":[{"projectName":"Movie App","technology":["Kotlin","SQL Lite","Gradle"]}]},{"jobId":93,"jobTitle":"Software Engg-2","jobDescription":"To develop andriod application","experience":["Google","Apple","Mobile Iron"],"project":[{"projectName":"Movie App","technology":["Kotlin","SQL Lite","Gradle"]}]},{"jobId":32,"jobTitle":"Software Engg-2","jobDescription":"To develop android application and web application","experience":["Google","Apple","Mobile Iron"],"project":[{"projectName":"Movie App","technology":["Kotlin","SQL Lite","Gradle"]}]},{"jobId":71,"jobTitle":"Software Engg-2","jobDescription":"To develop android application and web application","experience":["Google","Apple","Mobile Iron"],"project":[{"projectName":"Movie App","technology":["Kotlin","SQL Lite","Gradle"]}]},{"jobId":23,"jobTitle":"Software Engg-2","jobDescription":"To develop android application and web application","experience":["Google","Apple","Mobile Iron"],"project":[{"projectName":"Movie App","technology":["Kotlin","SQL Lite","Gradle"]}]},{"jobId":31,"jobTitle":"Software Engg-2","jobDescription":"To develop andriod application","experience":["Google","Apple","Mobile Iron"],"project":[{"projectName":"Movie App","technology":["Kotlin","SQL Lite","Gradle"]}]},{"jobId":10,"jobTitle":"Software Engg-2","jobDescription":"To develop andriod application","experience":["Google","Apple","Mobile Iron"],"project":[{"projectName":"Movie App","technology":["Kotlin","SQL Lite","Gradle"]}]},{"jobId":8,"jobTitle":"Software Engg-2","jobDescription":"To develop andriod application","experience":["Google","Apple","Mobile Iron"],"project":[{"projectName":"Movie App","technology":["Kotlin","SQL Lite","Gradle"]}]},{"jobId":38,"jobTitle":"Software Engg-2","jobDescription":"To develop andriod application","experience":["Google","Apple","Mobile Iron"],"project":[{"projectName":"Movie App","technology":["Kotlin","SQL Lite","Gradle"]}]},{"jobId":8,"jobTitle":"Software Engg-2","jobDescription":"To develop andriod application","experience":["Google","Apple","Mobile Iron"],"project":[{"projectName":"Movie App","technology":["Kotlin","SQL Lite","Gradle"]}]},{"jobId":9980,"jobTitle":"Software Engg-2","jobDescription":"To develop android application","experience":["Google","Apple","Mobile Iron"],"project":[{"projectName":"Movie App","technology":["Kotlin","SQL Lite","Gradle"]}]},{"jobId":5,"jobTitle":"Software Engg-3","jobDescription":"To develop andriod application and web application","experience":["Google","Apple","Mobile Iron"],"project":[{"projectName":"Movie App","technology":["Kotlin","SQL Lite","Gradle","Jenkins"]},{"projectName":"Movie App","technology":["Kotlin","SQL Lite","Gradle","Jenkins"]}]},{"jobId":16,"jobTitle":"Software Engg-3","jobDescription":"To develop andriod application and web application","experience":["Google","Apple","Mobile Iron"],"project":[{"projectName":"Movie App","technology":["Kotlin","SQL Lite","Gradle","Jenkins"]},{"projectName":"Movie App","technology":["Kotlin","SQL Lite","Gradle","Jenkins"]}]},{"jobId":1,"jobTitle":"Software Engg-2","jobDescription":"To develop andriod application","experience":["Google","Apple","Mobile Iron"],"project":[{"projectName":"Movie App","technology":["Kotlin","SQL Lite","Gradle"]}]},{"jobId":7,"jobTitle":"Software Engg-2","jobDescription":"To develop andriod application","experience":["Google","Apple","Mobile Iron"],"project":[{"projectName":"Movie App","technology":["Kotlin","SQL Lite","Gradle"]}]},{"jobId":35,"jobTitle":"Software Engg-2","jobDescription":"To develop android application and web application","experience":["Google","Apple","Mobile Iron"],"project":[{"projectName":"Movie App","technology":["Kotlin","SQL Lite","Gradle"]}]},{"jobId":48,"jobTitle":"Software Engg-2","jobDescription":"To develop andriod application","experience":["Google","Apple","Mobile Iron"],"project":[{"projectName":"Movie App","technology":["Kotlin","SQL Lite","Gradle"]}]},{"jobId":2,"jobTitle":"Software Engg-2","jobDescription":"To develop andriod application","experience":["Google","Apple","Mobile Iron"],"project":[{"projectName":"Movie App","technology":["Kotlin","SQL Lite","Gradle"]}]},{"jobId":88,"jobTitle":"Software Engg-2","jobDescription":"To develop andriod application","experience":["Google","Apple","Mobile Iron"],"project":[{"projectName":"Movie App","technology":["Kotlin","SQL Lite","Gradle"]}]},{"jobId":21,"jobTitle":"Software Engg-2","jobDescription":"To develop andriod application","experience":["Google","Apple","Mobile Iron"],"project":[{"projectName":"Movie App","technology":["Kotlin","SQL Lite","Gradle"]}]},{"jobId":71,"jobTitle":"Software Engg-2","jobDescription":"To develop andriod application","experience":["Google","Apple","Mobile Iron"],"project":[{"projectName":"Movie App","technology":["Kotlin","SQL Lite","Gradle"]}]},{"jobId":8,"jobTitle":"Software Engg-2","jobDescription":"To develop andriod application","experience":["Google","Apple","Mobile Iron"],"project":[{"projectName":"Movie App","technology":["Kotlin","SQL Lite","Gradle"]}]},{"jobId":94,"jobTitle":"Software Engg-2","jobDescription":"To develop andriod application","experience":["Google","Apple","Mobile Iron"],"project":[{"projectName":"Movie App","technology":["Kotlin","SQL Lite","Gradle"]}]},{"jobId":8,"jobTitle":"Software Engg-2","jobDescription":"To develop andriod application","experience":["Google","Apple","Mobile Iron"],"project":[{"projectName":"Movie App","technology":["Kotlin","SQL Lite","Gradle"]}]},{"jobId":9980,"jobTitle":"Software Engg-2","jobDescription":"To develop android application","experience":["Google","Apple","Mobile Iron"],"project":[{"projectName":"Movie App","technology":["Kotlin","SQL Lite","Gradle"]}]},{"jobId":89,"jobTitle":"Software Engg-3","jobDescription":"To develop andriod application and web application","experience":["Google","Apple","Mobile Iron"],"project":[{"projectName":"Movie App","technology":["Kotlin","SQL Lite","Gradle","Jenkins"]},{"projectName":"Movie App","technology":["Kotlin","SQL Lite","Gradle","Jenkins"]}]},{"jobId":35,"jobTitle":"Software Engg-2","jobDescription":"To develop andriod application","experience":["Google","Apple","Mobile Iron"],"project":[{"projectName":"Movie App","technology":["Kotlin","SQL Lite","Gradle"]}]},{"jobId":77,"jobTitle":"Software Engg-2","jobDescription":"To develop android application and web application","experience":["Google","Apple","Mobile Iron"],"project":[{"projectName":"Movie App","technology":["Kotlin","SQL Lite","Gradle"]}]},{"jobId":50,"jobTitle":"Software Engg-3","jobDescription":"To develop andriod application and web application","experience":["Google","Apple","Mobile Iron"],"project":[{"projectName":"Movie App","technology":["Kotlin","SQL Lite","Gradle","Jenkins"]},{"projectName":"Movie App","technology":["Kotlin","SQL Lite","Gradle","Jenkins"]}]},{"jobId":33,"jobTitle":"Software Engg-2","jobDescription":"To develop andriod application","experience":["Google","Apple","Mobile Iron"],"project":[{"projectName":"Movie App","technology":["Kotlin","SQL Lite","Gradle"]}]},{"jobId":78,"jobTitle":"Software Engg-2","jobDescription":"To develop android application and web application","experience":["Google","Apple","Mobile Iron"],"project":[{"projectName":"Movie App","technology":["Kotlin","SQL Lite","Gradle"]}]},{"jobId":3,"jobTitle":"Software Engg-2","jobDescription":"To develop android application and web application","experience":["Google","Apple","Mobile Iron"],"project":[{"projectName":"Movie App","technology":["Kotlin","SQL Lite","Gradle"]}]},{"jobId":18,"jobTitle":"Software Engg-2","jobDescription":"To develop android application and web application","experience":["Google","Apple","Mobile Iron"],"project":[{"projectName":"Movie App","technology":["Kotlin","SQL Lite","Gradle"]}]},{"jobId":4,"jobTitle":"Software Engg-2","jobDescription":"To develop android application and web application","experience":["Google","Apple","Mobile Iron"],"project":[{"projectName":"Movie App","technology":["Kotlin","SQL Lite","Gradle"]}]},{"jobId":8,"jobTitle":"Software Engg-2","jobDescription":"To develop andriod application","experience":["Google","Apple","Mobile Iron"],"project":[{"projectName":"Movie App","technology":["Kotlin","SQL Lite","Gradle"]}]},{"jobId":9980,"jobTitle":"Software Engg-2","jobDescription":"To develop android application","experience":["Google","Apple","Mobile Iron"],"project":[{"projectName":"Movie App","technology":["Kotlin","SQL Lite","Gradle"]}]},{"jobId":8,"jobTitle":"Software Engg-2","jobDescription":"To develop andriod application","experience":["Google","Apple","Mobile Iron"],"project":[{"projectName":"Movie App","technology":["Kotlin","SQL Lite","Gradle"]}]},{"jobId":17,"jobTitle":"Software Engg-3","jobDescription":"To develop andriod application and web application","experience":["Google","Apple","Mobile Iron"],"project":[{"projectName":"Movie App","technology":["Kotlin","SQL Lite","Gradle","Jenkins"]},{"projectName":"Movie App","technology":["Kotlin","SQL Lite","Gradle","Jenkins"]}]},{"jobId":94,"jobTitle":"Software Engg-2","jobDescription":"To develop andriod application","experience":["Google","Apple","Mobile Iron"],"project":[{"projectName":"Movie App","technology":["Kotlin","SQL Lite","Gradle"]}]},{"jobId":83,"jobTitle":"Software Engg-3","jobDescription":"To develop andriod application and web application","experience":["Google","Apple","Mobile Iron"],"project":[{"projectName":"Movie App","technology":["Kotlin","SQL Lite","Gradle","Jenkins"]},{"projectName":"Movie App","technology":["Kotlin","SQL Lite","Gradle","Jenkins"]}]},{"jobId":75,"jobTitle":"Software Engg-2","jobDescription":"To develop andriod application","experience":["Google","Apple","Mobile Iron"],"project":[{"projectName":"Movie App","technology":["Kotlin","SQL Lite","Gradle"]}]},{"jobId":86,"jobTitle":"Software Engg-3","jobDescription":"To develop andriod application and web application","experience":["Google","Apple","Mobile Iron"],"project":[{"projectName":"Movie App","technology":["Kotlin","SQL Lite","Gradle","Jenkins"]},{"projectName":"Movie App","technology":["Kotlin","SQL Lite","Gradle","Jenkins"]}]},{"jobId":40,"jobTitle":"Software Engg-2","jobDescription":"To develop android application and web application","experience":["Google","Apple","Mobile Iron"],"project":[{"projectName":"Movie App","technology":["Kotlin","SQL Lite","Gradle"]}]},{"jobId":66,"jobTitle":"Software Engg-2","jobDescription":"To develop android application and web application","experience":["Google","Apple","Mobile Iron"],"project":[{"projectName":"Movie App","technology":["Kotlin","SQL Lite","Gradle"]}]},{"jobId":18,"jobTitle":"Software Engg-2","jobDescription":"To develop andriod application","experience":["Google","Apple","Mobile Iron"],"project":[{"projectName":"Movie App","technology":["Kotlin","SQL Lite","Gradle"]}]},{"jobId":42,"jobTitle":"Software Engg-2","jobDescription":"To develop andriod application","experience":["Google","Apple","Mobile Iron"],"project":[{"projectName":"Movie App","technology":["Kotlin","SQL Lite","Gradle"]}]},{"jobId":68,"jobTitle":"Software Engg-2","jobDescription":"To develop andriod application","experience":["Google","Apple","Mobile Iron"],"project":[{"projectName":"Movie App","technology":["Kotlin","SQL Lite","Gradle"]}]},{"jobId":96,"jobTitle":"Software Engg-2","jobDescription":"To develop andriod application","experience":["Google","Apple","Mobile Iron"],"project":[{"projectName":"Movie App","technology":["Kotlin","SQL Lite","Gradle"]}]},{"jobId":59,"jobTitle":"Software Engg-2","jobDescription":"To develop android application and web application","experience":["Google","Apple","Mobile Iron"],"project":[{"projectName":"Movie App","technology":["Kotlin","SQL Lite","Gradle"]}]},{"jobId":8,"jobTitle":"Software Engg-2","jobDescription":"To develop andriod application","experience":["Google","Apple","Mobile Iron"],"project":[{"projectName":"Movie App","technology":["Kotlin","SQL Lite","Gradle"]}]},{"jobId":32,"jobTitle":"Software Engg-2","jobDescription":"To develop andriod application","experience":["Google","Apple","Mobile Iron"],"project":[{"projectName":"Movie App","technology":["Kotlin","SQL Lite","Gradle"]}]},{"jobId":8,"jobTitle":"Software Engg-2","jobDescription":"To develop andriod application","experience":["Google","Apple","Mobile Iron"],"project":[{"projectName":"Movie App","technology":["Kotlin","SQL Lite","Gradle"]}]},{"jobId":9980,"jobTitle":"Software Engg-2","jobDescription":"To develop android application","experience":["Google","Apple","Mobile Iron"],"project":[{"projectName":"Movie App","technology":["Kotlin","SQL Lite","Gradle"]}]},{"jobId":6,"jobTitle":"Software Engg-2","jobDescription":"To develop andriod application","experience":["Google","Apple","Mobile Iron"],"project":[{"projectName":"Movie App","technology":["Kotlin","SQL Lite","Gradle"]}]},{"jobId":57,"jobTitle":"Software Engg-3","jobDescription":"To develop andriod application and web application","experience":["Google","Apple","Mobile Iron"],"project":[{"projectName":"Movie App","technology":["Kotlin","SQL Lite","Gradle","Jenkins"]},{"projectName":"Movie App","technology":["Kotlin","SQL Lite","Gradle","Jenkins"]}]},{"jobId":19,"jobTitle":"Software Engg-2","jobDescription":"To develop andriod application","experience":["Google","Apple","Mobile Iron"],"project":[{"projectName":"Movie App","technology":["Kotlin","SQL Lite","Gradle"]}]},{"jobId":29,"jobTitle":"Software Engg-3","jobDescription":"To develop andriod application and web application","experience":["Google","Apple","Mobile Iron"],"project":[{"projectName":"Movie App","technology":["Kotlin","SQL Lite","Gradle","Jenkins"]},{"projectName":"Movie App","technology":["Kotlin","SQL Lite","Gradle","Jenkins"]}]},{"jobId":90,"jobTitle":"Software Engg-2","jobDescription":"To develop android application and web application","experience":["Google","Apple","Mobile Iron"],"project":[{"projectName":"Movie App","technology":["Kotlin","SQL Lite","Gradle"]}]},{"jobId":60,"jobTitle":"Software Engg-3","jobDescription":"To develop andriod application and web application","experience":["Google","Apple","Mobile Iron"],"project":[{"projectName":"Movie App","technology":["Kotlin","SQL Lite","Gradle","Jenkins"]},{"projectName":"Movie App","technology":["Kotlin","SQL Lite","Gradle","Jenkins"]}]},{"jobId":92,"jobTitle":"Software Engg-2","jobDescription":"To develop android application and web application","experience":["Google","Apple","Mobile Iron"],"project":[{"projectName":"Movie App","technology":["Kotlin","SQL Lite","Gradle"]}]},{"jobId":90,"jobTitle":"Software Engg-2","jobDescription":"To develop andriod application","experience":["Google","Apple","Mobile Iron"],"project":[{"projectName":"Movie App","technology":["Kotlin","SQL Lite","Gradle"]}]},{"jobId":25,"jobTitle":"Software Engg-2","jobDescription":"To develop andriod application","experience":["Google","Apple","Mobile Iron"],"project":[{"projectName":"Movie App","technology":["Kotlin","SQL Lite","Gradle"]}]},{"jobId":0,"jobTitle":"Software Engg-2","jobDescription":"To develop android application and web application","experience":["Google","Apple","Mobile Iron"],"project":[{"projectName":"Movie App","technology":["Kotlin","SQL Lite","Gradle"]}]},{"jobId":53,"jobTitle":"Software Engg-2","jobDescription":"To develop andriod application","experience":["Google","Apple","Mobile Iron"],"project":[{"projectName":"Movie App","technology":["Kotlin","SQL Lite","Gradle"]}]},{"jobId":37,"jobTitle":"Software Engg-2","jobDescription":"To develop android application and web application","experience":["Google","Apple","Mobile Iron"],"project":[{"projectName":"Movie App","technology":["Kotlin","SQL Lite","Gradle"]}]},{"jobId":41,"jobTitle":"Software Engg-2","jobDescription":"To develop andriod application","experience":["Google","Apple","Mobile Iron"],"project":[{"projectName":"Movie App","technology":["Kotlin","SQL Lite","Gradle"]}]},{"jobId":40,"jobTitle":"Software Engg-2","jobDescription":"To develop andriod application","experience":["Google","Apple","Mobile Iron"],"project":[{"projectName":"Movie App","technology":["Kotlin","SQL Lite","Gradle"]}]},{"jobId":0,"jobTitle":"Software Engg-2","jobDescription":"To develop andriod application","experience":["Google","Apple","Mobile Iron"],"project":[{"projectName":"Movie App","technology":["Kotlin","SQL Lite","Gradle"]}]},{"jobId":76,"jobTitle":"Software Engg-2","jobDescription":"To develop andriod application","experience":["Google","Apple","Mobile Iron"],"project":[{"projectName":"Movie App","technology":["Kotlin","SQL Lite","Gradle"]}]},{"jobId":49,"jobTitle":"Software Engg-2","jobDescription":"To develop andriod application","experience":["Google","Apple","Mobile Iron"],"project":[{"projectName":"Movie App","technology":["Kotlin","SQL Lite","Gradle"]}]},{"jobId":9980,"jobTitle":"Software Engg-2","jobDescription":"To develop android application","experience":["Google","Apple","Mobile Iron"],"project":[{"projectName":"Movie App","technology":["Kotlin","SQL Lite","Gradle"]}]},{"jobId":8,"jobTitle":"Software Engg-2","jobDescription":"To develop andriod application","experience":["Google","Apple","Mobile Iron"],"project":[{"projectName":"Movie App","technology":["Kotlin","SQL Lite","Gradle"]}]},{"jobId":79,"jobTitle":"Software Engg-2","jobDescription":"To develop andriod application","experience":["Google","Apple","Mobile Iron"],"project":[{"projectName":"Movie App","technology":["Kotlin","SQL Lite","Gradle"]}]},{"jobId":8,"jobTitle":"Software Engg-2","jobDescription":"To develop andriod application","experience":["Google","Apple","Mobile Iron"],"project":[{"projectName":"Movie App","technology":["Kotlin","SQL Lite","Gradle"]}]},{"jobId":39,"jobTitle":"Software Engg-3","jobDescription":"To develop andriod application and web application","experience":["Google","Apple","Mobile Iron"],"project":[{"projectName":"Movie App","technology":["Kotlin","SQL Lite","Gradle","Jenkins"]},{"projectName":"Movie App","technology":["Kotlin","SQL Lite","Gradle","Jenkins"]}]},{"jobId":96,"jobTitle":"Software Engg-2","jobDescription":"To develop andriod application","experience":["Google","Apple","Mobile Iron"],"project":[{"projectName":"Movie App","technology":["Kotlin","SQL Lite","Gradle"]}]},{"jobId":28,"jobTitle":"Software Engg-3","jobDescription":"To develop andriod application and web application","experience":["Google","Apple","Mobile Iron"],"project":[{"projectName":"Movie App","technology":["Kotlin","SQL Lite","Gradle","Jenkins"]},{"projectName":"Movie App","technology":["Kotlin","SQL Lite","Gradle","Jenkins"]}]},{"jobId":80,"jobTitle":"Software Engg-2","jobDescription":"To develop andriod application","experience":["Google","Apple","Mobile Iron"],"project":[{"projectName":"Movie App","technology":["Kotlin","SQL Lite","Gradle"]}]},{"jobId":130,"jobTitle":"Software Engg-3","jobDescription":"To develop andriod application and web application","experience":["Google","Apple","Mobile Iron"],"project":[{"projectName":"Movie App","technology":["Kotlin","SQL Lite","Gradle","Jenkins"]},{"projectName":"Movie App","technology":["Kotlin","SQL Lite","Gradle","Jenkins"]}]},{"jobId":74,"jobTitle":"Software Engg-3","jobDescription":"To develop andriod application and web application","experience":["Google","Apple","Mobile Iron"],"project":[{"projectName":"Movie App","technology":["Kotlin","SQL Lite","Gradle","Jenkins"]},{"projectName":"Movie App","technology":["Kotlin","SQL Lite","Gradle","Jenkins"]}]},{"jobId":10,"jobTitle":"Software Engg-2","jobDescription":"To develop andriod application","experience":["Google","Apple","Mobile Iron"],"project":[{"projectName":"Movie App","technology":["Kotlin","SQL Lite","Gradle"]}]},{"jobId":77,"jobTitle":"Software Engg-2","jobDescription":"To develop andriod application","experience":["Google","Apple","Mobile Iron"],"project":[{"projectName":"Movie App","technology":["Kotlin","SQL Lite","Gradle"]}]},{"jobId":26,"jobTitle":"Software Engg-2","jobDescription":"To develop andriod application","experience":["Google","Apple","Mobile Iron"],"project":[{"projectName":"Movie App","technology":["Kotlin","SQL Lite","Gradle"]}]}]
01:15:28.674 [pool-1-thread-1] DEBUG com.intuit.karate - response time in milliseconds: 68
1 < 200
1 < X-Content-Type-Options: nosniff
1 < X-XSS-Protection: 1; mode=block
1 < Cache-Control: no-cache, no-store, max-age=0, must-revalidate
1 < Pragma: no-cache
1 < Expires: 0
1 < X-Frame-Options: DENY
1 < Content-Type: application/json
1 < Transfer-Encoding: chunked
1 < Date: Wed, 19 Jan 2022 19:45:28 GMT
1 < Keep-Alive: timeout=60
1 < Connection: keep-alive
[{"jobId":1,"jobTitle":"Software Engg","jobDescription":"To develop andriod application","experience":["Google","Apple","Mobile Iron"],"project":[{"projectName":"Movie App","technology":["Kotlin","SQL Lite","Gradle"]}]},{"jobId":68,"jobTitle":"Software Engg-2","jobDescription":"To develop android application and web application","experience":["Google","Apple","Mobile Iron"],"project":[{"projectName":"Movie App","technology":["Kotlin","SQL Lite","Gradle","Jenkins"]},{"projectName":"Movie App","technology":["Kotlin","SQL Lite","Gradle","Jenkins"]}]},{"jobId":34,"jobTitle":"Software Engg-3","jobDescription":"To develop andriod application and web application","experience":["Google","Apple","Mobile Iron"],"project":[{"projectName":"Movie App","technology":["Kotlin","SQL Lite","Gradle","Jenkins"]},{"projectName":"Movie App","technology":["Kotlin","SQL Lite","Gradle","Jenkins"]}]},{"jobId":41,"jobTitle":"Software Engg-2","jobDescription":"To develop android application and web application","experience":["Google","Apple","Mobile Iron"],"project":[{"projectName":"Movie App","technology":["Kotlin","SQL Lite","Gradle","Jenkins"]},{"projectName":"Movie App","technology":["Kotlin","SQL Lite","Gradle","Jenkins"]}]},{"jobId":12,"jobTitle":"Software Engg-2","jobDescription":"To develop andriod application","experience":["Google","Apple","Mobile Iron"],"project":[{"projectName":"Movie App","technology":["Kotlin","SQL Lite","Gradle"]}]},{"jobId":73,"jobTitle":"Software Engg-3","jobDescription":"To develop andriod application and web application","experience":["Google","Apple","Mobile Iron"],"project":[{"projectName":"Movie App","technology":["Kotlin","SQL Lite","Gradle","Jenkins"]},{"projectName":"Movie App","technology":["Kotlin","SQL Lite","Gradle","Jenkins"]}]},{"jobId":99999,"jobTitle":"Software Engg-2","jobDescription":"To develop andriod application","experience":["Google","Apple","Mobile Iron"],"project":[{"projectName":"Movie App","technology":["Kotlin","SQL Lite","Gradle"]}]},{"jobId":38,"jobTitle":"Software Engg-3","jobDescription":"To develop andriod application and web application","experience":["Google","Apple","Mobile Iron"],"project":[{"projectName":"Movie App","technology":["Kotlin","SQL Lite","Gradle","Jenkins"]},{"projectName":"Movie App","technology":["Kotlin","SQL Lite","Gradle","Jenkins"]}]},{"jobId":96,"jobTitle":"Software Engg-3","jobDescription":"To develop andriod application and web application","experience":["Google","Apple","Mobile Iron"],"project":[{"projectName":"Movie App","technology":["Kotlin","SQL Lite","Gradle","Jenkins"]},{"projectName":"Movie App","technology":["Kotlin","SQL Lite","Gradle","Jenkins"]}]},{"jobId":48,"jobTitle":"Software Engg-2","jobDescription":"To develop andriod application","experience":["Google","Apple","Mobile Iron"],"project":[{"projectName":"Movie App","technology":["Kotlin","SQL Lite","Gradle"]}]},{"jobId":6,"jobTitle":"Software Engg-3","jobDescription":"To develop andriod application and web application","experience":["Google","Apple","Mobile Iron"],"project":[{"projectName":"Movie App","technology":["Kotlin","SQL Lite","Gradle","Jenkins"]},{"projectName":"Movie App","technology":["Kotlin","SQL Lite","Gradle","Jenkins"]}]},{"jobId":88,"jobTitle":"Software Engg-2","jobDescription":"To develop android application and web application","experience":["Google","Apple","Mobile Iron"],"project":[{"projectName":"Movie App","technology":["Kotlin","SQL Lite","Gradle"]}]},{"jobId":9,"jobTitle":"Software Engg-3","jobDescription":"To develop andriod application and web application","experience":["Google","Apple","Mobile Iron"],"project":[{"projectName":"Movie App","technology":["Kotlin","SQL Lite","Gradle","Jenkins"]},{"projectName":"Movie App","technology":["Kotlin","SQL Lite","Gradle","Jenkins"]}]},{"jobId":8,"jobTitle":"Software Engg-2","jobDescription":"To develop andriod application","experience":["Google","Apple","Mobile Iron"],"project":[{"projectName":"Movie App","technology":["Kotlin","SQL Lite","Gradle"]}]},{"jobId":7,"jobTitle":"Software Engg-3","jobDescription":"To develop andriod application and web application","experience":["Google","Apple","Mobile Iron"],"project":[{"projectName":"Movie App","technology":["Kotlin","SQL Lite","Gradle","Jenkins"]},{"projectName":"Movie App","technology":["Kotlin","SQL Lite","Gradle","Jenkins"]}]},{"jobId":13,"jobTitle":"Software Engg-2","jobDescription":"To develop andriod application","experience":["Google","Apple","Mobile Iron"],"project":[{"projectName":"Movie App","technology":["Kotlin","SQL Lite","Gradle"]}]},{"jobId":53,"jobTitle":"Software Engg-2","jobDescription":"To develop android application and web application","experience":["Google","Apple","Mobile Iron"],"project":[{"projectName":"Movie App","technology":["Kotlin","SQL Lite","Gradle"]}]},{"jobId":8,"jobTitle":"Software Engg-2","jobDescription":"To develop andriod application","experience":["Google","Apple","Mobile Iron"],"project":[{"projectName":"Movie App","technology":["Kotlin","SQL Lite","Gradle"]}]},{"jobId":8,"jobTitle":"Software Engg-2","jobDescription":"To develop andriod application","experience":["Google","Apple","Mobile Iron"],"project":[{"projectName":"Movie App","technology":["Kotlin","SQL Lite","Gradle"]}]},{"jobId":9980,"jobTitle":"Software Engg-2","jobDescription":"To develop android application","experience":["Google","Apple","Mobile Iron"],"project":[{"projectName":"Movie App","technology":["Kotlin","SQL Lite","Gradle"]}]},{"jobId":80,"jobTitle":"Software Engg-2","jobDescription":"To develop andriod application","experience":["Google","Apple","Mobile Iron"],"project":[{"projectName":"Movie App","technology":["Kotlin","SQL Lite","Gradle"]}]},{"jobId":49,"jobTitle":"Software Engg-2","jobDescription":"To develop android application and web application","experience":["Google","Apple","Mobile Iron"],"project":[{"projectName":"Movie App","technology":["Kotlin","SQL Lite","Gradle","Jenkins"]},{"projectName":"Movie App","technology":["Kotlin","SQL Lite","Gradle","Jenkins"]}]},{"jobId":82,"jobTitle":"Software Engg-3","jobDescription":"To develop andriod application and web application","experience":["Google","Apple","Mobile Iron"],"project":[{"projectName":"Movie App","technology":["Kotlin","SQL Lite","Gradle","Jenkins"]},{"projectName":"Movie App","technology":["Kotlin","SQL Lite","Gradle","Jenkins"]}]},{"jobId":45,"jobTitle":"Software Engg-3","jobDescription":"To develop andriod application and web application","experience":["Google","Apple","Mobile Iron"],"project":[{"projectName":"Movie App","technology":["Kotlin","SQL Lite","Gradle","Jenkins"]},{"projectName":"Movie App","technology":["Kotlin","SQL Lite","Gradle","Jenkins"]}]},{"jobId":26,"jobTitle":"Software Engg-2","jobDescription":"To develop andriod application","experience":["Google","Apple","Mobile Iron"],"project":[{"projectName":"Movie App","technology":["Kotlin","SQL Lite","Gradle"]}]},{"jobId":8,"jobTitle":"Software Engg-2","jobDescription":"To develop andriod application","experience":["Google","Apple","Mobile Iron"],"project":[{"projectName":"Movie App","technology":["Kotlin","SQL Lite","Gradle"]}]},{"jobId":75,"jobTitle":"Software Engg-2","jobDescription":"To develop andriod application","experience":["Google","Apple","Mobile Iron"],"project":[{"projectName":"Movie App","technology":["Kotlin","SQL Lite","Gradle"]}]},{"jobId":8,"jobTitle":"Software Engg-2","jobDescription":"To develop andriod application","experience":["Google","Apple","Mobile Iron"],"project":[{"projectName":"Movie App","technology":["Kotlin","SQL Lite","Gradle"]}]},{"jobId":9980,"jobTitle":"Software Engg-2","jobDescription":"To develop android application","experience":["Google","Apple","Mobile Iron"],"project":[{"projectName":"Movie App","technology":["Kotlin","SQL Lite","Gradle"]}]},{"jobId":84,"jobTitle":"Software Engg-2","jobDescription":"To develop andriod application","experience":["Google","Apple","Mobile Iron"],"project":[{"projectName":"Movie App","technology":["Kotlin","SQL Lite","Gradle"]}]},{"jobId":31,"jobTitle":"Software Engg-3","jobDescription":"To develop andriod application and web application","experience":["Google","Apple","Mobile Iron"],"project":[{"projectName":"Movie App","technology":["Kotlin","SQL Lite","Gradle","Jenkins"]},{"projectName":"Movie App","technology":["Kotlin","SQL Lite","Gradle","Jenkins"]}]},{"jobId":87,"jobTitle":"Software Engg-2","jobDescription":"To develop andriod application","experience":["Google","Apple","Mobile Iron"],"project":[{"projectName":"Movie App","technology":["Kotlin","SQL Lite","Gradle"]}]},{"jobId":93,"jobTitle":"Software Engg-3","jobDescription":"To develop andriod application and web application","experience":["Google","Apple","Mobile Iron"],"project":[{"projectName":"Movie App","technology":["Kotlin","SQL Lite","Gradle","Jenkins"]},{"projectName":"Movie App","technology":["Kotlin","SQL Lite","Gradle","Jenkins"]}]},{"jobId":53,"jobTitle":"Software Engg-2","jobDescription":"To develop andriod application","experience":["Google","Apple","Mobile Iron"],"project":[{"projectName":"Movie App","technology":["Kotlin","SQL Lite","Gradle"]}]},{"jobId":51,"jobTitle":"Software Engg-2","jobDescription":"To develop andriod application","experience":["Google","Apple","Mobile Iron"],"project":[{"projectName":"Movie App","technology":["Kotlin","SQL Lite","Gradle"]}]},{"jobId":19,"jobTitle":"Software Engg-2","jobDescription":"To develop andriod application","experience":["Google","Apple","Mobile Iron"],"project":[{"projectName":"Movie App","technology":["Kotlin","SQL Lite","Gradle"]}]},{"jobId":93,"jobTitle":"Software Engg-2","jobDescription":"To develop andriod application","experience":["Google","Apple","Mobile Iron"],"project":[{"projectName":"Movie App","technology":["Kotlin","SQL Lite","Gradle"]}]},{"jobId":32,"jobTitle":"Software Engg-2","jobDescription":"To develop android application and web application","experience":["Google","Apple","Mobile Iron"],"project":[{"projectName":"Movie App","technology":["Kotlin","SQL Lite","Gradle"]}]},{"jobId":71,"jobTitle":"Software Engg-2","jobDescription":"To develop android application and web application","experience":["Google","Apple","Mobile Iron"],"project":[{"projectName":"Movie App","technology":["Kotlin","SQL Lite","Gradle"]}]},{"jobId":23,"jobTitle":"Software Engg-2","jobDescription":"To develop android application and web application","experience":["Google","Apple","Mobile Iron"],"project":[{"projectName":"Movie App","technology":["Kotlin","SQL Lite","Gradle"]}]},{"jobId":31,"jobTitle":"Software Engg-2","jobDescription":"To develop andriod application","experience":["Google","Apple","Mobile Iron"],"project":[{"projectName":"Movie App","technology":["Kotlin","SQL Lite","Gradle"]}]},{"jobId":10,"jobTitle":"Software Engg-2","jobDescription":"To develop andriod application","experience":["Google","Apple","Mobile Iron"],"project":[{"projectName":"Movie App","technology":["Kotlin","SQL Lite","Gradle"]}]},{"jobId":8,"jobTitle":"Software Engg-2","jobDescription":"To develop andriod application","experience":["Google","Apple","Mobile Iron"],"project":[{"projectName":"Movie App","technology":["Kotlin","SQL Lite","Gradle"]}]},{"jobId":38,"jobTitle":"Software Engg-2","jobDescription":"To develop andriod application","experience":["Google","Apple","Mobile Iron"],"project":[{"projectName":"Movie App","technology":["Kotlin","SQL Lite","Gradle"]}]},{"jobId":8,"jobTitle":"Software Engg-2","jobDescription":"To develop andriod application","experience":["Google","Apple","Mobile Iron"],"project":[{"projectName":"Movie App","technology":["Kotlin","SQL Lite","Gradle"]}]},{"jobId":9980,"jobTitle":"Software Engg-2","jobDescription":"To develop android application","experience":["Google","Apple","Mobile Iron"],"project":[{"projectName":"Movie App","technology":["Kotlin","SQL Lite","Gradle"]}]},{"jobId":5,"jobTitle":"Software Engg-3","jobDescription":"To develop andriod application and web application","experience":["Google","Apple","Mobile Iron"],"project":[{"projectName":"Movie App","technology":["Kotlin","SQL Lite","Gradle","Jenkins"]},{"projectName":"Movie App","technology":["Kotlin","SQL Lite","Gradle","Jenkins"]}]},{"jobId":16,"jobTitle":"Software Engg-3","jobDescription":"To develop andriod application and web application","experience":["Google","Apple","Mobile Iron"],"project":[{"projectName":"Movie App","technology":["Kotlin","SQL Lite","Gradle","Jenkins"]},{"projectName":"Movie App","technology":["Kotlin","SQL Lite","Gradle","Jenkins"]}]},{"jobId":1,"jobTitle":"Software Engg-2","jobDescription":"To develop andriod application","experience":["Google","Apple","Mobile Iron"],"project":[{"projectName":"Movie App","technology":["Kotlin","SQL Lite","Gradle"]}]},{"jobId":7,"jobTitle":"Software Engg-2","jobDescription":"To develop andriod application","experience":["Google","Apple","Mobile Iron"],"project":[{"projectName":"Movie App","technology":["Kotlin","SQL Lite","Gradle"]}]},{"jobId":35,"jobTitle":"Software Engg-2","jobDescription":"To develop android application and web application","experience":["Google","Apple","Mobile Iron"],"project":[{"projectName":"Movie App","technology":["Kotlin","SQL Lite","Gradle"]}]},{"jobId":48,"jobTitle":"Software Engg-2","jobDescription":"To develop andriod application","experience":["Google","Apple","Mobile Iron"],"project":[{"projectName":"Movie App","technology":["Kotlin","SQL Lite","Gradle"]}]},{"jobId":2,"jobTitle":"Software Engg-2","jobDescription":"To develop andriod application","experience":["Google","Apple","Mobile Iron"],"project":[{"projectName":"Movie App","technology":["Kotlin","SQL Lite","Gradle"]}]},{"jobId":88,"jobTitle":"Software Engg-2","jobDescription":"To develop andriod application","experience":["Google","Apple","Mobile Iron"],"project":[{"projectName":"Movie App","technology":["Kotlin","SQL Lite","Gradle"]}]},{"jobId":21,"jobTitle":"Software Engg-2","jobDescription":"To develop andriod application","experience":["Google","Apple","Mobile Iron"],"project":[{"projectName":"Movie App","technology":["Kotlin","SQL Lite","Gradle"]}]},{"jobId":71,"jobTitle":"Software Engg-2","jobDescription":"To develop andriod application","experience":["Google","Apple","Mobile Iron"],"project":[{"projectName":"Movie App","technology":["Kotlin","SQL Lite","Gradle"]}]},{"jobId":8,"jobTitle":"Software Engg-2","jobDescription":"To develop andriod application","experience":["Google","Apple","Mobile Iron"],"project":[{"projectName":"Movie App","technology":["Kotlin","SQL Lite","Gradle"]}]},{"jobId":94,"jobTitle":"Software Engg-2","jobDescription":"To develop andriod application","experience":["Google","Apple","Mobile Iron"],"project":[{"projectName":"Movie App","technology":["Kotlin","SQL Lite","Gradle"]}]},{"jobId":8,"jobTitle":"Software Engg-2","jobDescription":"To develop andriod application","experience":["Google","Apple","Mobile Iron"],"project":[{"projectName":"Movie App","technology":["Kotlin","SQL Lite","Gradle"]}]},{"jobId":9980,"jobTitle":"Software Engg-2","jobDescription":"To develop android application","experience":["Google","Apple","Mobile Iron"],"project":[{"projectName":"Movie App","technology":["Kotlin","SQL Lite","Gradle"]}]},{"jobId":89,"jobTitle":"Software Engg-3","jobDescription":"To develop andriod application and web application","experience":["Google","Apple","Mobile Iron"],"project":[{"projectName":"Movie App","technology":["Kotlin","SQL Lite","Gradle","Jenkins"]},{"projectName":"Movie App","technology":["Kotlin","SQL Lite","Gradle","Jenkins"]}]},{"jobId":35,"jobTitle":"Software Engg-2","jobDescription":"To develop andriod application","experience":["Google","Apple","Mobile Iron"],"project":[{"projectName":"Movie App","technology":["Kotlin","SQL Lite","Gradle"]}]},{"jobId":77,"jobTitle":"Software Engg-2","jobDescription":"To develop android application and web application","experience":["Google","Apple","Mobile Iron"],"project":[{"projectName":"Movie App","technology":["Kotlin","SQL Lite","Gradle"]}]},{"jobId":50,"jobTitle":"Software Engg-3","jobDescription":"To develop andriod application and web application","experience":["Google","Apple","Mobile Iron"],"project":[{"projectName":"Movie App","technology":["Kotlin","SQL Lite","Gradle","Jenkins"]},{"projectName":"Movie App","technology":["Kotlin","SQL Lite","Gradle","Jenkins"]}]},{"jobId":33,"jobTitle":"Software Engg-2","jobDescription":"To develop andriod application","experience":["Google","Apple","Mobile Iron"],"project":[{"projectName":"Movie App","technology":["Kotlin","SQL Lite","Gradle"]}]},{"jobId":78,"jobTitle":"Software Engg-2","jobDescription":"To develop android application and web application","experience":["Google","Apple","Mobile Iron"],"project":[{"projectName":"Movie App","technology":["Kotlin","SQL Lite","Gradle"]}]},{"jobId":3,"jobTitle":"Software Engg-2","jobDescription":"To develop android application and web application","experience":["Google","Apple","Mobile Iron"],"project":[{"projectName":"Movie App","technology":["Kotlin","SQL Lite","Gradle"]}]},{"jobId":18,"jobTitle":"Software Engg-2","jobDescription":"To develop android application and web application","experience":["Google","Apple","Mobile Iron"],"project":[{"projectName":"Movie App","technology":["Kotlin","SQL Lite","Gradle"]}]},{"jobId":4,"jobTitle":"Software Engg-2","jobDescription":"To develop android application and web application","experience":["Google","Apple","Mobile Iron"],"project":[{"projectName":"Movie App","technology":["Kotlin","SQL Lite","Gradle"]}]},{"jobId":8,"jobTitle":"Software Engg-2","jobDescription":"To develop andriod application","experience":["Google","Apple","Mobile Iron"],"project":[{"projectName":"Movie App","technology":["Kotlin","SQL Lite","Gradle"]}]},{"jobId":9980,"jobTitle":"Software Engg-2","jobDescription":"To develop android application","experience":["Google","Apple","Mobile Iron"],"project":[{"projectName":"Movie App","technology":["Kotlin","SQL Lite","Gradle"]}]},{"jobId":8,"jobTitle":"Software Engg-2","jobDescription":"To develop andriod application","experience":["Google","Apple","Mobile Iron"],"project":[{"projectName":"Movie App","technology":["Kotlin","SQL Lite","Gradle"]}]},{"jobId":17,"jobTitle":"Software Engg-3","jobDescription":"To develop andriod application and web application","experience":["Google","Apple","Mobile Iron"],"project":[{"projectName":"Movie App","technology":["Kotlin","SQL Lite","Gradle","Jenkins"]},{"projectName":"Movie App","technology":["Kotlin","SQL Lite","Gradle","Jenkins"]}]},{"jobId":94,"jobTitle":"Software Engg-2","jobDescription":"To develop andriod application","experience":["Google","Apple","Mobile Iron"],"project":[{"projectName":"Movie App","technology":["Kotlin","SQL Lite","Gradle"]}]},{"jobId":83,"jobTitle":"Software Engg-3","jobDescription":"To develop andriod application and web application","experience":["Google","Apple","Mobile Iron"],"project":[{"projectName":"Movie App","technology":["Kotlin","SQL Lite","Gradle","Jenkins"]},{"projectName":"Movie App","technology":["Kotlin","SQL Lite","Gradle","Jenkins"]}]},{"jobId":75,"jobTitle":"Software Engg-2","jobDescription":"To develop andriod application","experience":["Google","Apple","Mobile Iron"],"project":[{"projectName":"Movie App","technology":["Kotlin","SQL Lite","Gradle"]}]},{"jobId":86,"jobTitle":"Software Engg-3","jobDescription":"To develop andriod application and web application","experience":["Google","Apple","Mobile Iron"],"project":[{"projectName":"Movie App","technology":["Kotlin","SQL Lite","Gradle","Jenkins"]},{"projectName":"Movie App","technology":["Kotlin","SQL Lite","Gradle","Jenkins"]}]},{"jobId":40,"jobTitle":"Software Engg-2","jobDescription":"To develop android application and web application","experience":["Google","Apple","Mobile Iron"],"project":[{"projectName":"Movie App","technology":["Kotlin","SQL Lite","Gradle"]}]},{"jobId":66,"jobTitle":"Software Engg-2","jobDescription":"To develop android application and web application","experience":["Google","Apple","Mobile Iron"],"project":[{"projectName":"Movie App","technology":["Kotlin","SQL Lite","Gradle"]}]},{"jobId":18,"jobTitle":"Software Engg-2","jobDescription":"To develop andriod application","experience":["Google","Apple","Mobile Iron"],"project":[{"projectName":"Movie App","technology":["Kotlin","SQL Lite","Gradle"]}]},{"jobId":42,"jobTitle":"Software Engg-2","jobDescription":"To develop andriod application","experience":["Google","Apple","Mobile Iron"],"project":[{"projectName":"Movie App","technology":["Kotlin","SQL Lite","Gradle"]}]},{"jobId":68,"jobTitle":"Software Engg-2","jobDescription":"To develop andriod application","experience":["Google","Apple","Mobile Iron"],"project":[{"projectName":"Movie App","technology":["Kotlin","SQL Lite","Gradle"]}]},{"jobId":96,"jobTitle":"Software Engg-2","jobDescription":"To develop andriod application","experience":["Google","Apple","Mobile Iron"],"project":[{"projectName":"Movie App","technology":["Kotlin","SQL Lite","Gradle"]}]},{"jobId":59,"jobTitle":"Software Engg-2","jobDescription":"To develop android application and web application","experience":["Google","Apple","Mobile Iron"],"project":[{"projectName":"Movie App","technology":["Kotlin","SQL Lite","Gradle"]}]},{"jobId":8,"jobTitle":"Software Engg-2","jobDescription":"To develop andriod application","experience":["Google","Apple","Mobile Iron"],"project":[{"projectName":"Movie App","technology":["Kotlin","SQL Lite","Gradle"]}]},{"jobId":32,"jobTitle":"Software Engg-2","jobDescription":"To develop andriod application","experience":["Google","Apple","Mobile Iron"],"project":[{"projectName":"Movie App","technology":["Kotlin","SQL Lite","Gradle"]}]},{"jobId":8,"jobTitle":"Software Engg-2","jobDescription":"To develop andriod application","experience":["Google","Apple","Mobile Iron"],"project":[{"projectName":"Movie App","technology":["Kotlin","SQL Lite","Gradle"]}]},{"jobId":9980,"jobTitle":"Software Engg-2","jobDescription":"To develop android application","experience":["Google","Apple","Mobile Iron"],"project":[{"projectName":"Movie App","technology":["Kotlin","SQL Lite","Gradle"]}]},{"jobId":6,"jobTitle":"Software Engg-2","jobDescription":"To develop andriod application","experience":["Google","Apple","Mobile Iron"],"project":[{"projectName":"Movie App","technology":["Kotlin","SQL Lite","Gradle"]}]},{"jobId":57,"jobTitle":"Software Engg-3","jobDescription":"To develop andriod application and web application","experience":["Google","Apple","Mobile Iron"],"project":[{"projectName":"Movie App","technology":["Kotlin","SQL Lite","Gradle","Jenkins"]},{"projectName":"Movie App","technology":["Kotlin","SQL Lite","Gradle","Jenkins"]}]},{"jobId":19,"jobTitle":"Software Engg-2","jobDescription":"To develop andriod application","experience":["Google","Apple","Mobile Iron"],"project":[{"projectName":"Movie App","technology":["Kotlin","SQL Lite","Gradle"]}]},{"jobId":29,"jobTitle":"Software Engg-3","jobDescription":"To develop andriod application and web application","experience":["Google","Apple","Mobile Iron"],"project":[{"projectName":"Movie App","technology":["Kotlin","SQL Lite","Gradle","Jenkins"]},{"projectName":"Movie App","technology":["Kotlin","SQL Lite","Gradle","Jenkins"]}]},{"jobId":90,"jobTitle":"Software Engg-2","jobDescription":"To develop android application and web application","experience":["Google","Apple","Mobile Iron"],"project":[{"projectName":"Movie App","technology":["Kotlin","SQL Lite","Gradle"]}]},{"jobId":60,"jobTitle":"Software Engg-3","jobDescription":"To develop andriod application and web application","experience":["Google","Apple","Mobile Iron"],"project":[{"projectName":"Movie App","technology":["Kotlin","SQL Lite","Gradle","Jenkins"]},{"projectName":"Movie App","technology":["Kotlin","SQL Lite","Gradle","Jenkins"]}]},{"jobId":92,"jobTitle":"Software Engg-2","jobDescription":"To develop android application and web application","experience":["Google","Apple","Mobile Iron"],"project":[{"projectName":"Movie App","technology":["Kotlin","SQL Lite","Gradle"]}]},{"jobId":90,"jobTitle":"Software Engg-2","jobDescription":"To develop andriod application","experience":["Google","Apple","Mobile Iron"],"project":[{"projectName":"Movie App","technology":["Kotlin","SQL Lite","Gradle"]}]},{"jobId":25,"jobTitle":"Software Engg-2","jobDescription":"To develop andriod application","experience":["Google","Apple","Mobile Iron"],"project":[{"projectName":"Movie App","technology":["Kotlin","SQL Lite","Gradle"]}]},{"jobId":0,"jobTitle":"Software Engg-2","jobDescription":"To develop android application and web application","experience":["Google","Apple","Mobile Iron"],"project":[{"projectName":"Movie App","technology":["Kotlin","SQL Lite","Gradle"]}]},{"jobId":53,"jobTitle":"Software Engg-2","jobDescription":"To develop andriod application","experience":["Google","Apple","Mobile Iron"],"project":[{"projectName":"Movie App","technology":["Kotlin","SQL Lite","Gradle"]}]},{"jobId":37,"jobTitle":"Software Engg-2","jobDescription":"To develop android application and web application","experience":["Google","Apple","Mobile Iron"],"project":[{"projectName":"Movie App","technology":["Kotlin","SQL Lite","Gradle"]}]},{"jobId":41,"jobTitle":"Software Engg-2","jobDescription":"To develop andriod application","experience":["Google","Apple","Mobile Iron"],"project":[{"projectName":"Movie App","technology":["Kotlin","SQL Lite","Gradle"]}]},{"jobId":40,"jobTitle":"Software Engg-2","jobDescription":"To develop andriod application","experience":["Google","Apple","Mobile Iron"],"project":[{"projectName":"Movie App","technology":["Kotlin","SQL Lite","Gradle"]}]},{"jobId":0,"jobTitle":"Software Engg-2","jobDescription":"To develop andriod application","experience":["Google","Apple","Mobile Iron"],"project":[{"projectName":"Movie App","technology":["Kotlin","SQL Lite","Gradle"]}]},{"jobId":76,"jobTitle":"Software Engg-2","jobDescription":"To develop andriod application","experience":["Google","Apple","Mobile Iron"],"project":[{"projectName":"Movie App","technology":["Kotlin","SQL Lite","Gradle"]}]},{"jobId":49,"jobTitle":"Software Engg-2","jobDescription":"To develop andriod application","experience":["Google","Apple","Mobile Iron"],"project":[{"projectName":"Movie App","technology":["Kotlin","SQL Lite","Gradle"]}]},{"jobId":9980,"jobTitle":"Software Engg-2","jobDescription":"To develop android application","experience":["Google","Apple","Mobile Iron"],"project":[{"projectName":"Movie App","technology":["Kotlin","SQL Lite","Gradle"]}]},{"jobId":8,"jobTitle":"Software Engg-2","jobDescription":"To develop andriod application","experience":["Google","Apple","Mobile Iron"],"project":[{"projectName":"Movie App","technology":["Kotlin","SQL Lite","Gradle"]}]},{"jobId":79,"jobTitle":"Software Engg-2","jobDescription":"To develop andriod application","experience":["Google","Apple","Mobile Iron"],"project":[{"projectName":"Movie App","technology":["Kotlin","SQL Lite","Gradle"]}]},{"jobId":8,"jobTitle":"Software Engg-2","jobDescription":"To develop andriod application","experience":["Google","Apple","Mobile Iron"],"project":[{"projectName":"Movie App","technology":["Kotlin","SQL Lite","Gradle"]}]},{"jobId":39,"jobTitle":"Software Engg-3","jobDescription":"To develop andriod application and web application","experience":["Google","Apple","Mobile Iron"],"project":[{"projectName":"Movie App","technology":["Kotlin","SQL Lite","Gradle","Jenkins"]},{"projectName":"Movie App","technology":["Kotlin","SQL Lite","Gradle","Jenkins"]}]},{"jobId":96,"jobTitle":"Software Engg-2","jobDescription":"To develop andriod application","experience":["Google","Apple","Mobile Iron"],"project":[{"projectName":"Movie App","technology":["Kotlin","SQL Lite","Gradle"]}]},{"jobId":28,"jobTitle":"Software Engg-3","jobDescription":"To develop andriod application and web application","experience":["Google","Apple","Mobile Iron"],"project":[{"projectName":"Movie App","technology":["Kotlin","SQL Lite","Gradle","Jenkins"]},{"projectName":"Movie App","technology":["Kotlin","SQL Lite","Gradle","Jenkins"]}]},{"jobId":80,"jobTitle":"Software Engg-2","jobDescription":"To develop andriod application","experience":["Google","Apple","Mobile Iron"],"project":[{"projectName":"Movie App","technology":["Kotlin","SQL Lite","Gradle"]}]},{"jobId":130,"jobTitle":"Software Engg-3","jobDescription":"To develop andriod application and web application","experience":["Google","Apple","Mobile Iron"],"project":[{"projectName":"Movie App","technology":["Kotlin","SQL Lite","Gradle","Jenkins"]},{"projectName":"Movie App","technology":["Kotlin","SQL Lite","Gradle","Jenkins"]}]},{"jobId":74,"jobTitle":"Software Engg-3","jobDescription":"To develop andriod application and web application","experience":["Google","Apple","Mobile Iron"],"project":[{"projectName":"Movie App","technology":["Kotlin","SQL Lite","Gradle","Jenkins"]},{"projectName":"Movie App","technology":["Kotlin","SQL Lite","Gradle","Jenkins"]}]},{"jobId":10,"jobTitle":"Software Engg-2","jobDescription":"To develop andriod application","experience":["Google","Apple","Mobile Iron"],"project":[{"projectName":"Movie App","technology":["Kotlin","SQL Lite","Gradle"]}]},{"jobId":77,"jobTitle":"Software Engg-2","jobDescription":"To develop andriod application","experience":["Google","Apple","Mobile Iron"],"project":[{"projectName":"Movie App","technology":["Kotlin","SQL Lite","Gradle"]}]},{"jobId":26,"jobTitle":"Software Engg-2","jobDescription":"To develop andriod application","experience":["Google","Apple","Mobile Iron"],"project":[{"projectName":"Movie App","technology":["Kotlin","SQL Lite","Gradle"]}]}]
01:15:28.687 [pool-1-thread-4] INFO  com.intuit.karate - [print] [
  {
    "jobId": 1,
    "jobTitle": "Software Engg",
    "jobDescription": "To develop andriod application",
    "experience": [
      "Google",
      "Apple",
      "Mobile Iron"
    ],
    "project": [
      {
        "projectName": "Movie App",
        "technology": [
          "Kotlin",
          "SQL Lite",
          "Gradle"
        ]
      }
    ]
  },
  {
    "jobId": 68,
    "jobTitle": "Software Engg-2",
    "jobDescription": "To develop android application and web application",
    "experience": [
      "Google",
      "Apple",
      "Mobile Iron"
    ],
    "project": [
      {
        "projectName": "Movie App",
        "technology": [
          "Kotlin",
          "SQL Lite",
          "Gradle",
          "Jenkins"
        ]
      },
      {
        "projectName": "Movie App",
        "technology": [
          "Kotlin",
          "SQL Lite",
          "Gradle",
          "Jenkins"
        ]
      }
    ]
  },
  {
    "jobId": 34,
    "jobTitle": "Software Engg-3",
    "jobDescription": "To develop andriod application and web application",
    "experience": [
      "Google",
      "Apple",
      "Mobile Iron"
    ],
    "project": [
      {
        "projectName": "Movie App",
        "technology": [
          "Kotlin",
          "SQL Lite",
          "Gradle",
          "Jenkins"
        ]
      },
      {
        "projectName": "Movie App",
        "technology": [
          "Kotlin",
          "SQL Lite",
          "Gradle",
          "Jenkins"
        ]
      }
    ]
  },
  {
    "jobId": 41,
    "jobTitle": "Software Engg-2",
    "jobDescription": "To develop android application and web application",
    "experience": [
      "Google",
      "Apple",
      "Mobile Iron"
    ],
    "project": [
      {
        "projectName": "Movie App",
        "technology": [
          "Kotlin",
          "SQL Lite",
          "Gradle",
          "Jenkins"
        ]
      },
      {
        "projectName": "Movie App",
        "technology": [
          "Kotlin",
          "SQL Lite",
          "Gradle",
          "Jenkins"
        ]
      }
    ]
  },
  {
    "jobId": 12,
    "jobTitle": "Software Engg-2",
    "jobDescription": "To develop andriod application",
    "experience": [
      "Google",
      "Apple",
      "Mobile Iron"
    ],
    "project": [
      {
        "projectName": "Movie App",
        "technology": [
          "Kotlin",
          "SQL Lite",
          "Gradle"
        ]
      }
    ]
  },
  {
    "jobId": 73,
    "jobTitle": "Software Engg-3",
    "jobDescription": "To develop andriod application and web application",
    "experience": [
      "Google",
      "Apple",
      "Mobile Iron"
    ],
    "project": [
      {
        "projectName": "Movie App",
        "technology": [
          "Kotlin",
          "SQL Lite",
          "Gradle",
          "Jenkins"
        ]
      },
      {
        "projectName": "Movie App",
        "technology": [
          "Kotlin",
          "SQL Lite",
          "Gradle",
          "Jenkins"
        ]
      }
    ]
  },
  {
    "jobId": 99999,
    "jobTitle": "Software Engg-2",
    "jobDescription": "To develop andriod application",
    "experience": [
      "Google",
      "Apple",
      "Mobile Iron"
    ],
    "project": [
      {
        "projectName": "Movie App",
        "technology": [
          "Kotlin",
          "SQL Lite",
          "Gradle"
        ]
      }
    ]
  },
  {
    "jobId": 38,
    "jobTitle": "Software Engg-3",
    "jobDescription": "To develop andriod application and web application",
    "experience": [
      "Google",
      "Apple",
      "Mobile Iron"
    ],
    "project": [
      {
        "projectName": "Movie App",
        "technology": [
          "Kotlin",
          "SQL Lite",
          "Gradle",
          "Jenkins"
        ]
      },
      {
        "projectName": "Movie App",
        "technology": [
          "Kotlin",
          "SQL Lite",
          "Gradle",
          "Jenkins"
        ]
      }
    ]
  },
  {
    "jobId": 96,
    "jobTitle": "Software Engg-3",
    "jobDescription": "To develop andriod application and web application",
    "experience": [
      "Google",
      "Apple",
      "Mobile Iron"
    ],
    "project": [
      {
        "projectName": "Movie App",
        "technology": [
          "Kotlin",
          "SQL Lite",
          "Gradle",
          "Jenkins"
        ]
      },
      {
        "projectName": "Movie App",
        "technology": [
          "Kotlin",
          "SQL Lite",
          "Gradle",
          "Jenkins"
        ]
      }
    ]
  },
  {
    "jobId": 48,
    "jobTitle": "Software Engg-2",
    "jobDescription": "To develop andriod application",
    "experience": [
      "Google",
      "Apple",
      "Mobile Iron"
    ],
    "project": [
      {
        "projectName": "Movie App",
        "technology": [
          "Kotlin",
          "SQL Lite",
          "Gradle"
        ]
      }
    ]
  },
  {
    "jobId": 6,
    "jobTitle": "Software Engg-3",
    "jobDescription": "To develop andriod application and web application",
    "experience": [
      "Google",
      "Apple",
      "Mobile Iron"
    ],
    "project": [
      {
        "projectName": "Movie App",
        "technology": [
          "Kotlin",
          "SQL Lite",
          "Gradle",
          "Jenkins"
        ]
      },
      {
        "projectName": "Movie App",
        "technology": [
          "Kotlin",
          "SQL Lite",
          "Gradle",
          "Jenkins"
        ]
      }
    ]
  },
  {
    "jobId": 88,
    "jobTitle": "Software Engg-2",
    "jobDescription": "To develop android application and web application",
    "experience": [
      "Google",
      "Apple",
      "Mobile Iron"
    ],
    "project": [
      {
        "projectName": "Movie App",
        "technology": [
          "Kotlin",
          "SQL Lite",
          "Gradle"
        ]
      }
    ]
  },
  {
    "jobId": 9,
    "jobTitle": "Software Engg-3",
    "jobDescription": "To develop andriod application and web application",
    "experience": [
      "Google",
      "Apple",
      "Mobile Iron"
    ],
    "project": [
      {
        "projectName": "Movie App",
        "technology": [
          "Kotlin",
          "SQL Lite",
          "Gradle",
          "Jenkins"
        ]
      },
      {
        "projectName": "Movie App",
        "technology": [
          "Kotlin",
          "SQL Lite",
          "Gradle",
          "Jenkins"
        ]
      }
    ]
  },
  {
    "jobId": 8,
    "jobTitle": "Software Engg-2",
    "jobDescription": "To develop andriod application",
    "experience": [
      "Google",
      "Apple",
      "Mobile Iron"
    ],
    "project": [
      {
        "projectName": "Movie App",
        "technology": [
          "Kotlin",
          "SQL Lite",
          "Gradle"
        ]
      }
    ]
  },
  {
    "jobId": 7,
    "jobTitle": "Software Engg-3",
    "jobDescription": "To develop andriod application and web application",
    "experience": [
      "Google",
      "Apple",
      "Mobile Iron"
    ],
    "project": [
      {
        "projectName": "Movie App",
        "technology": [
          "Kotlin",
          "SQL Lite",
          "Gradle",
          "Jenkins"
        ]
      },
      {
        "projectName": "Movie App",
        "technology": [
          "Kotlin",
          "SQL Lite",
          "Gradle",
          "Jenkins"
        ]
      }
    ]
  },
  {
    "jobId": 13,
    "jobTitle": "Software Engg-2",
    "jobDescription": "To develop andriod application",
    "experience": [
      "Google",
      "Apple",
      "Mobile Iron"
    ],
    "project": [
      {
        "projectName": "Movie App",
        "technology": [
          "Kotlin",
          "SQL Lite",
          "Gradle"
        ]
      }
    ]
  },
  {
    "jobId": 53,
    "jobTitle": "Software Engg-2",
    "jobDescription": "To develop android application and web application",
    "experience": [
      "Google",
      "Apple",
      "Mobile Iron"
    ],
    "project": [
      {
        "projectName": "Movie App",
        "technology": [
          "Kotlin",
          "SQL Lite",
          "Gradle"
        ]
      }
    ]
  },
  {
    "jobId": 8,
    "jobTitle": "Software Engg-2",
    "jobDescription": "To develop andriod application",
    "experience": [
      "Google",
      "Apple",
      "Mobile Iron"
    ],
    "project": [
      {
        "projectName": "Movie App",
        "technology": [
          "Kotlin",
          "SQL Lite",
          "Gradle"
        ]
      }
    ]
  },
  {
    "jobId": 8,
    "jobTitle": "Software Engg-2",
    "jobDescription": "To develop andriod application",
    "experience": [
      "Google",
      "Apple",
      "Mobile Iron"
    ],
    "project": [
      {
        "projectName": "Movie App",
        "technology": [
          "Kotlin",
          "SQL Lite",
          "Gradle"
        ]
      }
    ]
  },
  {
    "jobId": 9980,
    "jobTitle": "Software Engg-2",
    "jobDescription": "To develop android application",
    "experience": [
      "Google",
      "Apple",
      "Mobile Iron"
    ],
    "project": [
      {
        "projectName": "Movie App",
        "technology": [
          "Kotlin",
          "SQL Lite",
          "Gradle"
        ]
      }
    ]
  },
  {
    "jobId": 80,
    "jobTitle": "Software Engg-2",
    "jobDescription": "To develop andriod application",
    "experience": [
      "Google",
      "Apple",
      "Mobile Iron"
    ],
    "project": [
      {
        "projectName": "Movie App",
        "technology": [
          "Kotlin",
          "SQL Lite",
          "Gradle"
        ]
      }
    ]
  },
  {
    "jobId": 49,
    "jobTitle": "Software Engg-2",
    "jobDescription": "To develop android application and web application",
    "experience": [
      "Google",
      "Apple",
      "Mobile Iron"
    ],
    "project": [
      {
        "projectName": "Movie App",
        "technology": [
          "Kotlin",
          "SQL Lite",
          "Gradle",
          "Jenkins"
        ]
      },
      {
        "projectName": "Movie App",
        "technology": [
          "Kotlin",
          "SQL Lite",
          "Gradle",
          "Jenkins"
        ]
      }
    ]
  },
  {
    "jobId": 82,
    "jobTitle": "Software Engg-3",
    "jobDescription": "To develop andriod application and web application",
    "experience": [
      "Google",
      "Apple",
      "Mobile Iron"
    ],
    "project": [
      {
        "projectName": "Movie App",
        "technology": [
          "Kotlin",
          "SQL Lite",
          "Gradle",
          "Jenkins"
        ]
      },
      {
        "projectName": "Movie App",
        "technology": [
          "Kotlin",
          "SQL Lite",
          "Gradle",
          "Jenkins"
        ]
      }
    ]
  },
  {
    "jobId": 45,
    "jobTitle": "Software Engg-3",
    "jobDescription": "To develop andriod application and web application",
    "experience": [
      "Google",
      "Apple",
      "Mobile Iron"
    ],
    "project": [
      {
        "projectName": "Movie App",
        "technology": [
          "Kotlin",
          "SQL Lite",
          "Gradle",
          "Jenkins"
        ]
      },
      {
        "projectName": "Movie App",
        "technology": [
          "Kotlin",
          "SQL Lite",
          "Gradle",
          "Jenkins"
        ]
      }
    ]
  },
  {
    "jobId": 26,
    "jobTitle": "Software Engg-2",
    "jobDescription": "To develop andriod application",
    "experience": [
      "Google",
      "Apple",
      "Mobile Iron"
    ],
    "project": [
      {
        "projectName": "Movie App",
        "technology": [
          "Kotlin",
          "SQL Lite",
          "Gradle"
        ]
      }
    ]
  },
  {
    "jobId": 8,
    "jobTitle": "Software Engg-2",
    "jobDescription": "To develop andriod application",
    "experience": [
      "Google",
      "Apple",
      "Mobile Iron"
    ],
    "project": [
      {
        "projectName": "Movie App",
        "technology": [
          "Kotlin",
          "SQL Lite",
          "Gradle"
        ]
      }
    ]
  },
  {
    "jobId": 75,
    "jobTitle": "Software Engg-2",
    "jobDescription": "To develop andriod application",
    "experience": [
      "Google",
      "Apple",
      "Mobile Iron"
    ],
    "project": [
      {
        "projectName": "Movie App",
        "technology": [
          "Kotlin",
          "SQL Lite",
          "Gradle"
        ]
      }
    ]
  },
  {
    "jobId": 8,
    "jobTitle": "Software Engg-2",
    "jobDescription": "To develop andriod application",
    "experience": [
      "Google",
      "Apple",
      "Mobile Iron"
    ],
    "project": [
      {
        "projectName": "Movie App",
        "technology": [
          "Kotlin",
          "SQL Lite",
          "Gradle"
        ]
      }
    ]
  },
  {
    "jobId": 9980,
    "jobTitle": "Software Engg-2",
    "jobDescription": "To develop android application",
    "experience": [
      "Google",
      "Apple",
      "Mobile Iron"
    ],
    "project": [
      {
        "projectName": "Movie App",
        "technology": [
          "Kotlin",
          "SQL Lite",
          "Gradle"
        ]
      }
    ]
  },
  {
    "jobId": 84,
    "jobTitle": "Software Engg-2",
    "jobDescription": "To develop andriod application",
    "experience": [
      "Google",
      "Apple",
      "Mobile Iron"
    ],
    "project": [
      {
        "projectName": "Movie App",
        "technology": [
          "Kotlin",
          "SQL Lite",
          "Gradle"
        ]
      }
    ]
  },
  {
    "jobId": 31,
    "jobTitle": "Software Engg-3",
    "jobDescription": "To develop andriod application and web application",
    "experience": [
      "Google",
      "Apple",
      "Mobile Iron"
    ],
    "project": [
      {
        "projectName": "Movie App",
        "technology": [
          "Kotlin",
          "SQL Lite",
          "Gradle",
          "Jenkins"
        ]
      },
      {
        "projectName": "Movie App",
        "technology": [
          "Kotlin",
          "SQL Lite",
          "Gradle",
          "Jenkins"
        ]
      }
    ]
  },
  {
    "jobId": 87,
    "jobTitle": "Software Engg-2",
    "jobDescription": "To develop andriod application",
    "experience": [
      "Google",
      "Apple",
      "Mobile Iron"
    ],
    "project": [
      {
        "projectName": "Movie App",
        "technology": [
          "Kotlin",
          "SQL Lite",
          "Gradle"
        ]
      }
    ]
  },
  {
    "jobId": 93,
    "jobTitle": "Software Engg-3",
    "jobDescription": "To develop andriod application and web application",
    "experience": [
      "Google",
      "Apple",
      "Mobile Iron"
    ],
    "project": [
      {
        "projectName": "Movie App",
        "technology": [
          "Kotlin",
          "SQL Lite",
          "Gradle",
          "Jenkins"
        ]
      },
      {
        "projectName": "Movie App",
        "technology": [
          "Kotlin",
          "SQL Lite",
          "Gradle",
          "Jenkins"
        ]
      }
    ]
  },
  {
    "jobId": 53,
    "jobTitle": "Software Engg-2",
    "jobDescription": "To develop andriod application",
    "experience": [
      "Google",
      "Apple",
      "Mobile Iron"
    ],
    "project": [
      {
        "projectName": "Movie App",
        "technology": [
          "Kotlin",
          "SQL Lite",
          "Gradle"
        ]
      }
    ]
  },
  {
    "jobId": 51,
    "jobTitle": "Software Engg-2",
    "jobDescription": "To develop andriod application",
    "experience": [
      "Google",
      "Apple",
      "Mobile Iron"
    ],
    "project": [
      {
        "projectName": "Movie App",
        "technology": [
          "Kotlin",
          "SQL Lite",
          "Gradle"
        ]
      }
    ]
  },
  {
    "jobId": 19,
    "jobTitle": "Software Engg-2",
    "jobDescription": "To develop andriod application",
    "experience": [
      "Google",
      "Apple",
      "Mobile Iron"
    ],
    "project": [
      {
        "projectName": "Movie App",
        "technology": [
          "Kotlin",
          "SQL Lite",
          "Gradle"
        ]
      }
    ]
  },
  {
    "jobId": 93,
    "jobTitle": "Software Engg-2",
    "jobDescription": "To develop andriod application",
    "experience": [
      "Google",
      "Apple",
      "Mobile Iron"
    ],
    "project": [
      {
        "projectName": "Movie App",
        "technology": [
          "Kotlin",
          "SQL Lite",
          "Gradle"
        ]
      }
    ]
  },
  {
    "jobId": 32,
    "jobTitle": "Software Engg-2",
    "jobDescription": "To develop android application and web application",
    "experience": [
      "Google",
      "Apple",
      "Mobile Iron"
    ],
    "project": [
      {
        "projectName": "Movie App",
        "technology": [
          "Kotlin",
          "SQL Lite",
          "Gradle"
        ]
      }
    ]
  },
  {
    "jobId": 71,
    "jobTitle": "Software Engg-2",
    "jobDescription": "To develop android application and web application",
    "experience": [
      "Google",
      "Apple",
      "Mobile Iron"
    ],
    "project": [
      {
        "projectName": "Movie App",
        "technology": [
          "Kotlin",
          "SQL Lite",
          "Gradle"
        ]
      }
    ]
  },
  {
    "jobId": 23,
    "jobTitle": "Software Engg-2",
    "jobDescription": "To develop android application and web application",
    "experience": [
      "Google",
      "Apple",
      "Mobile Iron"
    ],
    "project": [
      {
        "projectName": "Movie App",
        "technology": [
          "Kotlin",
          "SQL Lite",
          "Gradle"
        ]
      }
    ]
  },
  {
    "jobId": 31,
    "jobTitle": "Software Engg-2",
    "jobDescription": "To develop andriod application",
    "experience": [
      "Google",
      "Apple",
      "Mobile Iron"
    ],
    "project": [
      {
        "projectName": "Movie App",
        "technology": [
          "Kotlin",
          "SQL Lite",
          "Gradle"
        ]
      }
    ]
  },
  {
    "jobId": 10,
    "jobTitle": "Software Engg-2",
    "jobDescription": "To develop andriod application",
    "experience": [
      "Google",
      "Apple",
      "Mobile Iron"
    ],
    "project": [
      {
        "projectName": "Movie App",
        "technology": [
          "Kotlin",
          "SQL Lite",
          "Gradle"
        ]
      }
    ]
  },
  {
    "jobId": 8,
    "jobTitle": "Software Engg-2",
    "jobDescription": "To develop andriod application",
    "experience": [
      "Google",
      "Apple",
      "Mobile Iron"
    ],
    "project": [
      {
        "projectName": "Movie App",
        "technology": [
          "Kotlin",
          "SQL Lite",
          "Gradle"
        ]
      }
    ]
  },
  {
    "jobId": 38,
    "jobTitle": "Software Engg-2",
    "jobDescription": "To develop andriod application",
    "experience": [
      "Google",
      "Apple",
      "Mobile Iron"
    ],
    "project": [
      {
        "projectName": "Movie App",
        "technology": [
          "Kotlin",
          "SQL Lite",
          "Gradle"
        ]
      }
    ]
  },
  {
    "jobId": 8,
    "jobTitle": "Software Engg-2",
    "jobDescription": "To develop andriod application",
    "experience": [
      "Google",
      "Apple",
      "Mobile Iron"
    ],
    "project": [
      {
        "projectName": "Movie App",
        "technology": [
          "Kotlin",
          "SQL Lite",
          "Gradle"
        ]
      }
    ]
  },
  {
    "jobId": 9980,
    "jobTitle": "Software Engg-2",
    "jobDescription": "To develop android application",
    "experience": [
      "Google",
      "Apple",
      "Mobile Iron"
    ],
    "project": [
      {
        "projectName": "Movie App",
        "technology": [
          "Kotlin",
          "SQL Lite",
          "Gradle"
        ]
      }
    ]
  },
  {
    "jobId": 5,
    "jobTitle": "Software Engg-3",
    "jobDescription": "To develop andriod application and web application",
    "experience": [
      "Google",
      "Apple",
      "Mobile Iron"
    ],
    "project": [
      {
        "projectName": "Movie App",
        "technology": [
          "Kotlin",
          "SQL Lite",
          "Gradle",
          "Jenkins"
        ]
      },
      {
        "projectName": "Movie App",
        "technology": [
          "Kotlin",
          "SQL Lite",
          "Gradle",
          "Jenkins"
        ]
      }
    ]
  },
  {
    "jobId": 16,
    "jobTitle": "Software Engg-3",
    "jobDescription": "To develop andriod application and web application",
    "experience": [
      "Google",
      "Apple",
      "Mobile Iron"
    ],
    "project": [
      {
        "projectName": "Movie App",
        "technology": [
          "Kotlin",
          "SQL Lite",
          "Gradle",
          "Jenkins"
        ]
      },
      {
        "projectName": "Movie App",
        "technology": [
          "Kotlin",
          "SQL Lite",
          "Gradle",
          "Jenkins"
        ]
      }
    ]
  },
  {
    "jobId": 1,
    "jobTitle": "Software Engg-2",
    "jobDescription": "To develop andriod application",
    "experience": [
      "Google",
      "Apple",
      "Mobile Iron"
    ],
    "project": [
      {
        "projectName": "Movie App",
        "technology": [
          "Kotlin",
          "SQL Lite",
          "Gradle"
        ]
      }
    ]
  },
  {
    "jobId": 7,
    "jobTitle": "Software Engg-2",
    "jobDescription": "To develop andriod application",
    "experience": [
      "Google",
      "Apple",
      "Mobile Iron"
    ],
    "project": [
      {
        "projectName": "Movie App",
        "technology": [
          "Kotlin",
          "SQL Lite",
          "Gradle"
        ]
      }
    ]
  },
  {
    "jobId": 35,
    "jobTitle": "Software Engg-2",
    "jobDescription": "To develop android application and web application",
    "experience": [
      "Google",
      "Apple",
      "Mobile Iron"
    ],
    "project": [
      {
        "projectName": "Movie App",
        "technology": [
          "Kotlin",
          "SQL Lite",
          "Gradle"
        ]
      }
    ]
  },
  {
    "jobId": 48,
    "jobTitle": "Software Engg-2",
    "jobDescription": "To develop andriod application",
    "experience": [
      "Google",
      "Apple",
      "Mobile Iron"
    ],
    "project": [
      {
        "projectName": "Movie App",
        "technology": [
          "Kotlin",
          "SQL Lite",
          "Gradle"
        ]
      }
    ]
  },
  {
    "jobId": 2,
    "jobTitle": "Software Engg-2",
    "jobDescription": "To develop andriod application",
    "experience": [
      "Google",
      "Apple",
      "Mobile Iron"
    ],
    "project": [
      {
        "projectName": "Movie App",
        "technology": [
          "Kotlin",
          "SQL Lite",
          "Gradle"
        ]
      }
    ]
  },
  {
    "jobId": 88,
    "jobTitle": "Software Engg-2",
    "jobDescription": "To develop andriod application",
    "experience": [
      "Google",
      "Apple",
      "Mobile Iron"
    ],
    "project": [
      {
        "projectName": "Movie App",
        "technology": [
          "Kotlin",
          "SQL Lite",
          "Gradle"
        ]
      }
    ]
  },
  {
    "jobId": 21,
    "jobTitle": "Software Engg-2",
    "jobDescription": "To develop andriod application",
    "experience": [
      "Google",
      "Apple",
      "Mobile Iron"
    ],
    "project": [
      {
        "projectName": "Movie App",
        "technology": [
          "Kotlin",
          "SQL Lite",
          "Gradle"
        ]
      }
    ]
  },
  {
    "jobId": 71,
    "jobTitle": "Software Engg-2",
    "jobDescription": "To develop andriod application",
    "experience": [
      "Google",
      "Apple",
      "Mobile Iron"
    ],
    "project": [
      {
        "projectName": "Movie App",
        "technology": [
          "Kotlin",
          "SQL Lite",
          "Gradle"
        ]
      }
    ]
  },
  {
    "jobId": 8,
    "jobTitle": "Software Engg-2",
    "jobDescription": "To develop andriod application",
    "experience": [
      "Google",
      "Apple",
      "Mobile Iron"
    ],
    "project": [
      {
        "projectName": "Movie App",
        "technology": [
          "Kotlin",
          "SQL Lite",
          "Gradle"
        ]
      }
    ]
  },
  {
    "jobId": 94,
    "jobTitle": "Software Engg-2",
    "jobDescription": "To develop andriod application",
    "experience": [
      "Google",
      "Apple",
      "Mobile Iron"
    ],
    "project": [
      {
        "projectName": "Movie App",
        "technology": [
          "Kotlin",
          "SQL Lite",
          "Gradle"
        ]
      }
    ]
  },
  {
    "jobId": 8,
    "jobTitle": "Software Engg-2",
    "jobDescription": "To develop andriod application",
    "experience": [
      "Google",
      "Apple",
      "Mobile Iron"
    ],
    "project": [
      {
        "projectName": "Movie App",
        "technology": [
          "Kotlin",
          "SQL Lite",
          "Gradle"
        ]
      }
    ]
  },
  {
    "jobId": 9980,
    "jobTitle": "Software Engg-2",
    "jobDescription": "To develop android application",
    "experience": [
      "Google",
      "Apple",
      "Mobile Iron"
    ],
    "project": [
      {
        "projectName": "Movie App",
        "technology": [
          "Kotlin",
          "SQL Lite",
          "Gradle"
        ]
      }
    ]
  },
  {
    "jobId": 89,
    "jobTitle": "Software Engg-3",
    "jobDescription": "To develop andriod application and web application",
    "experience": [
      "Google",
      "Apple",
      "Mobile Iron"
    ],
    "project": [
      {
        "projectName": "Movie App",
        "technology": [
          "Kotlin",
          "SQL Lite",
          "Gradle",
          "Jenkins"
        ]
      },
      {
        "projectName": "Movie App",
        "technology": [
          "Kotlin",
          "SQL Lite",
          "Gradle",
          "Jenkins"
        ]
      }
    ]
  },
  {
    "jobId": 35,
    "jobTitle": "Software Engg-2",
    "jobDescription": "To develop andriod application",
    "experience": [
      "Google",
      "Apple",
      "Mobile Iron"
    ],
    "project": [
      {
        "projectName": "Movie App",
        "technology": [
          "Kotlin",
          "SQL Lite",
          "Gradle"
        ]
      }
    ]
  },
  {
    "jobId": 77,
    "jobTitle": "Software Engg-2",
    "jobDescription": "To develop android application and web application",
    "experience": [
      "Google",
      "Apple",
      "Mobile Iron"
    ],
    "project": [
      {
        "projectName": "Movie App",
        "technology": [
          "Kotlin",
          "SQL Lite",
          "Gradle"
        ]
      }
    ]
  },
  {
    "jobId": 50,
    "jobTitle": "Software Engg-3",
    "jobDescription": "To develop andriod application and web application",
    "experience": [
      "Google",
      "Apple",
      "Mobile Iron"
    ],
    "project": [
      {
        "projectName": "Movie App",
        "technology": [
          "Kotlin",
          "SQL Lite",
          "Gradle",
          "Jenkins"
        ]
      },
      {
        "projectName": "Movie App",
        "technology": [
          "Kotlin",
          "SQL Lite",
          "Gradle",
          "Jenkins"
        ]
      }
    ]
  },
  {
    "jobId": 33,
    "jobTitle": "Software Engg-2",
    "jobDescription": "To develop andriod application",
    "experience": [
      "Google",
      "Apple",
      "Mobile Iron"
    ],
    "project": [
      {
        "projectName": "Movie App",
        "technology": [
          "Kotlin",
          "SQL Lite",
          "Gradle"
        ]
      }
    ]
  },
  {
    "jobId": 78,
    "jobTitle": "Software Engg-2",
    "jobDescription": "To develop android application and web application",
    "experience": [
      "Google",
      "Apple",
      "Mobile Iron"
    ],
    "project": [
      {
        "projectName": "Movie App",
        "technology": [
          "Kotlin",
          "SQL Lite",
          "Gradle"
        ]
      }
    ]
  },
  {
    "jobId": 3,
    "jobTitle": "Software Engg-2",
    "jobDescription": "To develop android application and web application",
    "experience": [
      "Google",
      "Apple",
      "Mobile Iron"
    ],
    "project": [
      {
        "projectName": "Movie App",
        "technology": [
          "Kotlin",
          "SQL Lite",
          "Gradle"
        ]
      }
    ]
  },
  {
    "jobId": 18,
    "jobTitle": "Software Engg-2",
    "jobDescription": "To develop android application and web application",
    "experience": [
      "Google",
      "Apple",
      "Mobile Iron"
    ],
    "project": [
      {
        "projectName": "Movie App",
        "technology": [
          "Kotlin",
          "SQL Lite",
          "Gradle"
        ]
      }
    ]
  },
  {
    "jobId": 4,
    "jobTitle": "Software Engg-2",
    "jobDescription": "To develop android application and web application",
    "experience": [
      "Google",
      "Apple",
      "Mobile Iron"
    ],
    "project": [
      {
        "projectName": "Movie App",
        "technology": [
          "Kotlin",
          "SQL Lite",
          "Gradle"
        ]
      }
    ]
  },
  {
    "jobId": 8,
    "jobTitle": "Software Engg-2",
    "jobDescription": "To develop andriod application",
    "experience": [
      "Google",
      "Apple",
      "Mobile Iron"
    ],
    "project": [
      {
        "projectName": "Movie App",
        "technology": [
          "Kotlin",
          "SQL Lite",
          "Gradle"
        ]
      }
    ]
  },
  {
    "jobId": 9980,
    "jobTitle": "Software Engg-2",
    "jobDescription": "To develop android application",
    "experience": [
      "Google",
      "Apple",
      "Mobile Iron"
    ],
    "project": [
      {
        "projectName": "Movie App",
        "technology": [
          "Kotlin",
          "SQL Lite",
          "Gradle"
        ]
      }
    ]
  },
  {
    "jobId": 8,
    "jobTitle": "Software Engg-2",
    "jobDescription": "To develop andriod application",
    "experience": [
      "Google",
      "Apple",
      "Mobile Iron"
    ],
    "project": [
      {
        "projectName": "Movie App",
        "technology": [
          "Kotlin",
          "SQL Lite",
          "Gradle"
        ]
      }
    ]
  },
  {
    "jobId": 17,
    "jobTitle": "Software Engg-3",
    "jobDescription": "To develop andriod application and web application",
    "experience": [
      "Google",
      "Apple",
      "Mobile Iron"
    ],
    "project": [
      {
        "projectName": "Movie App",
        "technology": [
          "Kotlin",
          "SQL Lite",
          "Gradle",
          "Jenkins"
        ]
      },
      {
        "projectName": "Movie App",
        "technology": [
          "Kotlin",
          "SQL Lite",
          "Gradle",
          "Jenkins"
        ]
      }
    ]
  },
  {
    "jobId": 94,
    "jobTitle": "Software Engg-2",
    "jobDescription": "To develop andriod application",
    "experience": [
      "Google",
      "Apple",
      "Mobile Iron"
    ],
    "project": [
      {
        "projectName": "Movie App",
        "technology": [
          "Kotlin",
          "SQL Lite",
          "Gradle"
        ]
      }
    ]
  },
  {
    "jobId": 83,
    "jobTitle": "Software Engg-3",
    "jobDescription": "To develop andriod application and web application",
    "experience": [
      "Google",
      "Apple",
      "Mobile Iron"
    ],
    "project": [
      {
        "projectName": "Movie App",
        "technology": [
          "Kotlin",
          "SQL Lite",
          "Gradle",
          "Jenkins"
        ]
      },
      {
        "projectName": "Movie App",
        "technology": [
          "Kotlin",
          "SQL Lite",
          "Gradle",
          "Jenkins"
        ]
      }
    ]
  },
  {
    "jobId": 75,
    "jobTitle": "Software Engg-2",
    "jobDescription": "To develop andriod application",
    "experience": [
      "Google",
      "Apple",
      "Mobile Iron"
    ],
    "project": [
      {
        "projectName": "Movie App",
        "technology": [
          "Kotlin",
          "SQL Lite",
          "Gradle"
        ]
      }
    ]
  },
  {
    "jobId": 86,
    "jobTitle": "Software Engg-3",
    "jobDescription": "To develop andriod application and web application",
    "experience": [
      "Google",
      "Apple",
      "Mobile Iron"
    ],
    "project": [
      {
        "projectName": "Movie App",
        "technology": [
          "Kotlin",
          "SQL Lite",
          "Gradle",
          "Jenkins"
        ]
      },
      {
        "projectName": "Movie App",
        "technology": [
          "Kotlin",
          "SQL Lite",
          "Gradle",
          "Jenkins"
        ]
      }
    ]
  },
  {
    "jobId": 40,
    "jobTitle": "Software Engg-2",
    "jobDescription": "To develop android application and web application",
    "experience": [
      "Google",
      "Apple",
      "Mobile Iron"
    ],
    "project": [
      {
        "projectName": "Movie App",
        "technology": [
          "Kotlin",
          "SQL Lite",
          "Gradle"
        ]
      }
    ]
  },
  {
    "jobId": 66,
    "jobTitle": "Software Engg-2",
    "jobDescription": "To develop android application and web application",
    "experience": [
      "Google",
      "Apple",
      "Mobile Iron"
    ],
    "project": [
      {
        "projectName": "Movie App",
        "technology": [
          "Kotlin",
          "SQL Lite",
          "Gradle"
        ]
      }
    ]
  },
  {
    "jobId": 18,
    "jobTitle": "Software Engg-2",
    "jobDescription": "To develop andriod application",
    "experience": [
      "Google",
      "Apple",
      "Mobile Iron"
    ],
    "project": [
      {
        "projectName": "Movie App",
        "technology": [
          "Kotlin",
          "SQL Lite",
          "Gradle"
        ]
      }
    ]
  },
  {
    "jobId": 42,
    "jobTitle": "Software Engg-2",
    "jobDescription": "To develop andriod application",
    "experience": [
      "Google",
      "Apple",
      "Mobile Iron"
    ],
    "project": [
      {
        "projectName": "Movie App",
        "technology": [
          "Kotlin",
          "SQL Lite",
          "Gradle"
        ]
      }
    ]
  },
  {
    "jobId": 68,
    "jobTitle": "Software Engg-2",
    "jobDescription": "To develop andriod application",
    "experience": [
      "Google",
      "Apple",
      "Mobile Iron"
    ],
    "project": [
      {
        "projectName": "Movie App",
        "technology": [
          "Kotlin",
          "SQL Lite",
          "Gradle"
        ]
      }
    ]
  },
  {
    "jobId": 96,
    "jobTitle": "Software Engg-2",
    "jobDescription": "To develop andriod application",
    "experience": [
      "Google",
      "Apple",
      "Mobile Iron"
    ],
    "project": [
      {
        "projectName": "Movie App",
        "technology": [
          "Kotlin",
          "SQL Lite",
          "Gradle"
        ]
      }
    ]
  },
  {
    "jobId": 59,
    "jobTitle": "Software Engg-2",
    "jobDescription": "To develop android application and web application",
    "experience": [
      "Google",
      "Apple",
      "Mobile Iron"
    ],
    "project": [
      {
        "projectName": "Movie App",
        "technology": [
          "Kotlin",
          "SQL Lite",
          "Gradle"
        ]
      }
    ]
  },
  {
    "jobId": 8,
    "jobTitle": "Software Engg-2",
    "jobDescription": "To develop andriod application",
    "experience": [
      "Google",
      "Apple",
      "Mobile Iron"
    ],
    "project": [
      {
        "projectName": "Movie App",
        "technology": [
          "Kotlin",
          "SQL Lite",
          "Gradle"
        ]
      }
    ]
  },
  {
    "jobId": 32,
    "jobTitle": "Software Engg-2",
    "jobDescription": "To develop andriod application",
    "experience": [
      "Google",
      "Apple",
      "Mobile Iron"
    ],
    "project": [
      {
        "projectName": "Movie App",
        "technology": [
          "Kotlin",
          "SQL Lite",
          "Gradle"
        ]
      }
    ]
  },
  {
    "jobId": 8,
    "jobTitle": "Software Engg-2",
    "jobDescription": "To develop andriod application",
    "experience": [
      "Google",
      "Apple",
      "Mobile Iron"
    ],
    "project": [
      {
        "projectName": "Movie App",
        "technology": [
          "Kotlin",
          "SQL Lite",
          "Gradle"
        ]
      }
    ]
  },
  {
    "jobId": 9980,
    "jobTitle": "Software Engg-2",
    "jobDescription": "To develop android application",
    "experience": [
      "Google",
      "Apple",
      "Mobile Iron"
    ],
    "project": [
      {
        "projectName": "Movie App",
        "technology": [
          "Kotlin",
          "SQL Lite",
          "Gradle"
        ]
      }
    ]
  },
  {
    "jobId": 6,
    "jobTitle": "Software Engg-2",
    "jobDescription": "To develop andriod application",
    "experience": [
      "Google",
      "Apple",
      "Mobile Iron"
    ],
    "project": [
      {
        "projectName": "Movie App",
        "technology": [
          "Kotlin",
          "SQL Lite",
          "Gradle"
        ]
      }
    ]
  },
  {
    "jobId": 57,
    "jobTitle": "Software Engg-3",
    "jobDescription": "To develop andriod application and web application",
    "experience": [
      "Google",
      "Apple",
      "Mobile Iron"
    ],
    "project": [
      {
        "projectName": "Movie App",
        "technology": [
          "Kotlin",
          "SQL Lite",
          "Gradle",
          "Jenkins"
        ]
      },
      {
        "projectName": "Movie App",
        "technology": [
          "Kotlin",
          "SQL Lite",
          "Gradle",
          "Jenkins"
        ]
      }
    ]
  },
  {
    "jobId": 19,
    "jobTitle": "Software Engg-2",
    "jobDescription": "To develop andriod application",
    "experience": [
      "Google",
      "Apple",
      "Mobile Iron"
    ],
    "project": [
      {
        "projectName": "Movie App",
        "technology": [
          "Kotlin",
          "SQL Lite",
          "Gradle"
        ]
      }
    ]
  },
  {
    "jobId": 29,
    "jobTitle": "Software Engg-3",
    "jobDescription": "To develop andriod application and web application",
    "experience": [
      "Google",
      "Apple",
      "Mobile Iron"
    ],
    "project": [
      {
        "projectName": "Movie App",
        "technology": [
          "Kotlin",
          "SQL Lite",
          "Gradle",
          "Jenkins"
        ]
      },
      {
        "projectName": "Movie App",
        "technology": [
          "Kotlin",
          "SQL Lite",
          "Gradle",
          "Jenkins"
        ]
      }
    ]
  },
  {
    "jobId": 90,
    "jobTitle": "Software Engg-2",
    "jobDescription": "To develop android application and web application",
    "experience": [
      "Google",
      "Apple",
      "Mobile Iron"
    ],
    "project": [
      {
        "projectName": "Movie App",
        "technology": [
          "Kotlin",
          "SQL Lite",
          "Gradle"
        ]
      }
    ]
  },
  {
    "jobId": 60,
    "jobTitle": "Software Engg-3",
    "jobDescription": "To develop andriod application and web application",
    "experience": [
      "Google",
      "Apple",
      "Mobile Iron"
    ],
    "project": [
      {
        "projectName": "Movie App",
        "technology": [
          "Kotlin",
          "SQL Lite",
          "Gradle",
          "Jenkins"
        ]
      },
      {
        "projectName": "Movie App",
        "technology": [
          "Kotlin",
          "SQL Lite",
          "Gradle",
          "Jenkins"
        ]
      }
    ]
  },
  {
    "jobId": 92,
    "jobTitle": "Software Engg-2",
    "jobDescription": "To develop android application and web application",
    "experience": [
      "Google",
      "Apple",
      "Mobile Iron"
    ],
    "project": [
      {
        "projectName": "Movie App",
        "technology": [
          "Kotlin",
          "SQL Lite",
          "Gradle"
        ]
      }
    ]
  },
  {
    "jobId": 90,
    "jobTitle": "Software Engg-2",
    "jobDescription": "To develop andriod application",
    "experience": [
      "Google",
      "Apple",
      "Mobile Iron"
    ],
    "project": [
      {
        "projectName": "Movie App",
        "technology": [
          "Kotlin",
          "SQL Lite",
          "Gradle"
        ]
      }
    ]
  },
  {
    "jobId": 25,
    "jobTitle": "Software Engg-2",
    "jobDescription": "To develop andriod application",
    "experience": [
      "Google",
      "Apple",
      "Mobile Iron"
    ],
    "project": [
      {
        "projectName": "Movie App",
        "technology": [
          "Kotlin",
          "SQL Lite",
          "Gradle"
        ]
      }
    ]
  },
  {
    "jobId": 0,
    "jobTitle": "Software Engg-2",
    "jobDescription": "To develop android application and web application",
    "experience": [
      "Google",
      "Apple",
      "Mobile Iron"
    ],
    "project": [
      {
        "projectName": "Movie App",
        "technology": [
          "Kotlin",
          "SQL Lite",
          "Gradle"
        ]
      }
    ]
  },
  {
    "jobId": 53,
    "jobTitle": "Software Engg-2",
    "jobDescription": "To develop andriod application",
    "experience": [
      "Google",
      "Apple",
      "Mobile Iron"
    ],
    "project": [
      {
        "projectName": "Movie App",
        "technology": [
          "Kotlin",
          "SQL Lite",
          "Gradle"
        ]
      }
    ]
  },
  {
    "jobId": 37,
    "jobTitle": "Software Engg-2",
    "jobDescription": "To develop android application and web application",
    "experience": [
      "Google",
      "Apple",
      "Mobile Iron"
    ],
    "project": [
      {
        "projectName": "Movie App",
        "technology": [
          "Kotlin",
          "SQL Lite",
          "Gradle"
        ]
      }
    ]
  },
  {
    "jobId": 41,
    "jobTitle": "Software Engg-2",
    "jobDescription": "To develop andriod application",
    "experience": [
      "Google",
      "Apple",
      "Mobile Iron"
    ],
    "project": [
      {
        "projectName": "Movie App",
        "technology": [
          "Kotlin",
          "SQL Lite",
          "Gradle"
        ]
      }
    ]
  },
  {
    "jobId": 40,
    "jobTitle": "Software Engg-2",
    "jobDescription": "To develop andriod application",
    "experience": [
      "Google",
      "Apple",
      "Mobile Iron"
    ],
    "project": [
      {
        "projectName": "Movie App",
        "technology": [
          "Kotlin",
          "SQL Lite",
          "Gradle"
        ]
      }
    ]
  },
  {
    "jobId": 0,
    "jobTitle": "Software Engg-2",
    "jobDescription": "To develop andriod application",
    "experience": [
      "Google",
      "Apple",
      "Mobile Iron"
    ],
    "project": [
      {
        "projectName": "Movie App",
        "technology": [
          "Kotlin",
          "SQL Lite",
          "Gradle"
        ]
      }
    ]
  },
  {
    "jobId": 76,
    "jobTitle": "Software Engg-2",
    "jobDescription": "To develop andriod application",
    "experience": [
      "Google",
      "Apple",
      "Mobile Iron"
    ],
    "project": [
      {
        "projectName": "Movie App",
        "technology": [
          "Kotlin",
          "SQL Lite",
          "Gradle"
        ]
      }
    ]
  },
  {
    "jobId": 49,
    "jobTitle": "Software Engg-2",
    "jobDescription": "To develop andriod application",
    "experience": [
      "Google",
      "Apple",
      "Mobile Iron"
    ],
    "project": [
      {
        "projectName": "Movie App",
        "technology": [
          "Kotlin",
          "SQL Lite",
          "Gradle"
        ]
      }
    ]
  },
  {
    "jobId": 9980,
    "jobTitle": "Software Engg-2",
    "jobDescription": "To develop android application",
    "experience": [
      "Google",
      "Apple",
      "Mobile Iron"
    ],
    "project": [
      {
        "projectName": "Movie App",
        "technology": [
          "Kotlin",
          "SQL Lite",
          "Gradle"
        ]
      }
    ]
  },
  {
    "jobId": 8,
    "jobTitle": "Software Engg-2",
    "jobDescription": "To develop andriod application",
    "experience": [
      "Google",
      "Apple",
      "Mobile Iron"
    ],
    "project": [
      {
        "projectName": "Movie App",
        "technology": [
          "Kotlin",
          "SQL Lite",
          "Gradle"
        ]
      }
    ]
  },
  {
    "jobId": 79,
    "jobTitle": "Software Engg-2",
    "jobDescription": "To develop andriod application",
    "experience": [
      "Google",
      "Apple",
      "Mobile Iron"
    ],
    "project": [
      {
        "projectName": "Movie App",
        "technology": [
          "Kotlin",
          "SQL Lite",
          "Gradle"
        ]
      }
    ]
  },
  {
    "jobId": 8,
    "jobTitle": "Software Engg-2",
    "jobDescription": "To develop andriod application",
    "experience": [
      "Google",
      "Apple",
      "Mobile Iron"
    ],
    "project": [
      {
        "projectName": "Movie App",
        "technology": [
          "Kotlin",
          "SQL Lite",
          "Gradle"
        ]
      }
    ]
  },
  {
    "jobId": 39,
    "jobTitle": "Software Engg-3",
    "jobDescription": "To develop andriod application and web application",
    "experience": [
      "Google",
      "Apple",
      "Mobile Iron"
    ],
    "project": [
      {
        "projectName": "Movie App",
        "technology": [
          "Kotlin",
          "SQL Lite",
          "Gradle",
          "Jenkins"
        ]
      },
      {
        "projectName": "Movie App",
        "technology": [
          "Kotlin",
          "SQL Lite",
          "Gradle",
          "Jenkins"
        ]
      }
    ]
  },
  {
    "jobId": 96,
    "jobTitle": "Software Engg-2",
    "jobDescription": "To develop andriod application",
    "experience": [
      "Google",
      "Apple",
      "Mobile Iron"
    ],
    "project": [
      {
        "projectName": "Movie App",
        "technology": [
          "Kotlin",
          "SQL Lite",
          "Gradle"
        ]
      }
    ]
  },
  {
    "jobId": 28,
    "jobTitle": "Software Engg-3",
    "jobDescription": "To develop andriod application and web application",
    "experience": [
      "Google",
      "Apple",
      "Mobile Iron"
    ],
    "project": [
      {
        "projectName": "Movie App",
        "technology": [
          "Kotlin",
          "SQL Lite",
          "Gradle",
          "Jenkins"
        ]
      },
      {
        "projectName": "Movie App",
        "technology": [
          "Kotlin",
          "SQL Lite",
          "Gradle",
          "Jenkins"
        ]
      }
    ]
  },
  {
    "jobId": 80,
    "jobTitle": "Software Engg-2",
    "jobDescription": "To develop andriod application",
    "experience": [
      "Google",
      "Apple",
      "Mobile Iron"
    ],
    "project": [
      {
        "projectName": "Movie App",
        "technology": [
          "Kotlin",
          "SQL Lite",
          "Gradle"
        ]
      }
    ]
  },
  {
    "jobId": 130,
    "jobTitle": "Software Engg-3",
    "jobDescription": "To develop andriod application and web application",
    "experience": [
      "Google",
      "Apple",
      "Mobile Iron"
    ],
    "project": [
      {
        "projectName": "Movie App",
        "technology": [
          "Kotlin",
          "SQL Lite",
          "Gradle",
          "Jenkins"
        ]
      },
      {
        "projectName": "Movie App",
        "technology": [
          "Kotlin",
          "SQL Lite",
          "Gradle",
          "Jenkins"
        ]
      }
    ]
  },
  {
    "jobId": 74,
    "jobTitle": "Software Engg-3",
    "jobDescription": "To develop andriod application and web application",
    "experience": [
      "Google",
      "Apple",
      "Mobile Iron"
    ],
    "project": [
      {
        "projectName": "Movie App",
        "technology": [
          "Kotlin",
          "SQL Lite",
          "Gradle",
          "Jenkins"
        ]
      },
      {
        "projectName": "Movie App",
        "technology": [
          "Kotlin",
          "SQL Lite",
          "Gradle",
          "Jenkins"
        ]
      }
    ]
  },
  {
    "jobId": 10,
    "jobTitle": "Software Engg-2",
    "jobDescription": "To develop andriod application",
    "experience": [
      "Google",
      "Apple",
      "Mobile Iron"
    ],
    "project": [
      {
        "projectName": "Movie App",
        "technology": [
          "Kotlin",
          "SQL Lite",
          "Gradle"
        ]
      }
    ]
  },
  {
    "jobId": 77,
    "jobTitle": "Software Engg-2",
    "jobDescription": "To develop andriod application",
    "experience": [
      "Google",
      "Apple",
      "Mobile Iron"
    ],
    "project": [
      {
        "projectName": "Movie App",
        "technology": [
          "Kotlin",
          "SQL Lite",
          "Gradle"
        ]
      }
    ]
  },
  {
    "jobId": 26,
    "jobTitle": "Software Engg-2",
    "jobDescription": "To develop andriod application",
    "experience": [
      "Google",
      "Apple",
      "Mobile Iron"
    ],
    "project": [
      {
        "projectName": "Movie App",
        "technology": [
          "Kotlin",
          "SQL Lite",
          "Gradle"
        ]
      }
    ]
  }
]
 
01:15:28.697 [pool-1-thread-2] INFO  com.intuit.karate - karate.env system property was: null 
01:15:28.700 [pool-1-thread-4] ERROR com.intuit.karate - classpath:com/api/automation/getrequest/ignore/responseMatcher.feature:17
And match response ==
"""
[
  {
"jobId": 1,
"jobTitle": "Software Engg",
"jobDescription": "To develop andriod application",
"experience": [
  "Google",
  "Apple",
  "Mobile Iron"
],
"project": [
  {
    "projectName": "Movie App",
    "technology": [
      "Kotlin",
      "SQL Lite",
      "Gradle"
    ]
  }
]
  }
]
"""
match failed: EQUALS
  $ | not equal | actual array length is not equal to expected - 118:1 (LIST:LIST)
  [{"jobId":1,"jobTitle":"Software Engg","jobDescription":"To develop andriod application","experience":["Google","Apple","Mobile Iron"],"project":[{"projectName":"Movie App","technology":["Kotlin","SQL Lite","Gradle"]}]},{"jobId":68,"jobTitle":"Software Engg-2","jobDescription":"To develop android application and web application","experience":["Google","Apple","Mobile Iron"],"project":[{"projectName":"Movie App","technology":["Kotlin","SQL Lite","Gradle","Jenkins"]},{"projectName":"Movie App","technology":["Kotlin","SQL Lite","Gradle","Jenkins"]}]},{"jobId":34,"jobTitle":"Software Engg-3","jobDescription":"To develop andriod application and web application","experience":["Google","Apple","Mobile Iron"],"project":[{"projectName":"Movie App","technology":["Kotlin","SQL Lite","Gradle","Jenkins"]},{"projectName":"Movie App","technology":["Kotlin","SQL Lite","Gradle","Jenkins"]}]},{"jobId":41,"jobTitle":"Software Engg-2","jobDescription":"To develop android application and web application","experience":["Google","Apple","Mobile Iron"],"project":[{"projectName":"Movie App","technology":["Kotlin","SQL Lite","Gradle","Jenkins"]},{"projectName":"Movie App","technology":["Kotlin","SQL Lite","Gradle","Jenkins"]}]},{"jobId":12,"jobTitle":"Software Engg-2","jobDescription":"To develop andriod application","experience":["Google","Apple","Mobile Iron"],"project":[{"projectName":"Movie App","technology":["Kotlin","SQL Lite","Gradle"]}]},{"jobId":73,"jobTitle":"Software Engg-3","jobDescription":"To develop andriod application and web application","experience":["Google","Apple","Mobile Iron"],"project":[{"projectName":"Movie App","technology":["Kotlin","SQL Lite","Gradle","Jenkins"]},{"projectName":"Movie App","technology":["Kotlin","SQL Lite","Gradle","Jenkins"]}]},{"jobId":99999,"jobTitle":"Software Engg-2","jobDescription":"To develop andriod application","experience":["Google","Apple","Mobile Iron"],"project":[{"projectName":"Movie App","technology":["Kotlin","SQL Lite","Gradle"]}]},{"jobId":38,"jobTitle":"Software Engg-3","jobDescription":"To develop andriod application and web application","experience":["Google","Apple","Mobile Iron"],"project":[{"projectName":"Movie App","technology":["Kotlin","SQL Lite","Gradle","Jenkins"]},{"projectName":"Movie App","technology":["Kotlin","SQL Lite","Gradle","Jenkins"]}]},{"jobId":96,"jobTitle":"Software Engg-3","jobDescription":"To develop andriod application and web application","experience":["Google","Apple","Mobile Iron"],"project":[{"projectName":"Movie App","technology":["Kotlin","SQL Lite","Gradle","Jenkins"]},{"projectName":"Movie App","technology":["Kotlin","SQL Lite","Gradle","Jenkins"]}]},{"jobId":48,"jobTitle":"Software Engg-2","jobDescription":"To develop andriod application","experience":["Google","Apple","Mobile Iron"],"project":[{"projectName":"Movie App","technology":["Kotlin","SQL Lite","Gradle"]}]},{"jobId":6,"jobTitle":"Software Engg-3","jobDescription":"To develop andriod application and web application","experience":["Google","Apple","Mobile Iron"],"project":[{"projectName":"Movie App","technology":["Kotlin","SQL Lite","Gradle","Jenkins"]},{"projectName":"Movie App","technology":["Kotlin","SQL Lite","Gradle","Jenkins"]}]},{"jobId":88,"jobTitle":"Software Engg-2","jobDescription":"To develop android application and web application","experience":["Google","Apple","Mobile Iron"],"project":[{"projectName":"Movie App","technology":["Kotlin","SQL Lite","Gradle"]}]},{"jobId":9,"jobTitle":"Software Engg-3","jobDescription":"To develop andriod application and web application","experience":["Google","Apple","Mobile Iron"],"project":[{"projectName":"Movie App","technology":["Kotlin","SQL Lite","Gradle","Jenkins"]},{"projectName":"Movie App","technology":["Kotlin","SQL Lite","Gradle","Jenkins"]}]},{"jobId":8,"jobTitle":"Software Engg-2","jobDescription":"To develop andriod application","experience":["Google","Apple","Mobile Iron"],"project":[{"projectName":"Movie App","technology":["Kotlin","SQL Lite","Gradle"]}]},{"jobId":7,"jobTitle":"Software Engg-3","jobDescription":"To develop andriod application and web application","experience":["Google","Apple","Mobile Iron"],"project":[{"projectName":"Movie App","technology":["Kotlin","SQL Lite","Gradle","Jenkins"]},{"projectName":"Movie App","technology":["Kotlin","SQL Lite","Gradle","Jenkins"]}]},{"jobId":13,"jobTitle":"Software Engg-2","jobDescription":"To develop andriod application","experience":["Google","Apple","Mobile Iron"],"project":[{"projectName":"Movie App","technology":["Kotlin","SQL Lite","Gradle"]}]},{"jobId":53,"jobTitle":"Software Engg-2","jobDescription":"To develop android application and web application","experience":["Google","Apple","Mobile Iron"],"project":[{"projectName":"Movie App","technology":["Kotlin","SQL Lite","Gradle"]}]},{"jobId":8,"jobTitle":"Software Engg-2","jobDescription":"To develop andriod application","experience":["Google","Apple","Mobile Iron"],"project":[{"projectName":"Movie App","technology":["Kotlin","SQL Lite","Gradle"]}]},{"jobId":8,"jobTitle":"Software Engg-2","jobDescription":"To develop andriod application","experience":["Google","Apple","Mobile Iron"],"project":[{"projectName":"Movie App","technology":["Kotlin","SQL Lite","Gradle"]}]},{"jobId":9980,"jobTitle":"Software Engg-2","jobDescription":"To develop android application","experience":["Google","Apple","Mobile Iron"],"project":[{"projectName":"Movie App","technology":["Kotlin","SQL Lite","Gradle"]}]},{"jobId":80,"jobTitle":"Software Engg-2","jobDescription":"To develop andriod application","experience":["Google","Apple","Mobile Iron"],"project":[{"projectName":"Movie App","technology":["Kotlin","SQL Lite","Gradle"]}]},{"jobId":49,"jobTitle":"Software Engg-2","jobDescription":"To develop android application and web application","experience":["Google","Apple","Mobile Iron"],"project":[{"projectName":"Movie App","technology":["Kotlin","SQL Lite","Gradle","Jenkins"]},{"projectName":"Movie App","technology":["Kotlin","SQL Lite","Gradle","Jenkins"]}]},{"jobId":82,"jobTitle":"Software Engg-3","jobDescription":"To develop andriod application and web application","experience":["Google","Apple","Mobile Iron"],"project":[{"projectName":"Movie App","technology":["Kotlin","SQL Lite","Gradle","Jenkins"]},{"projectName":"Movie App","technology":["Kotlin","SQL Lite","Gradle","Jenkins"]}]},{"jobId":45,"jobTitle":"Software Engg-3","jobDescription":"To develop andriod application and web application","experience":["Google","Apple","Mobile Iron"],"project":[{"projectName":"Movie App","technology":["Kotlin","SQL Lite","Gradle","Jenkins"]},{"projectName":"Movie App","technology":["Kotlin","SQL Lite","Gradle","Jenkins"]}]},{"jobId":26,"jobTitle":"Software Engg-2","jobDescription":"To develop andriod application","experience":["Google","Apple","Mobile Iron"],"project":[{"projectName":"Movie App","technology":["Kotlin","SQL Lite","Gradle"]}]},{"jobId":8,"jobTitle":"Software Engg-2","jobDescription":"To develop andriod application","experience":["Google","Apple","Mobile Iron"],"project":[{"projectName":"Movie App","technology":["Kotlin","SQL Lite","Gradle"]}]},{"jobId":75,"jobTitle":"Software Engg-2","jobDescription":"To develop andriod application","experience":["Google","Apple","Mobile Iron"],"project":[{"projectName":"Movie App","technology":["Kotlin","SQL Lite","Gradle"]}]},{"jobId":8,"jobTitle":"Software Engg-2","jobDescription":"To develop andriod application","experience":["Google","Apple","Mobile Iron"],"project":[{"projectName":"Movie App","technology":["Kotlin","SQL Lite","Gradle"]}]},{"jobId":9980,"jobTitle":"Software Engg-2","jobDescription":"To develop android application","experience":["Google","Apple","Mobile Iron"],"project":[{"projectName":"Movie App","technology":["Kotlin","SQL Lite","Gradle"]}]},{"jobId":84,"jobTitle":"Software Engg-2","jobDescription":"To develop andriod application","experience":["Google","Apple","Mobile Iron"],"project":[{"projectName":"Movie App","technology":["Kotlin","SQL Lite","Gradle"]}]},{"jobId":31,"jobTitle":"Software Engg-3","jobDescription":"To develop andriod application and web application","experience":["Google","Apple","Mobile Iron"],"project":[{"projectName":"Movie App","technology":["Kotlin","SQL Lite","Gradle","Jenkins"]},{"projectName":"Movie App","technology":["Kotlin","SQL Lite","Gradle","Jenkins"]}]},{"jobId":87,"jobTitle":"Software Engg-2","jobDescription":"To develop andriod application","experience":["Google","Apple","Mobile Iron"],"project":[{"projectName":"Movie App","technology":["Kotlin","SQL Lite","Gradle"]}]},{"jobId":93,"jobTitle":"Software Engg-3","jobDescription":"To develop andriod application and web application","experience":["Google","Apple","Mobile Iron"],"project":[{"projectName":"Movie App","technology":["Kotlin","SQL Lite","Gradle","Jenkins"]},{"projectName":"Movie App","technology":["Kotlin","SQL Lite","Gradle","Jenkins"]}]},{"jobId":53,"jobTitle":"Software Engg-2","jobDescription":"To develop andriod application","experience":["Google","Apple","Mobile Iron"],"project":[{"projectName":"Movie App","technology":["Kotlin","SQL Lite","Gradle"]}]},{"jobId":51,"jobTitle":"Software Engg-2","jobDescription":"To develop andriod application","experience":["Google","Apple","Mobile Iron"],"project":[{"projectName":"Movie App","technology":["Kotlin","SQL Lite","Gradle"]}]},{"jobId":19,"jobTitle":"Software Engg-2","jobDescription":"To develop andriod application","experience":["Google","Apple","Mobile Iron"],"project":[{"projectName":"Movie App","technology":["Kotlin","SQL Lite","Gradle"]}]},{"jobId":93,"jobTitle":"Software Engg-2","jobDescription":"To develop andriod application","experience":["Google","Apple","Mobile Iron"],"project":[{"projectName":"Movie App","technology":["Kotlin","SQL Lite","Gradle"]}]},{"jobId":32,"jobTitle":"Software Engg-2","jobDescription":"To develop android application and web application","experience":["Google","Apple","Mobile Iron"],"project":[{"projectName":"Movie App","technology":["Kotlin","SQL Lite","Gradle"]}]},{"jobId":71,"jobTitle":"Software Engg-2","jobDescription":"To develop android application and web application","experience":["Google","Apple","Mobile Iron"],"project":[{"projectName":"Movie App","technology":["Kotlin","SQL Lite","Gradle"]}]},{"jobId":23,"jobTitle":"Software Engg-2","jobDescription":"To develop android application and web application","experience":["Google","Apple","Mobile Iron"],"project":[{"projectName":"Movie App","technology":["Kotlin","SQL Lite","Gradle"]}]},{"jobId":31,"jobTitle":"Software Engg-2","jobDescription":"To develop andriod application","experience":["Google","Apple","Mobile Iron"],"project":[{"projectName":"Movie App","technology":["Kotlin","SQL Lite","Gradle"]}]},{"jobId":10,"jobTitle":"Software Engg-2","jobDescription":"To develop andriod application","experience":["Google","Apple","Mobile Iron"],"project":[{"projectName":"Movie App","technology":["Kotlin","SQL Lite","Gradle"]}]},{"jobId":8,"jobTitle":"Software Engg-2","jobDescription":"To develop andriod application","experience":["Google","Apple","Mobile Iron"],"project":[{"projectName":"Movie App","technology":["Kotlin","SQL Lite","Gradle"]}]},{"jobId":38,"jobTitle":"Software Engg-2","jobDescription":"To develop andriod application","experience":["Google","Apple","Mobile Iron"],"project":[{"projectName":"Movie App","technology":["Kotlin","SQL Lite","Gradle"]}]},{"jobId":8,"jobTitle":"Software Engg-2","jobDescription":"To develop andriod application","experience":["Google","Apple","Mobile Iron"],"project":[{"projectName":"Movie App","technology":["Kotlin","SQL Lite","Gradle"]}]},{"jobId":9980,"jobTitle":"Software Engg-2","jobDescription":"To develop android application","experience":["Google","Apple","Mobile Iron"],"project":[{"projectName":"Movie App","technology":["Kotlin","SQL Lite","Gradle"]}]},{"jobId":5,"jobTitle":"Software Engg-3","jobDescription":"To develop andriod application and web application","experience":["Google","Apple","Mobile Iron"],"project":[{"projectName":"Movie App","technology":["Kotlin","SQL Lite","Gradle","Jenkins"]},{"projectName":"Movie App","technology":["Kotlin","SQL Lite","Gradle","Jenkins"]}]},{"jobId":16,"jobTitle":"Software Engg-3","jobDescription":"To develop andriod application and web application","experience":["Google","Apple","Mobile Iron"],"project":[{"projectName":"Movie App","technology":["Kotlin","SQL Lite","Gradle","Jenkins"]},{"projectName":"Movie App","technology":["Kotlin","SQL Lite","Gradle","Jenkins"]}]},{"jobId":1,"jobTitle":"Software Engg-2","jobDescription":"To develop andriod application","experience":["Google","Apple","Mobile Iron"],"project":[{"projectName":"Movie App","technology":["Kotlin","SQL Lite","Gradle"]}]},{"jobId":7,"jobTitle":"Software Engg-2","jobDescription":"To develop andriod application","experience":["Google","Apple","Mobile Iron"],"project":[{"projectName":"Movie App","technology":["Kotlin","SQL Lite","Gradle"]}]},{"jobId":35,"jobTitle":"Software Engg-2","jobDescription":"To develop android application and web application","experience":["Google","Apple","Mobile Iron"],"project":[{"projectName":"Movie App","technology":["Kotlin","SQL Lite","Gradle"]}]},{"jobId":48,"jobTitle":"Software Engg-2","jobDescription":"To develop andriod application","experience":["Google","Apple","Mobile Iron"],"project":[{"projectName":"Movie App","technology":["Kotlin","SQL Lite","Gradle"]}]},{"jobId":2,"jobTitle":"Software Engg-2","jobDescription":"To develop andriod application","experience":["Google","Apple","Mobile Iron"],"project":[{"projectName":"Movie App","technology":["Kotlin","SQL Lite","Gradle"]}]},{"jobId":88,"jobTitle":"Software Engg-2","jobDescription":"To develop andriod application","experience":["Google","Apple","Mobile Iron"],"project":[{"projectName":"Movie App","technology":["Kotlin","SQL Lite","Gradle"]}]},{"jobId":21,"jobTitle":"Software Engg-2","jobDescription":"To develop andriod application","experience":["Google","Apple","Mobile Iron"],"project":[{"projectName":"Movie App","technology":["Kotlin","SQL Lite","Gradle"]}]},{"jobId":71,"jobTitle":"Software Engg-2","jobDescription":"To develop andriod application","experience":["Google","Apple","Mobile Iron"],"project":[{"projectName":"Movie App","technology":["Kotlin","SQL Lite","Gradle"]}]},{"jobId":8,"jobTitle":"Software Engg-2","jobDescription":"To develop andriod application","experience":["Google","Apple","Mobile Iron"],"project":[{"projectName":"Movie App","technology":["Kotlin","SQL Lite","Gradle"]}]},{"jobId":94,"jobTitle":"Software Engg-2","jobDescription":"To develop andriod application","experience":["Google","Apple","Mobile Iron"],"project":[{"projectName":"Movie App","technology":["Kotlin","SQL Lite","Gradle"]}]},{"jobId":8,"jobTitle":"Software Engg-2","jobDescription":"To develop andriod application","experience":["Google","Apple","Mobile Iron"],"project":[{"projectName":"Movie App","technology":["Kotlin","SQL Lite","Gradle"]}]},{"jobId":9980,"jobTitle":"Software Engg-2","jobDescription":"To develop android application","experience":["Google","Apple","Mobile Iron"],"project":[{"projectName":"Movie App","technology":["Kotlin","SQL Lite","Gradle"]}]},{"jobId":89,"jobTitle":"Software Engg-3","jobDescription":"To develop andriod application and web application","experience":["Google","Apple","Mobile Iron"],"project":[{"projectName":"Movie App","technology":["Kotlin","SQL Lite","Gradle","Jenkins"]},{"projectName":"Movie App","technology":["Kotlin","SQL Lite","Gradle","Jenkins"]}]},{"jobId":35,"jobTitle":"Software Engg-2","jobDescription":"To develop andriod application","experience":["Google","Apple","Mobile Iron"],"project":[{"projectName":"Movie App","technology":["Kotlin","SQL Lite","Gradle"]}]},{"jobId":77,"jobTitle":"Software Engg-2","jobDescription":"To develop android application and web application","experience":["Google","Apple","Mobile Iron"],"project":[{"projectName":"Movie App","technology":["Kotlin","SQL Lite","Gradle"]}]},{"jobId":50,"jobTitle":"Software Engg-3","jobDescription":"To develop andriod application and web application","experience":["Google","Apple","Mobile Iron"],"project":[{"projectName":"Movie App","technology":["Kotlin","SQL Lite","Gradle","Jenkins"]},{"projectName":"Movie App","technology":["Kotlin","SQL Lite","Gradle","Jenkins"]}]},{"jobId":33,"jobTitle":"Software Engg-2","jobDescription":"To develop andriod application","experience":["Google","Apple","Mobile Iron"],"project":[{"projectName":"Movie App","technology":["Kotlin","SQL Lite","Gradle"]}]},{"jobId":78,"jobTitle":"Software Engg-2","jobDescription":"To develop android application and web application","experience":["Google","Apple","Mobile Iron"],"project":[{"projectName":"Movie App","technology":["Kotlin","SQL Lite","Gradle"]}]},{"jobId":3,"jobTitle":"Software Engg-2","jobDescription":"To develop android application and web application","experience":["Google","Apple","Mobile Iron"],"project":[{"projectName":"Movie App","technology":["Kotlin","SQL Lite","Gradle"]}]},{"jobId":18,"jobTitle":"Software Engg-2","jobDescription":"To develop android application and web application","experience":["Google","Apple","Mobile Iron"],"project":[{"projectName":"Movie App","technology":["Kotlin","SQL Lite","Gradle"]}]},{"jobId":4,"jobTitle":"Software Engg-2","jobDescription":"To develop android application and web application","experience":["Google","Apple","Mobile Iron"],"project":[{"projectName":"Movie App","technology":["Kotlin","SQL Lite","Gradle"]}]},{"jobId":8,"jobTitle":"Software Engg-2","jobDescription":"To develop andriod application","experience":["Google","Apple","Mobile Iron"],"project":[{"projectName":"Movie App","technology":["Kotlin","SQL Lite","Gradle"]}]},{"jobId":9980,"jobTitle":"Software Engg-2","jobDescription":"To develop android application","experience":["Google","Apple","Mobile Iron"],"project":[{"projectName":"Movie App","technology":["Kotlin","SQL Lite","Gradle"]}]},{"jobId":8,"jobTitle":"Software Engg-2","jobDescription":"To develop andriod application","experience":["Google","Apple","Mobile Iron"],"project":[{"projectName":"Movie App","technology":["Kotlin","SQL Lite","Gradle"]}]},{"jobId":17,"jobTitle":"Software Engg-3","jobDescription":"To develop andriod application and web application","experience":["Google","Apple","Mobile Iron"],"project":[{"projectName":"Movie App","technology":["Kotlin","SQL Lite","Gradle","Jenkins"]},{"projectName":"Movie App","technology":["Kotlin","SQL Lite","Gradle","Jenkins"]}]},{"jobId":94,"jobTitle":"Software Engg-2","jobDescription":"To develop andriod application","experience":["Google","Apple","Mobile Iron"],"project":[{"projectName":"Movie App","technology":["Kotlin","SQL Lite","Gradle"]}]},{"jobId":83,"jobTitle":"Software Engg-3","jobDescription":"To develop andriod application and web application","experience":["Google","Apple","Mobile Iron"],"project":[{"projectName":"Movie App","technology":["Kotlin","SQL Lite","Gradle","Jenkins"]},{"projectName":"Movie App","technology":["Kotlin","SQL Lite","Gradle","Jenkins"]}]},{"jobId":75,"jobTitle":"Software Engg-2","jobDescription":"To develop andriod application","experience":["Google","Apple","Mobile Iron"],"project":[{"projectName":"Movie App","technology":["Kotlin","SQL Lite","Gradle"]}]},{"jobId":86,"jobTitle":"Software Engg-3","jobDescription":"To develop andriod application and web application","experience":["Google","Apple","Mobile Iron"],"project":[{"projectName":"Movie App","technology":["Kotlin","SQL Lite","Gradle","Jenkins"]},{"projectName":"Movie App","technology":["Kotlin","SQL Lite","Gradle","Jenkins"]}]},{"jobId":40,"jobTitle":"Software Engg-2","jobDescription":"To develop android application and web application","experience":["Google","Apple","Mobile Iron"],"project":[{"projectName":"Movie App","technology":["Kotlin","SQL Lite","Gradle"]}]},{"jobId":66,"jobTitle":"Software Engg-2","jobDescription":"To develop android application and web application","experience":["Google","Apple","Mobile Iron"],"project":[{"projectName":"Movie App","technology":["Kotlin","SQL Lite","Gradle"]}]},{"jobId":18,"jobTitle":"Software Engg-2","jobDescription":"To develop andriod application","experience":["Google","Apple","Mobile Iron"],"project":[{"projectName":"Movie App","technology":["Kotlin","SQL Lite","Gradle"]}]},{"jobId":42,"jobTitle":"Software Engg-2","jobDescription":"To develop andriod application","experience":["Google","Apple","Mobile Iron"],"project":[{"projectName":"Movie App","technology":["Kotlin","SQL Lite","Gradle"]}]},{"jobId":68,"jobTitle":"Software Engg-2","jobDescription":"To develop andriod application","experience":["Google","Apple","Mobile Iron"],"project":[{"projectName":"Movie App","technology":["Kotlin","SQL Lite","Gradle"]}]},{"jobId":96,"jobTitle":"Software Engg-2","jobDescription":"To develop andriod application","experience":["Google","Apple","Mobile Iron"],"project":[{"projectName":"Movie App","technology":["Kotlin","SQL Lite","Gradle"]}]},{"jobId":59,"jobTitle":"Software Engg-2","jobDescription":"To develop android application and web application","experience":["Google","Apple","Mobile Iron"],"project":[{"projectName":"Movie App","technology":["Kotlin","SQL Lite","Gradle"]}]},{"jobId":8,"jobTitle":"Software Engg-2","jobDescription":"To develop andriod application","experience":["Google","Apple","Mobile Iron"],"project":[{"projectName":"Movie App","technology":["Kotlin","SQL Lite","Gradle"]}]},{"jobId":32,"jobTitle":"Software Engg-2","jobDescription":"To develop andriod application","experience":["Google","Apple","Mobile Iron"],"project":[{"projectName":"Movie App","technology":["Kotlin","SQL Lite","Gradle"]}]},{"jobId":8,"jobTitle":"Software Engg-2","jobDescription":"To develop andriod application","experience":["Google","Apple","Mobile Iron"],"project":[{"projectName":"Movie App","technology":["Kotlin","SQL Lite","Gradle"]}]},{"jobId":9980,"jobTitle":"Software Engg-2","jobDescription":"To develop android application","experience":["Google","Apple","Mobile Iron"],"project":[{"projectName":"Movie App","technology":["Kotlin","SQL Lite","Gradle"]}]},{"jobId":6,"jobTitle":"Software Engg-2","jobDescription":"To develop andriod application","experience":["Google","Apple","Mobile Iron"],"project":[{"projectName":"Movie App","technology":["Kotlin","SQL Lite","Gradle"]}]},{"jobId":57,"jobTitle":"Software Engg-3","jobDescription":"To develop andriod application and web application","experience":["Google","Apple","Mobile Iron"],"project":[{"projectName":"Movie App","technology":["Kotlin","SQL Lite","Gradle","Jenkins"]},{"projectName":"Movie App","technology":["Kotlin","SQL Lite","Gradle","Jenkins"]}]},{"jobId":19,"jobTitle":"Software Engg-2","jobDescription":"To develop andriod application","experience":["Google","Apple","Mobile Iron"],"project":[{"projectName":"Movie App","technology":["Kotlin","SQL Lite","Gradle"]}]},{"jobId":29,"jobTitle":"Software Engg-3","jobDescription":"To develop andriod application and web application","experience":["Google","Apple","Mobile Iron"],"project":[{"projectName":"Movie App","technology":["Kotlin","SQL Lite","Gradle","Jenkins"]},{"projectName":"Movie App","technology":["Kotlin","SQL Lite","Gradle","Jenkins"]}]},{"jobId":90,"jobTitle":"Software Engg-2","jobDescription":"To develop android application and web application","experience":["Google","Apple","Mobile Iron"],"project":[{"projectName":"Movie App","technology":["Kotlin","SQL Lite","Gradle"]}]},{"jobId":60,"jobTitle":"Software Engg-3","jobDescription":"To develop andriod application and web application","experience":["Google","Apple","Mobile Iron"],"project":[{"projectName":"Movie App","technology":["Kotlin","SQL Lite","Gradle","Jenkins"]},{"projectName":"Movie App","technology":["Kotlin","SQL Lite","Gradle","Jenkins"]}]},{"jobId":92,"jobTitle":"Software Engg-2","jobDescription":"To develop android application and web application","experience":["Google","Apple","Mobile Iron"],"project":[{"projectName":"Movie App","technology":["Kotlin","SQL Lite","Gradle"]}]},{"jobId":90,"jobTitle":"Software Engg-2","jobDescription":"To develop andriod application","experience":["Google","Apple","Mobile Iron"],"project":[{"projectName":"Movie App","technology":["Kotlin","SQL Lite","Gradle"]}]},{"jobId":25,"jobTitle":"Software Engg-2","jobDescription":"To develop andriod application","experience":["Google","Apple","Mobile Iron"],"project":[{"projectName":"Movie App","technology":["Kotlin","SQL Lite","Gradle"]}]},{"jobId":0,"jobTitle":"Software Engg-2","jobDescription":"To develop android application and web application","experience":["Google","Apple","Mobile Iron"],"project":[{"projectName":"Movie App","technology":["Kotlin","SQL Lite","Gradle"]}]},{"jobId":53,"jobTitle":"Software Engg-2","jobDescription":"To develop andriod application","experience":["Google","Apple","Mobile Iron"],"project":[{"projectName":"Movie App","technology":["Kotlin","SQL Lite","Gradle"]}]},{"jobId":37,"jobTitle":"Software Engg-2","jobDescription":"To develop android application and web application","experience":["Google","Apple","Mobile Iron"],"project":[{"projectName":"Movie App","technology":["Kotlin","SQL Lite","Gradle"]}]},{"jobId":41,"jobTitle":"Software Engg-2","jobDescription":"To develop andriod application","experience":["Google","Apple","Mobile Iron"],"project":[{"projectName":"Movie App","technology":["Kotlin","SQL Lite","Gradle"]}]},{"jobId":40,"jobTitle":"Software Engg-2","jobDescription":"To develop andriod application","experience":["Google","Apple","Mobile Iron"],"project":[{"projectName":"Movie App","technology":["Kotlin","SQL Lite","Gradle"]}]},{"jobId":0,"jobTitle":"Software Engg-2","jobDescription":"To develop andriod application","experience":["Google","Apple","Mobile Iron"],"project":[{"projectName":"Movie App","technology":["Kotlin","SQL Lite","Gradle"]}]},{"jobId":76,"jobTitle":"Software Engg-2","jobDescription":"To develop andriod application","experience":["Google","Apple","Mobile Iron"],"project":[{"projectName":"Movie App","technology":["Kotlin","SQL Lite","Gradle"]}]},{"jobId":49,"jobTitle":"Software Engg-2","jobDescription":"To develop andriod application","experience":["Google","Apple","Mobile Iron"],"project":[{"projectName":"Movie App","technology":["Kotlin","SQL Lite","Gradle"]}]},{"jobId":9980,"jobTitle":"Software Engg-2","jobDescription":"To develop android application","experience":["Google","Apple","Mobile Iron"],"project":[{"projectName":"Movie App","technology":["Kotlin","SQL Lite","Gradle"]}]},{"jobId":8,"jobTitle":"Software Engg-2","jobDescription":"To develop andriod application","experience":["Google","Apple","Mobile Iron"],"project":[{"projectName":"Movie App","technology":["Kotlin","SQL Lite","Gradle"]}]},{"jobId":79,"jobTitle":"Software Engg-2","jobDescription":"To develop andriod application","experience":["Google","Apple","Mobile Iron"],"project":[{"projectName":"Movie App","technology":["Kotlin","SQL Lite","Gradle"]}]},{"jobId":8,"jobTitle":"Software Engg-2","jobDescription":"To develop andriod application","experience":["Google","Apple","Mobile Iron"],"project":[{"projectName":"Movie App","technology":["Kotlin","SQL Lite","Gradle"]}]},{"jobId":39,"jobTitle":"Software Engg-3","jobDescription":"To develop andriod application and web application","experience":["Google","Apple","Mobile Iron"],"project":[{"projectName":"Movie App","technology":["Kotlin","SQL Lite","Gradle","Jenkins"]},{"projectName":"Movie App","technology":["Kotlin","SQL Lite","Gradle","Jenkins"]}]},{"jobId":96,"jobTitle":"Software Engg-2","jobDescription":"To develop andriod application","experience":["Google","Apple","Mobile Iron"],"project":[{"projectName":"Movie App","technology":["Kotlin","SQL Lite","Gradle"]}]},{"jobId":28,"jobTitle":"Software Engg-3","jobDescription":"To develop andriod application and web application","experience":["Google","Apple","Mobile Iron"],"project":[{"projectName":"Movie App","technology":["Kotlin","SQL Lite","Gradle","Jenkins"]},{"projectName":"Movie App","technology":["Kotlin","SQL Lite","Gradle","Jenkins"]}]},{"jobId":80,"jobTitle":"Software Engg-2","jobDescription":"To develop andriod application","experience":["Google","Apple","Mobile Iron"],"project":[{"projectName":"Movie App","technology":["Kotlin","SQL Lite","Gradle"]}]},{"jobId":130,"jobTitle":"Software Engg-3","jobDescription":"To develop andriod application and web application","experience":["Google","Apple","Mobile Iron"],"project":[{"projectName":"Movie App","technology":["Kotlin","SQL Lite","Gradle","Jenkins"]},{"projectName":"Movie App","technology":["Kotlin","SQL Lite","Gradle","Jenkins"]}]},{"jobId":74,"jobTitle":"Software Engg-3","jobDescription":"To develop andriod application and web application","experience":["Google","Apple","Mobile Iron"],"project":[{"projectName":"Movie App","technology":["Kotlin","SQL Lite","Gradle","Jenkins"]},{"projectName":"Movie App","technology":["Kotlin","SQL Lite","Gradle","Jenkins"]}]},{"jobId":10,"jobTitle":"Software Engg-2","jobDescription":"To develop andriod application","experience":["Google","Apple","Mobile Iron"],"project":[{"projectName":"Movie App","technology":["Kotlin","SQL Lite","Gradle"]}]},{"jobId":77,"jobTitle":"Software Engg-2","jobDescription":"To develop andriod application","experience":["Google","Apple","Mobile Iron"],"project":[{"projectName":"Movie App","technology":["Kotlin","SQL Lite","Gradle"]}]},{"jobId":26,"jobTitle":"Software Engg-2","jobDescription":"To develop andriod application","experience":["Google","Apple","Mobile Iron"],"project":[{"projectName":"Movie App","technology":["Kotlin","SQL Lite","Gradle"]}]}]
  [{"jobId":1,"jobTitle":"Software Engg","jobDescription":"To develop andriod application","experience":["Google","Apple","Mobile Iron"],"project":[{"projectName":"Movie App","technology":["Kotlin","SQL Lite","Gradle"]}]}]


classpath:com/api/automation/getrequest/ignore/responseMatcher.feature:17
01:15:28.704 [pool-1-thread-2] DEBUG com.intuit.karate - request:
1 > POST http://localhost:9897/normal/webapi/add
1 > Accept: application/json
1 > Content-Type: application/json; charset=UTF-8
1 > Content-Length: 220
1 > Host: localhost:9897
1 > Connection: Keep-Alive
1 > User-Agent: Apache-HttpClient/4.5.13 (Java/11.0.13)
1 > Accept-Encoding: gzip,deflate
{"jobId":8,"jobTitle":"Software Engg-2","jobDescription":"To develop andriod application","experience":["Google","Apple","Mobile Iron"],"project":[{"projectName":"Movie App","technology":["Kotlin","SQL Lite","Gradle"]}]}

01:15:28.692 [pool-1-thread-1] INFO  com.intuit.karate - [print] [
  {
    "jobId": 1,
    "jobTitle": "Software Engg",
    "jobDescription": "To develop andriod application",
    "experience": [
      "Google",
      "Apple",
      "Mobile Iron"
    ],
    "project": [
      {
        "projectName": "Movie App",
        "technology": [
          "Kotlin",
          "SQL Lite",
          "Gradle"
        ]
      }
    ]
  },
  {
    "jobId": 68,
    "jobTitle": "Software Engg-2",
    "jobDescription": "To develop android application and web application",
    "experience": [
      "Google",
      "Apple",
      "Mobile Iron"
    ],
    "project": [
      {
        "projectName": "Movie App",
        "technology": [
          "Kotlin",
          "SQL Lite",
          "Gradle",
          "Jenkins"
        ]
      },
      {
        "projectName": "Movie App",
        "technology": [
          "Kotlin",
          "SQL Lite",
          "Gradle",
          "Jenkins"
        ]
      }
    ]
  },
  {
    "jobId": 34,
    "jobTitle": "Software Engg-3",
    "jobDescription": "To develop andriod application and web application",
    "experience": [
      "Google",
      "Apple",
      "Mobile Iron"
    ],
    "project": [
      {
        "projectName": "Movie App",
        "technology": [
          "Kotlin",
          "SQL Lite",
          "Gradle",
          "Jenkins"
        ]
      },
      {
        "projectName": "Movie App",
        "technology": [
          "Kotlin",
          "SQL Lite",
          "Gradle",
          "Jenkins"
        ]
      }
    ]
  },
  {
    "jobId": 41,
    "jobTitle": "Software Engg-2",
    "jobDescription": "To develop android application and web application",
    "experience": [
      "Google",
      "Apple",
      "Mobile Iron"
    ],
    "project": [
      {
        "projectName": "Movie App",
        "technology": [
          "Kotlin",
          "SQL Lite",
          "Gradle",
          "Jenkins"
        ]
      },
      {
        "projectName": "Movie App",
        "technology": [
          "Kotlin",
          "SQL Lite",
          "Gradle",
          "Jenkins"
        ]
      }
    ]
  },
  {
    "jobId": 12,
    "jobTitle": "Software Engg-2",
    "jobDescription": "To develop andriod application",
    "experience": [
      "Google",
      "Apple",
      "Mobile Iron"
    ],
    "project": [
      {
        "projectName": "Movie App",
        "technology": [
          "Kotlin",
          "SQL Lite",
          "Gradle"
        ]
      }
    ]
  },
  {
    "jobId": 73,
    "jobTitle": "Software Engg-3",
    "jobDescription": "To develop andriod application and web application",
    "experience": [
      "Google",
      "Apple",
      "Mobile Iron"
    ],
    "project": [
      {
        "projectName": "Movie App",
        "technology": [
          "Kotlin",
          "SQL Lite",
          "Gradle",
          "Jenkins"
        ]
      },
      {
        "projectName": "Movie App",
        "technology": [
          "Kotlin",
          "SQL Lite",
          "Gradle",
          "Jenkins"
        ]
      }
    ]
  },
  {
    "jobId": 99999,
    "jobTitle": "Software Engg-2",
    "jobDescription": "To develop andriod application",
    "experience": [
      "Google",
      "Apple",
      "Mobile Iron"
    ],
    "project": [
      {
        "projectName": "Movie App",
        "technology": [
          "Kotlin",
          "SQL Lite",
          "Gradle"
        ]
      }
    ]
  },
  {
    "jobId": 38,
    "jobTitle": "Software Engg-3",
    "jobDescription": "To develop andriod application and web application",
    "experience": [
      "Google",
      "Apple",
      "Mobile Iron"
    ],
    "project": [
      {
        "projectName": "Movie App",
        "technology": [
          "Kotlin",
          "SQL Lite",
          "Gradle",
          "Jenkins"
        ]
      },
      {
        "projectName": "Movie App",
        "technology": [
          "Kotlin",
          "SQL Lite",
          "Gradle",
          "Jenkins"
        ]
      }
    ]
  },
  {
    "jobId": 96,
    "jobTitle": "Software Engg-3",
    "jobDescription": "To develop andriod application and web application",
    "experience": [
      "Google",
      "Apple",
      "Mobile Iron"
    ],
    "project": [
      {
        "projectName": "Movie App",
        "technology": [
          "Kotlin",
          "SQL Lite",
          "Gradle",
          "Jenkins"
        ]
      },
      {
        "projectName": "Movie App",
        "technology": [
          "Kotlin",
          "SQL Lite",
          "Gradle",
          "Jenkins"
        ]
      }
    ]
  },
  {
    "jobId": 48,
    "jobTitle": "Software Engg-2",
    "jobDescription": "To develop andriod application",
    "experience": [
      "Google",
      "Apple",
      "Mobile Iron"
    ],
    "project": [
      {
        "projectName": "Movie App",
        "technology": [
          "Kotlin",
          "SQL Lite",
          "Gradle"
        ]
      }
    ]
  },
  {
    "jobId": 6,
    "jobTitle": "Software Engg-3",
    "jobDescription": "To develop andriod application and web application",
    "experience": [
      "Google",
      "Apple",
      "Mobile Iron"
    ],
    "project": [
      {
        "projectName": "Movie App",
        "technology": [
          "Kotlin",
          "SQL Lite",
          "Gradle",
          "Jenkins"
        ]
      },
      {
        "projectName": "Movie App",
        "technology": [
          "Kotlin",
          "SQL Lite",
          "Gradle",
          "Jenkins"
        ]
      }
    ]
  },
  {
    "jobId": 88,
    "jobTitle": "Software Engg-2",
    "jobDescription": "To develop android application and web application",
    "experience": [
      "Google",
      "Apple",
      "Mobile Iron"
    ],
    "project": [
      {
        "projectName": "Movie App",
        "technology": [
          "Kotlin",
          "SQL Lite",
          "Gradle"
        ]
      }
    ]
  },
  {
    "jobId": 9,
    "jobTitle": "Software Engg-3",
    "jobDescription": "To develop andriod application and web application",
    "experience": [
      "Google",
      "Apple",
      "Mobile Iron"
    ],
    "project": [
      {
        "projectName": "Movie App",
        "technology": [
          "Kotlin",
          "SQL Lite",
          "Gradle",
          "Jenkins"
        ]
      },
      {
        "projectName": "Movie App",
        "technology": [
          "Kotlin",
          "SQL Lite",
          "Gradle",
          "Jenkins"
        ]
      }
    ]
  },
  {
    "jobId": 8,
    "jobTitle": "Software Engg-2",
    "jobDescription": "To develop andriod application",
    "experience": [
      "Google",
      "Apple",
      "Mobile Iron"
    ],
    "project": [
      {
        "projectName": "Movie App",
        "technology": [
          "Kotlin",
          "SQL Lite",
          "Gradle"
        ]
      }
    ]
  },
  {
    "jobId": 7,
    "jobTitle": "Software Engg-3",
    "jobDescription": "To develop andriod application and web application",
    "experience": [
      "Google",
      "Apple",
      "Mobile Iron"
    ],
    "project": [
      {
        "projectName": "Movie App",
        "technology": [
          "Kotlin",
          "SQL Lite",
          "Gradle",
          "Jenkins"
        ]
      },
      {
        "projectName": "Movie App",
        "technology": [
          "Kotlin",
          "SQL Lite",
          "Gradle",
          "Jenkins"
        ]
      }
    ]
  },
  {
    "jobId": 13,
    "jobTitle": "Software Engg-2",
    "jobDescription": "To develop andriod application",
    "experience": [
      "Google",
      "Apple",
      "Mobile Iron"
    ],
    "project": [
      {
        "projectName": "Movie App",
        "technology": [
          "Kotlin",
          "SQL Lite",
          "Gradle"
        ]
      }
    ]
  },
  {
    "jobId": 53,
    "jobTitle": "Software Engg-2",
    "jobDescription": "To develop android application and web application",
    "experience": [
      "Google",
      "Apple",
      "Mobile Iron"
    ],
    "project": [
      {
        "projectName": "Movie App",
        "technology": [
          "Kotlin",
          "SQL Lite",
          "Gradle"
        ]
      }
    ]
  },
  {
    "jobId": 8,
    "jobTitle": "Software Engg-2",
    "jobDescription": "To develop andriod application",
    "experience": [
      "Google",
      "Apple",
      "Mobile Iron"
    ],
    "project": [
      {
        "projectName": "Movie App",
        "technology": [
          "Kotlin",
          "SQL Lite",
          "Gradle"
        ]
      }
    ]
  },
  {
    "jobId": 8,
    "jobTitle": "Software Engg-2",
    "jobDescription": "To develop andriod application",
    "experience": [
      "Google",
      "Apple",
      "Mobile Iron"
    ],
    "project": [
      {
        "projectName": "Movie App",
        "technology": [
          "Kotlin",
          "SQL Lite",
          "Gradle"
        ]
      }
    ]
  },
  {
    "jobId": 9980,
    "jobTitle": "Software Engg-2",
    "jobDescription": "To develop android application",
    "experience": [
      "Google",
      "Apple",
      "Mobile Iron"
    ],
    "project": [
      {
        "projectName": "Movie App",
        "technology": [
          "Kotlin",
          "SQL Lite",
          "Gradle"
        ]
      }
    ]
  },
  {
    "jobId": 80,
    "jobTitle": "Software Engg-2",
    "jobDescription": "To develop andriod application",
    "experience": [
      "Google",
      "Apple",
      "Mobile Iron"
    ],
    "project": [
      {
        "projectName": "Movie App",
        "technology": [
          "Kotlin",
          "SQL Lite",
          "Gradle"
        ]
      }
    ]
  },
  {
    "jobId": 49,
    "jobTitle": "Software Engg-2",
    "jobDescription": "To develop android application and web application",
    "experience": [
      "Google",
      "Apple",
      "Mobile Iron"
    ],
    "project": [
      {
        "projectName": "Movie App",
        "technology": [
          "Kotlin",
          "SQL Lite",
          "Gradle",
          "Jenkins"
        ]
      },
      {
        "projectName": "Movie App",
        "technology": [
          "Kotlin",
          "SQL Lite",
          "Gradle",
          "Jenkins"
        ]
      }
    ]
  },
  {
    "jobId": 82,
    "jobTitle": "Software Engg-3",
    "jobDescription": "To develop andriod application and web application",
    "experience": [
      "Google",
      "Apple",
      "Mobile Iron"
    ],
    "project": [
      {
        "projectName": "Movie App",
        "technology": [
          "Kotlin",
          "SQL Lite",
          "Gradle",
          "Jenkins"
        ]
      },
      {
        "projectName": "Movie App",
        "technology": [
          "Kotlin",
          "SQL Lite",
          "Gradle",
          "Jenkins"
        ]
      }
    ]
  },
  {
    "jobId": 45,
    "jobTitle": "Software Engg-3",
    "jobDescription": "To develop andriod application and web application",
    "experience": [
      "Google",
      "Apple",
      "Mobile Iron"
    ],
    "project": [
      {
        "projectName": "Movie App",
        "technology": [
          "Kotlin",
          "SQL Lite",
          "Gradle",
          "Jenkins"
        ]
      },
      {
        "projectName": "Movie App",
        "technology": [
          "Kotlin",
          "SQL Lite",
          "Gradle",
          "Jenkins"
        ]
      }
    ]
  },
  {
    "jobId": 26,
    "jobTitle": "Software Engg-2",
    "jobDescription": "To develop andriod application",
    "experience": [
      "Google",
      "Apple",
      "Mobile Iron"
    ],
    "project": [
      {
        "projectName": "Movie App",
        "technology": [
          "Kotlin",
          "SQL Lite",
          "Gradle"
        ]
      }
    ]
  },
  {
    "jobId": 8,
    "jobTitle": "Software Engg-2",
    "jobDescription": "To develop andriod application",
    "experience": [
      "Google",
      "Apple",
      "Mobile Iron"
    ],
    "project": [
      {
        "projectName": "Movie App",
        "technology": [
          "Kotlin",
          "SQL Lite",
          "Gradle"
        ]
      }
    ]
  },
  {
    "jobId": 75,
    "jobTitle": "Software Engg-2",
    "jobDescription": "To develop andriod application",
    "experience": [
      "Google",
      "Apple",
      "Mobile Iron"
    ],
    "project": [
      {
        "projectName": "Movie App",
        "technology": [
          "Kotlin",
          "SQL Lite",
          "Gradle"
        ]
      }
    ]
  },
  {
    "jobId": 8,
    "jobTitle": "Software Engg-2",
    "jobDescription": "To develop andriod application",
    "experience": [
      "Google",
      "Apple",
      "Mobile Iron"
    ],
    "project": [
      {
        "projectName": "Movie App",
        "technology": [
          "Kotlin",
          "SQL Lite",
          "Gradle"
        ]
      }
    ]
  },
  {
    "jobId": 9980,
    "jobTitle": "Software Engg-2",
    "jobDescription": "To develop android application",
    "experience": [
      "Google",
      "Apple",
      "Mobile Iron"
    ],
    "project": [
      {
        "projectName": "Movie App",
        "technology": [
          "Kotlin",
          "SQL Lite",
          "Gradle"
        ]
      }
    ]
  },
  {
    "jobId": 84,
    "jobTitle": "Software Engg-2",
    "jobDescription": "To develop andriod application",
    "experience": [
      "Google",
      "Apple",
      "Mobile Iron"
    ],
    "project": [
      {
        "projectName": "Movie App",
        "technology": [
          "Kotlin",
          "SQL Lite",
          "Gradle"
        ]
      }
    ]
  },
  {
    "jobId": 31,
    "jobTitle": "Software Engg-3",
    "jobDescription": "To develop andriod application and web application",
    "experience": [
      "Google",
      "Apple",
      "Mobile Iron"
    ],
    "project": [
      {
        "projectName": "Movie App",
        "technology": [
          "Kotlin",
          "SQL Lite",
          "Gradle",
          "Jenkins"
        ]
      },
      {
        "projectName": "Movie App",
        "technology": [
          "Kotlin",
          "SQL Lite",
          "Gradle",
          "Jenkins"
        ]
      }
    ]
  },
  {
    "jobId": 87,
    "jobTitle": "Software Engg-2",
    "jobDescription": "To develop andriod application",
    "experience": [
      "Google",
      "Apple",
      "Mobile Iron"
    ],
    "project": [
      {
        "projectName": "Movie App",
        "technology": [
          "Kotlin",
          "SQL Lite",
          "Gradle"
        ]
      }
    ]
  },
  {
    "jobId": 93,
    "jobTitle": "Software Engg-3",
    "jobDescription": "To develop andriod application and web application",
    "experience": [
      "Google",
      "Apple",
      "Mobile Iron"
    ],
    "project": [
      {
        "projectName": "Movie App",
        "technology": [
          "Kotlin",
          "SQL Lite",
          "Gradle",
          "Jenkins"
        ]
      },
      {
        "projectName": "Movie App",
        "technology": [
          "Kotlin",
          "SQL Lite",
          "Gradle",
          "Jenkins"
        ]
      }
    ]
  },
  {
    "jobId": 53,
    "jobTitle": "Software Engg-2",
    "jobDescription": "To develop andriod application",
    "experience": [
      "Google",
      "Apple",
      "Mobile Iron"
    ],
    "project": [
      {
        "projectName": "Movie App",
        "technology": [
          "Kotlin",
          "SQL Lite",
          "Gradle"
        ]
      }
    ]
  },
  {
    "jobId": 51,
    "jobTitle": "Software Engg-2",
    "jobDescription": "To develop andriod application",
    "experience": [
      "Google",
      "Apple",
      "Mobile Iron"
    ],
    "project": [
      {
        "projectName": "Movie App",
        "technology": [
          "Kotlin",
          "SQL Lite",
          "Gradle"
        ]
      }
    ]
  },
  {
    "jobId": 19,
    "jobTitle": "Software Engg-2",
    "jobDescription": "To develop andriod application",
    "experience": [
      "Google",
      "Apple",
      "Mobile Iron"
    ],
    "project": [
      {
        "projectName": "Movie App",
        "technology": [
          "Kotlin",
          "SQL Lite",
          "Gradle"
        ]
      }
    ]
  },
  {
    "jobId": 93,
    "jobTitle": "Software Engg-2",
    "jobDescription": "To develop andriod application",
    "experience": [
      "Google",
      "Apple",
      "Mobile Iron"
    ],
    "project": [
      {
        "projectName": "Movie App",
        "technology": [
          "Kotlin",
          "SQL Lite",
          "Gradle"
        ]
      }
    ]
  },
  {
    "jobId": 32,
    "jobTitle": "Software Engg-2",
    "jobDescription": "To develop android application and web application",
    "experience": [
      "Google",
      "Apple",
      "Mobile Iron"
    ],
    "project": [
      {
        "projectName": "Movie App",
        "technology": [
          "Kotlin",
          "SQL Lite",
          "Gradle"
        ]
      }
    ]
  },
  {
    "jobId": 71,
    "jobTitle": "Software Engg-2",
    "jobDescription": "To develop android application and web application",
    "experience": [
      "Google",
      "Apple",
      "Mobile Iron"
    ],
    "project": [
      {
        "projectName": "Movie App",
        "technology": [
          "Kotlin",
          "SQL Lite",
          "Gradle"
        ]
      }
    ]
  },
  {
    "jobId": 23,
    "jobTitle": "Software Engg-2",
    "jobDescription": "To develop android application and web application",
    "experience": [
      "Google",
      "Apple",
      "Mobile Iron"
    ],
    "project": [
      {
        "projectName": "Movie App",
        "technology": [
          "Kotlin",
          "SQL Lite",
          "Gradle"
        ]
      }
    ]
  },
  {
    "jobId": 31,
    "jobTitle": "Software Engg-2",
    "jobDescription": "To develop andriod application",
    "experience": [
      "Google",
      "Apple",
      "Mobile Iron"
    ],
    "project": [
      {
        "projectName": "Movie App",
        "technology": [
          "Kotlin",
          "SQL Lite",
          "Gradle"
        ]
      }
    ]
  },
  {
    "jobId": 10,
    "jobTitle": "Software Engg-2",
    "jobDescription": "To develop andriod application",
    "experience": [
      "Google",
      "Apple",
      "Mobile Iron"
    ],
    "project": [
      {
        "projectName": "Movie App",
        "technology": [
          "Kotlin",
          "SQL Lite",
          "Gradle"
        ]
      }
    ]
  },
  {
    "jobId": 8,
    "jobTitle": "Software Engg-2",
    "jobDescription": "To develop andriod application",
    "experience": [
      "Google",
      "Apple",
      "Mobile Iron"
    ],
    "project": [
      {
        "projectName": "Movie App",
        "technology": [
          "Kotlin",
          "SQL Lite",
          "Gradle"
        ]
      }
    ]
  },
  {
    "jobId": 38,
    "jobTitle": "Software Engg-2",
    "jobDescription": "To develop andriod application",
    "experience": [
      "Google",
      "Apple",
      "Mobile Iron"
    ],
    "project": [
      {
        "projectName": "Movie App",
        "technology": [
          "Kotlin",
          "SQL Lite",
          "Gradle"
        ]
      }
    ]
  },
  {
    "jobId": 8,
    "jobTitle": "Software Engg-2",
    "jobDescription": "To develop andriod application",
    "experience": [
      "Google",
      "Apple",
      "Mobile Iron"
    ],
    "project": [
      {
        "projectName": "Movie App",
        "technology": [
          "Kotlin",
          "SQL Lite",
          "Gradle"
        ]
      }
    ]
  },
  {
    "jobId": 9980,
    "jobTitle": "Software Engg-2",
    "jobDescription": "To develop android application",
    "experience": [
      "Google",
      "Apple",
      "Mobile Iron"
    ],
    "project": [
      {
        "projectName": "Movie App",
        "technology": [
          "Kotlin",
          "SQL Lite",
          "Gradle"
        ]
      }
    ]
  },
  {
    "jobId": 5,
    "jobTitle": "Software Engg-3",
    "jobDescription": "To develop andriod application and web application",
    "experience": [
      "Google",
      "Apple",
      "Mobile Iron"
    ],
    "project": [
      {
        "projectName": "Movie App",
        "technology": [
          "Kotlin",
          "SQL Lite",
          "Gradle",
          "Jenkins"
        ]
      },
      {
        "projectName": "Movie App",
        "technology": [
          "Kotlin",
          "SQL Lite",
          "Gradle",
          "Jenkins"
        ]
      }
    ]
  },
  {
    "jobId": 16,
    "jobTitle": "Software Engg-3",
    "jobDescription": "To develop andriod application and web application",
    "experience": [
      "Google",
      "Apple",
      "Mobile Iron"
    ],
    "project": [
      {
        "projectName": "Movie App",
        "technology": [
          "Kotlin",
          "SQL Lite",
          "Gradle",
          "Jenkins"
        ]
      },
      {
        "projectName": "Movie App",
        "technology": [
          "Kotlin",
          "SQL Lite",
          "Gradle",
          "Jenkins"
        ]
      }
    ]
  },
  {
    "jobId": 1,
    "jobTitle": "Software Engg-2",
    "jobDescription": "To develop andriod application",
    "experience": [
      "Google",
      "Apple",
      "Mobile Iron"
    ],
    "project": [
      {
        "projectName": "Movie App",
        "technology": [
          "Kotlin",
          "SQL Lite",
          "Gradle"
        ]
      }
    ]
  },
  {
    "jobId": 7,
    "jobTitle": "Software Engg-2",
    "jobDescription": "To develop andriod application",
    "experience": [
      "Google",
      "Apple",
      "Mobile Iron"
    ],
    "project": [
      {
        "projectName": "Movie App",
        "technology": [
          "Kotlin",
          "SQL Lite",
          "Gradle"
        ]
      }
    ]
  },
  {
    "jobId": 35,
    "jobTitle": "Software Engg-2",
    "jobDescription": "To develop android application and web application",
    "experience": [
      "Google",
      "Apple",
      "Mobile Iron"
    ],
    "project": [
      {
        "projectName": "Movie App",
        "technology": [
          "Kotlin",
          "SQL Lite",
          "Gradle"
        ]
      }
    ]
  },
  {
    "jobId": 48,
    "jobTitle": "Software Engg-2",
    "jobDescription": "To develop andriod application",
    "experience": [
      "Google",
      "Apple",
      "Mobile Iron"
    ],
    "project": [
      {
        "projectName": "Movie App",
        "technology": [
          "Kotlin",
          "SQL Lite",
          "Gradle"
        ]
      }
    ]
  },
  {
    "jobId": 2,
    "jobTitle": "Software Engg-2",
    "jobDescription": "To develop andriod application",
    "experience": [
      "Google",
      "Apple",
      "Mobile Iron"
    ],
    "project": [
      {
        "projectName": "Movie App",
        "technology": [
          "Kotlin",
          "SQL Lite",
          "Gradle"
        ]
      }
    ]
  },
  {
    "jobId": 88,
    "jobTitle": "Software Engg-2",
    "jobDescription": "To develop andriod application",
    "experience": [
      "Google",
      "Apple",
      "Mobile Iron"
    ],
    "project": [
      {
        "projectName": "Movie App",
        "technology": [
          "Kotlin",
          "SQL Lite",
          "Gradle"
        ]
      }
    ]
  },
  {
    "jobId": 21,
    "jobTitle": "Software Engg-2",
    "jobDescription": "To develop andriod application",
    "experience": [
      "Google",
      "Apple",
      "Mobile Iron"
    ],
    "project": [
      {
        "projectName": "Movie App",
        "technology": [
          "Kotlin",
          "SQL Lite",
          "Gradle"
        ]
      }
    ]
  },
  {
    "jobId": 71,
    "jobTitle": "Software Engg-2",
    "jobDescription": "To develop andriod application",
    "experience": [
      "Google",
      "Apple",
      "Mobile Iron"
    ],
    "project": [
      {
        "projectName": "Movie App",
        "technology": [
          "Kotlin",
          "SQL Lite",
          "Gradle"
        ]
      }
    ]
  },
  {
    "jobId": 8,
    "jobTitle": "Software Engg-2",
    "jobDescription": "To develop andriod application",
    "experience": [
      "Google",
      "Apple",
      "Mobile Iron"
    ],
    "project": [
      {
        "projectName": "Movie App",
        "technology": [
          "Kotlin",
          "SQL Lite",
          "Gradle"
        ]
      }
    ]
  },
  {
    "jobId": 94,
    "jobTitle": "Software Engg-2",
    "jobDescription": "To develop andriod application",
    "experience": [
      "Google",
      "Apple",
      "Mobile Iron"
    ],
    "project": [
      {
        "projectName": "Movie App",
        "technology": [
          "Kotlin",
          "SQL Lite",
          "Gradle"
        ]
      }
    ]
  },
  {
    "jobId": 8,
    "jobTitle": "Software Engg-2",
    "jobDescription": "To develop andriod application",
    "experience": [
      "Google",
      "Apple",
      "Mobile Iron"
    ],
    "project": [
      {
        "projectName": "Movie App",
        "technology": [
          "Kotlin",
          "SQL Lite",
          "Gradle"
        ]
      }
    ]
  },
  {
    "jobId": 9980,
    "jobTitle": "Software Engg-2",
    "jobDescription": "To develop android application",
    "experience": [
      "Google",
      "Apple",
      "Mobile Iron"
    ],
    "project": [
      {
        "projectName": "Movie App",
        "technology": [
          "Kotlin",
          "SQL Lite",
          "Gradle"
        ]
      }
    ]
  },
  {
    "jobId": 89,
    "jobTitle": "Software Engg-3",
    "jobDescription": "To develop andriod application and web application",
    "experience": [
      "Google",
      "Apple",
      "Mobile Iron"
    ],
    "project": [
      {
        "projectName": "Movie App",
        "technology": [
          "Kotlin",
          "SQL Lite",
          "Gradle",
          "Jenkins"
        ]
      },
      {
        "projectName": "Movie App",
        "technology": [
          "Kotlin",
          "SQL Lite",
          "Gradle",
          "Jenkins"
        ]
      }
    ]
  },
  {
    "jobId": 35,
    "jobTitle": "Software Engg-2",
    "jobDescription": "To develop andriod application",
    "experience": [
      "Google",
      "Apple",
      "Mobile Iron"
    ],
    "project": [
      {
        "projectName": "Movie App",
        "technology": [
          "Kotlin",
          "SQL Lite",
          "Gradle"
        ]
      }
    ]
  },
  {
    "jobId": 77,
    "jobTitle": "Software Engg-2",
    "jobDescription": "To develop android application and web application",
    "experience": [
      "Google",
      "Apple",
      "Mobile Iron"
    ],
    "project": [
      {
        "projectName": "Movie App",
        "technology": [
          "Kotlin",
          "SQL Lite",
          "Gradle"
        ]
      }
    ]
  },
  {
    "jobId": 50,
    "jobTitle": "Software Engg-3",
    "jobDescription": "To develop andriod application and web application",
    "experience": [
      "Google",
      "Apple",
      "Mobile Iron"
    ],
    "project": [
      {
        "projectName": "Movie App",
        "technology": [
          "Kotlin",
          "SQL Lite",
          "Gradle",
          "Jenkins"
        ]
      },
      {
        "projectName": "Movie App",
        "technology": [
          "Kotlin",
          "SQL Lite",
          "Gradle",
          "Jenkins"
        ]
      }
    ]
  },
  {
    "jobId": 33,
    "jobTitle": "Software Engg-2",
    "jobDescription": "To develop andriod application",
    "experience": [
      "Google",
      "Apple",
      "Mobile Iron"
    ],
    "project": [
      {
        "projectName": "Movie App",
        "technology": [
          "Kotlin",
          "SQL Lite",
          "Gradle"
        ]
      }
    ]
  },
  {
    "jobId": 78,
    "jobTitle": "Software Engg-2",
    "jobDescription": "To develop android application and web application",
    "experience": [
      "Google",
      "Apple",
      "Mobile Iron"
    ],
    "project": [
      {
        "projectName": "Movie App",
        "technology": [
          "Kotlin",
          "SQL Lite",
          "Gradle"
        ]
      }
    ]
  },
  {
    "jobId": 3,
    "jobTitle": "Software Engg-2",
    "jobDescription": "To develop android application and web application",
    "experience": [
      "Google",
      "Apple",
      "Mobile Iron"
    ],
    "project": [
      {
        "projectName": "Movie App",
        "technology": [
          "Kotlin",
          "SQL Lite",
          "Gradle"
        ]
      }
    ]
  },
  {
    "jobId": 18,
    "jobTitle": "Software Engg-2",
    "jobDescription": "To develop android application and web application",
    "experience": [
      "Google",
      "Apple",
      "Mobile Iron"
    ],
    "project": [
      {
        "projectName": "Movie App",
        "technology": [
          "Kotlin",
          "SQL Lite",
          "Gradle"
        ]
      }
    ]
  },
  {
    "jobId": 4,
    "jobTitle": "Software Engg-2",
    "jobDescription": "To develop android application and web application",
    "experience": [
      "Google",
      "Apple",
      "Mobile Iron"
    ],
    "project": [
      {
        "projectName": "Movie App",
        "technology": [
          "Kotlin",
          "SQL Lite",
          "Gradle"
        ]
      }
    ]
  },
  {
    "jobId": 8,
    "jobTitle": "Software Engg-2",
    "jobDescription": "To develop andriod application",
    "experience": [
      "Google",
      "Apple",
      "Mobile Iron"
    ],
    "project": [
      {
        "projectName": "Movie App",
        "technology": [
          "Kotlin",
          "SQL Lite",
          "Gradle"
        ]
      }
    ]
  },
  {
    "jobId": 9980,
    "jobTitle": "Software Engg-2",
    "jobDescription": "To develop android application",
    "experience": [
      "Google",
      "Apple",
      "Mobile Iron"
    ],
    "project": [
      {
        "projectName": "Movie App",
        "technology": [
          "Kotlin",
          "SQL Lite",
          "Gradle"
        ]
      }
    ]
  },
  {
    "jobId": 8,
    "jobTitle": "Software Engg-2",
    "jobDescription": "To develop andriod application",
    "experience": [
      "Google",
      "Apple",
      "Mobile Iron"
    ],
    "project": [
      {
        "projectName": "Movie App",
        "technology": [
          "Kotlin",
          "SQL Lite",
          "Gradle"
        ]
      }
    ]
  },
  {
    "jobId": 17,
    "jobTitle": "Software Engg-3",
    "jobDescription": "To develop andriod application and web application",
    "experience": [
      "Google",
      "Apple",
      "Mobile Iron"
    ],
    "project": [
      {
        "projectName": "Movie App",
        "technology": [
          "Kotlin",
          "SQL Lite",
          "Gradle",
          "Jenkins"
        ]
      },
      {
        "projectName": "Movie App",
        "technology": [
          "Kotlin",
          "SQL Lite",
          "Gradle",
          "Jenkins"
        ]
      }
    ]
  },
  {
    "jobId": 94,
    "jobTitle": "Software Engg-2",
    "jobDescription": "To develop andriod application",
    "experience": [
      "Google",
      "Apple",
      "Mobile Iron"
    ],
    "project": [
      {
        "projectName": "Movie App",
        "technology": [
          "Kotlin",
          "SQL Lite",
          "Gradle"
        ]
      }
    ]
  },
  {
    "jobId": 83,
    "jobTitle": "Software Engg-3",
    "jobDescription": "To develop andriod application and web application",
    "experience": [
      "Google",
      "Apple",
      "Mobile Iron"
    ],
    "project": [
      {
        "projectName": "Movie App",
        "technology": [
          "Kotlin",
          "SQL Lite",
          "Gradle",
          "Jenkins"
        ]
      },
      {
        "projectName": "Movie App",
        "technology": [
          "Kotlin",
          "SQL Lite",
          "Gradle",
          "Jenkins"
        ]
      }
    ]
  },
  {
    "jobId": 75,
    "jobTitle": "Software Engg-2",
    "jobDescription": "To develop andriod application",
    "experience": [
      "Google",
      "Apple",
      "Mobile Iron"
    ],
    "project": [
      {
        "projectName": "Movie App",
        "technology": [
          "Kotlin",
          "SQL Lite",
          "Gradle"
        ]
      }
    ]
  },
  {
    "jobId": 86,
    "jobTitle": "Software Engg-3",
    "jobDescription": "To develop andriod application and web application",
    "experience": [
      "Google",
      "Apple",
      "Mobile Iron"
    ],
    "project": [
      {
        "projectName": "Movie App",
        "technology": [
          "Kotlin",
          "SQL Lite",
          "Gradle",
          "Jenkins"
        ]
      },
      {
        "projectName": "Movie App",
        "technology": [
          "Kotlin",
          "SQL Lite",
          "Gradle",
          "Jenkins"
        ]
      }
    ]
  },
  {
    "jobId": 40,
    "jobTitle": "Software Engg-2",
    "jobDescription": "To develop android application and web application",
    "experience": [
      "Google",
      "Apple",
      "Mobile Iron"
    ],
    "project": [
      {
        "projectName": "Movie App",
        "technology": [
          "Kotlin",
          "SQL Lite",
          "Gradle"
        ]
      }
    ]
  },
  {
    "jobId": 66,
    "jobTitle": "Software Engg-2",
    "jobDescription": "To develop android application and web application",
    "experience": [
      "Google",
      "Apple",
      "Mobile Iron"
    ],
    "project": [
      {
        "projectName": "Movie App",
        "technology": [
          "Kotlin",
          "SQL Lite",
          "Gradle"
        ]
      }
    ]
  },
  {
    "jobId": 18,
    "jobTitle": "Software Engg-2",
    "jobDescription": "To develop andriod application",
    "experience": [
      "Google",
      "Apple",
      "Mobile Iron"
    ],
    "project": [
      {
        "projectName": "Movie App",
        "technology": [
          "Kotlin",
          "SQL Lite",
          "Gradle"
        ]
      }
    ]
  },
  {
    "jobId": 42,
    "jobTitle": "Software Engg-2",
    "jobDescription": "To develop andriod application",
    "experience": [
      "Google",
      "Apple",
      "Mobile Iron"
    ],
    "project": [
      {
        "projectName": "Movie App",
        "technology": [
          "Kotlin",
          "SQL Lite",
          "Gradle"
        ]
      }
    ]
  },
  {
    "jobId": 68,
    "jobTitle": "Software Engg-2",
    "jobDescription": "To develop andriod application",
    "experience": [
      "Google",
      "Apple",
      "Mobile Iron"
    ],
    "project": [
      {
        "projectName": "Movie App",
        "technology": [
          "Kotlin",
          "SQL Lite",
          "Gradle"
        ]
      }
    ]
  },
  {
    "jobId": 96,
    "jobTitle": "Software Engg-2",
    "jobDescription": "To develop andriod application",
    "experience": [
      "Google",
      "Apple",
      "Mobile Iron"
    ],
    "project": [
      {
        "projectName": "Movie App",
        "technology": [
          "Kotlin",
          "SQL Lite",
          "Gradle"
        ]
      }
    ]
  },
  {
    "jobId": 59,
    "jobTitle": "Software Engg-2",
    "jobDescription": "To develop android application and web application",
    "experience": [
      "Google",
      "Apple",
      "Mobile Iron"
    ],
    "project": [
      {
        "projectName": "Movie App",
        "technology": [
          "Kotlin",
          "SQL Lite",
          "Gradle"
        ]
      }
    ]
  },
  {
    "jobId": 8,
    "jobTitle": "Software Engg-2",
    "jobDescription": "To develop andriod application",
    "experience": [
      "Google",
      "Apple",
      "Mobile Iron"
    ],
    "project": [
      {
        "projectName": "Movie App",
        "technology": [
          "Kotlin",
          "SQL Lite",
          "Gradle"
        ]
      }
    ]
  },
  {
    "jobId": 32,
    "jobTitle": "Software Engg-2",
    "jobDescription": "To develop andriod application",
    "experience": [
      "Google",
      "Apple",
      "Mobile Iron"
    ],
    "project": [
      {
        "projectName": "Movie App",
        "technology": [
          "Kotlin",
          "SQL Lite",
          "Gradle"
        ]
      }
    ]
  },
  {
    "jobId": 8,
    "jobTitle": "Software Engg-2",
    "jobDescription": "To develop andriod application",
    "experience": [
      "Google",
      "Apple",
      "Mobile Iron"
    ],
    "project": [
      {
        "projectName": "Movie App",
        "technology": [
          "Kotlin",
          "SQL Lite",
          "Gradle"
        ]
      }
    ]
  },
  {
    "jobId": 9980,
    "jobTitle": "Software Engg-2",
    "jobDescription": "To develop android application",
    "experience": [
      "Google",
      "Apple",
      "Mobile Iron"
    ],
    "project": [
      {
        "projectName": "Movie App",
        "technology": [
          "Kotlin",
          "SQL Lite",
          "Gradle"
        ]
      }
    ]
  },
  {
    "jobId": 6,
    "jobTitle": "Software Engg-2",
    "jobDescription": "To develop andriod application",
    "experience": [
      "Google",
      "Apple",
      "Mobile Iron"
    ],
    "project": [
      {
        "projectName": "Movie App",
        "technology": [
          "Kotlin",
          "SQL Lite",
          "Gradle"
        ]
      }
    ]
  },
  {
    "jobId": 57,
    "jobTitle": "Software Engg-3",
    "jobDescription": "To develop andriod application and web application",
    "experience": [
      "Google",
      "Apple",
      "Mobile Iron"
    ],
    "project": [
      {
        "projectName": "Movie App",
        "technology": [
          "Kotlin",
          "SQL Lite",
          "Gradle",
          "Jenkins"
        ]
      },
      {
        "projectName": "Movie App",
        "technology": [
          "Kotlin",
          "SQL Lite",
          "Gradle",
          "Jenkins"
        ]
      }
    ]
  },
  {
    "jobId": 19,
    "jobTitle": "Software Engg-2",
    "jobDescription": "To develop andriod application",
    "experience": [
      "Google",
      "Apple",
      "Mobile Iron"
    ],
    "project": [
      {
        "projectName": "Movie App",
        "technology": [
          "Kotlin",
          "SQL Lite",
          "Gradle"
        ]
      }
    ]
  },
  {
    "jobId": 29,
    "jobTitle": "Software Engg-3",
    "jobDescription": "To develop andriod application and web application",
    "experience": [
      "Google",
      "Apple",
      "Mobile Iron"
    ],
    "project": [
      {
        "projectName": "Movie App",
        "technology": [
          "Kotlin",
          "SQL Lite",
          "Gradle",
          "Jenkins"
        ]
      },
      {
        "projectName": "Movie App",
        "technology": [
          "Kotlin",
          "SQL Lite",
          "Gradle",
          "Jenkins"
        ]
      }
    ]
  },
  {
    "jobId": 90,
    "jobTitle": "Software Engg-2",
    "jobDescription": "To develop android application and web application",
    "experience": [
      "Google",
      "Apple",
      "Mobile Iron"
    ],
    "project": [
      {
        "projectName": "Movie App",
        "technology": [
          "Kotlin",
          "SQL Lite",
          "Gradle"
        ]
      }
    ]
  },
  {
    "jobId": 60,
    "jobTitle": "Software Engg-3",
    "jobDescription": "To develop andriod application and web application",
    "experience": [
      "Google",
      "Apple",
      "Mobile Iron"
    ],
    "project": [
      {
        "projectName": "Movie App",
        "technology": [
          "Kotlin",
          "SQL Lite",
          "Gradle",
          "Jenkins"
        ]
      },
      {
        "projectName": "Movie App",
        "technology": [
          "Kotlin",
          "SQL Lite",
          "Gradle",
          "Jenkins"
        ]
      }
    ]
  },
  {
    "jobId": 92,
    "jobTitle": "Software Engg-2",
    "jobDescription": "To develop android application and web application",
    "experience": [
      "Google",
      "Apple",
      "Mobile Iron"
    ],
    "project": [
      {
        "projectName": "Movie App",
        "technology": [
          "Kotlin",
          "SQL Lite",
          "Gradle"
        ]
      }
    ]
  },
  {
    "jobId": 90,
    "jobTitle": "Software Engg-2",
    "jobDescription": "To develop andriod application",
    "experience": [
      "Google",
      "Apple",
      "Mobile Iron"
    ],
    "project": [
      {
        "projectName": "Movie App",
        "technology": [
          "Kotlin",
          "SQL Lite",
          "Gradle"
        ]
      }
    ]
  },
  {
    "jobId": 25,
    "jobTitle": "Software Engg-2",
    "jobDescription": "To develop andriod application",
    "experience": [
      "Google",
      "Apple",
      "Mobile Iron"
    ],
    "project": [
      {
        "projectName": "Movie App",
        "technology": [
          "Kotlin",
          "SQL Lite",
          "Gradle"
        ]
      }
    ]
  },
  {
    "jobId": 0,
    "jobTitle": "Software Engg-2",
    "jobDescription": "To develop android application and web application",
    "experience": [
      "Google",
      "Apple",
      "Mobile Iron"
    ],
    "project": [
      {
        "projectName": "Movie App",
        "technology": [
          "Kotlin",
          "SQL Lite",
          "Gradle"
        ]
      }
    ]
  },
  {
    "jobId": 53,
    "jobTitle": "Software Engg-2",
    "jobDescription": "To develop andriod application",
    "experience": [
      "Google",
      "Apple",
      "Mobile Iron"
    ],
    "project": [
      {
        "projectName": "Movie App",
        "technology": [
          "Kotlin",
          "SQL Lite",
          "Gradle"
        ]
      }
    ]
  },
  {
    "jobId": 37,
    "jobTitle": "Software Engg-2",
    "jobDescription": "To develop android application and web application",
    "experience": [
      "Google",
      "Apple",
      "Mobile Iron"
    ],
    "project": [
      {
        "projectName": "Movie App",
        "technology": [
          "Kotlin",
          "SQL Lite",
          "Gradle"
        ]
      }
    ]
  },
  {
    "jobId": 41,
    "jobTitle": "Software Engg-2",
    "jobDescription": "To develop andriod application",
    "experience": [
      "Google",
      "Apple",
      "Mobile Iron"
    ],
    "project": [
      {
        "projectName": "Movie App",
        "technology": [
          "Kotlin",
          "SQL Lite",
          "Gradle"
        ]
      }
    ]
  },
  {
    "jobId": 40,
    "jobTitle": "Software Engg-2",
    "jobDescription": "To develop andriod application",
    "experience": [
      "Google",
      "Apple",
      "Mobile Iron"
    ],
    "project": [
      {
        "projectName": "Movie App",
        "technology": [
          "Kotlin",
          "SQL Lite",
          "Gradle"
        ]
      }
    ]
  },
  {
    "jobId": 0,
    "jobTitle": "Software Engg-2",
    "jobDescription": "To develop andriod application",
    "experience": [
      "Google",
      "Apple",
      "Mobile Iron"
    ],
    "project": [
      {
        "projectName": "Movie App",
        "technology": [
          "Kotlin",
          "SQL Lite",
          "Gradle"
        ]
      }
    ]
  },
  {
    "jobId": 76,
    "jobTitle": "Software Engg-2",
    "jobDescription": "To develop andriod application",
    "experience": [
      "Google",
      "Apple",
      "Mobile Iron"
    ],
    "project": [
      {
        "projectName": "Movie App",
        "technology": [
          "Kotlin",
          "SQL Lite",
          "Gradle"
        ]
      }
    ]
  },
  {
    "jobId": 49,
    "jobTitle": "Software Engg-2",
    "jobDescription": "To develop andriod application",
    "experience": [
      "Google",
      "Apple",
      "Mobile Iron"
    ],
    "project": [
      {
        "projectName": "Movie App",
        "technology": [
          "Kotlin",
          "SQL Lite",
          "Gradle"
        ]
      }
    ]
  },
  {
    "jobId": 9980,
    "jobTitle": "Software Engg-2",
    "jobDescription": "To develop android application",
    "experience": [
      "Google",
      "Apple",
      "Mobile Iron"
    ],
    "project": [
      {
        "projectName": "Movie App",
        "technology": [
          "Kotlin",
          "SQL Lite",
          "Gradle"
        ]
      }
    ]
  },
  {
    "jobId": 8,
    "jobTitle": "Software Engg-2",
    "jobDescription": "To develop andriod application",
    "experience": [
      "Google",
      "Apple",
      "Mobile Iron"
    ],
    "project": [
      {
        "projectName": "Movie App",
        "technology": [
          "Kotlin",
          "SQL Lite",
          "Gradle"
        ]
      }
    ]
  },
  {
    "jobId": 79,
    "jobTitle": "Software Engg-2",
    "jobDescription": "To develop andriod application",
    "experience": [
      "Google",
      "Apple",
      "Mobile Iron"
    ],
    "project": [
      {
        "projectName": "Movie App",
        "technology": [
          "Kotlin",
          "SQL Lite",
          "Gradle"
        ]
      }
    ]
  },
  {
    "jobId": 8,
    "jobTitle": "Software Engg-2",
    "jobDescription": "To develop andriod application",
    "experience": [
      "Google",
      "Apple",
      "Mobile Iron"
    ],
    "project": [
      {
        "projectName": "Movie App",
        "technology": [
          "Kotlin",
          "SQL Lite",
          "Gradle"
        ]
      }
    ]
  },
  {
    "jobId": 39,
    "jobTitle": "Software Engg-3",
    "jobDescription": "To develop andriod application and web application",
    "experience": [
      "Google",
      "Apple",
      "Mobile Iron"
    ],
    "project": [
      {
        "projectName": "Movie App",
        "technology": [
          "Kotlin",
          "SQL Lite",
          "Gradle",
          "Jenkins"
        ]
      },
      {
        "projectName": "Movie App",
        "technology": [
          "Kotlin",
          "SQL Lite",
          "Gradle",
          "Jenkins"
        ]
      }
    ]
  },
  {
    "jobId": 96,
    "jobTitle": "Software Engg-2",
    "jobDescription": "To develop andriod application",
    "experience": [
      "Google",
      "Apple",
      "Mobile Iron"
    ],
    "project": [
      {
        "projectName": "Movie App",
        "technology": [
          "Kotlin",
          "SQL Lite",
          "Gradle"
        ]
      }
    ]
  },
  {
    "jobId": 28,
    "jobTitle": "Software Engg-3",
    "jobDescription": "To develop andriod application and web application",
    "experience": [
      "Google",
      "Apple",
      "Mobile Iron"
    ],
    "project": [
      {
        "projectName": "Movie App",
        "technology": [
          "Kotlin",
          "SQL Lite",
          "Gradle",
          "Jenkins"
        ]
      },
      {
        "projectName": "Movie App",
        "technology": [
          "Kotlin",
          "SQL Lite",
          "Gradle",
          "Jenkins"
        ]
      }
    ]
  },
  {
    "jobId": 80,
    "jobTitle": "Software Engg-2",
    "jobDescription": "To develop andriod application",
    "experience": [
      "Google",
      "Apple",
      "Mobile Iron"
    ],
    "project": [
      {
        "projectName": "Movie App",
        "technology": [
          "Kotlin",
          "SQL Lite",
          "Gradle"
        ]
      }
    ]
  },
  {
    "jobId": 130,
    "jobTitle": "Software Engg-3",
    "jobDescription": "To develop andriod application and web application",
    "experience": [
      "Google",
      "Apple",
      "Mobile Iron"
    ],
    "project": [
      {
        "projectName": "Movie App",
        "technology": [
          "Kotlin",
          "SQL Lite",
          "Gradle",
          "Jenkins"
        ]
      },
      {
        "projectName": "Movie App",
        "technology": [
          "Kotlin",
          "SQL Lite",
          "Gradle",
          "Jenkins"
        ]
      }
    ]
  },
  {
    "jobId": 74,
    "jobTitle": "Software Engg-3",
    "jobDescription": "To develop andriod application and web application",
    "experience": [
      "Google",
      "Apple",
      "Mobile Iron"
    ],
    "project": [
      {
        "projectName": "Movie App",
        "technology": [
          "Kotlin",
          "SQL Lite",
          "Gradle",
          "Jenkins"
        ]
      },
      {
        "projectName": "Movie App",
        "technology": [
          "Kotlin",
          "SQL Lite",
          "Gradle",
          "Jenkins"
        ]
      }
    ]
  },
  {
    "jobId": 10,
    "jobTitle": "Software Engg-2",
    "jobDescription": "To develop andriod application",
    "experience": [
      "Google",
      "Apple",
      "Mobile Iron"
    ],
    "project": [
      {
        "projectName": "Movie App",
        "technology": [
          "Kotlin",
          "SQL Lite",
          "Gradle"
        ]
      }
    ]
  },
  {
    "jobId": 77,
    "jobTitle": "Software Engg-2",
    "jobDescription": "To develop andriod application",
    "experience": [
      "Google",
      "Apple",
      "Mobile Iron"
    ],
    "project": [
      {
        "projectName": "Movie App",
        "technology": [
          "Kotlin",
          "SQL Lite",
          "Gradle"
        ]
      }
    ]
  },
  {
    "jobId": 26,
    "jobTitle": "Software Engg-2",
    "jobDescription": "To develop andriod application",
    "experience": [
      "Google",
      "Apple",
      "Mobile Iron"
    ],
    "project": [
      {
        "projectName": "Movie App",
        "technology": [
          "Kotlin",
          "SQL Lite",
          "Gradle"
        ]
      }
    ]
  }
]
 
01:15:28.708 [pool-1-thread-4] INFO  com.intuit.karate - karate.env system property was: null 
01:15:28.714 [pool-1-thread-3] INFO  com.intuit.karate - [print] Helper ==> http://localhost:9897 
01:15:28.715 [pool-1-thread-3] INFO  com.intuit.karate - [print] Helper ==> /normal/webapi/add 
01:15:28.716 [pool-1-thread-3] INFO  com.intuit.karate - [print] Helper ==> 12 
01:15:28.717 [pool-1-thread-4] DEBUG com.intuit.karate - request:
1 > POST http://localhost:9897/normal/webapi/add
1 > Accept: application/json
1 > Content-Type: application/json; charset=UTF-8
1 > Content-Length: 221
1 > Host: localhost:9897
1 > Connection: Keep-Alive
1 > User-Agent: Apache-HttpClient/4.5.13 (Java/11.0.13)
1 > Accept-Encoding: gzip,deflate
{"jobId":69,"jobTitle":"Software Engg-2","jobDescription":"To develop andriod application","experience":["Google","Apple","Mobile Iron"],"project":[{"projectName":"Movie App","technology":["Kotlin","SQL Lite","Gradle"]}]}

01:15:28.719 [pool-1-thread-1] INFO  com.intuit.karate - karate.env system property was: null 
01:15:28.721 [pool-1-thread-3] DEBUG com.intuit.karate - request:
1 > POST http://localhost:9897/normal/webapi/add
1 > Accept: application/json
1 > Content-Type: application/json; charset=UTF-8
1 > Content-Length: 221
1 > Host: localhost:9897
1 > Connection: Keep-Alive
1 > User-Agent: Apache-HttpClient/4.5.13 (Java/11.0.13)
1 > Accept-Encoding: gzip,deflate
{"jobId":12,"jobTitle":"Software Engg-2","jobDescription":"To develop andriod application","experience":["Google","Apple","Mobile Iron"],"project":[{"projectName":"Movie App","technology":["Kotlin","SQL Lite","Gradle"]}]}

01:15:28.723 [pool-1-thread-1] INFO  com.intuit.karate - [print] Function Value ==> 10 
01:15:28.725 [pool-1-thread-1] INFO  com.intuit.karate - [print] Function Value ==> 54 
01:15:28.730 [pool-1-thread-1] INFO  com.intuit.karate - [print] Function Value ==> HelloWorld 
01:15:28.734 [pool-1-thread-5] INFO  com.intuit.karate - [print] Helper ==> http://localhost:9897 
01:15:28.735 [pool-1-thread-5] INFO  com.intuit.karate - [print] Helper ==> /normal/webapi/add 
01:15:28.736 [pool-1-thread-5] INFO  com.intuit.karate - [print] Helper ==> 63 
01:15:28.738 [pool-1-thread-5] DEBUG com.intuit.karate - request:
1 > POST http://localhost:9897/normal/webapi/add
1 > Accept: application/json
1 > Content-Type: application/json; charset=UTF-8
1 > Content-Length: 221
1 > Host: localhost:9897
1 > Connection: Keep-Alive
1 > User-Agent: Apache-HttpClient/4.5.13 (Java/11.0.13)
1 > Accept-Encoding: gzip,deflate
{"jobId":63,"jobTitle":"Software Engg-2","jobDescription":"To develop andriod application","experience":["Google","Apple","Mobile Iron"],"project":[{"projectName":"Movie App","technology":["Kotlin","SQL Lite","Gradle"]}]}

01:15:28.741 [pool-1-thread-1] INFO  com.intuit.karate - karate.env system property was: null 
01:15:28.750 [pool-1-thread-1] DEBUG com.intuit.karate - request:
1 > POST http://localhost:9897/normal/webapi/add
1 > Accept: application/json
1 > Content-Type: application/json; charset=UTF-8
1 > Content-Length: 220
1 > Host: localhost:9897
1 > Connection: Keep-Alive
1 > User-Agent: Apache-HttpClient/4.5.13 (Java/11.0.13)
1 > Accept-Encoding: gzip,deflate
{"jobId":8,"jobTitle":"Software Engg-2","jobDescription":"To develop andriod application","experience":["Google","Apple","Mobile Iron"],"project":[{"projectName":"Movie App","technology":["Kotlin","SQL Lite","Gradle"]}]}

01:15:28.752 [pool-1-thread-2] DEBUG com.intuit.karate - response time in milliseconds: 48
1 < 201
1 < X-Content-Type-Options: nosniff
1 < X-XSS-Protection: 1; mode=block
1 < Cache-Control: no-cache, no-store, max-age=0, must-revalidate
1 < Pragma: no-cache
1 < Expires: 0
1 < X-Frame-Options: DENY
1 < Content-Type: application/json
1 < Transfer-Encoding: chunked
1 < Date: Wed, 19 Jan 2022 19:45:28 GMT
1 < Keep-Alive: timeout=60
1 < Connection: keep-alive
{"jobId":8,"jobTitle":"Software Engg-2","jobDescription":"To develop andriod application","experience":["Google","Apple","Mobile Iron"],"project":[{"projectName":"Movie App","technology":["Kotlin","SQL Lite","Gradle"]}]}
01:15:28.754 [pool-1-thread-4] DEBUG com.intuit.karate - response time in milliseconds: 37
1 < 201
1 < X-Content-Type-Options: nosniff
1 < X-XSS-Protection: 1; mode=block
1 < Cache-Control: no-cache, no-store, max-age=0, must-revalidate
1 < Pragma: no-cache
1 < Expires: 0
1 < X-Frame-Options: DENY
1 < Content-Type: application/json
1 < Transfer-Encoding: chunked
1 < Date: Wed, 19 Jan 2022 19:45:28 GMT
1 < Keep-Alive: timeout=60
1 < Connection: keep-alive
{"jobId":69,"jobTitle":"Software Engg-2","jobDescription":"To develop andriod application","experience":["Google","Apple","Mobile Iron"],"project":[{"projectName":"Movie App","technology":["Kotlin","SQL Lite","Gradle"]}]}
01:15:28.755 [pool-1-thread-2] INFO  com.intuit.karate - [print] {
  "jobId": 8,
  "jobTitle": "Software Engg-2",
  "jobDescription": "To develop andriod application",
  "experience": [
    "Google",
    "Apple",
    "Mobile Iron"
  ],
  "project": [
    {
      "projectName": "Movie App",
      "technology": [
        "Kotlin",
        "SQL Lite",
        "Gradle"
      ]
    }
  ]
}
 
01:15:28.756 [pool-1-thread-4] INFO  com.intuit.karate - [print] {
  "jobId": 69,
  "jobTitle": "Software Engg-2",
  "jobDescription": "To develop andriod application",
  "experience": [
    "Google",
    "Apple",
    "Mobile Iron"
  ],
  "project": [
    {
      "projectName": "Movie App",
      "technology": [
        "Kotlin",
        "SQL Lite",
        "Gradle"
      ]
    }
  ]
}
 
01:15:28.759 [pool-1-thread-3] DEBUG com.intuit.karate - response time in milliseconds: 38
1 < 201
1 < X-Content-Type-Options: nosniff
1 < X-XSS-Protection: 1; mode=block
1 < Cache-Control: no-cache, no-store, max-age=0, must-revalidate
1 < Pragma: no-cache
1 < Expires: 0
1 < X-Frame-Options: DENY
1 < Content-Type: application/json
1 < Transfer-Encoding: chunked
1 < Date: Wed, 19 Jan 2022 19:45:28 GMT
1 < Keep-Alive: timeout=60
1 < Connection: keep-alive
{"jobId":12,"jobTitle":"Software Engg-2","jobDescription":"To develop andriod application","experience":["Google","Apple","Mobile Iron"],"project":[{"projectName":"Movie App","technology":["Kotlin","SQL Lite","Gradle"]}]}
01:15:28.765 [pool-1-thread-4] INFO  com.intuit.karate - karate.env system property was: null 
01:15:28.766 [pool-1-thread-3] DEBUG com.intuit.karate - request:
1 > PATCH http://localhost:9897/normal/webapi/update/details?jobTitle=Software+Engg-2&jobDescription=To+develop+android+application+and+web+application&id=12
1 > Accept: application/json
1 > Host: localhost:9897
1 > Connection: Keep-Alive
1 > User-Agent: Apache-HttpClient/4.5.13 (Java/11.0.13)
1 > Accept-Encoding: gzip,deflate


01:15:28.769 [pool-1-thread-2] INFO  com.intuit.karate - karate.env system property was: null 
01:15:28.772 [pool-1-thread-2] DEBUG com.intuit.karate - request:
1 > GET http://localhost:9897/normal/webapi/all
1 > Accept: application/json
1 > Host: localhost:9897
1 > Connection: Keep-Alive
1 > User-Agent: Apache-HttpClient/4.5.13 (Java/11.0.13)
1 > Accept-Encoding: gzip,deflate


01:15:28.772 [pool-1-thread-4] DEBUG com.intuit.karate - request:
1 > POST http://localhost:9897/normal/webapi/add
1 > Accept: application/json
1 > Content-Type: application/json; charset=UTF-8
1 > Content-Length: 225
1 > Host: localhost:9897
1 > Connection: Keep-Alive
1 > User-Agent: Apache-HttpClient/4.5.13 (Java/11.0.13)
1 > Accept-Encoding: gzip,deflate
{"jobId":"9980","jobTitle":"Software Engg-2","jobDescription":"To develop android application","experience":["Google","Apple","Mobile Iron"],"project":[{"projectName":"Movie App","technology":["Kotlin","SQL Lite","Gradle"]}]}

01:15:28.796 [pool-1-thread-5] DEBUG com.intuit.karate - response time in milliseconds: 58
1 < 201
1 < X-Content-Type-Options: nosniff
1 < X-XSS-Protection: 1; mode=block
1 < Cache-Control: no-cache, no-store, max-age=0, must-revalidate
1 < Pragma: no-cache
1 < Expires: 0
1 < X-Frame-Options: DENY
1 < Content-Type: application/json
1 < Transfer-Encoding: chunked
1 < Date: Wed, 19 Jan 2022 19:45:28 GMT
1 < Keep-Alive: timeout=60
1 < Connection: keep-alive
{"jobId":63,"jobTitle":"Software Engg-2","jobDescription":"To develop andriod application","experience":["Google","Apple","Mobile Iron"],"project":[{"projectName":"Movie App","technology":["Kotlin","SQL Lite","Gradle"]}]}
01:15:28.796 [pool-1-thread-1] DEBUG com.intuit.karate - response time in milliseconds: 45
1 < 201
1 < X-Content-Type-Options: nosniff
1 < X-XSS-Protection: 1; mode=block
1 < Cache-Control: no-cache, no-store, max-age=0, must-revalidate
1 < Pragma: no-cache
1 < Expires: 0
1 < X-Frame-Options: DENY
1 < Content-Type: application/json
1 < Transfer-Encoding: chunked
1 < Date: Wed, 19 Jan 2022 19:45:28 GMT
1 < Keep-Alive: timeout=60
1 < Connection: keep-alive
{"jobId":8,"jobTitle":"Software Engg-2","jobDescription":"To develop andriod application","experience":["Google","Apple","Mobile Iron"],"project":[{"projectName":"Movie App","technology":["Kotlin","SQL Lite","Gradle"]}]}
01:15:28.797 [pool-1-thread-3] DEBUG com.intuit.karate - response time in milliseconds: 30
1 < 200
1 < X-Content-Type-Options: nosniff
1 < X-XSS-Protection: 1; mode=block
1 < Cache-Control: no-cache, no-store, max-age=0, must-revalidate
1 < Pragma: no-cache
1 < Expires: 0
1 < X-Frame-Options: DENY
1 < Content-Type: application/json
1 < Transfer-Encoding: chunked
1 < Date: Wed, 19 Jan 2022 19:45:28 GMT
1 < Keep-Alive: timeout=60
1 < Connection: keep-alive
{"jobId":12,"jobTitle":"Software Engg-2","jobDescription":"To develop android application and web application","experience":["Google","Apple","Mobile Iron"],"project":[{"projectName":"Movie App","technology":["Kotlin","SQL Lite","Gradle"]}]}
01:15:28.804 [pool-1-thread-1] INFO  com.intuit.karate - karate.env system property was: null 
01:15:28.804 [pool-1-thread-3] INFO  com.intuit.karate - karate.env system property was: null 
01:15:28.805 [pool-1-thread-5] DEBUG com.intuit.karate - request:
1 > GET http://localhost:9897/normal/webapi/find?jobTitle=Software+Engg-2&id=63
1 > Host: localhost:9897
1 > Connection: Keep-Alive
1 > User-Agent: Apache-HttpClient/4.5.13 (Java/11.0.13)
1 > Accept-Encoding: gzip,deflate


01:15:28.810 [pool-1-thread-3] DEBUG com.intuit.karate - request:
1 > POST http://localhost:9897/normal/webapi/add
1 > Accept: application/json
1 > Content-Type: application/json; charset=UTF-8
1 > Content-Length: 223
1 > Host: localhost:9897
1 > Connection: Keep-Alive
1 > User-Agent: Apache-HttpClient/4.5.13 (Java/11.0.13)
1 > Accept-Encoding: gzip,deflate
{"jobId":"id","jobTitle":"Software Engg-2","jobDescription":"To develop android application","experience":["Google","Apple","Mobile Iron"],"project":[{"projectName":"Movie App","technology":["Kotlin","SQL Lite","Gradle"]}]}

01:15:28.812 [pool-1-thread-1] DEBUG com.intuit.karate - request:
1 > POST http://localhost:9897/normal/webapi/add
1 > Accept: application/json
1 > Content-Type: application/json; charset=UTF-8
1 > Content-Length: 226
1 > Host: localhost:9897
1 > Connection: Keep-Alive
1 > User-Agent: Apache-HttpClient/4.5.13 (Java/11.0.13)
1 > Accept-Encoding: gzip,deflate
{"jobId":"false","jobTitle":"Software Engg-2","jobDescription":"To develop android application","experience":["Google","Apple","Mobile Iron"],"project":[{"projectName":"Movie App","technology":["Kotlin","SQL Lite","Gradle"]}]}

01:15:28.820 [pool-1-thread-4] DEBUG com.intuit.karate - response time in milliseconds: 48
1 < 201
1 < X-Content-Type-Options: nosniff
1 < X-XSS-Protection: 1; mode=block
1 < Cache-Control: no-cache, no-store, max-age=0, must-revalidate
1 < Pragma: no-cache
1 < Expires: 0
1 < X-Frame-Options: DENY
1 < Content-Type: application/json
1 < Transfer-Encoding: chunked
1 < Date: Wed, 19 Jan 2022 19:45:28 GMT
1 < Keep-Alive: timeout=60
1 < Connection: keep-alive
{"jobId":9980,"jobTitle":"Software Engg-2","jobDescription":"To develop android application","experience":["Google","Apple","Mobile Iron"],"project":[{"projectName":"Movie App","technology":["Kotlin","SQL Lite","Gradle"]}]}
01:15:28.826 [pool-1-thread-4] INFO  com.intuit.karate - karate.env system property was: null 
01:15:28.828 [pool-1-thread-5] DEBUG com.intuit.karate - response time in milliseconds: 23
1 < 200
1 < X-Content-Type-Options: nosniff
1 < X-XSS-Protection: 1; mode=block
1 < Cache-Control: no-cache, no-store, max-age=0, must-revalidate
1 < Pragma: no-cache
1 < Expires: 0
1 < X-Frame-Options: DENY
1 < Content-Type: application/json
1 < Transfer-Encoding: chunked
1 < Date: Wed, 19 Jan 2022 19:45:28 GMT
1 < Keep-Alive: timeout=60
1 < Connection: keep-alive
{"jobId":63,"jobTitle":"Software Engg-2","jobDescription":"To develop andriod application","experience":["Google","Apple","Mobile Iron"],"project":[{"projectName":"Movie App","technology":["Kotlin","SQL Lite","Gradle"]}]}
01:15:28.829 [pool-1-thread-4] DEBUG c.intuit.karate.core.ScenarioEngine - over-writing existing variable 'testdata' with new value: read("testData.csv")
01:15:28.830 [pool-1-thread-2] DEBUG com.intuit.karate - response time in milliseconds: 57
1 < 200
1 < X-Content-Type-Options: nosniff
1 < X-XSS-Protection: 1; mode=block
1 < Cache-Control: no-cache, no-store, max-age=0, must-revalidate
1 < Pragma: no-cache
1 < Expires: 0
1 < X-Frame-Options: DENY
1 < Content-Type: application/json
1 < Transfer-Encoding: chunked
1 < Date: Wed, 19 Jan 2022 19:45:28 GMT
1 < Keep-Alive: timeout=60
1 < Connection: keep-alive
[{"jobId":1,"jobTitle":"Software Engg","jobDescription":"To develop andriod application","experience":["Google","Apple","Mobile Iron"],"project":[{"projectName":"Movie App","technology":["Kotlin","SQL Lite","Gradle"]}]},{"jobId":68,"jobTitle":"Software Engg-2","jobDescription":"To develop android application and web application","experience":["Google","Apple","Mobile Iron"],"project":[{"projectName":"Movie App","technology":["Kotlin","SQL Lite","Gradle","Jenkins"]},{"projectName":"Movie App","technology":["Kotlin","SQL Lite","Gradle","Jenkins"]}]},{"jobId":34,"jobTitle":"Software Engg-3","jobDescription":"To develop andriod application and web application","experience":["Google","Apple","Mobile Iron"],"project":[{"projectName":"Movie App","technology":["Kotlin","SQL Lite","Gradle","Jenkins"]},{"projectName":"Movie App","technology":["Kotlin","SQL Lite","Gradle","Jenkins"]}]},{"jobId":41,"jobTitle":"Software Engg-2","jobDescription":"To develop android application and web application","experience":["Google","Apple","Mobile Iron"],"project":[{"projectName":"Movie App","technology":["Kotlin","SQL Lite","Gradle","Jenkins"]},{"projectName":"Movie App","technology":["Kotlin","SQL Lite","Gradle","Jenkins"]}]},{"jobId":12,"jobTitle":"Software Engg-2","jobDescription":"To develop android application and web application","experience":["Google","Apple","Mobile Iron"],"project":[{"projectName":"Movie App","technology":["Kotlin","SQL Lite","Gradle"]}]},{"jobId":73,"jobTitle":"Software Engg-3","jobDescription":"To develop andriod application and web application","experience":["Google","Apple","Mobile Iron"],"project":[{"projectName":"Movie App","technology":["Kotlin","SQL Lite","Gradle","Jenkins"]},{"projectName":"Movie App","technology":["Kotlin","SQL Lite","Gradle","Jenkins"]}]},{"jobId":99999,"jobTitle":"Software Engg-2","jobDescription":"To develop andriod application","experience":["Google","Apple","Mobile Iron"],"project":[{"projectName":"Movie App","technology":["Kotlin","SQL Lite","Gradle"]}]},{"jobId":38,"jobTitle":"Software Engg-3","jobDescription":"To develop andriod application and web application","experience":["Google","Apple","Mobile Iron"],"project":[{"projectName":"Movie App","technology":["Kotlin","SQL Lite","Gradle","Jenkins"]},{"projectName":"Movie App","technology":["Kotlin","SQL Lite","Gradle","Jenkins"]}]},{"jobId":96,"jobTitle":"Software Engg-3","jobDescription":"To develop andriod application and web application","experience":["Google","Apple","Mobile Iron"],"project":[{"projectName":"Movie App","technology":["Kotlin","SQL Lite","Gradle","Jenkins"]},{"projectName":"Movie App","technology":["Kotlin","SQL Lite","Gradle","Jenkins"]}]},{"jobId":48,"jobTitle":"Software Engg-2","jobDescription":"To develop andriod application","experience":["Google","Apple","Mobile Iron"],"project":[{"projectName":"Movie App","technology":["Kotlin","SQL Lite","Gradle"]}]},{"jobId":6,"jobTitle":"Software Engg-3","jobDescription":"To develop andriod application and web application","experience":["Google","Apple","Mobile Iron"],"project":[{"projectName":"Movie App","technology":["Kotlin","SQL Lite","Gradle","Jenkins"]},{"projectName":"Movie App","technology":["Kotlin","SQL Lite","Gradle","Jenkins"]}]},{"jobId":88,"jobTitle":"Software Engg-2","jobDescription":"To develop android application and web application","experience":["Google","Apple","Mobile Iron"],"project":[{"projectName":"Movie App","technology":["Kotlin","SQL Lite","Gradle"]}]},{"jobId":9,"jobTitle":"Software Engg-3","jobDescription":"To develop andriod application and web application","experience":["Google","Apple","Mobile Iron"],"project":[{"projectName":"Movie App","technology":["Kotlin","SQL Lite","Gradle","Jenkins"]},{"projectName":"Movie App","technology":["Kotlin","SQL Lite","Gradle","Jenkins"]}]},{"jobId":8,"jobTitle":"Software Engg-2","jobDescription":"To develop andriod application","experience":["Google","Apple","Mobile Iron"],"project":[{"projectName":"Movie App","technology":["Kotlin","SQL Lite","Gradle"]}]},{"jobId":7,"jobTitle":"Software Engg-3","jobDescription":"To develop andriod application and web application","experience":["Google","Apple","Mobile Iron"],"project":[{"projectName":"Movie App","technology":["Kotlin","SQL Lite","Gradle","Jenkins"]},{"projectName":"Movie App","technology":["Kotlin","SQL Lite","Gradle","Jenkins"]}]},{"jobId":13,"jobTitle":"Software Engg-2","jobDescription":"To develop andriod application","experience":["Google","Apple","Mobile Iron"],"project":[{"projectName":"Movie App","technology":["Kotlin","SQL Lite","Gradle"]}]},{"jobId":53,"jobTitle":"Software Engg-2","jobDescription":"To develop android application and web application","experience":["Google","Apple","Mobile Iron"],"project":[{"projectName":"Movie App","technology":["Kotlin","SQL Lite","Gradle"]}]},{"jobId":8,"jobTitle":"Software Engg-2","jobDescription":"To develop andriod application","experience":["Google","Apple","Mobile Iron"],"project":[{"projectName":"Movie App","technology":["Kotlin","SQL Lite","Gradle"]}]},{"jobId":8,"jobTitle":"Software Engg-2","jobDescription":"To develop andriod application","experience":["Google","Apple","Mobile Iron"],"project":[{"projectName":"Movie App","technology":["Kotlin","SQL Lite","Gradle"]}]},{"jobId":9980,"jobTitle":"Software Engg-2","jobDescription":"To develop android application","experience":["Google","Apple","Mobile Iron"],"project":[{"projectName":"Movie App","technology":["Kotlin","SQL Lite","Gradle"]}]},{"jobId":80,"jobTitle":"Software Engg-2","jobDescription":"To develop andriod application","experience":["Google","Apple","Mobile Iron"],"project":[{"projectName":"Movie App","technology":["Kotlin","SQL Lite","Gradle"]}]},{"jobId":49,"jobTitle":"Software Engg-2","jobDescription":"To develop android application and web application","experience":["Google","Apple","Mobile Iron"],"project":[{"projectName":"Movie App","technology":["Kotlin","SQL Lite","Gradle","Jenkins"]},{"projectName":"Movie App","technology":["Kotlin","SQL Lite","Gradle","Jenkins"]}]},{"jobId":82,"jobTitle":"Software Engg-3","jobDescription":"To develop andriod application and web application","experience":["Google","Apple","Mobile Iron"],"project":[{"projectName":"Movie App","technology":["Kotlin","SQL Lite","Gradle","Jenkins"]},{"projectName":"Movie App","technology":["Kotlin","SQL Lite","Gradle","Jenkins"]}]},{"jobId":45,"jobTitle":"Software Engg-3","jobDescription":"To develop andriod application and web application","experience":["Google","Apple","Mobile Iron"],"project":[{"projectName":"Movie App","technology":["Kotlin","SQL Lite","Gradle","Jenkins"]},{"projectName":"Movie App","technology":["Kotlin","SQL Lite","Gradle","Jenkins"]}]},{"jobId":26,"jobTitle":"Software Engg-2","jobDescription":"To develop andriod application","experience":["Google","Apple","Mobile Iron"],"project":[{"projectName":"Movie App","technology":["Kotlin","SQL Lite","Gradle"]}]},{"jobId":8,"jobTitle":"Software Engg-2","jobDescription":"To develop andriod application","experience":["Google","Apple","Mobile Iron"],"project":[{"projectName":"Movie App","technology":["Kotlin","SQL Lite","Gradle"]}]},{"jobId":75,"jobTitle":"Software Engg-2","jobDescription":"To develop andriod application","experience":["Google","Apple","Mobile Iron"],"project":[{"projectName":"Movie App","technology":["Kotlin","SQL Lite","Gradle"]}]},{"jobId":8,"jobTitle":"Software Engg-2","jobDescription":"To develop andriod application","experience":["Google","Apple","Mobile Iron"],"project":[{"projectName":"Movie App","technology":["Kotlin","SQL Lite","Gradle"]}]},{"jobId":9980,"jobTitle":"Software Engg-2","jobDescription":"To develop android application","experience":["Google","Apple","Mobile Iron"],"project":[{"projectName":"Movie App","technology":["Kotlin","SQL Lite","Gradle"]}]},{"jobId":84,"jobTitle":"Software Engg-2","jobDescription":"To develop andriod application","experience":["Google","Apple","Mobile Iron"],"project":[{"projectName":"Movie App","technology":["Kotlin","SQL Lite","Gradle"]}]},{"jobId":31,"jobTitle":"Software Engg-3","jobDescription":"To develop andriod application and web application","experience":["Google","Apple","Mobile Iron"],"project":[{"projectName":"Movie App","technology":["Kotlin","SQL Lite","Gradle","Jenkins"]},{"projectName":"Movie App","technology":["Kotlin","SQL Lite","Gradle","Jenkins"]}]},{"jobId":87,"jobTitle":"Software Engg-2","jobDescription":"To develop andriod application","experience":["Google","Apple","Mobile Iron"],"project":[{"projectName":"Movie App","technology":["Kotlin","SQL Lite","Gradle"]}]},{"jobId":93,"jobTitle":"Software Engg-3","jobDescription":"To develop andriod application and web application","experience":["Google","Apple","Mobile Iron"],"project":[{"projectName":"Movie App","technology":["Kotlin","SQL Lite","Gradle","Jenkins"]},{"projectName":"Movie App","technology":["Kotlin","SQL Lite","Gradle","Jenkins"]}]},{"jobId":53,"jobTitle":"Software Engg-2","jobDescription":"To develop andriod application","experience":["Google","Apple","Mobile Iron"],"project":[{"projectName":"Movie App","technology":["Kotlin","SQL Lite","Gradle"]}]},{"jobId":51,"jobTitle":"Software Engg-2","jobDescription":"To develop andriod application","experience":["Google","Apple","Mobile Iron"],"project":[{"projectName":"Movie App","technology":["Kotlin","SQL Lite","Gradle"]}]},{"jobId":19,"jobTitle":"Software Engg-2","jobDescription":"To develop andriod application","experience":["Google","Apple","Mobile Iron"],"project":[{"projectName":"Movie App","technology":["Kotlin","SQL Lite","Gradle"]}]},{"jobId":93,"jobTitle":"Software Engg-2","jobDescription":"To develop andriod application","experience":["Google","Apple","Mobile Iron"],"project":[{"projectName":"Movie App","technology":["Kotlin","SQL Lite","Gradle"]}]},{"jobId":32,"jobTitle":"Software Engg-2","jobDescription":"To develop android application and web application","experience":["Google","Apple","Mobile Iron"],"project":[{"projectName":"Movie App","technology":["Kotlin","SQL Lite","Gradle"]}]},{"jobId":71,"jobTitle":"Software Engg-2","jobDescription":"To develop android application and web application","experience":["Google","Apple","Mobile Iron"],"project":[{"projectName":"Movie App","technology":["Kotlin","SQL Lite","Gradle"]}]},{"jobId":23,"jobTitle":"Software Engg-2","jobDescription":"To develop android application and web application","experience":["Google","Apple","Mobile Iron"],"project":[{"projectName":"Movie App","technology":["Kotlin","SQL Lite","Gradle"]}]},{"jobId":31,"jobTitle":"Software Engg-2","jobDescription":"To develop andriod application","experience":["Google","Apple","Mobile Iron"],"project":[{"projectName":"Movie App","technology":["Kotlin","SQL Lite","Gradle"]}]},{"jobId":10,"jobTitle":"Software Engg-2","jobDescription":"To develop andriod application","experience":["Google","Apple","Mobile Iron"],"project":[{"projectName":"Movie App","technology":["Kotlin","SQL Lite","Gradle"]}]},{"jobId":8,"jobTitle":"Software Engg-2","jobDescription":"To develop andriod application","experience":["Google","Apple","Mobile Iron"],"project":[{"projectName":"Movie App","technology":["Kotlin","SQL Lite","Gradle"]}]},{"jobId":38,"jobTitle":"Software Engg-2","jobDescription":"To develop andriod application","experience":["Google","Apple","Mobile Iron"],"project":[{"projectName":"Movie App","technology":["Kotlin","SQL Lite","Gradle"]}]},{"jobId":8,"jobTitle":"Software Engg-2","jobDescription":"To develop andriod application","experience":["Google","Apple","Mobile Iron"],"project":[{"projectName":"Movie App","technology":["Kotlin","SQL Lite","Gradle"]}]},{"jobId":9980,"jobTitle":"Software Engg-2","jobDescription":"To develop android application","experience":["Google","Apple","Mobile Iron"],"project":[{"projectName":"Movie App","technology":["Kotlin","SQL Lite","Gradle"]}]},{"jobId":5,"jobTitle":"Software Engg-3","jobDescription":"To develop andriod application and web application","experience":["Google","Apple","Mobile Iron"],"project":[{"projectName":"Movie App","technology":["Kotlin","SQL Lite","Gradle","Jenkins"]},{"projectName":"Movie App","technology":["Kotlin","SQL Lite","Gradle","Jenkins"]}]},{"jobId":16,"jobTitle":"Software Engg-3","jobDescription":"To develop andriod application and web application","experience":["Google","Apple","Mobile Iron"],"project":[{"projectName":"Movie App","technology":["Kotlin","SQL Lite","Gradle","Jenkins"]},{"projectName":"Movie App","technology":["Kotlin","SQL Lite","Gradle","Jenkins"]}]},{"jobId":1,"jobTitle":"Software Engg-2","jobDescription":"To develop andriod application","experience":["Google","Apple","Mobile Iron"],"project":[{"projectName":"Movie App","technology":["Kotlin","SQL Lite","Gradle"]}]},{"jobId":7,"jobTitle":"Software Engg-2","jobDescription":"To develop andriod application","experience":["Google","Apple","Mobile Iron"],"project":[{"projectName":"Movie App","technology":["Kotlin","SQL Lite","Gradle"]}]},{"jobId":35,"jobTitle":"Software Engg-2","jobDescription":"To develop android application and web application","experience":["Google","Apple","Mobile Iron"],"project":[{"projectName":"Movie App","technology":["Kotlin","SQL Lite","Gradle"]}]},{"jobId":48,"jobTitle":"Software Engg-2","jobDescription":"To develop andriod application","experience":["Google","Apple","Mobile Iron"],"project":[{"projectName":"Movie App","technology":["Kotlin","SQL Lite","Gradle"]}]},{"jobId":2,"jobTitle":"Software Engg-2","jobDescription":"To develop andriod application","experience":["Google","Apple","Mobile Iron"],"project":[{"projectName":"Movie App","technology":["Kotlin","SQL Lite","Gradle"]}]},{"jobId":88,"jobTitle":"Software Engg-2","jobDescription":"To develop andriod application","experience":["Google","Apple","Mobile Iron"],"project":[{"projectName":"Movie App","technology":["Kotlin","SQL Lite","Gradle"]}]},{"jobId":21,"jobTitle":"Software Engg-2","jobDescription":"To develop andriod application","experience":["Google","Apple","Mobile Iron"],"project":[{"projectName":"Movie App","technology":["Kotlin","SQL Lite","Gradle"]}]},{"jobId":71,"jobTitle":"Software Engg-2","jobDescription":"To develop andriod application","experience":["Google","Apple","Mobile Iron"],"project":[{"projectName":"Movie App","technology":["Kotlin","SQL Lite","Gradle"]}]},{"jobId":8,"jobTitle":"Software Engg-2","jobDescription":"To develop andriod application","experience":["Google","Apple","Mobile Iron"],"project":[{"projectName":"Movie App","technology":["Kotlin","SQL Lite","Gradle"]}]},{"jobId":94,"jobTitle":"Software Engg-2","jobDescription":"To develop andriod application","experience":["Google","Apple","Mobile Iron"],"project":[{"projectName":"Movie App","technology":["Kotlin","SQL Lite","Gradle"]}]},{"jobId":8,"jobTitle":"Software Engg-2","jobDescription":"To develop andriod application","experience":["Google","Apple","Mobile Iron"],"project":[{"projectName":"Movie App","technology":["Kotlin","SQL Lite","Gradle"]}]},{"jobId":9980,"jobTitle":"Software Engg-2","jobDescription":"To develop android application","experience":["Google","Apple","Mobile Iron"],"project":[{"projectName":"Movie App","technology":["Kotlin","SQL Lite","Gradle"]}]},{"jobId":89,"jobTitle":"Software Engg-3","jobDescription":"To develop andriod application and web application","experience":["Google","Apple","Mobile Iron"],"project":[{"projectName":"Movie App","technology":["Kotlin","SQL Lite","Gradle","Jenkins"]},{"projectName":"Movie App","technology":["Kotlin","SQL Lite","Gradle","Jenkins"]}]},{"jobId":35,"jobTitle":"Software Engg-2","jobDescription":"To develop andriod application","experience":["Google","Apple","Mobile Iron"],"project":[{"projectName":"Movie App","technology":["Kotlin","SQL Lite","Gradle"]}]},{"jobId":77,"jobTitle":"Software Engg-2","jobDescription":"To develop android application and web application","experience":["Google","Apple","Mobile Iron"],"project":[{"projectName":"Movie App","technology":["Kotlin","SQL Lite","Gradle"]}]},{"jobId":50,"jobTitle":"Software Engg-3","jobDescription":"To develop andriod application and web application","experience":["Google","Apple","Mobile Iron"],"project":[{"projectName":"Movie App","technology":["Kotlin","SQL Lite","Gradle","Jenkins"]},{"projectName":"Movie App","technology":["Kotlin","SQL Lite","Gradle","Jenkins"]}]},{"jobId":33,"jobTitle":"Software Engg-2","jobDescription":"To develop andriod application","experience":["Google","Apple","Mobile Iron"],"project":[{"projectName":"Movie App","technology":["Kotlin","SQL Lite","Gradle"]}]},{"jobId":78,"jobTitle":"Software Engg-2","jobDescription":"To develop android application and web application","experience":["Google","Apple","Mobile Iron"],"project":[{"projectName":"Movie App","technology":["Kotlin","SQL Lite","Gradle"]}]},{"jobId":3,"jobTitle":"Software Engg-2","jobDescription":"To develop android application and web application","experience":["Google","Apple","Mobile Iron"],"project":[{"projectName":"Movie App","technology":["Kotlin","SQL Lite","Gradle"]}]},{"jobId":18,"jobTitle":"Software Engg-2","jobDescription":"To develop android application and web application","experience":["Google","Apple","Mobile Iron"],"project":[{"projectName":"Movie App","technology":["Kotlin","SQL Lite","Gradle"]}]},{"jobId":4,"jobTitle":"Software Engg-2","jobDescription":"To develop android application and web application","experience":["Google","Apple","Mobile Iron"],"project":[{"projectName":"Movie App","technology":["Kotlin","SQL Lite","Gradle"]}]},{"jobId":8,"jobTitle":"Software Engg-2","jobDescription":"To develop andriod application","experience":["Google","Apple","Mobile Iron"],"project":[{"projectName":"Movie App","technology":["Kotlin","SQL Lite","Gradle"]}]},{"jobId":9980,"jobTitle":"Software Engg-2","jobDescription":"To develop android application","experience":["Google","Apple","Mobile Iron"],"project":[{"projectName":"Movie App","technology":["Kotlin","SQL Lite","Gradle"]}]},{"jobId":8,"jobTitle":"Software Engg-2","jobDescription":"To develop andriod application","experience":["Google","Apple","Mobile Iron"],"project":[{"projectName":"Movie App","technology":["Kotlin","SQL Lite","Gradle"]}]},{"jobId":17,"jobTitle":"Software Engg-3","jobDescription":"To develop andriod application and web application","experience":["Google","Apple","Mobile Iron"],"project":[{"projectName":"Movie App","technology":["Kotlin","SQL Lite","Gradle","Jenkins"]},{"projectName":"Movie App","technology":["Kotlin","SQL Lite","Gradle","Jenkins"]}]},{"jobId":94,"jobTitle":"Software Engg-2","jobDescription":"To develop andriod application","experience":["Google","Apple","Mobile Iron"],"project":[{"projectName":"Movie App","technology":["Kotlin","SQL Lite","Gradle"]}]},{"jobId":83,"jobTitle":"Software Engg-3","jobDescription":"To develop andriod application and web application","experience":["Google","Apple","Mobile Iron"],"project":[{"projectName":"Movie App","technology":["Kotlin","SQL Lite","Gradle","Jenkins"]},{"projectName":"Movie App","technology":["Kotlin","SQL Lite","Gradle","Jenkins"]}]},{"jobId":75,"jobTitle":"Software Engg-2","jobDescription":"To develop andriod application","experience":["Google","Apple","Mobile Iron"],"project":[{"projectName":"Movie App","technology":["Kotlin","SQL Lite","Gradle"]}]},{"jobId":86,"jobTitle":"Software Engg-3","jobDescription":"To develop andriod application and web application","experience":["Google","Apple","Mobile Iron"],"project":[{"projectName":"Movie App","technology":["Kotlin","SQL Lite","Gradle","Jenkins"]},{"projectName":"Movie App","technology":["Kotlin","SQL Lite","Gradle","Jenkins"]}]},{"jobId":40,"jobTitle":"Software Engg-2","jobDescription":"To develop android application and web application","experience":["Google","Apple","Mobile Iron"],"project":[{"projectName":"Movie App","technology":["Kotlin","SQL Lite","Gradle"]}]},{"jobId":66,"jobTitle":"Software Engg-2","jobDescription":"To develop android application and web application","experience":["Google","Apple","Mobile Iron"],"project":[{"projectName":"Movie App","technology":["Kotlin","SQL Lite","Gradle"]}]},{"jobId":18,"jobTitle":"Software Engg-2","jobDescription":"To develop andriod application","experience":["Google","Apple","Mobile Iron"],"project":[{"projectName":"Movie App","technology":["Kotlin","SQL Lite","Gradle"]}]},{"jobId":42,"jobTitle":"Software Engg-2","jobDescription":"To develop andriod application","experience":["Google","Apple","Mobile Iron"],"project":[{"projectName":"Movie App","technology":["Kotlin","SQL Lite","Gradle"]}]},{"jobId":68,"jobTitle":"Software Engg-2","jobDescription":"To develop andriod application","experience":["Google","Apple","Mobile Iron"],"project":[{"projectName":"Movie App","technology":["Kotlin","SQL Lite","Gradle"]}]},{"jobId":96,"jobTitle":"Software Engg-2","jobDescription":"To develop andriod application","experience":["Google","Apple","Mobile Iron"],"project":[{"projectName":"Movie App","technology":["Kotlin","SQL Lite","Gradle"]}]},{"jobId":59,"jobTitle":"Software Engg-2","jobDescription":"To develop android application and web application","experience":["Google","Apple","Mobile Iron"],"project":[{"projectName":"Movie App","technology":["Kotlin","SQL Lite","Gradle"]}]},{"jobId":8,"jobTitle":"Software Engg-2","jobDescription":"To develop andriod application","experience":["Google","Apple","Mobile Iron"],"project":[{"projectName":"Movie App","technology":["Kotlin","SQL Lite","Gradle"]}]},{"jobId":32,"jobTitle":"Software Engg-2","jobDescription":"To develop andriod application","experience":["Google","Apple","Mobile Iron"],"project":[{"projectName":"Movie App","technology":["Kotlin","SQL Lite","Gradle"]}]},{"jobId":8,"jobTitle":"Software Engg-2","jobDescription":"To develop andriod application","experience":["Google","Apple","Mobile Iron"],"project":[{"projectName":"Movie App","technology":["Kotlin","SQL Lite","Gradle"]}]},{"jobId":9980,"jobTitle":"Software Engg-2","jobDescription":"To develop android application","experience":["Google","Apple","Mobile Iron"],"project":[{"projectName":"Movie App","technology":["Kotlin","SQL Lite","Gradle"]}]},{"jobId":6,"jobTitle":"Software Engg-2","jobDescription":"To develop andriod application","experience":["Google","Apple","Mobile Iron"],"project":[{"projectName":"Movie App","technology":["Kotlin","SQL Lite","Gradle"]}]},{"jobId":57,"jobTitle":"Software Engg-3","jobDescription":"To develop andriod application and web application","experience":["Google","Apple","Mobile Iron"],"project":[{"projectName":"Movie App","technology":["Kotlin","SQL Lite","Gradle","Jenkins"]},{"projectName":"Movie App","technology":["Kotlin","SQL Lite","Gradle","Jenkins"]}]},{"jobId":19,"jobTitle":"Software Engg-2","jobDescription":"To develop andriod application","experience":["Google","Apple","Mobile Iron"],"project":[{"projectName":"Movie App","technology":["Kotlin","SQL Lite","Gradle"]}]},{"jobId":29,"jobTitle":"Software Engg-3","jobDescription":"To develop andriod application and web application","experience":["Google","Apple","Mobile Iron"],"project":[{"projectName":"Movie App","technology":["Kotlin","SQL Lite","Gradle","Jenkins"]},{"projectName":"Movie App","technology":["Kotlin","SQL Lite","Gradle","Jenkins"]}]},{"jobId":90,"jobTitle":"Software Engg-2","jobDescription":"To develop android application and web application","experience":["Google","Apple","Mobile Iron"],"project":[{"projectName":"Movie App","technology":["Kotlin","SQL Lite","Gradle"]}]},{"jobId":60,"jobTitle":"Software Engg-3","jobDescription":"To develop andriod application and web application","experience":["Google","Apple","Mobile Iron"],"project":[{"projectName":"Movie App","technology":["Kotlin","SQL Lite","Gradle","Jenkins"]},{"projectName":"Movie App","technology":["Kotlin","SQL Lite","Gradle","Jenkins"]}]},{"jobId":92,"jobTitle":"Software Engg-2","jobDescription":"To develop android application and web application","experience":["Google","Apple","Mobile Iron"],"project":[{"projectName":"Movie App","technology":["Kotlin","SQL Lite","Gradle"]}]},{"jobId":90,"jobTitle":"Software Engg-2","jobDescription":"To develop andriod application","experience":["Google","Apple","Mobile Iron"],"project":[{"projectName":"Movie App","technology":["Kotlin","SQL Lite","Gradle"]}]},{"jobId":25,"jobTitle":"Software Engg-2","jobDescription":"To develop andriod application","experience":["Google","Apple","Mobile Iron"],"project":[{"projectName":"Movie App","technology":["Kotlin","SQL Lite","Gradle"]}]},{"jobId":0,"jobTitle":"Software Engg-2","jobDescription":"To develop android application and web application","experience":["Google","Apple","Mobile Iron"],"project":[{"projectName":"Movie App","technology":["Kotlin","SQL Lite","Gradle"]}]},{"jobId":53,"jobTitle":"Software Engg-2","jobDescription":"To develop andriod application","experience":["Google","Apple","Mobile Iron"],"project":[{"projectName":"Movie App","technology":["Kotlin","SQL Lite","Gradle"]}]},{"jobId":37,"jobTitle":"Software Engg-2","jobDescription":"To develop android application and web application","experience":["Google","Apple","Mobile Iron"],"project":[{"projectName":"Movie App","technology":["Kotlin","SQL Lite","Gradle"]}]},{"jobId":41,"jobTitle":"Software Engg-2","jobDescription":"To develop andriod application","experience":["Google","Apple","Mobile Iron"],"project":[{"projectName":"Movie App","technology":["Kotlin","SQL Lite","Gradle"]}]},{"jobId":40,"jobTitle":"Software Engg-2","jobDescription":"To develop andriod application","experience":["Google","Apple","Mobile Iron"],"project":[{"projectName":"Movie App","technology":["Kotlin","SQL Lite","Gradle"]}]},{"jobId":0,"jobTitle":"Software Engg-2","jobDescription":"To develop andriod application","experience":["Google","Apple","Mobile Iron"],"project":[{"projectName":"Movie App","technology":["Kotlin","SQL Lite","Gradle"]}]},{"jobId":76,"jobTitle":"Software Engg-2","jobDescription":"To develop andriod application","experience":["Google","Apple","Mobile Iron"],"project":[{"projectName":"Movie App","technology":["Kotlin","SQL Lite","Gradle"]}]},{"jobId":49,"jobTitle":"Software Engg-2","jobDescription":"To develop andriod application","experience":["Google","Apple","Mobile Iron"],"project":[{"projectName":"Movie App","technology":["Kotlin","SQL Lite","Gradle"]}]},{"jobId":9980,"jobTitle":"Software Engg-2","jobDescription":"To develop android application","experience":["Google","Apple","Mobile Iron"],"project":[{"projectName":"Movie App","technology":["Kotlin","SQL Lite","Gradle"]}]},{"jobId":8,"jobTitle":"Software Engg-2","jobDescription":"To develop andriod application","experience":["Google","Apple","Mobile Iron"],"project":[{"projectName":"Movie App","technology":["Kotlin","SQL Lite","Gradle"]}]},{"jobId":79,"jobTitle":"Software Engg-2","jobDescription":"To develop andriod application","experience":["Google","Apple","Mobile Iron"],"project":[{"projectName":"Movie App","technology":["Kotlin","SQL Lite","Gradle"]}]},{"jobId":8,"jobTitle":"Software Engg-2","jobDescription":"To develop andriod application","experience":["Google","Apple","Mobile Iron"],"project":[{"projectName":"Movie App","technology":["Kotlin","SQL Lite","Gradle"]}]},{"jobId":39,"jobTitle":"Software Engg-3","jobDescription":"To develop andriod application and web application","experience":["Google","Apple","Mobile Iron"],"project":[{"projectName":"Movie App","technology":["Kotlin","SQL Lite","Gradle","Jenkins"]},{"projectName":"Movie App","technology":["Kotlin","SQL Lite","Gradle","Jenkins"]}]},{"jobId":96,"jobTitle":"Software Engg-2","jobDescription":"To develop andriod application","experience":["Google","Apple","Mobile Iron"],"project":[{"projectName":"Movie App","technology":["Kotlin","SQL Lite","Gradle"]}]},{"jobId":28,"jobTitle":"Software Engg-3","jobDescription":"To develop andriod application and web application","experience":["Google","Apple","Mobile Iron"],"project":[{"projectName":"Movie App","technology":["Kotlin","SQL Lite","Gradle","Jenkins"]},{"projectName":"Movie App","technology":["Kotlin","SQL Lite","Gradle","Jenkins"]}]},{"jobId":80,"jobTitle":"Software Engg-2","jobDescription":"To develop andriod application","experience":["Google","Apple","Mobile Iron"],"project":[{"projectName":"Movie App","technology":["Kotlin","SQL Lite","Gradle"]}]},{"jobId":130,"jobTitle":"Software Engg-3","jobDescription":"To develop andriod application and web application","experience":["Google","Apple","Mobile Iron"],"project":[{"projectName":"Movie App","technology":["Kotlin","SQL Lite","Gradle","Jenkins"]},{"projectName":"Movie App","technology":["Kotlin","SQL Lite","Gradle","Jenkins"]}]},{"jobId":74,"jobTitle":"Software Engg-3","jobDescription":"To develop andriod application and web application","experience":["Google","Apple","Mobile Iron"],"project":[{"projectName":"Movie App","technology":["Kotlin","SQL Lite","Gradle","Jenkins"]},{"projectName":"Movie App","technology":["Kotlin","SQL Lite","Gradle","Jenkins"]}]},{"jobId":10,"jobTitle":"Software Engg-2","jobDescription":"To develop andriod application","experience":["Google","Apple","Mobile Iron"],"project":[{"projectName":"Movie App","technology":["Kotlin","SQL Lite","Gradle"]}]},{"jobId":77,"jobTitle":"Software Engg-2","jobDescription":"To develop andriod application","experience":["Google","Apple","Mobile Iron"],"project":[{"projectName":"Movie App","technology":["Kotlin","SQL Lite","Gradle"]}]},{"jobId":26,"jobTitle":"Software Engg-2","jobDescription":"To develop andriod application","experience":["Google","Apple","Mobile Iron"],"project":[{"projectName":"Movie App","technology":["Kotlin","SQL Lite","Gradle"]}]},{"jobId":8,"jobTitle":"Software Engg-2","jobDescription":"To develop andriod application","experience":["Google","Apple","Mobile Iron"],"project":[{"projectName":"Movie App","technology":["Kotlin","SQL Lite","Gradle"]}]},{"jobId":69,"jobTitle":"Software Engg-2","jobDescription":"To develop andriod application","experience":["Google","Apple","Mobile Iron"],"project":[{"projectName":"Movie App","technology":["Kotlin","SQL Lite","Gradle"]}]},{"jobId":12,"jobTitle":"Software Engg-2","jobDescription":"To develop andriod application","experience":["Google","Apple","Mobile Iron"],"project":[{"projectName":"Movie App","technology":["Kotlin","SQL Lite","Gradle"]}]},{"jobId":63,"jobTitle":"Software Engg-2","jobDescription":"To develop andriod application","experience":["Google","Apple","Mobile Iron"],"project":[{"projectName":"Movie App","technology":["Kotlin","SQL Lite","Gradle"]}]},{"jobId":8,"jobTitle":"Software Engg-2","jobDescription":"To develop andriod application","experience":["Google","Apple","Mobile Iron"],"project":[{"projectName":"Movie App","technology":["Kotlin","SQL Lite","Gradle"]}]},{"jobId":9980,"jobTitle":"Software Engg-2","jobDescription":"To develop android application","experience":["Google","Apple","Mobile Iron"],"project":[{"projectName":"Movie App","technology":["Kotlin","SQL Lite","Gradle"]}]}]
01:15:28.835 [pool-1-thread-5] INFO  com.intuit.karate - karate.env system property was: null 
01:15:28.835 [pool-1-thread-4] DEBUG com.intuit.karate - request:
1 > POST http://localhost:9897/normal/webapi/add
1 > Accept: application/json
1 > Content-Type: application/json; charset=UTF-8
1 > Content-Length: 212
1 > Host: localhost:9897
1 > Connection: Keep-Alive
1 > User-Agent: Apache-HttpClient/4.5.13 (Java/11.0.13)
1 > Accept-Encoding: gzip,deflate
{"jobId":"#(jobId)","jobTitle":"#(jobTitle)","jobDescription":"#(jobDescription)","experience":["Google","Apple","Mobile Iron"],"project":[{"projectName":"Movie App","technology":["Kotlin","SQL Lite","Gradle"]}]}

01:15:28.835 [pool-1-thread-5] DEBUG c.intuit.karate.core.ScenarioEngine - over-writing existing variable 'testdata' with new value: read("testData.csv")
01:15:28.848 [pool-1-thread-5] DEBUG com.intuit.karate - request:
1 > POST http://localhost:9897/normal/webapi/add
1 > Accept: application/json
1 > Content-Type: application/json; charset=UTF-8
1 > Content-Length: 212
1 > Host: localhost:9897
1 > Connection: Keep-Alive
1 > User-Agent: Apache-HttpClient/4.5.13 (Java/11.0.13)
1 > Accept-Encoding: gzip,deflate
{"jobId":"#(jobId)","jobTitle":"#(jobTitle)","jobDescription":"#(jobDescription)","experience":["Google","Apple","Mobile Iron"],"project":[{"projectName":"Movie App","technology":["Kotlin","SQL Lite","Gradle"]}]}

01:15:28.848 [pool-1-thread-1] DEBUG com.intuit.karate - response time in milliseconds: 36
1 < 400
1 < X-Content-Type-Options: nosniff
1 < X-XSS-Protection: 1; mode=block
1 < Cache-Control: no-cache, no-store, max-age=0, must-revalidate
1 < Pragma: no-cache
1 < Expires: 0
1 < X-Frame-Options: DENY
1 < Content-Type: application/json
1 < Transfer-Encoding: chunked
1 < Date: Wed, 19 Jan 2022 19:45:28 GMT
1 < Connection: close
{"timestamp":"2022-01-19T19:45:28.846+0000","status":400,"error":"Bad Request","message":"JSON parse error: Cannot deserialize value of type `int` from String \"false\": not a valid Integer value; nested exception is com.fasterxml.jackson.databind.exc.InvalidFormatException: Cannot deserialize value of type `int` from String \"false\": not a valid Integer value\n at [Source: (PushbackInputStream); line: 1, column: 10] (through reference chain: com.lab.jobportal.model.Job[\"jobId\"])","path":"/normal/webapi/add"}
01:15:28.849 [pool-1-thread-3] DEBUG com.intuit.karate - response time in milliseconds: 39
1 < 400
1 < X-Content-Type-Options: nosniff
1 < X-XSS-Protection: 1; mode=block
1 < Cache-Control: no-cache, no-store, max-age=0, must-revalidate
1 < Pragma: no-cache
1 < Expires: 0
1 < X-Frame-Options: DENY
1 < Content-Type: application/json
1 < Transfer-Encoding: chunked
1 < Date: Wed, 19 Jan 2022 19:45:28 GMT
1 < Connection: close
{"timestamp":"2022-01-19T19:45:28.838+0000","status":400,"error":"Bad Request","message":"JSON parse error: Cannot deserialize value of type `int` from String \"id\": not a valid Integer value; nested exception is com.fasterxml.jackson.databind.exc.InvalidFormatException: Cannot deserialize value of type `int` from String \"id\": not a valid Integer value\n at [Source: (PushbackInputStream); line: 1, column: 10] (through reference chain: com.lab.jobportal.model.Job[\"jobId\"])","path":"/normal/webapi/add"}
01:15:28.848 [pool-1-thread-4] DEBUG com.intuit.karate - response time in milliseconds: 13
1 < 400
1 < X-Content-Type-Options: nosniff
1 < X-XSS-Protection: 1; mode=block
1 < Cache-Control: no-cache, no-store, max-age=0, must-revalidate
1 < Pragma: no-cache
1 < Expires: 0
1 < X-Frame-Options: DENY
1 < Content-Type: application/json
1 < Transfer-Encoding: chunked
1 < Date: Wed, 19 Jan 2022 19:45:28 GMT
1 < Connection: close
{"timestamp":"2022-01-19T19:45:28.846+0000","status":400,"error":"Bad Request","message":"JSON parse error: Cannot deserialize value of type `int` from String \"#(jobId)\": not a valid Integer value; nested exception is com.fasterxml.jackson.databind.exc.InvalidFormatException: Cannot deserialize value of type `int` from String \"#(jobId)\": not a valid Integer value\n at [Source: (PushbackInputStream); line: 1, column: 10] (through reference chain: com.lab.jobportal.model.Job[\"jobId\"])","path":"/normal/webapi/add"}
01:15:28.852 [pool-1-thread-4] ERROR com.intuit.karate - classpath:com/api/automation/postrequest/datadriven/postDataDriven.feature:28
And status <status>
no step-definition method match found for: status <status>
classpath:com/api/automation/postrequest/datadriven/postDataDriven.feature:28
01:15:28.853 [pool-1-thread-3] INFO  com.intuit.karate - karate.env system property was: null 
01:15:28.854 [pool-1-thread-1] INFO  com.intuit.karate - karate.env system property was: null 
01:15:28.855 [pool-1-thread-4] INFO  com.intuit.karate - karate.env system property was: null 
01:15:28.855 [pool-1-thread-1] DEBUG c.intuit.karate.core.ScenarioEngine - over-writing existing variable 'testdata' with new value: read("testData.csv")
01:15:28.861 [pool-1-thread-1] DEBUG com.intuit.karate - request:
1 > POST http://localhost:9897/normal/webapi/add
1 > Accept: application/json
1 > Content-Type: application/json; charset=UTF-8
1 > Content-Length: 212
1 > Host: localhost:9897
1 > Connection: Keep-Alive
1 > User-Agent: Apache-HttpClient/4.5.13 (Java/11.0.13)
1 > Accept-Encoding: gzip,deflate
{"jobId":"#(jobId)","jobTitle":"#(jobTitle)","jobDescription":"#(jobDescription)","experience":["Google","Apple","Mobile Iron"],"project":[{"projectName":"Movie App","technology":["Kotlin","SQL Lite","Gradle"]}]}

01:15:28.897 [pool-1-thread-5] DEBUG com.intuit.karate - response time in milliseconds: 49
1 < 400
1 < X-Content-Type-Options: nosniff
1 < X-XSS-Protection: 1; mode=block
1 < Cache-Control: no-cache, no-store, max-age=0, must-revalidate
1 < Pragma: no-cache
1 < Expires: 0
1 < X-Frame-Options: DENY
1 < Content-Type: application/json
1 < Transfer-Encoding: chunked
1 < Date: Wed, 19 Jan 2022 19:45:28 GMT
1 < Connection: close
{"timestamp":"2022-01-19T19:45:28.896+0000","status":400,"error":"Bad Request","message":"JSON parse error: Cannot deserialize value of type `int` from String \"#(jobId)\": not a valid Integer value; nested exception is com.fasterxml.jackson.databind.exc.InvalidFormatException: Cannot deserialize value of type `int` from String \"#(jobId)\": not a valid Integer value\n at [Source: (PushbackInputStream); line: 1, column: 10] (through reference chain: com.lab.jobportal.model.Job[\"jobId\"])","path":"/normal/webapi/add"}
01:15:28.898 [pool-1-thread-5] ERROR com.intuit.karate - classpath:com/api/automation/postrequest/datadriven/postDataDriven.feature:28
And status <status>
no step-definition method match found for: status <status>
classpath:com/api/automation/postrequest/datadriven/postDataDriven.feature:28
01:15:28.902 [pool-1-thread-5] INFO  com.intuit.karate - karate.env system property was: null 
01:15:28.906 [pool-1-thread-5] DEBUG com.intuit.karate - request:
1 > POST http://localhost:9897/normal/webapi/add
1 > Accept: application/json
1 > Content-Type: application/json; charset=UTF-8
1 > Content-Length: 221
1 > Host: localhost:9897
1 > Connection: Keep-Alive
1 > User-Agent: Apache-HttpClient/4.5.13 (Java/11.0.13)
1 > Accept-Encoding: gzip,deflate
{"jobId":73,"jobTitle":"Software Engg-2","jobDescription":"To develop andriod application","experience":["Google","Apple","Mobile Iron"],"project":[{"projectName":"Movie App","technology":["Kotlin","SQL Lite","Gradle"]}]}

01:15:28.941 [pool-1-thread-1] DEBUG com.intuit.karate - response time in milliseconds: 78
1 < 400
1 < X-Content-Type-Options: nosniff
1 < X-XSS-Protection: 1; mode=block
1 < Cache-Control: no-cache, no-store, max-age=0, must-revalidate
1 < Pragma: no-cache
1 < Expires: 0
1 < X-Frame-Options: DENY
1 < Content-Type: application/json
1 < Transfer-Encoding: chunked
1 < Date: Wed, 19 Jan 2022 19:45:28 GMT
1 < Connection: close
{"timestamp":"2022-01-19T19:45:28.939+0000","status":400,"error":"Bad Request","message":"JSON parse error: Cannot deserialize value of type `int` from String \"#(jobId)\": not a valid Integer value; nested exception is com.fasterxml.jackson.databind.exc.InvalidFormatException: Cannot deserialize value of type `int` from String \"#(jobId)\": not a valid Integer value\n at [Source: (PushbackInputStream); line: 1, column: 10] (through reference chain: com.lab.jobportal.model.Job[\"jobId\"])","path":"/normal/webapi/add"}
01:15:28.941 [pool-1-thread-1] ERROR com.intuit.karate - classpath:com/api/automation/postrequest/datadriven/postDataDriven.feature:28
And status <status>
no step-definition method match found for: status <status>
classpath:com/api/automation/postrequest/datadriven/postDataDriven.feature:28
01:15:28.946 [pool-1-thread-1] INFO  com.intuit.karate - karate.env system property was: null 
01:15:28.956 [pool-1-thread-1] DEBUG com.intuit.karate - request:
1 > POST http://localhost:9897/normal/webapi/add
1 > Accept: application/json
1 > Content-Type: application/json; charset=UTF-8
1 > Content-Length: 221
1 > Host: localhost:9897
1 > Connection: Keep-Alive
1 > User-Agent: Apache-HttpClient/4.5.13 (Java/11.0.13)
1 > Accept-Encoding: gzip,deflate
{"jobId":35,"jobTitle":"Software Engg-2","jobDescription":"To develop andriod application","experience":["Google","Apple","Mobile Iron"],"project":[{"projectName":"Movie App","technology":["Kotlin","SQL Lite","Gradle"]}]}

01:15:28.961 [pool-1-thread-5] DEBUG com.intuit.karate - response time in milliseconds: 55
1 < 201
1 < X-Content-Type-Options: nosniff
1 < X-XSS-Protection: 1; mode=block
1 < Cache-Control: no-cache, no-store, max-age=0, must-revalidate
1 < Pragma: no-cache
1 < Expires: 0
1 < X-Frame-Options: DENY
1 < Content-Type: application/json
1 < Transfer-Encoding: chunked
1 < Date: Wed, 19 Jan 2022 19:45:28 GMT
1 < Keep-Alive: timeout=60
1 < Connection: keep-alive
{"jobId":73,"jobTitle":"Software Engg-2","jobDescription":"To develop andriod application","experience":["Google","Apple","Mobile Iron"],"project":[{"projectName":"Movie App","technology":["Kotlin","SQL Lite","Gradle"]}]}
01:15:28.965 [pool-1-thread-5] DEBUG com.intuit.karate - request:
2 > PUT http://localhost:9897/normal/webapi/update
2 > Accept: application/json
2 > Content-Type: application/json; charset=UTF-8
2 > Content-Length: 333
2 > Host: localhost:9897
2 > Connection: Keep-Alive
2 > User-Agent: Apache-HttpClient/4.5.13 (Java/11.0.13)
2 > Accept-Encoding: gzip,deflate
{"jobId":73,"jobTitle":"Software Engg-3","jobDescription":"To develop andriod application and web application","experience":["Google","Apple","Mobile Iron"],"project":[{"projectName":"Movie App","technology":["Kotlin","SQL Lite","Gradle","Jenkins"]},{"projectName":"Movie App","technology":["Kotlin","SQL Lite","Gradle","Jenkins"]}]}

01:15:28.965 [pool-1-thread-1] DEBUG com.intuit.karate - response time in milliseconds: 9
1 < 201
1 < X-Content-Type-Options: nosniff
1 < X-XSS-Protection: 1; mode=block
1 < Cache-Control: no-cache, no-store, max-age=0, must-revalidate
1 < Pragma: no-cache
1 < Expires: 0
1 < X-Frame-Options: DENY
1 < Content-Type: application/json
1 < Transfer-Encoding: chunked
1 < Date: Wed, 19 Jan 2022 19:45:28 GMT
1 < Keep-Alive: timeout=60
1 < Connection: keep-alive
{"jobId":35,"jobTitle":"Software Engg-2","jobDescription":"To develop andriod application","experience":["Google","Apple","Mobile Iron"],"project":[{"projectName":"Movie App","technology":["Kotlin","SQL Lite","Gradle"]}]}
01:15:28.969 [pool-1-thread-1] DEBUG com.intuit.karate - request:
1 > PUT http://localhost:9897/normal/webapi/update
1 > Accept: application/json
1 > Content-Type: application/json; charset=UTF-8
1 > Content-Length: 334
1 > Host: localhost:9897
1 > Connection: Keep-Alive
1 > User-Agent: Apache-HttpClient/4.5.13 (Java/11.0.13)
1 > Accept-Encoding: gzip,deflate
{"jobId":130,"jobTitle":"Software Engg-3","jobDescription":"To develop andriod application and web application","experience":["Google","Apple","Mobile Iron"],"project":[{"projectName":"Movie App","technology":["Kotlin","SQL Lite","Gradle","Jenkins"]},{"projectName":"Movie App","technology":["Kotlin","SQL Lite","Gradle","Jenkins"]}]}

01:15:28.981 [pool-1-thread-5] DEBUG com.intuit.karate - response time in milliseconds: 16
2 < 200
2 < X-Content-Type-Options: nosniff
2 < X-XSS-Protection: 1; mode=block
2 < Cache-Control: no-cache, no-store, max-age=0, must-revalidate
2 < Pragma: no-cache
2 < Expires: 0
2 < X-Frame-Options: DENY
2 < Content-Type: application/json
2 < Transfer-Encoding: chunked
2 < Date: Wed, 19 Jan 2022 19:45:28 GMT
2 < Keep-Alive: timeout=60
2 < Connection: keep-alive
{"jobId":73,"jobTitle":"Software Engg-3","jobDescription":"To develop andriod application and web application","experience":["Google","Apple","Mobile Iron"],"project":[{"projectName":"Movie App","technology":["Kotlin","SQL Lite","Gradle","Jenkins"]},{"projectName":"Movie App","technology":["Kotlin","SQL Lite","Gradle","Jenkins"]}]}
01:15:28.982 [pool-1-thread-5] INFO  com.intuit.karate - [print] {
  "jobId": 73,
  "jobTitle": "Software Engg-3",
  "jobDescription": "To develop andriod application and web application",
  "experience": [
    "Google",
    "Apple",
    "Mobile Iron"
  ],
  "project": [
    {
      "projectName": "Movie App",
      "technology": [
        "Kotlin",
        "SQL Lite",
        "Gradle",
        "Jenkins"
      ]
    },
    {
      "projectName": "Movie App",
      "technology": [
        "Kotlin",
        "SQL Lite",
        "Gradle",
        "Jenkins"
      ]
    }
  ]
}
 
01:15:28.989 [pool-1-thread-5] INFO  com.intuit.karate - karate.env system property was: null 
01:15:28.991 [pool-1-thread-5] DEBUG com.intuit.karate - request:
1 > POST http://localhost:9897/normal/webapi/add
1 > Accept: application/json
1 > Content-Type: application/json; charset=UTF-8
1 > Content-Length: 220
1 > Host: localhost:9897
1 > Connection: Keep-Alive
1 > User-Agent: Apache-HttpClient/4.5.13 (Java/11.0.13)
1 > Accept-Encoding: gzip,deflate
{"jobId":0,"jobTitle":"Software Engg-2","jobDescription":"To develop andriod application","experience":["Google","Apple","Mobile Iron"],"project":[{"projectName":"Movie App","technology":["Kotlin","SQL Lite","Gradle"]}]}

01:15:29.008 [pool-1-thread-1] DEBUG com.intuit.karate - response time in milliseconds: 39
1 < 200
1 < X-Content-Type-Options: nosniff
1 < X-XSS-Protection: 1; mode=block
1 < Cache-Control: no-cache, no-store, max-age=0, must-revalidate
1 < Pragma: no-cache
1 < Expires: 0
1 < X-Frame-Options: DENY
1 < Content-Type: application/json
1 < Transfer-Encoding: chunked
1 < Date: Wed, 19 Jan 2022 19:45:28 GMT
1 < Keep-Alive: timeout=60
1 < Connection: keep-alive
{"jobId":130,"jobTitle":"Software Engg-3","jobDescription":"To develop andriod application and web application","experience":["Google","Apple","Mobile Iron"],"project":[{"projectName":"Movie App","technology":["Kotlin","SQL Lite","Gradle","Jenkins"]},{"projectName":"Movie App","technology":["Kotlin","SQL Lite","Gradle","Jenkins"]}]}
01:15:29.008 [pool-1-thread-1] INFO  com.intuit.karate - [print] {
  "jobId": 130,
  "jobTitle": "Software Engg-3",
  "jobDescription": "To develop andriod application and web application",
  "experience": [
    "Google",
    "Apple",
    "Mobile Iron"
  ],
  "project": [
    {
      "projectName": "Movie App",
      "technology": [
        "Kotlin",
        "SQL Lite",
        "Gradle",
        "Jenkins"
      ]
    },
    {
      "projectName": "Movie App",
      "technology": [
        "Kotlin",
        "SQL Lite",
        "Gradle",
        "Jenkins"
      ]
    }
  ]
}
 
01:15:29.017 [pool-1-thread-5] DEBUG com.intuit.karate - response time in milliseconds: 26
1 < 201
1 < X-Content-Type-Options: nosniff
1 < X-XSS-Protection: 1; mode=block
1 < Cache-Control: no-cache, no-store, max-age=0, must-revalidate
1 < Pragma: no-cache
1 < Expires: 0
1 < X-Frame-Options: DENY
1 < Content-Type: application/json
1 < Transfer-Encoding: chunked
1 < Date: Wed, 19 Jan 2022 19:45:28 GMT
1 < Keep-Alive: timeout=60
1 < Connection: keep-alive
{"jobId":0,"jobTitle":"Software Engg-2","jobDescription":"To develop andriod application","experience":["Google","Apple","Mobile Iron"],"project":[{"projectName":"Movie App","technology":["Kotlin","SQL Lite","Gradle"]}]}
01:15:29.018 [pool-1-thread-1] INFO  com.intuit.karate - karate.env system property was: null 
01:15:29.020 [pool-1-thread-5] DEBUG com.intuit.karate - request:
2 > PUT http://localhost:9897/normal/webapi/update
2 > Accept: application/json
2 > Content-Type: application/json; charset=UTF-8
2 > Content-Length: 332
2 > Host: localhost:9897
2 > Connection: Keep-Alive
2 > User-Agent: Apache-HttpClient/4.5.13 (Java/11.0.13)
2 > Accept-Encoding: gzip,deflate
{"jobId":0,"jobTitle":"Software Engg-3","jobDescription":"To develop andriod application and web application","experience":["Google","Apple","Mobile Iron"],"project":[{"projectName":"Movie App","technology":["Kotlin","SQL Lite","Gradle","Jenkins"]},{"projectName":"Movie App","technology":["Kotlin","SQL Lite","Gradle","Jenkins"]}]}

01:15:29.027 [pool-1-thread-1] DEBUG com.intuit.karate - request:
1 > POST http://localhost:9897/normal/webapi/add
1 > Accept: application/json
1 > Content-Type: application/json; charset=UTF-8
1 > Content-Length: 221
1 > Host: localhost:9897
1 > Connection: Keep-Alive
1 > User-Agent: Apache-HttpClient/4.5.13 (Java/11.0.13)
1 > Accept-Encoding: gzip,deflate
{"jobId":42,"jobTitle":"Software Engg-2","jobDescription":"To develop andriod application","experience":["Google","Apple","Mobile Iron"],"project":[{"projectName":"Movie App","technology":["Kotlin","SQL Lite","Gradle"]}]}

01:15:29.033 [pool-1-thread-4] DEBUG com.intuit.karate - request:
1 > POST http://localhost:9897/normal/webapi/upload
1 > Content-Type: multipart/form-data; boundary=11f46fedb0fc859b
1 > Content-Length: 684
1 > Host: localhost:9897
1 > Connection: Keep-Alive
1 > User-Agent: Apache-HttpClient/4.5.13 (Java/11.0.13)
1 > Accept-Encoding: gzip,deflate

Mixed: content-disposition: form-data; name="file"; filename="jobEntry.json"
content-type: application/json; charset=UTF-8
content-length: 499
Completed: true
IsInMemory: true


01:15:29.035 [pool-1-thread-3] DEBUG com.intuit.karate - request:
1 > POST http://localhost:9897/normal/webapi/upload
1 > Content-Type: multipart/form-data; boundary=f32d3968cd7bae7e
1 > Content-Length: 220
1 > Host: localhost:9897
1 > Connection: Keep-Alive
1 > User-Agent: Apache-HttpClient/4.5.13 (Java/11.0.13)
1 > Accept-Encoding: gzip,deflate

Mixed: content-disposition: form-data; name="file"; filename="FileToUpload.txt"
content-type: text/plain; charset=UTF-8
content-length: 39
Completed: true
IsInMemory: true


01:15:29.118 [pool-1-thread-5] DEBUG com.intuit.karate - response time in milliseconds: 98
2 < 200
2 < X-Content-Type-Options: nosniff
2 < X-XSS-Protection: 1; mode=block
2 < Cache-Control: no-cache, no-store, max-age=0, must-revalidate
2 < Pragma: no-cache
2 < Expires: 0
2 < X-Frame-Options: DENY
2 < Content-Type: application/json
2 < Transfer-Encoding: chunked
2 < Date: Wed, 19 Jan 2022 19:45:29 GMT
2 < Keep-Alive: timeout=60
2 < Connection: keep-alive
{"jobId":0,"jobTitle":"Software Engg-3","jobDescription":"To develop andriod application and web application","experience":["Google","Apple","Mobile Iron"],"project":[{"projectName":"Movie App","technology":["Kotlin","SQL Lite","Gradle","Jenkins"]},{"projectName":"Movie App","technology":["Kotlin","SQL Lite","Gradle","Jenkins"]}]}
01:15:29.118 [pool-1-thread-5] INFO  com.intuit.karate - [print] {
  "jobId": 0,
  "jobTitle": "Software Engg-3",
  "jobDescription": "To develop andriod application and web application",
  "experience": [
    "Google",
    "Apple",
    "Mobile Iron"
  ],
  "project": [
    {
      "projectName": "Movie App",
      "technology": [
        "Kotlin",
        "SQL Lite",
        "Gradle",
        "Jenkins"
      ]
    },
    {
      "projectName": "Movie App",
      "technology": [
        "Kotlin",
        "SQL Lite",
        "Gradle",
        "Jenkins"
      ]
    }
  ]
}
 
01:15:29.123 [pool-1-thread-5] INFO  com.intuit.karate - karate.env system property was: null 
01:15:29.133 [pool-1-thread-5] DEBUG com.intuit.karate - request:
1 > POST http://localhost:9897/normal/webapi/add
1 > Accept: application/json
1 > Content-Type: application/json; charset=UTF-8
1 > Content-Length: 221
1 > Host: localhost:9897
1 > Connection: Keep-Alive
1 > User-Agent: Apache-HttpClient/4.5.13 (Java/11.0.13)
1 > Accept-Encoding: gzip,deflate
{"jobId":82,"jobTitle":"Software Engg-2","jobDescription":"To develop andriod application","experience":["Google","Apple","Mobile Iron"],"project":[{"projectName":"Movie App","technology":["Kotlin","SQL Lite","Gradle"]}]}

01:15:29.179 [pool-1-thread-1] DEBUG com.intuit.karate - response time in milliseconds: 151
1 < 201
1 < X-Content-Type-Options: nosniff
1 < X-XSS-Protection: 1; mode=block
1 < Cache-Control: no-cache, no-store, max-age=0, must-revalidate
1 < Pragma: no-cache
1 < Expires: 0
1 < X-Frame-Options: DENY
1 < Content-Type: application/json
1 < Transfer-Encoding: chunked
1 < Date: Wed, 19 Jan 2022 19:45:29 GMT
1 < Keep-Alive: timeout=60
1 < Connection: keep-alive
{"jobId":42,"jobTitle":"Software Engg-2","jobDescription":"To develop andriod application","experience":["Google","Apple","Mobile Iron"],"project":[{"projectName":"Movie App","technology":["Kotlin","SQL Lite","Gradle"]}]}
01:15:29.183 [pool-1-thread-1] DEBUG com.intuit.karate - request:
1 > PUT http://localhost:9897/normal/webapi/update
1 > Accept: application/json
1 > Content-Type: application/json; charset=UTF-8
1 > Content-Length: 334
1 > Host: localhost:9897
1 > Connection: Keep-Alive
1 > User-Agent: Apache-HttpClient/4.5.13 (Java/11.0.13)
1 > Accept-Encoding: gzip,deflate
{"jobId":130,"jobTitle":"Software Engg-3","jobDescription":"To develop andriod application and web application","experience":["Google","Apple","Mobile Iron"],"project":[{"projectName":"Movie App","technology":["Kotlin","SQL Lite","Gradle","Jenkins"]},{"projectName":"Movie App","technology":["Kotlin","SQL Lite","Gradle","Jenkins"]}]}

01:15:29.183 [pool-1-thread-2] INFO  com.intuit.karate - karate.env system property was: null 
01:15:29.195 [pool-1-thread-4] DEBUG com.intuit.karate - response time in milliseconds: 162
1 < 200
1 < X-Content-Type-Options: nosniff
1 < X-XSS-Protection: 1; mode=block
1 < Cache-Control: no-cache, no-store, max-age=0, must-revalidate
1 < Pragma: no-cache
1 < Expires: 0
1 < X-Frame-Options: DENY
1 < Content-Type: application/json
1 < Transfer-Encoding: chunked
1 < Date: Wed, 19 Jan 2022 19:45:29 GMT
1 < Keep-Alive: timeout=60
1 < Connection: keep-alive
{"message":"File jobEntry.json uploaded at C:\\Users\\002WFY~1\\AppData\\Local\\Temp\\\\"}
01:15:29.196 [pool-1-thread-4] INFO  com.intuit.karate - [print] {
  "message": "File jobEntry.json uploaded at C:\\Users\\002WFY~1\\AppData\\Local\\Temp\\\\"
}
 
01:15:29.197 [pool-1-thread-2] INFO  com.intuit.karate - [print] Helper ==> http://localhost:9897 
01:15:29.198 [pool-1-thread-2] INFO  com.intuit.karate - [print] Helper ==> /normal/webapi/add 
01:15:29.199 [pool-1-thread-2] INFO  com.intuit.karate - [print] Helper ==> 95 
01:15:29.199 [pool-1-thread-4] INFO  com.intuit.karate - karate.env system property was: null 
01:15:29.203 [pool-1-thread-4] DEBUG com.intuit.karate - request:
1 > POST http://localhost:9897/normal/webapi/add
1 > Accept: application/json
1 > Content-Type: application/json; charset=UTF-8
1 > Content-Length: 220
1 > Host: localhost:9897
1 > Connection: Keep-Alive
1 > User-Agent: Apache-HttpClient/4.5.13 (Java/11.0.13)
1 > Accept-Encoding: gzip,deflate
{"jobId":2,"jobTitle":"Software Engg-2","jobDescription":"To develop andriod application","experience":["Google","Apple","Mobile Iron"],"project":[{"projectName":"Movie App","technology":["Kotlin","SQL Lite","Gradle"]}]}

01:15:29.209 [pool-1-thread-5] DEBUG com.intuit.karate - response time in milliseconds: 75
1 < 201
1 < X-Content-Type-Options: nosniff
1 < X-XSS-Protection: 1; mode=block
1 < Cache-Control: no-cache, no-store, max-age=0, must-revalidate
1 < Pragma: no-cache
1 < Expires: 0
1 < X-Frame-Options: DENY
1 < Content-Type: application/json
1 < Transfer-Encoding: chunked
1 < Date: Wed, 19 Jan 2022 19:45:29 GMT
1 < Keep-Alive: timeout=60
1 < Connection: keep-alive
{"jobId":82,"jobTitle":"Software Engg-2","jobDescription":"To develop andriod application","experience":["Google","Apple","Mobile Iron"],"project":[{"projectName":"Movie App","technology":["Kotlin","SQL Lite","Gradle"]}]}
01:15:29.213 [pool-1-thread-5] INFO  com.intuit.karate - [print] Calling Feature ==> 82 
01:15:29.214 [pool-1-thread-5] INFO  com.intuit.karate - [print] Calling Feature ==> 88 
01:15:29.215 [pool-1-thread-2] DEBUG com.intuit.karate - request:
1 > POST http://localhost:9897/normal/webapi/add
1 > Accept: application/json
1 > Content-Type: application/json; charset=UTF-8
1 > Content-Length: 221
1 > Host: localhost:9897
1 > Connection: Keep-Alive
1 > User-Agent: Apache-HttpClient/4.5.13 (Java/11.0.13)
1 > Accept-Encoding: gzip,deflate
{"jobId":95,"jobTitle":"Software Engg-2","jobDescription":"To develop andriod application","experience":["Google","Apple","Mobile Iron"],"project":[{"projectName":"Movie App","technology":["Kotlin","SQL Lite","Gradle"]}]}

01:15:29.216 [pool-1-thread-5] DEBUG com.intuit.karate - request:
1 > PUT http://localhost:9897/normal/webapi/update
1 > Accept: application/json
1 > Content-Type: application/json; charset=UTF-8
1 > Content-Length: 333
1 > Host: localhost:9897
1 > Connection: Keep-Alive
1 > User-Agent: Apache-HttpClient/4.5.13 (Java/11.0.13)
1 > Accept-Encoding: gzip,deflate
{"jobId":82,"jobTitle":"Software Engg-3","jobDescription":"To develop andriod application and web application","experience":["Google","Apple","Mobile Iron"],"project":[{"projectName":"Movie App","technology":["Kotlin","SQL Lite","Gradle","Jenkins"]},{"projectName":"Movie App","technology":["Kotlin","SQL Lite","Gradle","Jenkins"]}]}

01:15:29.246 [pool-1-thread-1] DEBUG com.intuit.karate - response time in milliseconds: 63
1 < 200
1 < X-Content-Type-Options: nosniff
1 < X-XSS-Protection: 1; mode=block
1 < Cache-Control: no-cache, no-store, max-age=0, must-revalidate
1 < Pragma: no-cache
1 < Expires: 0
1 < X-Frame-Options: DENY
1 < Content-Type: application/json
1 < Transfer-Encoding: chunked
1 < Date: Wed, 19 Jan 2022 19:45:29 GMT
1 < Keep-Alive: timeout=60
1 < Connection: keep-alive
{"jobId":130,"jobTitle":"Software Engg-3","jobDescription":"To develop andriod application and web application","experience":["Google","Apple","Mobile Iron"],"project":[{"projectName":"Movie App","technology":["Kotlin","SQL Lite","Gradle","Jenkins"]},{"projectName":"Movie App","technology":["Kotlin","SQL Lite","Gradle","Jenkins"]}]}
01:15:29.247 [pool-1-thread-1] INFO  com.intuit.karate - [print] {
  "jobId": 130,
  "jobTitle": "Software Engg-3",
  "jobDescription": "To develop andriod application and web application",
  "experience": [
    "Google",
    "Apple",
    "Mobile Iron"
  ],
  "project": [
    {
      "projectName": "Movie App",
      "technology": [
        "Kotlin",
        "SQL Lite",
        "Gradle",
        "Jenkins"
      ]
    },
    {
      "projectName": "Movie App",
      "technology": [
        "Kotlin",
        "SQL Lite",
        "Gradle",
        "Jenkins"
      ]
    }
  ]
}
 
01:15:29.251 [pool-1-thread-1] INFO  com.intuit.karate - karate.env system property was: null 
01:15:29.263 [pool-1-thread-1] INFO  com.intuit.karate - [print] Helper ==> http://localhost:9897 
01:15:29.265 [pool-1-thread-1] INFO  com.intuit.karate - [print] Helper ==> /normal/webapi/add 
01:15:29.266 [pool-1-thread-1] INFO  com.intuit.karate - [print] Helper ==> 6 
01:15:29.269 [pool-1-thread-1] DEBUG com.intuit.karate - request:
1 > POST http://localhost:9897/normal/webapi/add
1 > Accept: application/json
1 > Content-Type: application/json; charset=UTF-8
1 > Content-Length: 220
1 > Host: localhost:9897
1 > Connection: Keep-Alive
1 > User-Agent: Apache-HttpClient/4.5.13 (Java/11.0.13)
1 > Accept-Encoding: gzip,deflate
{"jobId":6,"jobTitle":"Software Engg-2","jobDescription":"To develop andriod application","experience":["Google","Apple","Mobile Iron"],"project":[{"projectName":"Movie App","technology":["Kotlin","SQL Lite","Gradle"]}]}

01:15:29.281 [pool-1-thread-4] DEBUG com.intuit.karate - response time in milliseconds: 78
1 < 201
1 < X-Content-Type-Options: nosniff
1 < X-XSS-Protection: 1; mode=block
1 < Cache-Control: no-cache, no-store, max-age=0, must-revalidate
1 < Pragma: no-cache
1 < Expires: 0
1 < X-Frame-Options: DENY
1 < Content-Type: application/json
1 < Transfer-Encoding: chunked
1 < Date: Wed, 19 Jan 2022 19:45:29 GMT
1 < Keep-Alive: timeout=60
1 < Connection: keep-alive
{"jobId":2,"jobTitle":"Software Engg-2","jobDescription":"To develop andriod application","experience":["Google","Apple","Mobile Iron"],"project":[{"projectName":"Movie App","technology":["Kotlin","SQL Lite","Gradle"]}]}
01:15:29.284 [pool-1-thread-3] DEBUG com.intuit.karate - response time in milliseconds: 248
1 < 200
1 < X-Content-Type-Options: nosniff
1 < X-XSS-Protection: 1; mode=block
1 < Cache-Control: no-cache, no-store, max-age=0, must-revalidate
1 < Pragma: no-cache
1 < Expires: 0
1 < X-Frame-Options: DENY
1 < Content-Type: application/json
1 < Transfer-Encoding: chunked
1 < Date: Wed, 19 Jan 2022 19:45:29 GMT
1 < Keep-Alive: timeout=60
1 < Connection: keep-alive
{"message":"File FileToUpload.txt uploaded at C:\\Users\\002WFY~1\\AppData\\Local\\Temp\\\\"}
01:15:29.285 [pool-1-thread-4] INFO  com.intuit.karate - karate.env system property was: null 
01:15:29.286 [pool-1-thread-3] INFO  com.intuit.karate - [print] {
  "message": "File FileToUpload.txt uploaded at C:\\Users\\002WFY~1\\AppData\\Local\\Temp\\\\"
}
 
01:15:29.289 [pool-1-thread-2] DEBUG com.intuit.karate - response time in milliseconds: 74
1 < 201
1 < X-Content-Type-Options: nosniff
1 < X-XSS-Protection: 1; mode=block
1 < Cache-Control: no-cache, no-store, max-age=0, must-revalidate
1 < Pragma: no-cache
1 < Expires: 0
1 < X-Frame-Options: DENY
1 < Content-Type: application/json
1 < Transfer-Encoding: chunked
1 < Date: Wed, 19 Jan 2022 19:45:29 GMT
1 < Keep-Alive: timeout=60
1 < Connection: keep-alive
{"jobId":95,"jobTitle":"Software Engg-2","jobDescription":"To develop andriod application","experience":["Google","Apple","Mobile Iron"],"project":[{"projectName":"Movie App","technology":["Kotlin","SQL Lite","Gradle"]}]}
01:15:29.290 [pool-1-thread-5] DEBUG com.intuit.karate - response time in milliseconds: 74
1 < 200
1 < X-Content-Type-Options: nosniff
1 < X-XSS-Protection: 1; mode=block
1 < Cache-Control: no-cache, no-store, max-age=0, must-revalidate
1 < Pragma: no-cache
1 < Expires: 0
1 < X-Frame-Options: DENY
1 < Content-Type: application/json
1 < Transfer-Encoding: chunked
1 < Date: Wed, 19 Jan 2022 19:45:29 GMT
1 < Keep-Alive: timeout=60
1 < Connection: keep-alive
{"jobId":82,"jobTitle":"Software Engg-3","jobDescription":"To develop andriod application and web application","experience":["Google","Apple","Mobile Iron"],"project":[{"projectName":"Movie App","technology":["Kotlin","SQL Lite","Gradle","Jenkins"]},{"projectName":"Movie App","technology":["Kotlin","SQL Lite","Gradle","Jenkins"]}]}
01:15:29.292 [pool-1-thread-5] INFO  com.intuit.karate - [print] {
  "jobId": 82,
  "jobTitle": "Software Engg-3",
  "jobDescription": "To develop andriod application and web application",
  "experience": [
    "Google",
    "Apple",
    "Mobile Iron"
  ],
  "project": [
    {
      "projectName": "Movie App",
      "technology": [
        "Kotlin",
        "SQL Lite",
        "Gradle",
        "Jenkins"
      ]
    },
    {
      "projectName": "Movie App",
      "technology": [
        "Kotlin",
        "SQL Lite",
        "Gradle",
        "Jenkins"
      ]
    }
  ]
}
 
01:15:29.292 [pool-1-thread-3] INFO  com.intuit.karate - karate.env system property was: null 
01:15:29.296 [pool-1-thread-2] INFO  com.intuit.karate - karate.env system property was: null 
01:15:29.303 [pool-1-thread-2] INFO  com.intuit.karate - [print] Helper ==> http://localhost:9897 
01:15:29.303 [pool-1-thread-4] INFO  com.intuit.karate - [print] Helper ==> http://localhost:9897 
01:15:29.303 [pool-1-thread-2] INFO  com.intuit.karate - [print] Helper ==> /normal/webapi/add 
01:15:29.304 [pool-1-thread-2] INFO  com.intuit.karate - [print] Helper ==> 44 
01:15:29.304 [pool-1-thread-3] ERROR com.intuit.karate - classpath:com/api/automation/tags/queryParameter.feature:10
* def postRequest = call read("../../createJobEntrywithVariables.feature") {_url:'http://localhost:9897', _path:'/normal/webapi/add', _id: '#(createJobId)'}
js failed:
>>>>
01: read("../../createJobEntrywithVariables.feature")
<<<<
org.graalvm.polyglot.PolyglotException: java.io.FileNotFoundException: C:\Users\002WFY744\eclipse-workspace\karateframework\target\test-classes\com\api\automation\tags\..\..\createJobEntrywithVariables.feature (The system cannot find the file specified)
- com.intuit.karate.resource.FileResource.getStream(FileResource.java:98)
- com.intuit.karate.core.FeatureParser.parse(FeatureParser.java:70)
- com.intuit.karate.core.Feature.read(Feature.java:67)
- com.intuit.karate.core.ScenarioFileReader.readFile(ScenarioFileReader.java:64)
- com.intuit.karate.core.ScenarioEngine.lambda$new$0(ScenarioEngine.java:124)
- <js>.:program(Unnamed:1)

classpath:com/api/automation/tags/queryParameter.feature:10
01:15:29.304 [pool-1-thread-4] INFO  com.intuit.karate - [print] Helper ==> /normal/webapi/add 
01:15:29.305 [pool-1-thread-4] INFO  com.intuit.karate - [print] Helper ==> 85 
01:15:29.306 [pool-1-thread-2] DEBUG com.intuit.karate - request:
1 > POST http://localhost:9897/normal/webapi/add
1 > Accept: application/json
1 > Content-Type: application/json; charset=UTF-8
1 > Content-Length: 221
1 > Host: localhost:9897
1 > Connection: Keep-Alive
1 > User-Agent: Apache-HttpClient/4.5.13 (Java/11.0.13)
1 > Accept-Encoding: gzip,deflate
{"jobId":44,"jobTitle":"Software Engg-2","jobDescription":"To develop andriod application","experience":["Google","Apple","Mobile Iron"],"project":[{"projectName":"Movie App","technology":["Kotlin","SQL Lite","Gradle"]}]}

01:15:29.306 [pool-1-thread-1] DEBUG com.intuit.karate - response time in milliseconds: 36
1 < 201
1 < X-Content-Type-Options: nosniff
1 < X-XSS-Protection: 1; mode=block
1 < Cache-Control: no-cache, no-store, max-age=0, must-revalidate
1 < Pragma: no-cache
1 < Expires: 0
1 < X-Frame-Options: DENY
1 < Content-Type: application/json
1 < Transfer-Encoding: chunked
1 < Date: Wed, 19 Jan 2022 19:45:29 GMT
1 < Keep-Alive: timeout=60
1 < Connection: keep-alive
{"jobId":6,"jobTitle":"Software Engg-2","jobDescription":"To develop andriod application","experience":["Google","Apple","Mobile Iron"],"project":[{"projectName":"Movie App","technology":["Kotlin","SQL Lite","Gradle"]}]}
01:15:29.307 [pool-1-thread-4] DEBUG com.intuit.karate - request:
1 > POST http://localhost:9897/normal/webapi/add
1 > Accept: application/json
1 > Content-Type: application/json; charset=UTF-8
1 > Content-Length: 221
1 > Host: localhost:9897
1 > Connection: Keep-Alive
1 > User-Agent: Apache-HttpClient/4.5.13 (Java/11.0.13)
1 > Accept-Encoding: gzip,deflate
{"jobId":85,"jobTitle":"Software Engg-2","jobDescription":"To develop andriod application","experience":["Google","Apple","Mobile Iron"],"project":[{"projectName":"Movie App","technology":["Kotlin","SQL Lite","Gradle"]}]}

01:15:29.313 [pool-1-thread-1] DEBUG com.intuit.karate - request:
1 > DELETE http://localhost:9897/normal/webapi/remove/6
1 > Accept: application/json
1 > Host: localhost:9897
1 > Connection: Keep-Alive
1 > User-Agent: Apache-HttpClient/4.5.13 (Java/11.0.13)
1 > Accept-Encoding: gzip,deflate


01:15:29.320 [pool-1-thread-4] DEBUG com.intuit.karate - response time in milliseconds: 13
1 < 201
1 < X-Content-Type-Options: nosniff
1 < X-XSS-Protection: 1; mode=block
1 < Cache-Control: no-cache, no-store, max-age=0, must-revalidate
1 < Pragma: no-cache
1 < Expires: 0
1 < X-Frame-Options: DENY
1 < Content-Type: application/json
1 < Transfer-Encoding: chunked
1 < Date: Wed, 19 Jan 2022 19:45:29 GMT
1 < Keep-Alive: timeout=60
1 < Connection: keep-alive
{"jobId":85,"jobTitle":"Software Engg-2","jobDescription":"To develop andriod application","experience":["Google","Apple","Mobile Iron"],"project":[{"projectName":"Movie App","technology":["Kotlin","SQL Lite","Gradle"]}]}
01:15:29.331 [pool-1-thread-4] DEBUG com.intuit.karate - request:
1 > PATCH http://localhost:9897/normal/webapi/update/details?jobTitle=Software+Engg-2&jobDescription=To+develop+android+application+and+web+application&id=85
1 > Accept: application/json
1 > Content-Type: application/json; charset=UTF-8
1 > Content-Length: 2
1 > Host: localhost:9897
1 > Connection: Keep-Alive
1 > User-Agent: Apache-HttpClient/4.5.13 (Java/11.0.13)
1 > Accept-Encoding: gzip,deflate
{}

01:15:29.340 [pool-1-thread-2] DEBUG com.intuit.karate - response time in milliseconds: 34
1 < 201
1 < X-Content-Type-Options: nosniff
1 < X-XSS-Protection: 1; mode=block
1 < Cache-Control: no-cache, no-store, max-age=0, must-revalidate
1 < Pragma: no-cache
1 < Expires: 0
1 < X-Frame-Options: DENY
1 < Content-Type: application/json
1 < Transfer-Encoding: chunked
1 < Date: Wed, 19 Jan 2022 19:45:29 GMT
1 < Keep-Alive: timeout=60
1 < Connection: keep-alive
{"jobId":44,"jobTitle":"Software Engg-2","jobDescription":"To develop andriod application","experience":["Google","Apple","Mobile Iron"],"project":[{"projectName":"Movie App","technology":["Kotlin","SQL Lite","Gradle"]}]}
01:15:29.343 [pool-1-thread-1] DEBUG com.intuit.karate - response time in milliseconds: 29
1 < 200
1 < X-Content-Type-Options: nosniff
1 < X-XSS-Protection: 1; mode=block
1 < Cache-Control: no-cache, no-store, max-age=0, must-revalidate
1 < Pragma: no-cache
1 < Expires: 0
1 < X-Frame-Options: DENY
1 < Content-Type: application/json
1 < Transfer-Encoding: chunked
1 < Date: Wed, 19 Jan 2022 19:45:29 GMT
1 < Keep-Alive: timeout=60
1 < Connection: keep-alive
{"jobId":6,"jobTitle":"Software Engg-3","jobDescription":"To develop andriod application and web application","experience":["Google","Apple","Mobile Iron"],"project":[{"projectName":"Movie App","technology":["Kotlin","SQL Lite","Gradle","Jenkins"]},{"projectName":"Movie App","technology":["Kotlin","SQL Lite","Gradle","Jenkins"]}]}
01:15:29.347 [pool-1-thread-1] DEBUG com.intuit.karate - request:
2 > GET http://localhost:9897/normal/webapi/find?jobTitle=Software+Engg-2&id=6
2 > Accept: application/json
2 > Host: localhost:9897
2 > Connection: Keep-Alive
2 > User-Agent: Apache-HttpClient/4.5.13 (Java/11.0.13)
2 > Accept-Encoding: gzip,deflate


01:15:29.347 [pool-1-thread-4] DEBUG com.intuit.karate - response time in milliseconds: 16
1 < 200
1 < X-Content-Type-Options: nosniff
1 < X-XSS-Protection: 1; mode=block
1 < Cache-Control: no-cache, no-store, max-age=0, must-revalidate
1 < Pragma: no-cache
1 < Expires: 0
1 < X-Frame-Options: DENY
1 < Content-Type: application/json
1 < Transfer-Encoding: chunked
1 < Date: Wed, 19 Jan 2022 19:45:29 GMT
1 < Keep-Alive: timeout=60
1 < Connection: keep-alive
{"jobId":85,"jobTitle":"Software Engg-2","jobDescription":"To develop android application and web application","experience":["Google","Apple","Mobile Iron"],"project":[{"projectName":"Movie App","technology":["Kotlin","SQL Lite","Gradle"]}]}
01:15:29.348 [pool-1-thread-4] DEBUG c.intuit.karate.core.ScenarioEngine - over-writing existing variable 'jobId' with new value: response.jobId
01:15:29.348 [pool-1-thread-2] DEBUG com.intuit.karate - request:
1 > PATCH http://localhost:9897/normal/webapi/update/details?jobTitle=Software+Engg-2&jobDescription=To+develop+android+application+and+web+application&id=44
1 > Accept: application/json
1 > Host: localhost:9897
1 > Connection: Keep-Alive
1 > User-Agent: Apache-HttpClient/4.5.13 (Java/11.0.13)
1 > Accept-Encoding: gzip,deflate


01:15:29.348 [pool-1-thread-4] DEBUG c.intuit.karate.core.ScenarioEngine - over-writing existing variable 'jobTitle' with new value: response.jobTitle
01:15:29.351 [pool-1-thread-4] DEBUG com.intuit.karate - request:
2 > GET http://localhost:9897/normal/webapi/find?jobTitle=Software+Engg-2&id=85
2 > Accept: application/json
2 > Host: localhost:9897
2 > Connection: Keep-Alive
2 > User-Agent: Apache-HttpClient/4.5.13 (Java/11.0.13)
2 > Accept-Encoding: gzip,deflate


01:15:29.352 [pool-1-thread-1] DEBUG com.intuit.karate - response time in milliseconds: 5
2 < 404
2 < X-Content-Type-Options: nosniff
2 < X-XSS-Protection: 1; mode=block
2 < Cache-Control: no-cache, no-store, max-age=0, must-revalidate
2 < Pragma: no-cache
2 < Expires: 0
2 < X-Frame-Options: DENY
2 < Content-Type: application/json
2 < Transfer-Encoding: chunked
2 < Date: Wed, 19 Jan 2022 19:45:29 GMT
2 < Keep-Alive: timeout=60
2 < Connection: keep-alive
{"message":"Failed to find job with id=6, jobTitle=Software Engg-2"}
01:15:29.354 [pool-1-thread-2] DEBUG com.intuit.karate - response time in milliseconds: 6
1 < 200
1 < X-Content-Type-Options: nosniff
1 < X-XSS-Protection: 1; mode=block
1 < Cache-Control: no-cache, no-store, max-age=0, must-revalidate
1 < Pragma: no-cache
1 < Expires: 0
1 < X-Frame-Options: DENY
1 < Content-Type: application/json
1 < Transfer-Encoding: chunked
1 < Date: Wed, 19 Jan 2022 19:45:29 GMT
1 < Keep-Alive: timeout=60
1 < Connection: keep-alive
{"jobId":44,"jobTitle":"Software Engg-2","jobDescription":"To develop android application and web application","experience":["Google","Apple","Mobile Iron"],"project":[{"projectName":"Movie App","technology":["Kotlin","SQL Lite","Gradle"]}]}
01:15:29.359 [pool-1-thread-4] DEBUG com.intuit.karate - response time in milliseconds: 8
2 < 200
2 < X-Content-Type-Options: nosniff
2 < X-XSS-Protection: 1; mode=block
2 < Cache-Control: no-cache, no-store, max-age=0, must-revalidate
2 < Pragma: no-cache
2 < Expires: 0
2 < X-Frame-Options: DENY
2 < Content-Type: application/json
2 < Transfer-Encoding: chunked
2 < Date: Wed, 19 Jan 2022 19:45:29 GMT
2 < Keep-Alive: timeout=60
2 < Connection: keep-alive
{"jobId":85,"jobTitle":"Software Engg-2","jobDescription":"To develop android application and web application","experience":["Google","Apple","Mobile Iron"],"project":[{"projectName":"Movie App","technology":["Kotlin","SQL Lite","Gradle"]}]}
---------------------------------------------------------
feature: classpath:com/api/automation/createJobEntry.feature
scenarios:  1 | passed:  1 | failed:  0 | time: 0.5775
---------------------------------------------------------

01:15:29.687 [pool-2-thread-1] INFO  com.intuit.karate.Suite - <<pass>> feature 1 of 25 (24 remaining) classpath:com/api/automation/createJobEntry.feature
---------------------------------------------------------
feature: classpath:com/api/automation/createJobEntryWithVariables.feature
scenarios:  1 | passed:  0 | failed:  1 | time: 0.0323
---------------------------------------------------------

01:15:29.760 [pool-2-thread-1] INFO  com.intuit.karate.Suite - <<fail>> feature 2 of 25 (23 remaining) classpath:com/api/automation/createJobEntryWithVariables.feature
---------------------------------------------------------
feature: classpath:com/api/automation/deleterequest/deleteJobEntry.feature
scenarios:  2 | passed:  2 | failed:  0 | time: 1.6145
---------------------------------------------------------

01:15:29.970 [pool-2-thread-1] INFO  com.intuit.karate.Suite - <<pass>> feature 3 of 25 (22 remaining) classpath:com/api/automation/deleterequest/deleteJobEntry.feature
---------------------------------------------------------
feature: classpath:com/api/automation/getrequest/getRequest.feature
scenarios:  2 | passed:  2 | failed:  0 | time: 1.2270
---------------------------------------------------------

01:15:30.130 [pool-2-thread-1] INFO  com.intuit.karate.Suite - <<pass>> feature 4 of 25 (21 remaining) classpath:com/api/automation/getrequest/getRequest.feature
---------------------------------------------------------
feature: classpath:com/api/automation/getrequest/getRequest2.feature
scenarios:  2 | passed:  0 | failed:  2 | time: 0.0000
---------------------------------------------------------

01:15:30.224 [pool-2-thread-1] INFO  com.intuit.karate.Suite - <<fail>> feature 5 of 25 (20 remaining) classpath:com/api/automation/getrequest/getRequest2.feature
---------------------------------------------------------
feature: classpath:com/api/automation/getrequest/jsonPathExpression.feature
scenarios:  1 | passed:  1 | failed:  0 | time: 0.3205
---------------------------------------------------------

01:15:30.353 [pool-2-thread-1] INFO  com.intuit.karate.Suite - <<pass>> feature 6 of 25 (19 remaining) classpath:com/api/automation/getrequest/jsonPathExpression.feature
---------------------------------------------------------
feature: classpath:com/api/automation/getrequest/responseMatcher.feature
scenarios:  3 | passed:  2 | failed:  1 | time: 0.4853
---------------------------------------------------------

01:15:30.531 [pool-2-thread-1] INFO  com.intuit.karate.Suite - <<fail>> feature 7 of 25 (18 remaining) classpath:com/api/automation/getrequest/responseMatcher.feature
---------------------------------------------------------
feature: classpath:com/api/automation/getrequest/validateJSONArray.feature
scenarios:  2 | passed:  2 | failed:  0 | time: 0.2468
---------------------------------------------------------

01:15:30.809 [pool-2-thread-1] INFO  com.intuit.karate.Suite - <<pass>> feature 8 of 25 (17 remaining) classpath:com/api/automation/getrequest/validateJSONArray.feature
---------------------------------------------------------
feature: classpath:com/api/automation/getrequest/validateXMLResponse.feature
scenarios:  2 | passed:  0 | failed:  2 | time: 0.4396
---------------------------------------------------------

01:15:30.904 [pool-2-thread-1] INFO  com.intuit.karate.Suite - <<fail>> feature 9 of 25 (16 remaining) classpath:com/api/automation/getrequest/validateXMLResponse.feature
---------------------------------------------------------
feature: classpath:com/api/automation/getrequest/ValidationUsingFile.feature
scenarios:  1 | passed:  0 | failed:  1 | time: 0.1555
---------------------------------------------------------

01:15:30.974 [pool-2-thread-1] INFO  com.intuit.karate.Suite - <<fail>> feature 10 of 25 (15 remaining) classpath:com/api/automation/getrequest/ValidationUsingFile.feature
---------------------------------------------------------
feature: classpath:com/api/automation/getrequest/Variables.feature
scenarios:  2 | passed:  2 | failed:  0 | time: 0.0207
---------------------------------------------------------

01:15:31.023 [pool-2-thread-1] INFO  com.intuit.karate.Suite - <<pass>> feature 11 of 25 (14 remaining) classpath:com/api/automation/getrequest/Variables.feature
---------------------------------------------------------
feature: classpath:com/api/automation/getrequest/ignore/getRequest.feature
scenarios:  1 | passed:  1 | failed:  0 | time: 0.1684
---------------------------------------------------------

01:15:31.065 [pool-2-thread-1] INFO  com.intuit.karate.Suite - <<pass>> feature 12 of 25 (13 remaining) classpath:com/api/automation/getrequest/ignore/getRequest.feature
---------------------------------------------------------
feature: classpath:com/api/automation/getrequest/ignore/responseMatcher.feature
scenarios:  2 | passed:  1 | failed:  1 | time: 0.2883
---------------------------------------------------------

01:15:31.269 [pool-2-thread-1] INFO  com.intuit.karate.Suite - <<fail>> feature 13 of 25 (12 remaining) classpath:com/api/automation/getrequest/ignore/responseMatcher.feature
---------------------------------------------------------
feature: classpath:com/api/automation/getrequest/queryParameters/queryParameter.feature
scenarios:  1 | passed:  1 | failed:  0 | time: 0.1892
---------------------------------------------------------

01:15:31.388 [pool-2-thread-1] INFO  com.intuit.karate.Suite - <<pass>> feature 14 of 25 (11 remaining) classpath:com/api/automation/getrequest/queryParameters/queryParameter.feature
---------------------------------------------------------
feature: classpath:com/api/automation/patchrequest/updateJobDescription.feature
scenarios:  1 | passed:  1 | failed:  0 | time: 0.1561
---------------------------------------------------------

01:15:31.480 [pool-2-thread-1] INFO  com.intuit.karate.Suite - <<pass>> feature 15 of 25 (10 remaining) classpath:com/api/automation/patchrequest/updateJobDescription.feature
---------------------------------------------------------
feature: classpath:com/api/automation/postrequest/createJobEntry.feature
scenarios:  2 | passed:  2 | failed:  0 | time: 0.1051
---------------------------------------------------------

01:15:31.541 [pool-2-thread-1] INFO  com.intuit.karate.Suite - <<pass>> feature 16 of 25 (9 remaining) classpath:com/api/automation/postrequest/createJobEntry.feature
---------------------------------------------------------
feature: classpath:com/api/automation/postrequest/javaScriptExecutor.feature
scenarios:  1 | passed:  1 | failed:  0 | time: 0.0088
---------------------------------------------------------

01:15:31.584 [pool-2-thread-1] INFO  com.intuit.karate.Suite - <<pass>> feature 17 of 25 (8 remaining) classpath:com/api/automation/postrequest/javaScriptExecutor.feature
---------------------------------------------------------
feature: classpath:com/api/automation/postrequest/schemaValidation.feature
scenarios:  2 | passed:  2 | failed:  0 | time: 0.4570
---------------------------------------------------------

01:15:31.662 [pool-2-thread-1] INFO  com.intuit.karate.Suite - <<pass>> feature 18 of 25 (7 remaining) classpath:com/api/automation/postrequest/schemaValidation.feature
---------------------------------------------------------
feature: classpath:com/api/automation/postrequest/datadriven/postDataDriven.feature
scenarios:  6 | passed:  3 | failed:  3 | time: 0.3156
---------------------------------------------------------

01:15:31.723 [pool-2-thread-1] INFO  com.intuit.karate.Suite - <<fail>> feature 19 of 25 (6 remaining) classpath:com/api/automation/postrequest/datadriven/postDataDriven.feature
---------------------------------------------------------
feature: classpath:com/api/automation/postrequest/fileUpload/fileUpload.feature
scenarios:  2 | passed:  2 | failed:  0 | time: 0.7731
---------------------------------------------------------

01:15:31.759 [pool-2-thread-1] INFO  com.intuit.karate.Suite - <<pass>> feature 20 of 25 (5 remaining) classpath:com/api/automation/postrequest/fileUpload/fileUpload.feature
---------------------------------------------------------
feature: classpath:com/api/automation/putrequest/updateJobEntry.feature
scenarios:  6 | passed:  6 | failed:  0 | time: 0.7891
---------------------------------------------------------

01:15:31.880 [pool-2-thread-1] INFO  com.intuit.karate.Suite - <<pass>> feature 21 of 25 (4 remaining) classpath:com/api/automation/putrequest/updateJobEntry.feature
---------------------------------------------------------
feature: classpath:com/api/automation/tags/createJobEntry.feature
scenarios:  1 | passed:  1 | failed:  0 | time: 0.0811
---------------------------------------------------------

01:15:31.917 [pool-2-thread-1] INFO  com.intuit.karate.Suite - <<pass>> feature 22 of 25 (3 remaining) classpath:com/api/automation/tags/createJobEntry.feature
---------------------------------------------------------
feature: classpath:com/api/automation/tags/deleteJobEntry.feature
scenarios:  2 | passed:  2 | failed:  0 | time: 0.1728
---------------------------------------------------------

01:15:31.976 [pool-2-thread-1] INFO  com.intuit.karate.Suite - <<pass>> feature 23 of 25 (2 remaining) classpath:com/api/automation/tags/deleteJobEntry.feature
---------------------------------------------------------
feature: classpath:com/api/automation/tags/queryParameter.feature
scenarios:  1 | passed:  0 | failed:  1 | time: 0.0088
---------------------------------------------------------

01:15:32.006 [pool-2-thread-1] INFO  com.intuit.karate.Suite - <<fail>> feature 24 of 25 (1 remaining) classpath:com/api/automation/tags/queryParameter.feature
---------------------------------------------------------
feature: classpath:com/api/automation/tags/updateJobDescription.feature
scenarios:  1 | passed:  1 | failed:  0 | time: 0.0582
---------------------------------------------------------

01:15:32.048 [pool-2-thread-1] INFO  com.intuit.karate.Suite - <<pass>> feature 25 of 25 (0 remaining) classpath:com/api/automation/tags/updateJobDescription.feature
Karate version: 1.1.0
======================================================
elapsed:   6.43 | threads:    5 | thread time: 8.69 
features:    25 | skipped:    0 | efficiency: 0.27
scenarios:   48 | passed:    36 | failed: 12
======================================================
>>> failed features:
match failed: EQUALS
  $ | data types don't match (LIST:STRING)
  ["1","68","34","41","12","73","99999","38","96","48","6","88","9","8","7","13","53","8","8","9980","80","49","82","45","26","8","75","8","9980","84","31","87","93","53","51","19","93","32","71","23","31","10","8","38","8","9980","5","16","1","7","35","48","2","88","21","71","8","94","8","9980","89","35","77","50","33","78","3","18","4","8","9980","8","17","94","83","75","86","40","66","18","42","68","96","59","8","32","8","9980","6","57","19","29","90","60","92","90","25","0","53","37","41","40","0","76","49","9980","8","79","8","39","96","28","80","130","74","10","77","26"]
  '1'

classpath:com/api/automation/getrequest/validateXMLResponse.feature:16
js failed:
>>>>
01: response.List.item.experience.experience[0]
<<<<
org.graalvm.polyglot.PolyglotException: TypeError: Cannot read property "experience" from undefined
- <js>.:program(Unnamed:1)

classpath:com/api/automation/getrequest/validateXMLResponse.feature:31
match failed: EQUALS
  $ | not equal | actual array length is not equal to expected - 118:1 (LIST:LIST)
  [{"jobId":1,"jobTitle":"Software Engg","jobDescription":"To develop andriod application","experience":["Google","Apple","Mobile Iron"],"project":[{"projectName":"Movie App","technology":["Kotlin","SQL Lite","Gradle"]}]},{"jobId":68,"jobTitle":"Software Engg-2","jobDescription":"To develop android application and web application","experience":["Google","Apple","Mobile Iron"],"project":[{"projectName":"Movie App","technology":["Kotlin","SQL Lite","Gradle","Jenkins"]},{"projectName":"Movie App","technology":["Kotlin","SQL Lite","Gradle","Jenkins"]}]},{"jobId":34,"jobTitle":"Software Engg-3","jobDescription":"To develop andriod application and web application","experience":["Google","Apple","Mobile Iron"],"project":[{"projectName":"Movie App","technology":["Kotlin","SQL Lite","Gradle","Jenkins"]},{"projectName":"Movie App","technology":["Kotlin","SQL Lite","Gradle","Jenkins"]}]},{"jobId":41,"jobTitle":"Software Engg-2","jobDescription":"To develop android application and web application","experience":["Google","Apple","Mobile Iron"],"project":[{"projectName":"Movie App","technology":["Kotlin","SQL Lite","Gradle","Jenkins"]},{"projectName":"Movie App","technology":["Kotlin","SQL Lite","Gradle","Jenkins"]}]},{"jobId":12,"jobTitle":"Software Engg-2","jobDescription":"To develop andriod application","experience":["Google","Apple","Mobile Iron"],"project":[{"projectName":"Movie App","technology":["Kotlin","SQL Lite","Gradle"]}]},{"jobId":73,"jobTitle":"Software Engg-3","jobDescription":"To develop andriod application and web application","experience":["Google","Apple","Mobile Iron"],"project":[{"projectName":"Movie App","technology":["Kotlin","SQL Lite","Gradle","Jenkins"]},{"projectName":"Movie App","technology":["Kotlin","SQL Lite","Gradle","Jenkins"]}]},{"jobId":99999,"jobTitle":"Software Engg-2","jobDescription":"To develop andriod application","experience":["Google","Apple","Mobile Iron"],"project":[{"projectName":"Movie App","technology":["Kotlin","SQL Lite","Gradle"]}]},{"jobId":38,"jobTitle":"Software Engg-3","jobDescription":"To develop andriod application and web application","experience":["Google","Apple","Mobile Iron"],"project":[{"projectName":"Movie App","technology":["Kotlin","SQL Lite","Gradle","Jenkins"]},{"projectName":"Movie App","technology":["Kotlin","SQL Lite","Gradle","Jenkins"]}]},{"jobId":96,"jobTitle":"Software Engg-3","jobDescription":"To develop andriod application and web application","experience":["Google","Apple","Mobile Iron"],"project":[{"projectName":"Movie App","technology":["Kotlin","SQL Lite","Gradle","Jenkins"]},{"projectName":"Movie App","technology":["Kotlin","SQL Lite","Gradle","Jenkins"]}]},{"jobId":48,"jobTitle":"Software Engg-2","jobDescription":"To develop andriod application","experience":["Google","Apple","Mobile Iron"],"project":[{"projectName":"Movie App","technology":["Kotlin","SQL Lite","Gradle"]}]},{"jobId":6,"jobTitle":"Software Engg-3","jobDescription":"To develop andriod application and web application","experience":["Google","Apple","Mobile Iron"],"project":[{"projectName":"Movie App","technology":["Kotlin","SQL Lite","Gradle","Jenkins"]},{"projectName":"Movie App","technology":["Kotlin","SQL Lite","Gradle","Jenkins"]}]},{"jobId":88,"jobTitle":"Software Engg-2","jobDescription":"To develop android application and web application","experience":["Google","Apple","Mobile Iron"],"project":[{"projectName":"Movie App","technology":["Kotlin","SQL Lite","Gradle"]}]},{"jobId":9,"jobTitle":"Software Engg-3","jobDescription":"To develop andriod application and web application","experience":["Google","Apple","Mobile Iron"],"project":[{"projectName":"Movie App","technology":["Kotlin","SQL Lite","Gradle","Jenkins"]},{"projectName":"Movie App","technology":["Kotlin","SQL Lite","Gradle","Jenkins"]}]},{"jobId":8,"jobTitle":"Software Engg-2","jobDescription":"To develop andriod application","experience":["Google","Apple","Mobile Iron"],"project":[{"projectName":"Movie App","technology":["Kotlin","SQL Lite","Gradle"]}]},{"jobId":7,"jobTitle":"Software Engg-3","jobDescription":"To develop andriod application and web application","experience":["Google","Apple","Mobile Iron"],"project":[{"projectName":"Movie App","technology":["Kotlin","SQL Lite","Gradle","Jenkins"]},{"projectName":"Movie App","technology":["Kotlin","SQL Lite","Gradle","Jenkins"]}]},{"jobId":13,"jobTitle":"Software Engg-2","jobDescription":"To develop andriod application","experience":["Google","Apple","Mobile Iron"],"project":[{"projectName":"Movie App","technology":["Kotlin","SQL Lite","Gradle"]}]},{"jobId":53,"jobTitle":"Software Engg-2","jobDescription":"To develop android application and web application","experience":["Google","Apple","Mobile Iron"],"project":[{"projectName":"Movie App","technology":["Kotlin","SQL Lite","Gradle"]}]},{"jobId":8,"jobTitle":"Software Engg-2","jobDescription":"To develop andriod application","experience":["Google","Apple","Mobile Iron"],"project":[{"projectName":"Movie App","technology":["Kotlin","SQL Lite","Gradle"]}]},{"jobId":8,"jobTitle":"Software Engg-2","jobDescription":"To develop andriod application","experience":["Google","Apple","Mobile Iron"],"project":[{"projectName":"Movie App","technology":["Kotlin","SQL Lite","Gradle"]}]},{"jobId":9980,"jobTitle":"Software Engg-2","jobDescription":"To develop android application","experience":["Google","Apple","Mobile Iron"],"project":[{"projectName":"Movie App","technology":["Kotlin","SQL Lite","Gradle"]}]},{"jobId":80,"jobTitle":"Software Engg-2","jobDescription":"To develop andriod application","experience":["Google","Apple","Mobile Iron"],"project":[{"projectName":"Movie App","technology":["Kotlin","SQL Lite","Gradle"]}]},{"jobId":49,"jobTitle":"Software Engg-2","jobDescription":"To develop android application and web application","experience":["Google","Apple","Mobile Iron"],"project":[{"projectName":"Movie App","technology":["Kotlin","SQL Lite","Gradle","Jenkins"]},{"projectName":"Movie App","technology":["Kotlin","SQL Lite","Gradle","Jenkins"]}]},{"jobId":82,"jobTitle":"Software Engg-3","jobDescription":"To develop andriod application and web application","experience":["Google","Apple","Mobile Iron"],"project":[{"projectName":"Movie App","technology":["Kotlin","SQL Lite","Gradle","Jenkins"]},{"projectName":"Movie App","technology":["Kotlin","SQL Lite","Gradle","Jenkins"]}]},{"jobId":45,"jobTitle":"Software Engg-3","jobDescription":"To develop andriod application and web application","experience":["Google","Apple","Mobile Iron"],"project":[{"projectName":"Movie App","technology":["Kotlin","SQL Lite","Gradle","Jenkins"]},{"projectName":"Movie App","technology":["Kotlin","SQL Lite","Gradle","Jenkins"]}]},{"jobId":26,"jobTitle":"Software Engg-2","jobDescription":"To develop andriod application","experience":["Google","Apple","Mobile Iron"],"project":[{"projectName":"Movie App","technology":["Kotlin","SQL Lite","Gradle"]}]},{"jobId":8,"jobTitle":"Software Engg-2","jobDescription":"To develop andriod application","experience":["Google","Apple","Mobile Iron"],"project":[{"projectName":"Movie App","technology":["Kotlin","SQL Lite","Gradle"]}]},{"jobId":75,"jobTitle":"Software Engg-2","jobDescription":"To develop andriod application","experience":["Google","Apple","Mobile Iron"],"project":[{"projectName":"Movie App","technology":["Kotlin","SQL Lite","Gradle"]}]},{"jobId":8,"jobTitle":"Software Engg-2","jobDescription":"To develop andriod application","experience":["Google","Apple","Mobile Iron"],"project":[{"projectName":"Movie App","technology":["Kotlin","SQL Lite","Gradle"]}]},{"jobId":9980,"jobTitle":"Software Engg-2","jobDescription":"To develop android application","experience":["Google","Apple","Mobile Iron"],"project":[{"projectName":"Movie App","technology":["Kotlin","SQL Lite","Gradle"]}]},{"jobId":84,"jobTitle":"Software Engg-2","jobDescription":"To develop andriod application","experience":["Google","Apple","Mobile Iron"],"project":[{"projectName":"Movie App","technology":["Kotlin","SQL Lite","Gradle"]}]},{"jobId":31,"jobTitle":"Software Engg-3","jobDescription":"To develop andriod application and web application","experience":["Google","Apple","Mobile Iron"],"project":[{"projectName":"Movie App","technology":["Kotlin","SQL Lite","Gradle","Jenkins"]},{"projectName":"Movie App","technology":["Kotlin","SQL Lite","Gradle","Jenkins"]}]},{"jobId":87,"jobTitle":"Software Engg-2","jobDescription":"To develop andriod application","experience":["Google","Apple","Mobile Iron"],"project":[{"projectName":"Movie App","technology":["Kotlin","SQL Lite","Gradle"]}]},{"jobId":93,"jobTitle":"Software Engg-3","jobDescription":"To develop andriod application and web application","experience":["Google","Apple","Mobile Iron"],"project":[{"projectName":"Movie App","technology":["Kotlin","SQL Lite","Gradle","Jenkins"]},{"projectName":"Movie App","technology":["Kotlin","SQL Lite","Gradle","Jenkins"]}]},{"jobId":53,"jobTitle":"Software Engg-2","jobDescription":"To develop andriod application","experience":["Google","Apple","Mobile Iron"],"project":[{"projectName":"Movie App","technology":["Kotlin","SQL Lite","Gradle"]}]},{"jobId":51,"jobTitle":"Software Engg-2","jobDescription":"To develop andriod application","experience":["Google","Apple","Mobile Iron"],"project":[{"projectName":"Movie App","technology":["Kotlin","SQL Lite","Gradle"]}]},{"jobId":19,"jobTitle":"Software Engg-2","jobDescription":"To develop andriod application","experience":["Google","Apple","Mobile Iron"],"project":[{"projectName":"Movie App","technology":["Kotlin","SQL Lite","Gradle"]}]},{"jobId":93,"jobTitle":"Software Engg-2","jobDescription":"To develop andriod application","experience":["Google","Apple","Mobile Iron"],"project":[{"projectName":"Movie App","technology":["Kotlin","SQL Lite","Gradle"]}]},{"jobId":32,"jobTitle":"Software Engg-2","jobDescription":"To develop android application and web application","experience":["Google","Apple","Mobile Iron"],"project":[{"projectName":"Movie App","technology":["Kotlin","SQL Lite","Gradle"]}]},{"jobId":71,"jobTitle":"Software Engg-2","jobDescription":"To develop android application and web application","experience":["Google","Apple","Mobile Iron"],"project":[{"projectName":"Movie App","technology":["Kotlin","SQL Lite","Gradle"]}]},{"jobId":23,"jobTitle":"Software Engg-2","jobDescription":"To develop android application and web application","experience":["Google","Apple","Mobile Iron"],"project":[{"projectName":"Movie App","technology":["Kotlin","SQL Lite","Gradle"]}]},{"jobId":31,"jobTitle":"Software Engg-2","jobDescription":"To develop andriod application","experience":["Google","Apple","Mobile Iron"],"project":[{"projectName":"Movie App","technology":["Kotlin","SQL Lite","Gradle"]}]},{"jobId":10,"jobTitle":"Software Engg-2","jobDescription":"To develop andriod application","experience":["Google","Apple","Mobile Iron"],"project":[{"projectName":"Movie App","technology":["Kotlin","SQL Lite","Gradle"]}]},{"jobId":8,"jobTitle":"Software Engg-2","jobDescription":"To develop andriod application","experience":["Google","Apple","Mobile Iron"],"project":[{"projectName":"Movie App","technology":["Kotlin","SQL Lite","Gradle"]}]},{"jobId":38,"jobTitle":"Software Engg-2","jobDescription":"To develop andriod application","experience":["Google","Apple","Mobile Iron"],"project":[{"projectName":"Movie App","technology":["Kotlin","SQL Lite","Gradle"]}]},{"jobId":8,"jobTitle":"Software Engg-2","jobDescription":"To develop andriod application","experience":["Google","Apple","Mobile Iron"],"project":[{"projectName":"Movie App","technology":["Kotlin","SQL Lite","Gradle"]}]},{"jobId":9980,"jobTitle":"Software Engg-2","jobDescription":"To develop android application","experience":["Google","Apple","Mobile Iron"],"project":[{"projectName":"Movie App","technology":["Kotlin","SQL Lite","Gradle"]}]},{"jobId":5,"jobTitle":"Software Engg-3","jobDescription":"To develop andriod application and web application","experience":["Google","Apple","Mobile Iron"],"project":[{"projectName":"Movie App","technology":["Kotlin","SQL Lite","Gradle","Jenkins"]},{"projectName":"Movie App","technology":["Kotlin","SQL Lite","Gradle","Jenkins"]}]},{"jobId":16,"jobTitle":"Software Engg-3","jobDescription":"To develop andriod application and web application","experience":["Google","Apple","Mobile Iron"],"project":[{"projectName":"Movie App","technology":["Kotlin","SQL Lite","Gradle","Jenkins"]},{"projectName":"Movie App","technology":["Kotlin","SQL Lite","Gradle","Jenkins"]}]},{"jobId":1,"jobTitle":"Software Engg-2","jobDescription":"To develop andriod application","experience":["Google","Apple","Mobile Iron"],"project":[{"projectName":"Movie App","technology":["Kotlin","SQL Lite","Gradle"]}]},{"jobId":7,"jobTitle":"Software Engg-2","jobDescription":"To develop andriod application","experience":["Google","Apple","Mobile Iron"],"project":[{"projectName":"Movie App","technology":["Kotlin","SQL Lite","Gradle"]}]},{"jobId":35,"jobTitle":"Software Engg-2","jobDescription":"To develop android application and web application","experience":["Google","Apple","Mobile Iron"],"project":[{"projectName":"Movie App","technology":["Kotlin","SQL Lite","Gradle"]}]},{"jobId":48,"jobTitle":"Software Engg-2","jobDescription":"To develop andriod application","experience":["Google","Apple","Mobile Iron"],"project":[{"projectName":"Movie App","technology":["Kotlin","SQL Lite","Gradle"]}]},{"jobId":2,"jobTitle":"Software Engg-2","jobDescription":"To develop andriod application","experience":["Google","Apple","Mobile Iron"],"project":[{"projectName":"Movie App","technology":["Kotlin","SQL Lite","Gradle"]}]},{"jobId":88,"jobTitle":"Software Engg-2","jobDescription":"To develop andriod application","experience":["Google","Apple","Mobile Iron"],"project":[{"projectName":"Movie App","technology":["Kotlin","SQL Lite","Gradle"]}]},{"jobId":21,"jobTitle":"Software Engg-2","jobDescription":"To develop andriod application","experience":["Google","Apple","Mobile Iron"],"project":[{"projectName":"Movie App","technology":["Kotlin","SQL Lite","Gradle"]}]},{"jobId":71,"jobTitle":"Software Engg-2","jobDescription":"To develop andriod application","experience":["Google","Apple","Mobile Iron"],"project":[{"projectName":"Movie App","technology":["Kotlin","SQL Lite","Gradle"]}]},{"jobId":8,"jobTitle":"Software Engg-2","jobDescription":"To develop andriod application","experience":["Google","Apple","Mobile Iron"],"project":[{"projectName":"Movie App","technology":["Kotlin","SQL Lite","Gradle"]}]},{"jobId":94,"jobTitle":"Software Engg-2","jobDescription":"To develop andriod application","experience":["Google","Apple","Mobile Iron"],"project":[{"projectName":"Movie App","technology":["Kotlin","SQL Lite","Gradle"]}]},{"jobId":8,"jobTitle":"Software Engg-2","jobDescription":"To develop andriod application","experience":["Google","Apple","Mobile Iron"],"project":[{"projectName":"Movie App","technology":["Kotlin","SQL Lite","Gradle"]}]},{"jobId":9980,"jobTitle":"Software Engg-2","jobDescription":"To develop android application","experience":["Google","Apple","Mobile Iron"],"project":[{"projectName":"Movie App","technology":["Kotlin","SQL Lite","Gradle"]}]},{"jobId":89,"jobTitle":"Software Engg-3","jobDescription":"To develop andriod application and web application","experience":["Google","Apple","Mobile Iron"],"project":[{"projectName":"Movie App","technology":["Kotlin","SQL Lite","Gradle","Jenkins"]},{"projectName":"Movie App","technology":["Kotlin","SQL Lite","Gradle","Jenkins"]}]},{"jobId":35,"jobTitle":"Software Engg-2","jobDescription":"To develop andriod application","experience":["Google","Apple","Mobile Iron"],"project":[{"projectName":"Movie App","technology":["Kotlin","SQL Lite","Gradle"]}]},{"jobId":77,"jobTitle":"Software Engg-2","jobDescription":"To develop android application and web application","experience":["Google","Apple","Mobile Iron"],"project":[{"projectName":"Movie App","technology":["Kotlin","SQL Lite","Gradle"]}]},{"jobId":50,"jobTitle":"Software Engg-3","jobDescription":"To develop andriod application and web application","experience":["Google","Apple","Mobile Iron"],"project":[{"projectName":"Movie App","technology":["Kotlin","SQL Lite","Gradle","Jenkins"]},{"projectName":"Movie App","technology":["Kotlin","SQL Lite","Gradle","Jenkins"]}]},{"jobId":33,"jobTitle":"Software Engg-2","jobDescription":"To develop andriod application","experience":["Google","Apple","Mobile Iron"],"project":[{"projectName":"Movie App","technology":["Kotlin","SQL Lite","Gradle"]}]},{"jobId":78,"jobTitle":"Software Engg-2","jobDescription":"To develop android application and web application","experience":["Google","Apple","Mobile Iron"],"project":[{"projectName":"Movie App","technology":["Kotlin","SQL Lite","Gradle"]}]},{"jobId":3,"jobTitle":"Software Engg-2","jobDescription":"To develop android application and web application","experience":["Google","Apple","Mobile Iron"],"project":[{"projectName":"Movie App","technology":["Kotlin","SQL Lite","Gradle"]}]},{"jobId":18,"jobTitle":"Software Engg-2","jobDescription":"To develop android application and web application","experience":["Google","Apple","Mobile Iron"],"project":[{"projectName":"Movie App","technology":["Kotlin","SQL Lite","Gradle"]}]},{"jobId":4,"jobTitle":"Software Engg-2","jobDescription":"To develop android application and web application","experience":["Google","Apple","Mobile Iron"],"project":[{"projectName":"Movie App","technology":["Kotlin","SQL Lite","Gradle"]}]},{"jobId":8,"jobTitle":"Software Engg-2","jobDescription":"To develop andriod application","experience":["Google","Apple","Mobile Iron"],"project":[{"projectName":"Movie App","technology":["Kotlin","SQL Lite","Gradle"]}]},{"jobId":9980,"jobTitle":"Software Engg-2","jobDescription":"To develop android application","experience":["Google","Apple","Mobile Iron"],"project":[{"projectName":"Movie App","technology":["Kotlin","SQL Lite","Gradle"]}]},{"jobId":8,"jobTitle":"Software Engg-2","jobDescription":"To develop andriod application","experience":["Google","Apple","Mobile Iron"],"project":[{"projectName":"Movie App","technology":["Kotlin","SQL Lite","Gradle"]}]},{"jobId":17,"jobTitle":"Software Engg-3","jobDescription":"To develop andriod application and web application","experience":["Google","Apple","Mobile Iron"],"project":[{"projectName":"Movie App","technology":["Kotlin","SQL Lite","Gradle","Jenkins"]},{"projectName":"Movie App","technology":["Kotlin","SQL Lite","Gradle","Jenkins"]}]},{"jobId":94,"jobTitle":"Software Engg-2","jobDescription":"To develop andriod application","experience":["Google","Apple","Mobile Iron"],"project":[{"projectName":"Movie App","technology":["Kotlin","SQL Lite","Gradle"]}]},{"jobId":83,"jobTitle":"Software Engg-3","jobDescription":"To develop andriod application and web application","experience":["Google","Apple","Mobile Iron"],"project":[{"projectName":"Movie App","technology":["Kotlin","SQL Lite","Gradle","Jenkins"]},{"projectName":"Movie App","technology":["Kotlin","SQL Lite","Gradle","Jenkins"]}]},{"jobId":75,"jobTitle":"Software Engg-2","jobDescription":"To develop andriod application","experience":["Google","Apple","Mobile Iron"],"project":[{"projectName":"Movie App","technology":["Kotlin","SQL Lite","Gradle"]}]},{"jobId":86,"jobTitle":"Software Engg-3","jobDescription":"To develop andriod application and web application","experience":["Google","Apple","Mobile Iron"],"project":[{"projectName":"Movie App","technology":["Kotlin","SQL Lite","Gradle","Jenkins"]},{"projectName":"Movie App","technology":["Kotlin","SQL Lite","Gradle","Jenkins"]}]},{"jobId":40,"jobTitle":"Software Engg-2","jobDescription":"To develop android application and web application","experience":["Google","Apple","Mobile Iron"],"project":[{"projectName":"Movie App","technology":["Kotlin","SQL Lite","Gradle"]}]},{"jobId":66,"jobTitle":"Software Engg-2","jobDescription":"To develop android application and web application","experience":["Google","Apple","Mobile Iron"],"project":[{"projectName":"Movie App","technology":["Kotlin","SQL Lite","Gradle"]}]},{"jobId":18,"jobTitle":"Software Engg-2","jobDescription":"To develop andriod application","experience":["Google","Apple","Mobile Iron"],"project":[{"projectName":"Movie App","technology":["Kotlin","SQL Lite","Gradle"]}]},{"jobId":42,"jobTitle":"Software Engg-2","jobDescription":"To develop andriod application","experience":["Google","Apple","Mobile Iron"],"project":[{"projectName":"Movie App","technology":["Kotlin","SQL Lite","Gradle"]}]},{"jobId":68,"jobTitle":"Software Engg-2","jobDescription":"To develop andriod application","experience":["Google","Apple","Mobile Iron"],"project":[{"projectName":"Movie App","technology":["Kotlin","SQL Lite","Gradle"]}]},{"jobId":96,"jobTitle":"Software Engg-2","jobDescription":"To develop andriod application","experience":["Google","Apple","Mobile Iron"],"project":[{"projectName":"Movie App","technology":["Kotlin","SQL Lite","Gradle"]}]},{"jobId":59,"jobTitle":"Software Engg-2","jobDescription":"To develop android application and web application","experience":["Google","Apple","Mobile Iron"],"project":[{"projectName":"Movie App","technology":["Kotlin","SQL Lite","Gradle"]}]},{"jobId":8,"jobTitle":"Software Engg-2","jobDescription":"To develop andriod application","experience":["Google","Apple","Mobile Iron"],"project":[{"projectName":"Movie App","technology":["Kotlin","SQL Lite","Gradle"]}]},{"jobId":32,"jobTitle":"Software Engg-2","jobDescription":"To develop andriod application","experience":["Google","Apple","Mobile Iron"],"project":[{"projectName":"Movie App","technology":["Kotlin","SQL Lite","Gradle"]}]},{"jobId":8,"jobTitle":"Software Engg-2","jobDescription":"To develop andriod application","experience":["Google","Apple","Mobile Iron"],"project":[{"projectName":"Movie App","technology":["Kotlin","SQL Lite","Gradle"]}]},{"jobId":9980,"jobTitle":"Software Engg-2","jobDescription":"To develop android application","experience":["Google","Apple","Mobile Iron"],"project":[{"projectName":"Movie App","technology":["Kotlin","SQL Lite","Gradle"]}]},{"jobId":6,"jobTitle":"Software Engg-2","jobDescription":"To develop andriod application","experience":["Google","Apple","Mobile Iron"],"project":[{"projectName":"Movie App","technology":["Kotlin","SQL Lite","Gradle"]}]},{"jobId":57,"jobTitle":"Software Engg-3","jobDescription":"To develop andriod application and web application","experience":["Google","Apple","Mobile Iron"],"project":[{"projectName":"Movie App","technology":["Kotlin","SQL Lite","Gradle","Jenkins"]},{"projectName":"Movie App","technology":["Kotlin","SQL Lite","Gradle","Jenkins"]}]},{"jobId":19,"jobTitle":"Software Engg-2","jobDescription":"To develop andriod application","experience":["Google","Apple","Mobile Iron"],"project":[{"projectName":"Movie App","technology":["Kotlin","SQL Lite","Gradle"]}]},{"jobId":29,"jobTitle":"Software Engg-3","jobDescription":"To develop andriod application and web application","experience":["Google","Apple","Mobile Iron"],"project":[{"projectName":"Movie App","technology":["Kotlin","SQL Lite","Gradle","Jenkins"]},{"projectName":"Movie App","technology":["Kotlin","SQL Lite","Gradle","Jenkins"]}]},{"jobId":90,"jobTitle":"Software Engg-2","jobDescription":"To develop android application and web application","experience":["Google","Apple","Mobile Iron"],"project":[{"projectName":"Movie App","technology":["Kotlin","SQL Lite","Gradle"]}]},{"jobId":60,"jobTitle":"Software Engg-3","jobDescription":"To develop andriod application and web application","experience":["Google","Apple","Mobile Iron"],"project":[{"projectName":"Movie App","technology":["Kotlin","SQL Lite","Gradle","Jenkins"]},{"projectName":"Movie App","technology":["Kotlin","SQL Lite","Gradle","Jenkins"]}]},{"jobId":92,"jobTitle":"Software Engg-2","jobDescription":"To develop android application and web application","experience":["Google","Apple","Mobile Iron"],"project":[{"projectName":"Movie App","technology":["Kotlin","SQL Lite","Gradle"]}]},{"jobId":90,"jobTitle":"Software Engg-2","jobDescription":"To develop andriod application","experience":["Google","Apple","Mobile Iron"],"project":[{"projectName":"Movie App","technology":["Kotlin","SQL Lite","Gradle"]}]},{"jobId":25,"jobTitle":"Software Engg-2","jobDescription":"To develop andriod application","experience":["Google","Apple","Mobile Iron"],"project":[{"projectName":"Movie App","technology":["Kotlin","SQL Lite","Gradle"]}]},{"jobId":0,"jobTitle":"Software Engg-2","jobDescription":"To develop android application and web application","experience":["Google","Apple","Mobile Iron"],"project":[{"projectName":"Movie App","technology":["Kotlin","SQL Lite","Gradle"]}]},{"jobId":53,"jobTitle":"Software Engg-2","jobDescription":"To develop andriod application","experience":["Google","Apple","Mobile Iron"],"project":[{"projectName":"Movie App","technology":["Kotlin","SQL Lite","Gradle"]}]},{"jobId":37,"jobTitle":"Software Engg-2","jobDescription":"To develop android application and web application","experience":["Google","Apple","Mobile Iron"],"project":[{"projectName":"Movie App","technology":["Kotlin","SQL Lite","Gradle"]}]},{"jobId":41,"jobTitle":"Software Engg-2","jobDescription":"To develop andriod application","experience":["Google","Apple","Mobile Iron"],"project":[{"projectName":"Movie App","technology":["Kotlin","SQL Lite","Gradle"]}]},{"jobId":40,"jobTitle":"Software Engg-2","jobDescription":"To develop andriod application","experience":["Google","Apple","Mobile Iron"],"project":[{"projectName":"Movie App","technology":["Kotlin","SQL Lite","Gradle"]}]},{"jobId":0,"jobTitle":"Software Engg-2","jobDescription":"To develop andriod application","experience":["Google","Apple","Mobile Iron"],"project":[{"projectName":"Movie App","technology":["Kotlin","SQL Lite","Gradle"]}]},{"jobId":76,"jobTitle":"Software Engg-2","jobDescription":"To develop andriod application","experience":["Google","Apple","Mobile Iron"],"project":[{"projectName":"Movie App","technology":["Kotlin","SQL Lite","Gradle"]}]},{"jobId":49,"jobTitle":"Software Engg-2","jobDescription":"To develop andriod application","experience":["Google","Apple","Mobile Iron"],"project":[{"projectName":"Movie App","technology":["Kotlin","SQL Lite","Gradle"]}]},{"jobId":9980,"jobTitle":"Software Engg-2","jobDescription":"To develop android application","experience":["Google","Apple","Mobile Iron"],"project":[{"projectName":"Movie App","technology":["Kotlin","SQL Lite","Gradle"]}]},{"jobId":8,"jobTitle":"Software Engg-2","jobDescription":"To develop andriod application","experience":["Google","Apple","Mobile Iron"],"project":[{"projectName":"Movie App","technology":["Kotlin","SQL Lite","Gradle"]}]},{"jobId":79,"jobTitle":"Software Engg-2","jobDescription":"To develop andriod application","experience":["Google","Apple","Mobile Iron"],"project":[{"projectName":"Movie App","technology":["Kotlin","SQL Lite","Gradle"]}]},{"jobId":8,"jobTitle":"Software Engg-2","jobDescription":"To develop andriod application","experience":["Google","Apple","Mobile Iron"],"project":[{"projectName":"Movie App","technology":["Kotlin","SQL Lite","Gradle"]}]},{"jobId":39,"jobTitle":"Software Engg-3","jobDescription":"To develop andriod application and web application","experience":["Google","Apple","Mobile Iron"],"project":[{"projectName":"Movie App","technology":["Kotlin","SQL Lite","Gradle","Jenkins"]},{"projectName":"Movie App","technology":["Kotlin","SQL Lite","Gradle","Jenkins"]}]},{"jobId":96,"jobTitle":"Software Engg-2","jobDescription":"To develop andriod application","experience":["Google","Apple","Mobile Iron"],"project":[{"projectName":"Movie App","technology":["Kotlin","SQL Lite","Gradle"]}]},{"jobId":28,"jobTitle":"Software Engg-3","jobDescription":"To develop andriod application and web application","experience":["Google","Apple","Mobile Iron"],"project":[{"projectName":"Movie App","technology":["Kotlin","SQL Lite","Gradle","Jenkins"]},{"projectName":"Movie App","technology":["Kotlin","SQL Lite","Gradle","Jenkins"]}]},{"jobId":80,"jobTitle":"Software Engg-2","jobDescription":"To develop andriod application","experience":["Google","Apple","Mobile Iron"],"project":[{"projectName":"Movie App","technology":["Kotlin","SQL Lite","Gradle"]}]},{"jobId":130,"jobTitle":"Software Engg-3","jobDescription":"To develop andriod application and web application","experience":["Google","Apple","Mobile Iron"],"project":[{"projectName":"Movie App","technology":["Kotlin","SQL Lite","Gradle","Jenkins"]},{"projectName":"Movie App","technology":["Kotlin","SQL Lite","Gradle","Jenkins"]}]},{"jobId":74,"jobTitle":"Software Engg-3","jobDescription":"To develop andriod application and web application","experience":["Google","Apple","Mobile Iron"],"project":[{"projectName":"Movie App","technology":["Kotlin","SQL Lite","Gradle","Jenkins"]},{"projectName":"Movie App","technology":["Kotlin","SQL Lite","Gradle","Jenkins"]}]},{"jobId":10,"jobTitle":"Software Engg-2","jobDescription":"To develop andriod application","experience":["Google","Apple","Mobile Iron"],"project":[{"projectName":"Movie App","technology":["Kotlin","SQL Lite","Gradle"]}]},{"jobId":77,"jobTitle":"Software Engg-2","jobDescription":"To develop andriod application","experience":["Google","Apple","Mobile Iron"],"project":[{"projectName":"Movie App","technology":["Kotlin","SQL Lite","Gradle"]}]},{"jobId":26,"jobTitle":"Software Engg-2","jobDescription":"To develop andriod application","experience":["Google","Apple","Mobile Iron"],"project":[{"projectName":"Movie App","technology":["Kotlin","SQL Lite","Gradle"]}]}]
  [{"jobId":1,"jobTitle":"Software Engg","jobDescription":"To develop andriod application","experience":["Google","Apple","Mobile Iron"],"project":[{"projectName":"Movie App","technology":["Kotlin","SQL Lite","Gradle"]}]}]


classpath:com/api/automation/getrequest/ignore/responseMatcher.feature:17
no step-definition method match found for: status <status>
classpath:com/api/automation/postrequest/datadriven/postDataDriven.feature:28
no step-definition method match found for: status <status>
classpath:com/api/automation/postrequest/datadriven/postDataDriven.feature:28
no step-definition method match found for: status <status>
classpath:com/api/automation/postrequest/datadriven/postDataDriven.feature:28
js failed:
>>>>
01: _url
<<<<
org.graalvm.polyglot.PolyglotException: ReferenceError: "_url" is not defined
- <js>.:program(Unnamed:1)

classpath:com/api/automation/createJobEntryWithVariables.feature:5
match failed: EQUALS
  $ | not equal | actual array length is not equal to expected - 118:1 (LIST:LIST)
  [{"jobId":1,"jobTitle":"Software Engg","jobDescription":"To develop andriod application","experience":["Google","Apple","Mobile Iron"],"project":[{"projectName":"Movie App","technology":["Kotlin","SQL Lite","Gradle"]}]},{"jobId":68,"jobTitle":"Software Engg-2","jobDescription":"To develop android application and web application","experience":["Google","Apple","Mobile Iron"],"project":[{"projectName":"Movie App","technology":["Kotlin","SQL Lite","Gradle","Jenkins"]},{"projectName":"Movie App","technology":["Kotlin","SQL Lite","Gradle","Jenkins"]}]},{"jobId":34,"jobTitle":"Software Engg-3","jobDescription":"To develop andriod application and web application","experience":["Google","Apple","Mobile Iron"],"project":[{"projectName":"Movie App","technology":["Kotlin","SQL Lite","Gradle","Jenkins"]},{"projectName":"Movie App","technology":["Kotlin","SQL Lite","Gradle","Jenkins"]}]},{"jobId":41,"jobTitle":"Software Engg-2","jobDescription":"To develop android application and web application","experience":["Google","Apple","Mobile Iron"],"project":[{"projectName":"Movie App","technology":["Kotlin","SQL Lite","Gradle","Jenkins"]},{"projectName":"Movie App","technology":["Kotlin","SQL Lite","Gradle","Jenkins"]}]},{"jobId":12,"jobTitle":"Software Engg-2","jobDescription":"To develop andriod application","experience":["Google","Apple","Mobile Iron"],"project":[{"projectName":"Movie App","technology":["Kotlin","SQL Lite","Gradle"]}]},{"jobId":73,"jobTitle":"Software Engg-3","jobDescription":"To develop andriod application and web application","experience":["Google","Apple","Mobile Iron"],"project":[{"projectName":"Movie App","technology":["Kotlin","SQL Lite","Gradle","Jenkins"]},{"projectName":"Movie App","technology":["Kotlin","SQL Lite","Gradle","Jenkins"]}]},{"jobId":99999,"jobTitle":"Software Engg-2","jobDescription":"To develop andriod application","experience":["Google","Apple","Mobile Iron"],"project":[{"projectName":"Movie App","technology":["Kotlin","SQL Lite","Gradle"]}]},{"jobId":38,"jobTitle":"Software Engg-3","jobDescription":"To develop andriod application and web application","experience":["Google","Apple","Mobile Iron"],"project":[{"projectName":"Movie App","technology":["Kotlin","SQL Lite","Gradle","Jenkins"]},{"projectName":"Movie App","technology":["Kotlin","SQL Lite","Gradle","Jenkins"]}]},{"jobId":96,"jobTitle":"Software Engg-3","jobDescription":"To develop andriod application and web application","experience":["Google","Apple","Mobile Iron"],"project":[{"projectName":"Movie App","technology":["Kotlin","SQL Lite","Gradle","Jenkins"]},{"projectName":"Movie App","technology":["Kotlin","SQL Lite","Gradle","Jenkins"]}]},{"jobId":48,"jobTitle":"Software Engg-2","jobDescription":"To develop andriod application","experience":["Google","Apple","Mobile Iron"],"project":[{"projectName":"Movie App","technology":["Kotlin","SQL Lite","Gradle"]}]},{"jobId":6,"jobTitle":"Software Engg-3","jobDescription":"To develop andriod application and web application","experience":["Google","Apple","Mobile Iron"],"project":[{"projectName":"Movie App","technology":["Kotlin","SQL Lite","Gradle","Jenkins"]},{"projectName":"Movie App","technology":["Kotlin","SQL Lite","Gradle","Jenkins"]}]},{"jobId":88,"jobTitle":"Software Engg-2","jobDescription":"To develop android application and web application","experience":["Google","Apple","Mobile Iron"],"project":[{"projectName":"Movie App","technology":["Kotlin","SQL Lite","Gradle"]}]},{"jobId":9,"jobTitle":"Software Engg-3","jobDescription":"To develop andriod application and web application","experience":["Google","Apple","Mobile Iron"],"project":[{"projectName":"Movie App","technology":["Kotlin","SQL Lite","Gradle","Jenkins"]},{"projectName":"Movie App","technology":["Kotlin","SQL Lite","Gradle","Jenkins"]}]},{"jobId":8,"jobTitle":"Software Engg-2","jobDescription":"To develop andriod application","experience":["Google","Apple","Mobile Iron"],"project":[{"projectName":"Movie App","technology":["Kotlin","SQL Lite","Gradle"]}]},{"jobId":7,"jobTitle":"Software Engg-3","jobDescription":"To develop andriod application and web application","experience":["Google","Apple","Mobile Iron"],"project":[{"projectName":"Movie App","technology":["Kotlin","SQL Lite","Gradle","Jenkins"]},{"projectName":"Movie App","technology":["Kotlin","SQL Lite","Gradle","Jenkins"]}]},{"jobId":13,"jobTitle":"Software Engg-2","jobDescription":"To develop andriod application","experience":["Google","Apple","Mobile Iron"],"project":[{"projectName":"Movie App","technology":["Kotlin","SQL Lite","Gradle"]}]},{"jobId":53,"jobTitle":"Software Engg-2","jobDescription":"To develop android application and web application","experience":["Google","Apple","Mobile Iron"],"project":[{"projectName":"Movie App","technology":["Kotlin","SQL Lite","Gradle"]}]},{"jobId":8,"jobTitle":"Software Engg-2","jobDescription":"To develop andriod application","experience":["Google","Apple","Mobile Iron"],"project":[{"projectName":"Movie App","technology":["Kotlin","SQL Lite","Gradle"]}]},{"jobId":8,"jobTitle":"Software Engg-2","jobDescription":"To develop andriod application","experience":["Google","Apple","Mobile Iron"],"project":[{"projectName":"Movie App","technology":["Kotlin","SQL Lite","Gradle"]}]},{"jobId":9980,"jobTitle":"Software Engg-2","jobDescription":"To develop android application","experience":["Google","Apple","Mobile Iron"],"project":[{"projectName":"Movie App","technology":["Kotlin","SQL Lite","Gradle"]}]},{"jobId":80,"jobTitle":"Software Engg-2","jobDescription":"To develop andriod application","experience":["Google","Apple","Mobile Iron"],"project":[{"projectName":"Movie App","technology":["Kotlin","SQL Lite","Gradle"]}]},{"jobId":49,"jobTitle":"Software Engg-2","jobDescription":"To develop android application and web application","experience":["Google","Apple","Mobile Iron"],"project":[{"projectName":"Movie App","technology":["Kotlin","SQL Lite","Gradle","Jenkins"]},{"projectName":"Movie App","technology":["Kotlin","SQL Lite","Gradle","Jenkins"]}]},{"jobId":82,"jobTitle":"Software Engg-3","jobDescription":"To develop andriod application and web application","experience":["Google","Apple","Mobile Iron"],"project":[{"projectName":"Movie App","technology":["Kotlin","SQL Lite","Gradle","Jenkins"]},{"projectName":"Movie App","technology":["Kotlin","SQL Lite","Gradle","Jenkins"]}]},{"jobId":45,"jobTitle":"Software Engg-3","jobDescription":"To develop andriod application and web application","experience":["Google","Apple","Mobile Iron"],"project":[{"projectName":"Movie App","technology":["Kotlin","SQL Lite","Gradle","Jenkins"]},{"projectName":"Movie App","technology":["Kotlin","SQL Lite","Gradle","Jenkins"]}]},{"jobId":26,"jobTitle":"Software Engg-2","jobDescription":"To develop andriod application","experience":["Google","Apple","Mobile Iron"],"project":[{"projectName":"Movie App","technology":["Kotlin","SQL Lite","Gradle"]}]},{"jobId":8,"jobTitle":"Software Engg-2","jobDescription":"To develop andriod application","experience":["Google","Apple","Mobile Iron"],"project":[{"projectName":"Movie App","technology":["Kotlin","SQL Lite","Gradle"]}]},{"jobId":75,"jobTitle":"Software Engg-2","jobDescription":"To develop andriod application","experience":["Google","Apple","Mobile Iron"],"project":[{"projectName":"Movie App","technology":["Kotlin","SQL Lite","Gradle"]}]},{"jobId":8,"jobTitle":"Software Engg-2","jobDescription":"To develop andriod application","experience":["Google","Apple","Mobile Iron"],"project":[{"projectName":"Movie App","technology":["Kotlin","SQL Lite","Gradle"]}]},{"jobId":9980,"jobTitle":"Software Engg-2","jobDescription":"To develop android application","experience":["Google","Apple","Mobile Iron"],"project":[{"projectName":"Movie App","technology":["Kotlin","SQL Lite","Gradle"]}]},{"jobId":84,"jobTitle":"Software Engg-2","jobDescription":"To develop andriod application","experience":["Google","Apple","Mobile Iron"],"project":[{"projectName":"Movie App","technology":["Kotlin","SQL Lite","Gradle"]}]},{"jobId":31,"jobTitle":"Software Engg-3","jobDescription":"To develop andriod application and web application","experience":["Google","Apple","Mobile Iron"],"project":[{"projectName":"Movie App","technology":["Kotlin","SQL Lite","Gradle","Jenkins"]},{"projectName":"Movie App","technology":["Kotlin","SQL Lite","Gradle","Jenkins"]}]},{"jobId":87,"jobTitle":"Software Engg-2","jobDescription":"To develop andriod application","experience":["Google","Apple","Mobile Iron"],"project":[{"projectName":"Movie App","technology":["Kotlin","SQL Lite","Gradle"]}]},{"jobId":93,"jobTitle":"Software Engg-3","jobDescription":"To develop andriod application and web application","experience":["Google","Apple","Mobile Iron"],"project":[{"projectName":"Movie App","technology":["Kotlin","SQL Lite","Gradle","Jenkins"]},{"projectName":"Movie App","technology":["Kotlin","SQL Lite","Gradle","Jenkins"]}]},{"jobId":53,"jobTitle":"Software Engg-2","jobDescription":"To develop andriod application","experience":["Google","Apple","Mobile Iron"],"project":[{"projectName":"Movie App","technology":["Kotlin","SQL Lite","Gradle"]}]},{"jobId":51,"jobTitle":"Software Engg-2","jobDescription":"To develop andriod application","experience":["Google","Apple","Mobile Iron"],"project":[{"projectName":"Movie App","technology":["Kotlin","SQL Lite","Gradle"]}]},{"jobId":19,"jobTitle":"Software Engg-2","jobDescription":"To develop andriod application","experience":["Google","Apple","Mobile Iron"],"project":[{"projectName":"Movie App","technology":["Kotlin","SQL Lite","Gradle"]}]},{"jobId":93,"jobTitle":"Software Engg-2","jobDescription":"To develop andriod application","experience":["Google","Apple","Mobile Iron"],"project":[{"projectName":"Movie App","technology":["Kotlin","SQL Lite","Gradle"]}]},{"jobId":32,"jobTitle":"Software Engg-2","jobDescription":"To develop android application and web application","experience":["Google","Apple","Mobile Iron"],"project":[{"projectName":"Movie App","technology":["Kotlin","SQL Lite","Gradle"]}]},{"jobId":71,"jobTitle":"Software Engg-2","jobDescription":"To develop android application and web application","experience":["Google","Apple","Mobile Iron"],"project":[{"projectName":"Movie App","technology":["Kotlin","SQL Lite","Gradle"]}]},{"jobId":23,"jobTitle":"Software Engg-2","jobDescription":"To develop android application and web application","experience":["Google","Apple","Mobile Iron"],"project":[{"projectName":"Movie App","technology":["Kotlin","SQL Lite","Gradle"]}]},{"jobId":31,"jobTitle":"Software Engg-2","jobDescription":"To develop andriod application","experience":["Google","Apple","Mobile Iron"],"project":[{"projectName":"Movie App","technology":["Kotlin","SQL Lite","Gradle"]}]},{"jobId":10,"jobTitle":"Software Engg-2","jobDescription":"To develop andriod application","experience":["Google","Apple","Mobile Iron"],"project":[{"projectName":"Movie App","technology":["Kotlin","SQL Lite","Gradle"]}]},{"jobId":8,"jobTitle":"Software Engg-2","jobDescription":"To develop andriod application","experience":["Google","Apple","Mobile Iron"],"project":[{"projectName":"Movie App","technology":["Kotlin","SQL Lite","Gradle"]}]},{"jobId":38,"jobTitle":"Software Engg-2","jobDescription":"To develop andriod application","experience":["Google","Apple","Mobile Iron"],"project":[{"projectName":"Movie App","technology":["Kotlin","SQL Lite","Gradle"]}]},{"jobId":8,"jobTitle":"Software Engg-2","jobDescription":"To develop andriod application","experience":["Google","Apple","Mobile Iron"],"project":[{"projectName":"Movie App","technology":["Kotlin","SQL Lite","Gradle"]}]},{"jobId":9980,"jobTitle":"Software Engg-2","jobDescription":"To develop android application","experience":["Google","Apple","Mobile Iron"],"project":[{"projectName":"Movie App","technology":["Kotlin","SQL Lite","Gradle"]}]},{"jobId":5,"jobTitle":"Software Engg-3","jobDescription":"To develop andriod application and web application","experience":["Google","Apple","Mobile Iron"],"project":[{"projectName":"Movie App","technology":["Kotlin","SQL Lite","Gradle","Jenkins"]},{"projectName":"Movie App","technology":["Kotlin","SQL Lite","Gradle","Jenkins"]}]},{"jobId":16,"jobTitle":"Software Engg-3","jobDescription":"To develop andriod application and web application","experience":["Google","Apple","Mobile Iron"],"project":[{"projectName":"Movie App","technology":["Kotlin","SQL Lite","Gradle","Jenkins"]},{"projectName":"Movie App","technology":["Kotlin","SQL Lite","Gradle","Jenkins"]}]},{"jobId":1,"jobTitle":"Software Engg-2","jobDescription":"To develop andriod application","experience":["Google","Apple","Mobile Iron"],"project":[{"projectName":"Movie App","technology":["Kotlin","SQL Lite","Gradle"]}]},{"jobId":7,"jobTitle":"Software Engg-2","jobDescription":"To develop andriod application","experience":["Google","Apple","Mobile Iron"],"project":[{"projectName":"Movie App","technology":["Kotlin","SQL Lite","Gradle"]}]},{"jobId":35,"jobTitle":"Software Engg-2","jobDescription":"To develop android application and web application","experience":["Google","Apple","Mobile Iron"],"project":[{"projectName":"Movie App","technology":["Kotlin","SQL Lite","Gradle"]}]},{"jobId":48,"jobTitle":"Software Engg-2","jobDescription":"To develop andriod application","experience":["Google","Apple","Mobile Iron"],"project":[{"projectName":"Movie App","technology":["Kotlin","SQL Lite","Gradle"]}]},{"jobId":2,"jobTitle":"Software Engg-2","jobDescription":"To develop andriod application","experience":["Google","Apple","Mobile Iron"],"project":[{"projectName":"Movie App","technology":["Kotlin","SQL Lite","Gradle"]}]},{"jobId":88,"jobTitle":"Software Engg-2","jobDescription":"To develop andriod application","experience":["Google","Apple","Mobile Iron"],"project":[{"projectName":"Movie App","technology":["Kotlin","SQL Lite","Gradle"]}]},{"jobId":21,"jobTitle":"Software Engg-2","jobDescription":"To develop andriod application","experience":["Google","Apple","Mobile Iron"],"project":[{"projectName":"Movie App","technology":["Kotlin","SQL Lite","Gradle"]}]},{"jobId":71,"jobTitle":"Software Engg-2","jobDescription":"To develop andriod application","experience":["Google","Apple","Mobile Iron"],"project":[{"projectName":"Movie App","technology":["Kotlin","SQL Lite","Gradle"]}]},{"jobId":8,"jobTitle":"Software Engg-2","jobDescription":"To develop andriod application","experience":["Google","Apple","Mobile Iron"],"project":[{"projectName":"Movie App","technology":["Kotlin","SQL Lite","Gradle"]}]},{"jobId":94,"jobTitle":"Software Engg-2","jobDescription":"To develop andriod application","experience":["Google","Apple","Mobile Iron"],"project":[{"projectName":"Movie App","technology":["Kotlin","SQL Lite","Gradle"]}]},{"jobId":8,"jobTitle":"Software Engg-2","jobDescription":"To develop andriod application","experience":["Google","Apple","Mobile Iron"],"project":[{"projectName":"Movie App","technology":["Kotlin","SQL Lite","Gradle"]}]},{"jobId":9980,"jobTitle":"Software Engg-2","jobDescription":"To develop android application","experience":["Google","Apple","Mobile Iron"],"project":[{"projectName":"Movie App","technology":["Kotlin","SQL Lite","Gradle"]}]},{"jobId":89,"jobTitle":"Software Engg-3","jobDescription":"To develop andriod application and web application","experience":["Google","Apple","Mobile Iron"],"project":[{"projectName":"Movie App","technology":["Kotlin","SQL Lite","Gradle","Jenkins"]},{"projectName":"Movie App","technology":["Kotlin","SQL Lite","Gradle","Jenkins"]}]},{"jobId":35,"jobTitle":"Software Engg-2","jobDescription":"To develop andriod application","experience":["Google","Apple","Mobile Iron"],"project":[{"projectName":"Movie App","technology":["Kotlin","SQL Lite","Gradle"]}]},{"jobId":77,"jobTitle":"Software Engg-2","jobDescription":"To develop android application and web application","experience":["Google","Apple","Mobile Iron"],"project":[{"projectName":"Movie App","technology":["Kotlin","SQL Lite","Gradle"]}]},{"jobId":50,"jobTitle":"Software Engg-3","jobDescription":"To develop andriod application and web application","experience":["Google","Apple","Mobile Iron"],"project":[{"projectName":"Movie App","technology":["Kotlin","SQL Lite","Gradle","Jenkins"]},{"projectName":"Movie App","technology":["Kotlin","SQL Lite","Gradle","Jenkins"]}]},{"jobId":33,"jobTitle":"Software Engg-2","jobDescription":"To develop andriod application","experience":["Google","Apple","Mobile Iron"],"project":[{"projectName":"Movie App","technology":["Kotlin","SQL Lite","Gradle"]}]},{"jobId":78,"jobTitle":"Software Engg-2","jobDescription":"To develop android application and web application","experience":["Google","Apple","Mobile Iron"],"project":[{"projectName":"Movie App","technology":["Kotlin","SQL Lite","Gradle"]}]},{"jobId":3,"jobTitle":"Software Engg-2","jobDescription":"To develop android application and web application","experience":["Google","Apple","Mobile Iron"],"project":[{"projectName":"Movie App","technology":["Kotlin","SQL Lite","Gradle"]}]},{"jobId":18,"jobTitle":"Software Engg-2","jobDescription":"To develop android application and web application","experience":["Google","Apple","Mobile Iron"],"project":[{"projectName":"Movie App","technology":["Kotlin","SQL Lite","Gradle"]}]},{"jobId":4,"jobTitle":"Software Engg-2","jobDescription":"To develop android application and web application","experience":["Google","Apple","Mobile Iron"],"project":[{"projectName":"Movie App","technology":["Kotlin","SQL Lite","Gradle"]}]},{"jobId":8,"jobTitle":"Software Engg-2","jobDescription":"To develop andriod application","experience":["Google","Apple","Mobile Iron"],"project":[{"projectName":"Movie App","technology":["Kotlin","SQL Lite","Gradle"]}]},{"jobId":9980,"jobTitle":"Software Engg-2","jobDescription":"To develop android application","experience":["Google","Apple","Mobile Iron"],"project":[{"projectName":"Movie App","technology":["Kotlin","SQL Lite","Gradle"]}]},{"jobId":8,"jobTitle":"Software Engg-2","jobDescription":"To develop andriod application","experience":["Google","Apple","Mobile Iron"],"project":[{"projectName":"Movie App","technology":["Kotlin","SQL Lite","Gradle"]}]},{"jobId":17,"jobTitle":"Software Engg-3","jobDescription":"To develop andriod application and web application","experience":["Google","Apple","Mobile Iron"],"project":[{"projectName":"Movie App","technology":["Kotlin","SQL Lite","Gradle","Jenkins"]},{"projectName":"Movie App","technology":["Kotlin","SQL Lite","Gradle","Jenkins"]}]},{"jobId":94,"jobTitle":"Software Engg-2","jobDescription":"To develop andriod application","experience":["Google","Apple","Mobile Iron"],"project":[{"projectName":"Movie App","technology":["Kotlin","SQL Lite","Gradle"]}]},{"jobId":83,"jobTitle":"Software Engg-3","jobDescription":"To develop andriod application and web application","experience":["Google","Apple","Mobile Iron"],"project":[{"projectName":"Movie App","technology":["Kotlin","SQL Lite","Gradle","Jenkins"]},{"projectName":"Movie App","technology":["Kotlin","SQL Lite","Gradle","Jenkins"]}]},{"jobId":75,"jobTitle":"Software Engg-2","jobDescription":"To develop andriod application","experience":["Google","Apple","Mobile Iron"],"project":[{"projectName":"Movie App","technology":["Kotlin","SQL Lite","Gradle"]}]},{"jobId":86,"jobTitle":"Software Engg-3","jobDescription":"To develop andriod application and web application","experience":["Google","Apple","Mobile Iron"],"project":[{"projectName":"Movie App","technology":["Kotlin","SQL Lite","Gradle","Jenkins"]},{"projectName":"Movie App","technology":["Kotlin","SQL Lite","Gradle","Jenkins"]}]},{"jobId":40,"jobTitle":"Software Engg-2","jobDescription":"To develop android application and web application","experience":["Google","Apple","Mobile Iron"],"project":[{"projectName":"Movie App","technology":["Kotlin","SQL Lite","Gradle"]}]},{"jobId":66,"jobTitle":"Software Engg-2","jobDescription":"To develop android application and web application","experience":["Google","Apple","Mobile Iron"],"project":[{"projectName":"Movie App","technology":["Kotlin","SQL Lite","Gradle"]}]},{"jobId":18,"jobTitle":"Software Engg-2","jobDescription":"To develop andriod application","experience":["Google","Apple","Mobile Iron"],"project":[{"projectName":"Movie App","technology":["Kotlin","SQL Lite","Gradle"]}]},{"jobId":42,"jobTitle":"Software Engg-2","jobDescription":"To develop andriod application","experience":["Google","Apple","Mobile Iron"],"project":[{"projectName":"Movie App","technology":["Kotlin","SQL Lite","Gradle"]}]},{"jobId":68,"jobTitle":"Software Engg-2","jobDescription":"To develop andriod application","experience":["Google","Apple","Mobile Iron"],"project":[{"projectName":"Movie App","technology":["Kotlin","SQL Lite","Gradle"]}]},{"jobId":96,"jobTitle":"Software Engg-2","jobDescription":"To develop andriod application","experience":["Google","Apple","Mobile Iron"],"project":[{"projectName":"Movie App","technology":["Kotlin","SQL Lite","Gradle"]}]},{"jobId":59,"jobTitle":"Software Engg-2","jobDescription":"To develop android application and web application","experience":["Google","Apple","Mobile Iron"],"project":[{"projectName":"Movie App","technology":["Kotlin","SQL Lite","Gradle"]}]},{"jobId":8,"jobTitle":"Software Engg-2","jobDescription":"To develop andriod application","experience":["Google","Apple","Mobile Iron"],"project":[{"projectName":"Movie App","technology":["Kotlin","SQL Lite","Gradle"]}]},{"jobId":32,"jobTitle":"Software Engg-2","jobDescription":"To develop andriod application","experience":["Google","Apple","Mobile Iron"],"project":[{"projectName":"Movie App","technology":["Kotlin","SQL Lite","Gradle"]}]},{"jobId":8,"jobTitle":"Software Engg-2","jobDescription":"To develop andriod application","experience":["Google","Apple","Mobile Iron"],"project":[{"projectName":"Movie App","technology":["Kotlin","SQL Lite","Gradle"]}]},{"jobId":9980,"jobTitle":"Software Engg-2","jobDescription":"To develop android application","experience":["Google","Apple","Mobile Iron"],"project":[{"projectName":"Movie App","technology":["Kotlin","SQL Lite","Gradle"]}]},{"jobId":6,"jobTitle":"Software Engg-2","jobDescription":"To develop andriod application","experience":["Google","Apple","Mobile Iron"],"project":[{"projectName":"Movie App","technology":["Kotlin","SQL Lite","Gradle"]}]},{"jobId":57,"jobTitle":"Software Engg-3","jobDescription":"To develop andriod application and web application","experience":["Google","Apple","Mobile Iron"],"project":[{"projectName":"Movie App","technology":["Kotlin","SQL Lite","Gradle","Jenkins"]},{"projectName":"Movie App","technology":["Kotlin","SQL Lite","Gradle","Jenkins"]}]},{"jobId":19,"jobTitle":"Software Engg-2","jobDescription":"To develop andriod application","experience":["Google","Apple","Mobile Iron"],"project":[{"projectName":"Movie App","technology":["Kotlin","SQL Lite","Gradle"]}]},{"jobId":29,"jobTitle":"Software Engg-3","jobDescription":"To develop andriod application and web application","experience":["Google","Apple","Mobile Iron"],"project":[{"projectName":"Movie App","technology":["Kotlin","SQL Lite","Gradle","Jenkins"]},{"projectName":"Movie App","technology":["Kotlin","SQL Lite","Gradle","Jenkins"]}]},{"jobId":90,"jobTitle":"Software Engg-2","jobDescription":"To develop android application and web application","experience":["Google","Apple","Mobile Iron"],"project":[{"projectName":"Movie App","technology":["Kotlin","SQL Lite","Gradle"]}]},{"jobId":60,"jobTitle":"Software Engg-3","jobDescription":"To develop andriod application and web application","experience":["Google","Apple","Mobile Iron"],"project":[{"projectName":"Movie App","technology":["Kotlin","SQL Lite","Gradle","Jenkins"]},{"projectName":"Movie App","technology":["Kotlin","SQL Lite","Gradle","Jenkins"]}]},{"jobId":92,"jobTitle":"Software Engg-2","jobDescription":"To develop android application and web application","experience":["Google","Apple","Mobile Iron"],"project":[{"projectName":"Movie App","technology":["Kotlin","SQL Lite","Gradle"]}]},{"jobId":90,"jobTitle":"Software Engg-2","jobDescription":"To develop andriod application","experience":["Google","Apple","Mobile Iron"],"project":[{"projectName":"Movie App","technology":["Kotlin","SQL Lite","Gradle"]}]},{"jobId":25,"jobTitle":"Software Engg-2","jobDescription":"To develop andriod application","experience":["Google","Apple","Mobile Iron"],"project":[{"projectName":"Movie App","technology":["Kotlin","SQL Lite","Gradle"]}]},{"jobId":0,"jobTitle":"Software Engg-2","jobDescription":"To develop android application and web application","experience":["Google","Apple","Mobile Iron"],"project":[{"projectName":"Movie App","technology":["Kotlin","SQL Lite","Gradle"]}]},{"jobId":53,"jobTitle":"Software Engg-2","jobDescription":"To develop andriod application","experience":["Google","Apple","Mobile Iron"],"project":[{"projectName":"Movie App","technology":["Kotlin","SQL Lite","Gradle"]}]},{"jobId":37,"jobTitle":"Software Engg-2","jobDescription":"To develop android application and web application","experience":["Google","Apple","Mobile Iron"],"project":[{"projectName":"Movie App","technology":["Kotlin","SQL Lite","Gradle"]}]},{"jobId":41,"jobTitle":"Software Engg-2","jobDescription":"To develop andriod application","experience":["Google","Apple","Mobile Iron"],"project":[{"projectName":"Movie App","technology":["Kotlin","SQL Lite","Gradle"]}]},{"jobId":40,"jobTitle":"Software Engg-2","jobDescription":"To develop andriod application","experience":["Google","Apple","Mobile Iron"],"project":[{"projectName":"Movie App","technology":["Kotlin","SQL Lite","Gradle"]}]},{"jobId":0,"jobTitle":"Software Engg-2","jobDescription":"To develop andriod application","experience":["Google","Apple","Mobile Iron"],"project":[{"projectName":"Movie App","technology":["Kotlin","SQL Lite","Gradle"]}]},{"jobId":76,"jobTitle":"Software Engg-2","jobDescription":"To develop andriod application","experience":["Google","Apple","Mobile Iron"],"project":[{"projectName":"Movie App","technology":["Kotlin","SQL Lite","Gradle"]}]},{"jobId":49,"jobTitle":"Software Engg-2","jobDescription":"To develop andriod application","experience":["Google","Apple","Mobile Iron"],"project":[{"projectName":"Movie App","technology":["Kotlin","SQL Lite","Gradle"]}]},{"jobId":9980,"jobTitle":"Software Engg-2","jobDescription":"To develop android application","experience":["Google","Apple","Mobile Iron"],"project":[{"projectName":"Movie App","technology":["Kotlin","SQL Lite","Gradle"]}]},{"jobId":8,"jobTitle":"Software Engg-2","jobDescription":"To develop andriod application","experience":["Google","Apple","Mobile Iron"],"project":[{"projectName":"Movie App","technology":["Kotlin","SQL Lite","Gradle"]}]},{"jobId":79,"jobTitle":"Software Engg-2","jobDescription":"To develop andriod application","experience":["Google","Apple","Mobile Iron"],"project":[{"projectName":"Movie App","technology":["Kotlin","SQL Lite","Gradle"]}]},{"jobId":8,"jobTitle":"Software Engg-2","jobDescription":"To develop andriod application","experience":["Google","Apple","Mobile Iron"],"project":[{"projectName":"Movie App","technology":["Kotlin","SQL Lite","Gradle"]}]},{"jobId":39,"jobTitle":"Software Engg-3","jobDescription":"To develop andriod application and web application","experience":["Google","Apple","Mobile Iron"],"project":[{"projectName":"Movie App","technology":["Kotlin","SQL Lite","Gradle","Jenkins"]},{"projectName":"Movie App","technology":["Kotlin","SQL Lite","Gradle","Jenkins"]}]},{"jobId":96,"jobTitle":"Software Engg-2","jobDescription":"To develop andriod application","experience":["Google","Apple","Mobile Iron"],"project":[{"projectName":"Movie App","technology":["Kotlin","SQL Lite","Gradle"]}]},{"jobId":28,"jobTitle":"Software Engg-3","jobDescription":"To develop andriod application and web application","experience":["Google","Apple","Mobile Iron"],"project":[{"projectName":"Movie App","technology":["Kotlin","SQL Lite","Gradle","Jenkins"]},{"projectName":"Movie App","technology":["Kotlin","SQL Lite","Gradle","Jenkins"]}]},{"jobId":80,"jobTitle":"Software Engg-2","jobDescription":"To develop andriod application","experience":["Google","Apple","Mobile Iron"],"project":[{"projectName":"Movie App","technology":["Kotlin","SQL Lite","Gradle"]}]},{"jobId":130,"jobTitle":"Software Engg-3","jobDescription":"To develop andriod application and web application","experience":["Google","Apple","Mobile Iron"],"project":[{"projectName":"Movie App","technology":["Kotlin","SQL Lite","Gradle","Jenkins"]},{"projectName":"Movie App","technology":["Kotlin","SQL Lite","Gradle","Jenkins"]}]},{"jobId":74,"jobTitle":"Software Engg-3","jobDescription":"To develop andriod application and web application","experience":["Google","Apple","Mobile Iron"],"project":[{"projectName":"Movie App","technology":["Kotlin","SQL Lite","Gradle","Jenkins"]},{"projectName":"Movie App","technology":["Kotlin","SQL Lite","Gradle","Jenkins"]}]},{"jobId":10,"jobTitle":"Software Engg-2","jobDescription":"To develop andriod application","experience":["Google","Apple","Mobile Iron"],"project":[{"projectName":"Movie App","technology":["Kotlin","SQL Lite","Gradle"]}]},{"jobId":77,"jobTitle":"Software Engg-2","jobDescription":"To develop andriod application","experience":["Google","Apple","Mobile Iron"],"project":[{"projectName":"Movie App","technology":["Kotlin","SQL Lite","Gradle"]}]},{"jobId":26,"jobTitle":"Software Engg-2","jobDescription":"To develop andriod application","experience":["Google","Apple","Mobile Iron"],"project":[{"projectName":"Movie App","technology":["Kotlin","SQL Lite","Gradle"]}]}]
  [{"jobId":1,"jobTitle":"Software Engg","jobDescription":"To develop andriod application","experience":["Google","Apple","Mobile Iron"],"project":[{"projectName":"Movie App","technology":["Kotlin","SQL Lite","Gradle"]}]}]


classpath:com/api/automation/getrequest/ValidationUsingFile.feature:18
js failed:
>>>>
01: read("../../createJobEntrywithVariables.feature")
<<<<
org.graalvm.polyglot.PolyglotException: java.io.FileNotFoundException: C:\Users\002WFY744\eclipse-workspace\karateframework\target\test-classes\com\api\automation\tags\..\..\createJobEntrywithVariables.feature (The system cannot find the file specified)
- com.intuit.karate.resource.FileResource.getStream(FileResource.java:98)
- com.intuit.karate.core.FeatureParser.parse(FeatureParser.java:70)
- com.intuit.karate.core.Feature.read(Feature.java:67)
- com.intuit.karate.core.ScenarioFileReader.readFile(ScenarioFileReader.java:64)
- com.intuit.karate.core.ScenarioEngine.lambda$new$0(ScenarioEngine.java:124)
- <js>.:program(Unnamed:1)

classpath:com/api/automation/tags/queryParameter.feature:10
no step-definition method match found for: the application url 'www.google.com'
classpath:com/api/automation/getrequest/getRequest2.feature:5
no step-definition method match found for: the application url 'www.google.com'
classpath:com/api/automation/getrequest/getRequest2.feature:12
match failed: EQUALS
  $ | not equal | actual array length is not equal to expected - 118:1 (LIST:LIST)
  [{"jobId":1,"jobTitle":"Software Engg","jobDescription":"To develop andriod application","experience":["Google","Apple","Mobile Iron"],"project":[{"projectName":"Movie App","technology":["Kotlin","SQL Lite","Gradle"]}]},{"jobId":68,"jobTitle":"Software Engg-2","jobDescription":"To develop android application and web application","experience":["Google","Apple","Mobile Iron"],"project":[{"projectName":"Movie App","technology":["Kotlin","SQL Lite","Gradle","Jenkins"]},{"projectName":"Movie App","technology":["Kotlin","SQL Lite","Gradle","Jenkins"]}]},{"jobId":34,"jobTitle":"Software Engg-3","jobDescription":"To develop andriod application and web application","experience":["Google","Apple","Mobile Iron"],"project":[{"projectName":"Movie App","technology":["Kotlin","SQL Lite","Gradle","Jenkins"]},{"projectName":"Movie App","technology":["Kotlin","SQL Lite","Gradle","Jenkins"]}]},{"jobId":41,"jobTitle":"Software Engg-2","jobDescription":"To develop android application and web application","experience":["Google","Apple","Mobile Iron"],"project":[{"projectName":"Movie App","technology":["Kotlin","SQL Lite","Gradle","Jenkins"]},{"projectName":"Movie App","technology":["Kotlin","SQL Lite","Gradle","Jenkins"]}]},{"jobId":12,"jobTitle":"Software Engg-2","jobDescription":"To develop andriod application","experience":["Google","Apple","Mobile Iron"],"project":[{"projectName":"Movie App","technology":["Kotlin","SQL Lite","Gradle"]}]},{"jobId":73,"jobTitle":"Software Engg-3","jobDescription":"To develop andriod application and web application","experience":["Google","Apple","Mobile Iron"],"project":[{"projectName":"Movie App","technology":["Kotlin","SQL Lite","Gradle","Jenkins"]},{"projectName":"Movie App","technology":["Kotlin","SQL Lite","Gradle","Jenkins"]}]},{"jobId":99999,"jobTitle":"Software Engg-2","jobDescription":"To develop andriod application","experience":["Google","Apple","Mobile Iron"],"project":[{"projectName":"Movie App","technology":["Kotlin","SQL Lite","Gradle"]}]},{"jobId":38,"jobTitle":"Software Engg-3","jobDescription":"To develop andriod application and web application","experience":["Google","Apple","Mobile Iron"],"project":[{"projectName":"Movie App","technology":["Kotlin","SQL Lite","Gradle","Jenkins"]},{"projectName":"Movie App","technology":["Kotlin","SQL Lite","Gradle","Jenkins"]}]},{"jobId":96,"jobTitle":"Software Engg-3","jobDescription":"To develop andriod application and web application","experience":["Google","Apple","Mobile Iron"],"project":[{"projectName":"Movie App","technology":["Kotlin","SQL Lite","Gradle","Jenkins"]},{"projectName":"Movie App","technology":["Kotlin","SQL Lite","Gradle","Jenkins"]}]},{"jobId":48,"jobTitle":"Software Engg-2","jobDescription":"To develop andriod application","experience":["Google","Apple","Mobile Iron"],"project":[{"projectName":"Movie App","technology":["Kotlin","SQL Lite","Gradle"]}]},{"jobId":6,"jobTitle":"Software Engg-3","jobDescription":"To develop andriod application and web application","experience":["Google","Apple","Mobile Iron"],"project":[{"projectName":"Movie App","technology":["Kotlin","SQL Lite","Gradle","Jenkins"]},{"projectName":"Movie App","technology":["Kotlin","SQL Lite","Gradle","Jenkins"]}]},{"jobId":88,"jobTitle":"Software Engg-2","jobDescription":"To develop android application and web application","experience":["Google","Apple","Mobile Iron"],"project":[{"projectName":"Movie App","technology":["Kotlin","SQL Lite","Gradle"]}]},{"jobId":9,"jobTitle":"Software Engg-3","jobDescription":"To develop andriod application and web application","experience":["Google","Apple","Mobile Iron"],"project":[{"projectName":"Movie App","technology":["Kotlin","SQL Lite","Gradle","Jenkins"]},{"projectName":"Movie App","technology":["Kotlin","SQL Lite","Gradle","Jenkins"]}]},{"jobId":8,"jobTitle":"Software Engg-2","jobDescription":"To develop andriod application","experience":["Google","Apple","Mobile Iron"],"project":[{"projectName":"Movie App","technology":["Kotlin","SQL Lite","Gradle"]}]},{"jobId":7,"jobTitle":"Software Engg-3","jobDescription":"To develop andriod application and web application","experience":["Google","Apple","Mobile Iron"],"project":[{"projectName":"Movie App","technology":["Kotlin","SQL Lite","Gradle","Jenkins"]},{"projectName":"Movie App","technology":["Kotlin","SQL Lite","Gradle","Jenkins"]}]},{"jobId":13,"jobTitle":"Software Engg-2","jobDescription":"To develop andriod application","experience":["Google","Apple","Mobile Iron"],"project":[{"projectName":"Movie App","technology":["Kotlin","SQL Lite","Gradle"]}]},{"jobId":53,"jobTitle":"Software Engg-2","jobDescription":"To develop android application and web application","experience":["Google","Apple","Mobile Iron"],"project":[{"projectName":"Movie App","technology":["Kotlin","SQL Lite","Gradle"]}]},{"jobId":8,"jobTitle":"Software Engg-2","jobDescription":"To develop andriod application","experience":["Google","Apple","Mobile Iron"],"project":[{"projectName":"Movie App","technology":["Kotlin","SQL Lite","Gradle"]}]},{"jobId":8,"jobTitle":"Software Engg-2","jobDescription":"To develop andriod application","experience":["Google","Apple","Mobile Iron"],"project":[{"projectName":"Movie App","technology":["Kotlin","SQL Lite","Gradle"]}]},{"jobId":9980,"jobTitle":"Software Engg-2","jobDescription":"To develop android application","experience":["Google","Apple","Mobile Iron"],"project":[{"projectName":"Movie App","technology":["Kotlin","SQL Lite","Gradle"]}]},{"jobId":80,"jobTitle":"Software Engg-2","jobDescription":"To develop andriod application","experience":["Google","Apple","Mobile Iron"],"project":[{"projectName":"Movie App","technology":["Kotlin","SQL Lite","Gradle"]}]},{"jobId":49,"jobTitle":"Software Engg-2","jobDescription":"To develop android application and web application","experience":["Google","Apple","Mobile Iron"],"project":[{"projectName":"Movie App","technology":["Kotlin","SQL Lite","Gradle","Jenkins"]},{"projectName":"Movie App","technology":["Kotlin","SQL Lite","Gradle","Jenkins"]}]},{"jobId":82,"jobTitle":"Software Engg-3","jobDescription":"To develop andriod application and web application","experience":["Google","Apple","Mobile Iron"],"project":[{"projectName":"Movie App","technology":["Kotlin","SQL Lite","Gradle","Jenkins"]},{"projectName":"Movie App","technology":["Kotlin","SQL Lite","Gradle","Jenkins"]}]},{"jobId":45,"jobTitle":"Software Engg-3","jobDescription":"To develop andriod application and web application","experience":["Google","Apple","Mobile Iron"],"project":[{"projectName":"Movie App","technology":["Kotlin","SQL Lite","Gradle","Jenkins"]},{"projectName":"Movie App","technology":["Kotlin","SQL Lite","Gradle","Jenkins"]}]},{"jobId":26,"jobTitle":"Software Engg-2","jobDescription":"To develop andriod application","experience":["Google","Apple","Mobile Iron"],"project":[{"projectName":"Movie App","technology":["Kotlin","SQL Lite","Gradle"]}]},{"jobId":8,"jobTitle":"Software Engg-2","jobDescription":"To develop andriod application","experience":["Google","Apple","Mobile Iron"],"project":[{"projectName":"Movie App","technology":["Kotlin","SQL Lite","Gradle"]}]},{"jobId":75,"jobTitle":"Software Engg-2","jobDescription":"To develop andriod application","experience":["Google","Apple","Mobile Iron"],"project":[{"projectName":"Movie App","technology":["Kotlin","SQL Lite","Gradle"]}]},{"jobId":8,"jobTitle":"Software Engg-2","jobDescription":"To develop andriod application","experience":["Google","Apple","Mobile Iron"],"project":[{"projectName":"Movie App","technology":["Kotlin","SQL Lite","Gradle"]}]},{"jobId":9980,"jobTitle":"Software Engg-2","jobDescription":"To develop android application","experience":["Google","Apple","Mobile Iron"],"project":[{"projectName":"Movie App","technology":["Kotlin","SQL Lite","Gradle"]}]},{"jobId":84,"jobTitle":"Software Engg-2","jobDescription":"To develop andriod application","experience":["Google","Apple","Mobile Iron"],"project":[{"projectName":"Movie App","technology":["Kotlin","SQL Lite","Gradle"]}]},{"jobId":31,"jobTitle":"Software Engg-3","jobDescription":"To develop andriod application and web application","experience":["Google","Apple","Mobile Iron"],"project":[{"projectName":"Movie App","technology":["Kotlin","SQL Lite","Gradle","Jenkins"]},{"projectName":"Movie App","technology":["Kotlin","SQL Lite","Gradle","Jenkins"]}]},{"jobId":87,"jobTitle":"Software Engg-2","jobDescription":"To develop andriod application","experience":["Google","Apple","Mobile Iron"],"project":[{"projectName":"Movie App","technology":["Kotlin","SQL Lite","Gradle"]}]},{"jobId":93,"jobTitle":"Software Engg-3","jobDescription":"To develop andriod application and web application","experience":["Google","Apple","Mobile Iron"],"project":[{"projectName":"Movie App","technology":["Kotlin","SQL Lite","Gradle","Jenkins"]},{"projectName":"Movie App","technology":["Kotlin","SQL Lite","Gradle","Jenkins"]}]},{"jobId":53,"jobTitle":"Software Engg-2","jobDescription":"To develop andriod application","experience":["Google","Apple","Mobile Iron"],"project":[{"projectName":"Movie App","technology":["Kotlin","SQL Lite","Gradle"]}]},{"jobId":51,"jobTitle":"Software Engg-2","jobDescription":"To develop andriod application","experience":["Google","Apple","Mobile Iron"],"project":[{"projectName":"Movie App","technology":["Kotlin","SQL Lite","Gradle"]}]},{"jobId":19,"jobTitle":"Software Engg-2","jobDescription":"To develop andriod application","experience":["Google","Apple","Mobile Iron"],"project":[{"projectName":"Movie App","technology":["Kotlin","SQL Lite","Gradle"]}]},{"jobId":93,"jobTitle":"Software Engg-2","jobDescription":"To develop andriod application","experience":["Google","Apple","Mobile Iron"],"project":[{"projectName":"Movie App","technology":["Kotlin","SQL Lite","Gradle"]}]},{"jobId":32,"jobTitle":"Software Engg-2","jobDescription":"To develop android application and web application","experience":["Google","Apple","Mobile Iron"],"project":[{"projectName":"Movie App","technology":["Kotlin","SQL Lite","Gradle"]}]},{"jobId":71,"jobTitle":"Software Engg-2","jobDescription":"To develop android application and web application","experience":["Google","Apple","Mobile Iron"],"project":[{"projectName":"Movie App","technology":["Kotlin","SQL Lite","Gradle"]}]},{"jobId":23,"jobTitle":"Software Engg-2","jobDescription":"To develop android application and web application","experience":["Google","Apple","Mobile Iron"],"project":[{"projectName":"Movie App","technology":["Kotlin","SQL Lite","Gradle"]}]},{"jobId":31,"jobTitle":"Software Engg-2","jobDescription":"To develop andriod application","experience":["Google","Apple","Mobile Iron"],"project":[{"projectName":"Movie App","technology":["Kotlin","SQL Lite","Gradle"]}]},{"jobId":10,"jobTitle":"Software Engg-2","jobDescription":"To develop andriod application","experience":["Google","Apple","Mobile Iron"],"project":[{"projectName":"Movie App","technology":["Kotlin","SQL Lite","Gradle"]}]},{"jobId":8,"jobTitle":"Software Engg-2","jobDescription":"To develop andriod application","experience":["Google","Apple","Mobile Iron"],"project":[{"projectName":"Movie App","technology":["Kotlin","SQL Lite","Gradle"]}]},{"jobId":38,"jobTitle":"Software Engg-2","jobDescription":"To develop andriod application","experience":["Google","Apple","Mobile Iron"],"project":[{"projectName":"Movie App","technology":["Kotlin","SQL Lite","Gradle"]}]},{"jobId":8,"jobTitle":"Software Engg-2","jobDescription":"To develop andriod application","experience":["Google","Apple","Mobile Iron"],"project":[{"projectName":"Movie App","technology":["Kotlin","SQL Lite","Gradle"]}]},{"jobId":9980,"jobTitle":"Software Engg-2","jobDescription":"To develop android application","experience":["Google","Apple","Mobile Iron"],"project":[{"projectName":"Movie App","technology":["Kotlin","SQL Lite","Gradle"]}]},{"jobId":5,"jobTitle":"Software Engg-3","jobDescription":"To develop andriod application and web application","experience":["Google","Apple","Mobile Iron"],"project":[{"projectName":"Movie App","technology":["Kotlin","SQL Lite","Gradle","Jenkins"]},{"projectName":"Movie App","technology":["Kotlin","SQL Lite","Gradle","Jenkins"]}]},{"jobId":16,"jobTitle":"Software Engg-3","jobDescription":"To develop andriod application and web application","experience":["Google","Apple","Mobile Iron"],"project":[{"projectName":"Movie App","technology":["Kotlin","SQL Lite","Gradle","Jenkins"]},{"projectName":"Movie App","technology":["Kotlin","SQL Lite","Gradle","Jenkins"]}]},{"jobId":1,"jobTitle":"Software Engg-2","jobDescription":"To develop andriod application","experience":["Google","Apple","Mobile Iron"],"project":[{"projectName":"Movie App","technology":["Kotlin","SQL Lite","Gradle"]}]},{"jobId":7,"jobTitle":"Software Engg-2","jobDescription":"To develop andriod application","experience":["Google","Apple","Mobile Iron"],"project":[{"projectName":"Movie App","technology":["Kotlin","SQL Lite","Gradle"]}]},{"jobId":35,"jobTitle":"Software Engg-2","jobDescription":"To develop android application and web application","experience":["Google","Apple","Mobile Iron"],"project":[{"projectName":"Movie App","technology":["Kotlin","SQL Lite","Gradle"]}]},{"jobId":48,"jobTitle":"Software Engg-2","jobDescription":"To develop andriod application","experience":["Google","Apple","Mobile Iron"],"project":[{"projectName":"Movie App","technology":["Kotlin","SQL Lite","Gradle"]}]},{"jobId":2,"jobTitle":"Software Engg-2","jobDescription":"To develop andriod application","experience":["Google","Apple","Mobile Iron"],"project":[{"projectName":"Movie App","technology":["Kotlin","SQL Lite","Gradle"]}]},{"jobId":88,"jobTitle":"Software Engg-2","jobDescription":"To develop andriod application","experience":["Google","Apple","Mobile Iron"],"project":[{"projectName":"Movie App","technology":["Kotlin","SQL Lite","Gradle"]}]},{"jobId":21,"jobTitle":"Software Engg-2","jobDescription":"To develop andriod application","experience":["Google","Apple","Mobile Iron"],"project":[{"projectName":"Movie App","technology":["Kotlin","SQL Lite","Gradle"]}]},{"jobId":71,"jobTitle":"Software Engg-2","jobDescription":"To develop andriod application","experience":["Google","Apple","Mobile Iron"],"project":[{"projectName":"Movie App","technology":["Kotlin","SQL Lite","Gradle"]}]},{"jobId":8,"jobTitle":"Software Engg-2","jobDescription":"To develop andriod application","experience":["Google","Apple","Mobile Iron"],"project":[{"projectName":"Movie App","technology":["Kotlin","SQL Lite","Gradle"]}]},{"jobId":94,"jobTitle":"Software Engg-2","jobDescription":"To develop andriod application","experience":["Google","Apple","Mobile Iron"],"project":[{"projectName":"Movie App","technology":["Kotlin","SQL Lite","Gradle"]}]},{"jobId":8,"jobTitle":"Software Engg-2","jobDescription":"To develop andriod application","experience":["Google","Apple","Mobile Iron"],"project":[{"projectName":"Movie App","technology":["Kotlin","SQL Lite","Gradle"]}]},{"jobId":9980,"jobTitle":"Software Engg-2","jobDescription":"To develop android application","experience":["Google","Apple","Mobile Iron"],"project":[{"projectName":"Movie App","technology":["Kotlin","SQL Lite","Gradle"]}]},{"jobId":89,"jobTitle":"Software Engg-3","jobDescription":"To develop andriod application and web application","experience":["Google","Apple","Mobile Iron"],"project":[{"projectName":"Movie App","technology":["Kotlin","SQL Lite","Gradle","Jenkins"]},{"projectName":"Movie App","technology":["Kotlin","SQL Lite","Gradle","Jenkins"]}]},{"jobId":35,"jobTitle":"Software Engg-2","jobDescription":"To develop andriod application","experience":["Google","Apple","Mobile Iron"],"project":[{"projectName":"Movie App","technology":["Kotlin","SQL Lite","Gradle"]}]},{"jobId":77,"jobTitle":"Software Engg-2","jobDescription":"To develop android application and web application","experience":["Google","Apple","Mobile Iron"],"project":[{"projectName":"Movie App","technology":["Kotlin","SQL Lite","Gradle"]}]},{"jobId":50,"jobTitle":"Software Engg-3","jobDescription":"To develop andriod application and web application","experience":["Google","Apple","Mobile Iron"],"project":[{"projectName":"Movie App","technology":["Kotlin","SQL Lite","Gradle","Jenkins"]},{"projectName":"Movie App","technology":["Kotlin","SQL Lite","Gradle","Jenkins"]}]},{"jobId":33,"jobTitle":"Software Engg-2","jobDescription":"To develop andriod application","experience":["Google","Apple","Mobile Iron"],"project":[{"projectName":"Movie App","technology":["Kotlin","SQL Lite","Gradle"]}]},{"jobId":78,"jobTitle":"Software Engg-2","jobDescription":"To develop android application and web application","experience":["Google","Apple","Mobile Iron"],"project":[{"projectName":"Movie App","technology":["Kotlin","SQL Lite","Gradle"]}]},{"jobId":3,"jobTitle":"Software Engg-2","jobDescription":"To develop android application and web application","experience":["Google","Apple","Mobile Iron"],"project":[{"projectName":"Movie App","technology":["Kotlin","SQL Lite","Gradle"]}]},{"jobId":18,"jobTitle":"Software Engg-2","jobDescription":"To develop android application and web application","experience":["Google","Apple","Mobile Iron"],"project":[{"projectName":"Movie App","technology":["Kotlin","SQL Lite","Gradle"]}]},{"jobId":4,"jobTitle":"Software Engg-2","jobDescription":"To develop android application and web application","experience":["Google","Apple","Mobile Iron"],"project":[{"projectName":"Movie App","technology":["Kotlin","SQL Lite","Gradle"]}]},{"jobId":8,"jobTitle":"Software Engg-2","jobDescription":"To develop andriod application","experience":["Google","Apple","Mobile Iron"],"project":[{"projectName":"Movie App","technology":["Kotlin","SQL Lite","Gradle"]}]},{"jobId":9980,"jobTitle":"Software Engg-2","jobDescription":"To develop android application","experience":["Google","Apple","Mobile Iron"],"project":[{"projectName":"Movie App","technology":["Kotlin","SQL Lite","Gradle"]}]},{"jobId":8,"jobTitle":"Software Engg-2","jobDescription":"To develop andriod application","experience":["Google","Apple","Mobile Iron"],"project":[{"projectName":"Movie App","technology":["Kotlin","SQL Lite","Gradle"]}]},{"jobId":17,"jobTitle":"Software Engg-3","jobDescription":"To develop andriod application and web application","experience":["Google","Apple","Mobile Iron"],"project":[{"projectName":"Movie App","technology":["Kotlin","SQL Lite","Gradle","Jenkins"]},{"projectName":"Movie App","technology":["Kotlin","SQL Lite","Gradle","Jenkins"]}]},{"jobId":94,"jobTitle":"Software Engg-2","jobDescription":"To develop andriod application","experience":["Google","Apple","Mobile Iron"],"project":[{"projectName":"Movie App","technology":["Kotlin","SQL Lite","Gradle"]}]},{"jobId":83,"jobTitle":"Software Engg-3","jobDescription":"To develop andriod application and web application","experience":["Google","Apple","Mobile Iron"],"project":[{"projectName":"Movie App","technology":["Kotlin","SQL Lite","Gradle","Jenkins"]},{"projectName":"Movie App","technology":["Kotlin","SQL Lite","Gradle","Jenkins"]}]},{"jobId":75,"jobTitle":"Software Engg-2","jobDescription":"To develop andriod application","experience":["Google","Apple","Mobile Iron"],"project":[{"projectName":"Movie App","technology":["Kotlin","SQL Lite","Gradle"]}]},{"jobId":86,"jobTitle":"Software Engg-3","jobDescription":"To develop andriod application and web application","experience":["Google","Apple","Mobile Iron"],"project":[{"projectName":"Movie App","technology":["Kotlin","SQL Lite","Gradle","Jenkins"]},{"projectName":"Movie App","technology":["Kotlin","SQL Lite","Gradle","Jenkins"]}]},{"jobId":40,"jobTitle":"Software Engg-2","jobDescription":"To develop android application and web application","experience":["Google","Apple","Mobile Iron"],"project":[{"projectName":"Movie App","technology":["Kotlin","SQL Lite","Gradle"]}]},{"jobId":66,"jobTitle":"Software Engg-2","jobDescription":"To develop android application and web application","experience":["Google","Apple","Mobile Iron"],"project":[{"projectName":"Movie App","technology":["Kotlin","SQL Lite","Gradle"]}]},{"jobId":18,"jobTitle":"Software Engg-2","jobDescription":"To develop andriod application","experience":["Google","Apple","Mobile Iron"],"project":[{"projectName":"Movie App","technology":["Kotlin","SQL Lite","Gradle"]}]},{"jobId":42,"jobTitle":"Software Engg-2","jobDescription":"To develop andriod application","experience":["Google","Apple","Mobile Iron"],"project":[{"projectName":"Movie App","technology":["Kotlin","SQL Lite","Gradle"]}]},{"jobId":68,"jobTitle":"Software Engg-2","jobDescription":"To develop andriod application","experience":["Google","Apple","Mobile Iron"],"project":[{"projectName":"Movie App","technology":["Kotlin","SQL Lite","Gradle"]}]},{"jobId":96,"jobTitle":"Software Engg-2","jobDescription":"To develop andriod application","experience":["Google","Apple","Mobile Iron"],"project":[{"projectName":"Movie App","technology":["Kotlin","SQL Lite","Gradle"]}]},{"jobId":59,"jobTitle":"Software Engg-2","jobDescription":"To develop android application and web application","experience":["Google","Apple","Mobile Iron"],"project":[{"projectName":"Movie App","technology":["Kotlin","SQL Lite","Gradle"]}]},{"jobId":8,"jobTitle":"Software Engg-2","jobDescription":"To develop andriod application","experience":["Google","Apple","Mobile Iron"],"project":[{"projectName":"Movie App","technology":["Kotlin","SQL Lite","Gradle"]}]},{"jobId":32,"jobTitle":"Software Engg-2","jobDescription":"To develop andriod application","experience":["Google","Apple","Mobile Iron"],"project":[{"projectName":"Movie App","technology":["Kotlin","SQL Lite","Gradle"]}]},{"jobId":8,"jobTitle":"Software Engg-2","jobDescription":"To develop andriod application","experience":["Google","Apple","Mobile Iron"],"project":[{"projectName":"Movie App","technology":["Kotlin","SQL Lite","Gradle"]}]},{"jobId":9980,"jobTitle":"Software Engg-2","jobDescription":"To develop android application","experience":["Google","Apple","Mobile Iron"],"project":[{"projectName":"Movie App","technology":["Kotlin","SQL Lite","Gradle"]}]},{"jobId":6,"jobTitle":"Software Engg-2","jobDescription":"To develop andriod application","experience":["Google","Apple","Mobile Iron"],"project":[{"projectName":"Movie App","technology":["Kotlin","SQL Lite","Gradle"]}]},{"jobId":57,"jobTitle":"Software Engg-3","jobDescription":"To develop andriod application and web application","experience":["Google","Apple","Mobile Iron"],"project":[{"projectName":"Movie App","technology":["Kotlin","SQL Lite","Gradle","Jenkins"]},{"projectName":"Movie App","technology":["Kotlin","SQL Lite","Gradle","Jenkins"]}]},{"jobId":19,"jobTitle":"Software Engg-2","jobDescription":"To develop andriod application","experience":["Google","Apple","Mobile Iron"],"project":[{"projectName":"Movie App","technology":["Kotlin","SQL Lite","Gradle"]}]},{"jobId":29,"jobTitle":"Software Engg-3","jobDescription":"To develop andriod application and web application","experience":["Google","Apple","Mobile Iron"],"project":[{"projectName":"Movie App","technology":["Kotlin","SQL Lite","Gradle","Jenkins"]},{"projectName":"Movie App","technology":["Kotlin","SQL Lite","Gradle","Jenkins"]}]},{"jobId":90,"jobTitle":"Software Engg-2","jobDescription":"To develop android application and web application","experience":["Google","Apple","Mobile Iron"],"project":[{"projectName":"Movie App","technology":["Kotlin","SQL Lite","Gradle"]}]},{"jobId":60,"jobTitle":"Software Engg-3","jobDescription":"To develop andriod application and web application","experience":["Google","Apple","Mobile Iron"],"project":[{"projectName":"Movie App","technology":["Kotlin","SQL Lite","Gradle","Jenkins"]},{"projectName":"Movie App","technology":["Kotlin","SQL Lite","Gradle","Jenkins"]}]},{"jobId":92,"jobTitle":"Software Engg-2","jobDescription":"To develop android application and web application","experience":["Google","Apple","Mobile Iron"],"project":[{"projectName":"Movie App","technology":["Kotlin","SQL Lite","Gradle"]}]},{"jobId":90,"jobTitle":"Software Engg-2","jobDescription":"To develop andriod application","experience":["Google","Apple","Mobile Iron"],"project":[{"projectName":"Movie App","technology":["Kotlin","SQL Lite","Gradle"]}]},{"jobId":25,"jobTitle":"Software Engg-2","jobDescription":"To develop andriod application","experience":["Google","Apple","Mobile Iron"],"project":[{"projectName":"Movie App","technology":["Kotlin","SQL Lite","Gradle"]}]},{"jobId":0,"jobTitle":"Software Engg-2","jobDescription":"To develop android application and web application","experience":["Google","Apple","Mobile Iron"],"project":[{"projectName":"Movie App","technology":["Kotlin","SQL Lite","Gradle"]}]},{"jobId":53,"jobTitle":"Software Engg-2","jobDescription":"To develop andriod application","experience":["Google","Apple","Mobile Iron"],"project":[{"projectName":"Movie App","technology":["Kotlin","SQL Lite","Gradle"]}]},{"jobId":37,"jobTitle":"Software Engg-2","jobDescription":"To develop android application and web application","experience":["Google","Apple","Mobile Iron"],"project":[{"projectName":"Movie App","technology":["Kotlin","SQL Lite","Gradle"]}]},{"jobId":41,"jobTitle":"Software Engg-2","jobDescription":"To develop andriod application","experience":["Google","Apple","Mobile Iron"],"project":[{"projectName":"Movie App","technology":["Kotlin","SQL Lite","Gradle"]}]},{"jobId":40,"jobTitle":"Software Engg-2","jobDescription":"To develop andriod application","experience":["Google","Apple","Mobile Iron"],"project":[{"projectName":"Movie App","technology":["Kotlin","SQL Lite","Gradle"]}]},{"jobId":0,"jobTitle":"Software Engg-2","jobDescription":"To develop andriod application","experience":["Google","Apple","Mobile Iron"],"project":[{"projectName":"Movie App","technology":["Kotlin","SQL Lite","Gradle"]}]},{"jobId":76,"jobTitle":"Software Engg-2","jobDescription":"To develop andriod application","experience":["Google","Apple","Mobile Iron"],"project":[{"projectName":"Movie App","technology":["Kotlin","SQL Lite","Gradle"]}]},{"jobId":49,"jobTitle":"Software Engg-2","jobDescription":"To develop andriod application","experience":["Google","Apple","Mobile Iron"],"project":[{"projectName":"Movie App","technology":["Kotlin","SQL Lite","Gradle"]}]},{"jobId":9980,"jobTitle":"Software Engg-2","jobDescription":"To develop android application","experience":["Google","Apple","Mobile Iron"],"project":[{"projectName":"Movie App","technology":["Kotlin","SQL Lite","Gradle"]}]},{"jobId":8,"jobTitle":"Software Engg-2","jobDescription":"To develop andriod application","experience":["Google","Apple","Mobile Iron"],"project":[{"projectName":"Movie App","technology":["Kotlin","SQL Lite","Gradle"]}]},{"jobId":79,"jobTitle":"Software Engg-2","jobDescription":"To develop andriod application","experience":["Google","Apple","Mobile Iron"],"project":[{"projectName":"Movie App","technology":["Kotlin","SQL Lite","Gradle"]}]},{"jobId":8,"jobTitle":"Software Engg-2","jobDescription":"To develop andriod application","experience":["Google","Apple","Mobile Iron"],"project":[{"projectName":"Movie App","technology":["Kotlin","SQL Lite","Gradle"]}]},{"jobId":39,"jobTitle":"Software Engg-3","jobDescription":"To develop andriod application and web application","experience":["Google","Apple","Mobile Iron"],"project":[{"projectName":"Movie App","technology":["Kotlin","SQL Lite","Gradle","Jenkins"]},{"projectName":"Movie App","technology":["Kotlin","SQL Lite","Gradle","Jenkins"]}]},{"jobId":96,"jobTitle":"Software Engg-2","jobDescription":"To develop andriod application","experience":["Google","Apple","Mobile Iron"],"project":[{"projectName":"Movie App","technology":["Kotlin","SQL Lite","Gradle"]}]},{"jobId":28,"jobTitle":"Software Engg-3","jobDescription":"To develop andriod application and web application","experience":["Google","Apple","Mobile Iron"],"project":[{"projectName":"Movie App","technology":["Kotlin","SQL Lite","Gradle","Jenkins"]},{"projectName":"Movie App","technology":["Kotlin","SQL Lite","Gradle","Jenkins"]}]},{"jobId":80,"jobTitle":"Software Engg-2","jobDescription":"To develop andriod application","experience":["Google","Apple","Mobile Iron"],"project":[{"projectName":"Movie App","technology":["Kotlin","SQL Lite","Gradle"]}]},{"jobId":130,"jobTitle":"Software Engg-3","jobDescription":"To develop andriod application and web application","experience":["Google","Apple","Mobile Iron"],"project":[{"projectName":"Movie App","technology":["Kotlin","SQL Lite","Gradle","Jenkins"]},{"projectName":"Movie App","technology":["Kotlin","SQL Lite","Gradle","Jenkins"]}]},{"jobId":74,"jobTitle":"Software Engg-3","jobDescription":"To develop andriod application and web application","experience":["Google","Apple","Mobile Iron"],"project":[{"projectName":"Movie App","technology":["Kotlin","SQL Lite","Gradle","Jenkins"]},{"projectName":"Movie App","technology":["Kotlin","SQL Lite","Gradle","Jenkins"]}]},{"jobId":10,"jobTitle":"Software Engg-2","jobDescription":"To develop andriod application","experience":["Google","Apple","Mobile Iron"],"project":[{"projectName":"Movie App","technology":["Kotlin","SQL Lite","Gradle"]}]},{"jobId":77,"jobTitle":"Software Engg-2","jobDescription":"To develop andriod application","experience":["Google","Apple","Mobile Iron"],"project":[{"projectName":"Movie App","technology":["Kotlin","SQL Lite","Gradle"]}]},{"jobId":26,"jobTitle":"Software Engg-2","jobDescription":"To develop andriod application","experience":["Google","Apple","Mobile Iron"],"project":[{"projectName":"Movie App","technology":["Kotlin","SQL Lite","Gradle"]}]}]
  [{"jobId":1,"jobTitle":"Software Engg","jobDescription":"To develop andriod application","experience":["Google","Apple","Mobile Iron"],"project":[{"projectName":"Movie App","technology":["Kotlin","SQL Lite","Gradle"]}]}]


classpath:com/api/automation/getrequest/responseMatcher.feature:17
<<<

HTML report: (paste into browser to view) | Karate version: 1.1.0
file:///C:/Users/002WFY744/eclipse-workspace/karateframework/target/karate-reports/karate-summary.html
===================================================================

Total Feature==>25
Total Scenario==>48
Total Pass Scenarios==>36
]]></system-out>
  </testcase>
</testsuite>